[2025-12-04T18:17:56.949+0500] {processor.py:161} INFO - Started process (PID=11667) to work on /Library/Frameworks/Python.framework/Versions/3.11/lib/python3.11/site-packages/airflow/example_dags/subdags/subdag.py
[2025-12-04T18:17:56.950+0500] {processor.py:830} INFO - Processing file /Library/Frameworks/Python.framework/Versions/3.11/lib/python3.11/site-packages/airflow/example_dags/subdags/subdag.py for tasks to queue
[2025-12-04T18:17:56.950+0500] {logging_mixin.py:188} INFO - [2025-12-04T18:17:56.950+0500] {dagbag.py:545} INFO - Filling up the DagBag from /Library/Frameworks/Python.framework/Versions/3.11/lib/python3.11/site-packages/airflow/example_dags/subdags/subdag.py
[2025-12-04T18:17:56.956+0500] {processor.py:842} WARNING - No viable dags retrieved from /Library/Frameworks/Python.framework/Versions/3.11/lib/python3.11/site-packages/airflow/example_dags/subdags/subdag.py
[2025-12-04T18:17:57.041+0500] {processor.py:183} INFO - Processing /Library/Frameworks/Python.framework/Versions/3.11/lib/python3.11/site-packages/airflow/example_dags/subdags/subdag.py took 0.095 seconds
[2025-12-04T18:20:51.297+0500] {processor.py:161} INFO - Started process (PID=11760) to work on /Library/Frameworks/Python.framework/Versions/3.11/lib/python3.11/site-packages/airflow/example_dags/subdags/subdag.py
[2025-12-04T18:20:51.299+0500] {processor.py:830} INFO - Processing file /Library/Frameworks/Python.framework/Versions/3.11/lib/python3.11/site-packages/airflow/example_dags/subdags/subdag.py for tasks to queue
[2025-12-04T18:20:51.300+0500] {logging_mixin.py:188} INFO - [2025-12-04T18:20:51.300+0500] {dagbag.py:545} INFO - Filling up the DagBag from /Library/Frameworks/Python.framework/Versions/3.11/lib/python3.11/site-packages/airflow/example_dags/subdags/subdag.py
[2025-12-04T18:20:51.306+0500] {processor.py:842} WARNING - No viable dags retrieved from /Library/Frameworks/Python.framework/Versions/3.11/lib/python3.11/site-packages/airflow/example_dags/subdags/subdag.py
[2025-12-04T18:20:51.394+0500] {processor.py:183} INFO - Processing /Library/Frameworks/Python.framework/Versions/3.11/lib/python3.11/site-packages/airflow/example_dags/subdags/subdag.py took 0.100 seconds
[2025-12-04T18:22:56.742+0500] {processor.py:161} INFO - Started process (PID=11849) to work on /Library/Frameworks/Python.framework/Versions/3.11/lib/python3.11/site-packages/airflow/example_dags/subdags/subdag.py
[2025-12-04T18:22:56.744+0500] {processor.py:830} INFO - Processing file /Library/Frameworks/Python.framework/Versions/3.11/lib/python3.11/site-packages/airflow/example_dags/subdags/subdag.py for tasks to queue
[2025-12-04T18:22:56.745+0500] {logging_mixin.py:188} INFO - [2025-12-04T18:22:56.745+0500] {dagbag.py:545} INFO - Filling up the DagBag from /Library/Frameworks/Python.framework/Versions/3.11/lib/python3.11/site-packages/airflow/example_dags/subdags/subdag.py
[2025-12-04T18:22:56.749+0500] {processor.py:842} WARNING - No viable dags retrieved from /Library/Frameworks/Python.framework/Versions/3.11/lib/python3.11/site-packages/airflow/example_dags/subdags/subdag.py
[2025-12-04T18:22:56.830+0500] {processor.py:183} INFO - Processing /Library/Frameworks/Python.framework/Versions/3.11/lib/python3.11/site-packages/airflow/example_dags/subdags/subdag.py took 0.090 seconds
[2025-12-04T18:24:53.674+0500] {processor.py:161} INFO - Started process (PID=11913) to work on /Library/Frameworks/Python.framework/Versions/3.11/lib/python3.11/site-packages/airflow/example_dags/subdags/subdag.py
[2025-12-04T18:24:53.676+0500] {processor.py:830} INFO - Processing file /Library/Frameworks/Python.framework/Versions/3.11/lib/python3.11/site-packages/airflow/example_dags/subdags/subdag.py for tasks to queue
[2025-12-04T18:24:53.677+0500] {logging_mixin.py:188} INFO - [2025-12-04T18:24:53.677+0500] {dagbag.py:545} INFO - Filling up the DagBag from /Library/Frameworks/Python.framework/Versions/3.11/lib/python3.11/site-packages/airflow/example_dags/subdags/subdag.py
[2025-12-04T18:24:53.681+0500] {processor.py:842} WARNING - No viable dags retrieved from /Library/Frameworks/Python.framework/Versions/3.11/lib/python3.11/site-packages/airflow/example_dags/subdags/subdag.py
[2025-12-04T18:24:53.764+0500] {processor.py:183} INFO - Processing /Library/Frameworks/Python.framework/Versions/3.11/lib/python3.11/site-packages/airflow/example_dags/subdags/subdag.py took 0.092 seconds
[2025-12-04T18:27:05.960+0500] {processor.py:161} INFO - Started process (PID=12035) to work on /Library/Frameworks/Python.framework/Versions/3.11/lib/python3.11/site-packages/airflow/example_dags/subdags/subdag.py
[2025-12-04T18:27:05.962+0500] {processor.py:830} INFO - Processing file /Library/Frameworks/Python.framework/Versions/3.11/lib/python3.11/site-packages/airflow/example_dags/subdags/subdag.py for tasks to queue
[2025-12-04T18:27:05.963+0500] {logging_mixin.py:188} INFO - [2025-12-04T18:27:05.963+0500] {dagbag.py:545} INFO - Filling up the DagBag from /Library/Frameworks/Python.framework/Versions/3.11/lib/python3.11/site-packages/airflow/example_dags/subdags/subdag.py
[2025-12-04T18:27:05.970+0500] {processor.py:842} WARNING - No viable dags retrieved from /Library/Frameworks/Python.framework/Versions/3.11/lib/python3.11/site-packages/airflow/example_dags/subdags/subdag.py
[2025-12-04T18:27:06.072+0500] {processor.py:183} INFO - Processing /Library/Frameworks/Python.framework/Versions/3.11/lib/python3.11/site-packages/airflow/example_dags/subdags/subdag.py took 0.116 seconds
[2025-12-04T18:29:34.653+0500] {processor.py:161} INFO - Started process (PID=12160) to work on /Library/Frameworks/Python.framework/Versions/3.11/lib/python3.11/site-packages/airflow/example_dags/subdags/subdag.py
[2025-12-04T18:29:34.655+0500] {processor.py:830} INFO - Processing file /Library/Frameworks/Python.framework/Versions/3.11/lib/python3.11/site-packages/airflow/example_dags/subdags/subdag.py for tasks to queue
[2025-12-04T18:29:34.656+0500] {logging_mixin.py:188} INFO - [2025-12-04T18:29:34.656+0500] {dagbag.py:545} INFO - Filling up the DagBag from /Library/Frameworks/Python.framework/Versions/3.11/lib/python3.11/site-packages/airflow/example_dags/subdags/subdag.py
[2025-12-04T18:29:34.663+0500] {processor.py:842} WARNING - No viable dags retrieved from /Library/Frameworks/Python.framework/Versions/3.11/lib/python3.11/site-packages/airflow/example_dags/subdags/subdag.py
[2025-12-04T18:29:34.756+0500] {processor.py:183} INFO - Processing /Library/Frameworks/Python.framework/Versions/3.11/lib/python3.11/site-packages/airflow/example_dags/subdags/subdag.py took 0.106 seconds
[2025-12-04T18:31:59.649+0500] {processor.py:161} INFO - Started process (PID=12244) to work on /Library/Frameworks/Python.framework/Versions/3.11/lib/python3.11/site-packages/airflow/example_dags/subdags/subdag.py
[2025-12-04T18:31:59.651+0500] {processor.py:830} INFO - Processing file /Library/Frameworks/Python.framework/Versions/3.11/lib/python3.11/site-packages/airflow/example_dags/subdags/subdag.py for tasks to queue
[2025-12-04T18:31:59.653+0500] {logging_mixin.py:188} INFO - [2025-12-04T18:31:59.652+0500] {dagbag.py:545} INFO - Filling up the DagBag from /Library/Frameworks/Python.framework/Versions/3.11/lib/python3.11/site-packages/airflow/example_dags/subdags/subdag.py
[2025-12-04T18:31:59.658+0500] {processor.py:842} WARNING - No viable dags retrieved from /Library/Frameworks/Python.framework/Versions/3.11/lib/python3.11/site-packages/airflow/example_dags/subdags/subdag.py
[2025-12-04T18:31:59.770+0500] {processor.py:183} INFO - Processing /Library/Frameworks/Python.framework/Versions/3.11/lib/python3.11/site-packages/airflow/example_dags/subdags/subdag.py took 0.123 seconds
[2025-12-04T18:34:25.718+0500] {processor.py:161} INFO - Started process (PID=12378) to work on /Library/Frameworks/Python.framework/Versions/3.11/lib/python3.11/site-packages/airflow/example_dags/subdags/subdag.py
[2025-12-04T18:34:25.720+0500] {processor.py:830} INFO - Processing file /Library/Frameworks/Python.framework/Versions/3.11/lib/python3.11/site-packages/airflow/example_dags/subdags/subdag.py for tasks to queue
[2025-12-04T18:34:25.721+0500] {logging_mixin.py:188} INFO - [2025-12-04T18:34:25.721+0500] {dagbag.py:545} INFO - Filling up the DagBag from /Library/Frameworks/Python.framework/Versions/3.11/lib/python3.11/site-packages/airflow/example_dags/subdags/subdag.py
[2025-12-04T18:34:25.727+0500] {processor.py:842} WARNING - No viable dags retrieved from /Library/Frameworks/Python.framework/Versions/3.11/lib/python3.11/site-packages/airflow/example_dags/subdags/subdag.py
[2025-12-04T18:34:25.819+0500] {processor.py:183} INFO - Processing /Library/Frameworks/Python.framework/Versions/3.11/lib/python3.11/site-packages/airflow/example_dags/subdags/subdag.py took 0.104 seconds
[2025-12-04T18:36:27.555+0500] {processor.py:161} INFO - Started process (PID=12452) to work on /Library/Frameworks/Python.framework/Versions/3.11/lib/python3.11/site-packages/airflow/example_dags/subdags/subdag.py
[2025-12-04T18:36:27.557+0500] {processor.py:830} INFO - Processing file /Library/Frameworks/Python.framework/Versions/3.11/lib/python3.11/site-packages/airflow/example_dags/subdags/subdag.py for tasks to queue
[2025-12-04T18:36:27.558+0500] {logging_mixin.py:188} INFO - [2025-12-04T18:36:27.558+0500] {dagbag.py:545} INFO - Filling up the DagBag from /Library/Frameworks/Python.framework/Versions/3.11/lib/python3.11/site-packages/airflow/example_dags/subdags/subdag.py
[2025-12-04T18:36:27.563+0500] {processor.py:842} WARNING - No viable dags retrieved from /Library/Frameworks/Python.framework/Versions/3.11/lib/python3.11/site-packages/airflow/example_dags/subdags/subdag.py
[2025-12-04T18:36:27.645+0500] {processor.py:183} INFO - Processing /Library/Frameworks/Python.framework/Versions/3.11/lib/python3.11/site-packages/airflow/example_dags/subdags/subdag.py took 0.093 seconds
[2025-12-04T18:38:18.983+0500] {processor.py:161} INFO - Started process (PID=12518) to work on /Library/Frameworks/Python.framework/Versions/3.11/lib/python3.11/site-packages/airflow/example_dags/subdags/subdag.py
[2025-12-04T18:38:18.985+0500] {processor.py:830} INFO - Processing file /Library/Frameworks/Python.framework/Versions/3.11/lib/python3.11/site-packages/airflow/example_dags/subdags/subdag.py for tasks to queue
[2025-12-04T18:38:18.986+0500] {logging_mixin.py:188} INFO - [2025-12-04T18:38:18.985+0500] {dagbag.py:545} INFO - Filling up the DagBag from /Library/Frameworks/Python.framework/Versions/3.11/lib/python3.11/site-packages/airflow/example_dags/subdags/subdag.py
[2025-12-04T18:38:18.989+0500] {processor.py:842} WARNING - No viable dags retrieved from /Library/Frameworks/Python.framework/Versions/3.11/lib/python3.11/site-packages/airflow/example_dags/subdags/subdag.py
[2025-12-04T18:38:19.070+0500] {processor.py:183} INFO - Processing /Library/Frameworks/Python.framework/Versions/3.11/lib/python3.11/site-packages/airflow/example_dags/subdags/subdag.py took 0.090 seconds
[2025-12-04T18:40:13.394+0500] {processor.py:161} INFO - Started process (PID=12589) to work on /Library/Frameworks/Python.framework/Versions/3.11/lib/python3.11/site-packages/airflow/example_dags/subdags/subdag.py
[2025-12-04T18:40:13.398+0500] {processor.py:830} INFO - Processing file /Library/Frameworks/Python.framework/Versions/3.11/lib/python3.11/site-packages/airflow/example_dags/subdags/subdag.py for tasks to queue
[2025-12-04T18:40:13.399+0500] {logging_mixin.py:188} INFO - [2025-12-04T18:40:13.398+0500] {dagbag.py:545} INFO - Filling up the DagBag from /Library/Frameworks/Python.framework/Versions/3.11/lib/python3.11/site-packages/airflow/example_dags/subdags/subdag.py
[2025-12-04T18:40:13.404+0500] {processor.py:842} WARNING - No viable dags retrieved from /Library/Frameworks/Python.framework/Versions/3.11/lib/python3.11/site-packages/airflow/example_dags/subdags/subdag.py
[2025-12-04T18:40:13.544+0500] {processor.py:183} INFO - Processing /Library/Frameworks/Python.framework/Versions/3.11/lib/python3.11/site-packages/airflow/example_dags/subdags/subdag.py took 0.156 seconds
[2025-12-04T18:42:24.160+0500] {processor.py:161} INFO - Started process (PID=12690) to work on /Library/Frameworks/Python.framework/Versions/3.11/lib/python3.11/site-packages/airflow/example_dags/subdags/subdag.py
[2025-12-04T18:42:24.162+0500] {processor.py:830} INFO - Processing file /Library/Frameworks/Python.framework/Versions/3.11/lib/python3.11/site-packages/airflow/example_dags/subdags/subdag.py for tasks to queue
[2025-12-04T18:42:24.167+0500] {logging_mixin.py:188} INFO - [2025-12-04T18:42:24.163+0500] {dagbag.py:545} INFO - Filling up the DagBag from /Library/Frameworks/Python.framework/Versions/3.11/lib/python3.11/site-packages/airflow/example_dags/subdags/subdag.py
[2025-12-04T18:42:24.173+0500] {processor.py:842} WARNING - No viable dags retrieved from /Library/Frameworks/Python.framework/Versions/3.11/lib/python3.11/site-packages/airflow/example_dags/subdags/subdag.py
[2025-12-04T18:42:24.293+0500] {processor.py:183} INFO - Processing /Library/Frameworks/Python.framework/Versions/3.11/lib/python3.11/site-packages/airflow/example_dags/subdags/subdag.py took 0.137 seconds
[2025-12-04T18:44:40.838+0500] {processor.py:161} INFO - Started process (PID=12781) to work on /Library/Frameworks/Python.framework/Versions/3.11/lib/python3.11/site-packages/airflow/example_dags/subdags/subdag.py
[2025-12-04T18:44:40.840+0500] {processor.py:830} INFO - Processing file /Library/Frameworks/Python.framework/Versions/3.11/lib/python3.11/site-packages/airflow/example_dags/subdags/subdag.py for tasks to queue
[2025-12-04T18:44:40.841+0500] {logging_mixin.py:188} INFO - [2025-12-04T18:44:40.841+0500] {dagbag.py:545} INFO - Filling up the DagBag from /Library/Frameworks/Python.framework/Versions/3.11/lib/python3.11/site-packages/airflow/example_dags/subdags/subdag.py
[2025-12-04T18:44:40.846+0500] {processor.py:842} WARNING - No viable dags retrieved from /Library/Frameworks/Python.framework/Versions/3.11/lib/python3.11/site-packages/airflow/example_dags/subdags/subdag.py
[2025-12-04T18:44:40.927+0500] {processor.py:183} INFO - Processing /Library/Frameworks/Python.framework/Versions/3.11/lib/python3.11/site-packages/airflow/example_dags/subdags/subdag.py took 0.092 seconds
[2025-12-04T18:46:37.160+0500] {processor.py:161} INFO - Started process (PID=12864) to work on /Library/Frameworks/Python.framework/Versions/3.11/lib/python3.11/site-packages/airflow/example_dags/subdags/subdag.py
[2025-12-04T18:46:37.163+0500] {processor.py:830} INFO - Processing file /Library/Frameworks/Python.framework/Versions/3.11/lib/python3.11/site-packages/airflow/example_dags/subdags/subdag.py for tasks to queue
[2025-12-04T18:46:37.164+0500] {logging_mixin.py:188} INFO - [2025-12-04T18:46:37.163+0500] {dagbag.py:545} INFO - Filling up the DagBag from /Library/Frameworks/Python.framework/Versions/3.11/lib/python3.11/site-packages/airflow/example_dags/subdags/subdag.py
[2025-12-04T18:46:37.170+0500] {processor.py:842} WARNING - No viable dags retrieved from /Library/Frameworks/Python.framework/Versions/3.11/lib/python3.11/site-packages/airflow/example_dags/subdags/subdag.py
[2025-12-04T18:46:37.252+0500] {processor.py:183} INFO - Processing /Library/Frameworks/Python.framework/Versions/3.11/lib/python3.11/site-packages/airflow/example_dags/subdags/subdag.py took 0.094 seconds
[2025-12-04T18:48:42.472+0500] {processor.py:161} INFO - Started process (PID=12932) to work on /Library/Frameworks/Python.framework/Versions/3.11/lib/python3.11/site-packages/airflow/example_dags/subdags/subdag.py
[2025-12-04T18:48:42.474+0500] {processor.py:830} INFO - Processing file /Library/Frameworks/Python.framework/Versions/3.11/lib/python3.11/site-packages/airflow/example_dags/subdags/subdag.py for tasks to queue
[2025-12-04T18:48:42.475+0500] {logging_mixin.py:188} INFO - [2025-12-04T18:48:42.475+0500] {dagbag.py:545} INFO - Filling up the DagBag from /Library/Frameworks/Python.framework/Versions/3.11/lib/python3.11/site-packages/airflow/example_dags/subdags/subdag.py
[2025-12-04T18:48:42.480+0500] {processor.py:842} WARNING - No viable dags retrieved from /Library/Frameworks/Python.framework/Versions/3.11/lib/python3.11/site-packages/airflow/example_dags/subdags/subdag.py
[2025-12-04T18:48:42.571+0500] {processor.py:183} INFO - Processing /Library/Frameworks/Python.framework/Versions/3.11/lib/python3.11/site-packages/airflow/example_dags/subdags/subdag.py took 0.104 seconds
[2025-12-04T18:50:58.137+0500] {processor.py:161} INFO - Started process (PID=13002) to work on /Library/Frameworks/Python.framework/Versions/3.11/lib/python3.11/site-packages/airflow/example_dags/subdags/subdag.py
[2025-12-04T18:50:58.139+0500] {processor.py:830} INFO - Processing file /Library/Frameworks/Python.framework/Versions/3.11/lib/python3.11/site-packages/airflow/example_dags/subdags/subdag.py for tasks to queue
[2025-12-04T18:50:58.140+0500] {logging_mixin.py:188} INFO - [2025-12-04T18:50:58.140+0500] {dagbag.py:545} INFO - Filling up the DagBag from /Library/Frameworks/Python.framework/Versions/3.11/lib/python3.11/site-packages/airflow/example_dags/subdags/subdag.py
[2025-12-04T18:50:58.145+0500] {processor.py:842} WARNING - No viable dags retrieved from /Library/Frameworks/Python.framework/Versions/3.11/lib/python3.11/site-packages/airflow/example_dags/subdags/subdag.py
[2025-12-04T18:50:58.226+0500] {processor.py:183} INFO - Processing /Library/Frameworks/Python.framework/Versions/3.11/lib/python3.11/site-packages/airflow/example_dags/subdags/subdag.py took 0.092 seconds
[2025-12-04T18:53:19.244+0500] {processor.py:161} INFO - Started process (PID=13106) to work on /Library/Frameworks/Python.framework/Versions/3.11/lib/python3.11/site-packages/airflow/example_dags/subdags/subdag.py
[2025-12-04T18:53:19.246+0500] {processor.py:830} INFO - Processing file /Library/Frameworks/Python.framework/Versions/3.11/lib/python3.11/site-packages/airflow/example_dags/subdags/subdag.py for tasks to queue
[2025-12-04T18:53:19.247+0500] {logging_mixin.py:188} INFO - [2025-12-04T18:53:19.247+0500] {dagbag.py:545} INFO - Filling up the DagBag from /Library/Frameworks/Python.framework/Versions/3.11/lib/python3.11/site-packages/airflow/example_dags/subdags/subdag.py
[2025-12-04T18:53:19.251+0500] {processor.py:842} WARNING - No viable dags retrieved from /Library/Frameworks/Python.framework/Versions/3.11/lib/python3.11/site-packages/airflow/example_dags/subdags/subdag.py
[2025-12-04T18:53:19.334+0500] {processor.py:183} INFO - Processing /Library/Frameworks/Python.framework/Versions/3.11/lib/python3.11/site-packages/airflow/example_dags/subdags/subdag.py took 0.092 seconds
[2025-12-04T18:55:29.136+0500] {processor.py:161} INFO - Started process (PID=13185) to work on /Library/Frameworks/Python.framework/Versions/3.11/lib/python3.11/site-packages/airflow/example_dags/subdags/subdag.py
[2025-12-04T18:55:29.139+0500] {processor.py:830} INFO - Processing file /Library/Frameworks/Python.framework/Versions/3.11/lib/python3.11/site-packages/airflow/example_dags/subdags/subdag.py for tasks to queue
[2025-12-04T18:55:29.140+0500] {logging_mixin.py:188} INFO - [2025-12-04T18:55:29.139+0500] {dagbag.py:545} INFO - Filling up the DagBag from /Library/Frameworks/Python.framework/Versions/3.11/lib/python3.11/site-packages/airflow/example_dags/subdags/subdag.py
[2025-12-04T18:55:29.145+0500] {processor.py:842} WARNING - No viable dags retrieved from /Library/Frameworks/Python.framework/Versions/3.11/lib/python3.11/site-packages/airflow/example_dags/subdags/subdag.py
[2025-12-04T18:55:29.231+0500] {processor.py:183} INFO - Processing /Library/Frameworks/Python.framework/Versions/3.11/lib/python3.11/site-packages/airflow/example_dags/subdags/subdag.py took 0.097 seconds
[2025-12-04T19:32:32.012+0500] {processor.py:161} INFO - Started process (PID=14533) to work on /Library/Frameworks/Python.framework/Versions/3.11/lib/python3.11/site-packages/airflow/example_dags/subdags/subdag.py
[2025-12-04T19:32:32.014+0500] {processor.py:830} INFO - Processing file /Library/Frameworks/Python.framework/Versions/3.11/lib/python3.11/site-packages/airflow/example_dags/subdags/subdag.py for tasks to queue
[2025-12-04T19:32:32.015+0500] {logging_mixin.py:188} INFO - [2025-12-04T19:32:32.015+0500] {dagbag.py:545} INFO - Filling up the DagBag from /Library/Frameworks/Python.framework/Versions/3.11/lib/python3.11/site-packages/airflow/example_dags/subdags/subdag.py
[2025-12-04T19:32:32.020+0500] {processor.py:842} WARNING - No viable dags retrieved from /Library/Frameworks/Python.framework/Versions/3.11/lib/python3.11/site-packages/airflow/example_dags/subdags/subdag.py
[2025-12-04T19:32:32.111+0500] {processor.py:183} INFO - Processing /Library/Frameworks/Python.framework/Versions/3.11/lib/python3.11/site-packages/airflow/example_dags/subdags/subdag.py took 0.102 seconds
[2025-12-04T19:35:29.150+0500] {processor.py:161} INFO - Started process (PID=14653) to work on /Library/Frameworks/Python.framework/Versions/3.11/lib/python3.11/site-packages/airflow/example_dags/subdags/subdag.py
[2025-12-04T19:35:29.152+0500] {processor.py:830} INFO - Processing file /Library/Frameworks/Python.framework/Versions/3.11/lib/python3.11/site-packages/airflow/example_dags/subdags/subdag.py for tasks to queue
[2025-12-04T19:35:29.153+0500] {logging_mixin.py:188} INFO - [2025-12-04T19:35:29.153+0500] {dagbag.py:545} INFO - Filling up the DagBag from /Library/Frameworks/Python.framework/Versions/3.11/lib/python3.11/site-packages/airflow/example_dags/subdags/subdag.py
[2025-12-04T19:35:29.158+0500] {processor.py:842} WARNING - No viable dags retrieved from /Library/Frameworks/Python.framework/Versions/3.11/lib/python3.11/site-packages/airflow/example_dags/subdags/subdag.py
[2025-12-04T19:35:29.241+0500] {processor.py:183} INFO - Processing /Library/Frameworks/Python.framework/Versions/3.11/lib/python3.11/site-packages/airflow/example_dags/subdags/subdag.py took 0.093 seconds
[2025-12-04T19:37:56.364+0500] {processor.py:161} INFO - Started process (PID=14755) to work on /Library/Frameworks/Python.framework/Versions/3.11/lib/python3.11/site-packages/airflow/example_dags/subdags/subdag.py
[2025-12-04T19:37:56.367+0500] {processor.py:830} INFO - Processing file /Library/Frameworks/Python.framework/Versions/3.11/lib/python3.11/site-packages/airflow/example_dags/subdags/subdag.py for tasks to queue
[2025-12-04T19:37:56.368+0500] {logging_mixin.py:188} INFO - [2025-12-04T19:37:56.368+0500] {dagbag.py:545} INFO - Filling up the DagBag from /Library/Frameworks/Python.framework/Versions/3.11/lib/python3.11/site-packages/airflow/example_dags/subdags/subdag.py
[2025-12-04T19:37:56.371+0500] {processor.py:842} WARNING - No viable dags retrieved from /Library/Frameworks/Python.framework/Versions/3.11/lib/python3.11/site-packages/airflow/example_dags/subdags/subdag.py
[2025-12-04T19:37:56.469+0500] {processor.py:183} INFO - Processing /Library/Frameworks/Python.framework/Versions/3.11/lib/python3.11/site-packages/airflow/example_dags/subdags/subdag.py took 0.107 seconds
[2025-12-04T19:39:57.380+0500] {processor.py:161} INFO - Started process (PID=14833) to work on /Library/Frameworks/Python.framework/Versions/3.11/lib/python3.11/site-packages/airflow/example_dags/subdags/subdag.py
[2025-12-04T19:39:57.382+0500] {processor.py:830} INFO - Processing file /Library/Frameworks/Python.framework/Versions/3.11/lib/python3.11/site-packages/airflow/example_dags/subdags/subdag.py for tasks to queue
[2025-12-04T19:39:57.383+0500] {logging_mixin.py:188} INFO - [2025-12-04T19:39:57.383+0500] {dagbag.py:545} INFO - Filling up the DagBag from /Library/Frameworks/Python.framework/Versions/3.11/lib/python3.11/site-packages/airflow/example_dags/subdags/subdag.py
[2025-12-04T19:39:57.388+0500] {processor.py:842} WARNING - No viable dags retrieved from /Library/Frameworks/Python.framework/Versions/3.11/lib/python3.11/site-packages/airflow/example_dags/subdags/subdag.py
[2025-12-04T19:39:57.509+0500] {processor.py:183} INFO - Processing /Library/Frameworks/Python.framework/Versions/3.11/lib/python3.11/site-packages/airflow/example_dags/subdags/subdag.py took 0.132 seconds
[2025-12-04T19:42:15.260+0500] {processor.py:161} INFO - Started process (PID=14916) to work on /Library/Frameworks/Python.framework/Versions/3.11/lib/python3.11/site-packages/airflow/example_dags/subdags/subdag.py
[2025-12-04T19:42:15.262+0500] {processor.py:830} INFO - Processing file /Library/Frameworks/Python.framework/Versions/3.11/lib/python3.11/site-packages/airflow/example_dags/subdags/subdag.py for tasks to queue
[2025-12-04T19:42:15.263+0500] {logging_mixin.py:188} INFO - [2025-12-04T19:42:15.263+0500] {dagbag.py:545} INFO - Filling up the DagBag from /Library/Frameworks/Python.framework/Versions/3.11/lib/python3.11/site-packages/airflow/example_dags/subdags/subdag.py
[2025-12-04T19:42:15.270+0500] {processor.py:842} WARNING - No viable dags retrieved from /Library/Frameworks/Python.framework/Versions/3.11/lib/python3.11/site-packages/airflow/example_dags/subdags/subdag.py
[2025-12-04T19:42:15.372+0500] {processor.py:183} INFO - Processing /Library/Frameworks/Python.framework/Versions/3.11/lib/python3.11/site-packages/airflow/example_dags/subdags/subdag.py took 0.115 seconds
[2025-12-04T19:44:31.365+0500] {processor.py:161} INFO - Started process (PID=14986) to work on /Library/Frameworks/Python.framework/Versions/3.11/lib/python3.11/site-packages/airflow/example_dags/subdags/subdag.py
[2025-12-04T19:44:31.368+0500] {processor.py:830} INFO - Processing file /Library/Frameworks/Python.framework/Versions/3.11/lib/python3.11/site-packages/airflow/example_dags/subdags/subdag.py for tasks to queue
[2025-12-04T19:44:31.370+0500] {logging_mixin.py:188} INFO - [2025-12-04T19:44:31.369+0500] {dagbag.py:545} INFO - Filling up the DagBag from /Library/Frameworks/Python.framework/Versions/3.11/lib/python3.11/site-packages/airflow/example_dags/subdags/subdag.py
[2025-12-04T19:44:31.373+0500] {processor.py:842} WARNING - No viable dags retrieved from /Library/Frameworks/Python.framework/Versions/3.11/lib/python3.11/site-packages/airflow/example_dags/subdags/subdag.py
[2025-12-04T19:44:31.470+0500] {processor.py:183} INFO - Processing /Library/Frameworks/Python.framework/Versions/3.11/lib/python3.11/site-packages/airflow/example_dags/subdags/subdag.py took 0.108 seconds
[2025-12-04T19:46:59.073+0500] {processor.py:161} INFO - Started process (PID=15085) to work on /Library/Frameworks/Python.framework/Versions/3.11/lib/python3.11/site-packages/airflow/example_dags/subdags/subdag.py
[2025-12-04T19:46:59.075+0500] {processor.py:830} INFO - Processing file /Library/Frameworks/Python.framework/Versions/3.11/lib/python3.11/site-packages/airflow/example_dags/subdags/subdag.py for tasks to queue
[2025-12-04T19:46:59.076+0500] {logging_mixin.py:188} INFO - [2025-12-04T19:46:59.075+0500] {dagbag.py:545} INFO - Filling up the DagBag from /Library/Frameworks/Python.framework/Versions/3.11/lib/python3.11/site-packages/airflow/example_dags/subdags/subdag.py
[2025-12-04T19:46:59.081+0500] {processor.py:842} WARNING - No viable dags retrieved from /Library/Frameworks/Python.framework/Versions/3.11/lib/python3.11/site-packages/airflow/example_dags/subdags/subdag.py
[2025-12-04T19:46:59.164+0500] {processor.py:183} INFO - Processing /Library/Frameworks/Python.framework/Versions/3.11/lib/python3.11/site-packages/airflow/example_dags/subdags/subdag.py took 0.094 seconds
[2025-12-04T19:49:13.269+0500] {processor.py:161} INFO - Started process (PID=15161) to work on /Library/Frameworks/Python.framework/Versions/3.11/lib/python3.11/site-packages/airflow/example_dags/subdags/subdag.py
[2025-12-04T19:49:13.271+0500] {processor.py:830} INFO - Processing file /Library/Frameworks/Python.framework/Versions/3.11/lib/python3.11/site-packages/airflow/example_dags/subdags/subdag.py for tasks to queue
[2025-12-04T19:49:13.272+0500] {logging_mixin.py:188} INFO - [2025-12-04T19:49:13.271+0500] {dagbag.py:545} INFO - Filling up the DagBag from /Library/Frameworks/Python.framework/Versions/3.11/lib/python3.11/site-packages/airflow/example_dags/subdags/subdag.py
[2025-12-04T19:49:13.277+0500] {processor.py:842} WARNING - No viable dags retrieved from /Library/Frameworks/Python.framework/Versions/3.11/lib/python3.11/site-packages/airflow/example_dags/subdags/subdag.py
[2025-12-04T19:49:13.359+0500] {processor.py:183} INFO - Processing /Library/Frameworks/Python.framework/Versions/3.11/lib/python3.11/site-packages/airflow/example_dags/subdags/subdag.py took 0.093 seconds
[2025-12-04T19:51:10.050+0500] {processor.py:161} INFO - Started process (PID=15226) to work on /Library/Frameworks/Python.framework/Versions/3.11/lib/python3.11/site-packages/airflow/example_dags/subdags/subdag.py
[2025-12-04T19:51:10.053+0500] {processor.py:830} INFO - Processing file /Library/Frameworks/Python.framework/Versions/3.11/lib/python3.11/site-packages/airflow/example_dags/subdags/subdag.py for tasks to queue
[2025-12-04T19:51:10.054+0500] {logging_mixin.py:188} INFO - [2025-12-04T19:51:10.054+0500] {dagbag.py:545} INFO - Filling up the DagBag from /Library/Frameworks/Python.framework/Versions/3.11/lib/python3.11/site-packages/airflow/example_dags/subdags/subdag.py
[2025-12-04T19:51:10.061+0500] {processor.py:842} WARNING - No viable dags retrieved from /Library/Frameworks/Python.framework/Versions/3.11/lib/python3.11/site-packages/airflow/example_dags/subdags/subdag.py
[2025-12-04T19:51:10.143+0500] {processor.py:183} INFO - Processing /Library/Frameworks/Python.framework/Versions/3.11/lib/python3.11/site-packages/airflow/example_dags/subdags/subdag.py took 0.096 seconds
[2025-12-04T19:53:11.306+0500] {processor.py:161} INFO - Started process (PID=15342) to work on /Library/Frameworks/Python.framework/Versions/3.11/lib/python3.11/site-packages/airflow/example_dags/subdags/subdag.py
[2025-12-04T19:53:11.308+0500] {processor.py:830} INFO - Processing file /Library/Frameworks/Python.framework/Versions/3.11/lib/python3.11/site-packages/airflow/example_dags/subdags/subdag.py for tasks to queue
[2025-12-04T19:53:11.309+0500] {logging_mixin.py:188} INFO - [2025-12-04T19:53:11.309+0500] {dagbag.py:545} INFO - Filling up the DagBag from /Library/Frameworks/Python.framework/Versions/3.11/lib/python3.11/site-packages/airflow/example_dags/subdags/subdag.py
[2025-12-04T19:53:11.313+0500] {processor.py:842} WARNING - No viable dags retrieved from /Library/Frameworks/Python.framework/Versions/3.11/lib/python3.11/site-packages/airflow/example_dags/subdags/subdag.py
[2025-12-04T19:53:11.397+0500] {processor.py:183} INFO - Processing /Library/Frameworks/Python.framework/Versions/3.11/lib/python3.11/site-packages/airflow/example_dags/subdags/subdag.py took 0.093 seconds
[2025-12-04T19:55:03.627+0500] {processor.py:161} INFO - Started process (PID=15405) to work on /Library/Frameworks/Python.framework/Versions/3.11/lib/python3.11/site-packages/airflow/example_dags/subdags/subdag.py
[2025-12-04T19:55:03.629+0500] {processor.py:830} INFO - Processing file /Library/Frameworks/Python.framework/Versions/3.11/lib/python3.11/site-packages/airflow/example_dags/subdags/subdag.py for tasks to queue
[2025-12-04T19:55:03.631+0500] {logging_mixin.py:188} INFO - [2025-12-04T19:55:03.630+0500] {dagbag.py:545} INFO - Filling up the DagBag from /Library/Frameworks/Python.framework/Versions/3.11/lib/python3.11/site-packages/airflow/example_dags/subdags/subdag.py
[2025-12-04T19:55:03.637+0500] {processor.py:842} WARNING - No viable dags retrieved from /Library/Frameworks/Python.framework/Versions/3.11/lib/python3.11/site-packages/airflow/example_dags/subdags/subdag.py
[2025-12-04T19:55:03.723+0500] {processor.py:183} INFO - Processing /Library/Frameworks/Python.framework/Versions/3.11/lib/python3.11/site-packages/airflow/example_dags/subdags/subdag.py took 0.099 seconds
[2025-12-04T19:56:57.484+0500] {processor.py:161} INFO - Started process (PID=15467) to work on /Library/Frameworks/Python.framework/Versions/3.11/lib/python3.11/site-packages/airflow/example_dags/subdags/subdag.py
[2025-12-04T19:56:57.486+0500] {processor.py:830} INFO - Processing file /Library/Frameworks/Python.framework/Versions/3.11/lib/python3.11/site-packages/airflow/example_dags/subdags/subdag.py for tasks to queue
[2025-12-04T19:56:57.487+0500] {logging_mixin.py:188} INFO - [2025-12-04T19:56:57.486+0500] {dagbag.py:545} INFO - Filling up the DagBag from /Library/Frameworks/Python.framework/Versions/3.11/lib/python3.11/site-packages/airflow/example_dags/subdags/subdag.py
[2025-12-04T19:56:57.492+0500] {processor.py:842} WARNING - No viable dags retrieved from /Library/Frameworks/Python.framework/Versions/3.11/lib/python3.11/site-packages/airflow/example_dags/subdags/subdag.py
[2025-12-04T19:56:57.589+0500] {processor.py:183} INFO - Processing /Library/Frameworks/Python.framework/Versions/3.11/lib/python3.11/site-packages/airflow/example_dags/subdags/subdag.py took 0.109 seconds
[2025-12-04T20:40:34.786+0500] {processor.py:161} INFO - Started process (PID=15552) to work on /Library/Frameworks/Python.framework/Versions/3.11/lib/python3.11/site-packages/airflow/example_dags/subdags/subdag.py
[2025-12-04T20:40:34.788+0500] {processor.py:830} INFO - Processing file /Library/Frameworks/Python.framework/Versions/3.11/lib/python3.11/site-packages/airflow/example_dags/subdags/subdag.py for tasks to queue
[2025-12-04T20:40:34.789+0500] {logging_mixin.py:188} INFO - [2025-12-04T20:40:34.789+0500] {dagbag.py:545} INFO - Filling up the DagBag from /Library/Frameworks/Python.framework/Versions/3.11/lib/python3.11/site-packages/airflow/example_dags/subdags/subdag.py
[2025-12-04T20:40:34.793+0500] {processor.py:842} WARNING - No viable dags retrieved from /Library/Frameworks/Python.framework/Versions/3.11/lib/python3.11/site-packages/airflow/example_dags/subdags/subdag.py
[2025-12-04T20:40:34.927+0500] {processor.py:183} INFO - Processing /Library/Frameworks/Python.framework/Versions/3.11/lib/python3.11/site-packages/airflow/example_dags/subdags/subdag.py took 0.147 seconds
[2025-12-04T20:43:39.009+0500] {processor.py:161} INFO - Started process (PID=15723) to work on /Library/Frameworks/Python.framework/Versions/3.11/lib/python3.11/site-packages/airflow/example_dags/subdags/subdag.py
[2025-12-04T20:43:39.011+0500] {processor.py:830} INFO - Processing file /Library/Frameworks/Python.framework/Versions/3.11/lib/python3.11/site-packages/airflow/example_dags/subdags/subdag.py for tasks to queue
[2025-12-04T20:43:39.012+0500] {logging_mixin.py:188} INFO - [2025-12-04T20:43:39.012+0500] {dagbag.py:545} INFO - Filling up the DagBag from /Library/Frameworks/Python.framework/Versions/3.11/lib/python3.11/site-packages/airflow/example_dags/subdags/subdag.py
[2025-12-04T20:43:39.017+0500] {processor.py:842} WARNING - No viable dags retrieved from /Library/Frameworks/Python.framework/Versions/3.11/lib/python3.11/site-packages/airflow/example_dags/subdags/subdag.py
[2025-12-04T20:43:39.116+0500] {processor.py:183} INFO - Processing /Library/Frameworks/Python.framework/Versions/3.11/lib/python3.11/site-packages/airflow/example_dags/subdags/subdag.py took 0.111 seconds
[2025-12-04T20:46:22.588+0500] {processor.py:161} INFO - Started process (PID=15824) to work on /Library/Frameworks/Python.framework/Versions/3.11/lib/python3.11/site-packages/airflow/example_dags/subdags/subdag.py
[2025-12-04T20:46:22.590+0500] {processor.py:830} INFO - Processing file /Library/Frameworks/Python.framework/Versions/3.11/lib/python3.11/site-packages/airflow/example_dags/subdags/subdag.py for tasks to queue
[2025-12-04T20:46:22.591+0500] {logging_mixin.py:188} INFO - [2025-12-04T20:46:22.591+0500] {dagbag.py:545} INFO - Filling up the DagBag from /Library/Frameworks/Python.framework/Versions/3.11/lib/python3.11/site-packages/airflow/example_dags/subdags/subdag.py
[2025-12-04T20:46:22.594+0500] {processor.py:842} WARNING - No viable dags retrieved from /Library/Frameworks/Python.framework/Versions/3.11/lib/python3.11/site-packages/airflow/example_dags/subdags/subdag.py
[2025-12-04T20:46:22.677+0500] {processor.py:183} INFO - Processing /Library/Frameworks/Python.framework/Versions/3.11/lib/python3.11/site-packages/airflow/example_dags/subdags/subdag.py took 0.091 seconds
[2025-12-04T20:48:33.771+0500] {processor.py:161} INFO - Started process (PID=15893) to work on /Library/Frameworks/Python.framework/Versions/3.11/lib/python3.11/site-packages/airflow/example_dags/subdags/subdag.py
[2025-12-04T20:48:33.772+0500] {processor.py:830} INFO - Processing file /Library/Frameworks/Python.framework/Versions/3.11/lib/python3.11/site-packages/airflow/example_dags/subdags/subdag.py for tasks to queue
[2025-12-04T20:48:33.773+0500] {logging_mixin.py:188} INFO - [2025-12-04T20:48:33.772+0500] {dagbag.py:545} INFO - Filling up the DagBag from /Library/Frameworks/Python.framework/Versions/3.11/lib/python3.11/site-packages/airflow/example_dags/subdags/subdag.py
[2025-12-04T20:48:33.777+0500] {processor.py:842} WARNING - No viable dags retrieved from /Library/Frameworks/Python.framework/Versions/3.11/lib/python3.11/site-packages/airflow/example_dags/subdags/subdag.py
[2025-12-04T20:48:33.876+0500] {processor.py:183} INFO - Processing /Library/Frameworks/Python.framework/Versions/3.11/lib/python3.11/site-packages/airflow/example_dags/subdags/subdag.py took 0.110 seconds
