[2025-12-04T18:20:30.404+0500] {processor.py:161} INFO - Started process (PID=11750) to work on /Library/Frameworks/Python.framework/Versions/3.11/lib/python3.11/site-packages/airflow/example_dags/example_branch_operator.py
[2025-12-04T18:20:30.405+0500] {processor.py:830} INFO - Processing file /Library/Frameworks/Python.framework/Versions/3.11/lib/python3.11/site-packages/airflow/example_dags/example_branch_operator.py for tasks to queue
[2025-12-04T18:20:30.406+0500] {logging_mixin.py:188} INFO - [2025-12-04T18:20:30.406+0500] {dagbag.py:545} INFO - Filling up the DagBag from /Library/Frameworks/Python.framework/Versions/3.11/lib/python3.11/site-packages/airflow/example_dags/example_branch_operator.py
[2025-12-04T18:20:30.445+0500] {processor.py:840} INFO - DAG(s) 'example_branch_operator' retrieved from /Library/Frameworks/Python.framework/Versions/3.11/lib/python3.11/site-packages/airflow/example_dags/example_branch_operator.py
[2025-12-04T18:20:30.731+0500] {logging_mixin.py:188} INFO - [2025-12-04T18:20:30.730+0500] {override.py:1858} INFO - Created Permission View: can read on DAG:example_branch_operator
[2025-12-04T18:20:30.742+0500] {logging_mixin.py:188} INFO - [2025-12-04T18:20:30.741+0500] {override.py:1858} INFO - Created Permission View: can edit on DAG:example_branch_operator
[2025-12-04T18:20:30.750+0500] {logging_mixin.py:188} INFO - [2025-12-04T18:20:30.749+0500] {override.py:1858} INFO - Created Permission View: can delete on DAG:example_branch_operator
[2025-12-04T18:20:30.750+0500] {logging_mixin.py:188} INFO - [2025-12-04T18:20:30.750+0500] {dag.py:3089} INFO - Sync 1 DAGs
[2025-12-04T18:20:30.760+0500] {logging_mixin.py:188} INFO - [2025-12-04T18:20:30.760+0500] {dag.py:3111} INFO - Creating ORM DAG for example_branch_operator
[2025-12-04T18:20:30.769+0500] {logging_mixin.py:188} INFO - [2025-12-04T18:20:30.769+0500] {dag.py:3947} INFO - Setting next_dagrun for example_branch_operator to 2025-12-03 00:00:00+00:00, run_after=2025-12-04 00:00:00+00:00
[2025-12-04T18:20:30.791+0500] {processor.py:183} INFO - Processing /Library/Frameworks/Python.framework/Versions/3.11/lib/python3.11/site-packages/airflow/example_dags/example_branch_operator.py took 0.390 seconds
[2025-12-04T18:24:35.854+0500] {processor.py:161} INFO - Started process (PID=11903) to work on /Library/Frameworks/Python.framework/Versions/3.11/lib/python3.11/site-packages/airflow/example_dags/example_branch_operator.py
[2025-12-04T18:24:35.857+0500] {processor.py:830} INFO - Processing file /Library/Frameworks/Python.framework/Versions/3.11/lib/python3.11/site-packages/airflow/example_dags/example_branch_operator.py for tasks to queue
[2025-12-04T18:24:35.858+0500] {logging_mixin.py:188} INFO - [2025-12-04T18:24:35.857+0500] {dagbag.py:545} INFO - Filling up the DagBag from /Library/Frameworks/Python.framework/Versions/3.11/lib/python3.11/site-packages/airflow/example_dags/example_branch_operator.py
[2025-12-04T18:24:35.905+0500] {processor.py:840} INFO - DAG(s) 'example_branch_operator' retrieved from /Library/Frameworks/Python.framework/Versions/3.11/lib/python3.11/site-packages/airflow/example_dags/example_branch_operator.py
[2025-12-04T18:24:36.164+0500] {logging_mixin.py:188} INFO - [2025-12-04T18:24:36.164+0500] {dag.py:3089} INFO - Sync 1 DAGs
[2025-12-04T18:24:36.180+0500] {logging_mixin.py:188} INFO - [2025-12-04T18:24:36.180+0500] {dag.py:3947} INFO - Setting next_dagrun for example_branch_operator to 2025-12-03 00:00:00+00:00, run_after=2025-12-04 00:00:00+00:00
[2025-12-04T18:24:36.203+0500] {processor.py:183} INFO - Processing /Library/Frameworks/Python.framework/Versions/3.11/lib/python3.11/site-packages/airflow/example_dags/example_branch_operator.py took 0.351 seconds
[2025-12-04T18:29:13.096+0500] {processor.py:161} INFO - Started process (PID=12130) to work on /Library/Frameworks/Python.framework/Versions/3.11/lib/python3.11/site-packages/airflow/example_dags/example_branch_operator.py
[2025-12-04T18:29:13.099+0500] {processor.py:830} INFO - Processing file /Library/Frameworks/Python.framework/Versions/3.11/lib/python3.11/site-packages/airflow/example_dags/example_branch_operator.py for tasks to queue
[2025-12-04T18:29:13.100+0500] {logging_mixin.py:188} INFO - [2025-12-04T18:29:13.100+0500] {dagbag.py:545} INFO - Filling up the DagBag from /Library/Frameworks/Python.framework/Versions/3.11/lib/python3.11/site-packages/airflow/example_dags/example_branch_operator.py
[2025-12-04T18:29:13.157+0500] {processor.py:840} INFO - DAG(s) 'example_branch_operator' retrieved from /Library/Frameworks/Python.framework/Versions/3.11/lib/python3.11/site-packages/airflow/example_dags/example_branch_operator.py
[2025-12-04T18:29:13.550+0500] {logging_mixin.py:188} INFO - [2025-12-04T18:29:13.549+0500] {dag.py:3089} INFO - Sync 1 DAGs
[2025-12-04T18:29:13.572+0500] {logging_mixin.py:188} INFO - [2025-12-04T18:29:13.572+0500] {dag.py:3947} INFO - Setting next_dagrun for example_branch_operator to 2025-12-03 00:00:00+00:00, run_after=2025-12-04 00:00:00+00:00
[2025-12-04T18:29:13.604+0500] {processor.py:183} INFO - Processing /Library/Frameworks/Python.framework/Versions/3.11/lib/python3.11/site-packages/airflow/example_dags/example_branch_operator.py took 0.512 seconds
[2025-12-04T18:34:06.946+0500] {processor.py:161} INFO - Started process (PID=12355) to work on /Library/Frameworks/Python.framework/Versions/3.11/lib/python3.11/site-packages/airflow/example_dags/example_branch_operator.py
[2025-12-04T18:34:06.948+0500] {processor.py:830} INFO - Processing file /Library/Frameworks/Python.framework/Versions/3.11/lib/python3.11/site-packages/airflow/example_dags/example_branch_operator.py for tasks to queue
[2025-12-04T18:34:06.949+0500] {logging_mixin.py:188} INFO - [2025-12-04T18:34:06.948+0500] {dagbag.py:545} INFO - Filling up the DagBag from /Library/Frameworks/Python.framework/Versions/3.11/lib/python3.11/site-packages/airflow/example_dags/example_branch_operator.py
[2025-12-04T18:34:07.001+0500] {processor.py:840} INFO - DAG(s) 'example_branch_operator' retrieved from /Library/Frameworks/Python.framework/Versions/3.11/lib/python3.11/site-packages/airflow/example_dags/example_branch_operator.py
[2025-12-04T18:34:07.405+0500] {logging_mixin.py:188} INFO - [2025-12-04T18:34:07.404+0500] {dag.py:3089} INFO - Sync 1 DAGs
[2025-12-04T18:34:07.424+0500] {logging_mixin.py:188} INFO - [2025-12-04T18:34:07.424+0500] {dag.py:3947} INFO - Setting next_dagrun for example_branch_operator to 2025-12-03 00:00:00+00:00, run_after=2025-12-04 00:00:00+00:00
[2025-12-04T18:34:07.457+0500] {processor.py:183} INFO - Processing /Library/Frameworks/Python.framework/Versions/3.11/lib/python3.11/site-packages/airflow/example_dags/example_branch_operator.py took 0.515 seconds
[2025-12-04T18:38:01.258+0500] {processor.py:161} INFO - Started process (PID=12507) to work on /Library/Frameworks/Python.framework/Versions/3.11/lib/python3.11/site-packages/airflow/example_dags/example_branch_operator.py
[2025-12-04T18:38:01.260+0500] {processor.py:830} INFO - Processing file /Library/Frameworks/Python.framework/Versions/3.11/lib/python3.11/site-packages/airflow/example_dags/example_branch_operator.py for tasks to queue
[2025-12-04T18:38:01.261+0500] {logging_mixin.py:188} INFO - [2025-12-04T18:38:01.261+0500] {dagbag.py:545} INFO - Filling up the DagBag from /Library/Frameworks/Python.framework/Versions/3.11/lib/python3.11/site-packages/airflow/example_dags/example_branch_operator.py
[2025-12-04T18:38:01.297+0500] {processor.py:840} INFO - DAG(s) 'example_branch_operator' retrieved from /Library/Frameworks/Python.framework/Versions/3.11/lib/python3.11/site-packages/airflow/example_dags/example_branch_operator.py
[2025-12-04T18:38:01.555+0500] {logging_mixin.py:188} INFO - [2025-12-04T18:38:01.555+0500] {dag.py:3089} INFO - Sync 1 DAGs
[2025-12-04T18:38:01.572+0500] {logging_mixin.py:188} INFO - [2025-12-04T18:38:01.572+0500] {dag.py:3947} INFO - Setting next_dagrun for example_branch_operator to 2025-12-03 00:00:00+00:00, run_after=2025-12-04 00:00:00+00:00
[2025-12-04T18:38:01.595+0500] {processor.py:183} INFO - Processing /Library/Frameworks/Python.framework/Versions/3.11/lib/python3.11/site-packages/airflow/example_dags/example_branch_operator.py took 0.340 seconds
[2025-12-04T18:42:03.964+0500] {processor.py:161} INFO - Started process (PID=12680) to work on /Library/Frameworks/Python.framework/Versions/3.11/lib/python3.11/site-packages/airflow/example_dags/example_branch_operator.py
[2025-12-04T18:42:03.966+0500] {processor.py:830} INFO - Processing file /Library/Frameworks/Python.framework/Versions/3.11/lib/python3.11/site-packages/airflow/example_dags/example_branch_operator.py for tasks to queue
[2025-12-04T18:42:03.967+0500] {logging_mixin.py:188} INFO - [2025-12-04T18:42:03.966+0500] {dagbag.py:545} INFO - Filling up the DagBag from /Library/Frameworks/Python.framework/Versions/3.11/lib/python3.11/site-packages/airflow/example_dags/example_branch_operator.py
[2025-12-04T18:42:04.006+0500] {processor.py:840} INFO - DAG(s) 'example_branch_operator' retrieved from /Library/Frameworks/Python.framework/Versions/3.11/lib/python3.11/site-packages/airflow/example_dags/example_branch_operator.py
[2025-12-04T18:42:04.391+0500] {logging_mixin.py:188} INFO - [2025-12-04T18:42:04.383+0500] {dag.py:3089} INFO - Sync 1 DAGs
[2025-12-04T18:42:04.419+0500] {logging_mixin.py:188} INFO - [2025-12-04T18:42:04.419+0500] {dag.py:3947} INFO - Setting next_dagrun for example_branch_operator to 2025-12-03 00:00:00+00:00, run_after=2025-12-04 00:00:00+00:00
[2025-12-04T18:42:04.449+0500] {processor.py:183} INFO - Processing /Library/Frameworks/Python.framework/Versions/3.11/lib/python3.11/site-packages/airflow/example_dags/example_branch_operator.py took 0.490 seconds
[2025-12-04T18:46:18.693+0500] {processor.py:161} INFO - Started process (PID=12848) to work on /Library/Frameworks/Python.framework/Versions/3.11/lib/python3.11/site-packages/airflow/example_dags/example_branch_operator.py
[2025-12-04T18:46:18.695+0500] {processor.py:830} INFO - Processing file /Library/Frameworks/Python.framework/Versions/3.11/lib/python3.11/site-packages/airflow/example_dags/example_branch_operator.py for tasks to queue
[2025-12-04T18:46:18.696+0500] {logging_mixin.py:188} INFO - [2025-12-04T18:46:18.696+0500] {dagbag.py:545} INFO - Filling up the DagBag from /Library/Frameworks/Python.framework/Versions/3.11/lib/python3.11/site-packages/airflow/example_dags/example_branch_operator.py
[2025-12-04T18:46:18.735+0500] {processor.py:840} INFO - DAG(s) 'example_branch_operator' retrieved from /Library/Frameworks/Python.framework/Versions/3.11/lib/python3.11/site-packages/airflow/example_dags/example_branch_operator.py
[2025-12-04T18:46:19.018+0500] {logging_mixin.py:188} INFO - [2025-12-04T18:46:19.018+0500] {dag.py:3089} INFO - Sync 1 DAGs
[2025-12-04T18:46:19.040+0500] {logging_mixin.py:188} INFO - [2025-12-04T18:46:19.040+0500] {dag.py:3947} INFO - Setting next_dagrun for example_branch_operator to 2025-12-03 00:00:00+00:00, run_after=2025-12-04 00:00:00+00:00
[2025-12-04T18:46:19.069+0500] {processor.py:183} INFO - Processing /Library/Frameworks/Python.framework/Versions/3.11/lib/python3.11/site-packages/airflow/example_dags/example_branch_operator.py took 0.379 seconds
[2025-12-04T18:50:40.837+0500] {processor.py:161} INFO - Started process (PID=12993) to work on /Library/Frameworks/Python.framework/Versions/3.11/lib/python3.11/site-packages/airflow/example_dags/example_branch_operator.py
[2025-12-04T18:50:40.840+0500] {processor.py:830} INFO - Processing file /Library/Frameworks/Python.framework/Versions/3.11/lib/python3.11/site-packages/airflow/example_dags/example_branch_operator.py for tasks to queue
[2025-12-04T18:50:40.841+0500] {logging_mixin.py:188} INFO - [2025-12-04T18:50:40.840+0500] {dagbag.py:545} INFO - Filling up the DagBag from /Library/Frameworks/Python.framework/Versions/3.11/lib/python3.11/site-packages/airflow/example_dags/example_branch_operator.py
[2025-12-04T18:50:40.889+0500] {processor.py:840} INFO - DAG(s) 'example_branch_operator' retrieved from /Library/Frameworks/Python.framework/Versions/3.11/lib/python3.11/site-packages/airflow/example_dags/example_branch_operator.py
[2025-12-04T18:50:41.181+0500] {logging_mixin.py:188} INFO - [2025-12-04T18:50:41.181+0500] {dag.py:3089} INFO - Sync 1 DAGs
[2025-12-04T18:50:41.201+0500] {logging_mixin.py:188} INFO - [2025-12-04T18:50:41.201+0500] {dag.py:3947} INFO - Setting next_dagrun for example_branch_operator to 2025-12-03 00:00:00+00:00, run_after=2025-12-04 00:00:00+00:00
[2025-12-04T18:50:41.226+0500] {processor.py:183} INFO - Processing /Library/Frameworks/Python.framework/Versions/3.11/lib/python3.11/site-packages/airflow/example_dags/example_branch_operator.py took 0.392 seconds
[2025-12-04T18:55:06.733+0500] {processor.py:161} INFO - Started process (PID=13175) to work on /Library/Frameworks/Python.framework/Versions/3.11/lib/python3.11/site-packages/airflow/example_dags/example_branch_operator.py
[2025-12-04T18:55:06.735+0500] {processor.py:830} INFO - Processing file /Library/Frameworks/Python.framework/Versions/3.11/lib/python3.11/site-packages/airflow/example_dags/example_branch_operator.py for tasks to queue
[2025-12-04T18:55:06.736+0500] {logging_mixin.py:188} INFO - [2025-12-04T18:55:06.736+0500] {dagbag.py:545} INFO - Filling up the DagBag from /Library/Frameworks/Python.framework/Versions/3.11/lib/python3.11/site-packages/airflow/example_dags/example_branch_operator.py
[2025-12-04T18:55:06.778+0500] {processor.py:840} INFO - DAG(s) 'example_branch_operator' retrieved from /Library/Frameworks/Python.framework/Versions/3.11/lib/python3.11/site-packages/airflow/example_dags/example_branch_operator.py
[2025-12-04T18:55:07.094+0500] {logging_mixin.py:188} INFO - [2025-12-04T18:55:07.094+0500] {dag.py:3089} INFO - Sync 1 DAGs
[2025-12-04T18:55:07.114+0500] {logging_mixin.py:188} INFO - [2025-12-04T18:55:07.113+0500] {dag.py:3947} INFO - Setting next_dagrun for example_branch_operator to 2025-12-03 00:00:00+00:00, run_after=2025-12-04 00:00:00+00:00
[2025-12-04T18:55:07.139+0500] {processor.py:183} INFO - Processing /Library/Frameworks/Python.framework/Versions/3.11/lib/python3.11/site-packages/airflow/example_dags/example_branch_operator.py took 0.409 seconds
[2025-12-04T19:35:07.462+0500] {processor.py:161} INFO - Started process (PID=14642) to work on /Library/Frameworks/Python.framework/Versions/3.11/lib/python3.11/site-packages/airflow/example_dags/example_branch_operator.py
[2025-12-04T19:35:07.464+0500] {processor.py:830} INFO - Processing file /Library/Frameworks/Python.framework/Versions/3.11/lib/python3.11/site-packages/airflow/example_dags/example_branch_operator.py for tasks to queue
[2025-12-04T19:35:07.465+0500] {logging_mixin.py:188} INFO - [2025-12-04T19:35:07.465+0500] {dagbag.py:545} INFO - Filling up the DagBag from /Library/Frameworks/Python.framework/Versions/3.11/lib/python3.11/site-packages/airflow/example_dags/example_branch_operator.py
[2025-12-04T19:35:07.505+0500] {processor.py:840} INFO - DAG(s) 'example_branch_operator' retrieved from /Library/Frameworks/Python.framework/Versions/3.11/lib/python3.11/site-packages/airflow/example_dags/example_branch_operator.py
[2025-12-04T19:35:07.821+0500] {logging_mixin.py:188} INFO - [2025-12-04T19:35:07.821+0500] {dag.py:3089} INFO - Sync 1 DAGs
[2025-12-04T19:35:07.844+0500] {logging_mixin.py:188} INFO - [2025-12-04T19:35:07.844+0500] {dag.py:3947} INFO - Setting next_dagrun for example_branch_operator to 2025-12-03 00:00:00+00:00, run_after=2025-12-04 00:00:00+00:00
[2025-12-04T19:35:07.873+0500] {processor.py:183} INFO - Processing /Library/Frameworks/Python.framework/Versions/3.11/lib/python3.11/site-packages/airflow/example_dags/example_branch_operator.py took 0.413 seconds
[2025-12-04T19:39:32.143+0500] {processor.py:161} INFO - Started process (PID=14810) to work on /Library/Frameworks/Python.framework/Versions/3.11/lib/python3.11/site-packages/airflow/example_dags/example_branch_operator.py
[2025-12-04T19:39:32.145+0500] {processor.py:830} INFO - Processing file /Library/Frameworks/Python.framework/Versions/3.11/lib/python3.11/site-packages/airflow/example_dags/example_branch_operator.py for tasks to queue
[2025-12-04T19:39:32.146+0500] {logging_mixin.py:188} INFO - [2025-12-04T19:39:32.146+0500] {dagbag.py:545} INFO - Filling up the DagBag from /Library/Frameworks/Python.framework/Versions/3.11/lib/python3.11/site-packages/airflow/example_dags/example_branch_operator.py
[2025-12-04T19:39:32.192+0500] {processor.py:840} INFO - DAG(s) 'example_branch_operator' retrieved from /Library/Frameworks/Python.framework/Versions/3.11/lib/python3.11/site-packages/airflow/example_dags/example_branch_operator.py
[2025-12-04T19:39:32.452+0500] {logging_mixin.py:188} INFO - [2025-12-04T19:39:32.451+0500] {dag.py:3089} INFO - Sync 1 DAGs
[2025-12-04T19:39:32.468+0500] {logging_mixin.py:188} INFO - [2025-12-04T19:39:32.468+0500] {dag.py:3947} INFO - Setting next_dagrun for example_branch_operator to 2025-12-03 00:00:00+00:00, run_after=2025-12-04 00:00:00+00:00
[2025-12-04T19:39:32.492+0500] {processor.py:183} INFO - Processing /Library/Frameworks/Python.framework/Versions/3.11/lib/python3.11/site-packages/airflow/example_dags/example_branch_operator.py took 0.352 seconds
[2025-12-04T19:44:08.672+0500] {processor.py:161} INFO - Started process (PID=14975) to work on /Library/Frameworks/Python.framework/Versions/3.11/lib/python3.11/site-packages/airflow/example_dags/example_branch_operator.py
[2025-12-04T19:44:08.674+0500] {processor.py:830} INFO - Processing file /Library/Frameworks/Python.framework/Versions/3.11/lib/python3.11/site-packages/airflow/example_dags/example_branch_operator.py for tasks to queue
[2025-12-04T19:44:08.674+0500] {logging_mixin.py:188} INFO - [2025-12-04T19:44:08.674+0500] {dagbag.py:545} INFO - Filling up the DagBag from /Library/Frameworks/Python.framework/Versions/3.11/lib/python3.11/site-packages/airflow/example_dags/example_branch_operator.py
[2025-12-04T19:44:08.712+0500] {processor.py:840} INFO - DAG(s) 'example_branch_operator' retrieved from /Library/Frameworks/Python.framework/Versions/3.11/lib/python3.11/site-packages/airflow/example_dags/example_branch_operator.py
[2025-12-04T19:44:09.035+0500] {logging_mixin.py:188} INFO - [2025-12-04T19:44:09.034+0500] {dag.py:3089} INFO - Sync 1 DAGs
[2025-12-04T19:44:09.053+0500] {logging_mixin.py:188} INFO - [2025-12-04T19:44:09.053+0500] {dag.py:3947} INFO - Setting next_dagrun for example_branch_operator to 2025-12-03 00:00:00+00:00, run_after=2025-12-04 00:00:00+00:00
[2025-12-04T19:44:09.077+0500] {processor.py:183} INFO - Processing /Library/Frameworks/Python.framework/Versions/3.11/lib/python3.11/site-packages/airflow/example_dags/example_branch_operator.py took 0.409 seconds
[2025-12-04T19:48:53.147+0500] {processor.py:161} INFO - Started process (PID=15150) to work on /Library/Frameworks/Python.framework/Versions/3.11/lib/python3.11/site-packages/airflow/example_dags/example_branch_operator.py
[2025-12-04T19:48:53.149+0500] {processor.py:830} INFO - Processing file /Library/Frameworks/Python.framework/Versions/3.11/lib/python3.11/site-packages/airflow/example_dags/example_branch_operator.py for tasks to queue
[2025-12-04T19:48:53.150+0500] {logging_mixin.py:188} INFO - [2025-12-04T19:48:53.149+0500] {dagbag.py:545} INFO - Filling up the DagBag from /Library/Frameworks/Python.framework/Versions/3.11/lib/python3.11/site-packages/airflow/example_dags/example_branch_operator.py
[2025-12-04T19:48:53.187+0500] {processor.py:840} INFO - DAG(s) 'example_branch_operator' retrieved from /Library/Frameworks/Python.framework/Versions/3.11/lib/python3.11/site-packages/airflow/example_dags/example_branch_operator.py
[2025-12-04T19:48:53.449+0500] {logging_mixin.py:188} INFO - [2025-12-04T19:48:53.449+0500] {dag.py:3089} INFO - Sync 1 DAGs
[2025-12-04T19:48:53.466+0500] {logging_mixin.py:188} INFO - [2025-12-04T19:48:53.466+0500] {dag.py:3947} INFO - Setting next_dagrun for example_branch_operator to 2025-12-03 00:00:00+00:00, run_after=2025-12-04 00:00:00+00:00
[2025-12-04T19:48:53.490+0500] {processor.py:183} INFO - Processing /Library/Frameworks/Python.framework/Versions/3.11/lib/python3.11/site-packages/airflow/example_dags/example_branch_operator.py took 0.346 seconds
[2025-12-04T19:52:50.618+0500] {processor.py:161} INFO - Started process (PID=15330) to work on /Library/Frameworks/Python.framework/Versions/3.11/lib/python3.11/site-packages/airflow/example_dags/example_branch_operator.py
[2025-12-04T19:52:50.620+0500] {processor.py:830} INFO - Processing file /Library/Frameworks/Python.framework/Versions/3.11/lib/python3.11/site-packages/airflow/example_dags/example_branch_operator.py for tasks to queue
[2025-12-04T19:52:50.621+0500] {logging_mixin.py:188} INFO - [2025-12-04T19:52:50.620+0500] {dagbag.py:545} INFO - Filling up the DagBag from /Library/Frameworks/Python.framework/Versions/3.11/lib/python3.11/site-packages/airflow/example_dags/example_branch_operator.py
[2025-12-04T19:52:50.660+0500] {processor.py:840} INFO - DAG(s) 'example_branch_operator' retrieved from /Library/Frameworks/Python.framework/Versions/3.11/lib/python3.11/site-packages/airflow/example_dags/example_branch_operator.py
[2025-12-04T19:52:50.948+0500] {logging_mixin.py:188} INFO - [2025-12-04T19:52:50.948+0500] {dag.py:3089} INFO - Sync 1 DAGs
[2025-12-04T19:52:50.968+0500] {logging_mixin.py:188} INFO - [2025-12-04T19:52:50.967+0500] {dag.py:3947} INFO - Setting next_dagrun for example_branch_operator to 2025-12-03 00:00:00+00:00, run_after=2025-12-04 00:00:00+00:00
[2025-12-04T19:52:50.992+0500] {processor.py:183} INFO - Processing /Library/Frameworks/Python.framework/Versions/3.11/lib/python3.11/site-packages/airflow/example_dags/example_branch_operator.py took 0.377 seconds
[2025-12-04T19:56:37.532+0500] {processor.py:161} INFO - Started process (PID=15456) to work on /Library/Frameworks/Python.framework/Versions/3.11/lib/python3.11/site-packages/airflow/example_dags/example_branch_operator.py
[2025-12-04T19:56:37.534+0500] {processor.py:830} INFO - Processing file /Library/Frameworks/Python.framework/Versions/3.11/lib/python3.11/site-packages/airflow/example_dags/example_branch_operator.py for tasks to queue
[2025-12-04T19:56:37.535+0500] {logging_mixin.py:188} INFO - [2025-12-04T19:56:37.535+0500] {dagbag.py:545} INFO - Filling up the DagBag from /Library/Frameworks/Python.framework/Versions/3.11/lib/python3.11/site-packages/airflow/example_dags/example_branch_operator.py
[2025-12-04T19:56:37.583+0500] {processor.py:840} INFO - DAG(s) 'example_branch_operator' retrieved from /Library/Frameworks/Python.framework/Versions/3.11/lib/python3.11/site-packages/airflow/example_dags/example_branch_operator.py
[2025-12-04T19:56:37.855+0500] {logging_mixin.py:188} INFO - [2025-12-04T19:56:37.855+0500] {dag.py:3089} INFO - Sync 1 DAGs
[2025-12-04T19:56:37.871+0500] {logging_mixin.py:188} INFO - [2025-12-04T19:56:37.871+0500] {dag.py:3947} INFO - Setting next_dagrun for example_branch_operator to 2025-12-03 00:00:00+00:00, run_after=2025-12-04 00:00:00+00:00
[2025-12-04T19:56:37.895+0500] {processor.py:183} INFO - Processing /Library/Frameworks/Python.framework/Versions/3.11/lib/python3.11/site-packages/airflow/example_dags/example_branch_operator.py took 0.365 seconds
[2025-12-04T20:42:57.521+0500] {processor.py:161} INFO - Started process (PID=15666) to work on /Library/Frameworks/Python.framework/Versions/3.11/lib/python3.11/site-packages/airflow/example_dags/example_branch_operator.py
[2025-12-04T20:42:57.523+0500] {processor.py:830} INFO - Processing file /Library/Frameworks/Python.framework/Versions/3.11/lib/python3.11/site-packages/airflow/example_dags/example_branch_operator.py for tasks to queue
[2025-12-04T20:42:57.524+0500] {logging_mixin.py:188} INFO - [2025-12-04T20:42:57.524+0500] {dagbag.py:545} INFO - Filling up the DagBag from /Library/Frameworks/Python.framework/Versions/3.11/lib/python3.11/site-packages/airflow/example_dags/example_branch_operator.py
[2025-12-04T20:42:57.569+0500] {processor.py:840} INFO - DAG(s) 'example_branch_operator' retrieved from /Library/Frameworks/Python.framework/Versions/3.11/lib/python3.11/site-packages/airflow/example_dags/example_branch_operator.py
[2025-12-04T20:42:57.911+0500] {logging_mixin.py:188} INFO - [2025-12-04T20:42:57.910+0500] {dag.py:3089} INFO - Sync 1 DAGs
[2025-12-04T20:42:57.936+0500] {logging_mixin.py:188} INFO - [2025-12-04T20:42:57.936+0500] {dag.py:3947} INFO - Setting next_dagrun for example_branch_operator to 2025-12-03 00:00:00+00:00, run_after=2025-12-04 00:00:00+00:00
[2025-12-04T20:42:58.034+0500] {processor.py:183} INFO - Processing /Library/Frameworks/Python.framework/Versions/3.11/lib/python3.11/site-packages/airflow/example_dags/example_branch_operator.py took 0.516 seconds
[2025-12-04T20:46:16.404+0500] {processor.py:161} INFO - Started process (PID=15820) to work on /Library/Frameworks/Python.framework/Versions/3.11/lib/python3.11/site-packages/airflow/example_dags/example_branch_operator.py
[2025-12-04T20:46:16.406+0500] {processor.py:830} INFO - Processing file /Library/Frameworks/Python.framework/Versions/3.11/lib/python3.11/site-packages/airflow/example_dags/example_branch_operator.py for tasks to queue
[2025-12-04T20:46:16.407+0500] {logging_mixin.py:188} INFO - [2025-12-04T20:46:16.406+0500] {dagbag.py:545} INFO - Filling up the DagBag from /Library/Frameworks/Python.framework/Versions/3.11/lib/python3.11/site-packages/airflow/example_dags/example_branch_operator.py
[2025-12-04T20:46:16.448+0500] {processor.py:840} INFO - DAG(s) 'example_branch_operator' retrieved from /Library/Frameworks/Python.framework/Versions/3.11/lib/python3.11/site-packages/airflow/example_dags/example_branch_operator.py
[2025-12-04T20:46:16.707+0500] {logging_mixin.py:188} INFO - [2025-12-04T20:46:16.706+0500] {dag.py:3089} INFO - Sync 1 DAGs
[2025-12-04T20:46:16.723+0500] {logging_mixin.py:188} INFO - [2025-12-04T20:46:16.723+0500] {dag.py:3947} INFO - Setting next_dagrun for example_branch_operator to 2025-12-03 00:00:00+00:00, run_after=2025-12-04 00:00:00+00:00
[2025-12-04T20:46:16.752+0500] {processor.py:183} INFO - Processing /Library/Frameworks/Python.framework/Versions/3.11/lib/python3.11/site-packages/airflow/example_dags/example_branch_operator.py took 0.351 seconds
