[2025-12-04T18:18:36.459+0500] {processor.py:161} INFO - Started process (PID=11690) to work on /Library/Frameworks/Python.framework/Versions/3.11/lib/python3.11/site-packages/airflow/example_dags/example_trigger_controller_dag.py
[2025-12-04T18:18:36.461+0500] {processor.py:830} INFO - Processing file /Library/Frameworks/Python.framework/Versions/3.11/lib/python3.11/site-packages/airflow/example_dags/example_trigger_controller_dag.py for tasks to queue
[2025-12-04T18:18:36.462+0500] {logging_mixin.py:188} INFO - [2025-12-04T18:18:36.462+0500] {dagbag.py:545} INFO - Filling up the DagBag from /Library/Frameworks/Python.framework/Versions/3.11/lib/python3.11/site-packages/airflow/example_dags/example_trigger_controller_dag.py
[2025-12-04T18:18:36.477+0500] {processor.py:840} INFO - DAG(s) 'example_trigger_controller_dag' retrieved from /Library/Frameworks/Python.framework/Versions/3.11/lib/python3.11/site-packages/airflow/example_dags/example_trigger_controller_dag.py
[2025-12-04T18:18:36.731+0500] {logging_mixin.py:188} INFO - [2025-12-04T18:18:36.730+0500] {override.py:1858} INFO - Created Permission View: can delete on DAG:example_trigger_controller_dag
[2025-12-04T18:18:36.743+0500] {logging_mixin.py:188} INFO - [2025-12-04T18:18:36.742+0500] {override.py:1858} INFO - Created Permission View: can edit on DAG:example_trigger_controller_dag
[2025-12-04T18:18:36.750+0500] {logging_mixin.py:188} INFO - [2025-12-04T18:18:36.750+0500] {override.py:1858} INFO - Created Permission View: can read on DAG:example_trigger_controller_dag
[2025-12-04T18:18:36.751+0500] {logging_mixin.py:188} INFO - [2025-12-04T18:18:36.751+0500] {dag.py:3089} INFO - Sync 1 DAGs
[2025-12-04T18:18:36.762+0500] {logging_mixin.py:188} INFO - [2025-12-04T18:18:36.762+0500] {dag.py:3111} INFO - Creating ORM DAG for example_trigger_controller_dag
[2025-12-04T18:18:36.827+0500] {logging_mixin.py:188} INFO - [2025-12-04T18:18:36.827+0500] {dag.py:3947} INFO - Setting next_dagrun for example_trigger_controller_dag to 2021-01-01 00:00:00+00:00, run_after=2021-01-01 00:00:00+00:00
[2025-12-04T18:18:36.848+0500] {processor.py:183} INFO - Processing /Library/Frameworks/Python.framework/Versions/3.11/lib/python3.11/site-packages/airflow/example_dags/example_trigger_controller_dag.py took 0.393 seconds
[2025-12-04T18:21:28.156+0500] {processor.py:161} INFO - Started process (PID=11780) to work on /Library/Frameworks/Python.framework/Versions/3.11/lib/python3.11/site-packages/airflow/example_dags/example_trigger_controller_dag.py
[2025-12-04T18:21:28.158+0500] {processor.py:830} INFO - Processing file /Library/Frameworks/Python.framework/Versions/3.11/lib/python3.11/site-packages/airflow/example_dags/example_trigger_controller_dag.py for tasks to queue
[2025-12-04T18:21:28.159+0500] {logging_mixin.py:188} INFO - [2025-12-04T18:21:28.159+0500] {dagbag.py:545} INFO - Filling up the DagBag from /Library/Frameworks/Python.framework/Versions/3.11/lib/python3.11/site-packages/airflow/example_dags/example_trigger_controller_dag.py
[2025-12-04T18:21:28.174+0500] {processor.py:840} INFO - DAG(s) 'example_trigger_controller_dag' retrieved from /Library/Frameworks/Python.framework/Versions/3.11/lib/python3.11/site-packages/airflow/example_dags/example_trigger_controller_dag.py
[2025-12-04T18:21:28.281+0500] {logging_mixin.py:188} INFO - [2025-12-04T18:21:28.281+0500] {dag.py:3089} INFO - Sync 1 DAGs
[2025-12-04T18:21:28.298+0500] {logging_mixin.py:188} INFO - [2025-12-04T18:21:28.297+0500] {dag.py:3947} INFO - Setting next_dagrun for example_trigger_controller_dag to 2021-01-01 00:00:00+00:00, run_after=2021-01-01 00:00:00+00:00
[2025-12-04T18:21:28.320+0500] {processor.py:183} INFO - Processing /Library/Frameworks/Python.framework/Versions/3.11/lib/python3.11/site-packages/airflow/example_dags/example_trigger_controller_dag.py took 0.166 seconds
[2025-12-04T18:23:34.775+0500] {processor.py:161} INFO - Started process (PID=11869) to work on /Library/Frameworks/Python.framework/Versions/3.11/lib/python3.11/site-packages/airflow/example_dags/example_trigger_controller_dag.py
[2025-12-04T18:23:34.778+0500] {processor.py:830} INFO - Processing file /Library/Frameworks/Python.framework/Versions/3.11/lib/python3.11/site-packages/airflow/example_dags/example_trigger_controller_dag.py for tasks to queue
[2025-12-04T18:23:34.779+0500] {logging_mixin.py:188} INFO - [2025-12-04T18:23:34.778+0500] {dagbag.py:545} INFO - Filling up the DagBag from /Library/Frameworks/Python.framework/Versions/3.11/lib/python3.11/site-packages/airflow/example_dags/example_trigger_controller_dag.py
[2025-12-04T18:23:34.794+0500] {processor.py:840} INFO - DAG(s) 'example_trigger_controller_dag' retrieved from /Library/Frameworks/Python.framework/Versions/3.11/lib/python3.11/site-packages/airflow/example_dags/example_trigger_controller_dag.py
[2025-12-04T18:23:34.898+0500] {logging_mixin.py:188} INFO - [2025-12-04T18:23:34.898+0500] {dag.py:3089} INFO - Sync 1 DAGs
[2025-12-04T18:23:34.914+0500] {logging_mixin.py:188} INFO - [2025-12-04T18:23:34.913+0500] {dag.py:3947} INFO - Setting next_dagrun for example_trigger_controller_dag to 2021-01-01 00:00:00+00:00, run_after=2021-01-01 00:00:00+00:00
[2025-12-04T18:23:34.934+0500] {processor.py:183} INFO - Processing /Library/Frameworks/Python.framework/Versions/3.11/lib/python3.11/site-packages/airflow/example_dags/example_trigger_controller_dag.py took 0.162 seconds
[2025-12-04T18:25:37.854+0500] {processor.py:161} INFO - Started process (PID=11969) to work on /Library/Frameworks/Python.framework/Versions/3.11/lib/python3.11/site-packages/airflow/example_dags/example_trigger_controller_dag.py
[2025-12-04T18:25:37.856+0500] {processor.py:830} INFO - Processing file /Library/Frameworks/Python.framework/Versions/3.11/lib/python3.11/site-packages/airflow/example_dags/example_trigger_controller_dag.py for tasks to queue
[2025-12-04T18:25:37.858+0500] {logging_mixin.py:188} INFO - [2025-12-04T18:25:37.857+0500] {dagbag.py:545} INFO - Filling up the DagBag from /Library/Frameworks/Python.framework/Versions/3.11/lib/python3.11/site-packages/airflow/example_dags/example_trigger_controller_dag.py
[2025-12-04T18:25:37.872+0500] {processor.py:840} INFO - DAG(s) 'example_trigger_controller_dag' retrieved from /Library/Frameworks/Python.framework/Versions/3.11/lib/python3.11/site-packages/airflow/example_dags/example_trigger_controller_dag.py
[2025-12-04T18:25:37.993+0500] {logging_mixin.py:188} INFO - [2025-12-04T18:25:37.993+0500] {dag.py:3089} INFO - Sync 1 DAGs
[2025-12-04T18:25:38.010+0500] {logging_mixin.py:188} INFO - [2025-12-04T18:25:38.009+0500] {dag.py:3947} INFO - Setting next_dagrun for example_trigger_controller_dag to 2021-01-01 00:00:00+00:00, run_after=2021-01-01 00:00:00+00:00
[2025-12-04T18:25:38.034+0500] {processor.py:183} INFO - Processing /Library/Frameworks/Python.framework/Versions/3.11/lib/python3.11/site-packages/airflow/example_dags/example_trigger_controller_dag.py took 0.182 seconds
[2025-12-04T18:27:51.551+0500] {processor.py:161} INFO - Started process (PID=12078) to work on /Library/Frameworks/Python.framework/Versions/3.11/lib/python3.11/site-packages/airflow/example_dags/example_trigger_controller_dag.py
[2025-12-04T18:27:51.553+0500] {processor.py:830} INFO - Processing file /Library/Frameworks/Python.framework/Versions/3.11/lib/python3.11/site-packages/airflow/example_dags/example_trigger_controller_dag.py for tasks to queue
[2025-12-04T18:27:51.554+0500] {logging_mixin.py:188} INFO - [2025-12-04T18:27:51.553+0500] {dagbag.py:545} INFO - Filling up the DagBag from /Library/Frameworks/Python.framework/Versions/3.11/lib/python3.11/site-packages/airflow/example_dags/example_trigger_controller_dag.py
[2025-12-04T18:27:51.578+0500] {processor.py:840} INFO - DAG(s) 'example_trigger_controller_dag' retrieved from /Library/Frameworks/Python.framework/Versions/3.11/lib/python3.11/site-packages/airflow/example_dags/example_trigger_controller_dag.py
[2025-12-04T18:27:51.726+0500] {logging_mixin.py:188} INFO - [2025-12-04T18:27:51.725+0500] {dag.py:3089} INFO - Sync 1 DAGs
[2025-12-04T18:27:51.749+0500] {logging_mixin.py:188} INFO - [2025-12-04T18:27:51.748+0500] {dag.py:3947} INFO - Setting next_dagrun for example_trigger_controller_dag to 2021-01-01 00:00:00+00:00, run_after=2021-01-01 00:00:00+00:00
[2025-12-04T18:27:51.778+0500] {processor.py:183} INFO - Processing /Library/Frameworks/Python.framework/Versions/3.11/lib/python3.11/site-packages/airflow/example_dags/example_trigger_controller_dag.py took 0.230 seconds
[2025-12-04T18:30:21.014+0500] {processor.py:161} INFO - Started process (PID=12197) to work on /Library/Frameworks/Python.framework/Versions/3.11/lib/python3.11/site-packages/airflow/example_dags/example_trigger_controller_dag.py
[2025-12-04T18:30:21.017+0500] {processor.py:830} INFO - Processing file /Library/Frameworks/Python.framework/Versions/3.11/lib/python3.11/site-packages/airflow/example_dags/example_trigger_controller_dag.py for tasks to queue
[2025-12-04T18:30:21.018+0500] {logging_mixin.py:188} INFO - [2025-12-04T18:30:21.017+0500] {dagbag.py:545} INFO - Filling up the DagBag from /Library/Frameworks/Python.framework/Versions/3.11/lib/python3.11/site-packages/airflow/example_dags/example_trigger_controller_dag.py
[2025-12-04T18:30:21.046+0500] {processor.py:840} INFO - DAG(s) 'example_trigger_controller_dag' retrieved from /Library/Frameworks/Python.framework/Versions/3.11/lib/python3.11/site-packages/airflow/example_dags/example_trigger_controller_dag.py
[2025-12-04T18:30:21.227+0500] {logging_mixin.py:188} INFO - [2025-12-04T18:30:21.227+0500] {dag.py:3089} INFO - Sync 1 DAGs
[2025-12-04T18:30:21.252+0500] {logging_mixin.py:188} INFO - [2025-12-04T18:30:21.252+0500] {dag.py:3947} INFO - Setting next_dagrun for example_trigger_controller_dag to 2021-01-01 00:00:00+00:00, run_after=2021-01-01 00:00:00+00:00
[2025-12-04T18:30:21.288+0500] {processor.py:183} INFO - Processing /Library/Frameworks/Python.framework/Versions/3.11/lib/python3.11/site-packages/airflow/example_dags/example_trigger_controller_dag.py took 0.278 seconds
[2025-12-04T18:32:47.134+0500] {processor.py:161} INFO - Started process (PID=12287) to work on /Library/Frameworks/Python.framework/Versions/3.11/lib/python3.11/site-packages/airflow/example_dags/example_trigger_controller_dag.py
[2025-12-04T18:32:47.136+0500] {processor.py:830} INFO - Processing file /Library/Frameworks/Python.framework/Versions/3.11/lib/python3.11/site-packages/airflow/example_dags/example_trigger_controller_dag.py for tasks to queue
[2025-12-04T18:32:47.137+0500] {logging_mixin.py:188} INFO - [2025-12-04T18:32:47.136+0500] {dagbag.py:545} INFO - Filling up the DagBag from /Library/Frameworks/Python.framework/Versions/3.11/lib/python3.11/site-packages/airflow/example_dags/example_trigger_controller_dag.py
[2025-12-04T18:32:47.156+0500] {processor.py:840} INFO - DAG(s) 'example_trigger_controller_dag' retrieved from /Library/Frameworks/Python.framework/Versions/3.11/lib/python3.11/site-packages/airflow/example_dags/example_trigger_controller_dag.py
[2025-12-04T18:32:47.282+0500] {logging_mixin.py:188} INFO - [2025-12-04T18:32:47.281+0500] {dag.py:3089} INFO - Sync 1 DAGs
[2025-12-04T18:32:47.297+0500] {logging_mixin.py:188} INFO - [2025-12-04T18:32:47.297+0500] {dag.py:3947} INFO - Setting next_dagrun for example_trigger_controller_dag to 2021-01-01 00:00:00+00:00, run_after=2021-01-01 00:00:00+00:00
[2025-12-04T18:32:47.318+0500] {processor.py:183} INFO - Processing /Library/Frameworks/Python.framework/Versions/3.11/lib/python3.11/site-packages/airflow/example_dags/example_trigger_controller_dag.py took 0.187 seconds
[2025-12-04T18:35:04.363+0500] {processor.py:161} INFO - Started process (PID=12407) to work on /Library/Frameworks/Python.framework/Versions/3.11/lib/python3.11/site-packages/airflow/example_dags/example_trigger_controller_dag.py
[2025-12-04T18:35:04.365+0500] {processor.py:830} INFO - Processing file /Library/Frameworks/Python.framework/Versions/3.11/lib/python3.11/site-packages/airflow/example_dags/example_trigger_controller_dag.py for tasks to queue
[2025-12-04T18:35:04.366+0500] {logging_mixin.py:188} INFO - [2025-12-04T18:35:04.366+0500] {dagbag.py:545} INFO - Filling up the DagBag from /Library/Frameworks/Python.framework/Versions/3.11/lib/python3.11/site-packages/airflow/example_dags/example_trigger_controller_dag.py
[2025-12-04T18:35:04.381+0500] {processor.py:840} INFO - DAG(s) 'example_trigger_controller_dag' retrieved from /Library/Frameworks/Python.framework/Versions/3.11/lib/python3.11/site-packages/airflow/example_dags/example_trigger_controller_dag.py
[2025-12-04T18:35:04.483+0500] {logging_mixin.py:188} INFO - [2025-12-04T18:35:04.482+0500] {dag.py:3089} INFO - Sync 1 DAGs
[2025-12-04T18:35:04.498+0500] {logging_mixin.py:188} INFO - [2025-12-04T18:35:04.498+0500] {dag.py:3947} INFO - Setting next_dagrun for example_trigger_controller_dag to 2021-01-01 00:00:00+00:00, run_after=2021-01-01 00:00:00+00:00
[2025-12-04T18:35:04.518+0500] {processor.py:183} INFO - Processing /Library/Frameworks/Python.framework/Versions/3.11/lib/python3.11/site-packages/airflow/example_dags/example_trigger_controller_dag.py took 0.158 seconds
[2025-12-04T18:37:03.454+0500] {processor.py:161} INFO - Started process (PID=12471) to work on /Library/Frameworks/Python.framework/Versions/3.11/lib/python3.11/site-packages/airflow/example_dags/example_trigger_controller_dag.py
[2025-12-04T18:37:03.456+0500] {processor.py:830} INFO - Processing file /Library/Frameworks/Python.framework/Versions/3.11/lib/python3.11/site-packages/airflow/example_dags/example_trigger_controller_dag.py for tasks to queue
[2025-12-04T18:37:03.457+0500] {logging_mixin.py:188} INFO - [2025-12-04T18:37:03.457+0500] {dagbag.py:545} INFO - Filling up the DagBag from /Library/Frameworks/Python.framework/Versions/3.11/lib/python3.11/site-packages/airflow/example_dags/example_trigger_controller_dag.py
[2025-12-04T18:37:03.472+0500] {processor.py:840} INFO - DAG(s) 'example_trigger_controller_dag' retrieved from /Library/Frameworks/Python.framework/Versions/3.11/lib/python3.11/site-packages/airflow/example_dags/example_trigger_controller_dag.py
[2025-12-04T18:37:03.580+0500] {logging_mixin.py:188} INFO - [2025-12-04T18:37:03.580+0500] {dag.py:3089} INFO - Sync 1 DAGs
[2025-12-04T18:37:03.595+0500] {logging_mixin.py:188} INFO - [2025-12-04T18:37:03.595+0500] {dag.py:3947} INFO - Setting next_dagrun for example_trigger_controller_dag to 2021-01-01 00:00:00+00:00, run_after=2021-01-01 00:00:00+00:00
[2025-12-04T18:37:03.615+0500] {processor.py:183} INFO - Processing /Library/Frameworks/Python.framework/Versions/3.11/lib/python3.11/site-packages/airflow/example_dags/example_trigger_controller_dag.py took 0.165 seconds
[2025-12-04T18:38:55.483+0500] {processor.py:161} INFO - Started process (PID=12538) to work on /Library/Frameworks/Python.framework/Versions/3.11/lib/python3.11/site-packages/airflow/example_dags/example_trigger_controller_dag.py
[2025-12-04T18:38:55.485+0500] {processor.py:830} INFO - Processing file /Library/Frameworks/Python.framework/Versions/3.11/lib/python3.11/site-packages/airflow/example_dags/example_trigger_controller_dag.py for tasks to queue
[2025-12-04T18:38:55.486+0500] {logging_mixin.py:188} INFO - [2025-12-04T18:38:55.486+0500] {dagbag.py:545} INFO - Filling up the DagBag from /Library/Frameworks/Python.framework/Versions/3.11/lib/python3.11/site-packages/airflow/example_dags/example_trigger_controller_dag.py
[2025-12-04T18:38:55.501+0500] {processor.py:840} INFO - DAG(s) 'example_trigger_controller_dag' retrieved from /Library/Frameworks/Python.framework/Versions/3.11/lib/python3.11/site-packages/airflow/example_dags/example_trigger_controller_dag.py
[2025-12-04T18:38:55.608+0500] {logging_mixin.py:188} INFO - [2025-12-04T18:38:55.607+0500] {dag.py:3089} INFO - Sync 1 DAGs
[2025-12-04T18:38:55.623+0500] {logging_mixin.py:188} INFO - [2025-12-04T18:38:55.622+0500] {dag.py:3947} INFO - Setting next_dagrun for example_trigger_controller_dag to 2021-01-01 00:00:00+00:00, run_after=2021-01-01 00:00:00+00:00
[2025-12-04T18:38:55.651+0500] {processor.py:183} INFO - Processing /Library/Frameworks/Python.framework/Versions/3.11/lib/python3.11/site-packages/airflow/example_dags/example_trigger_controller_dag.py took 0.171 seconds
[2025-12-04T18:40:55.864+0500] {processor.py:161} INFO - Started process (PID=12632) to work on /Library/Frameworks/Python.framework/Versions/3.11/lib/python3.11/site-packages/airflow/example_dags/example_trigger_controller_dag.py
[2025-12-04T18:40:55.866+0500] {processor.py:830} INFO - Processing file /Library/Frameworks/Python.framework/Versions/3.11/lib/python3.11/site-packages/airflow/example_dags/example_trigger_controller_dag.py for tasks to queue
[2025-12-04T18:40:55.867+0500] {logging_mixin.py:188} INFO - [2025-12-04T18:40:55.867+0500] {dagbag.py:545} INFO - Filling up the DagBag from /Library/Frameworks/Python.framework/Versions/3.11/lib/python3.11/site-packages/airflow/example_dags/example_trigger_controller_dag.py
[2025-12-04T18:40:55.883+0500] {processor.py:840} INFO - DAG(s) 'example_trigger_controller_dag' retrieved from /Library/Frameworks/Python.framework/Versions/3.11/lib/python3.11/site-packages/airflow/example_dags/example_trigger_controller_dag.py
[2025-12-04T18:40:55.990+0500] {logging_mixin.py:188} INFO - [2025-12-04T18:40:55.989+0500] {dag.py:3089} INFO - Sync 1 DAGs
[2025-12-04T18:40:56.005+0500] {logging_mixin.py:188} INFO - [2025-12-04T18:40:56.004+0500] {dag.py:3947} INFO - Setting next_dagrun for example_trigger_controller_dag to 2021-01-01 00:00:00+00:00, run_after=2021-01-01 00:00:00+00:00
[2025-12-04T18:40:56.025+0500] {processor.py:183} INFO - Processing /Library/Frameworks/Python.framework/Versions/3.11/lib/python3.11/site-packages/airflow/example_dags/example_trigger_controller_dag.py took 0.164 seconds
[2025-12-04T18:43:07.827+0500] {processor.py:161} INFO - Started process (PID=12714) to work on /Library/Frameworks/Python.framework/Versions/3.11/lib/python3.11/site-packages/airflow/example_dags/example_trigger_controller_dag.py
[2025-12-04T18:43:07.829+0500] {processor.py:830} INFO - Processing file /Library/Frameworks/Python.framework/Versions/3.11/lib/python3.11/site-packages/airflow/example_dags/example_trigger_controller_dag.py for tasks to queue
[2025-12-04T18:43:07.830+0500] {logging_mixin.py:188} INFO - [2025-12-04T18:43:07.830+0500] {dagbag.py:545} INFO - Filling up the DagBag from /Library/Frameworks/Python.framework/Versions/3.11/lib/python3.11/site-packages/airflow/example_dags/example_trigger_controller_dag.py
[2025-12-04T18:43:07.851+0500] {processor.py:840} INFO - DAG(s) 'example_trigger_controller_dag' retrieved from /Library/Frameworks/Python.framework/Versions/3.11/lib/python3.11/site-packages/airflow/example_dags/example_trigger_controller_dag.py
[2025-12-04T18:43:08.015+0500] {logging_mixin.py:188} INFO - [2025-12-04T18:43:08.015+0500] {dag.py:3089} INFO - Sync 1 DAGs
[2025-12-04T18:43:08.038+0500] {logging_mixin.py:188} INFO - [2025-12-04T18:43:08.038+0500] {dag.py:3947} INFO - Setting next_dagrun for example_trigger_controller_dag to 2021-01-01 00:00:00+00:00, run_after=2021-01-01 00:00:00+00:00
[2025-12-04T18:43:08.063+0500] {processor.py:183} INFO - Processing /Library/Frameworks/Python.framework/Versions/3.11/lib/python3.11/site-packages/airflow/example_dags/example_trigger_controller_dag.py took 0.239 seconds
[2025-12-04T18:45:16.290+0500] {processor.py:161} INFO - Started process (PID=12801) to work on /Library/Frameworks/Python.framework/Versions/3.11/lib/python3.11/site-packages/airflow/example_dags/example_trigger_controller_dag.py
[2025-12-04T18:45:16.292+0500] {processor.py:830} INFO - Processing file /Library/Frameworks/Python.framework/Versions/3.11/lib/python3.11/site-packages/airflow/example_dags/example_trigger_controller_dag.py for tasks to queue
[2025-12-04T18:45:16.293+0500] {logging_mixin.py:188} INFO - [2025-12-04T18:45:16.293+0500] {dagbag.py:545} INFO - Filling up the DagBag from /Library/Frameworks/Python.framework/Versions/3.11/lib/python3.11/site-packages/airflow/example_dags/example_trigger_controller_dag.py
[2025-12-04T18:45:16.309+0500] {processor.py:840} INFO - DAG(s) 'example_trigger_controller_dag' retrieved from /Library/Frameworks/Python.framework/Versions/3.11/lib/python3.11/site-packages/airflow/example_dags/example_trigger_controller_dag.py
[2025-12-04T18:45:16.417+0500] {logging_mixin.py:188} INFO - [2025-12-04T18:45:16.417+0500] {dag.py:3089} INFO - Sync 1 DAGs
[2025-12-04T18:45:16.432+0500] {logging_mixin.py:188} INFO - [2025-12-04T18:45:16.432+0500] {dag.py:3947} INFO - Setting next_dagrun for example_trigger_controller_dag to 2021-01-01 00:00:00+00:00, run_after=2021-01-01 00:00:00+00:00
[2025-12-04T18:45:16.458+0500] {processor.py:183} INFO - Processing /Library/Frameworks/Python.framework/Versions/3.11/lib/python3.11/site-packages/airflow/example_dags/example_trigger_controller_dag.py took 0.171 seconds
[2025-12-04T18:47:15.350+0500] {processor.py:161} INFO - Started process (PID=12885) to work on /Library/Frameworks/Python.framework/Versions/3.11/lib/python3.11/site-packages/airflow/example_dags/example_trigger_controller_dag.py
[2025-12-04T18:47:15.352+0500] {processor.py:830} INFO - Processing file /Library/Frameworks/Python.framework/Versions/3.11/lib/python3.11/site-packages/airflow/example_dags/example_trigger_controller_dag.py for tasks to queue
[2025-12-04T18:47:15.353+0500] {logging_mixin.py:188} INFO - [2025-12-04T18:47:15.353+0500] {dagbag.py:545} INFO - Filling up the DagBag from /Library/Frameworks/Python.framework/Versions/3.11/lib/python3.11/site-packages/airflow/example_dags/example_trigger_controller_dag.py
[2025-12-04T18:47:15.370+0500] {processor.py:840} INFO - DAG(s) 'example_trigger_controller_dag' retrieved from /Library/Frameworks/Python.framework/Versions/3.11/lib/python3.11/site-packages/airflow/example_dags/example_trigger_controller_dag.py
[2025-12-04T18:47:15.488+0500] {logging_mixin.py:188} INFO - [2025-12-04T18:47:15.488+0500] {dag.py:3089} INFO - Sync 1 DAGs
[2025-12-04T18:47:15.506+0500] {logging_mixin.py:188} INFO - [2025-12-04T18:47:15.505+0500] {dag.py:3947} INFO - Setting next_dagrun for example_trigger_controller_dag to 2021-01-01 00:00:00+00:00, run_after=2021-01-01 00:00:00+00:00
[2025-12-04T18:47:15.531+0500] {processor.py:183} INFO - Processing /Library/Frameworks/Python.framework/Versions/3.11/lib/python3.11/site-packages/airflow/example_dags/example_trigger_controller_dag.py took 0.185 seconds
[2025-12-04T18:49:23.867+0500] {processor.py:161} INFO - Started process (PID=12954) to work on /Library/Frameworks/Python.framework/Versions/3.11/lib/python3.11/site-packages/airflow/example_dags/example_trigger_controller_dag.py
[2025-12-04T18:49:23.869+0500] {processor.py:830} INFO - Processing file /Library/Frameworks/Python.framework/Versions/3.11/lib/python3.11/site-packages/airflow/example_dags/example_trigger_controller_dag.py for tasks to queue
[2025-12-04T18:49:23.870+0500] {logging_mixin.py:188} INFO - [2025-12-04T18:49:23.870+0500] {dagbag.py:545} INFO - Filling up the DagBag from /Library/Frameworks/Python.framework/Versions/3.11/lib/python3.11/site-packages/airflow/example_dags/example_trigger_controller_dag.py
[2025-12-04T18:49:23.885+0500] {processor.py:840} INFO - DAG(s) 'example_trigger_controller_dag' retrieved from /Library/Frameworks/Python.framework/Versions/3.11/lib/python3.11/site-packages/airflow/example_dags/example_trigger_controller_dag.py
[2025-12-04T18:49:23.995+0500] {logging_mixin.py:188} INFO - [2025-12-04T18:49:23.994+0500] {dag.py:3089} INFO - Sync 1 DAGs
[2025-12-04T18:49:24.011+0500] {logging_mixin.py:188} INFO - [2025-12-04T18:49:24.011+0500] {dag.py:3947} INFO - Setting next_dagrun for example_trigger_controller_dag to 2021-01-01 00:00:00+00:00, run_after=2021-01-01 00:00:00+00:00
[2025-12-04T18:49:24.032+0500] {processor.py:183} INFO - Processing /Library/Frameworks/Python.framework/Versions/3.11/lib/python3.11/site-packages/airflow/example_dags/example_trigger_controller_dag.py took 0.168 seconds
[2025-12-04T18:51:41.299+0500] {processor.py:161} INFO - Started process (PID=13035) to work on /Library/Frameworks/Python.framework/Versions/3.11/lib/python3.11/site-packages/airflow/example_dags/example_trigger_controller_dag.py
[2025-12-04T18:51:41.305+0500] {processor.py:830} INFO - Processing file /Library/Frameworks/Python.framework/Versions/3.11/lib/python3.11/site-packages/airflow/example_dags/example_trigger_controller_dag.py for tasks to queue
[2025-12-04T18:51:41.308+0500] {logging_mixin.py:188} INFO - [2025-12-04T18:51:41.307+0500] {dagbag.py:545} INFO - Filling up the DagBag from /Library/Frameworks/Python.framework/Versions/3.11/lib/python3.11/site-packages/airflow/example_dags/example_trigger_controller_dag.py
[2025-12-04T18:51:41.329+0500] {processor.py:840} INFO - DAG(s) 'example_trigger_controller_dag' retrieved from /Library/Frameworks/Python.framework/Versions/3.11/lib/python3.11/site-packages/airflow/example_dags/example_trigger_controller_dag.py
[2025-12-04T18:51:41.454+0500] {logging_mixin.py:188} INFO - [2025-12-04T18:51:41.453+0500] {dag.py:3089} INFO - Sync 1 DAGs
[2025-12-04T18:51:41.470+0500] {logging_mixin.py:188} INFO - [2025-12-04T18:51:41.470+0500] {dag.py:3947} INFO - Setting next_dagrun for example_trigger_controller_dag to 2021-01-01 00:00:00+00:00, run_after=2021-01-01 00:00:00+00:00
[2025-12-04T18:51:41.491+0500] {processor.py:183} INFO - Processing /Library/Frameworks/Python.framework/Versions/3.11/lib/python3.11/site-packages/airflow/example_dags/example_trigger_controller_dag.py took 0.195 seconds
[2025-12-04T18:53:55.639+0500] {processor.py:161} INFO - Started process (PID=13126) to work on /Library/Frameworks/Python.framework/Versions/3.11/lib/python3.11/site-packages/airflow/example_dags/example_trigger_controller_dag.py
[2025-12-04T18:53:55.641+0500] {processor.py:830} INFO - Processing file /Library/Frameworks/Python.framework/Versions/3.11/lib/python3.11/site-packages/airflow/example_dags/example_trigger_controller_dag.py for tasks to queue
[2025-12-04T18:53:55.642+0500] {logging_mixin.py:188} INFO - [2025-12-04T18:53:55.642+0500] {dagbag.py:545} INFO - Filling up the DagBag from /Library/Frameworks/Python.framework/Versions/3.11/lib/python3.11/site-packages/airflow/example_dags/example_trigger_controller_dag.py
[2025-12-04T18:53:55.655+0500] {processor.py:840} INFO - DAG(s) 'example_trigger_controller_dag' retrieved from /Library/Frameworks/Python.framework/Versions/3.11/lib/python3.11/site-packages/airflow/example_dags/example_trigger_controller_dag.py
[2025-12-04T18:53:55.758+0500] {logging_mixin.py:188} INFO - [2025-12-04T18:53:55.758+0500] {dag.py:3089} INFO - Sync 1 DAGs
[2025-12-04T18:53:55.775+0500] {logging_mixin.py:188} INFO - [2025-12-04T18:53:55.774+0500] {dag.py:3947} INFO - Setting next_dagrun for example_trigger_controller_dag to 2021-01-01 00:00:00+00:00, run_after=2021-01-01 00:00:00+00:00
[2025-12-04T18:53:55.800+0500] {processor.py:183} INFO - Processing /Library/Frameworks/Python.framework/Versions/3.11/lib/python3.11/site-packages/airflow/example_dags/example_trigger_controller_dag.py took 0.164 seconds
[2025-12-04T19:33:21.718+0500] {processor.py:161} INFO - Started process (PID=14558) to work on /Library/Frameworks/Python.framework/Versions/3.11/lib/python3.11/site-packages/airflow/example_dags/example_trigger_controller_dag.py
[2025-12-04T19:33:21.720+0500] {processor.py:830} INFO - Processing file /Library/Frameworks/Python.framework/Versions/3.11/lib/python3.11/site-packages/airflow/example_dags/example_trigger_controller_dag.py for tasks to queue
[2025-12-04T19:33:21.721+0500] {logging_mixin.py:188} INFO - [2025-12-04T19:33:21.721+0500] {dagbag.py:545} INFO - Filling up the DagBag from /Library/Frameworks/Python.framework/Versions/3.11/lib/python3.11/site-packages/airflow/example_dags/example_trigger_controller_dag.py
[2025-12-04T19:33:21.736+0500] {processor.py:840} INFO - DAG(s) 'example_trigger_controller_dag' retrieved from /Library/Frameworks/Python.framework/Versions/3.11/lib/python3.11/site-packages/airflow/example_dags/example_trigger_controller_dag.py
[2025-12-04T19:33:21.851+0500] {logging_mixin.py:188} INFO - [2025-12-04T19:33:21.851+0500] {dag.py:3089} INFO - Sync 1 DAGs
[2025-12-04T19:33:21.868+0500] {logging_mixin.py:188} INFO - [2025-12-04T19:33:21.868+0500] {dag.py:3947} INFO - Setting next_dagrun for example_trigger_controller_dag to 2021-01-01 00:00:00+00:00, run_after=2021-01-01 00:00:00+00:00
[2025-12-04T19:33:21.890+0500] {processor.py:183} INFO - Processing /Library/Frameworks/Python.framework/Versions/3.11/lib/python3.11/site-packages/airflow/example_dags/example_trigger_controller_dag.py took 0.175 seconds
[2025-12-04T19:36:24.828+0500] {processor.py:161} INFO - Started process (PID=14701) to work on /Library/Frameworks/Python.framework/Versions/3.11/lib/python3.11/site-packages/airflow/example_dags/example_trigger_controller_dag.py
[2025-12-04T19:36:24.830+0500] {processor.py:830} INFO - Processing file /Library/Frameworks/Python.framework/Versions/3.11/lib/python3.11/site-packages/airflow/example_dags/example_trigger_controller_dag.py for tasks to queue
[2025-12-04T19:36:24.831+0500] {logging_mixin.py:188} INFO - [2025-12-04T19:36:24.831+0500] {dagbag.py:545} INFO - Filling up the DagBag from /Library/Frameworks/Python.framework/Versions/3.11/lib/python3.11/site-packages/airflow/example_dags/example_trigger_controller_dag.py
[2025-12-04T19:36:24.844+0500] {processor.py:840} INFO - DAG(s) 'example_trigger_controller_dag' retrieved from /Library/Frameworks/Python.framework/Versions/3.11/lib/python3.11/site-packages/airflow/example_dags/example_trigger_controller_dag.py
[2025-12-04T19:36:24.953+0500] {logging_mixin.py:188} INFO - [2025-12-04T19:36:24.952+0500] {dag.py:3089} INFO - Sync 1 DAGs
[2025-12-04T19:36:24.968+0500] {logging_mixin.py:188} INFO - [2025-12-04T19:36:24.967+0500] {dag.py:3947} INFO - Setting next_dagrun for example_trigger_controller_dag to 2021-01-01 00:00:00+00:00, run_after=2021-01-01 00:00:00+00:00
[2025-12-04T19:36:24.988+0500] {processor.py:183} INFO - Processing /Library/Frameworks/Python.framework/Versions/3.11/lib/python3.11/site-packages/airflow/example_dags/example_trigger_controller_dag.py took 0.163 seconds
[2025-12-04T19:38:32.310+0500] {processor.py:161} INFO - Started process (PID=14775) to work on /Library/Frameworks/Python.framework/Versions/3.11/lib/python3.11/site-packages/airflow/example_dags/example_trigger_controller_dag.py
[2025-12-04T19:38:32.312+0500] {processor.py:830} INFO - Processing file /Library/Frameworks/Python.framework/Versions/3.11/lib/python3.11/site-packages/airflow/example_dags/example_trigger_controller_dag.py for tasks to queue
[2025-12-04T19:38:32.313+0500] {logging_mixin.py:188} INFO - [2025-12-04T19:38:32.313+0500] {dagbag.py:545} INFO - Filling up the DagBag from /Library/Frameworks/Python.framework/Versions/3.11/lib/python3.11/site-packages/airflow/example_dags/example_trigger_controller_dag.py
[2025-12-04T19:38:32.326+0500] {processor.py:840} INFO - DAG(s) 'example_trigger_controller_dag' retrieved from /Library/Frameworks/Python.framework/Versions/3.11/lib/python3.11/site-packages/airflow/example_dags/example_trigger_controller_dag.py
[2025-12-04T19:38:32.432+0500] {logging_mixin.py:188} INFO - [2025-12-04T19:38:32.431+0500] {dag.py:3089} INFO - Sync 1 DAGs
[2025-12-04T19:38:32.447+0500] {logging_mixin.py:188} INFO - [2025-12-04T19:38:32.447+0500] {dag.py:3947} INFO - Setting next_dagrun for example_trigger_controller_dag to 2021-01-01 00:00:00+00:00, run_after=2021-01-01 00:00:00+00:00
[2025-12-04T19:38:32.468+0500] {processor.py:183} INFO - Processing /Library/Frameworks/Python.framework/Versions/3.11/lib/python3.11/site-packages/airflow/example_dags/example_trigger_controller_dag.py took 0.161 seconds
[2025-12-04T19:40:40.636+0500] {processor.py:161} INFO - Started process (PID=14866) to work on /Library/Frameworks/Python.framework/Versions/3.11/lib/python3.11/site-packages/airflow/example_dags/example_trigger_controller_dag.py
[2025-12-04T19:40:40.639+0500] {processor.py:830} INFO - Processing file /Library/Frameworks/Python.framework/Versions/3.11/lib/python3.11/site-packages/airflow/example_dags/example_trigger_controller_dag.py for tasks to queue
[2025-12-04T19:40:40.640+0500] {logging_mixin.py:188} INFO - [2025-12-04T19:40:40.639+0500] {dagbag.py:545} INFO - Filling up the DagBag from /Library/Frameworks/Python.framework/Versions/3.11/lib/python3.11/site-packages/airflow/example_dags/example_trigger_controller_dag.py
[2025-12-04T19:40:40.658+0500] {processor.py:840} INFO - DAG(s) 'example_trigger_controller_dag' retrieved from /Library/Frameworks/Python.framework/Versions/3.11/lib/python3.11/site-packages/airflow/example_dags/example_trigger_controller_dag.py
[2025-12-04T19:40:40.780+0500] {logging_mixin.py:188} INFO - [2025-12-04T19:40:40.779+0500] {dag.py:3089} INFO - Sync 1 DAGs
[2025-12-04T19:40:40.799+0500] {logging_mixin.py:188} INFO - [2025-12-04T19:40:40.799+0500] {dag.py:3947} INFO - Setting next_dagrun for example_trigger_controller_dag to 2021-01-01 00:00:00+00:00, run_after=2021-01-01 00:00:00+00:00
[2025-12-04T19:40:40.823+0500] {processor.py:183} INFO - Processing /Library/Frameworks/Python.framework/Versions/3.11/lib/python3.11/site-packages/airflow/example_dags/example_trigger_controller_dag.py took 0.189 seconds
[2025-12-04T19:42:54.646+0500] {processor.py:161} INFO - Started process (PID=14938) to work on /Library/Frameworks/Python.framework/Versions/3.11/lib/python3.11/site-packages/airflow/example_dags/example_trigger_controller_dag.py
[2025-12-04T19:42:54.648+0500] {processor.py:830} INFO - Processing file /Library/Frameworks/Python.framework/Versions/3.11/lib/python3.11/site-packages/airflow/example_dags/example_trigger_controller_dag.py for tasks to queue
[2025-12-04T19:42:54.649+0500] {logging_mixin.py:188} INFO - [2025-12-04T19:42:54.649+0500] {dagbag.py:545} INFO - Filling up the DagBag from /Library/Frameworks/Python.framework/Versions/3.11/lib/python3.11/site-packages/airflow/example_dags/example_trigger_controller_dag.py
[2025-12-04T19:42:54.662+0500] {processor.py:840} INFO - DAG(s) 'example_trigger_controller_dag' retrieved from /Library/Frameworks/Python.framework/Versions/3.11/lib/python3.11/site-packages/airflow/example_dags/example_trigger_controller_dag.py
[2025-12-04T19:42:54.768+0500] {logging_mixin.py:188} INFO - [2025-12-04T19:42:54.768+0500] {dag.py:3089} INFO - Sync 1 DAGs
[2025-12-04T19:42:54.784+0500] {logging_mixin.py:188} INFO - [2025-12-04T19:42:54.784+0500] {dag.py:3947} INFO - Setting next_dagrun for example_trigger_controller_dag to 2021-01-01 00:00:00+00:00, run_after=2021-01-01 00:00:00+00:00
[2025-12-04T19:42:54.805+0500] {processor.py:183} INFO - Processing /Library/Frameworks/Python.framework/Versions/3.11/lib/python3.11/site-packages/airflow/example_dags/example_trigger_controller_dag.py took 0.162 seconds
[2025-12-04T19:45:20.001+0500] {processor.py:161} INFO - Started process (PID=15016) to work on /Library/Frameworks/Python.framework/Versions/3.11/lib/python3.11/site-packages/airflow/example_dags/example_trigger_controller_dag.py
[2025-12-04T19:45:20.003+0500] {processor.py:830} INFO - Processing file /Library/Frameworks/Python.framework/Versions/3.11/lib/python3.11/site-packages/airflow/example_dags/example_trigger_controller_dag.py for tasks to queue
[2025-12-04T19:45:20.005+0500] {logging_mixin.py:188} INFO - [2025-12-04T19:45:20.005+0500] {dagbag.py:545} INFO - Filling up the DagBag from /Library/Frameworks/Python.framework/Versions/3.11/lib/python3.11/site-packages/airflow/example_dags/example_trigger_controller_dag.py
[2025-12-04T19:45:20.020+0500] {processor.py:840} INFO - DAG(s) 'example_trigger_controller_dag' retrieved from /Library/Frameworks/Python.framework/Versions/3.11/lib/python3.11/site-packages/airflow/example_dags/example_trigger_controller_dag.py
[2025-12-04T19:45:20.138+0500] {logging_mixin.py:188} INFO - [2025-12-04T19:45:20.137+0500] {dag.py:3089} INFO - Sync 1 DAGs
[2025-12-04T19:45:20.153+0500] {logging_mixin.py:188} INFO - [2025-12-04T19:45:20.153+0500] {dag.py:3947} INFO - Setting next_dagrun for example_trigger_controller_dag to 2021-01-01 00:00:00+00:00, run_after=2021-01-01 00:00:00+00:00
[2025-12-04T19:45:20.176+0500] {processor.py:183} INFO - Processing /Library/Frameworks/Python.framework/Versions/3.11/lib/python3.11/site-packages/airflow/example_dags/example_trigger_controller_dag.py took 0.178 seconds
[2025-12-04T19:47:43.499+0500] {processor.py:161} INFO - Started process (PID=15113) to work on /Library/Frameworks/Python.framework/Versions/3.11/lib/python3.11/site-packages/airflow/example_dags/example_trigger_controller_dag.py
[2025-12-04T19:47:43.501+0500] {processor.py:830} INFO - Processing file /Library/Frameworks/Python.framework/Versions/3.11/lib/python3.11/site-packages/airflow/example_dags/example_trigger_controller_dag.py for tasks to queue
[2025-12-04T19:47:43.502+0500] {logging_mixin.py:188} INFO - [2025-12-04T19:47:43.502+0500] {dagbag.py:545} INFO - Filling up the DagBag from /Library/Frameworks/Python.framework/Versions/3.11/lib/python3.11/site-packages/airflow/example_dags/example_trigger_controller_dag.py
[2025-12-04T19:47:43.515+0500] {processor.py:840} INFO - DAG(s) 'example_trigger_controller_dag' retrieved from /Library/Frameworks/Python.framework/Versions/3.11/lib/python3.11/site-packages/airflow/example_dags/example_trigger_controller_dag.py
[2025-12-04T19:47:43.624+0500] {logging_mixin.py:188} INFO - [2025-12-04T19:47:43.623+0500] {dag.py:3089} INFO - Sync 1 DAGs
[2025-12-04T19:47:43.640+0500] {logging_mixin.py:188} INFO - [2025-12-04T19:47:43.640+0500] {dag.py:3947} INFO - Setting next_dagrun for example_trigger_controller_dag to 2021-01-01 00:00:00+00:00, run_after=2021-01-01 00:00:00+00:00
[2025-12-04T19:47:43.662+0500] {processor.py:183} INFO - Processing /Library/Frameworks/Python.framework/Versions/3.11/lib/python3.11/site-packages/airflow/example_dags/example_trigger_controller_dag.py took 0.166 seconds
[2025-12-04T19:49:50.133+0500] {processor.py:161} INFO - Started process (PID=15182) to work on /Library/Frameworks/Python.framework/Versions/3.11/lib/python3.11/site-packages/airflow/example_dags/example_trigger_controller_dag.py
[2025-12-04T19:49:50.134+0500] {processor.py:830} INFO - Processing file /Library/Frameworks/Python.framework/Versions/3.11/lib/python3.11/site-packages/airflow/example_dags/example_trigger_controller_dag.py for tasks to queue
[2025-12-04T19:49:50.135+0500] {logging_mixin.py:188} INFO - [2025-12-04T19:49:50.135+0500] {dagbag.py:545} INFO - Filling up the DagBag from /Library/Frameworks/Python.framework/Versions/3.11/lib/python3.11/site-packages/airflow/example_dags/example_trigger_controller_dag.py
[2025-12-04T19:49:50.152+0500] {processor.py:840} INFO - DAG(s) 'example_trigger_controller_dag' retrieved from /Library/Frameworks/Python.framework/Versions/3.11/lib/python3.11/site-packages/airflow/example_dags/example_trigger_controller_dag.py
[2025-12-04T19:49:50.262+0500] {logging_mixin.py:188} INFO - [2025-12-04T19:49:50.261+0500] {dag.py:3089} INFO - Sync 1 DAGs
[2025-12-04T19:49:50.279+0500] {logging_mixin.py:188} INFO - [2025-12-04T19:49:50.278+0500] {dag.py:3947} INFO - Setting next_dagrun for example_trigger_controller_dag to 2021-01-01 00:00:00+00:00, run_after=2021-01-01 00:00:00+00:00
[2025-12-04T19:49:50.300+0500] {processor.py:183} INFO - Processing /Library/Frameworks/Python.framework/Versions/3.11/lib/python3.11/site-packages/airflow/example_dags/example_trigger_controller_dag.py took 0.171 seconds
[2025-12-04T19:51:46.926+0500] {processor.py:161} INFO - Started process (PID=15245) to work on /Library/Frameworks/Python.framework/Versions/3.11/lib/python3.11/site-packages/airflow/example_dags/example_trigger_controller_dag.py
[2025-12-04T19:51:46.929+0500] {processor.py:830} INFO - Processing file /Library/Frameworks/Python.framework/Versions/3.11/lib/python3.11/site-packages/airflow/example_dags/example_trigger_controller_dag.py for tasks to queue
[2025-12-04T19:51:46.930+0500] {logging_mixin.py:188} INFO - [2025-12-04T19:51:46.929+0500] {dagbag.py:545} INFO - Filling up the DagBag from /Library/Frameworks/Python.framework/Versions/3.11/lib/python3.11/site-packages/airflow/example_dags/example_trigger_controller_dag.py
[2025-12-04T19:51:46.944+0500] {processor.py:840} INFO - DAG(s) 'example_trigger_controller_dag' retrieved from /Library/Frameworks/Python.framework/Versions/3.11/lib/python3.11/site-packages/airflow/example_dags/example_trigger_controller_dag.py
[2025-12-04T19:51:47.052+0500] {logging_mixin.py:188} INFO - [2025-12-04T19:51:47.052+0500] {dag.py:3089} INFO - Sync 1 DAGs
[2025-12-04T19:51:47.067+0500] {logging_mixin.py:188} INFO - [2025-12-04T19:51:47.067+0500] {dag.py:3947} INFO - Setting next_dagrun for example_trigger_controller_dag to 2021-01-01 00:00:00+00:00, run_after=2021-01-01 00:00:00+00:00
[2025-12-04T19:51:47.103+0500] {processor.py:183} INFO - Processing /Library/Frameworks/Python.framework/Versions/3.11/lib/python3.11/site-packages/airflow/example_dags/example_trigger_controller_dag.py took 0.179 seconds
[2025-12-04T19:53:46.628+0500] {processor.py:161} INFO - Started process (PID=15361) to work on /Library/Frameworks/Python.framework/Versions/3.11/lib/python3.11/site-packages/airflow/example_dags/example_trigger_controller_dag.py
[2025-12-04T19:53:46.631+0500] {processor.py:830} INFO - Processing file /Library/Frameworks/Python.framework/Versions/3.11/lib/python3.11/site-packages/airflow/example_dags/example_trigger_controller_dag.py for tasks to queue
[2025-12-04T19:53:46.632+0500] {logging_mixin.py:188} INFO - [2025-12-04T19:53:46.631+0500] {dagbag.py:545} INFO - Filling up the DagBag from /Library/Frameworks/Python.framework/Versions/3.11/lib/python3.11/site-packages/airflow/example_dags/example_trigger_controller_dag.py
[2025-12-04T19:53:46.644+0500] {processor.py:840} INFO - DAG(s) 'example_trigger_controller_dag' retrieved from /Library/Frameworks/Python.framework/Versions/3.11/lib/python3.11/site-packages/airflow/example_dags/example_trigger_controller_dag.py
[2025-12-04T19:53:46.760+0500] {logging_mixin.py:188} INFO - [2025-12-04T19:53:46.760+0500] {dag.py:3089} INFO - Sync 1 DAGs
[2025-12-04T19:53:46.777+0500] {logging_mixin.py:188} INFO - [2025-12-04T19:53:46.777+0500] {dag.py:3947} INFO - Setting next_dagrun for example_trigger_controller_dag to 2021-01-01 00:00:00+00:00, run_after=2021-01-01 00:00:00+00:00
[2025-12-04T19:53:46.799+0500] {processor.py:183} INFO - Processing /Library/Frameworks/Python.framework/Versions/3.11/lib/python3.11/site-packages/airflow/example_dags/example_trigger_controller_dag.py took 0.173 seconds
[2025-12-04T19:55:41.290+0500] {processor.py:161} INFO - Started process (PID=15425) to work on /Library/Frameworks/Python.framework/Versions/3.11/lib/python3.11/site-packages/airflow/example_dags/example_trigger_controller_dag.py
[2025-12-04T19:55:41.292+0500] {processor.py:830} INFO - Processing file /Library/Frameworks/Python.framework/Versions/3.11/lib/python3.11/site-packages/airflow/example_dags/example_trigger_controller_dag.py for tasks to queue
[2025-12-04T19:55:41.293+0500] {logging_mixin.py:188} INFO - [2025-12-04T19:55:41.293+0500] {dagbag.py:545} INFO - Filling up the DagBag from /Library/Frameworks/Python.framework/Versions/3.11/lib/python3.11/site-packages/airflow/example_dags/example_trigger_controller_dag.py
[2025-12-04T19:55:41.306+0500] {processor.py:840} INFO - DAG(s) 'example_trigger_controller_dag' retrieved from /Library/Frameworks/Python.framework/Versions/3.11/lib/python3.11/site-packages/airflow/example_dags/example_trigger_controller_dag.py
[2025-12-04T19:55:41.467+0500] {logging_mixin.py:188} INFO - [2025-12-04T19:55:41.466+0500] {dag.py:3089} INFO - Sync 1 DAGs
[2025-12-04T19:55:41.483+0500] {logging_mixin.py:188} INFO - [2025-12-04T19:55:41.483+0500] {dag.py:3947} INFO - Setting next_dagrun for example_trigger_controller_dag to 2021-01-01 00:00:00+00:00, run_after=2021-01-01 00:00:00+00:00
[2025-12-04T19:55:41.504+0500] {processor.py:183} INFO - Processing /Library/Frameworks/Python.framework/Versions/3.11/lib/python3.11/site-packages/airflow/example_dags/example_trigger_controller_dag.py took 0.217 seconds
[2025-12-04T19:57:33.889+0500] {processor.py:161} INFO - Started process (PID=15489) to work on /Library/Frameworks/Python.framework/Versions/3.11/lib/python3.11/site-packages/airflow/example_dags/example_trigger_controller_dag.py
[2025-12-04T19:57:33.891+0500] {processor.py:830} INFO - Processing file /Library/Frameworks/Python.framework/Versions/3.11/lib/python3.11/site-packages/airflow/example_dags/example_trigger_controller_dag.py for tasks to queue
[2025-12-04T19:57:33.892+0500] {logging_mixin.py:188} INFO - [2025-12-04T19:57:33.892+0500] {dagbag.py:545} INFO - Filling up the DagBag from /Library/Frameworks/Python.framework/Versions/3.11/lib/python3.11/site-packages/airflow/example_dags/example_trigger_controller_dag.py
[2025-12-04T19:57:33.906+0500] {processor.py:840} INFO - DAG(s) 'example_trigger_controller_dag' retrieved from /Library/Frameworks/Python.framework/Versions/3.11/lib/python3.11/site-packages/airflow/example_dags/example_trigger_controller_dag.py
[2025-12-04T19:57:34.014+0500] {logging_mixin.py:188} INFO - [2025-12-04T19:57:34.014+0500] {dag.py:3089} INFO - Sync 1 DAGs
[2025-12-04T19:57:34.030+0500] {logging_mixin.py:188} INFO - [2025-12-04T19:57:34.030+0500] {dag.py:3947} INFO - Setting next_dagrun for example_trigger_controller_dag to 2021-01-01 00:00:00+00:00, run_after=2021-01-01 00:00:00+00:00
[2025-12-04T19:57:34.051+0500] {processor.py:183} INFO - Processing /Library/Frameworks/Python.framework/Versions/3.11/lib/python3.11/site-packages/airflow/example_dags/example_trigger_controller_dag.py took 0.165 seconds
[2025-12-04T20:41:28.516+0500] {processor.py:161} INFO - Started process (PID=15600) to work on /Library/Frameworks/Python.framework/Versions/3.11/lib/python3.11/site-packages/airflow/example_dags/example_trigger_controller_dag.py
[2025-12-04T20:41:28.518+0500] {processor.py:830} INFO - Processing file /Library/Frameworks/Python.framework/Versions/3.11/lib/python3.11/site-packages/airflow/example_dags/example_trigger_controller_dag.py for tasks to queue
[2025-12-04T20:41:28.521+0500] {logging_mixin.py:188} INFO - [2025-12-04T20:41:28.520+0500] {dagbag.py:545} INFO - Filling up the DagBag from /Library/Frameworks/Python.framework/Versions/3.11/lib/python3.11/site-packages/airflow/example_dags/example_trigger_controller_dag.py
[2025-12-04T20:41:28.537+0500] {processor.py:840} INFO - DAG(s) 'example_trigger_controller_dag' retrieved from /Library/Frameworks/Python.framework/Versions/3.11/lib/python3.11/site-packages/airflow/example_dags/example_trigger_controller_dag.py
[2025-12-04T20:41:28.692+0500] {logging_mixin.py:188} INFO - [2025-12-04T20:41:28.692+0500] {dag.py:3089} INFO - Sync 1 DAGs
[2025-12-04T20:41:28.717+0500] {logging_mixin.py:188} INFO - [2025-12-04T20:41:28.717+0500] {dag.py:3947} INFO - Setting next_dagrun for example_trigger_controller_dag to 2021-01-01 00:00:00+00:00, run_after=2021-01-01 00:00:00+00:00
[2025-12-04T20:41:28.758+0500] {processor.py:183} INFO - Processing /Library/Frameworks/Python.framework/Versions/3.11/lib/python3.11/site-packages/airflow/example_dags/example_trigger_controller_dag.py took 0.246 seconds
[2025-12-04T20:44:29.425+0500] {processor.py:161} INFO - Started process (PID=15767) to work on /Library/Frameworks/Python.framework/Versions/3.11/lib/python3.11/site-packages/airflow/example_dags/example_trigger_controller_dag.py
[2025-12-04T20:44:29.427+0500] {processor.py:830} INFO - Processing file /Library/Frameworks/Python.framework/Versions/3.11/lib/python3.11/site-packages/airflow/example_dags/example_trigger_controller_dag.py for tasks to queue
[2025-12-04T20:44:29.428+0500] {logging_mixin.py:188} INFO - [2025-12-04T20:44:29.428+0500] {dagbag.py:545} INFO - Filling up the DagBag from /Library/Frameworks/Python.framework/Versions/3.11/lib/python3.11/site-packages/airflow/example_dags/example_trigger_controller_dag.py
[2025-12-04T20:44:29.444+0500] {processor.py:840} INFO - DAG(s) 'example_trigger_controller_dag' retrieved from /Library/Frameworks/Python.framework/Versions/3.11/lib/python3.11/site-packages/airflow/example_dags/example_trigger_controller_dag.py
[2025-12-04T20:44:29.588+0500] {logging_mixin.py:188} INFO - [2025-12-04T20:44:29.587+0500] {dag.py:3089} INFO - Sync 1 DAGs
[2025-12-04T20:44:29.608+0500] {logging_mixin.py:188} INFO - [2025-12-04T20:44:29.608+0500] {dag.py:3947} INFO - Setting next_dagrun for example_trigger_controller_dag to 2021-01-01 00:00:00+00:00, run_after=2021-01-01 00:00:00+00:00
[2025-12-04T20:44:29.630+0500] {processor.py:183} INFO - Processing /Library/Frameworks/Python.framework/Versions/3.11/lib/python3.11/site-packages/airflow/example_dags/example_trigger_controller_dag.py took 0.208 seconds
[2025-12-04T20:47:02.714+0500] {processor.py:161} INFO - Started process (PID=15845) to work on /Library/Frameworks/Python.framework/Versions/3.11/lib/python3.11/site-packages/airflow/example_dags/example_trigger_controller_dag.py
[2025-12-04T20:47:02.716+0500] {processor.py:830} INFO - Processing file /Library/Frameworks/Python.framework/Versions/3.11/lib/python3.11/site-packages/airflow/example_dags/example_trigger_controller_dag.py for tasks to queue
[2025-12-04T20:47:02.717+0500] {logging_mixin.py:188} INFO - [2025-12-04T20:47:02.717+0500] {dagbag.py:545} INFO - Filling up the DagBag from /Library/Frameworks/Python.framework/Versions/3.11/lib/python3.11/site-packages/airflow/example_dags/example_trigger_controller_dag.py
[2025-12-04T20:47:02.731+0500] {processor.py:840} INFO - DAG(s) 'example_trigger_controller_dag' retrieved from /Library/Frameworks/Python.framework/Versions/3.11/lib/python3.11/site-packages/airflow/example_dags/example_trigger_controller_dag.py
[2025-12-04T20:47:02.840+0500] {logging_mixin.py:188} INFO - [2025-12-04T20:47:02.840+0500] {dag.py:3089} INFO - Sync 1 DAGs
[2025-12-04T20:47:02.857+0500] {logging_mixin.py:188} INFO - [2025-12-04T20:47:02.857+0500] {dag.py:3947} INFO - Setting next_dagrun for example_trigger_controller_dag to 2021-01-01 00:00:00+00:00, run_after=2021-01-01 00:00:00+00:00
[2025-12-04T20:47:02.879+0500] {processor.py:183} INFO - Processing /Library/Frameworks/Python.framework/Versions/3.11/lib/python3.11/site-packages/airflow/example_dags/example_trigger_controller_dag.py took 0.168 seconds
[2025-12-04T20:49:19.524+0500] {processor.py:161} INFO - Started process (PID=15926) to work on /Library/Frameworks/Python.framework/Versions/3.11/lib/python3.11/site-packages/airflow/example_dags/example_trigger_controller_dag.py
[2025-12-04T20:49:19.526+0500] {processor.py:830} INFO - Processing file /Library/Frameworks/Python.framework/Versions/3.11/lib/python3.11/site-packages/airflow/example_dags/example_trigger_controller_dag.py for tasks to queue
[2025-12-04T20:49:19.526+0500] {logging_mixin.py:188} INFO - [2025-12-04T20:49:19.526+0500] {dagbag.py:545} INFO - Filling up the DagBag from /Library/Frameworks/Python.framework/Versions/3.11/lib/python3.11/site-packages/airflow/example_dags/example_trigger_controller_dag.py
[2025-12-04T20:49:19.545+0500] {processor.py:840} INFO - DAG(s) 'example_trigger_controller_dag' retrieved from /Library/Frameworks/Python.framework/Versions/3.11/lib/python3.11/site-packages/airflow/example_dags/example_trigger_controller_dag.py
[2025-12-04T20:49:19.701+0500] {logging_mixin.py:188} INFO - [2025-12-04T20:49:19.700+0500] {dag.py:3089} INFO - Sync 1 DAGs
[2025-12-04T20:49:19.727+0500] {logging_mixin.py:188} INFO - [2025-12-04T20:49:19.727+0500] {dag.py:3947} INFO - Setting next_dagrun for example_trigger_controller_dag to 2021-01-01 00:00:00+00:00, run_after=2021-01-01 00:00:00+00:00
[2025-12-04T20:49:19.758+0500] {processor.py:183} INFO - Processing /Library/Frameworks/Python.framework/Versions/3.11/lib/python3.11/site-packages/airflow/example_dags/example_trigger_controller_dag.py took 0.237 seconds
