[2025-12-04T18:19:13.695+0500] {processor.py:161} INFO - Started process (PID=11712) to work on /Library/Frameworks/Python.framework/Versions/3.11/lib/python3.11/site-packages/airflow/example_dags/example_setup_teardown.py
[2025-12-04T18:19:13.696+0500] {processor.py:830} INFO - Processing file /Library/Frameworks/Python.framework/Versions/3.11/lib/python3.11/site-packages/airflow/example_dags/example_setup_teardown.py for tasks to queue
[2025-12-04T18:19:13.699+0500] {logging_mixin.py:188} INFO - [2025-12-04T18:19:13.698+0500] {dagbag.py:545} INFO - Filling up the DagBag from /Library/Frameworks/Python.framework/Versions/3.11/lib/python3.11/site-packages/airflow/example_dags/example_setup_teardown.py
[2025-12-04T18:19:13.712+0500] {processor.py:840} INFO - DAG(s) 'example_setup_teardown' retrieved from /Library/Frameworks/Python.framework/Versions/3.11/lib/python3.11/site-packages/airflow/example_dags/example_setup_teardown.py
[2025-12-04T18:19:13.987+0500] {logging_mixin.py:188} INFO - [2025-12-04T18:19:13.985+0500] {override.py:1858} INFO - Created Permission View: can read on DAG:example_setup_teardown
[2025-12-04T18:19:14.000+0500] {logging_mixin.py:188} INFO - [2025-12-04T18:19:13.999+0500] {override.py:1858} INFO - Created Permission View: can edit on DAG:example_setup_teardown
[2025-12-04T18:19:14.010+0500] {logging_mixin.py:188} INFO - [2025-12-04T18:19:14.009+0500] {override.py:1858} INFO - Created Permission View: can delete on DAG:example_setup_teardown
[2025-12-04T18:19:14.011+0500] {logging_mixin.py:188} INFO - [2025-12-04T18:19:14.011+0500] {dag.py:3089} INFO - Sync 1 DAGs
[2025-12-04T18:19:14.086+0500] {logging_mixin.py:188} INFO - [2025-12-04T18:19:14.085+0500] {dag.py:3111} INFO - Creating ORM DAG for example_setup_teardown
[2025-12-04T18:19:14.094+0500] {logging_mixin.py:188} INFO - [2025-12-04T18:19:14.094+0500] {dag.py:3947} INFO - Setting next_dagrun for example_setup_teardown to 2025-12-03 00:00:00+00:00, run_after=2025-12-04 00:00:00+00:00
[2025-12-04T18:19:14.123+0500] {processor.py:183} INFO - Processing /Library/Frameworks/Python.framework/Versions/3.11/lib/python3.11/site-packages/airflow/example_dags/example_setup_teardown.py took 0.431 seconds
[2025-12-04T18:21:58.900+0500] {processor.py:161} INFO - Started process (PID=11809) to work on /Library/Frameworks/Python.framework/Versions/3.11/lib/python3.11/site-packages/airflow/example_dags/example_setup_teardown.py
[2025-12-04T18:21:58.903+0500] {processor.py:830} INFO - Processing file /Library/Frameworks/Python.framework/Versions/3.11/lib/python3.11/site-packages/airflow/example_dags/example_setup_teardown.py for tasks to queue
[2025-12-04T18:21:58.904+0500] {logging_mixin.py:188} INFO - [2025-12-04T18:21:58.903+0500] {dagbag.py:545} INFO - Filling up the DagBag from /Library/Frameworks/Python.framework/Versions/3.11/lib/python3.11/site-packages/airflow/example_dags/example_setup_teardown.py
[2025-12-04T18:21:58.916+0500] {processor.py:840} INFO - DAG(s) 'example_setup_teardown' retrieved from /Library/Frameworks/Python.framework/Versions/3.11/lib/python3.11/site-packages/airflow/example_dags/example_setup_teardown.py
[2025-12-04T18:21:59.034+0500] {logging_mixin.py:188} INFO - [2025-12-04T18:21:59.034+0500] {dag.py:3089} INFO - Sync 1 DAGs
[2025-12-04T18:21:59.050+0500] {logging_mixin.py:188} INFO - [2025-12-04T18:21:59.050+0500] {dag.py:3947} INFO - Setting next_dagrun for example_setup_teardown to 2025-12-03 00:00:00+00:00, run_after=2025-12-04 00:00:00+00:00
[2025-12-04T18:21:59.070+0500] {processor.py:183} INFO - Processing /Library/Frameworks/Python.framework/Versions/3.11/lib/python3.11/site-packages/airflow/example_dags/example_setup_teardown.py took 0.173 seconds
[2025-12-04T18:24:02.709+0500] {processor.py:161} INFO - Started process (PID=11885) to work on /Library/Frameworks/Python.framework/Versions/3.11/lib/python3.11/site-packages/airflow/example_dags/example_setup_teardown.py
[2025-12-04T18:24:02.711+0500] {processor.py:830} INFO - Processing file /Library/Frameworks/Python.framework/Versions/3.11/lib/python3.11/site-packages/airflow/example_dags/example_setup_teardown.py for tasks to queue
[2025-12-04T18:24:02.712+0500] {logging_mixin.py:188} INFO - [2025-12-04T18:24:02.712+0500] {dagbag.py:545} INFO - Filling up the DagBag from /Library/Frameworks/Python.framework/Versions/3.11/lib/python3.11/site-packages/airflow/example_dags/example_setup_teardown.py
[2025-12-04T18:24:02.724+0500] {processor.py:840} INFO - DAG(s) 'example_setup_teardown' retrieved from /Library/Frameworks/Python.framework/Versions/3.11/lib/python3.11/site-packages/airflow/example_dags/example_setup_teardown.py
[2025-12-04T18:24:02.836+0500] {logging_mixin.py:188} INFO - [2025-12-04T18:24:02.835+0500] {dag.py:3089} INFO - Sync 1 DAGs
[2025-12-04T18:24:02.851+0500] {logging_mixin.py:188} INFO - [2025-12-04T18:24:02.851+0500] {dag.py:3947} INFO - Setting next_dagrun for example_setup_teardown to 2025-12-03 00:00:00+00:00, run_after=2025-12-04 00:00:00+00:00
[2025-12-04T18:24:02.872+0500] {processor.py:183} INFO - Processing /Library/Frameworks/Python.framework/Versions/3.11/lib/python3.11/site-packages/airflow/example_dags/example_setup_teardown.py took 0.166 seconds
[2025-12-04T18:26:09.069+0500] {processor.py:161} INFO - Started process (PID=11985) to work on /Library/Frameworks/Python.framework/Versions/3.11/lib/python3.11/site-packages/airflow/example_dags/example_setup_teardown.py
[2025-12-04T18:26:09.071+0500] {processor.py:830} INFO - Processing file /Library/Frameworks/Python.framework/Versions/3.11/lib/python3.11/site-packages/airflow/example_dags/example_setup_teardown.py for tasks to queue
[2025-12-04T18:26:09.072+0500] {logging_mixin.py:188} INFO - [2025-12-04T18:26:09.071+0500] {dagbag.py:545} INFO - Filling up the DagBag from /Library/Frameworks/Python.framework/Versions/3.11/lib/python3.11/site-packages/airflow/example_dags/example_setup_teardown.py
[2025-12-04T18:26:09.090+0500] {processor.py:840} INFO - DAG(s) 'example_setup_teardown' retrieved from /Library/Frameworks/Python.framework/Versions/3.11/lib/python3.11/site-packages/airflow/example_dags/example_setup_teardown.py
[2025-12-04T18:26:09.210+0500] {logging_mixin.py:188} INFO - [2025-12-04T18:26:09.210+0500] {dag.py:3089} INFO - Sync 1 DAGs
[2025-12-04T18:26:09.226+0500] {logging_mixin.py:188} INFO - [2025-12-04T18:26:09.226+0500] {dag.py:3947} INFO - Setting next_dagrun for example_setup_teardown to 2025-12-03 00:00:00+00:00, run_after=2025-12-04 00:00:00+00:00
[2025-12-04T18:26:09.246+0500] {processor.py:183} INFO - Processing /Library/Frameworks/Python.framework/Versions/3.11/lib/python3.11/site-packages/airflow/example_dags/example_setup_teardown.py took 0.181 seconds
[2025-12-04T18:28:26.033+0500] {processor.py:161} INFO - Started process (PID=12107) to work on /Library/Frameworks/Python.framework/Versions/3.11/lib/python3.11/site-packages/airflow/example_dags/example_setup_teardown.py
[2025-12-04T18:28:26.035+0500] {processor.py:830} INFO - Processing file /Library/Frameworks/Python.framework/Versions/3.11/lib/python3.11/site-packages/airflow/example_dags/example_setup_teardown.py for tasks to queue
[2025-12-04T18:28:26.036+0500] {logging_mixin.py:188} INFO - [2025-12-04T18:28:26.036+0500] {dagbag.py:545} INFO - Filling up the DagBag from /Library/Frameworks/Python.framework/Versions/3.11/lib/python3.11/site-packages/airflow/example_dags/example_setup_teardown.py
[2025-12-04T18:28:26.050+0500] {processor.py:840} INFO - DAG(s) 'example_setup_teardown' retrieved from /Library/Frameworks/Python.framework/Versions/3.11/lib/python3.11/site-packages/airflow/example_dags/example_setup_teardown.py
[2025-12-04T18:28:26.185+0500] {logging_mixin.py:188} INFO - [2025-12-04T18:28:26.185+0500] {dag.py:3089} INFO - Sync 1 DAGs
[2025-12-04T18:28:26.215+0500] {logging_mixin.py:188} INFO - [2025-12-04T18:28:26.214+0500] {dag.py:3947} INFO - Setting next_dagrun for example_setup_teardown to 2025-12-03 00:00:00+00:00, run_after=2025-12-04 00:00:00+00:00
[2025-12-04T18:28:26.242+0500] {processor.py:183} INFO - Processing /Library/Frameworks/Python.framework/Versions/3.11/lib/python3.11/site-packages/airflow/example_dags/example_setup_teardown.py took 0.211 seconds
[2025-12-04T18:30:57.167+0500] {processor.py:161} INFO - Started process (PID=12213) to work on /Library/Frameworks/Python.framework/Versions/3.11/lib/python3.11/site-packages/airflow/example_dags/example_setup_teardown.py
[2025-12-04T18:30:57.169+0500] {processor.py:830} INFO - Processing file /Library/Frameworks/Python.framework/Versions/3.11/lib/python3.11/site-packages/airflow/example_dags/example_setup_teardown.py for tasks to queue
[2025-12-04T18:30:57.170+0500] {logging_mixin.py:188} INFO - [2025-12-04T18:30:57.170+0500] {dagbag.py:545} INFO - Filling up the DagBag from /Library/Frameworks/Python.framework/Versions/3.11/lib/python3.11/site-packages/airflow/example_dags/example_setup_teardown.py
[2025-12-04T18:30:57.184+0500] {processor.py:840} INFO - DAG(s) 'example_setup_teardown' retrieved from /Library/Frameworks/Python.framework/Versions/3.11/lib/python3.11/site-packages/airflow/example_dags/example_setup_teardown.py
[2025-12-04T18:30:57.343+0500] {logging_mixin.py:188} INFO - [2025-12-04T18:30:57.342+0500] {dag.py:3089} INFO - Sync 1 DAGs
[2025-12-04T18:30:57.361+0500] {logging_mixin.py:188} INFO - [2025-12-04T18:30:57.361+0500] {dag.py:3947} INFO - Setting next_dagrun for example_setup_teardown to 2025-12-03 00:00:00+00:00, run_after=2025-12-04 00:00:00+00:00
[2025-12-04T18:30:57.384+0500] {processor.py:183} INFO - Processing /Library/Frameworks/Python.framework/Versions/3.11/lib/python3.11/site-packages/airflow/example_dags/example_setup_teardown.py took 0.221 seconds
[2025-12-04T18:33:21.598+0500] {processor.py:161} INFO - Started process (PID=12324) to work on /Library/Frameworks/Python.framework/Versions/3.11/lib/python3.11/site-packages/airflow/example_dags/example_setup_teardown.py
[2025-12-04T18:33:21.600+0500] {processor.py:830} INFO - Processing file /Library/Frameworks/Python.framework/Versions/3.11/lib/python3.11/site-packages/airflow/example_dags/example_setup_teardown.py for tasks to queue
[2025-12-04T18:33:21.601+0500] {logging_mixin.py:188} INFO - [2025-12-04T18:33:21.601+0500] {dagbag.py:545} INFO - Filling up the DagBag from /Library/Frameworks/Python.framework/Versions/3.11/lib/python3.11/site-packages/airflow/example_dags/example_setup_teardown.py
[2025-12-04T18:33:21.618+0500] {processor.py:840} INFO - DAG(s) 'example_setup_teardown' retrieved from /Library/Frameworks/Python.framework/Versions/3.11/lib/python3.11/site-packages/airflow/example_dags/example_setup_teardown.py
[2025-12-04T18:33:21.743+0500] {logging_mixin.py:188} INFO - [2025-12-04T18:33:21.742+0500] {dag.py:3089} INFO - Sync 1 DAGs
[2025-12-04T18:33:21.759+0500] {logging_mixin.py:188} INFO - [2025-12-04T18:33:21.758+0500] {dag.py:3947} INFO - Setting next_dagrun for example_setup_teardown to 2025-12-03 00:00:00+00:00, run_after=2025-12-04 00:00:00+00:00
[2025-12-04T18:33:21.781+0500] {processor.py:183} INFO - Processing /Library/Frameworks/Python.framework/Versions/3.11/lib/python3.11/site-packages/airflow/example_dags/example_setup_teardown.py took 0.186 seconds
[2025-12-04T18:35:32.435+0500] {processor.py:161} INFO - Started process (PID=12421) to work on /Library/Frameworks/Python.framework/Versions/3.11/lib/python3.11/site-packages/airflow/example_dags/example_setup_teardown.py
[2025-12-04T18:35:32.437+0500] {processor.py:830} INFO - Processing file /Library/Frameworks/Python.framework/Versions/3.11/lib/python3.11/site-packages/airflow/example_dags/example_setup_teardown.py for tasks to queue
[2025-12-04T18:35:32.438+0500] {logging_mixin.py:188} INFO - [2025-12-04T18:35:32.438+0500] {dagbag.py:545} INFO - Filling up the DagBag from /Library/Frameworks/Python.framework/Versions/3.11/lib/python3.11/site-packages/airflow/example_dags/example_setup_teardown.py
[2025-12-04T18:35:32.450+0500] {processor.py:840} INFO - DAG(s) 'example_setup_teardown' retrieved from /Library/Frameworks/Python.framework/Versions/3.11/lib/python3.11/site-packages/airflow/example_dags/example_setup_teardown.py
[2025-12-04T18:35:32.561+0500] {logging_mixin.py:188} INFO - [2025-12-04T18:35:32.561+0500] {dag.py:3089} INFO - Sync 1 DAGs
[2025-12-04T18:35:32.577+0500] {logging_mixin.py:188} INFO - [2025-12-04T18:35:32.577+0500] {dag.py:3947} INFO - Setting next_dagrun for example_setup_teardown to 2025-12-03 00:00:00+00:00, run_after=2025-12-04 00:00:00+00:00
[2025-12-04T18:35:32.597+0500] {processor.py:183} INFO - Processing /Library/Frameworks/Python.framework/Versions/3.11/lib/python3.11/site-packages/airflow/example_dags/example_setup_teardown.py took 0.165 seconds
[2025-12-04T18:37:31.267+0500] {processor.py:161} INFO - Started process (PID=12487) to work on /Library/Frameworks/Python.framework/Versions/3.11/lib/python3.11/site-packages/airflow/example_dags/example_setup_teardown.py
[2025-12-04T18:37:31.270+0500] {processor.py:830} INFO - Processing file /Library/Frameworks/Python.framework/Versions/3.11/lib/python3.11/site-packages/airflow/example_dags/example_setup_teardown.py for tasks to queue
[2025-12-04T18:37:31.271+0500] {logging_mixin.py:188} INFO - [2025-12-04T18:37:31.270+0500] {dagbag.py:545} INFO - Filling up the DagBag from /Library/Frameworks/Python.framework/Versions/3.11/lib/python3.11/site-packages/airflow/example_dags/example_setup_teardown.py
[2025-12-04T18:37:31.282+0500] {processor.py:840} INFO - DAG(s) 'example_setup_teardown' retrieved from /Library/Frameworks/Python.framework/Versions/3.11/lib/python3.11/site-packages/airflow/example_dags/example_setup_teardown.py
[2025-12-04T18:37:31.393+0500] {logging_mixin.py:188} INFO - [2025-12-04T18:37:31.393+0500] {dag.py:3089} INFO - Sync 1 DAGs
[2025-12-04T18:37:31.413+0500] {logging_mixin.py:188} INFO - [2025-12-04T18:37:31.413+0500] {dag.py:3947} INFO - Setting next_dagrun for example_setup_teardown to 2025-12-03 00:00:00+00:00, run_after=2025-12-04 00:00:00+00:00
[2025-12-04T18:37:31.433+0500] {processor.py:183} INFO - Processing /Library/Frameworks/Python.framework/Versions/3.11/lib/python3.11/site-packages/airflow/example_dags/example_setup_teardown.py took 0.169 seconds
[2025-12-04T18:39:23.469+0500] {processor.py:161} INFO - Started process (PID=12553) to work on /Library/Frameworks/Python.framework/Versions/3.11/lib/python3.11/site-packages/airflow/example_dags/example_setup_teardown.py
[2025-12-04T18:39:23.471+0500] {processor.py:830} INFO - Processing file /Library/Frameworks/Python.framework/Versions/3.11/lib/python3.11/site-packages/airflow/example_dags/example_setup_teardown.py for tasks to queue
[2025-12-04T18:39:23.472+0500] {logging_mixin.py:188} INFO - [2025-12-04T18:39:23.471+0500] {dagbag.py:545} INFO - Filling up the DagBag from /Library/Frameworks/Python.framework/Versions/3.11/lib/python3.11/site-packages/airflow/example_dags/example_setup_teardown.py
[2025-12-04T18:39:23.483+0500] {processor.py:840} INFO - DAG(s) 'example_setup_teardown' retrieved from /Library/Frameworks/Python.framework/Versions/3.11/lib/python3.11/site-packages/airflow/example_dags/example_setup_teardown.py
[2025-12-04T18:39:23.597+0500] {logging_mixin.py:188} INFO - [2025-12-04T18:39:23.597+0500] {dag.py:3089} INFO - Sync 1 DAGs
[2025-12-04T18:39:23.613+0500] {logging_mixin.py:188} INFO - [2025-12-04T18:39:23.612+0500] {dag.py:3947} INFO - Setting next_dagrun for example_setup_teardown to 2025-12-03 00:00:00+00:00, run_after=2025-12-04 00:00:00+00:00
[2025-12-04T18:39:23.632+0500] {processor.py:183} INFO - Processing /Library/Frameworks/Python.framework/Versions/3.11/lib/python3.11/site-packages/airflow/example_dags/example_setup_teardown.py took 0.166 seconds
[2025-12-04T18:41:28.221+0500] {processor.py:161} INFO - Started process (PID=12662) to work on /Library/Frameworks/Python.framework/Versions/3.11/lib/python3.11/site-packages/airflow/example_dags/example_setup_teardown.py
[2025-12-04T18:41:28.223+0500] {processor.py:830} INFO - Processing file /Library/Frameworks/Python.framework/Versions/3.11/lib/python3.11/site-packages/airflow/example_dags/example_setup_teardown.py for tasks to queue
[2025-12-04T18:41:28.224+0500] {logging_mixin.py:188} INFO - [2025-12-04T18:41:28.224+0500] {dagbag.py:545} INFO - Filling up the DagBag from /Library/Frameworks/Python.framework/Versions/3.11/lib/python3.11/site-packages/airflow/example_dags/example_setup_teardown.py
[2025-12-04T18:41:28.239+0500] {processor.py:840} INFO - DAG(s) 'example_setup_teardown' retrieved from /Library/Frameworks/Python.framework/Versions/3.11/lib/python3.11/site-packages/airflow/example_dags/example_setup_teardown.py
[2025-12-04T18:41:28.356+0500] {logging_mixin.py:188} INFO - [2025-12-04T18:41:28.356+0500] {dag.py:3089} INFO - Sync 1 DAGs
[2025-12-04T18:41:28.372+0500] {logging_mixin.py:188} INFO - [2025-12-04T18:41:28.372+0500] {dag.py:3947} INFO - Setting next_dagrun for example_setup_teardown to 2025-12-03 00:00:00+00:00, run_after=2025-12-04 00:00:00+00:00
[2025-12-04T18:41:28.393+0500] {processor.py:183} INFO - Processing /Library/Frameworks/Python.framework/Versions/3.11/lib/python3.11/site-packages/airflow/example_dags/example_setup_teardown.py took 0.174 seconds
[2025-12-04T18:43:41.639+0500] {processor.py:161} INFO - Started process (PID=12731) to work on /Library/Frameworks/Python.framework/Versions/3.11/lib/python3.11/site-packages/airflow/example_dags/example_setup_teardown.py
[2025-12-04T18:43:41.641+0500] {processor.py:830} INFO - Processing file /Library/Frameworks/Python.framework/Versions/3.11/lib/python3.11/site-packages/airflow/example_dags/example_setup_teardown.py for tasks to queue
[2025-12-04T18:43:41.642+0500] {logging_mixin.py:188} INFO - [2025-12-04T18:43:41.642+0500] {dagbag.py:545} INFO - Filling up the DagBag from /Library/Frameworks/Python.framework/Versions/3.11/lib/python3.11/site-packages/airflow/example_dags/example_setup_teardown.py
[2025-12-04T18:43:41.654+0500] {processor.py:840} INFO - DAG(s) 'example_setup_teardown' retrieved from /Library/Frameworks/Python.framework/Versions/3.11/lib/python3.11/site-packages/airflow/example_dags/example_setup_teardown.py
[2025-12-04T18:43:41.771+0500] {logging_mixin.py:188} INFO - [2025-12-04T18:43:41.771+0500] {dag.py:3089} INFO - Sync 1 DAGs
[2025-12-04T18:43:41.788+0500] {logging_mixin.py:188} INFO - [2025-12-04T18:43:41.787+0500] {dag.py:3947} INFO - Setting next_dagrun for example_setup_teardown to 2025-12-03 00:00:00+00:00, run_after=2025-12-04 00:00:00+00:00
[2025-12-04T18:43:41.809+0500] {processor.py:183} INFO - Processing /Library/Frameworks/Python.framework/Versions/3.11/lib/python3.11/site-packages/airflow/example_dags/example_setup_teardown.py took 0.173 seconds
[2025-12-04T18:45:44.895+0500] {processor.py:161} INFO - Started process (PID=12817) to work on /Library/Frameworks/Python.framework/Versions/3.11/lib/python3.11/site-packages/airflow/example_dags/example_setup_teardown.py
[2025-12-04T18:45:44.897+0500] {processor.py:830} INFO - Processing file /Library/Frameworks/Python.framework/Versions/3.11/lib/python3.11/site-packages/airflow/example_dags/example_setup_teardown.py for tasks to queue
[2025-12-04T18:45:44.898+0500] {logging_mixin.py:188} INFO - [2025-12-04T18:45:44.898+0500] {dagbag.py:545} INFO - Filling up the DagBag from /Library/Frameworks/Python.framework/Versions/3.11/lib/python3.11/site-packages/airflow/example_dags/example_setup_teardown.py
[2025-12-04T18:45:44.909+0500] {processor.py:840} INFO - DAG(s) 'example_setup_teardown' retrieved from /Library/Frameworks/Python.framework/Versions/3.11/lib/python3.11/site-packages/airflow/example_dags/example_setup_teardown.py
[2025-12-04T18:45:45.021+0500] {logging_mixin.py:188} INFO - [2025-12-04T18:45:45.021+0500] {dag.py:3089} INFO - Sync 1 DAGs
[2025-12-04T18:45:45.036+0500] {logging_mixin.py:188} INFO - [2025-12-04T18:45:45.036+0500] {dag.py:3947} INFO - Setting next_dagrun for example_setup_teardown to 2025-12-03 00:00:00+00:00, run_after=2025-12-04 00:00:00+00:00
[2025-12-04T18:45:45.057+0500] {processor.py:183} INFO - Processing /Library/Frameworks/Python.framework/Versions/3.11/lib/python3.11/site-packages/airflow/example_dags/example_setup_teardown.py took 0.165 seconds
[2025-12-04T18:47:44.373+0500] {processor.py:161} INFO - Started process (PID=12901) to work on /Library/Frameworks/Python.framework/Versions/3.11/lib/python3.11/site-packages/airflow/example_dags/example_setup_teardown.py
[2025-12-04T18:47:44.375+0500] {processor.py:830} INFO - Processing file /Library/Frameworks/Python.framework/Versions/3.11/lib/python3.11/site-packages/airflow/example_dags/example_setup_teardown.py for tasks to queue
[2025-12-04T18:47:44.376+0500] {logging_mixin.py:188} INFO - [2025-12-04T18:47:44.376+0500] {dagbag.py:545} INFO - Filling up the DagBag from /Library/Frameworks/Python.framework/Versions/3.11/lib/python3.11/site-packages/airflow/example_dags/example_setup_teardown.py
[2025-12-04T18:47:44.387+0500] {processor.py:840} INFO - DAG(s) 'example_setup_teardown' retrieved from /Library/Frameworks/Python.framework/Versions/3.11/lib/python3.11/site-packages/airflow/example_dags/example_setup_teardown.py
[2025-12-04T18:47:44.517+0500] {logging_mixin.py:188} INFO - [2025-12-04T18:47:44.517+0500] {dag.py:3089} INFO - Sync 1 DAGs
[2025-12-04T18:47:44.534+0500] {logging_mixin.py:188} INFO - [2025-12-04T18:47:44.534+0500] {dag.py:3947} INFO - Setting next_dagrun for example_setup_teardown to 2025-12-03 00:00:00+00:00, run_after=2025-12-04 00:00:00+00:00
[2025-12-04T18:47:44.556+0500] {processor.py:183} INFO - Processing /Library/Frameworks/Python.framework/Versions/3.11/lib/python3.11/site-packages/airflow/example_dags/example_setup_teardown.py took 0.186 seconds
[2025-12-04T18:49:53.185+0500] {processor.py:161} INFO - Started process (PID=12970) to work on /Library/Frameworks/Python.framework/Versions/3.11/lib/python3.11/site-packages/airflow/example_dags/example_setup_teardown.py
[2025-12-04T18:49:53.187+0500] {processor.py:830} INFO - Processing file /Library/Frameworks/Python.framework/Versions/3.11/lib/python3.11/site-packages/airflow/example_dags/example_setup_teardown.py for tasks to queue
[2025-12-04T18:49:53.188+0500] {logging_mixin.py:188} INFO - [2025-12-04T18:49:53.187+0500] {dagbag.py:545} INFO - Filling up the DagBag from /Library/Frameworks/Python.framework/Versions/3.11/lib/python3.11/site-packages/airflow/example_dags/example_setup_teardown.py
[2025-12-04T18:49:53.199+0500] {processor.py:840} INFO - DAG(s) 'example_setup_teardown' retrieved from /Library/Frameworks/Python.framework/Versions/3.11/lib/python3.11/site-packages/airflow/example_dags/example_setup_teardown.py
[2025-12-04T18:49:53.313+0500] {logging_mixin.py:188} INFO - [2025-12-04T18:49:53.313+0500] {dag.py:3089} INFO - Sync 1 DAGs
[2025-12-04T18:49:53.330+0500] {logging_mixin.py:188} INFO - [2025-12-04T18:49:53.330+0500] {dag.py:3947} INFO - Setting next_dagrun for example_setup_teardown to 2025-12-03 00:00:00+00:00, run_after=2025-12-04 00:00:00+00:00
[2025-12-04T18:49:53.351+0500] {processor.py:183} INFO - Processing /Library/Frameworks/Python.framework/Versions/3.11/lib/python3.11/site-packages/airflow/example_dags/example_setup_teardown.py took 0.169 seconds
[2025-12-04T18:52:16.025+0500] {processor.py:161} INFO - Started process (PID=13062) to work on /Library/Frameworks/Python.framework/Versions/3.11/lib/python3.11/site-packages/airflow/example_dags/example_setup_teardown.py
[2025-12-04T18:52:16.027+0500] {processor.py:830} INFO - Processing file /Library/Frameworks/Python.framework/Versions/3.11/lib/python3.11/site-packages/airflow/example_dags/example_setup_teardown.py for tasks to queue
[2025-12-04T18:52:16.028+0500] {logging_mixin.py:188} INFO - [2025-12-04T18:52:16.028+0500] {dagbag.py:545} INFO - Filling up the DagBag from /Library/Frameworks/Python.framework/Versions/3.11/lib/python3.11/site-packages/airflow/example_dags/example_setup_teardown.py
[2025-12-04T18:52:16.043+0500] {processor.py:840} INFO - DAG(s) 'example_setup_teardown' retrieved from /Library/Frameworks/Python.framework/Versions/3.11/lib/python3.11/site-packages/airflow/example_dags/example_setup_teardown.py
[2025-12-04T18:52:16.175+0500] {logging_mixin.py:188} INFO - [2025-12-04T18:52:16.174+0500] {dag.py:3089} INFO - Sync 1 DAGs
[2025-12-04T18:52:16.198+0500] {logging_mixin.py:188} INFO - [2025-12-04T18:52:16.198+0500] {dag.py:3947} INFO - Setting next_dagrun for example_setup_teardown to 2025-12-03 00:00:00+00:00, run_after=2025-12-04 00:00:00+00:00
[2025-12-04T18:52:16.222+0500] {processor.py:183} INFO - Processing /Library/Frameworks/Python.framework/Versions/3.11/lib/python3.11/site-packages/airflow/example_dags/example_setup_teardown.py took 0.201 seconds
[2025-12-04T18:54:24.283+0500] {processor.py:161} INFO - Started process (PID=13142) to work on /Library/Frameworks/Python.framework/Versions/3.11/lib/python3.11/site-packages/airflow/example_dags/example_setup_teardown.py
[2025-12-04T18:54:24.285+0500] {processor.py:830} INFO - Processing file /Library/Frameworks/Python.framework/Versions/3.11/lib/python3.11/site-packages/airflow/example_dags/example_setup_teardown.py for tasks to queue
[2025-12-04T18:54:24.286+0500] {logging_mixin.py:188} INFO - [2025-12-04T18:54:24.286+0500] {dagbag.py:545} INFO - Filling up the DagBag from /Library/Frameworks/Python.framework/Versions/3.11/lib/python3.11/site-packages/airflow/example_dags/example_setup_teardown.py
[2025-12-04T18:54:24.296+0500] {processor.py:840} INFO - DAG(s) 'example_setup_teardown' retrieved from /Library/Frameworks/Python.framework/Versions/3.11/lib/python3.11/site-packages/airflow/example_dags/example_setup_teardown.py
[2025-12-04T18:54:24.413+0500] {logging_mixin.py:188} INFO - [2025-12-04T18:54:24.413+0500] {dag.py:3089} INFO - Sync 1 DAGs
[2025-12-04T18:54:24.430+0500] {logging_mixin.py:188} INFO - [2025-12-04T18:54:24.430+0500] {dag.py:3947} INFO - Setting next_dagrun for example_setup_teardown to 2025-12-03 00:00:00+00:00, run_after=2025-12-04 00:00:00+00:00
[2025-12-04T18:54:24.454+0500] {processor.py:183} INFO - Processing /Library/Frameworks/Python.framework/Versions/3.11/lib/python3.11/site-packages/airflow/example_dags/example_setup_teardown.py took 0.174 seconds
[2025-12-04T19:33:52.105+0500] {processor.py:161} INFO - Started process (PID=14574) to work on /Library/Frameworks/Python.framework/Versions/3.11/lib/python3.11/site-packages/airflow/example_dags/example_setup_teardown.py
[2025-12-04T19:33:52.107+0500] {processor.py:830} INFO - Processing file /Library/Frameworks/Python.framework/Versions/3.11/lib/python3.11/site-packages/airflow/example_dags/example_setup_teardown.py for tasks to queue
[2025-12-04T19:33:52.109+0500] {logging_mixin.py:188} INFO - [2025-12-04T19:33:52.109+0500] {dagbag.py:545} INFO - Filling up the DagBag from /Library/Frameworks/Python.framework/Versions/3.11/lib/python3.11/site-packages/airflow/example_dags/example_setup_teardown.py
[2025-12-04T19:33:52.121+0500] {processor.py:840} INFO - DAG(s) 'example_setup_teardown' retrieved from /Library/Frameworks/Python.framework/Versions/3.11/lib/python3.11/site-packages/airflow/example_dags/example_setup_teardown.py
[2025-12-04T19:33:52.234+0500] {logging_mixin.py:188} INFO - [2025-12-04T19:33:52.234+0500] {dag.py:3089} INFO - Sync 1 DAGs
[2025-12-04T19:33:52.250+0500] {logging_mixin.py:188} INFO - [2025-12-04T19:33:52.250+0500] {dag.py:3947} INFO - Setting next_dagrun for example_setup_teardown to 2025-12-03 00:00:00+00:00, run_after=2025-12-04 00:00:00+00:00
[2025-12-04T19:33:52.272+0500] {processor.py:183} INFO - Processing /Library/Frameworks/Python.framework/Versions/3.11/lib/python3.11/site-packages/airflow/example_dags/example_setup_teardown.py took 0.171 seconds
[2025-12-04T19:36:58.085+0500] {processor.py:161} INFO - Started process (PID=14722) to work on /Library/Frameworks/Python.framework/Versions/3.11/lib/python3.11/site-packages/airflow/example_dags/example_setup_teardown.py
[2025-12-04T19:36:58.088+0500] {processor.py:830} INFO - Processing file /Library/Frameworks/Python.framework/Versions/3.11/lib/python3.11/site-packages/airflow/example_dags/example_setup_teardown.py for tasks to queue
[2025-12-04T19:36:58.089+0500] {logging_mixin.py:188} INFO - [2025-12-04T19:36:58.089+0500] {dagbag.py:545} INFO - Filling up the DagBag from /Library/Frameworks/Python.framework/Versions/3.11/lib/python3.11/site-packages/airflow/example_dags/example_setup_teardown.py
[2025-12-04T19:36:58.103+0500] {processor.py:840} INFO - DAG(s) 'example_setup_teardown' retrieved from /Library/Frameworks/Python.framework/Versions/3.11/lib/python3.11/site-packages/airflow/example_dags/example_setup_teardown.py
[2025-12-04T19:36:58.276+0500] {logging_mixin.py:188} INFO - [2025-12-04T19:36:58.276+0500] {dag.py:3089} INFO - Sync 1 DAGs
[2025-12-04T19:36:58.300+0500] {logging_mixin.py:188} INFO - [2025-12-04T19:36:58.299+0500] {dag.py:3947} INFO - Setting next_dagrun for example_setup_teardown to 2025-12-03 00:00:00+00:00, run_after=2025-12-04 00:00:00+00:00
[2025-12-04T19:36:58.331+0500] {processor.py:183} INFO - Processing /Library/Frameworks/Python.framework/Versions/3.11/lib/python3.11/site-packages/airflow/example_dags/example_setup_teardown.py took 0.249 seconds
[2025-12-04T19:39:01.155+0500] {processor.py:161} INFO - Started process (PID=14791) to work on /Library/Frameworks/Python.framework/Versions/3.11/lib/python3.11/site-packages/airflow/example_dags/example_setup_teardown.py
[2025-12-04T19:39:01.156+0500] {processor.py:830} INFO - Processing file /Library/Frameworks/Python.framework/Versions/3.11/lib/python3.11/site-packages/airflow/example_dags/example_setup_teardown.py for tasks to queue
[2025-12-04T19:39:01.157+0500] {logging_mixin.py:188} INFO - [2025-12-04T19:39:01.156+0500] {dagbag.py:545} INFO - Filling up the DagBag from /Library/Frameworks/Python.framework/Versions/3.11/lib/python3.11/site-packages/airflow/example_dags/example_setup_teardown.py
[2025-12-04T19:39:01.167+0500] {processor.py:840} INFO - DAG(s) 'example_setup_teardown' retrieved from /Library/Frameworks/Python.framework/Versions/3.11/lib/python3.11/site-packages/airflow/example_dags/example_setup_teardown.py
[2025-12-04T19:39:01.295+0500] {logging_mixin.py:188} INFO - [2025-12-04T19:39:01.295+0500] {dag.py:3089} INFO - Sync 1 DAGs
[2025-12-04T19:39:01.310+0500] {logging_mixin.py:188} INFO - [2025-12-04T19:39:01.310+0500] {dag.py:3947} INFO - Setting next_dagrun for example_setup_teardown to 2025-12-03 00:00:00+00:00, run_after=2025-12-04 00:00:00+00:00
[2025-12-04T19:39:01.331+0500] {processor.py:183} INFO - Processing /Library/Frameworks/Python.framework/Versions/3.11/lib/python3.11/site-packages/airflow/example_dags/example_setup_teardown.py took 0.179 seconds
[2025-12-04T19:41:15.071+0500] {processor.py:161} INFO - Started process (PID=14885) to work on /Library/Frameworks/Python.framework/Versions/3.11/lib/python3.11/site-packages/airflow/example_dags/example_setup_teardown.py
[2025-12-04T19:41:15.073+0500] {processor.py:830} INFO - Processing file /Library/Frameworks/Python.framework/Versions/3.11/lib/python3.11/site-packages/airflow/example_dags/example_setup_teardown.py for tasks to queue
[2025-12-04T19:41:15.075+0500] {logging_mixin.py:188} INFO - [2025-12-04T19:41:15.074+0500] {dagbag.py:545} INFO - Filling up the DagBag from /Library/Frameworks/Python.framework/Versions/3.11/lib/python3.11/site-packages/airflow/example_dags/example_setup_teardown.py
[2025-12-04T19:41:15.088+0500] {processor.py:840} INFO - DAG(s) 'example_setup_teardown' retrieved from /Library/Frameworks/Python.framework/Versions/3.11/lib/python3.11/site-packages/airflow/example_dags/example_setup_teardown.py
[2025-12-04T19:41:15.209+0500] {logging_mixin.py:188} INFO - [2025-12-04T19:41:15.208+0500] {dag.py:3089} INFO - Sync 1 DAGs
[2025-12-04T19:41:15.225+0500] {logging_mixin.py:188} INFO - [2025-12-04T19:41:15.224+0500] {dag.py:3947} INFO - Setting next_dagrun for example_setup_teardown to 2025-12-03 00:00:00+00:00, run_after=2025-12-04 00:00:00+00:00
[2025-12-04T19:41:15.246+0500] {processor.py:183} INFO - Processing /Library/Frameworks/Python.framework/Versions/3.11/lib/python3.11/site-packages/airflow/example_dags/example_setup_teardown.py took 0.178 seconds
[2025-12-04T19:43:30.029+0500] {processor.py:161} INFO - Started process (PID=14955) to work on /Library/Frameworks/Python.framework/Versions/3.11/lib/python3.11/site-packages/airflow/example_dags/example_setup_teardown.py
[2025-12-04T19:43:30.032+0500] {processor.py:830} INFO - Processing file /Library/Frameworks/Python.framework/Versions/3.11/lib/python3.11/site-packages/airflow/example_dags/example_setup_teardown.py for tasks to queue
[2025-12-04T19:43:30.033+0500] {logging_mixin.py:188} INFO - [2025-12-04T19:43:30.033+0500] {dagbag.py:545} INFO - Filling up the DagBag from /Library/Frameworks/Python.framework/Versions/3.11/lib/python3.11/site-packages/airflow/example_dags/example_setup_teardown.py
[2025-12-04T19:43:30.045+0500] {processor.py:840} INFO - DAG(s) 'example_setup_teardown' retrieved from /Library/Frameworks/Python.framework/Versions/3.11/lib/python3.11/site-packages/airflow/example_dags/example_setup_teardown.py
[2025-12-04T19:43:30.205+0500] {logging_mixin.py:188} INFO - [2025-12-04T19:43:30.205+0500] {dag.py:3089} INFO - Sync 1 DAGs
[2025-12-04T19:43:30.233+0500] {logging_mixin.py:188} INFO - [2025-12-04T19:43:30.233+0500] {dag.py:3947} INFO - Setting next_dagrun for example_setup_teardown to 2025-12-03 00:00:00+00:00, run_after=2025-12-04 00:00:00+00:00
[2025-12-04T19:43:30.255+0500] {processor.py:183} INFO - Processing /Library/Frameworks/Python.framework/Versions/3.11/lib/python3.11/site-packages/airflow/example_dags/example_setup_teardown.py took 0.229 seconds
[2025-12-04T19:45:50.543+0500] {processor.py:161} INFO - Started process (PID=15032) to work on /Library/Frameworks/Python.framework/Versions/3.11/lib/python3.11/site-packages/airflow/example_dags/example_setup_teardown.py
[2025-12-04T19:45:50.545+0500] {processor.py:830} INFO - Processing file /Library/Frameworks/Python.framework/Versions/3.11/lib/python3.11/site-packages/airflow/example_dags/example_setup_teardown.py for tasks to queue
[2025-12-04T19:45:50.547+0500] {logging_mixin.py:188} INFO - [2025-12-04T19:45:50.546+0500] {dagbag.py:545} INFO - Filling up the DagBag from /Library/Frameworks/Python.framework/Versions/3.11/lib/python3.11/site-packages/airflow/example_dags/example_setup_teardown.py
[2025-12-04T19:45:50.565+0500] {processor.py:840} INFO - DAG(s) 'example_setup_teardown' retrieved from /Library/Frameworks/Python.framework/Versions/3.11/lib/python3.11/site-packages/airflow/example_dags/example_setup_teardown.py
[2025-12-04T19:45:50.777+0500] {logging_mixin.py:188} INFO - [2025-12-04T19:45:50.777+0500] {dag.py:3089} INFO - Sync 1 DAGs
[2025-12-04T19:45:50.799+0500] {logging_mixin.py:188} INFO - [2025-12-04T19:45:50.798+0500] {dag.py:3947} INFO - Setting next_dagrun for example_setup_teardown to 2025-12-03 00:00:00+00:00, run_after=2025-12-04 00:00:00+00:00
[2025-12-04T19:45:50.839+0500] {processor.py:183} INFO - Processing /Library/Frameworks/Python.framework/Versions/3.11/lib/python3.11/site-packages/airflow/example_dags/example_setup_teardown.py took 0.300 seconds
[2025-12-04T19:48:16.196+0500] {processor.py:161} INFO - Started process (PID=15129) to work on /Library/Frameworks/Python.framework/Versions/3.11/lib/python3.11/site-packages/airflow/example_dags/example_setup_teardown.py
[2025-12-04T19:48:16.198+0500] {processor.py:830} INFO - Processing file /Library/Frameworks/Python.framework/Versions/3.11/lib/python3.11/site-packages/airflow/example_dags/example_setup_teardown.py for tasks to queue
[2025-12-04T19:48:16.199+0500] {logging_mixin.py:188} INFO - [2025-12-04T19:48:16.199+0500] {dagbag.py:545} INFO - Filling up the DagBag from /Library/Frameworks/Python.framework/Versions/3.11/lib/python3.11/site-packages/airflow/example_dags/example_setup_teardown.py
[2025-12-04T19:48:16.213+0500] {processor.py:840} INFO - DAG(s) 'example_setup_teardown' retrieved from /Library/Frameworks/Python.framework/Versions/3.11/lib/python3.11/site-packages/airflow/example_dags/example_setup_teardown.py
[2025-12-04T19:48:16.327+0500] {logging_mixin.py:188} INFO - [2025-12-04T19:48:16.326+0500] {dag.py:3089} INFO - Sync 1 DAGs
[2025-12-04T19:48:16.346+0500] {logging_mixin.py:188} INFO - [2025-12-04T19:48:16.345+0500] {dag.py:3947} INFO - Setting next_dagrun for example_setup_teardown to 2025-12-03 00:00:00+00:00, run_after=2025-12-04 00:00:00+00:00
[2025-12-04T19:48:16.367+0500] {processor.py:183} INFO - Processing /Library/Frameworks/Python.framework/Versions/3.11/lib/python3.11/site-packages/airflow/example_dags/example_setup_teardown.py took 0.173 seconds
[2025-12-04T19:50:18.445+0500] {processor.py:161} INFO - Started process (PID=15196) to work on /Library/Frameworks/Python.framework/Versions/3.11/lib/python3.11/site-packages/airflow/example_dags/example_setup_teardown.py
[2025-12-04T19:50:18.447+0500] {processor.py:830} INFO - Processing file /Library/Frameworks/Python.framework/Versions/3.11/lib/python3.11/site-packages/airflow/example_dags/example_setup_teardown.py for tasks to queue
[2025-12-04T19:50:18.449+0500] {logging_mixin.py:188} INFO - [2025-12-04T19:50:18.448+0500] {dagbag.py:545} INFO - Filling up the DagBag from /Library/Frameworks/Python.framework/Versions/3.11/lib/python3.11/site-packages/airflow/example_dags/example_setup_teardown.py
[2025-12-04T19:50:18.461+0500] {processor.py:840} INFO - DAG(s) 'example_setup_teardown' retrieved from /Library/Frameworks/Python.framework/Versions/3.11/lib/python3.11/site-packages/airflow/example_dags/example_setup_teardown.py
[2025-12-04T19:50:18.575+0500] {logging_mixin.py:188} INFO - [2025-12-04T19:50:18.574+0500] {dag.py:3089} INFO - Sync 1 DAGs
[2025-12-04T19:50:18.592+0500] {logging_mixin.py:188} INFO - [2025-12-04T19:50:18.592+0500] {dag.py:3947} INFO - Setting next_dagrun for example_setup_teardown to 2025-12-03 00:00:00+00:00, run_after=2025-12-04 00:00:00+00:00
[2025-12-04T19:50:18.625+0500] {processor.py:183} INFO - Processing /Library/Frameworks/Python.framework/Versions/3.11/lib/python3.11/site-packages/airflow/example_dags/example_setup_teardown.py took 0.183 seconds
[2025-12-04T19:52:15.669+0500] {processor.py:161} INFO - Started process (PID=15300) to work on /Library/Frameworks/Python.framework/Versions/3.11/lib/python3.11/site-packages/airflow/example_dags/example_setup_teardown.py
[2025-12-04T19:52:15.671+0500] {processor.py:830} INFO - Processing file /Library/Frameworks/Python.framework/Versions/3.11/lib/python3.11/site-packages/airflow/example_dags/example_setup_teardown.py for tasks to queue
[2025-12-04T19:52:15.672+0500] {logging_mixin.py:188} INFO - [2025-12-04T19:52:15.671+0500] {dagbag.py:545} INFO - Filling up the DagBag from /Library/Frameworks/Python.framework/Versions/3.11/lib/python3.11/site-packages/airflow/example_dags/example_setup_teardown.py
[2025-12-04T19:52:15.683+0500] {processor.py:840} INFO - DAG(s) 'example_setup_teardown' retrieved from /Library/Frameworks/Python.framework/Versions/3.11/lib/python3.11/site-packages/airflow/example_dags/example_setup_teardown.py
[2025-12-04T19:52:15.820+0500] {logging_mixin.py:188} INFO - [2025-12-04T19:52:15.819+0500] {dag.py:3089} INFO - Sync 1 DAGs
[2025-12-04T19:52:15.837+0500] {logging_mixin.py:188} INFO - [2025-12-04T19:52:15.837+0500] {dag.py:3947} INFO - Setting next_dagrun for example_setup_teardown to 2025-12-03 00:00:00+00:00, run_after=2025-12-04 00:00:00+00:00
[2025-12-04T19:52:15.862+0500] {processor.py:183} INFO - Processing /Library/Frameworks/Python.framework/Versions/3.11/lib/python3.11/site-packages/airflow/example_dags/example_setup_teardown.py took 0.196 seconds
[2025-12-04T19:54:14.616+0500] {processor.py:161} INFO - Started process (PID=15377) to work on /Library/Frameworks/Python.framework/Versions/3.11/lib/python3.11/site-packages/airflow/example_dags/example_setup_teardown.py
[2025-12-04T19:54:14.617+0500] {processor.py:830} INFO - Processing file /Library/Frameworks/Python.framework/Versions/3.11/lib/python3.11/site-packages/airflow/example_dags/example_setup_teardown.py for tasks to queue
[2025-12-04T19:54:14.618+0500] {logging_mixin.py:188} INFO - [2025-12-04T19:54:14.618+0500] {dagbag.py:545} INFO - Filling up the DagBag from /Library/Frameworks/Python.framework/Versions/3.11/lib/python3.11/site-packages/airflow/example_dags/example_setup_teardown.py
[2025-12-04T19:54:14.629+0500] {processor.py:840} INFO - DAG(s) 'example_setup_teardown' retrieved from /Library/Frameworks/Python.framework/Versions/3.11/lib/python3.11/site-packages/airflow/example_dags/example_setup_teardown.py
[2025-12-04T19:54:14.745+0500] {logging_mixin.py:188} INFO - [2025-12-04T19:54:14.745+0500] {dag.py:3089} INFO - Sync 1 DAGs
[2025-12-04T19:54:14.763+0500] {logging_mixin.py:188} INFO - [2025-12-04T19:54:14.762+0500] {dag.py:3947} INFO - Setting next_dagrun for example_setup_teardown to 2025-12-03 00:00:00+00:00, run_after=2025-12-04 00:00:00+00:00
[2025-12-04T19:54:14.784+0500] {processor.py:183} INFO - Processing /Library/Frameworks/Python.framework/Versions/3.11/lib/python3.11/site-packages/airflow/example_dags/example_setup_teardown.py took 0.172 seconds
[2025-12-04T19:56:09.502+0500] {processor.py:161} INFO - Started process (PID=15440) to work on /Library/Frameworks/Python.framework/Versions/3.11/lib/python3.11/site-packages/airflow/example_dags/example_setup_teardown.py
[2025-12-04T19:56:09.504+0500] {processor.py:830} INFO - Processing file /Library/Frameworks/Python.framework/Versions/3.11/lib/python3.11/site-packages/airflow/example_dags/example_setup_teardown.py for tasks to queue
[2025-12-04T19:56:09.505+0500] {logging_mixin.py:188} INFO - [2025-12-04T19:56:09.505+0500] {dagbag.py:545} INFO - Filling up the DagBag from /Library/Frameworks/Python.framework/Versions/3.11/lib/python3.11/site-packages/airflow/example_dags/example_setup_teardown.py
[2025-12-04T19:56:09.517+0500] {processor.py:840} INFO - DAG(s) 'example_setup_teardown' retrieved from /Library/Frameworks/Python.framework/Versions/3.11/lib/python3.11/site-packages/airflow/example_dags/example_setup_teardown.py
[2025-12-04T19:56:09.632+0500] {logging_mixin.py:188} INFO - [2025-12-04T19:56:09.632+0500] {dag.py:3089} INFO - Sync 1 DAGs
[2025-12-04T19:56:09.648+0500] {logging_mixin.py:188} INFO - [2025-12-04T19:56:09.648+0500] {dag.py:3947} INFO - Setting next_dagrun for example_setup_teardown to 2025-12-03 00:00:00+00:00, run_after=2025-12-04 00:00:00+00:00
[2025-12-04T19:56:09.669+0500] {processor.py:183} INFO - Processing /Library/Frameworks/Python.framework/Versions/3.11/lib/python3.11/site-packages/airflow/example_dags/example_setup_teardown.py took 0.170 seconds
[2025-12-04T19:58:03.073+0500] {processor.py:161} INFO - Started process (PID=15505) to work on /Library/Frameworks/Python.framework/Versions/3.11/lib/python3.11/site-packages/airflow/example_dags/example_setup_teardown.py
[2025-12-04T19:58:03.075+0500] {processor.py:830} INFO - Processing file /Library/Frameworks/Python.framework/Versions/3.11/lib/python3.11/site-packages/airflow/example_dags/example_setup_teardown.py for tasks to queue
[2025-12-04T19:58:03.076+0500] {logging_mixin.py:188} INFO - [2025-12-04T19:58:03.075+0500] {dagbag.py:545} INFO - Filling up the DagBag from /Library/Frameworks/Python.framework/Versions/3.11/lib/python3.11/site-packages/airflow/example_dags/example_setup_teardown.py
[2025-12-04T19:58:03.085+0500] {processor.py:840} INFO - DAG(s) 'example_setup_teardown' retrieved from /Library/Frameworks/Python.framework/Versions/3.11/lib/python3.11/site-packages/airflow/example_dags/example_setup_teardown.py
[2025-12-04T19:58:03.200+0500] {logging_mixin.py:188} INFO - [2025-12-04T19:58:03.200+0500] {dag.py:3089} INFO - Sync 1 DAGs
[2025-12-04T19:58:03.217+0500] {logging_mixin.py:188} INFO - [2025-12-04T19:58:03.216+0500] {dag.py:3947} INFO - Setting next_dagrun for example_setup_teardown to 2025-12-03 00:00:00+00:00, run_after=2025-12-04 00:00:00+00:00
[2025-12-04T19:58:03.237+0500] {processor.py:183} INFO - Processing /Library/Frameworks/Python.framework/Versions/3.11/lib/python3.11/site-packages/airflow/example_dags/example_setup_teardown.py took 0.167 seconds
[2025-12-04T20:42:05.856+0500] {processor.py:161} INFO - Started process (PID=15626) to work on /Library/Frameworks/Python.framework/Versions/3.11/lib/python3.11/site-packages/airflow/example_dags/example_setup_teardown.py
[2025-12-04T20:42:05.858+0500] {processor.py:830} INFO - Processing file /Library/Frameworks/Python.framework/Versions/3.11/lib/python3.11/site-packages/airflow/example_dags/example_setup_teardown.py for tasks to queue
[2025-12-04T20:42:05.859+0500] {logging_mixin.py:188} INFO - [2025-12-04T20:42:05.859+0500] {dagbag.py:545} INFO - Filling up the DagBag from /Library/Frameworks/Python.framework/Versions/3.11/lib/python3.11/site-packages/airflow/example_dags/example_setup_teardown.py
[2025-12-04T20:42:05.871+0500] {processor.py:840} INFO - DAG(s) 'example_setup_teardown' retrieved from /Library/Frameworks/Python.framework/Versions/3.11/lib/python3.11/site-packages/airflow/example_dags/example_setup_teardown.py
[2025-12-04T20:42:06.005+0500] {logging_mixin.py:188} INFO - [2025-12-04T20:42:06.004+0500] {dag.py:3089} INFO - Sync 1 DAGs
[2025-12-04T20:42:06.025+0500] {logging_mixin.py:188} INFO - [2025-12-04T20:42:06.025+0500] {dag.py:3947} INFO - Setting next_dagrun for example_setup_teardown to 2025-12-03 00:00:00+00:00, run_after=2025-12-04 00:00:00+00:00
[2025-12-04T20:42:06.049+0500] {processor.py:183} INFO - Processing /Library/Frameworks/Python.framework/Versions/3.11/lib/python3.11/site-packages/airflow/example_dags/example_setup_teardown.py took 0.196 seconds
[2025-12-04T20:45:03.336+0500] {processor.py:161} INFO - Started process (PID=15783) to work on /Library/Frameworks/Python.framework/Versions/3.11/lib/python3.11/site-packages/airflow/example_dags/example_setup_teardown.py
[2025-12-04T20:45:03.338+0500] {processor.py:830} INFO - Processing file /Library/Frameworks/Python.framework/Versions/3.11/lib/python3.11/site-packages/airflow/example_dags/example_setup_teardown.py for tasks to queue
[2025-12-04T20:45:03.339+0500] {logging_mixin.py:188} INFO - [2025-12-04T20:45:03.338+0500] {dagbag.py:545} INFO - Filling up the DagBag from /Library/Frameworks/Python.framework/Versions/3.11/lib/python3.11/site-packages/airflow/example_dags/example_setup_teardown.py
[2025-12-04T20:45:03.351+0500] {processor.py:840} INFO - DAG(s) 'example_setup_teardown' retrieved from /Library/Frameworks/Python.framework/Versions/3.11/lib/python3.11/site-packages/airflow/example_dags/example_setup_teardown.py
[2025-12-04T20:45:03.501+0500] {logging_mixin.py:188} INFO - [2025-12-04T20:45:03.500+0500] {dag.py:3089} INFO - Sync 1 DAGs
[2025-12-04T20:45:03.524+0500] {logging_mixin.py:188} INFO - [2025-12-04T20:45:03.524+0500] {dag.py:3947} INFO - Setting next_dagrun for example_setup_teardown to 2025-12-03 00:00:00+00:00, run_after=2025-12-04 00:00:00+00:00
[2025-12-04T20:45:03.549+0500] {processor.py:183} INFO - Processing /Library/Frameworks/Python.framework/Versions/3.11/lib/python3.11/site-packages/airflow/example_dags/example_setup_teardown.py took 0.220 seconds
[2025-12-04T20:47:33.536+0500] {processor.py:161} INFO - Started process (PID=15861) to work on /Library/Frameworks/Python.framework/Versions/3.11/lib/python3.11/site-packages/airflow/example_dags/example_setup_teardown.py
[2025-12-04T20:47:33.537+0500] {processor.py:830} INFO - Processing file /Library/Frameworks/Python.framework/Versions/3.11/lib/python3.11/site-packages/airflow/example_dags/example_setup_teardown.py for tasks to queue
[2025-12-04T20:47:33.538+0500] {logging_mixin.py:188} INFO - [2025-12-04T20:47:33.538+0500] {dagbag.py:545} INFO - Filling up the DagBag from /Library/Frameworks/Python.framework/Versions/3.11/lib/python3.11/site-packages/airflow/example_dags/example_setup_teardown.py
[2025-12-04T20:47:33.548+0500] {processor.py:840} INFO - DAG(s) 'example_setup_teardown' retrieved from /Library/Frameworks/Python.framework/Versions/3.11/lib/python3.11/site-packages/airflow/example_dags/example_setup_teardown.py
[2025-12-04T20:47:33.678+0500] {logging_mixin.py:188} INFO - [2025-12-04T20:47:33.678+0500] {dag.py:3089} INFO - Sync 1 DAGs
[2025-12-04T20:47:33.696+0500] {logging_mixin.py:188} INFO - [2025-12-04T20:47:33.696+0500] {dag.py:3947} INFO - Setting next_dagrun for example_setup_teardown to 2025-12-03 00:00:00+00:00, run_after=2025-12-04 00:00:00+00:00
[2025-12-04T20:47:33.719+0500] {processor.py:183} INFO - Processing /Library/Frameworks/Python.framework/Versions/3.11/lib/python3.11/site-packages/airflow/example_dags/example_setup_teardown.py took 0.186 seconds
