[2025-12-04T18:20:28.017+0500] {processor.py:161} INFO - Started process (PID=11748) to work on /Library/Frameworks/Python.framework/Versions/3.11/lib/python3.11/site-packages/airflow/example_dags/example_branch_operator_decorator.py
[2025-12-04T18:20:28.018+0500] {processor.py:830} INFO - Processing file /Library/Frameworks/Python.framework/Versions/3.11/lib/python3.11/site-packages/airflow/example_dags/example_branch_operator_decorator.py for tasks to queue
[2025-12-04T18:20:28.019+0500] {logging_mixin.py:188} INFO - [2025-12-04T18:20:28.019+0500] {dagbag.py:545} INFO - Filling up the DagBag from /Library/Frameworks/Python.framework/Versions/3.11/lib/python3.11/site-packages/airflow/example_dags/example_branch_operator_decorator.py
[2025-12-04T18:20:28.102+0500] {processor.py:840} INFO - DAG(s) 'example_branch_python_operator_decorator' retrieved from /Library/Frameworks/Python.framework/Versions/3.11/lib/python3.11/site-packages/airflow/example_dags/example_branch_operator_decorator.py
[2025-12-04T18:20:28.394+0500] {logging_mixin.py:188} INFO - [2025-12-04T18:20:28.393+0500] {override.py:1858} INFO - Created Permission View: can read on DAG:example_branch_python_operator_decorator
[2025-12-04T18:20:28.405+0500] {logging_mixin.py:188} INFO - [2025-12-04T18:20:28.404+0500] {override.py:1858} INFO - Created Permission View: can delete on DAG:example_branch_python_operator_decorator
[2025-12-04T18:20:28.412+0500] {logging_mixin.py:188} INFO - [2025-12-04T18:20:28.412+0500] {override.py:1858} INFO - Created Permission View: can edit on DAG:example_branch_python_operator_decorator
[2025-12-04T18:20:28.413+0500] {logging_mixin.py:188} INFO - [2025-12-04T18:20:28.413+0500] {dag.py:3089} INFO - Sync 1 DAGs
[2025-12-04T18:20:28.423+0500] {logging_mixin.py:188} INFO - [2025-12-04T18:20:28.423+0500] {dag.py:3111} INFO - Creating ORM DAG for example_branch_python_operator_decorator
[2025-12-04T18:20:28.432+0500] {logging_mixin.py:188} INFO - [2025-12-04T18:20:28.432+0500] {dag.py:3947} INFO - Setting next_dagrun for example_branch_python_operator_decorator to 2025-12-03 00:00:00+00:00, run_after=2025-12-04 00:00:00+00:00
[2025-12-04T18:20:28.456+0500] {processor.py:183} INFO - Processing /Library/Frameworks/Python.framework/Versions/3.11/lib/python3.11/site-packages/airflow/example_dags/example_branch_operator_decorator.py took 0.444 seconds
[2025-12-04T18:24:32.751+0500] {processor.py:161} INFO - Started process (PID=11902) to work on /Library/Frameworks/Python.framework/Versions/3.11/lib/python3.11/site-packages/airflow/example_dags/example_branch_operator_decorator.py
[2025-12-04T18:24:32.753+0500] {processor.py:830} INFO - Processing file /Library/Frameworks/Python.framework/Versions/3.11/lib/python3.11/site-packages/airflow/example_dags/example_branch_operator_decorator.py for tasks to queue
[2025-12-04T18:24:32.754+0500] {logging_mixin.py:188} INFO - [2025-12-04T18:24:32.754+0500] {dagbag.py:545} INFO - Filling up the DagBag from /Library/Frameworks/Python.framework/Versions/3.11/lib/python3.11/site-packages/airflow/example_dags/example_branch_operator_decorator.py
[2025-12-04T18:24:32.808+0500] {processor.py:840} INFO - DAG(s) 'example_branch_python_operator_decorator' retrieved from /Library/Frameworks/Python.framework/Versions/3.11/lib/python3.11/site-packages/airflow/example_dags/example_branch_operator_decorator.py
[2025-12-04T18:24:33.072+0500] {logging_mixin.py:188} INFO - [2025-12-04T18:24:33.072+0500] {dag.py:3089} INFO - Sync 1 DAGs
[2025-12-04T18:24:33.089+0500] {logging_mixin.py:188} INFO - [2025-12-04T18:24:33.088+0500] {dag.py:3947} INFO - Setting next_dagrun for example_branch_python_operator_decorator to 2025-12-03 00:00:00+00:00, run_after=2025-12-04 00:00:00+00:00
[2025-12-04T18:24:33.112+0500] {processor.py:183} INFO - Processing /Library/Frameworks/Python.framework/Versions/3.11/lib/python3.11/site-packages/airflow/example_dags/example_branch_operator_decorator.py took 0.364 seconds
[2025-12-04T18:29:09.591+0500] {processor.py:161} INFO - Started process (PID=12129) to work on /Library/Frameworks/Python.framework/Versions/3.11/lib/python3.11/site-packages/airflow/example_dags/example_branch_operator_decorator.py
[2025-12-04T18:29:09.593+0500] {processor.py:830} INFO - Processing file /Library/Frameworks/Python.framework/Versions/3.11/lib/python3.11/site-packages/airflow/example_dags/example_branch_operator_decorator.py for tasks to queue
[2025-12-04T18:29:09.595+0500] {logging_mixin.py:188} INFO - [2025-12-04T18:29:09.595+0500] {dagbag.py:545} INFO - Filling up the DagBag from /Library/Frameworks/Python.framework/Versions/3.11/lib/python3.11/site-packages/airflow/example_dags/example_branch_operator_decorator.py
[2025-12-04T18:29:09.667+0500] {processor.py:840} INFO - DAG(s) 'example_branch_python_operator_decorator' retrieved from /Library/Frameworks/Python.framework/Versions/3.11/lib/python3.11/site-packages/airflow/example_dags/example_branch_operator_decorator.py
[2025-12-04T18:29:09.965+0500] {logging_mixin.py:188} INFO - [2025-12-04T18:29:09.965+0500] {dag.py:3089} INFO - Sync 1 DAGs
[2025-12-04T18:29:09.984+0500] {logging_mixin.py:188} INFO - [2025-12-04T18:29:09.983+0500] {dag.py:3947} INFO - Setting next_dagrun for example_branch_python_operator_decorator to 2025-12-03 00:00:00+00:00, run_after=2025-12-04 00:00:00+00:00
[2025-12-04T18:29:10.010+0500] {processor.py:183} INFO - Processing /Library/Frameworks/Python.framework/Versions/3.11/lib/python3.11/site-packages/airflow/example_dags/example_branch_operator_decorator.py took 0.422 seconds
[2025-12-04T18:34:01.434+0500] {processor.py:161} INFO - Started process (PID=12351) to work on /Library/Frameworks/Python.framework/Versions/3.11/lib/python3.11/site-packages/airflow/example_dags/example_branch_operator_decorator.py
[2025-12-04T18:34:01.435+0500] {processor.py:830} INFO - Processing file /Library/Frameworks/Python.framework/Versions/3.11/lib/python3.11/site-packages/airflow/example_dags/example_branch_operator_decorator.py for tasks to queue
[2025-12-04T18:34:01.438+0500] {logging_mixin.py:188} INFO - [2025-12-04T18:34:01.438+0500] {dagbag.py:545} INFO - Filling up the DagBag from /Library/Frameworks/Python.framework/Versions/3.11/lib/python3.11/site-packages/airflow/example_dags/example_branch_operator_decorator.py
[2025-12-04T18:34:01.514+0500] {processor.py:840} INFO - DAG(s) 'example_branch_python_operator_decorator' retrieved from /Library/Frameworks/Python.framework/Versions/3.11/lib/python3.11/site-packages/airflow/example_dags/example_branch_operator_decorator.py
[2025-12-04T18:34:02.309+0500] {logging_mixin.py:188} INFO - [2025-12-04T18:34:02.309+0500] {dag.py:3089} INFO - Sync 1 DAGs
[2025-12-04T18:34:02.353+0500] {logging_mixin.py:188} INFO - [2025-12-04T18:34:02.353+0500] {dag.py:3947} INFO - Setting next_dagrun for example_branch_python_operator_decorator to 2025-12-03 00:00:00+00:00, run_after=2025-12-04 00:00:00+00:00
[2025-12-04T18:34:02.400+0500] {processor.py:183} INFO - Processing /Library/Frameworks/Python.framework/Versions/3.11/lib/python3.11/site-packages/airflow/example_dags/example_branch_operator_decorator.py took 0.969 seconds
[2025-12-04T18:37:58.055+0500] {processor.py:161} INFO - Started process (PID=12504) to work on /Library/Frameworks/Python.framework/Versions/3.11/lib/python3.11/site-packages/airflow/example_dags/example_branch_operator_decorator.py
[2025-12-04T18:37:58.057+0500] {processor.py:830} INFO - Processing file /Library/Frameworks/Python.framework/Versions/3.11/lib/python3.11/site-packages/airflow/example_dags/example_branch_operator_decorator.py for tasks to queue
[2025-12-04T18:37:58.059+0500] {logging_mixin.py:188} INFO - [2025-12-04T18:37:58.059+0500] {dagbag.py:545} INFO - Filling up the DagBag from /Library/Frameworks/Python.framework/Versions/3.11/lib/python3.11/site-packages/airflow/example_dags/example_branch_operator_decorator.py
[2025-12-04T18:37:58.117+0500] {processor.py:840} INFO - DAG(s) 'example_branch_python_operator_decorator' retrieved from /Library/Frameworks/Python.framework/Versions/3.11/lib/python3.11/site-packages/airflow/example_dags/example_branch_operator_decorator.py
[2025-12-04T18:37:58.370+0500] {logging_mixin.py:188} INFO - [2025-12-04T18:37:58.369+0500] {dag.py:3089} INFO - Sync 1 DAGs
[2025-12-04T18:37:58.386+0500] {logging_mixin.py:188} INFO - [2025-12-04T18:37:58.386+0500] {dag.py:3947} INFO - Setting next_dagrun for example_branch_python_operator_decorator to 2025-12-03 00:00:00+00:00, run_after=2025-12-04 00:00:00+00:00
[2025-12-04T18:37:58.409+0500] {processor.py:183} INFO - Processing /Library/Frameworks/Python.framework/Versions/3.11/lib/python3.11/site-packages/airflow/example_dags/example_branch_operator_decorator.py took 0.357 seconds
[2025-12-04T18:41:59.889+0500] {processor.py:161} INFO - Started process (PID=12679) to work on /Library/Frameworks/Python.framework/Versions/3.11/lib/python3.11/site-packages/airflow/example_dags/example_branch_operator_decorator.py
[2025-12-04T18:41:59.891+0500] {processor.py:830} INFO - Processing file /Library/Frameworks/Python.framework/Versions/3.11/lib/python3.11/site-packages/airflow/example_dags/example_branch_operator_decorator.py for tasks to queue
[2025-12-04T18:41:59.892+0500] {logging_mixin.py:188} INFO - [2025-12-04T18:41:59.892+0500] {dagbag.py:545} INFO - Filling up the DagBag from /Library/Frameworks/Python.framework/Versions/3.11/lib/python3.11/site-packages/airflow/example_dags/example_branch_operator_decorator.py
[2025-12-04T18:41:59.955+0500] {processor.py:840} INFO - DAG(s) 'example_branch_python_operator_decorator' retrieved from /Library/Frameworks/Python.framework/Versions/3.11/lib/python3.11/site-packages/airflow/example_dags/example_branch_operator_decorator.py
[2025-12-04T18:42:00.525+0500] {logging_mixin.py:188} INFO - [2025-12-04T18:42:00.524+0500] {dag.py:3089} INFO - Sync 1 DAGs
[2025-12-04T18:42:00.550+0500] {logging_mixin.py:188} INFO - [2025-12-04T18:42:00.549+0500] {dag.py:3947} INFO - Setting next_dagrun for example_branch_python_operator_decorator to 2025-12-03 00:00:00+00:00, run_after=2025-12-04 00:00:00+00:00
[2025-12-04T18:42:00.585+0500] {processor.py:183} INFO - Processing /Library/Frameworks/Python.framework/Versions/3.11/lib/python3.11/site-packages/airflow/example_dags/example_branch_operator_decorator.py took 0.699 seconds
[2025-12-04T18:46:15.544+0500] {processor.py:161} INFO - Started process (PID=12845) to work on /Library/Frameworks/Python.framework/Versions/3.11/lib/python3.11/site-packages/airflow/example_dags/example_branch_operator_decorator.py
[2025-12-04T18:46:15.546+0500] {processor.py:830} INFO - Processing file /Library/Frameworks/Python.framework/Versions/3.11/lib/python3.11/site-packages/airflow/example_dags/example_branch_operator_decorator.py for tasks to queue
[2025-12-04T18:46:15.547+0500] {logging_mixin.py:188} INFO - [2025-12-04T18:46:15.547+0500] {dagbag.py:545} INFO - Filling up the DagBag from /Library/Frameworks/Python.framework/Versions/3.11/lib/python3.11/site-packages/airflow/example_dags/example_branch_operator_decorator.py
[2025-12-04T18:46:15.606+0500] {processor.py:840} INFO - DAG(s) 'example_branch_python_operator_decorator' retrieved from /Library/Frameworks/Python.framework/Versions/3.11/lib/python3.11/site-packages/airflow/example_dags/example_branch_operator_decorator.py
[2025-12-04T18:46:16.110+0500] {logging_mixin.py:188} INFO - [2025-12-04T18:46:16.110+0500] {dag.py:3089} INFO - Sync 1 DAGs
[2025-12-04T18:46:16.127+0500] {logging_mixin.py:188} INFO - [2025-12-04T18:46:16.127+0500] {dag.py:3947} INFO - Setting next_dagrun for example_branch_python_operator_decorator to 2025-12-03 00:00:00+00:00, run_after=2025-12-04 00:00:00+00:00
[2025-12-04T18:46:16.151+0500] {processor.py:183} INFO - Processing /Library/Frameworks/Python.framework/Versions/3.11/lib/python3.11/site-packages/airflow/example_dags/example_branch_operator_decorator.py took 0.609 seconds
[2025-12-04T18:50:36.356+0500] {processor.py:161} INFO - Started process (PID=12990) to work on /Library/Frameworks/Python.framework/Versions/3.11/lib/python3.11/site-packages/airflow/example_dags/example_branch_operator_decorator.py
[2025-12-04T18:50:36.358+0500] {processor.py:830} INFO - Processing file /Library/Frameworks/Python.framework/Versions/3.11/lib/python3.11/site-packages/airflow/example_dags/example_branch_operator_decorator.py for tasks to queue
[2025-12-04T18:50:36.360+0500] {logging_mixin.py:188} INFO - [2025-12-04T18:50:36.359+0500] {dagbag.py:545} INFO - Filling up the DagBag from /Library/Frameworks/Python.framework/Versions/3.11/lib/python3.11/site-packages/airflow/example_dags/example_branch_operator_decorator.py
[2025-12-04T18:50:36.444+0500] {processor.py:840} INFO - DAG(s) 'example_branch_python_operator_decorator' retrieved from /Library/Frameworks/Python.framework/Versions/3.11/lib/python3.11/site-packages/airflow/example_dags/example_branch_operator_decorator.py
[2025-12-04T18:50:37.256+0500] {logging_mixin.py:188} INFO - [2025-12-04T18:50:37.255+0500] {dag.py:3089} INFO - Sync 1 DAGs
[2025-12-04T18:50:37.311+0500] {logging_mixin.py:188} INFO - [2025-12-04T18:50:37.310+0500] {dag.py:3947} INFO - Setting next_dagrun for example_branch_python_operator_decorator to 2025-12-03 00:00:00+00:00, run_after=2025-12-04 00:00:00+00:00
[2025-12-04T18:50:37.360+0500] {processor.py:183} INFO - Processing /Library/Frameworks/Python.framework/Versions/3.11/lib/python3.11/site-packages/airflow/example_dags/example_branch_operator_decorator.py took 1.007 seconds
[2025-12-04T18:55:03.165+0500] {processor.py:161} INFO - Started process (PID=13173) to work on /Library/Frameworks/Python.framework/Versions/3.11/lib/python3.11/site-packages/airflow/example_dags/example_branch_operator_decorator.py
[2025-12-04T18:55:03.167+0500] {processor.py:830} INFO - Processing file /Library/Frameworks/Python.framework/Versions/3.11/lib/python3.11/site-packages/airflow/example_dags/example_branch_operator_decorator.py for tasks to queue
[2025-12-04T18:55:03.168+0500] {logging_mixin.py:188} INFO - [2025-12-04T18:55:03.168+0500] {dagbag.py:545} INFO - Filling up the DagBag from /Library/Frameworks/Python.framework/Versions/3.11/lib/python3.11/site-packages/airflow/example_dags/example_branch_operator_decorator.py
[2025-12-04T18:55:03.233+0500] {processor.py:840} INFO - DAG(s) 'example_branch_python_operator_decorator' retrieved from /Library/Frameworks/Python.framework/Versions/3.11/lib/python3.11/site-packages/airflow/example_dags/example_branch_operator_decorator.py
[2025-12-04T18:55:03.584+0500] {logging_mixin.py:188} INFO - [2025-12-04T18:55:03.583+0500] {dag.py:3089} INFO - Sync 1 DAGs
[2025-12-04T18:55:03.605+0500] {logging_mixin.py:188} INFO - [2025-12-04T18:55:03.604+0500] {dag.py:3947} INFO - Setting next_dagrun for example_branch_python_operator_decorator to 2025-12-03 00:00:00+00:00, run_after=2025-12-04 00:00:00+00:00
[2025-12-04T18:55:03.632+0500] {processor.py:183} INFO - Processing /Library/Frameworks/Python.framework/Versions/3.11/lib/python3.11/site-packages/airflow/example_dags/example_branch_operator_decorator.py took 0.470 seconds
[2025-12-04T19:35:01.920+0500] {processor.py:161} INFO - Started process (PID=14638) to work on /Library/Frameworks/Python.framework/Versions/3.11/lib/python3.11/site-packages/airflow/example_dags/example_branch_operator_decorator.py
[2025-12-04T19:35:01.923+0500] {processor.py:830} INFO - Processing file /Library/Frameworks/Python.framework/Versions/3.11/lib/python3.11/site-packages/airflow/example_dags/example_branch_operator_decorator.py for tasks to queue
[2025-12-04T19:35:01.924+0500] {logging_mixin.py:188} INFO - [2025-12-04T19:35:01.924+0500] {dagbag.py:545} INFO - Filling up the DagBag from /Library/Frameworks/Python.framework/Versions/3.11/lib/python3.11/site-packages/airflow/example_dags/example_branch_operator_decorator.py
[2025-12-04T19:35:02.013+0500] {processor.py:840} INFO - DAG(s) 'example_branch_python_operator_decorator' retrieved from /Library/Frameworks/Python.framework/Versions/3.11/lib/python3.11/site-packages/airflow/example_dags/example_branch_operator_decorator.py
[2025-12-04T19:35:02.661+0500] {logging_mixin.py:188} INFO - [2025-12-04T19:35:02.661+0500] {dag.py:3089} INFO - Sync 1 DAGs
[2025-12-04T19:35:02.689+0500] {logging_mixin.py:188} INFO - [2025-12-04T19:35:02.689+0500] {dag.py:3947} INFO - Setting next_dagrun for example_branch_python_operator_decorator to 2025-12-03 00:00:00+00:00, run_after=2025-12-04 00:00:00+00:00
[2025-12-04T19:35:02.722+0500] {processor.py:183} INFO - Processing /Library/Frameworks/Python.framework/Versions/3.11/lib/python3.11/site-packages/airflow/example_dags/example_branch_operator_decorator.py took 0.809 seconds
[2025-12-04T19:39:29.017+0500] {processor.py:161} INFO - Started process (PID=14809) to work on /Library/Frameworks/Python.framework/Versions/3.11/lib/python3.11/site-packages/airflow/example_dags/example_branch_operator_decorator.py
[2025-12-04T19:39:29.019+0500] {processor.py:830} INFO - Processing file /Library/Frameworks/Python.framework/Versions/3.11/lib/python3.11/site-packages/airflow/example_dags/example_branch_operator_decorator.py for tasks to queue
[2025-12-04T19:39:29.020+0500] {logging_mixin.py:188} INFO - [2025-12-04T19:39:29.019+0500] {dagbag.py:545} INFO - Filling up the DagBag from /Library/Frameworks/Python.framework/Versions/3.11/lib/python3.11/site-packages/airflow/example_dags/example_branch_operator_decorator.py
[2025-12-04T19:39:29.073+0500] {processor.py:840} INFO - DAG(s) 'example_branch_python_operator_decorator' retrieved from /Library/Frameworks/Python.framework/Versions/3.11/lib/python3.11/site-packages/airflow/example_dags/example_branch_operator_decorator.py
[2025-12-04T19:39:29.327+0500] {logging_mixin.py:188} INFO - [2025-12-04T19:39:29.327+0500] {dag.py:3089} INFO - Sync 1 DAGs
[2025-12-04T19:39:29.343+0500] {logging_mixin.py:188} INFO - [2025-12-04T19:39:29.343+0500] {dag.py:3947} INFO - Setting next_dagrun for example_branch_python_operator_decorator to 2025-12-03 00:00:00+00:00, run_after=2025-12-04 00:00:00+00:00
[2025-12-04T19:39:29.366+0500] {processor.py:183} INFO - Processing /Library/Frameworks/Python.framework/Versions/3.11/lib/python3.11/site-packages/airflow/example_dags/example_branch_operator_decorator.py took 0.353 seconds
[2025-12-04T19:44:05.424+0500] {processor.py:161} INFO - Started process (PID=14973) to work on /Library/Frameworks/Python.framework/Versions/3.11/lib/python3.11/site-packages/airflow/example_dags/example_branch_operator_decorator.py
[2025-12-04T19:44:05.426+0500] {processor.py:830} INFO - Processing file /Library/Frameworks/Python.framework/Versions/3.11/lib/python3.11/site-packages/airflow/example_dags/example_branch_operator_decorator.py for tasks to queue
[2025-12-04T19:44:05.427+0500] {logging_mixin.py:188} INFO - [2025-12-04T19:44:05.427+0500] {dagbag.py:545} INFO - Filling up the DagBag from /Library/Frameworks/Python.framework/Versions/3.11/lib/python3.11/site-packages/airflow/example_dags/example_branch_operator_decorator.py
[2025-12-04T19:44:05.481+0500] {processor.py:840} INFO - DAG(s) 'example_branch_python_operator_decorator' retrieved from /Library/Frameworks/Python.framework/Versions/3.11/lib/python3.11/site-packages/airflow/example_dags/example_branch_operator_decorator.py
[2025-12-04T19:44:05.757+0500] {logging_mixin.py:188} INFO - [2025-12-04T19:44:05.757+0500] {dag.py:3089} INFO - Sync 1 DAGs
[2025-12-04T19:44:05.774+0500] {logging_mixin.py:188} INFO - [2025-12-04T19:44:05.774+0500] {dag.py:3947} INFO - Setting next_dagrun for example_branch_python_operator_decorator to 2025-12-03 00:00:00+00:00, run_after=2025-12-04 00:00:00+00:00
[2025-12-04T19:44:05.797+0500] {processor.py:183} INFO - Processing /Library/Frameworks/Python.framework/Versions/3.11/lib/python3.11/site-packages/airflow/example_dags/example_branch_operator_decorator.py took 0.376 seconds
[2025-12-04T19:48:50.864+0500] {processor.py:161} INFO - Started process (PID=15149) to work on /Library/Frameworks/Python.framework/Versions/3.11/lib/python3.11/site-packages/airflow/example_dags/example_branch_operator_decorator.py
[2025-12-04T19:48:50.866+0500] {processor.py:830} INFO - Processing file /Library/Frameworks/Python.framework/Versions/3.11/lib/python3.11/site-packages/airflow/example_dags/example_branch_operator_decorator.py for tasks to queue
[2025-12-04T19:48:50.867+0500] {logging_mixin.py:188} INFO - [2025-12-04T19:48:50.867+0500] {dagbag.py:545} INFO - Filling up the DagBag from /Library/Frameworks/Python.framework/Versions/3.11/lib/python3.11/site-packages/airflow/example_dags/example_branch_operator_decorator.py
[2025-12-04T19:48:50.920+0500] {processor.py:840} INFO - DAG(s) 'example_branch_python_operator_decorator' retrieved from /Library/Frameworks/Python.framework/Versions/3.11/lib/python3.11/site-packages/airflow/example_dags/example_branch_operator_decorator.py
[2025-12-04T19:48:51.178+0500] {logging_mixin.py:188} INFO - [2025-12-04T19:48:51.178+0500] {dag.py:3089} INFO - Sync 1 DAGs
[2025-12-04T19:48:51.195+0500] {logging_mixin.py:188} INFO - [2025-12-04T19:48:51.195+0500] {dag.py:3947} INFO - Setting next_dagrun for example_branch_python_operator_decorator to 2025-12-03 00:00:00+00:00, run_after=2025-12-04 00:00:00+00:00
[2025-12-04T19:48:51.218+0500] {processor.py:183} INFO - Processing /Library/Frameworks/Python.framework/Versions/3.11/lib/python3.11/site-packages/airflow/example_dags/example_branch_operator_decorator.py took 0.357 seconds
[2025-12-04T19:52:47.472+0500] {processor.py:161} INFO - Started process (PID=15328) to work on /Library/Frameworks/Python.framework/Versions/3.11/lib/python3.11/site-packages/airflow/example_dags/example_branch_operator_decorator.py
[2025-12-04T19:52:47.474+0500] {processor.py:830} INFO - Processing file /Library/Frameworks/Python.framework/Versions/3.11/lib/python3.11/site-packages/airflow/example_dags/example_branch_operator_decorator.py for tasks to queue
[2025-12-04T19:52:47.475+0500] {logging_mixin.py:188} INFO - [2025-12-04T19:52:47.474+0500] {dagbag.py:545} INFO - Filling up the DagBag from /Library/Frameworks/Python.framework/Versions/3.11/lib/python3.11/site-packages/airflow/example_dags/example_branch_operator_decorator.py
[2025-12-04T19:52:47.530+0500] {processor.py:840} INFO - DAG(s) 'example_branch_python_operator_decorator' retrieved from /Library/Frameworks/Python.framework/Versions/3.11/lib/python3.11/site-packages/airflow/example_dags/example_branch_operator_decorator.py
[2025-12-04T19:52:47.793+0500] {logging_mixin.py:188} INFO - [2025-12-04T19:52:47.793+0500] {dag.py:3089} INFO - Sync 1 DAGs
[2025-12-04T19:52:47.810+0500] {logging_mixin.py:188} INFO - [2025-12-04T19:52:47.810+0500] {dag.py:3947} INFO - Setting next_dagrun for example_branch_python_operator_decorator to 2025-12-03 00:00:00+00:00, run_after=2025-12-04 00:00:00+00:00
[2025-12-04T19:52:47.834+0500] {processor.py:183} INFO - Processing /Library/Frameworks/Python.framework/Versions/3.11/lib/python3.11/site-packages/airflow/example_dags/example_branch_operator_decorator.py took 0.365 seconds
[2025-12-04T19:56:35.388+0500] {processor.py:161} INFO - Started process (PID=15455) to work on /Library/Frameworks/Python.framework/Versions/3.11/lib/python3.11/site-packages/airflow/example_dags/example_branch_operator_decorator.py
[2025-12-04T19:56:35.390+0500] {processor.py:830} INFO - Processing file /Library/Frameworks/Python.framework/Versions/3.11/lib/python3.11/site-packages/airflow/example_dags/example_branch_operator_decorator.py for tasks to queue
[2025-12-04T19:56:35.391+0500] {logging_mixin.py:188} INFO - [2025-12-04T19:56:35.391+0500] {dagbag.py:545} INFO - Filling up the DagBag from /Library/Frameworks/Python.framework/Versions/3.11/lib/python3.11/site-packages/airflow/example_dags/example_branch_operator_decorator.py
[2025-12-04T19:56:35.442+0500] {processor.py:840} INFO - DAG(s) 'example_branch_python_operator_decorator' retrieved from /Library/Frameworks/Python.framework/Versions/3.11/lib/python3.11/site-packages/airflow/example_dags/example_branch_operator_decorator.py
[2025-12-04T19:56:35.702+0500] {logging_mixin.py:188} INFO - [2025-12-04T19:56:35.701+0500] {dag.py:3089} INFO - Sync 1 DAGs
[2025-12-04T19:56:35.720+0500] {logging_mixin.py:188} INFO - [2025-12-04T19:56:35.719+0500] {dag.py:3947} INFO - Setting next_dagrun for example_branch_python_operator_decorator to 2025-12-03 00:00:00+00:00, run_after=2025-12-04 00:00:00+00:00
[2025-12-04T19:56:35.745+0500] {processor.py:183} INFO - Processing /Library/Frameworks/Python.framework/Versions/3.11/lib/python3.11/site-packages/airflow/example_dags/example_branch_operator_decorator.py took 0.360 seconds
[2025-12-04T20:42:53.409+0500] {processor.py:161} INFO - Started process (PID=15656) to work on /Library/Frameworks/Python.framework/Versions/3.11/lib/python3.11/site-packages/airflow/example_dags/example_branch_operator_decorator.py
[2025-12-04T20:42:53.412+0500] {processor.py:830} INFO - Processing file /Library/Frameworks/Python.framework/Versions/3.11/lib/python3.11/site-packages/airflow/example_dags/example_branch_operator_decorator.py for tasks to queue
[2025-12-04T20:42:53.413+0500] {logging_mixin.py:188} INFO - [2025-12-04T20:42:53.413+0500] {dagbag.py:545} INFO - Filling up the DagBag from /Library/Frameworks/Python.framework/Versions/3.11/lib/python3.11/site-packages/airflow/example_dags/example_branch_operator_decorator.py
[2025-12-04T20:42:53.492+0500] {processor.py:840} INFO - DAG(s) 'example_branch_python_operator_decorator' retrieved from /Library/Frameworks/Python.framework/Versions/3.11/lib/python3.11/site-packages/airflow/example_dags/example_branch_operator_decorator.py
[2025-12-04T20:42:54.130+0500] {logging_mixin.py:188} INFO - [2025-12-04T20:42:54.130+0500] {dag.py:3089} INFO - Sync 1 DAGs
[2025-12-04T20:42:54.152+0500] {logging_mixin.py:188} INFO - [2025-12-04T20:42:54.152+0500] {dag.py:3947} INFO - Setting next_dagrun for example_branch_python_operator_decorator to 2025-12-03 00:00:00+00:00, run_after=2025-12-04 00:00:00+00:00
[2025-12-04T20:42:54.187+0500] {processor.py:183} INFO - Processing /Library/Frameworks/Python.framework/Versions/3.11/lib/python3.11/site-packages/airflow/example_dags/example_branch_operator_decorator.py took 0.782 seconds
[2025-12-04T20:46:13.125+0500] {processor.py:161} INFO - Started process (PID=15819) to work on /Library/Frameworks/Python.framework/Versions/3.11/lib/python3.11/site-packages/airflow/example_dags/example_branch_operator_decorator.py
[2025-12-04T20:46:13.127+0500] {processor.py:830} INFO - Processing file /Library/Frameworks/Python.framework/Versions/3.11/lib/python3.11/site-packages/airflow/example_dags/example_branch_operator_decorator.py for tasks to queue
[2025-12-04T20:46:13.128+0500] {logging_mixin.py:188} INFO - [2025-12-04T20:46:13.128+0500] {dagbag.py:545} INFO - Filling up the DagBag from /Library/Frameworks/Python.framework/Versions/3.11/lib/python3.11/site-packages/airflow/example_dags/example_branch_operator_decorator.py
[2025-12-04T20:46:13.179+0500] {processor.py:840} INFO - DAG(s) 'example_branch_python_operator_decorator' retrieved from /Library/Frameworks/Python.framework/Versions/3.11/lib/python3.11/site-packages/airflow/example_dags/example_branch_operator_decorator.py
[2025-12-04T20:46:13.436+0500] {logging_mixin.py:188} INFO - [2025-12-04T20:46:13.436+0500] {dag.py:3089} INFO - Sync 1 DAGs
[2025-12-04T20:46:13.452+0500] {logging_mixin.py:188} INFO - [2025-12-04T20:46:13.452+0500] {dag.py:3947} INFO - Setting next_dagrun for example_branch_python_operator_decorator to 2025-12-03 00:00:00+00:00, run_after=2025-12-04 00:00:00+00:00
[2025-12-04T20:46:13.476+0500] {processor.py:183} INFO - Processing /Library/Frameworks/Python.framework/Versions/3.11/lib/python3.11/site-packages/airflow/example_dags/example_branch_operator_decorator.py took 0.353 seconds
