[2025-12-04T18:20:13.017+0500] {processor.py:161} INFO - Started process (PID=11741) to work on /Library/Frameworks/Python.framework/Versions/3.11/lib/python3.11/site-packages/airflow/example_dags/example_datasets.py
[2025-12-04T18:20:13.018+0500] {processor.py:830} INFO - Processing file /Library/Frameworks/Python.framework/Versions/3.11/lib/python3.11/site-packages/airflow/example_dags/example_datasets.py for tasks to queue
[2025-12-04T18:20:13.019+0500] {logging_mixin.py:188} INFO - [2025-12-04T18:20:13.019+0500] {dagbag.py:545} INFO - Filling up the DagBag from /Library/Frameworks/Python.framework/Versions/3.11/lib/python3.11/site-packages/airflow/example_dags/example_datasets.py
[2025-12-04T18:20:13.117+0500] {processor.py:840} INFO - DAG(s) 'dataset_produces_1', 'dataset_consumes_1', 'dataset_produces_2', 'consume_1_and_2_with_dataset_expressions', 'conditional_dataset_and_time_based_timetable', 'dataset_consumes_unknown_never_scheduled', 'dataset_consumes_1_never_scheduled', 'consume_1_or_both_2_and_3_with_dataset_expressions', 'dataset_consumes_1_and_2', 'consume_1_or_2_with_dataset_expressions' retrieved from /Library/Frameworks/Python.framework/Versions/3.11/lib/python3.11/site-packages/airflow/example_dags/example_datasets.py
[2025-12-04T18:20:13.394+0500] {logging_mixin.py:188} INFO - [2025-12-04T18:20:13.392+0500] {override.py:1858} INFO - Created Permission View: can delete on DAG:dataset_produces_1
[2025-12-04T18:20:13.473+0500] {logging_mixin.py:188} INFO - [2025-12-04T18:20:13.473+0500] {override.py:1858} INFO - Created Permission View: can read on DAG:dataset_produces_1
[2025-12-04T18:20:13.480+0500] {logging_mixin.py:188} INFO - [2025-12-04T18:20:13.480+0500] {override.py:1858} INFO - Created Permission View: can edit on DAG:dataset_produces_1
[2025-12-04T18:20:13.502+0500] {logging_mixin.py:188} INFO - [2025-12-04T18:20:13.501+0500] {override.py:1858} INFO - Created Permission View: can delete on DAG:dataset_consumes_1
[2025-12-04T18:20:13.513+0500] {logging_mixin.py:188} INFO - [2025-12-04T18:20:13.513+0500] {override.py:1858} INFO - Created Permission View: can read on DAG:dataset_consumes_1
[2025-12-04T18:20:13.523+0500] {logging_mixin.py:188} INFO - [2025-12-04T18:20:13.522+0500] {override.py:1858} INFO - Created Permission View: can edit on DAG:dataset_consumes_1
[2025-12-04T18:20:13.547+0500] {logging_mixin.py:188} INFO - [2025-12-04T18:20:13.547+0500] {override.py:1858} INFO - Created Permission View: can delete on DAG:dataset_produces_2
[2025-12-04T18:20:13.559+0500] {logging_mixin.py:188} INFO - [2025-12-04T18:20:13.559+0500] {override.py:1858} INFO - Created Permission View: can read on DAG:dataset_produces_2
[2025-12-04T18:20:13.568+0500] {logging_mixin.py:188} INFO - [2025-12-04T18:20:13.567+0500] {override.py:1858} INFO - Created Permission View: can edit on DAG:dataset_produces_2
[2025-12-04T18:20:13.591+0500] {logging_mixin.py:188} INFO - [2025-12-04T18:20:13.591+0500] {override.py:1858} INFO - Created Permission View: can delete on DAG:consume_1_and_2_with_dataset_expressions
[2025-12-04T18:20:13.599+0500] {logging_mixin.py:188} INFO - [2025-12-04T18:20:13.599+0500] {override.py:1858} INFO - Created Permission View: can read on DAG:consume_1_and_2_with_dataset_expressions
[2025-12-04T18:20:13.609+0500] {logging_mixin.py:188} INFO - [2025-12-04T18:20:13.609+0500] {override.py:1858} INFO - Created Permission View: can edit on DAG:consume_1_and_2_with_dataset_expressions
[2025-12-04T18:20:13.630+0500] {logging_mixin.py:188} INFO - [2025-12-04T18:20:13.629+0500] {override.py:1858} INFO - Created Permission View: can delete on DAG:conditional_dataset_and_time_based_timetable
[2025-12-04T18:20:13.646+0500] {logging_mixin.py:188} INFO - [2025-12-04T18:20:13.646+0500] {override.py:1858} INFO - Created Permission View: can read on DAG:conditional_dataset_and_time_based_timetable
[2025-12-04T18:20:13.654+0500] {logging_mixin.py:188} INFO - [2025-12-04T18:20:13.654+0500] {override.py:1858} INFO - Created Permission View: can edit on DAG:conditional_dataset_and_time_based_timetable
[2025-12-04T18:20:13.676+0500] {logging_mixin.py:188} INFO - [2025-12-04T18:20:13.675+0500] {override.py:1858} INFO - Created Permission View: can delete on DAG:dataset_consumes_unknown_never_scheduled
[2025-12-04T18:20:13.684+0500] {logging_mixin.py:188} INFO - [2025-12-04T18:20:13.684+0500] {override.py:1858} INFO - Created Permission View: can read on DAG:dataset_consumes_unknown_never_scheduled
[2025-12-04T18:20:13.703+0500] {logging_mixin.py:188} INFO - [2025-12-04T18:20:13.702+0500] {override.py:1858} INFO - Created Permission View: can edit on DAG:dataset_consumes_unknown_never_scheduled
[2025-12-04T18:20:13.724+0500] {logging_mixin.py:188} INFO - [2025-12-04T18:20:13.724+0500] {override.py:1858} INFO - Created Permission View: can delete on DAG:dataset_consumes_1_never_scheduled
[2025-12-04T18:20:13.732+0500] {logging_mixin.py:188} INFO - [2025-12-04T18:20:13.732+0500] {override.py:1858} INFO - Created Permission View: can read on DAG:dataset_consumes_1_never_scheduled
[2025-12-04T18:20:13.741+0500] {logging_mixin.py:188} INFO - [2025-12-04T18:20:13.741+0500] {override.py:1858} INFO - Created Permission View: can edit on DAG:dataset_consumes_1_never_scheduled
[2025-12-04T18:20:13.760+0500] {logging_mixin.py:188} INFO - [2025-12-04T18:20:13.760+0500] {override.py:1858} INFO - Created Permission View: can delete on DAG:consume_1_or_both_2_and_3_with_dataset_expressions
[2025-12-04T18:20:13.768+0500] {logging_mixin.py:188} INFO - [2025-12-04T18:20:13.768+0500] {override.py:1858} INFO - Created Permission View: can read on DAG:consume_1_or_both_2_and_3_with_dataset_expressions
[2025-12-04T18:20:13.776+0500] {logging_mixin.py:188} INFO - [2025-12-04T18:20:13.776+0500] {override.py:1858} INFO - Created Permission View: can edit on DAG:consume_1_or_both_2_and_3_with_dataset_expressions
[2025-12-04T18:20:13.795+0500] {logging_mixin.py:188} INFO - [2025-12-04T18:20:13.795+0500] {override.py:1858} INFO - Created Permission View: can delete on DAG:dataset_consumes_1_and_2
[2025-12-04T18:20:13.802+0500] {logging_mixin.py:188} INFO - [2025-12-04T18:20:13.802+0500] {override.py:1858} INFO - Created Permission View: can read on DAG:dataset_consumes_1_and_2
[2025-12-04T18:20:13.813+0500] {logging_mixin.py:188} INFO - [2025-12-04T18:20:13.812+0500] {override.py:1858} INFO - Created Permission View: can edit on DAG:dataset_consumes_1_and_2
[2025-12-04T18:20:13.829+0500] {logging_mixin.py:188} INFO - [2025-12-04T18:20:13.828+0500] {override.py:1858} INFO - Created Permission View: can delete on DAG:consume_1_or_2_with_dataset_expressions
[2025-12-04T18:20:13.836+0500] {logging_mixin.py:188} INFO - [2025-12-04T18:20:13.836+0500] {override.py:1858} INFO - Created Permission View: can read on DAG:consume_1_or_2_with_dataset_expressions
[2025-12-04T18:20:13.847+0500] {logging_mixin.py:188} INFO - [2025-12-04T18:20:13.846+0500] {override.py:1858} INFO - Created Permission View: can edit on DAG:consume_1_or_2_with_dataset_expressions
[2025-12-04T18:20:13.847+0500] {logging_mixin.py:188} INFO - [2025-12-04T18:20:13.847+0500] {dag.py:3089} INFO - Sync 10 DAGs
[2025-12-04T18:20:13.858+0500] {logging_mixin.py:188} INFO - [2025-12-04T18:20:13.858+0500] {dag.py:3111} INFO - Creating ORM DAG for dataset_consumes_1
[2025-12-04T18:20:13.859+0500] {logging_mixin.py:188} INFO - [2025-12-04T18:20:13.859+0500] {dag.py:3111} INFO - Creating ORM DAG for dataset_consumes_unknown_never_scheduled
[2025-12-04T18:20:13.860+0500] {logging_mixin.py:188} INFO - [2025-12-04T18:20:13.860+0500] {dag.py:3111} INFO - Creating ORM DAG for consume_1_or_both_2_and_3_with_dataset_expressions
[2025-12-04T18:20:13.861+0500] {logging_mixin.py:188} INFO - [2025-12-04T18:20:13.861+0500] {dag.py:3111} INFO - Creating ORM DAG for dataset_produces_2
[2025-12-04T18:20:13.862+0500] {logging_mixin.py:188} INFO - [2025-12-04T18:20:13.861+0500] {dag.py:3111} INFO - Creating ORM DAG for consume_1_or_2_with_dataset_expressions
[2025-12-04T18:20:13.862+0500] {logging_mixin.py:188} INFO - [2025-12-04T18:20:13.862+0500] {dag.py:3111} INFO - Creating ORM DAG for consume_1_and_2_with_dataset_expressions
[2025-12-04T18:20:13.863+0500] {logging_mixin.py:188} INFO - [2025-12-04T18:20:13.863+0500] {dag.py:3111} INFO - Creating ORM DAG for dataset_consumes_1_never_scheduled
[2025-12-04T18:20:13.864+0500] {logging_mixin.py:188} INFO - [2025-12-04T18:20:13.864+0500] {dag.py:3111} INFO - Creating ORM DAG for dataset_produces_1
[2025-12-04T18:20:13.865+0500] {logging_mixin.py:188} INFO - [2025-12-04T18:20:13.864+0500] {dag.py:3111} INFO - Creating ORM DAG for conditional_dataset_and_time_based_timetable
[2025-12-04T18:20:13.865+0500] {logging_mixin.py:188} INFO - [2025-12-04T18:20:13.865+0500] {dag.py:3111} INFO - Creating ORM DAG for dataset_consumes_1_and_2
[2025-12-04T18:20:13.876+0500] {logging_mixin.py:188} INFO - [2025-12-04T18:20:13.876+0500] {dag.py:3947} INFO - Setting next_dagrun for conditional_dataset_and_time_based_timetable to 2025-12-03 01:00:00+00:00, run_after=2025-12-03 01:00:00+00:00
[2025-12-04T18:20:13.877+0500] {logging_mixin.py:188} INFO - [2025-12-04T18:20:13.877+0500] {dag.py:3947} INFO - Setting next_dagrun for consume_1_and_2_with_dataset_expressions to None, run_after=None
[2025-12-04T18:20:13.877+0500] {logging_mixin.py:188} INFO - [2025-12-04T18:20:13.877+0500] {dag.py:3947} INFO - Setting next_dagrun for consume_1_or_2_with_dataset_expressions to None, run_after=None
[2025-12-04T18:20:13.878+0500] {logging_mixin.py:188} INFO - [2025-12-04T18:20:13.878+0500] {dag.py:3947} INFO - Setting next_dagrun for consume_1_or_both_2_and_3_with_dataset_expressions to None, run_after=None
[2025-12-04T18:20:13.878+0500] {logging_mixin.py:188} INFO - [2025-12-04T18:20:13.878+0500] {dag.py:3947} INFO - Setting next_dagrun for dataset_consumes_1 to None, run_after=None
[2025-12-04T18:20:13.879+0500] {logging_mixin.py:188} INFO - [2025-12-04T18:20:13.879+0500] {dag.py:3947} INFO - Setting next_dagrun for dataset_consumes_1_and_2 to None, run_after=None
[2025-12-04T18:20:13.879+0500] {logging_mixin.py:188} INFO - [2025-12-04T18:20:13.879+0500] {dag.py:3947} INFO - Setting next_dagrun for dataset_consumes_1_never_scheduled to None, run_after=None
[2025-12-04T18:20:13.880+0500] {logging_mixin.py:188} INFO - [2025-12-04T18:20:13.880+0500] {dag.py:3947} INFO - Setting next_dagrun for dataset_consumes_unknown_never_scheduled to None, run_after=None
[2025-12-04T18:20:13.882+0500] {logging_mixin.py:188} INFO - [2025-12-04T18:20:13.882+0500] {dag.py:3947} INFO - Setting next_dagrun for dataset_produces_1 to 2025-12-03 00:00:00+00:00, run_after=2025-12-04 00:00:00+00:00
[2025-12-04T18:20:13.883+0500] {logging_mixin.py:188} INFO - [2025-12-04T18:20:13.883+0500] {dag.py:3947} INFO - Setting next_dagrun for dataset_produces_2 to None, run_after=None
[2025-12-04T18:20:13.965+0500] {processor.py:183} INFO - Processing /Library/Frameworks/Python.framework/Versions/3.11/lib/python3.11/site-packages/airflow/example_dags/example_datasets.py took 0.951 seconds
[2025-12-04T18:22:50.247+0500] {processor.py:161} INFO - Started process (PID=11843) to work on /Library/Frameworks/Python.framework/Versions/3.11/lib/python3.11/site-packages/airflow/example_dags/example_datasets.py
[2025-12-04T18:22:50.249+0500] {processor.py:830} INFO - Processing file /Library/Frameworks/Python.framework/Versions/3.11/lib/python3.11/site-packages/airflow/example_dags/example_datasets.py for tasks to queue
[2025-12-04T18:22:50.250+0500] {logging_mixin.py:188} INFO - [2025-12-04T18:22:50.250+0500] {dagbag.py:545} INFO - Filling up the DagBag from /Library/Frameworks/Python.framework/Versions/3.11/lib/python3.11/site-packages/airflow/example_dags/example_datasets.py
[2025-12-04T18:22:50.381+0500] {processor.py:840} INFO - DAG(s) 'dataset_consumes_1_never_scheduled', 'dataset_consumes_1_and_2', 'dataset_produces_1', 'dataset_produces_2', 'consume_1_or_2_with_dataset_expressions', 'consume_1_or_both_2_and_3_with_dataset_expressions', 'consume_1_and_2_with_dataset_expressions', 'dataset_consumes_1', 'dataset_consumes_unknown_never_scheduled', 'conditional_dataset_and_time_based_timetable' retrieved from /Library/Frameworks/Python.framework/Versions/3.11/lib/python3.11/site-packages/airflow/example_dags/example_datasets.py
[2025-12-04T18:22:50.518+0500] {logging_mixin.py:188} INFO - [2025-12-04T18:22:50.518+0500] {dag.py:3089} INFO - Sync 10 DAGs
[2025-12-04T18:22:50.537+0500] {logging_mixin.py:188} INFO - [2025-12-04T18:22:50.537+0500] {dag.py:3947} INFO - Setting next_dagrun for conditional_dataset_and_time_based_timetable to 2025-12-03 01:00:00+00:00, run_after=2025-12-03 01:00:00+00:00
[2025-12-04T18:22:50.540+0500] {logging_mixin.py:188} INFO - [2025-12-04T18:22:50.540+0500] {dag.py:3947} INFO - Setting next_dagrun for consume_1_and_2_with_dataset_expressions to None, run_after=None
[2025-12-04T18:22:50.542+0500] {logging_mixin.py:188} INFO - [2025-12-04T18:22:50.541+0500] {dag.py:3947} INFO - Setting next_dagrun for consume_1_or_2_with_dataset_expressions to None, run_after=None
[2025-12-04T18:22:50.543+0500] {logging_mixin.py:188} INFO - [2025-12-04T18:22:50.542+0500] {dag.py:3947} INFO - Setting next_dagrun for consume_1_or_both_2_and_3_with_dataset_expressions to None, run_after=None
[2025-12-04T18:22:50.544+0500] {logging_mixin.py:188} INFO - [2025-12-04T18:22:50.543+0500] {dag.py:3947} INFO - Setting next_dagrun for dataset_consumes_1 to None, run_after=None
[2025-12-04T18:22:50.545+0500] {logging_mixin.py:188} INFO - [2025-12-04T18:22:50.544+0500] {dag.py:3947} INFO - Setting next_dagrun for dataset_consumes_1_and_2 to None, run_after=None
[2025-12-04T18:22:50.546+0500] {logging_mixin.py:188} INFO - [2025-12-04T18:22:50.545+0500] {dag.py:3947} INFO - Setting next_dagrun for dataset_consumes_1_never_scheduled to None, run_after=None
[2025-12-04T18:22:50.547+0500] {logging_mixin.py:188} INFO - [2025-12-04T18:22:50.546+0500] {dag.py:3947} INFO - Setting next_dagrun for dataset_consumes_unknown_never_scheduled to None, run_after=None
[2025-12-04T18:22:50.549+0500] {logging_mixin.py:188} INFO - [2025-12-04T18:22:50.549+0500] {dag.py:3947} INFO - Setting next_dagrun for dataset_produces_1 to 2025-12-03 00:00:00+00:00, run_after=2025-12-04 00:00:00+00:00
[2025-12-04T18:22:50.550+0500] {logging_mixin.py:188} INFO - [2025-12-04T18:22:50.550+0500] {dag.py:3947} INFO - Setting next_dagrun for dataset_produces_2 to None, run_after=None
[2025-12-04T18:22:50.584+0500] {processor.py:183} INFO - Processing /Library/Frameworks/Python.framework/Versions/3.11/lib/python3.11/site-packages/airflow/example_dags/example_datasets.py took 0.340 seconds
[2025-12-04T18:26:58.884+0500] {processor.py:161} INFO - Started process (PID=12030) to work on /Library/Frameworks/Python.framework/Versions/3.11/lib/python3.11/site-packages/airflow/example_dags/example_datasets.py
[2025-12-04T18:26:58.886+0500] {processor.py:830} INFO - Processing file /Library/Frameworks/Python.framework/Versions/3.11/lib/python3.11/site-packages/airflow/example_dags/example_datasets.py for tasks to queue
[2025-12-04T18:26:58.887+0500] {logging_mixin.py:188} INFO - [2025-12-04T18:26:58.887+0500] {dagbag.py:545} INFO - Filling up the DagBag from /Library/Frameworks/Python.framework/Versions/3.11/lib/python3.11/site-packages/airflow/example_dags/example_datasets.py
[2025-12-04T18:26:58.989+0500] {processor.py:840} INFO - DAG(s) 'consume_1_or_both_2_and_3_with_dataset_expressions', 'consume_1_and_2_with_dataset_expressions', 'consume_1_or_2_with_dataset_expressions', 'dataset_consumes_1_never_scheduled', 'dataset_produces_1', 'dataset_consumes_1_and_2', 'dataset_consumes_unknown_never_scheduled', 'dataset_consumes_1', 'dataset_produces_2', 'conditional_dataset_and_time_based_timetable' retrieved from /Library/Frameworks/Python.framework/Versions/3.11/lib/python3.11/site-packages/airflow/example_dags/example_datasets.py
[2025-12-04T18:26:59.135+0500] {logging_mixin.py:188} INFO - [2025-12-04T18:26:59.135+0500] {dag.py:3089} INFO - Sync 10 DAGs
[2025-12-04T18:26:59.158+0500] {logging_mixin.py:188} INFO - [2025-12-04T18:26:59.158+0500] {dag.py:3947} INFO - Setting next_dagrun for conditional_dataset_and_time_based_timetable to 2025-12-03 01:00:00+00:00, run_after=2025-12-03 01:00:00+00:00
[2025-12-04T18:26:59.161+0500] {logging_mixin.py:188} INFO - [2025-12-04T18:26:59.161+0500] {dag.py:3947} INFO - Setting next_dagrun for consume_1_and_2_with_dataset_expressions to None, run_after=None
[2025-12-04T18:26:59.162+0500] {logging_mixin.py:188} INFO - [2025-12-04T18:26:59.162+0500] {dag.py:3947} INFO - Setting next_dagrun for consume_1_or_2_with_dataset_expressions to None, run_after=None
[2025-12-04T18:26:59.163+0500] {logging_mixin.py:188} INFO - [2025-12-04T18:26:59.163+0500] {dag.py:3947} INFO - Setting next_dagrun for consume_1_or_both_2_and_3_with_dataset_expressions to None, run_after=None
[2025-12-04T18:26:59.165+0500] {logging_mixin.py:188} INFO - [2025-12-04T18:26:59.164+0500] {dag.py:3947} INFO - Setting next_dagrun for dataset_consumes_1 to None, run_after=None
[2025-12-04T18:26:59.166+0500] {logging_mixin.py:188} INFO - [2025-12-04T18:26:59.166+0500] {dag.py:3947} INFO - Setting next_dagrun for dataset_consumes_1_and_2 to None, run_after=None
[2025-12-04T18:26:59.168+0500] {logging_mixin.py:188} INFO - [2025-12-04T18:26:59.167+0500] {dag.py:3947} INFO - Setting next_dagrun for dataset_consumes_1_never_scheduled to None, run_after=None
[2025-12-04T18:26:59.169+0500] {logging_mixin.py:188} INFO - [2025-12-04T18:26:59.169+0500] {dag.py:3947} INFO - Setting next_dagrun for dataset_consumes_unknown_never_scheduled to None, run_after=None
[2025-12-04T18:26:59.172+0500] {logging_mixin.py:188} INFO - [2025-12-04T18:26:59.172+0500] {dag.py:3947} INFO - Setting next_dagrun for dataset_produces_1 to 2025-12-03 00:00:00+00:00, run_after=2025-12-04 00:00:00+00:00
[2025-12-04T18:26:59.173+0500] {logging_mixin.py:188} INFO - [2025-12-04T18:26:59.173+0500] {dag.py:3947} INFO - Setting next_dagrun for dataset_produces_2 to None, run_after=None
[2025-12-04T18:26:59.207+0500] {processor.py:183} INFO - Processing /Library/Frameworks/Python.framework/Versions/3.11/lib/python3.11/site-packages/airflow/example_dags/example_datasets.py took 0.326 seconds
[2025-12-04T18:31:52.620+0500] {processor.py:161} INFO - Started process (PID=12242) to work on /Library/Frameworks/Python.framework/Versions/3.11/lib/python3.11/site-packages/airflow/example_dags/example_datasets.py
[2025-12-04T18:31:52.622+0500] {processor.py:830} INFO - Processing file /Library/Frameworks/Python.framework/Versions/3.11/lib/python3.11/site-packages/airflow/example_dags/example_datasets.py for tasks to queue
[2025-12-04T18:31:52.623+0500] {logging_mixin.py:188} INFO - [2025-12-04T18:31:52.623+0500] {dagbag.py:545} INFO - Filling up the DagBag from /Library/Frameworks/Python.framework/Versions/3.11/lib/python3.11/site-packages/airflow/example_dags/example_datasets.py
[2025-12-04T18:31:52.765+0500] {processor.py:840} INFO - DAG(s) 'dataset_consumes_1', 'consume_1_and_2_with_dataset_expressions', 'dataset_consumes_1_never_scheduled', 'dataset_produces_2', 'dataset_produces_1', 'dataset_consumes_unknown_never_scheduled', 'conditional_dataset_and_time_based_timetable', 'dataset_consumes_1_and_2', 'consume_1_or_both_2_and_3_with_dataset_expressions', 'consume_1_or_2_with_dataset_expressions' retrieved from /Library/Frameworks/Python.framework/Versions/3.11/lib/python3.11/site-packages/airflow/example_dags/example_datasets.py
[2025-12-04T18:31:52.916+0500] {logging_mixin.py:188} INFO - [2025-12-04T18:31:52.916+0500] {dag.py:3089} INFO - Sync 10 DAGs
[2025-12-04T18:31:52.938+0500] {logging_mixin.py:188} INFO - [2025-12-04T18:31:52.937+0500] {dag.py:3947} INFO - Setting next_dagrun for conditional_dataset_and_time_based_timetable to 2025-12-03 01:00:00+00:00, run_after=2025-12-03 01:00:00+00:00
[2025-12-04T18:31:52.941+0500] {logging_mixin.py:188} INFO - [2025-12-04T18:31:52.941+0500] {dag.py:3947} INFO - Setting next_dagrun for consume_1_and_2_with_dataset_expressions to None, run_after=None
[2025-12-04T18:31:52.943+0500] {logging_mixin.py:188} INFO - [2025-12-04T18:31:52.942+0500] {dag.py:3947} INFO - Setting next_dagrun for consume_1_or_2_with_dataset_expressions to None, run_after=None
[2025-12-04T18:31:52.944+0500] {logging_mixin.py:188} INFO - [2025-12-04T18:31:52.944+0500] {dag.py:3947} INFO - Setting next_dagrun for consume_1_or_both_2_and_3_with_dataset_expressions to None, run_after=None
[2025-12-04T18:31:52.945+0500] {logging_mixin.py:188} INFO - [2025-12-04T18:31:52.945+0500] {dag.py:3947} INFO - Setting next_dagrun for dataset_consumes_1 to None, run_after=None
[2025-12-04T18:31:52.946+0500] {logging_mixin.py:188} INFO - [2025-12-04T18:31:52.946+0500] {dag.py:3947} INFO - Setting next_dagrun for dataset_consumes_1_and_2 to None, run_after=None
[2025-12-04T18:31:52.947+0500] {logging_mixin.py:188} INFO - [2025-12-04T18:31:52.947+0500] {dag.py:3947} INFO - Setting next_dagrun for dataset_consumes_1_never_scheduled to None, run_after=None
[2025-12-04T18:31:52.948+0500] {logging_mixin.py:188} INFO - [2025-12-04T18:31:52.948+0500] {dag.py:3947} INFO - Setting next_dagrun for dataset_consumes_unknown_never_scheduled to None, run_after=None
[2025-12-04T18:31:52.950+0500] {logging_mixin.py:188} INFO - [2025-12-04T18:31:52.950+0500] {dag.py:3947} INFO - Setting next_dagrun for dataset_produces_1 to 2025-12-03 00:00:00+00:00, run_after=2025-12-04 00:00:00+00:00
[2025-12-04T18:31:52.951+0500] {logging_mixin.py:188} INFO - [2025-12-04T18:31:52.951+0500] {dag.py:3947} INFO - Setting next_dagrun for dataset_produces_2 to None, run_after=None
[2025-12-04T18:31:52.984+0500] {processor.py:183} INFO - Processing /Library/Frameworks/Python.framework/Versions/3.11/lib/python3.11/site-packages/airflow/example_dags/example_datasets.py took 0.367 seconds
[2025-12-04T18:36:20.374+0500] {processor.py:161} INFO - Started process (PID=12448) to work on /Library/Frameworks/Python.framework/Versions/3.11/lib/python3.11/site-packages/airflow/example_dags/example_datasets.py
[2025-12-04T18:36:20.376+0500] {processor.py:830} INFO - Processing file /Library/Frameworks/Python.framework/Versions/3.11/lib/python3.11/site-packages/airflow/example_dags/example_datasets.py for tasks to queue
[2025-12-04T18:36:20.377+0500] {logging_mixin.py:188} INFO - [2025-12-04T18:36:20.377+0500] {dagbag.py:545} INFO - Filling up the DagBag from /Library/Frameworks/Python.framework/Versions/3.11/lib/python3.11/site-packages/airflow/example_dags/example_datasets.py
[2025-12-04T18:36:20.508+0500] {processor.py:840} INFO - DAG(s) 'dataset_consumes_1_never_scheduled', 'consume_1_or_both_2_and_3_with_dataset_expressions', 'consume_1_and_2_with_dataset_expressions', 'dataset_produces_1', 'dataset_consumes_1', 'dataset_produces_2', 'consume_1_or_2_with_dataset_expressions', 'conditional_dataset_and_time_based_timetable', 'dataset_consumes_unknown_never_scheduled', 'dataset_consumes_1_and_2' retrieved from /Library/Frameworks/Python.framework/Versions/3.11/lib/python3.11/site-packages/airflow/example_dags/example_datasets.py
[2025-12-04T18:36:20.639+0500] {logging_mixin.py:188} INFO - [2025-12-04T18:36:20.639+0500] {dag.py:3089} INFO - Sync 10 DAGs
[2025-12-04T18:36:20.658+0500] {logging_mixin.py:188} INFO - [2025-12-04T18:36:20.658+0500] {dag.py:3947} INFO - Setting next_dagrun for conditional_dataset_and_time_based_timetable to 2025-12-03 01:00:00+00:00, run_after=2025-12-03 01:00:00+00:00
[2025-12-04T18:36:20.662+0500] {logging_mixin.py:188} INFO - [2025-12-04T18:36:20.661+0500] {dag.py:3947} INFO - Setting next_dagrun for consume_1_and_2_with_dataset_expressions to None, run_after=None
[2025-12-04T18:36:20.663+0500] {logging_mixin.py:188} INFO - [2025-12-04T18:36:20.662+0500] {dag.py:3947} INFO - Setting next_dagrun for consume_1_or_2_with_dataset_expressions to None, run_after=None
[2025-12-04T18:36:20.664+0500] {logging_mixin.py:188} INFO - [2025-12-04T18:36:20.664+0500] {dag.py:3947} INFO - Setting next_dagrun for consume_1_or_both_2_and_3_with_dataset_expressions to None, run_after=None
[2025-12-04T18:36:20.665+0500] {logging_mixin.py:188} INFO - [2025-12-04T18:36:20.665+0500] {dag.py:3947} INFO - Setting next_dagrun for dataset_consumes_1 to None, run_after=None
[2025-12-04T18:36:20.666+0500] {logging_mixin.py:188} INFO - [2025-12-04T18:36:20.666+0500] {dag.py:3947} INFO - Setting next_dagrun for dataset_consumes_1_and_2 to None, run_after=None
[2025-12-04T18:36:20.667+0500] {logging_mixin.py:188} INFO - [2025-12-04T18:36:20.667+0500] {dag.py:3947} INFO - Setting next_dagrun for dataset_consumes_1_never_scheduled to None, run_after=None
[2025-12-04T18:36:20.668+0500] {logging_mixin.py:188} INFO - [2025-12-04T18:36:20.668+0500] {dag.py:3947} INFO - Setting next_dagrun for dataset_consumes_unknown_never_scheduled to None, run_after=None
[2025-12-04T18:36:20.670+0500] {logging_mixin.py:188} INFO - [2025-12-04T18:36:20.670+0500] {dag.py:3947} INFO - Setting next_dagrun for dataset_produces_1 to 2025-12-03 00:00:00+00:00, run_after=2025-12-04 00:00:00+00:00
[2025-12-04T18:36:20.671+0500] {logging_mixin.py:188} INFO - [2025-12-04T18:36:20.671+0500] {dag.py:3947} INFO - Setting next_dagrun for dataset_produces_2 to None, run_after=None
[2025-12-04T18:36:20.704+0500] {processor.py:183} INFO - Processing /Library/Frameworks/Python.framework/Versions/3.11/lib/python3.11/site-packages/airflow/example_dags/example_datasets.py took 0.332 seconds
[2025-12-04T18:40:06.199+0500] {processor.py:161} INFO - Started process (PID=12577) to work on /Library/Frameworks/Python.framework/Versions/3.11/lib/python3.11/site-packages/airflow/example_dags/example_datasets.py
[2025-12-04T18:40:06.201+0500] {processor.py:830} INFO - Processing file /Library/Frameworks/Python.framework/Versions/3.11/lib/python3.11/site-packages/airflow/example_dags/example_datasets.py for tasks to queue
[2025-12-04T18:40:06.202+0500] {logging_mixin.py:188} INFO - [2025-12-04T18:40:06.202+0500] {dagbag.py:545} INFO - Filling up the DagBag from /Library/Frameworks/Python.framework/Versions/3.11/lib/python3.11/site-packages/airflow/example_dags/example_datasets.py
[2025-12-04T18:40:06.307+0500] {processor.py:840} INFO - DAG(s) 'dataset_consumes_1', 'dataset_produces_1', 'consume_1_or_both_2_and_3_with_dataset_expressions', 'conditional_dataset_and_time_based_timetable', 'consume_1_and_2_with_dataset_expressions', 'dataset_consumes_1_never_scheduled', 'dataset_consumes_unknown_never_scheduled', 'dataset_consumes_1_and_2', 'dataset_produces_2', 'consume_1_or_2_with_dataset_expressions' retrieved from /Library/Frameworks/Python.framework/Versions/3.11/lib/python3.11/site-packages/airflow/example_dags/example_datasets.py
[2025-12-04T18:40:06.438+0500] {logging_mixin.py:188} INFO - [2025-12-04T18:40:06.438+0500] {dag.py:3089} INFO - Sync 10 DAGs
[2025-12-04T18:40:06.457+0500] {logging_mixin.py:188} INFO - [2025-12-04T18:40:06.457+0500] {dag.py:3947} INFO - Setting next_dagrun for conditional_dataset_and_time_based_timetable to 2025-12-03 01:00:00+00:00, run_after=2025-12-03 01:00:00+00:00
[2025-12-04T18:40:06.461+0500] {logging_mixin.py:188} INFO - [2025-12-04T18:40:06.460+0500] {dag.py:3947} INFO - Setting next_dagrun for consume_1_and_2_with_dataset_expressions to None, run_after=None
[2025-12-04T18:40:06.462+0500] {logging_mixin.py:188} INFO - [2025-12-04T18:40:06.462+0500] {dag.py:3947} INFO - Setting next_dagrun for consume_1_or_2_with_dataset_expressions to None, run_after=None
[2025-12-04T18:40:06.463+0500] {logging_mixin.py:188} INFO - [2025-12-04T18:40:06.463+0500] {dag.py:3947} INFO - Setting next_dagrun for consume_1_or_both_2_and_3_with_dataset_expressions to None, run_after=None
[2025-12-04T18:40:06.464+0500] {logging_mixin.py:188} INFO - [2025-12-04T18:40:06.464+0500] {dag.py:3947} INFO - Setting next_dagrun for dataset_consumes_1 to None, run_after=None
[2025-12-04T18:40:06.465+0500] {logging_mixin.py:188} INFO - [2025-12-04T18:40:06.465+0500] {dag.py:3947} INFO - Setting next_dagrun for dataset_consumes_1_and_2 to None, run_after=None
[2025-12-04T18:40:06.466+0500] {logging_mixin.py:188} INFO - [2025-12-04T18:40:06.466+0500] {dag.py:3947} INFO - Setting next_dagrun for dataset_consumes_1_never_scheduled to None, run_after=None
[2025-12-04T18:40:06.467+0500] {logging_mixin.py:188} INFO - [2025-12-04T18:40:06.467+0500] {dag.py:3947} INFO - Setting next_dagrun for dataset_consumes_unknown_never_scheduled to None, run_after=None
[2025-12-04T18:40:06.469+0500] {logging_mixin.py:188} INFO - [2025-12-04T18:40:06.469+0500] {dag.py:3947} INFO - Setting next_dagrun for dataset_produces_1 to 2025-12-03 00:00:00+00:00, run_after=2025-12-04 00:00:00+00:00
[2025-12-04T18:40:06.470+0500] {logging_mixin.py:188} INFO - [2025-12-04T18:40:06.470+0500] {dag.py:3947} INFO - Setting next_dagrun for dataset_produces_2 to None, run_after=None
[2025-12-04T18:40:06.502+0500] {processor.py:183} INFO - Processing /Library/Frameworks/Python.framework/Versions/3.11/lib/python3.11/site-packages/airflow/example_dags/example_datasets.py took 0.306 seconds
[2025-12-04T18:44:34.171+0500] {processor.py:161} INFO - Started process (PID=12778) to work on /Library/Frameworks/Python.framework/Versions/3.11/lib/python3.11/site-packages/airflow/example_dags/example_datasets.py
[2025-12-04T18:44:34.173+0500] {processor.py:830} INFO - Processing file /Library/Frameworks/Python.framework/Versions/3.11/lib/python3.11/site-packages/airflow/example_dags/example_datasets.py for tasks to queue
[2025-12-04T18:44:34.174+0500] {logging_mixin.py:188} INFO - [2025-12-04T18:44:34.174+0500] {dagbag.py:545} INFO - Filling up the DagBag from /Library/Frameworks/Python.framework/Versions/3.11/lib/python3.11/site-packages/airflow/example_dags/example_datasets.py
[2025-12-04T18:44:34.288+0500] {processor.py:840} INFO - DAG(s) 'dataset_consumes_1', 'dataset_produces_1', 'dataset_consumes_1_and_2', 'consume_1_or_2_with_dataset_expressions', 'conditional_dataset_and_time_based_timetable', 'consume_1_and_2_with_dataset_expressions', 'consume_1_or_both_2_and_3_with_dataset_expressions', 'dataset_consumes_unknown_never_scheduled', 'dataset_consumes_1_never_scheduled', 'dataset_produces_2' retrieved from /Library/Frameworks/Python.framework/Versions/3.11/lib/python3.11/site-packages/airflow/example_dags/example_datasets.py
[2025-12-04T18:44:34.422+0500] {logging_mixin.py:188} INFO - [2025-12-04T18:44:34.422+0500] {dag.py:3089} INFO - Sync 10 DAGs
[2025-12-04T18:44:34.443+0500] {logging_mixin.py:188} INFO - [2025-12-04T18:44:34.443+0500] {dag.py:3947} INFO - Setting next_dagrun for conditional_dataset_and_time_based_timetable to 2025-12-03 01:00:00+00:00, run_after=2025-12-03 01:00:00+00:00
[2025-12-04T18:44:34.447+0500] {logging_mixin.py:188} INFO - [2025-12-04T18:44:34.446+0500] {dag.py:3947} INFO - Setting next_dagrun for consume_1_and_2_with_dataset_expressions to None, run_after=None
[2025-12-04T18:44:34.448+0500] {logging_mixin.py:188} INFO - [2025-12-04T18:44:34.448+0500] {dag.py:3947} INFO - Setting next_dagrun for consume_1_or_2_with_dataset_expressions to None, run_after=None
[2025-12-04T18:44:34.449+0500] {logging_mixin.py:188} INFO - [2025-12-04T18:44:34.449+0500] {dag.py:3947} INFO - Setting next_dagrun for consume_1_or_both_2_and_3_with_dataset_expressions to None, run_after=None
[2025-12-04T18:44:34.450+0500] {logging_mixin.py:188} INFO - [2025-12-04T18:44:34.450+0500] {dag.py:3947} INFO - Setting next_dagrun for dataset_consumes_1 to None, run_after=None
[2025-12-04T18:44:34.451+0500] {logging_mixin.py:188} INFO - [2025-12-04T18:44:34.451+0500] {dag.py:3947} INFO - Setting next_dagrun for dataset_consumes_1_and_2 to None, run_after=None
[2025-12-04T18:44:34.452+0500] {logging_mixin.py:188} INFO - [2025-12-04T18:44:34.452+0500] {dag.py:3947} INFO - Setting next_dagrun for dataset_consumes_1_never_scheduled to None, run_after=None
[2025-12-04T18:44:34.453+0500] {logging_mixin.py:188} INFO - [2025-12-04T18:44:34.453+0500] {dag.py:3947} INFO - Setting next_dagrun for dataset_consumes_unknown_never_scheduled to None, run_after=None
[2025-12-04T18:44:34.455+0500] {logging_mixin.py:188} INFO - [2025-12-04T18:44:34.455+0500] {dag.py:3947} INFO - Setting next_dagrun for dataset_produces_1 to 2025-12-03 00:00:00+00:00, run_after=2025-12-04 00:00:00+00:00
[2025-12-04T18:44:34.456+0500] {logging_mixin.py:188} INFO - [2025-12-04T18:44:34.456+0500] {dag.py:3947} INFO - Setting next_dagrun for dataset_produces_2 to None, run_after=None
[2025-12-04T18:44:34.491+0500] {processor.py:183} INFO - Processing /Library/Frameworks/Python.framework/Versions/3.11/lib/python3.11/site-packages/airflow/example_dags/example_datasets.py took 0.323 seconds
[2025-12-04T18:48:34.929+0500] {processor.py:161} INFO - Started process (PID=12929) to work on /Library/Frameworks/Python.framework/Versions/3.11/lib/python3.11/site-packages/airflow/example_dags/example_datasets.py
[2025-12-04T18:48:34.931+0500] {processor.py:830} INFO - Processing file /Library/Frameworks/Python.framework/Versions/3.11/lib/python3.11/site-packages/airflow/example_dags/example_datasets.py for tasks to queue
[2025-12-04T18:48:34.932+0500] {logging_mixin.py:188} INFO - [2025-12-04T18:48:34.932+0500] {dagbag.py:545} INFO - Filling up the DagBag from /Library/Frameworks/Python.framework/Versions/3.11/lib/python3.11/site-packages/airflow/example_dags/example_datasets.py
[2025-12-04T18:48:35.062+0500] {processor.py:840} INFO - DAG(s) 'dataset_consumes_1_never_scheduled', 'dataset_consumes_1', 'dataset_consumes_unknown_never_scheduled', 'dataset_produces_1', 'conditional_dataset_and_time_based_timetable', 'consume_1_or_2_with_dataset_expressions', 'consume_1_or_both_2_and_3_with_dataset_expressions', 'consume_1_and_2_with_dataset_expressions', 'dataset_produces_2', 'dataset_consumes_1_and_2' retrieved from /Library/Frameworks/Python.framework/Versions/3.11/lib/python3.11/site-packages/airflow/example_dags/example_datasets.py
[2025-12-04T18:48:35.198+0500] {logging_mixin.py:188} INFO - [2025-12-04T18:48:35.197+0500] {dag.py:3089} INFO - Sync 10 DAGs
[2025-12-04T18:48:35.217+0500] {logging_mixin.py:188} INFO - [2025-12-04T18:48:35.217+0500] {dag.py:3947} INFO - Setting next_dagrun for conditional_dataset_and_time_based_timetable to 2025-12-03 01:00:00+00:00, run_after=2025-12-03 01:00:00+00:00
[2025-12-04T18:48:35.220+0500] {logging_mixin.py:188} INFO - [2025-12-04T18:48:35.220+0500] {dag.py:3947} INFO - Setting next_dagrun for consume_1_and_2_with_dataset_expressions to None, run_after=None
[2025-12-04T18:48:35.222+0500] {logging_mixin.py:188} INFO - [2025-12-04T18:48:35.222+0500] {dag.py:3947} INFO - Setting next_dagrun for consume_1_or_2_with_dataset_expressions to None, run_after=None
[2025-12-04T18:48:35.223+0500] {logging_mixin.py:188} INFO - [2025-12-04T18:48:35.223+0500] {dag.py:3947} INFO - Setting next_dagrun for consume_1_or_both_2_and_3_with_dataset_expressions to None, run_after=None
[2025-12-04T18:48:35.224+0500] {logging_mixin.py:188} INFO - [2025-12-04T18:48:35.224+0500] {dag.py:3947} INFO - Setting next_dagrun for dataset_consumes_1 to None, run_after=None
[2025-12-04T18:48:35.225+0500] {logging_mixin.py:188} INFO - [2025-12-04T18:48:35.225+0500] {dag.py:3947} INFO - Setting next_dagrun for dataset_consumes_1_and_2 to None, run_after=None
[2025-12-04T18:48:35.226+0500] {logging_mixin.py:188} INFO - [2025-12-04T18:48:35.226+0500] {dag.py:3947} INFO - Setting next_dagrun for dataset_consumes_1_never_scheduled to None, run_after=None
[2025-12-04T18:48:35.227+0500] {logging_mixin.py:188} INFO - [2025-12-04T18:48:35.227+0500] {dag.py:3947} INFO - Setting next_dagrun for dataset_consumes_unknown_never_scheduled to None, run_after=None
[2025-12-04T18:48:35.229+0500] {logging_mixin.py:188} INFO - [2025-12-04T18:48:35.229+0500] {dag.py:3947} INFO - Setting next_dagrun for dataset_produces_1 to 2025-12-03 00:00:00+00:00, run_after=2025-12-04 00:00:00+00:00
[2025-12-04T18:48:35.230+0500] {logging_mixin.py:188} INFO - [2025-12-04T18:48:35.230+0500] {dag.py:3947} INFO - Setting next_dagrun for dataset_produces_2 to None, run_after=None
[2025-12-04T18:48:35.266+0500] {processor.py:183} INFO - Processing /Library/Frameworks/Python.framework/Versions/3.11/lib/python3.11/site-packages/airflow/example_dags/example_datasets.py took 0.340 seconds
[2025-12-04T18:53:12.541+0500] {processor.py:161} INFO - Started process (PID=13103) to work on /Library/Frameworks/Python.framework/Versions/3.11/lib/python3.11/site-packages/airflow/example_dags/example_datasets.py
[2025-12-04T18:53:12.543+0500] {processor.py:830} INFO - Processing file /Library/Frameworks/Python.framework/Versions/3.11/lib/python3.11/site-packages/airflow/example_dags/example_datasets.py for tasks to queue
[2025-12-04T18:53:12.544+0500] {logging_mixin.py:188} INFO - [2025-12-04T18:53:12.544+0500] {dagbag.py:545} INFO - Filling up the DagBag from /Library/Frameworks/Python.framework/Versions/3.11/lib/python3.11/site-packages/airflow/example_dags/example_datasets.py
[2025-12-04T18:53:12.647+0500] {processor.py:840} INFO - DAG(s) 'dataset_produces_1', 'dataset_consumes_1_never_scheduled', 'dataset_produces_2', 'dataset_consumes_unknown_never_scheduled', 'consume_1_and_2_with_dataset_expressions', 'consume_1_or_both_2_and_3_with_dataset_expressions', 'dataset_consumes_1', 'conditional_dataset_and_time_based_timetable', 'dataset_consumes_1_and_2', 'consume_1_or_2_with_dataset_expressions' retrieved from /Library/Frameworks/Python.framework/Versions/3.11/lib/python3.11/site-packages/airflow/example_dags/example_datasets.py
[2025-12-04T18:53:12.782+0500] {logging_mixin.py:188} INFO - [2025-12-04T18:53:12.781+0500] {dag.py:3089} INFO - Sync 10 DAGs
[2025-12-04T18:53:12.802+0500] {logging_mixin.py:188} INFO - [2025-12-04T18:53:12.802+0500] {dag.py:3947} INFO - Setting next_dagrun for conditional_dataset_and_time_based_timetable to 2025-12-03 01:00:00+00:00, run_after=2025-12-03 01:00:00+00:00
[2025-12-04T18:53:12.805+0500] {logging_mixin.py:188} INFO - [2025-12-04T18:53:12.805+0500] {dag.py:3947} INFO - Setting next_dagrun for consume_1_and_2_with_dataset_expressions to None, run_after=None
[2025-12-04T18:53:12.807+0500] {logging_mixin.py:188} INFO - [2025-12-04T18:53:12.806+0500] {dag.py:3947} INFO - Setting next_dagrun for consume_1_or_2_with_dataset_expressions to None, run_after=None
[2025-12-04T18:53:12.808+0500] {logging_mixin.py:188} INFO - [2025-12-04T18:53:12.807+0500] {dag.py:3947} INFO - Setting next_dagrun for consume_1_or_both_2_and_3_with_dataset_expressions to None, run_after=None
[2025-12-04T18:53:12.809+0500] {logging_mixin.py:188} INFO - [2025-12-04T18:53:12.809+0500] {dag.py:3947} INFO - Setting next_dagrun for dataset_consumes_1 to None, run_after=None
[2025-12-04T18:53:12.810+0500] {logging_mixin.py:188} INFO - [2025-12-04T18:53:12.810+0500] {dag.py:3947} INFO - Setting next_dagrun for dataset_consumes_1_and_2 to None, run_after=None
[2025-12-04T18:53:12.811+0500] {logging_mixin.py:188} INFO - [2025-12-04T18:53:12.810+0500] {dag.py:3947} INFO - Setting next_dagrun for dataset_consumes_1_never_scheduled to None, run_after=None
[2025-12-04T18:53:12.812+0500] {logging_mixin.py:188} INFO - [2025-12-04T18:53:12.812+0500] {dag.py:3947} INFO - Setting next_dagrun for dataset_consumes_unknown_never_scheduled to None, run_after=None
[2025-12-04T18:53:12.814+0500] {logging_mixin.py:188} INFO - [2025-12-04T18:53:12.814+0500] {dag.py:3947} INFO - Setting next_dagrun for dataset_produces_1 to 2025-12-03 00:00:00+00:00, run_after=2025-12-04 00:00:00+00:00
[2025-12-04T18:53:12.815+0500] {logging_mixin.py:188} INFO - [2025-12-04T18:53:12.815+0500] {dag.py:3947} INFO - Setting next_dagrun for dataset_produces_2 to None, run_after=None
[2025-12-04T18:53:12.853+0500] {processor.py:183} INFO - Processing /Library/Frameworks/Python.framework/Versions/3.11/lib/python3.11/site-packages/airflow/example_dags/example_datasets.py took 0.315 seconds
[2025-12-04T19:34:47.186+0500] {processor.py:161} INFO - Started process (PID=14631) to work on /Library/Frameworks/Python.framework/Versions/3.11/lib/python3.11/site-packages/airflow/example_dags/example_datasets.py
[2025-12-04T19:34:47.188+0500] {processor.py:830} INFO - Processing file /Library/Frameworks/Python.framework/Versions/3.11/lib/python3.11/site-packages/airflow/example_dags/example_datasets.py for tasks to queue
[2025-12-04T19:34:47.189+0500] {logging_mixin.py:188} INFO - [2025-12-04T19:34:47.189+0500] {dagbag.py:545} INFO - Filling up the DagBag from /Library/Frameworks/Python.framework/Versions/3.11/lib/python3.11/site-packages/airflow/example_dags/example_datasets.py
[2025-12-04T19:34:47.301+0500] {processor.py:840} INFO - DAG(s) 'conditional_dataset_and_time_based_timetable', 'dataset_produces_2', 'consume_1_or_2_with_dataset_expressions', 'consume_1_and_2_with_dataset_expressions', 'dataset_consumes_unknown_never_scheduled', 'dataset_consumes_1', 'consume_1_or_both_2_and_3_with_dataset_expressions', 'dataset_consumes_1_never_scheduled', 'dataset_consumes_1_and_2', 'dataset_produces_1' retrieved from /Library/Frameworks/Python.framework/Versions/3.11/lib/python3.11/site-packages/airflow/example_dags/example_datasets.py
[2025-12-04T19:34:47.480+0500] {logging_mixin.py:188} INFO - [2025-12-04T19:34:47.479+0500] {dag.py:3089} INFO - Sync 10 DAGs
[2025-12-04T19:34:47.511+0500] {logging_mixin.py:188} INFO - [2025-12-04T19:34:47.511+0500] {dag.py:3947} INFO - Setting next_dagrun for conditional_dataset_and_time_based_timetable to 2025-12-03 01:00:00+00:00, run_after=2025-12-03 01:00:00+00:00
[2025-12-04T19:34:47.515+0500] {logging_mixin.py:188} INFO - [2025-12-04T19:34:47.514+0500] {dag.py:3947} INFO - Setting next_dagrun for consume_1_and_2_with_dataset_expressions to None, run_after=None
[2025-12-04T19:34:47.516+0500] {logging_mixin.py:188} INFO - [2025-12-04T19:34:47.516+0500] {dag.py:3947} INFO - Setting next_dagrun for consume_1_or_2_with_dataset_expressions to None, run_after=None
[2025-12-04T19:34:47.518+0500] {logging_mixin.py:188} INFO - [2025-12-04T19:34:47.518+0500] {dag.py:3947} INFO - Setting next_dagrun for consume_1_or_both_2_and_3_with_dataset_expressions to None, run_after=None
[2025-12-04T19:34:47.519+0500] {logging_mixin.py:188} INFO - [2025-12-04T19:34:47.519+0500] {dag.py:3947} INFO - Setting next_dagrun for dataset_consumes_1 to None, run_after=None
[2025-12-04T19:34:47.520+0500] {logging_mixin.py:188} INFO - [2025-12-04T19:34:47.520+0500] {dag.py:3947} INFO - Setting next_dagrun for dataset_consumes_1_and_2 to None, run_after=None
[2025-12-04T19:34:47.522+0500] {logging_mixin.py:188} INFO - [2025-12-04T19:34:47.521+0500] {dag.py:3947} INFO - Setting next_dagrun for dataset_consumes_1_never_scheduled to None, run_after=None
[2025-12-04T19:34:47.523+0500] {logging_mixin.py:188} INFO - [2025-12-04T19:34:47.523+0500] {dag.py:3947} INFO - Setting next_dagrun for dataset_consumes_unknown_never_scheduled to None, run_after=None
[2025-12-04T19:34:47.528+0500] {logging_mixin.py:188} INFO - [2025-12-04T19:34:47.527+0500] {dag.py:3947} INFO - Setting next_dagrun for dataset_produces_1 to 2025-12-03 00:00:00+00:00, run_after=2025-12-04 00:00:00+00:00
[2025-12-04T19:34:47.529+0500] {logging_mixin.py:188} INFO - [2025-12-04T19:34:47.529+0500] {dag.py:3947} INFO - Setting next_dagrun for dataset_produces_2 to None, run_after=None
[2025-12-04T19:34:47.571+0500] {processor.py:183} INFO - Processing /Library/Frameworks/Python.framework/Versions/3.11/lib/python3.11/site-packages/airflow/example_dags/example_datasets.py took 0.388 seconds
[2025-12-04T19:37:47.385+0500] {processor.py:161} INFO - Started process (PID=14750) to work on /Library/Frameworks/Python.framework/Versions/3.11/lib/python3.11/site-packages/airflow/example_dags/example_datasets.py
[2025-12-04T19:37:47.388+0500] {processor.py:830} INFO - Processing file /Library/Frameworks/Python.framework/Versions/3.11/lib/python3.11/site-packages/airflow/example_dags/example_datasets.py for tasks to queue
[2025-12-04T19:37:47.389+0500] {logging_mixin.py:188} INFO - [2025-12-04T19:37:47.388+0500] {dagbag.py:545} INFO - Filling up the DagBag from /Library/Frameworks/Python.framework/Versions/3.11/lib/python3.11/site-packages/airflow/example_dags/example_datasets.py
[2025-12-04T19:37:47.496+0500] {processor.py:840} INFO - DAG(s) 'dataset_consumes_1_never_scheduled', 'conditional_dataset_and_time_based_timetable', 'dataset_produces_2', 'consume_1_and_2_with_dataset_expressions', 'consume_1_or_both_2_and_3_with_dataset_expressions', 'dataset_produces_1', 'dataset_consumes_1', 'dataset_consumes_1_and_2', 'dataset_consumes_unknown_never_scheduled', 'consume_1_or_2_with_dataset_expressions' retrieved from /Library/Frameworks/Python.framework/Versions/3.11/lib/python3.11/site-packages/airflow/example_dags/example_datasets.py
[2025-12-04T19:37:47.635+0500] {logging_mixin.py:188} INFO - [2025-12-04T19:37:47.634+0500] {dag.py:3089} INFO - Sync 10 DAGs
[2025-12-04T19:37:47.655+0500] {logging_mixin.py:188} INFO - [2025-12-04T19:37:47.655+0500] {dag.py:3947} INFO - Setting next_dagrun for conditional_dataset_and_time_based_timetable to 2025-12-03 01:00:00+00:00, run_after=2025-12-03 01:00:00+00:00
[2025-12-04T19:37:47.662+0500] {logging_mixin.py:188} INFO - [2025-12-04T19:37:47.662+0500] {dag.py:3947} INFO - Setting next_dagrun for consume_1_and_2_with_dataset_expressions to None, run_after=None
[2025-12-04T19:37:47.663+0500] {logging_mixin.py:188} INFO - [2025-12-04T19:37:47.663+0500] {dag.py:3947} INFO - Setting next_dagrun for consume_1_or_2_with_dataset_expressions to None, run_after=None
[2025-12-04T19:37:47.664+0500] {logging_mixin.py:188} INFO - [2025-12-04T19:37:47.664+0500] {dag.py:3947} INFO - Setting next_dagrun for consume_1_or_both_2_and_3_with_dataset_expressions to None, run_after=None
[2025-12-04T19:37:47.665+0500] {logging_mixin.py:188} INFO - [2025-12-04T19:37:47.665+0500] {dag.py:3947} INFO - Setting next_dagrun for dataset_consumes_1 to None, run_after=None
[2025-12-04T19:37:47.666+0500] {logging_mixin.py:188} INFO - [2025-12-04T19:37:47.666+0500] {dag.py:3947} INFO - Setting next_dagrun for dataset_consumes_1_and_2 to None, run_after=None
[2025-12-04T19:37:47.667+0500] {logging_mixin.py:188} INFO - [2025-12-04T19:37:47.667+0500] {dag.py:3947} INFO - Setting next_dagrun for dataset_consumes_1_never_scheduled to None, run_after=None
[2025-12-04T19:37:47.668+0500] {logging_mixin.py:188} INFO - [2025-12-04T19:37:47.668+0500] {dag.py:3947} INFO - Setting next_dagrun for dataset_consumes_unknown_never_scheduled to None, run_after=None
[2025-12-04T19:37:47.670+0500] {logging_mixin.py:188} INFO - [2025-12-04T19:37:47.670+0500] {dag.py:3947} INFO - Setting next_dagrun for dataset_produces_1 to 2025-12-03 00:00:00+00:00, run_after=2025-12-04 00:00:00+00:00
[2025-12-04T19:37:47.671+0500] {logging_mixin.py:188} INFO - [2025-12-04T19:37:47.671+0500] {dag.py:3947} INFO - Setting next_dagrun for dataset_produces_2 to None, run_after=None
[2025-12-04T19:37:47.708+0500] {processor.py:183} INFO - Processing /Library/Frameworks/Python.framework/Versions/3.11/lib/python3.11/site-packages/airflow/example_dags/example_datasets.py took 0.326 seconds
[2025-12-04T19:42:06.477+0500] {processor.py:161} INFO - Started process (PID=14911) to work on /Library/Frameworks/Python.framework/Versions/3.11/lib/python3.11/site-packages/airflow/example_dags/example_datasets.py
[2025-12-04T19:42:06.479+0500] {processor.py:830} INFO - Processing file /Library/Frameworks/Python.framework/Versions/3.11/lib/python3.11/site-packages/airflow/example_dags/example_datasets.py for tasks to queue
[2025-12-04T19:42:06.480+0500] {logging_mixin.py:188} INFO - [2025-12-04T19:42:06.480+0500] {dagbag.py:545} INFO - Filling up the DagBag from /Library/Frameworks/Python.framework/Versions/3.11/lib/python3.11/site-packages/airflow/example_dags/example_datasets.py
[2025-12-04T19:42:06.591+0500] {processor.py:840} INFO - DAG(s) 'dataset_consumes_1', 'consume_1_or_both_2_and_3_with_dataset_expressions', 'dataset_produces_2', 'consume_1_or_2_with_dataset_expressions', 'conditional_dataset_and_time_based_timetable', 'consume_1_and_2_with_dataset_expressions', 'dataset_consumes_unknown_never_scheduled', 'dataset_produces_1', 'dataset_consumes_1_never_scheduled', 'dataset_consumes_1_and_2' retrieved from /Library/Frameworks/Python.framework/Versions/3.11/lib/python3.11/site-packages/airflow/example_dags/example_datasets.py
[2025-12-04T19:42:06.723+0500] {logging_mixin.py:188} INFO - [2025-12-04T19:42:06.723+0500] {dag.py:3089} INFO - Sync 10 DAGs
[2025-12-04T19:42:06.743+0500] {logging_mixin.py:188} INFO - [2025-12-04T19:42:06.743+0500] {dag.py:3947} INFO - Setting next_dagrun for conditional_dataset_and_time_based_timetable to 2025-12-03 01:00:00+00:00, run_after=2025-12-03 01:00:00+00:00
[2025-12-04T19:42:06.746+0500] {logging_mixin.py:188} INFO - [2025-12-04T19:42:06.746+0500] {dag.py:3947} INFO - Setting next_dagrun for consume_1_and_2_with_dataset_expressions to None, run_after=None
[2025-12-04T19:42:06.747+0500] {logging_mixin.py:188} INFO - [2025-12-04T19:42:06.747+0500] {dag.py:3947} INFO - Setting next_dagrun for consume_1_or_2_with_dataset_expressions to None, run_after=None
[2025-12-04T19:42:06.748+0500] {logging_mixin.py:188} INFO - [2025-12-04T19:42:06.748+0500] {dag.py:3947} INFO - Setting next_dagrun for consume_1_or_both_2_and_3_with_dataset_expressions to None, run_after=None
[2025-12-04T19:42:06.749+0500] {logging_mixin.py:188} INFO - [2025-12-04T19:42:06.749+0500] {dag.py:3947} INFO - Setting next_dagrun for dataset_consumes_1 to None, run_after=None
[2025-12-04T19:42:06.750+0500] {logging_mixin.py:188} INFO - [2025-12-04T19:42:06.750+0500] {dag.py:3947} INFO - Setting next_dagrun for dataset_consumes_1_and_2 to None, run_after=None
[2025-12-04T19:42:06.751+0500] {logging_mixin.py:188} INFO - [2025-12-04T19:42:06.751+0500] {dag.py:3947} INFO - Setting next_dagrun for dataset_consumes_1_never_scheduled to None, run_after=None
[2025-12-04T19:42:06.752+0500] {logging_mixin.py:188} INFO - [2025-12-04T19:42:06.752+0500] {dag.py:3947} INFO - Setting next_dagrun for dataset_consumes_unknown_never_scheduled to None, run_after=None
[2025-12-04T19:42:06.755+0500] {logging_mixin.py:188} INFO - [2025-12-04T19:42:06.754+0500] {dag.py:3947} INFO - Setting next_dagrun for dataset_produces_1 to 2025-12-03 00:00:00+00:00, run_after=2025-12-04 00:00:00+00:00
[2025-12-04T19:42:06.756+0500] {logging_mixin.py:188} INFO - [2025-12-04T19:42:06.755+0500] {dag.py:3947} INFO - Setting next_dagrun for dataset_produces_2 to None, run_after=None
[2025-12-04T19:42:06.799+0500] {processor.py:183} INFO - Processing /Library/Frameworks/Python.framework/Versions/3.11/lib/python3.11/site-packages/airflow/example_dags/example_datasets.py took 0.324 seconds
[2025-12-04T19:46:48.670+0500] {processor.py:161} INFO - Started process (PID=15073) to work on /Library/Frameworks/Python.framework/Versions/3.11/lib/python3.11/site-packages/airflow/example_dags/example_datasets.py
[2025-12-04T19:46:48.674+0500] {processor.py:830} INFO - Processing file /Library/Frameworks/Python.framework/Versions/3.11/lib/python3.11/site-packages/airflow/example_dags/example_datasets.py for tasks to queue
[2025-12-04T19:46:48.678+0500] {logging_mixin.py:188} INFO - [2025-12-04T19:46:48.677+0500] {dagbag.py:545} INFO - Filling up the DagBag from /Library/Frameworks/Python.framework/Versions/3.11/lib/python3.11/site-packages/airflow/example_dags/example_datasets.py
[2025-12-04T19:46:48.799+0500] {processor.py:840} INFO - DAG(s) 'consume_1_or_2_with_dataset_expressions', 'dataset_consumes_1', 'conditional_dataset_and_time_based_timetable', 'dataset_produces_1', 'dataset_consumes_unknown_never_scheduled', 'dataset_produces_2', 'dataset_consumes_1_never_scheduled', 'consume_1_or_both_2_and_3_with_dataset_expressions', 'dataset_consumes_1_and_2', 'consume_1_and_2_with_dataset_expressions' retrieved from /Library/Frameworks/Python.framework/Versions/3.11/lib/python3.11/site-packages/airflow/example_dags/example_datasets.py
[2025-12-04T19:46:48.960+0500] {logging_mixin.py:188} INFO - [2025-12-04T19:46:48.959+0500] {dag.py:3089} INFO - Sync 10 DAGs
[2025-12-04T19:46:48.986+0500] {logging_mixin.py:188} INFO - [2025-12-04T19:46:48.986+0500] {dag.py:3947} INFO - Setting next_dagrun for conditional_dataset_and_time_based_timetable to 2025-12-03 01:00:00+00:00, run_after=2025-12-03 01:00:00+00:00
[2025-12-04T19:46:48.991+0500] {logging_mixin.py:188} INFO - [2025-12-04T19:46:48.991+0500] {dag.py:3947} INFO - Setting next_dagrun for consume_1_and_2_with_dataset_expressions to None, run_after=None
[2025-12-04T19:46:48.993+0500] {logging_mixin.py:188} INFO - [2025-12-04T19:46:48.992+0500] {dag.py:3947} INFO - Setting next_dagrun for consume_1_or_2_with_dataset_expressions to None, run_after=None
[2025-12-04T19:46:48.994+0500] {logging_mixin.py:188} INFO - [2025-12-04T19:46:48.994+0500] {dag.py:3947} INFO - Setting next_dagrun for consume_1_or_both_2_and_3_with_dataset_expressions to None, run_after=None
[2025-12-04T19:46:48.995+0500] {logging_mixin.py:188} INFO - [2025-12-04T19:46:48.995+0500] {dag.py:3947} INFO - Setting next_dagrun for dataset_consumes_1 to None, run_after=None
[2025-12-04T19:46:48.996+0500] {logging_mixin.py:188} INFO - [2025-12-04T19:46:48.996+0500] {dag.py:3947} INFO - Setting next_dagrun for dataset_consumes_1_and_2 to None, run_after=None
[2025-12-04T19:46:48.997+0500] {logging_mixin.py:188} INFO - [2025-12-04T19:46:48.997+0500] {dag.py:3947} INFO - Setting next_dagrun for dataset_consumes_1_never_scheduled to None, run_after=None
[2025-12-04T19:46:48.998+0500] {logging_mixin.py:188} INFO - [2025-12-04T19:46:48.998+0500] {dag.py:3947} INFO - Setting next_dagrun for dataset_consumes_unknown_never_scheduled to None, run_after=None
[2025-12-04T19:46:49.001+0500] {logging_mixin.py:188} INFO - [2025-12-04T19:46:49.000+0500] {dag.py:3947} INFO - Setting next_dagrun for dataset_produces_1 to 2025-12-03 00:00:00+00:00, run_after=2025-12-04 00:00:00+00:00
[2025-12-04T19:46:49.006+0500] {logging_mixin.py:188} INFO - [2025-12-04T19:46:49.005+0500] {dag.py:3947} INFO - Setting next_dagrun for dataset_produces_2 to None, run_after=None
[2025-12-04T19:46:49.056+0500] {processor.py:183} INFO - Processing /Library/Frameworks/Python.framework/Versions/3.11/lib/python3.11/site-packages/airflow/example_dags/example_datasets.py took 0.390 seconds
[2025-12-04T19:51:01.063+0500] {processor.py:161} INFO - Started process (PID=15221) to work on /Library/Frameworks/Python.framework/Versions/3.11/lib/python3.11/site-packages/airflow/example_dags/example_datasets.py
[2025-12-04T19:51:01.065+0500] {processor.py:830} INFO - Processing file /Library/Frameworks/Python.framework/Versions/3.11/lib/python3.11/site-packages/airflow/example_dags/example_datasets.py for tasks to queue
[2025-12-04T19:51:01.066+0500] {logging_mixin.py:188} INFO - [2025-12-04T19:51:01.066+0500] {dagbag.py:545} INFO - Filling up the DagBag from /Library/Frameworks/Python.framework/Versions/3.11/lib/python3.11/site-packages/airflow/example_dags/example_datasets.py
[2025-12-04T19:51:01.179+0500] {processor.py:840} INFO - DAG(s) 'dataset_consumes_1', 'consume_1_or_both_2_and_3_with_dataset_expressions', 'dataset_consumes_unknown_never_scheduled', 'dataset_produces_1', 'consume_1_and_2_with_dataset_expressions', 'consume_1_or_2_with_dataset_expressions', 'conditional_dataset_and_time_based_timetable', 'dataset_produces_2', 'dataset_consumes_1_never_scheduled', 'dataset_consumes_1_and_2' retrieved from /Library/Frameworks/Python.framework/Versions/3.11/lib/python3.11/site-packages/airflow/example_dags/example_datasets.py
[2025-12-04T19:51:01.315+0500] {logging_mixin.py:188} INFO - [2025-12-04T19:51:01.315+0500] {dag.py:3089} INFO - Sync 10 DAGs
[2025-12-04T19:51:01.334+0500] {logging_mixin.py:188} INFO - [2025-12-04T19:51:01.333+0500] {dag.py:3947} INFO - Setting next_dagrun for conditional_dataset_and_time_based_timetable to 2025-12-03 01:00:00+00:00, run_after=2025-12-03 01:00:00+00:00
[2025-12-04T19:51:01.337+0500] {logging_mixin.py:188} INFO - [2025-12-04T19:51:01.337+0500] {dag.py:3947} INFO - Setting next_dagrun for consume_1_and_2_with_dataset_expressions to None, run_after=None
[2025-12-04T19:51:01.338+0500] {logging_mixin.py:188} INFO - [2025-12-04T19:51:01.338+0500] {dag.py:3947} INFO - Setting next_dagrun for consume_1_or_2_with_dataset_expressions to None, run_after=None
[2025-12-04T19:51:01.339+0500] {logging_mixin.py:188} INFO - [2025-12-04T19:51:01.339+0500] {dag.py:3947} INFO - Setting next_dagrun for consume_1_or_both_2_and_3_with_dataset_expressions to None, run_after=None
[2025-12-04T19:51:01.340+0500] {logging_mixin.py:188} INFO - [2025-12-04T19:51:01.340+0500] {dag.py:3947} INFO - Setting next_dagrun for dataset_consumes_1 to None, run_after=None
[2025-12-04T19:51:01.341+0500] {logging_mixin.py:188} INFO - [2025-12-04T19:51:01.341+0500] {dag.py:3947} INFO - Setting next_dagrun for dataset_consumes_1_and_2 to None, run_after=None
[2025-12-04T19:51:01.342+0500] {logging_mixin.py:188} INFO - [2025-12-04T19:51:01.342+0500] {dag.py:3947} INFO - Setting next_dagrun for dataset_consumes_1_never_scheduled to None, run_after=None
[2025-12-04T19:51:01.343+0500] {logging_mixin.py:188} INFO - [2025-12-04T19:51:01.343+0500] {dag.py:3947} INFO - Setting next_dagrun for dataset_consumes_unknown_never_scheduled to None, run_after=None
[2025-12-04T19:51:01.345+0500] {logging_mixin.py:188} INFO - [2025-12-04T19:51:01.345+0500] {dag.py:3947} INFO - Setting next_dagrun for dataset_produces_1 to 2025-12-03 00:00:00+00:00, run_after=2025-12-04 00:00:00+00:00
[2025-12-04T19:51:01.346+0500] {logging_mixin.py:188} INFO - [2025-12-04T19:51:01.346+0500] {dag.py:3947} INFO - Setting next_dagrun for dataset_produces_2 to None, run_after=None
[2025-12-04T19:51:01.387+0500] {processor.py:183} INFO - Processing /Library/Frameworks/Python.framework/Versions/3.11/lib/python3.11/site-packages/airflow/example_dags/example_datasets.py took 0.328 seconds
[2025-12-04T19:54:53.838+0500] {processor.py:161} INFO - Started process (PID=15400) to work on /Library/Frameworks/Python.framework/Versions/3.11/lib/python3.11/site-packages/airflow/example_dags/example_datasets.py
[2025-12-04T19:54:53.840+0500] {processor.py:830} INFO - Processing file /Library/Frameworks/Python.framework/Versions/3.11/lib/python3.11/site-packages/airflow/example_dags/example_datasets.py for tasks to queue
[2025-12-04T19:54:53.841+0500] {logging_mixin.py:188} INFO - [2025-12-04T19:54:53.841+0500] {dagbag.py:545} INFO - Filling up the DagBag from /Library/Frameworks/Python.framework/Versions/3.11/lib/python3.11/site-packages/airflow/example_dags/example_datasets.py
[2025-12-04T19:54:53.952+0500] {processor.py:840} INFO - DAG(s) 'conditional_dataset_and_time_based_timetable', 'dataset_consumes_1_never_scheduled', 'dataset_produces_1', 'consume_1_or_2_with_dataset_expressions', 'consume_1_or_both_2_and_3_with_dataset_expressions', 'consume_1_and_2_with_dataset_expressions', 'dataset_produces_2', 'dataset_consumes_1', 'dataset_consumes_1_and_2', 'dataset_consumes_unknown_never_scheduled' retrieved from /Library/Frameworks/Python.framework/Versions/3.11/lib/python3.11/site-packages/airflow/example_dags/example_datasets.py
[2025-12-04T19:54:54.131+0500] {logging_mixin.py:188} INFO - [2025-12-04T19:54:54.131+0500] {dag.py:3089} INFO - Sync 10 DAGs
[2025-12-04T19:54:54.155+0500] {logging_mixin.py:188} INFO - [2025-12-04T19:54:54.154+0500] {dag.py:3947} INFO - Setting next_dagrun for conditional_dataset_and_time_based_timetable to 2025-12-03 01:00:00+00:00, run_after=2025-12-03 01:00:00+00:00
[2025-12-04T19:54:54.158+0500] {logging_mixin.py:188} INFO - [2025-12-04T19:54:54.158+0500] {dag.py:3947} INFO - Setting next_dagrun for consume_1_and_2_with_dataset_expressions to None, run_after=None
[2025-12-04T19:54:54.160+0500] {logging_mixin.py:188} INFO - [2025-12-04T19:54:54.159+0500] {dag.py:3947} INFO - Setting next_dagrun for consume_1_or_2_with_dataset_expressions to None, run_after=None
[2025-12-04T19:54:54.161+0500] {logging_mixin.py:188} INFO - [2025-12-04T19:54:54.161+0500] {dag.py:3947} INFO - Setting next_dagrun for consume_1_or_both_2_and_3_with_dataset_expressions to None, run_after=None
[2025-12-04T19:54:54.163+0500] {logging_mixin.py:188} INFO - [2025-12-04T19:54:54.163+0500] {dag.py:3947} INFO - Setting next_dagrun for dataset_consumes_1 to None, run_after=None
[2025-12-04T19:54:54.164+0500] {logging_mixin.py:188} INFO - [2025-12-04T19:54:54.164+0500] {dag.py:3947} INFO - Setting next_dagrun for dataset_consumes_1_and_2 to None, run_after=None
[2025-12-04T19:54:54.165+0500] {logging_mixin.py:188} INFO - [2025-12-04T19:54:54.165+0500] {dag.py:3947} INFO - Setting next_dagrun for dataset_consumes_1_never_scheduled to None, run_after=None
[2025-12-04T19:54:54.166+0500] {logging_mixin.py:188} INFO - [2025-12-04T19:54:54.166+0500] {dag.py:3947} INFO - Setting next_dagrun for dataset_consumes_unknown_never_scheduled to None, run_after=None
[2025-12-04T19:54:54.169+0500] {logging_mixin.py:188} INFO - [2025-12-04T19:54:54.168+0500] {dag.py:3947} INFO - Setting next_dagrun for dataset_produces_1 to 2025-12-03 00:00:00+00:00, run_after=2025-12-04 00:00:00+00:00
[2025-12-04T19:54:54.170+0500] {logging_mixin.py:188} INFO - [2025-12-04T19:54:54.169+0500] {dag.py:3947} INFO - Setting next_dagrun for dataset_produces_2 to None, run_after=None
[2025-12-04T19:54:54.212+0500] {processor.py:183} INFO - Processing /Library/Frameworks/Python.framework/Versions/3.11/lib/python3.11/site-packages/airflow/example_dags/example_datasets.py took 0.378 seconds
[2025-12-04T20:15:48.085+0500] {processor.py:161} INFO - Started process (PID=15544) to work on /Library/Frameworks/Python.framework/Versions/3.11/lib/python3.11/site-packages/airflow/example_dags/example_datasets.py
[2025-12-04T20:15:48.087+0500] {processor.py:830} INFO - Processing file /Library/Frameworks/Python.framework/Versions/3.11/lib/python3.11/site-packages/airflow/example_dags/example_datasets.py for tasks to queue
[2025-12-04T20:15:48.088+0500] {logging_mixin.py:188} INFO - [2025-12-04T20:15:48.088+0500] {dagbag.py:545} INFO - Filling up the DagBag from /Library/Frameworks/Python.framework/Versions/3.11/lib/python3.11/site-packages/airflow/example_dags/example_datasets.py
[2025-12-04T20:15:48.204+0500] {processor.py:840} INFO - DAG(s) 'dataset_produces_1', 'consume_1_or_2_with_dataset_expressions', 'dataset_consumes_1_never_scheduled', 'dataset_consumes_1', 'dataset_consumes_1_and_2', 'consume_1_or_both_2_and_3_with_dataset_expressions', 'conditional_dataset_and_time_based_timetable', 'dataset_produces_2', 'consume_1_and_2_with_dataset_expressions', 'dataset_consumes_unknown_never_scheduled' retrieved from /Library/Frameworks/Python.framework/Versions/3.11/lib/python3.11/site-packages/airflow/example_dags/example_datasets.py
[2025-12-04T20:15:48.453+0500] {logging_mixin.py:188} INFO - [2025-12-04T20:15:48.453+0500] {dag.py:3089} INFO - Sync 10 DAGs
[2025-12-04T20:15:48.514+0500] {logging_mixin.py:188} INFO - [2025-12-04T20:15:48.514+0500] {dag.py:3947} INFO - Setting next_dagrun for conditional_dataset_and_time_based_timetable to 2025-12-03 01:00:00+00:00, run_after=2025-12-03 01:00:00+00:00
[2025-12-04T20:15:48.518+0500] {logging_mixin.py:188} INFO - [2025-12-04T20:15:48.518+0500] {dag.py:3947} INFO - Setting next_dagrun for consume_1_and_2_with_dataset_expressions to None, run_after=None
[2025-12-04T20:15:48.519+0500] {logging_mixin.py:188} INFO - [2025-12-04T20:15:48.519+0500] {dag.py:3947} INFO - Setting next_dagrun for consume_1_or_2_with_dataset_expressions to None, run_after=None
[2025-12-04T20:15:48.521+0500] {logging_mixin.py:188} INFO - [2025-12-04T20:15:48.520+0500] {dag.py:3947} INFO - Setting next_dagrun for consume_1_or_both_2_and_3_with_dataset_expressions to None, run_after=None
[2025-12-04T20:15:48.522+0500] {logging_mixin.py:188} INFO - [2025-12-04T20:15:48.522+0500] {dag.py:3947} INFO - Setting next_dagrun for dataset_consumes_1 to None, run_after=None
[2025-12-04T20:15:48.524+0500] {logging_mixin.py:188} INFO - [2025-12-04T20:15:48.523+0500] {dag.py:3947} INFO - Setting next_dagrun for dataset_consumes_1_and_2 to None, run_after=None
[2025-12-04T20:15:48.525+0500] {logging_mixin.py:188} INFO - [2025-12-04T20:15:48.525+0500] {dag.py:3947} INFO - Setting next_dagrun for dataset_consumes_1_never_scheduled to None, run_after=None
[2025-12-04T20:15:48.526+0500] {logging_mixin.py:188} INFO - [2025-12-04T20:15:48.526+0500] {dag.py:3947} INFO - Setting next_dagrun for dataset_consumes_unknown_never_scheduled to None, run_after=None
[2025-12-04T20:15:48.530+0500] {logging_mixin.py:188} INFO - [2025-12-04T20:15:48.529+0500] {dag.py:3947} INFO - Setting next_dagrun for dataset_produces_1 to 2025-12-03 00:00:00+00:00, run_after=2025-12-04 00:00:00+00:00
[2025-12-04T20:15:48.534+0500] {logging_mixin.py:188} INFO - [2025-12-04T20:15:48.533+0500] {dag.py:3947} INFO - Setting next_dagrun for dataset_produces_2 to None, run_after=None
[2025-12-04T20:15:48.576+0500] {processor.py:183} INFO - Processing /Library/Frameworks/Python.framework/Versions/3.11/lib/python3.11/site-packages/airflow/example_dags/example_datasets.py took 0.495 seconds
[2025-12-04T20:46:00.310+0500] {processor.py:161} INFO - Started process (PID=15812) to work on /Library/Frameworks/Python.framework/Versions/3.11/lib/python3.11/site-packages/airflow/example_dags/example_datasets.py
[2025-12-04T20:46:00.313+0500] {processor.py:830} INFO - Processing file /Library/Frameworks/Python.framework/Versions/3.11/lib/python3.11/site-packages/airflow/example_dags/example_datasets.py for tasks to queue
[2025-12-04T20:46:00.314+0500] {logging_mixin.py:188} INFO - [2025-12-04T20:46:00.313+0500] {dagbag.py:545} INFO - Filling up the DagBag from /Library/Frameworks/Python.framework/Versions/3.11/lib/python3.11/site-packages/airflow/example_dags/example_datasets.py
[2025-12-04T20:46:00.460+0500] {processor.py:840} INFO - DAG(s) 'dataset_consumes_1_never_scheduled', 'consume_1_and_2_with_dataset_expressions', 'consume_1_or_both_2_and_3_with_dataset_expressions', 'dataset_consumes_unknown_never_scheduled', 'dataset_consumes_1', 'dataset_consumes_1_and_2', 'consume_1_or_2_with_dataset_expressions', 'conditional_dataset_and_time_based_timetable', 'dataset_produces_1', 'dataset_produces_2' retrieved from /Library/Frameworks/Python.framework/Versions/3.11/lib/python3.11/site-packages/airflow/example_dags/example_datasets.py
[2025-12-04T20:46:00.671+0500] {logging_mixin.py:188} INFO - [2025-12-04T20:46:00.671+0500] {dag.py:3089} INFO - Sync 10 DAGs
[2025-12-04T20:46:00.701+0500] {logging_mixin.py:188} INFO - [2025-12-04T20:46:00.701+0500] {dag.py:3947} INFO - Setting next_dagrun for conditional_dataset_and_time_based_timetable to 2025-12-03 01:00:00+00:00, run_after=2025-12-03 01:00:00+00:00
[2025-12-04T20:46:00.705+0500] {logging_mixin.py:188} INFO - [2025-12-04T20:46:00.704+0500] {dag.py:3947} INFO - Setting next_dagrun for consume_1_and_2_with_dataset_expressions to None, run_after=None
[2025-12-04T20:46:00.707+0500] {logging_mixin.py:188} INFO - [2025-12-04T20:46:00.707+0500] {dag.py:3947} INFO - Setting next_dagrun for consume_1_or_2_with_dataset_expressions to None, run_after=None
[2025-12-04T20:46:00.710+0500] {logging_mixin.py:188} INFO - [2025-12-04T20:46:00.709+0500] {dag.py:3947} INFO - Setting next_dagrun for consume_1_or_both_2_and_3_with_dataset_expressions to None, run_after=None
[2025-12-04T20:46:00.712+0500] {logging_mixin.py:188} INFO - [2025-12-04T20:46:00.712+0500] {dag.py:3947} INFO - Setting next_dagrun for dataset_consumes_1 to None, run_after=None
[2025-12-04T20:46:00.714+0500] {logging_mixin.py:188} INFO - [2025-12-04T20:46:00.714+0500] {dag.py:3947} INFO - Setting next_dagrun for dataset_consumes_1_and_2 to None, run_after=None
[2025-12-04T20:46:00.715+0500] {logging_mixin.py:188} INFO - [2025-12-04T20:46:00.715+0500] {dag.py:3947} INFO - Setting next_dagrun for dataset_consumes_1_never_scheduled to None, run_after=None
[2025-12-04T20:46:00.716+0500] {logging_mixin.py:188} INFO - [2025-12-04T20:46:00.716+0500] {dag.py:3947} INFO - Setting next_dagrun for dataset_consumes_unknown_never_scheduled to None, run_after=None
[2025-12-04T20:46:00.719+0500] {logging_mixin.py:188} INFO - [2025-12-04T20:46:00.718+0500] {dag.py:3947} INFO - Setting next_dagrun for dataset_produces_1 to 2025-12-03 00:00:00+00:00, run_after=2025-12-04 00:00:00+00:00
[2025-12-04T20:46:00.720+0500] {logging_mixin.py:188} INFO - [2025-12-04T20:46:00.720+0500] {dag.py:3947} INFO - Setting next_dagrun for dataset_produces_2 to None, run_after=None
[2025-12-04T20:46:00.770+0500] {processor.py:183} INFO - Processing /Library/Frameworks/Python.framework/Versions/3.11/lib/python3.11/site-packages/airflow/example_dags/example_datasets.py took 0.462 seconds
