[2025-12-04T18:19:20.473+0500] {processor.py:161} INFO - Started process (PID=11715) to work on /Library/Frameworks/Python.framework/Versions/3.11/lib/python3.11/site-packages/airflow/example_dags/example_sensor_decorator.py
[2025-12-04T18:19:20.474+0500] {processor.py:830} INFO - Processing file /Library/Frameworks/Python.framework/Versions/3.11/lib/python3.11/site-packages/airflow/example_dags/example_sensor_decorator.py for tasks to queue
[2025-12-04T18:19:20.475+0500] {logging_mixin.py:188} INFO - [2025-12-04T18:19:20.475+0500] {dagbag.py:545} INFO - Filling up the DagBag from /Library/Frameworks/Python.framework/Versions/3.11/lib/python3.11/site-packages/airflow/example_dags/example_sensor_decorator.py
[2025-12-04T18:19:20.517+0500] {processor.py:840} INFO - DAG(s) 'example_sensor_decorator' retrieved from /Library/Frameworks/Python.framework/Versions/3.11/lib/python3.11/site-packages/airflow/example_dags/example_sensor_decorator.py
[2025-12-04T18:19:20.837+0500] {logging_mixin.py:188} INFO - [2025-12-04T18:19:20.836+0500] {override.py:1858} INFO - Created Permission View: can read on DAG:example_sensor_decorator
[2025-12-04T18:19:20.848+0500] {logging_mixin.py:188} INFO - [2025-12-04T18:19:20.847+0500] {override.py:1858} INFO - Created Permission View: can delete on DAG:example_sensor_decorator
[2025-12-04T18:19:20.856+0500] {logging_mixin.py:188} INFO - [2025-12-04T18:19:20.855+0500] {override.py:1858} INFO - Created Permission View: can edit on DAG:example_sensor_decorator
[2025-12-04T18:19:20.856+0500] {logging_mixin.py:188} INFO - [2025-12-04T18:19:20.856+0500] {dag.py:3089} INFO - Sync 1 DAGs
[2025-12-04T18:19:20.866+0500] {logging_mixin.py:188} INFO - [2025-12-04T18:19:20.865+0500] {dag.py:3111} INFO - Creating ORM DAG for example_sensor_decorator
[2025-12-04T18:19:20.866+0500] {logging_mixin.py:188} INFO - [2025-12-04T18:19:20.866+0500] {dag.py:3947} INFO - Setting next_dagrun for example_sensor_decorator to None, run_after=None
[2025-12-04T18:19:20.885+0500] {processor.py:183} INFO - Processing /Library/Frameworks/Python.framework/Versions/3.11/lib/python3.11/site-packages/airflow/example_dags/example_sensor_decorator.py took 0.415 seconds
[2025-12-04T18:22:05.023+0500] {processor.py:161} INFO - Started process (PID=11819) to work on /Library/Frameworks/Python.framework/Versions/3.11/lib/python3.11/site-packages/airflow/example_dags/example_sensor_decorator.py
[2025-12-04T18:22:05.025+0500] {processor.py:830} INFO - Processing file /Library/Frameworks/Python.framework/Versions/3.11/lib/python3.11/site-packages/airflow/example_dags/example_sensor_decorator.py for tasks to queue
[2025-12-04T18:22:05.026+0500] {logging_mixin.py:188} INFO - [2025-12-04T18:22:05.026+0500] {dagbag.py:545} INFO - Filling up the DagBag from /Library/Frameworks/Python.framework/Versions/3.11/lib/python3.11/site-packages/airflow/example_dags/example_sensor_decorator.py
[2025-12-04T18:22:05.071+0500] {processor.py:840} INFO - DAG(s) 'example_sensor_decorator' retrieved from /Library/Frameworks/Python.framework/Versions/3.11/lib/python3.11/site-packages/airflow/example_dags/example_sensor_decorator.py
[2025-12-04T18:22:05.202+0500] {logging_mixin.py:188} INFO - [2025-12-04T18:22:05.202+0500] {dag.py:3089} INFO - Sync 1 DAGs
[2025-12-04T18:22:05.215+0500] {logging_mixin.py:188} INFO - [2025-12-04T18:22:05.215+0500] {dag.py:3947} INFO - Setting next_dagrun for example_sensor_decorator to None, run_after=None
[2025-12-04T18:22:05.238+0500] {processor.py:183} INFO - Processing /Library/Frameworks/Python.framework/Versions/3.11/lib/python3.11/site-packages/airflow/example_dags/example_sensor_decorator.py took 0.219 seconds
[2025-12-04T18:24:08.754+0500] {processor.py:161} INFO - Started process (PID=11888) to work on /Library/Frameworks/Python.framework/Versions/3.11/lib/python3.11/site-packages/airflow/example_dags/example_sensor_decorator.py
[2025-12-04T18:24:08.756+0500] {processor.py:830} INFO - Processing file /Library/Frameworks/Python.framework/Versions/3.11/lib/python3.11/site-packages/airflow/example_dags/example_sensor_decorator.py for tasks to queue
[2025-12-04T18:24:08.757+0500] {logging_mixin.py:188} INFO - [2025-12-04T18:24:08.757+0500] {dagbag.py:545} INFO - Filling up the DagBag from /Library/Frameworks/Python.framework/Versions/3.11/lib/python3.11/site-packages/airflow/example_dags/example_sensor_decorator.py
[2025-12-04T18:24:08.796+0500] {processor.py:840} INFO - DAG(s) 'example_sensor_decorator' retrieved from /Library/Frameworks/Python.framework/Versions/3.11/lib/python3.11/site-packages/airflow/example_dags/example_sensor_decorator.py
[2025-12-04T18:24:08.919+0500] {logging_mixin.py:188} INFO - [2025-12-04T18:24:08.919+0500] {dag.py:3089} INFO - Sync 1 DAGs
[2025-12-04T18:24:08.931+0500] {logging_mixin.py:188} INFO - [2025-12-04T18:24:08.930+0500] {dag.py:3947} INFO - Setting next_dagrun for example_sensor_decorator to None, run_after=None
[2025-12-04T18:24:08.952+0500] {processor.py:183} INFO - Processing /Library/Frameworks/Python.framework/Versions/3.11/lib/python3.11/site-packages/airflow/example_dags/example_sensor_decorator.py took 0.200 seconds
[2025-12-04T18:26:15.167+0500] {processor.py:161} INFO - Started process (PID=11988) to work on /Library/Frameworks/Python.framework/Versions/3.11/lib/python3.11/site-packages/airflow/example_dags/example_sensor_decorator.py
[2025-12-04T18:26:15.169+0500] {processor.py:830} INFO - Processing file /Library/Frameworks/Python.framework/Versions/3.11/lib/python3.11/site-packages/airflow/example_dags/example_sensor_decorator.py for tasks to queue
[2025-12-04T18:26:15.170+0500] {logging_mixin.py:188} INFO - [2025-12-04T18:26:15.170+0500] {dagbag.py:545} INFO - Filling up the DagBag from /Library/Frameworks/Python.framework/Versions/3.11/lib/python3.11/site-packages/airflow/example_dags/example_sensor_decorator.py
[2025-12-04T18:26:15.212+0500] {processor.py:840} INFO - DAG(s) 'example_sensor_decorator' retrieved from /Library/Frameworks/Python.framework/Versions/3.11/lib/python3.11/site-packages/airflow/example_dags/example_sensor_decorator.py
[2025-12-04T18:26:15.331+0500] {logging_mixin.py:188} INFO - [2025-12-04T18:26:15.331+0500] {dag.py:3089} INFO - Sync 1 DAGs
[2025-12-04T18:26:15.342+0500] {logging_mixin.py:188} INFO - [2025-12-04T18:26:15.342+0500] {dag.py:3947} INFO - Setting next_dagrun for example_sensor_decorator to None, run_after=None
[2025-12-04T18:26:15.362+0500] {processor.py:183} INFO - Processing /Library/Frameworks/Python.framework/Versions/3.11/lib/python3.11/site-packages/airflow/example_dags/example_sensor_decorator.py took 0.198 seconds
[2025-12-04T18:28:33.934+0500] {processor.py:161} INFO - Started process (PID=12111) to work on /Library/Frameworks/Python.framework/Versions/3.11/lib/python3.11/site-packages/airflow/example_dags/example_sensor_decorator.py
[2025-12-04T18:28:33.936+0500] {processor.py:830} INFO - Processing file /Library/Frameworks/Python.framework/Versions/3.11/lib/python3.11/site-packages/airflow/example_dags/example_sensor_decorator.py for tasks to queue
[2025-12-04T18:28:33.937+0500] {logging_mixin.py:188} INFO - [2025-12-04T18:28:33.937+0500] {dagbag.py:545} INFO - Filling up the DagBag from /Library/Frameworks/Python.framework/Versions/3.11/lib/python3.11/site-packages/airflow/example_dags/example_sensor_decorator.py
[2025-12-04T18:28:33.982+0500] {processor.py:840} INFO - DAG(s) 'example_sensor_decorator' retrieved from /Library/Frameworks/Python.framework/Versions/3.11/lib/python3.11/site-packages/airflow/example_dags/example_sensor_decorator.py
[2025-12-04T18:28:34.151+0500] {logging_mixin.py:188} INFO - [2025-12-04T18:28:34.151+0500] {dag.py:3089} INFO - Sync 1 DAGs
[2025-12-04T18:28:34.165+0500] {logging_mixin.py:188} INFO - [2025-12-04T18:28:34.165+0500] {dag.py:3947} INFO - Setting next_dagrun for example_sensor_decorator to None, run_after=None
[2025-12-04T18:28:34.190+0500] {processor.py:183} INFO - Processing /Library/Frameworks/Python.framework/Versions/3.11/lib/python3.11/site-packages/airflow/example_dags/example_sensor_decorator.py took 0.259 seconds
[2025-12-04T18:31:02.618+0500] {processor.py:161} INFO - Started process (PID=12217) to work on /Library/Frameworks/Python.framework/Versions/3.11/lib/python3.11/site-packages/airflow/example_dags/example_sensor_decorator.py
[2025-12-04T18:31:02.621+0500] {processor.py:830} INFO - Processing file /Library/Frameworks/Python.framework/Versions/3.11/lib/python3.11/site-packages/airflow/example_dags/example_sensor_decorator.py for tasks to queue
[2025-12-04T18:31:02.622+0500] {logging_mixin.py:188} INFO - [2025-12-04T18:31:02.622+0500] {dagbag.py:545} INFO - Filling up the DagBag from /Library/Frameworks/Python.framework/Versions/3.11/lib/python3.11/site-packages/airflow/example_dags/example_sensor_decorator.py
[2025-12-04T18:31:02.660+0500] {processor.py:840} INFO - DAG(s) 'example_sensor_decorator' retrieved from /Library/Frameworks/Python.framework/Versions/3.11/lib/python3.11/site-packages/airflow/example_dags/example_sensor_decorator.py
[2025-12-04T18:31:02.781+0500] {logging_mixin.py:188} INFO - [2025-12-04T18:31:02.780+0500] {dag.py:3089} INFO - Sync 1 DAGs
[2025-12-04T18:31:02.792+0500] {logging_mixin.py:188} INFO - [2025-12-04T18:31:02.792+0500] {dag.py:3947} INFO - Setting next_dagrun for example_sensor_decorator to None, run_after=None
[2025-12-04T18:31:02.817+0500] {processor.py:183} INFO - Processing /Library/Frameworks/Python.framework/Versions/3.11/lib/python3.11/site-packages/airflow/example_dags/example_sensor_decorator.py took 0.202 seconds
[2025-12-04T18:33:28.100+0500] {processor.py:161} INFO - Started process (PID=12329) to work on /Library/Frameworks/Python.framework/Versions/3.11/lib/python3.11/site-packages/airflow/example_dags/example_sensor_decorator.py
[2025-12-04T18:33:28.102+0500] {processor.py:830} INFO - Processing file /Library/Frameworks/Python.framework/Versions/3.11/lib/python3.11/site-packages/airflow/example_dags/example_sensor_decorator.py for tasks to queue
[2025-12-04T18:33:28.106+0500] {logging_mixin.py:188} INFO - [2025-12-04T18:33:28.105+0500] {dagbag.py:545} INFO - Filling up the DagBag from /Library/Frameworks/Python.framework/Versions/3.11/lib/python3.11/site-packages/airflow/example_dags/example_sensor_decorator.py
[2025-12-04T18:33:28.145+0500] {processor.py:840} INFO - DAG(s) 'example_sensor_decorator' retrieved from /Library/Frameworks/Python.framework/Versions/3.11/lib/python3.11/site-packages/airflow/example_dags/example_sensor_decorator.py
[2025-12-04T18:33:28.272+0500] {logging_mixin.py:188} INFO - [2025-12-04T18:33:28.272+0500] {dag.py:3089} INFO - Sync 1 DAGs
[2025-12-04T18:33:28.285+0500] {logging_mixin.py:188} INFO - [2025-12-04T18:33:28.285+0500] {dag.py:3947} INFO - Setting next_dagrun for example_sensor_decorator to None, run_after=None
[2025-12-04T18:33:28.308+0500] {processor.py:183} INFO - Processing /Library/Frameworks/Python.framework/Versions/3.11/lib/python3.11/site-packages/airflow/example_dags/example_sensor_decorator.py took 0.211 seconds
[2025-12-04T18:35:38.242+0500] {processor.py:161} INFO - Started process (PID=12425) to work on /Library/Frameworks/Python.framework/Versions/3.11/lib/python3.11/site-packages/airflow/example_dags/example_sensor_decorator.py
[2025-12-04T18:35:38.244+0500] {processor.py:830} INFO - Processing file /Library/Frameworks/Python.framework/Versions/3.11/lib/python3.11/site-packages/airflow/example_dags/example_sensor_decorator.py for tasks to queue
[2025-12-04T18:35:38.245+0500] {logging_mixin.py:188} INFO - [2025-12-04T18:35:38.245+0500] {dagbag.py:545} INFO - Filling up the DagBag from /Library/Frameworks/Python.framework/Versions/3.11/lib/python3.11/site-packages/airflow/example_dags/example_sensor_decorator.py
[2025-12-04T18:35:38.282+0500] {processor.py:840} INFO - DAG(s) 'example_sensor_decorator' retrieved from /Library/Frameworks/Python.framework/Versions/3.11/lib/python3.11/site-packages/airflow/example_dags/example_sensor_decorator.py
[2025-12-04T18:35:38.401+0500] {logging_mixin.py:188} INFO - [2025-12-04T18:35:38.400+0500] {dag.py:3089} INFO - Sync 1 DAGs
[2025-12-04T18:35:38.411+0500] {logging_mixin.py:188} INFO - [2025-12-04T18:35:38.411+0500] {dag.py:3947} INFO - Setting next_dagrun for example_sensor_decorator to None, run_after=None
[2025-12-04T18:35:38.431+0500] {processor.py:183} INFO - Processing /Library/Frameworks/Python.framework/Versions/3.11/lib/python3.11/site-packages/airflow/example_dags/example_sensor_decorator.py took 0.193 seconds
[2025-12-04T18:37:37.084+0500] {processor.py:161} INFO - Started process (PID=12491) to work on /Library/Frameworks/Python.framework/Versions/3.11/lib/python3.11/site-packages/airflow/example_dags/example_sensor_decorator.py
[2025-12-04T18:37:37.086+0500] {processor.py:830} INFO - Processing file /Library/Frameworks/Python.framework/Versions/3.11/lib/python3.11/site-packages/airflow/example_dags/example_sensor_decorator.py for tasks to queue
[2025-12-04T18:37:37.087+0500] {logging_mixin.py:188} INFO - [2025-12-04T18:37:37.087+0500] {dagbag.py:545} INFO - Filling up the DagBag from /Library/Frameworks/Python.framework/Versions/3.11/lib/python3.11/site-packages/airflow/example_dags/example_sensor_decorator.py
[2025-12-04T18:37:37.126+0500] {processor.py:840} INFO - DAG(s) 'example_sensor_decorator' retrieved from /Library/Frameworks/Python.framework/Versions/3.11/lib/python3.11/site-packages/airflow/example_dags/example_sensor_decorator.py
[2025-12-04T18:37:37.247+0500] {logging_mixin.py:188} INFO - [2025-12-04T18:37:37.246+0500] {dag.py:3089} INFO - Sync 1 DAGs
[2025-12-04T18:37:37.258+0500] {logging_mixin.py:188} INFO - [2025-12-04T18:37:37.258+0500] {dag.py:3947} INFO - Setting next_dagrun for example_sensor_decorator to None, run_after=None
[2025-12-04T18:37:37.278+0500] {processor.py:183} INFO - Processing /Library/Frameworks/Python.framework/Versions/3.11/lib/python3.11/site-packages/airflow/example_dags/example_sensor_decorator.py took 0.197 seconds
[2025-12-04T18:39:29.158+0500] {processor.py:161} INFO - Started process (PID=12557) to work on /Library/Frameworks/Python.framework/Versions/3.11/lib/python3.11/site-packages/airflow/example_dags/example_sensor_decorator.py
[2025-12-04T18:39:29.160+0500] {processor.py:830} INFO - Processing file /Library/Frameworks/Python.framework/Versions/3.11/lib/python3.11/site-packages/airflow/example_dags/example_sensor_decorator.py for tasks to queue
[2025-12-04T18:39:29.161+0500] {logging_mixin.py:188} INFO - [2025-12-04T18:39:29.161+0500] {dagbag.py:545} INFO - Filling up the DagBag from /Library/Frameworks/Python.framework/Versions/3.11/lib/python3.11/site-packages/airflow/example_dags/example_sensor_decorator.py
[2025-12-04T18:39:29.198+0500] {processor.py:840} INFO - DAG(s) 'example_sensor_decorator' retrieved from /Library/Frameworks/Python.framework/Versions/3.11/lib/python3.11/site-packages/airflow/example_dags/example_sensor_decorator.py
[2025-12-04T18:39:29.316+0500] {logging_mixin.py:188} INFO - [2025-12-04T18:39:29.315+0500] {dag.py:3089} INFO - Sync 1 DAGs
[2025-12-04T18:39:29.326+0500] {logging_mixin.py:188} INFO - [2025-12-04T18:39:29.326+0500] {dag.py:3947} INFO - Setting next_dagrun for example_sensor_decorator to None, run_after=None
[2025-12-04T18:39:29.347+0500] {processor.py:183} INFO - Processing /Library/Frameworks/Python.framework/Versions/3.11/lib/python3.11/site-packages/airflow/example_dags/example_sensor_decorator.py took 0.192 seconds
[2025-12-04T18:41:33.468+0500] {processor.py:161} INFO - Started process (PID=12664) to work on /Library/Frameworks/Python.framework/Versions/3.11/lib/python3.11/site-packages/airflow/example_dags/example_sensor_decorator.py
[2025-12-04T18:41:33.470+0500] {processor.py:830} INFO - Processing file /Library/Frameworks/Python.framework/Versions/3.11/lib/python3.11/site-packages/airflow/example_dags/example_sensor_decorator.py for tasks to queue
[2025-12-04T18:41:33.471+0500] {logging_mixin.py:188} INFO - [2025-12-04T18:41:33.471+0500] {dagbag.py:545} INFO - Filling up the DagBag from /Library/Frameworks/Python.framework/Versions/3.11/lib/python3.11/site-packages/airflow/example_dags/example_sensor_decorator.py
[2025-12-04T18:41:33.508+0500] {processor.py:840} INFO - DAG(s) 'example_sensor_decorator' retrieved from /Library/Frameworks/Python.framework/Versions/3.11/lib/python3.11/site-packages/airflow/example_dags/example_sensor_decorator.py
[2025-12-04T18:41:33.627+0500] {logging_mixin.py:188} INFO - [2025-12-04T18:41:33.627+0500] {dag.py:3089} INFO - Sync 1 DAGs
[2025-12-04T18:41:33.638+0500] {logging_mixin.py:188} INFO - [2025-12-04T18:41:33.637+0500] {dag.py:3947} INFO - Setting next_dagrun for example_sensor_decorator to None, run_after=None
[2025-12-04T18:41:33.658+0500] {processor.py:183} INFO - Processing /Library/Frameworks/Python.framework/Versions/3.11/lib/python3.11/site-packages/airflow/example_dags/example_sensor_decorator.py took 0.193 seconds
[2025-12-04T18:43:48.509+0500] {processor.py:161} INFO - Started process (PID=12744) to work on /Library/Frameworks/Python.framework/Versions/3.11/lib/python3.11/site-packages/airflow/example_dags/example_sensor_decorator.py
[2025-12-04T18:43:48.512+0500] {processor.py:830} INFO - Processing file /Library/Frameworks/Python.framework/Versions/3.11/lib/python3.11/site-packages/airflow/example_dags/example_sensor_decorator.py for tasks to queue
[2025-12-04T18:43:48.513+0500] {logging_mixin.py:188} INFO - [2025-12-04T18:43:48.513+0500] {dagbag.py:545} INFO - Filling up the DagBag from /Library/Frameworks/Python.framework/Versions/3.11/lib/python3.11/site-packages/airflow/example_dags/example_sensor_decorator.py
[2025-12-04T18:43:48.630+0500] {processor.py:840} INFO - DAG(s) 'example_sensor_decorator' retrieved from /Library/Frameworks/Python.framework/Versions/3.11/lib/python3.11/site-packages/airflow/example_dags/example_sensor_decorator.py
[2025-12-04T18:43:48.811+0500] {logging_mixin.py:188} INFO - [2025-12-04T18:43:48.810+0500] {dag.py:3089} INFO - Sync 1 DAGs
[2025-12-04T18:43:48.829+0500] {logging_mixin.py:188} INFO - [2025-12-04T18:43:48.828+0500] {dag.py:3947} INFO - Setting next_dagrun for example_sensor_decorator to None, run_after=None
[2025-12-04T18:43:48.862+0500] {processor.py:183} INFO - Processing /Library/Frameworks/Python.framework/Versions/3.11/lib/python3.11/site-packages/airflow/example_dags/example_sensor_decorator.py took 0.356 seconds
[2025-12-04T18:45:50.411+0500] {processor.py:161} INFO - Started process (PID=12829) to work on /Library/Frameworks/Python.framework/Versions/3.11/lib/python3.11/site-packages/airflow/example_dags/example_sensor_decorator.py
[2025-12-04T18:45:50.413+0500] {processor.py:830} INFO - Processing file /Library/Frameworks/Python.framework/Versions/3.11/lib/python3.11/site-packages/airflow/example_dags/example_sensor_decorator.py for tasks to queue
[2025-12-04T18:45:50.414+0500] {logging_mixin.py:188} INFO - [2025-12-04T18:45:50.414+0500] {dagbag.py:545} INFO - Filling up the DagBag from /Library/Frameworks/Python.framework/Versions/3.11/lib/python3.11/site-packages/airflow/example_dags/example_sensor_decorator.py
[2025-12-04T18:45:50.463+0500] {processor.py:840} INFO - DAG(s) 'example_sensor_decorator' retrieved from /Library/Frameworks/Python.framework/Versions/3.11/lib/python3.11/site-packages/airflow/example_dags/example_sensor_decorator.py
[2025-12-04T18:45:50.660+0500] {logging_mixin.py:188} INFO - [2025-12-04T18:45:50.659+0500] {dag.py:3089} INFO - Sync 1 DAGs
[2025-12-04T18:45:50.678+0500] {logging_mixin.py:188} INFO - [2025-12-04T18:45:50.678+0500] {dag.py:3947} INFO - Setting next_dagrun for example_sensor_decorator to None, run_after=None
[2025-12-04T18:45:50.706+0500] {processor.py:183} INFO - Processing /Library/Frameworks/Python.framework/Versions/3.11/lib/python3.11/site-packages/airflow/example_dags/example_sensor_decorator.py took 0.299 seconds
[2025-12-04T18:47:50.328+0500] {processor.py:161} INFO - Started process (PID=12904) to work on /Library/Frameworks/Python.framework/Versions/3.11/lib/python3.11/site-packages/airflow/example_dags/example_sensor_decorator.py
[2025-12-04T18:47:50.331+0500] {processor.py:830} INFO - Processing file /Library/Frameworks/Python.framework/Versions/3.11/lib/python3.11/site-packages/airflow/example_dags/example_sensor_decorator.py for tasks to queue
[2025-12-04T18:47:50.332+0500] {logging_mixin.py:188} INFO - [2025-12-04T18:47:50.332+0500] {dagbag.py:545} INFO - Filling up the DagBag from /Library/Frameworks/Python.framework/Versions/3.11/lib/python3.11/site-packages/airflow/example_dags/example_sensor_decorator.py
[2025-12-04T18:47:50.374+0500] {processor.py:840} INFO - DAG(s) 'example_sensor_decorator' retrieved from /Library/Frameworks/Python.framework/Versions/3.11/lib/python3.11/site-packages/airflow/example_dags/example_sensor_decorator.py
[2025-12-04T18:47:50.511+0500] {logging_mixin.py:188} INFO - [2025-12-04T18:47:50.510+0500] {dag.py:3089} INFO - Sync 1 DAGs
[2025-12-04T18:47:50.524+0500] {logging_mixin.py:188} INFO - [2025-12-04T18:47:50.523+0500] {dag.py:3947} INFO - Setting next_dagrun for example_sensor_decorator to None, run_after=None
[2025-12-04T18:47:50.548+0500] {processor.py:183} INFO - Processing /Library/Frameworks/Python.framework/Versions/3.11/lib/python3.11/site-packages/airflow/example_dags/example_sensor_decorator.py took 0.223 seconds
[2025-12-04T18:49:59.301+0500] {processor.py:161} INFO - Started process (PID=12974) to work on /Library/Frameworks/Python.framework/Versions/3.11/lib/python3.11/site-packages/airflow/example_dags/example_sensor_decorator.py
[2025-12-04T18:49:59.303+0500] {processor.py:830} INFO - Processing file /Library/Frameworks/Python.framework/Versions/3.11/lib/python3.11/site-packages/airflow/example_dags/example_sensor_decorator.py for tasks to queue
[2025-12-04T18:49:59.304+0500] {logging_mixin.py:188} INFO - [2025-12-04T18:49:59.303+0500] {dagbag.py:545} INFO - Filling up the DagBag from /Library/Frameworks/Python.framework/Versions/3.11/lib/python3.11/site-packages/airflow/example_dags/example_sensor_decorator.py
[2025-12-04T18:49:59.348+0500] {processor.py:840} INFO - DAG(s) 'example_sensor_decorator' retrieved from /Library/Frameworks/Python.framework/Versions/3.11/lib/python3.11/site-packages/airflow/example_dags/example_sensor_decorator.py
[2025-12-04T18:49:59.471+0500] {logging_mixin.py:188} INFO - [2025-12-04T18:49:59.471+0500] {dag.py:3089} INFO - Sync 1 DAGs
[2025-12-04T18:49:59.482+0500] {logging_mixin.py:188} INFO - [2025-12-04T18:49:59.482+0500] {dag.py:3947} INFO - Setting next_dagrun for example_sensor_decorator to None, run_after=None
[2025-12-04T18:49:59.503+0500] {processor.py:183} INFO - Processing /Library/Frameworks/Python.framework/Versions/3.11/lib/python3.11/site-packages/airflow/example_dags/example_sensor_decorator.py took 0.207 seconds
[2025-12-04T18:52:22.631+0500] {processor.py:161} INFO - Started process (PID=13066) to work on /Library/Frameworks/Python.framework/Versions/3.11/lib/python3.11/site-packages/airflow/example_dags/example_sensor_decorator.py
[2025-12-04T18:52:22.633+0500] {processor.py:830} INFO - Processing file /Library/Frameworks/Python.framework/Versions/3.11/lib/python3.11/site-packages/airflow/example_dags/example_sensor_decorator.py for tasks to queue
[2025-12-04T18:52:22.634+0500] {logging_mixin.py:188} INFO - [2025-12-04T18:52:22.634+0500] {dagbag.py:545} INFO - Filling up the DagBag from /Library/Frameworks/Python.framework/Versions/3.11/lib/python3.11/site-packages/airflow/example_dags/example_sensor_decorator.py
[2025-12-04T18:52:22.705+0500] {processor.py:840} INFO - DAG(s) 'example_sensor_decorator' retrieved from /Library/Frameworks/Python.framework/Versions/3.11/lib/python3.11/site-packages/airflow/example_dags/example_sensor_decorator.py
[2025-12-04T18:52:22.847+0500] {logging_mixin.py:188} INFO - [2025-12-04T18:52:22.847+0500] {dag.py:3089} INFO - Sync 1 DAGs
[2025-12-04T18:52:22.859+0500] {logging_mixin.py:188} INFO - [2025-12-04T18:52:22.859+0500] {dag.py:3947} INFO - Setting next_dagrun for example_sensor_decorator to None, run_after=None
[2025-12-04T18:52:22.882+0500] {processor.py:183} INFO - Processing /Library/Frameworks/Python.framework/Versions/3.11/lib/python3.11/site-packages/airflow/example_dags/example_sensor_decorator.py took 0.254 seconds
[2025-12-04T18:54:31.117+0500] {processor.py:161} INFO - Started process (PID=13145) to work on /Library/Frameworks/Python.framework/Versions/3.11/lib/python3.11/site-packages/airflow/example_dags/example_sensor_decorator.py
[2025-12-04T18:54:31.119+0500] {processor.py:830} INFO - Processing file /Library/Frameworks/Python.framework/Versions/3.11/lib/python3.11/site-packages/airflow/example_dags/example_sensor_decorator.py for tasks to queue
[2025-12-04T18:54:31.120+0500] {logging_mixin.py:188} INFO - [2025-12-04T18:54:31.120+0500] {dagbag.py:545} INFO - Filling up the DagBag from /Library/Frameworks/Python.framework/Versions/3.11/lib/python3.11/site-packages/airflow/example_dags/example_sensor_decorator.py
[2025-12-04T18:54:31.156+0500] {processor.py:840} INFO - DAG(s) 'example_sensor_decorator' retrieved from /Library/Frameworks/Python.framework/Versions/3.11/lib/python3.11/site-packages/airflow/example_dags/example_sensor_decorator.py
[2025-12-04T18:54:31.280+0500] {logging_mixin.py:188} INFO - [2025-12-04T18:54:31.280+0500] {dag.py:3089} INFO - Sync 1 DAGs
[2025-12-04T18:54:31.291+0500] {logging_mixin.py:188} INFO - [2025-12-04T18:54:31.290+0500] {dag.py:3947} INFO - Setting next_dagrun for example_sensor_decorator to None, run_after=None
[2025-12-04T18:54:31.310+0500] {processor.py:183} INFO - Processing /Library/Frameworks/Python.framework/Versions/3.11/lib/python3.11/site-packages/airflow/example_dags/example_sensor_decorator.py took 0.196 seconds
[2025-12-04T19:33:57.881+0500] {processor.py:161} INFO - Started process (PID=14585) to work on /Library/Frameworks/Python.framework/Versions/3.11/lib/python3.11/site-packages/airflow/example_dags/example_sensor_decorator.py
[2025-12-04T19:33:57.883+0500] {processor.py:830} INFO - Processing file /Library/Frameworks/Python.framework/Versions/3.11/lib/python3.11/site-packages/airflow/example_dags/example_sensor_decorator.py for tasks to queue
[2025-12-04T19:33:57.884+0500] {logging_mixin.py:188} INFO - [2025-12-04T19:33:57.884+0500] {dagbag.py:545} INFO - Filling up the DagBag from /Library/Frameworks/Python.framework/Versions/3.11/lib/python3.11/site-packages/airflow/example_dags/example_sensor_decorator.py
[2025-12-04T19:33:57.926+0500] {processor.py:840} INFO - DAG(s) 'example_sensor_decorator' retrieved from /Library/Frameworks/Python.framework/Versions/3.11/lib/python3.11/site-packages/airflow/example_dags/example_sensor_decorator.py
[2025-12-04T19:33:58.062+0500] {logging_mixin.py:188} INFO - [2025-12-04T19:33:58.062+0500] {dag.py:3089} INFO - Sync 1 DAGs
[2025-12-04T19:33:58.074+0500] {logging_mixin.py:188} INFO - [2025-12-04T19:33:58.074+0500] {dag.py:3947} INFO - Setting next_dagrun for example_sensor_decorator to None, run_after=None
[2025-12-04T19:33:58.098+0500] {processor.py:183} INFO - Processing /Library/Frameworks/Python.framework/Versions/3.11/lib/python3.11/site-packages/airflow/example_dags/example_sensor_decorator.py took 0.220 seconds
[2025-12-04T19:37:04.513+0500] {processor.py:161} INFO - Started process (PID=14725) to work on /Library/Frameworks/Python.framework/Versions/3.11/lib/python3.11/site-packages/airflow/example_dags/example_sensor_decorator.py
[2025-12-04T19:37:04.515+0500] {processor.py:830} INFO - Processing file /Library/Frameworks/Python.framework/Versions/3.11/lib/python3.11/site-packages/airflow/example_dags/example_sensor_decorator.py for tasks to queue
[2025-12-04T19:37:04.516+0500] {logging_mixin.py:188} INFO - [2025-12-04T19:37:04.516+0500] {dagbag.py:545} INFO - Filling up the DagBag from /Library/Frameworks/Python.framework/Versions/3.11/lib/python3.11/site-packages/airflow/example_dags/example_sensor_decorator.py
[2025-12-04T19:37:04.557+0500] {processor.py:840} INFO - DAG(s) 'example_sensor_decorator' retrieved from /Library/Frameworks/Python.framework/Versions/3.11/lib/python3.11/site-packages/airflow/example_dags/example_sensor_decorator.py
[2025-12-04T19:37:04.679+0500] {logging_mixin.py:188} INFO - [2025-12-04T19:37:04.679+0500] {dag.py:3089} INFO - Sync 1 DAGs
[2025-12-04T19:37:04.690+0500] {logging_mixin.py:188} INFO - [2025-12-04T19:37:04.690+0500] {dag.py:3947} INFO - Setting next_dagrun for example_sensor_decorator to None, run_after=None
[2025-12-04T19:37:04.712+0500] {processor.py:183} INFO - Processing /Library/Frameworks/Python.framework/Versions/3.11/lib/python3.11/site-packages/airflow/example_dags/example_sensor_decorator.py took 0.203 seconds
[2025-12-04T19:39:08.191+0500] {processor.py:161} INFO - Started process (PID=14796) to work on /Library/Frameworks/Python.framework/Versions/3.11/lib/python3.11/site-packages/airflow/example_dags/example_sensor_decorator.py
[2025-12-04T19:39:08.193+0500] {processor.py:830} INFO - Processing file /Library/Frameworks/Python.framework/Versions/3.11/lib/python3.11/site-packages/airflow/example_dags/example_sensor_decorator.py for tasks to queue
[2025-12-04T19:39:08.194+0500] {logging_mixin.py:188} INFO - [2025-12-04T19:39:08.194+0500] {dagbag.py:545} INFO - Filling up the DagBag from /Library/Frameworks/Python.framework/Versions/3.11/lib/python3.11/site-packages/airflow/example_dags/example_sensor_decorator.py
[2025-12-04T19:39:08.230+0500] {processor.py:840} INFO - DAG(s) 'example_sensor_decorator' retrieved from /Library/Frameworks/Python.framework/Versions/3.11/lib/python3.11/site-packages/airflow/example_dags/example_sensor_decorator.py
[2025-12-04T19:39:08.351+0500] {logging_mixin.py:188} INFO - [2025-12-04T19:39:08.350+0500] {dag.py:3089} INFO - Sync 1 DAGs
[2025-12-04T19:39:08.366+0500] {logging_mixin.py:188} INFO - [2025-12-04T19:39:08.365+0500] {dag.py:3947} INFO - Setting next_dagrun for example_sensor_decorator to None, run_after=None
[2025-12-04T19:39:08.389+0500] {processor.py:183} INFO - Processing /Library/Frameworks/Python.framework/Versions/3.11/lib/python3.11/site-packages/airflow/example_dags/example_sensor_decorator.py took 0.201 seconds
[2025-12-04T19:41:21.264+0500] {processor.py:161} INFO - Started process (PID=14888) to work on /Library/Frameworks/Python.framework/Versions/3.11/lib/python3.11/site-packages/airflow/example_dags/example_sensor_decorator.py
[2025-12-04T19:41:21.267+0500] {processor.py:830} INFO - Processing file /Library/Frameworks/Python.framework/Versions/3.11/lib/python3.11/site-packages/airflow/example_dags/example_sensor_decorator.py for tasks to queue
[2025-12-04T19:41:21.268+0500] {logging_mixin.py:188} INFO - [2025-12-04T19:41:21.267+0500] {dagbag.py:545} INFO - Filling up the DagBag from /Library/Frameworks/Python.framework/Versions/3.11/lib/python3.11/site-packages/airflow/example_dags/example_sensor_decorator.py
[2025-12-04T19:41:21.307+0500] {processor.py:840} INFO - DAG(s) 'example_sensor_decorator' retrieved from /Library/Frameworks/Python.framework/Versions/3.11/lib/python3.11/site-packages/airflow/example_dags/example_sensor_decorator.py
[2025-12-04T19:41:21.491+0500] {logging_mixin.py:188} INFO - [2025-12-04T19:41:21.491+0500] {dag.py:3089} INFO - Sync 1 DAGs
[2025-12-04T19:41:21.507+0500] {logging_mixin.py:188} INFO - [2025-12-04T19:41:21.506+0500] {dag.py:3947} INFO - Setting next_dagrun for example_sensor_decorator to None, run_after=None
[2025-12-04T19:41:21.545+0500] {processor.py:183} INFO - Processing /Library/Frameworks/Python.framework/Versions/3.11/lib/python3.11/site-packages/airflow/example_dags/example_sensor_decorator.py took 0.284 seconds
[2025-12-04T19:43:36.767+0500] {processor.py:161} INFO - Started process (PID=14959) to work on /Library/Frameworks/Python.framework/Versions/3.11/lib/python3.11/site-packages/airflow/example_dags/example_sensor_decorator.py
[2025-12-04T19:43:36.769+0500] {processor.py:830} INFO - Processing file /Library/Frameworks/Python.framework/Versions/3.11/lib/python3.11/site-packages/airflow/example_dags/example_sensor_decorator.py for tasks to queue
[2025-12-04T19:43:36.770+0500] {logging_mixin.py:188} INFO - [2025-12-04T19:43:36.770+0500] {dagbag.py:545} INFO - Filling up the DagBag from /Library/Frameworks/Python.framework/Versions/3.11/lib/python3.11/site-packages/airflow/example_dags/example_sensor_decorator.py
[2025-12-04T19:43:36.819+0500] {processor.py:840} INFO - DAG(s) 'example_sensor_decorator' retrieved from /Library/Frameworks/Python.framework/Versions/3.11/lib/python3.11/site-packages/airflow/example_dags/example_sensor_decorator.py
[2025-12-04T19:43:36.971+0500] {logging_mixin.py:188} INFO - [2025-12-04T19:43:36.971+0500] {dag.py:3089} INFO - Sync 1 DAGs
[2025-12-04T19:43:36.983+0500] {logging_mixin.py:188} INFO - [2025-12-04T19:43:36.983+0500] {dag.py:3947} INFO - Setting next_dagrun for example_sensor_decorator to None, run_after=None
[2025-12-04T19:43:37.008+0500] {processor.py:183} INFO - Processing /Library/Frameworks/Python.framework/Versions/3.11/lib/python3.11/site-packages/airflow/example_dags/example_sensor_decorator.py took 0.246 seconds
[2025-12-04T19:45:56.950+0500] {processor.py:161} INFO - Started process (PID=15035) to work on /Library/Frameworks/Python.framework/Versions/3.11/lib/python3.11/site-packages/airflow/example_dags/example_sensor_decorator.py
[2025-12-04T19:45:56.954+0500] {processor.py:830} INFO - Processing file /Library/Frameworks/Python.framework/Versions/3.11/lib/python3.11/site-packages/airflow/example_dags/example_sensor_decorator.py for tasks to queue
[2025-12-04T19:45:56.955+0500] {logging_mixin.py:188} INFO - [2025-12-04T19:45:56.955+0500] {dagbag.py:545} INFO - Filling up the DagBag from /Library/Frameworks/Python.framework/Versions/3.11/lib/python3.11/site-packages/airflow/example_dags/example_sensor_decorator.py
[2025-12-04T19:45:57.057+0500] {processor.py:840} INFO - DAG(s) 'example_sensor_decorator' retrieved from /Library/Frameworks/Python.framework/Versions/3.11/lib/python3.11/site-packages/airflow/example_dags/example_sensor_decorator.py
[2025-12-04T19:45:57.339+0500] {logging_mixin.py:188} INFO - [2025-12-04T19:45:57.335+0500] {dag.py:3089} INFO - Sync 1 DAGs
[2025-12-04T19:45:57.356+0500] {logging_mixin.py:188} INFO - [2025-12-04T19:45:57.352+0500] {dag.py:3947} INFO - Setting next_dagrun for example_sensor_decorator to None, run_after=None
[2025-12-04T19:45:57.386+0500] {processor.py:183} INFO - Processing /Library/Frameworks/Python.framework/Versions/3.11/lib/python3.11/site-packages/airflow/example_dags/example_sensor_decorator.py took 0.513 seconds
[2025-12-04T19:48:22.064+0500] {processor.py:161} INFO - Started process (PID=15133) to work on /Library/Frameworks/Python.framework/Versions/3.11/lib/python3.11/site-packages/airflow/example_dags/example_sensor_decorator.py
[2025-12-04T19:48:22.066+0500] {processor.py:830} INFO - Processing file /Library/Frameworks/Python.framework/Versions/3.11/lib/python3.11/site-packages/airflow/example_dags/example_sensor_decorator.py for tasks to queue
[2025-12-04T19:48:22.068+0500] {logging_mixin.py:188} INFO - [2025-12-04T19:48:22.067+0500] {dagbag.py:545} INFO - Filling up the DagBag from /Library/Frameworks/Python.framework/Versions/3.11/lib/python3.11/site-packages/airflow/example_dags/example_sensor_decorator.py
[2025-12-04T19:48:22.104+0500] {processor.py:840} INFO - DAG(s) 'example_sensor_decorator' retrieved from /Library/Frameworks/Python.framework/Versions/3.11/lib/python3.11/site-packages/airflow/example_dags/example_sensor_decorator.py
[2025-12-04T19:48:22.226+0500] {logging_mixin.py:188} INFO - [2025-12-04T19:48:22.225+0500] {dag.py:3089} INFO - Sync 1 DAGs
[2025-12-04T19:48:22.236+0500] {logging_mixin.py:188} INFO - [2025-12-04T19:48:22.236+0500] {dag.py:3947} INFO - Setting next_dagrun for example_sensor_decorator to None, run_after=None
[2025-12-04T19:48:22.258+0500] {processor.py:183} INFO - Processing /Library/Frameworks/Python.framework/Versions/3.11/lib/python3.11/site-packages/airflow/example_dags/example_sensor_decorator.py took 0.196 seconds
[2025-12-04T19:50:24.266+0500] {processor.py:161} INFO - Started process (PID=15200) to work on /Library/Frameworks/Python.framework/Versions/3.11/lib/python3.11/site-packages/airflow/example_dags/example_sensor_decorator.py
[2025-12-04T19:50:24.268+0500] {processor.py:830} INFO - Processing file /Library/Frameworks/Python.framework/Versions/3.11/lib/python3.11/site-packages/airflow/example_dags/example_sensor_decorator.py for tasks to queue
[2025-12-04T19:50:24.269+0500] {logging_mixin.py:188} INFO - [2025-12-04T19:50:24.269+0500] {dagbag.py:545} INFO - Filling up the DagBag from /Library/Frameworks/Python.framework/Versions/3.11/lib/python3.11/site-packages/airflow/example_dags/example_sensor_decorator.py
[2025-12-04T19:50:24.307+0500] {processor.py:840} INFO - DAG(s) 'example_sensor_decorator' retrieved from /Library/Frameworks/Python.framework/Versions/3.11/lib/python3.11/site-packages/airflow/example_dags/example_sensor_decorator.py
[2025-12-04T19:50:24.426+0500] {logging_mixin.py:188} INFO - [2025-12-04T19:50:24.426+0500] {dag.py:3089} INFO - Sync 1 DAGs
[2025-12-04T19:50:24.437+0500] {logging_mixin.py:188} INFO - [2025-12-04T19:50:24.436+0500] {dag.py:3947} INFO - Setting next_dagrun for example_sensor_decorator to None, run_after=None
[2025-12-04T19:50:24.456+0500] {processor.py:183} INFO - Processing /Library/Frameworks/Python.framework/Versions/3.11/lib/python3.11/site-packages/airflow/example_dags/example_sensor_decorator.py took 0.193 seconds
[2025-12-04T19:52:21.904+0500] {processor.py:161} INFO - Started process (PID=15305) to work on /Library/Frameworks/Python.framework/Versions/3.11/lib/python3.11/site-packages/airflow/example_dags/example_sensor_decorator.py
[2025-12-04T19:52:21.906+0500] {processor.py:830} INFO - Processing file /Library/Frameworks/Python.framework/Versions/3.11/lib/python3.11/site-packages/airflow/example_dags/example_sensor_decorator.py for tasks to queue
[2025-12-04T19:52:21.907+0500] {logging_mixin.py:188} INFO - [2025-12-04T19:52:21.907+0500] {dagbag.py:545} INFO - Filling up the DagBag from /Library/Frameworks/Python.framework/Versions/3.11/lib/python3.11/site-packages/airflow/example_dags/example_sensor_decorator.py
[2025-12-04T19:52:21.952+0500] {processor.py:840} INFO - DAG(s) 'example_sensor_decorator' retrieved from /Library/Frameworks/Python.framework/Versions/3.11/lib/python3.11/site-packages/airflow/example_dags/example_sensor_decorator.py
[2025-12-04T19:52:22.093+0500] {logging_mixin.py:188} INFO - [2025-12-04T19:52:22.093+0500] {dag.py:3089} INFO - Sync 1 DAGs
[2025-12-04T19:52:22.105+0500] {logging_mixin.py:188} INFO - [2025-12-04T19:52:22.105+0500] {dag.py:3947} INFO - Setting next_dagrun for example_sensor_decorator to None, run_after=None
[2025-12-04T19:52:22.127+0500] {processor.py:183} INFO - Processing /Library/Frameworks/Python.framework/Versions/3.11/lib/python3.11/site-packages/airflow/example_dags/example_sensor_decorator.py took 0.226 seconds
[2025-12-04T19:54:20.567+0500] {processor.py:161} INFO - Started process (PID=15379) to work on /Library/Frameworks/Python.framework/Versions/3.11/lib/python3.11/site-packages/airflow/example_dags/example_sensor_decorator.py
[2025-12-04T19:54:20.568+0500] {processor.py:830} INFO - Processing file /Library/Frameworks/Python.framework/Versions/3.11/lib/python3.11/site-packages/airflow/example_dags/example_sensor_decorator.py for tasks to queue
[2025-12-04T19:54:20.569+0500] {logging_mixin.py:188} INFO - [2025-12-04T19:54:20.568+0500] {dagbag.py:545} INFO - Filling up the DagBag from /Library/Frameworks/Python.framework/Versions/3.11/lib/python3.11/site-packages/airflow/example_dags/example_sensor_decorator.py
[2025-12-04T19:54:20.605+0500] {processor.py:840} INFO - DAG(s) 'example_sensor_decorator' retrieved from /Library/Frameworks/Python.framework/Versions/3.11/lib/python3.11/site-packages/airflow/example_dags/example_sensor_decorator.py
[2025-12-04T19:54:20.727+0500] {logging_mixin.py:188} INFO - [2025-12-04T19:54:20.727+0500] {dag.py:3089} INFO - Sync 1 DAGs
[2025-12-04T19:54:20.739+0500] {logging_mixin.py:188} INFO - [2025-12-04T19:54:20.739+0500] {dag.py:3947} INFO - Setting next_dagrun for example_sensor_decorator to None, run_after=None
[2025-12-04T19:54:20.761+0500] {processor.py:183} INFO - Processing /Library/Frameworks/Python.framework/Versions/3.11/lib/python3.11/site-packages/airflow/example_dags/example_sensor_decorator.py took 0.198 seconds
[2025-12-04T19:56:15.382+0500] {processor.py:161} INFO - Started process (PID=15444) to work on /Library/Frameworks/Python.framework/Versions/3.11/lib/python3.11/site-packages/airflow/example_dags/example_sensor_decorator.py
[2025-12-04T19:56:15.384+0500] {processor.py:830} INFO - Processing file /Library/Frameworks/Python.framework/Versions/3.11/lib/python3.11/site-packages/airflow/example_dags/example_sensor_decorator.py for tasks to queue
[2025-12-04T19:56:15.385+0500] {logging_mixin.py:188} INFO - [2025-12-04T19:56:15.385+0500] {dagbag.py:545} INFO - Filling up the DagBag from /Library/Frameworks/Python.framework/Versions/3.11/lib/python3.11/site-packages/airflow/example_dags/example_sensor_decorator.py
[2025-12-04T19:56:15.421+0500] {processor.py:840} INFO - DAG(s) 'example_sensor_decorator' retrieved from /Library/Frameworks/Python.framework/Versions/3.11/lib/python3.11/site-packages/airflow/example_dags/example_sensor_decorator.py
[2025-12-04T19:56:15.545+0500] {logging_mixin.py:188} INFO - [2025-12-04T19:56:15.545+0500] {dag.py:3089} INFO - Sync 1 DAGs
[2025-12-04T19:56:15.557+0500] {logging_mixin.py:188} INFO - [2025-12-04T19:56:15.556+0500] {dag.py:3947} INFO - Setting next_dagrun for example_sensor_decorator to None, run_after=None
[2025-12-04T19:56:15.578+0500] {processor.py:183} INFO - Processing /Library/Frameworks/Python.framework/Versions/3.11/lib/python3.11/site-packages/airflow/example_dags/example_sensor_decorator.py took 0.200 seconds
[2025-12-04T19:58:09.078+0500] {processor.py:161} INFO - Started process (PID=15509) to work on /Library/Frameworks/Python.framework/Versions/3.11/lib/python3.11/site-packages/airflow/example_dags/example_sensor_decorator.py
[2025-12-04T19:58:09.080+0500] {processor.py:830} INFO - Processing file /Library/Frameworks/Python.framework/Versions/3.11/lib/python3.11/site-packages/airflow/example_dags/example_sensor_decorator.py for tasks to queue
[2025-12-04T19:58:09.081+0500] {logging_mixin.py:188} INFO - [2025-12-04T19:58:09.081+0500] {dagbag.py:545} INFO - Filling up the DagBag from /Library/Frameworks/Python.framework/Versions/3.11/lib/python3.11/site-packages/airflow/example_dags/example_sensor_decorator.py
[2025-12-04T19:58:09.116+0500] {processor.py:840} INFO - DAG(s) 'example_sensor_decorator' retrieved from /Library/Frameworks/Python.framework/Versions/3.11/lib/python3.11/site-packages/airflow/example_dags/example_sensor_decorator.py
[2025-12-04T19:58:09.234+0500] {logging_mixin.py:188} INFO - [2025-12-04T19:58:09.234+0500] {dag.py:3089} INFO - Sync 1 DAGs
[2025-12-04T19:58:09.245+0500] {logging_mixin.py:188} INFO - [2025-12-04T19:58:09.244+0500] {dag.py:3947} INFO - Setting next_dagrun for example_sensor_decorator to None, run_after=None
[2025-12-04T19:58:09.265+0500] {processor.py:183} INFO - Processing /Library/Frameworks/Python.framework/Versions/3.11/lib/python3.11/site-packages/airflow/example_dags/example_sensor_decorator.py took 0.190 seconds
[2025-12-04T20:42:11.338+0500] {processor.py:161} INFO - Started process (PID=15629) to work on /Library/Frameworks/Python.framework/Versions/3.11/lib/python3.11/site-packages/airflow/example_dags/example_sensor_decorator.py
[2025-12-04T20:42:11.341+0500] {processor.py:830} INFO - Processing file /Library/Frameworks/Python.framework/Versions/3.11/lib/python3.11/site-packages/airflow/example_dags/example_sensor_decorator.py for tasks to queue
[2025-12-04T20:42:11.342+0500] {logging_mixin.py:188} INFO - [2025-12-04T20:42:11.342+0500] {dagbag.py:545} INFO - Filling up the DagBag from /Library/Frameworks/Python.framework/Versions/3.11/lib/python3.11/site-packages/airflow/example_dags/example_sensor_decorator.py
[2025-12-04T20:42:11.387+0500] {processor.py:840} INFO - DAG(s) 'example_sensor_decorator' retrieved from /Library/Frameworks/Python.framework/Versions/3.11/lib/python3.11/site-packages/airflow/example_dags/example_sensor_decorator.py
[2025-12-04T20:42:11.529+0500] {logging_mixin.py:188} INFO - [2025-12-04T20:42:11.529+0500] {dag.py:3089} INFO - Sync 1 DAGs
[2025-12-04T20:42:11.541+0500] {logging_mixin.py:188} INFO - [2025-12-04T20:42:11.540+0500] {dag.py:3947} INFO - Setting next_dagrun for example_sensor_decorator to None, run_after=None
[2025-12-04T20:42:11.562+0500] {processor.py:183} INFO - Processing /Library/Frameworks/Python.framework/Versions/3.11/lib/python3.11/site-packages/airflow/example_dags/example_sensor_decorator.py took 0.228 seconds
[2025-12-04T20:45:10.429+0500] {processor.py:161} INFO - Started process (PID=15787) to work on /Library/Frameworks/Python.framework/Versions/3.11/lib/python3.11/site-packages/airflow/example_dags/example_sensor_decorator.py
[2025-12-04T20:45:10.430+0500] {processor.py:830} INFO - Processing file /Library/Frameworks/Python.framework/Versions/3.11/lib/python3.11/site-packages/airflow/example_dags/example_sensor_decorator.py for tasks to queue
[2025-12-04T20:45:10.431+0500] {logging_mixin.py:188} INFO - [2025-12-04T20:45:10.431+0500] {dagbag.py:545} INFO - Filling up the DagBag from /Library/Frameworks/Python.framework/Versions/3.11/lib/python3.11/site-packages/airflow/example_dags/example_sensor_decorator.py
[2025-12-04T20:45:10.479+0500] {processor.py:840} INFO - DAG(s) 'example_sensor_decorator' retrieved from /Library/Frameworks/Python.framework/Versions/3.11/lib/python3.11/site-packages/airflow/example_dags/example_sensor_decorator.py
[2025-12-04T20:45:10.627+0500] {logging_mixin.py:188} INFO - [2025-12-04T20:45:10.627+0500] {dag.py:3089} INFO - Sync 1 DAGs
[2025-12-04T20:45:10.644+0500] {logging_mixin.py:188} INFO - [2025-12-04T20:45:10.644+0500] {dag.py:3947} INFO - Setting next_dagrun for example_sensor_decorator to None, run_after=None
[2025-12-04T20:45:10.677+0500] {processor.py:183} INFO - Processing /Library/Frameworks/Python.framework/Versions/3.11/lib/python3.11/site-packages/airflow/example_dags/example_sensor_decorator.py took 0.252 seconds
[2025-12-04T20:47:39.451+0500] {processor.py:161} INFO - Started process (PID=15864) to work on /Library/Frameworks/Python.framework/Versions/3.11/lib/python3.11/site-packages/airflow/example_dags/example_sensor_decorator.py
[2025-12-04T20:47:39.452+0500] {processor.py:830} INFO - Processing file /Library/Frameworks/Python.framework/Versions/3.11/lib/python3.11/site-packages/airflow/example_dags/example_sensor_decorator.py for tasks to queue
[2025-12-04T20:47:39.453+0500] {logging_mixin.py:188} INFO - [2025-12-04T20:47:39.453+0500] {dagbag.py:545} INFO - Filling up the DagBag from /Library/Frameworks/Python.framework/Versions/3.11/lib/python3.11/site-packages/airflow/example_dags/example_sensor_decorator.py
[2025-12-04T20:47:39.492+0500] {processor.py:840} INFO - DAG(s) 'example_sensor_decorator' retrieved from /Library/Frameworks/Python.framework/Versions/3.11/lib/python3.11/site-packages/airflow/example_dags/example_sensor_decorator.py
[2025-12-04T20:47:39.615+0500] {logging_mixin.py:188} INFO - [2025-12-04T20:47:39.615+0500] {dag.py:3089} INFO - Sync 1 DAGs
[2025-12-04T20:47:39.626+0500] {logging_mixin.py:188} INFO - [2025-12-04T20:47:39.626+0500] {dag.py:3947} INFO - Setting next_dagrun for example_sensor_decorator to None, run_after=None
[2025-12-04T20:47:39.648+0500] {processor.py:183} INFO - Processing /Library/Frameworks/Python.framework/Versions/3.11/lib/python3.11/site-packages/airflow/example_dags/example_sensor_decorator.py took 0.200 seconds
