[2025-12-04T18:18:26.422+0500] {processor.py:161} INFO - Started process (PID=11685) to work on /Library/Frameworks/Python.framework/Versions/3.11/lib/python3.11/site-packages/airflow/example_dags/example_xcomargs.py
[2025-12-04T18:18:26.424+0500] {processor.py:830} INFO - Processing file /Library/Frameworks/Python.framework/Versions/3.11/lib/python3.11/site-packages/airflow/example_dags/example_xcomargs.py for tasks to queue
[2025-12-04T18:18:26.425+0500] {logging_mixin.py:188} INFO - [2025-12-04T18:18:26.425+0500] {dagbag.py:545} INFO - Filling up the DagBag from /Library/Frameworks/Python.framework/Versions/3.11/lib/python3.11/site-packages/airflow/example_dags/example_xcomargs.py
[2025-12-04T18:18:26.464+0500] {processor.py:840} INFO - DAG(s) 'example_xcom_args_with_operators', 'example_xcom_args' retrieved from /Library/Frameworks/Python.framework/Versions/3.11/lib/python3.11/site-packages/airflow/example_dags/example_xcomargs.py
[2025-12-04T18:18:26.733+0500] {logging_mixin.py:188} INFO - [2025-12-04T18:18:26.733+0500] {override.py:1858} INFO - Created Permission View: can edit on DAG:example_xcom_args_with_operators
[2025-12-04T18:18:26.744+0500] {logging_mixin.py:188} INFO - [2025-12-04T18:18:26.743+0500] {override.py:1858} INFO - Created Permission View: can delete on DAG:example_xcom_args_with_operators
[2025-12-04T18:18:26.751+0500] {logging_mixin.py:188} INFO - [2025-12-04T18:18:26.751+0500] {override.py:1858} INFO - Created Permission View: can read on DAG:example_xcom_args_with_operators
[2025-12-04T18:18:26.768+0500] {logging_mixin.py:188} INFO - [2025-12-04T18:18:26.768+0500] {override.py:1858} INFO - Created Permission View: can edit on DAG:example_xcom_args
[2025-12-04T18:18:26.778+0500] {logging_mixin.py:188} INFO - [2025-12-04T18:18:26.778+0500] {override.py:1858} INFO - Created Permission View: can delete on DAG:example_xcom_args
[2025-12-04T18:18:26.788+0500] {logging_mixin.py:188} INFO - [2025-12-04T18:18:26.788+0500] {override.py:1858} INFO - Created Permission View: can read on DAG:example_xcom_args
[2025-12-04T18:18:26.789+0500] {logging_mixin.py:188} INFO - [2025-12-04T18:18:26.789+0500] {dag.py:3089} INFO - Sync 2 DAGs
[2025-12-04T18:18:26.799+0500] {logging_mixin.py:188} INFO - [2025-12-04T18:18:26.799+0500] {dag.py:3111} INFO - Creating ORM DAG for example_xcom_args
[2025-12-04T18:18:26.799+0500] {logging_mixin.py:188} INFO - [2025-12-04T18:18:26.799+0500] {dag.py:3111} INFO - Creating ORM DAG for example_xcom_args_with_operators
[2025-12-04T18:18:26.800+0500] {logging_mixin.py:188} INFO - [2025-12-04T18:18:26.800+0500] {dag.py:3947} INFO - Setting next_dagrun for example_xcom_args to None, run_after=None
[2025-12-04T18:18:26.800+0500] {logging_mixin.py:188} INFO - [2025-12-04T18:18:26.800+0500] {dag.py:3947} INFO - Setting next_dagrun for example_xcom_args_with_operators to None, run_after=None
[2025-12-04T18:18:26.820+0500] {processor.py:183} INFO - Processing /Library/Frameworks/Python.framework/Versions/3.11/lib/python3.11/site-packages/airflow/example_dags/example_xcomargs.py took 0.401 seconds
[2025-12-04T18:21:20.049+0500] {processor.py:161} INFO - Started process (PID=11775) to work on /Library/Frameworks/Python.framework/Versions/3.11/lib/python3.11/site-packages/airflow/example_dags/example_xcomargs.py
[2025-12-04T18:21:20.051+0500] {processor.py:830} INFO - Processing file /Library/Frameworks/Python.framework/Versions/3.11/lib/python3.11/site-packages/airflow/example_dags/example_xcomargs.py for tasks to queue
[2025-12-04T18:21:20.052+0500] {logging_mixin.py:188} INFO - [2025-12-04T18:21:20.052+0500] {dagbag.py:545} INFO - Filling up the DagBag from /Library/Frameworks/Python.framework/Versions/3.11/lib/python3.11/site-packages/airflow/example_dags/example_xcomargs.py
[2025-12-04T18:21:20.099+0500] {processor.py:840} INFO - DAG(s) 'example_xcom_args_with_operators', 'example_xcom_args' retrieved from /Library/Frameworks/Python.framework/Versions/3.11/lib/python3.11/site-packages/airflow/example_dags/example_xcomargs.py
[2025-12-04T18:21:20.211+0500] {logging_mixin.py:188} INFO - [2025-12-04T18:21:20.211+0500] {dag.py:3089} INFO - Sync 2 DAGs
[2025-12-04T18:21:20.223+0500] {logging_mixin.py:188} INFO - [2025-12-04T18:21:20.223+0500] {dag.py:3947} INFO - Setting next_dagrun for example_xcom_args to None, run_after=None
[2025-12-04T18:21:20.227+0500] {logging_mixin.py:188} INFO - [2025-12-04T18:21:20.227+0500] {dag.py:3947} INFO - Setting next_dagrun for example_xcom_args_with_operators to None, run_after=None
[2025-12-04T18:21:20.246+0500] {processor.py:183} INFO - Processing /Library/Frameworks/Python.framework/Versions/3.11/lib/python3.11/site-packages/airflow/example_dags/example_xcomargs.py took 0.200 seconds
[2025-12-04T18:23:25.922+0500] {processor.py:161} INFO - Started process (PID=11864) to work on /Library/Frameworks/Python.framework/Versions/3.11/lib/python3.11/site-packages/airflow/example_dags/example_xcomargs.py
[2025-12-04T18:23:25.924+0500] {processor.py:830} INFO - Processing file /Library/Frameworks/Python.framework/Versions/3.11/lib/python3.11/site-packages/airflow/example_dags/example_xcomargs.py for tasks to queue
[2025-12-04T18:23:25.925+0500] {logging_mixin.py:188} INFO - [2025-12-04T18:23:25.925+0500] {dagbag.py:545} INFO - Filling up the DagBag from /Library/Frameworks/Python.framework/Versions/3.11/lib/python3.11/site-packages/airflow/example_dags/example_xcomargs.py
[2025-12-04T18:23:25.970+0500] {processor.py:840} INFO - DAG(s) 'example_xcom_args_with_operators', 'example_xcom_args' retrieved from /Library/Frameworks/Python.framework/Versions/3.11/lib/python3.11/site-packages/airflow/example_dags/example_xcomargs.py
[2025-12-04T18:23:26.082+0500] {logging_mixin.py:188} INFO - [2025-12-04T18:23:26.082+0500] {dag.py:3089} INFO - Sync 2 DAGs
[2025-12-04T18:23:26.093+0500] {logging_mixin.py:188} INFO - [2025-12-04T18:23:26.093+0500] {dag.py:3947} INFO - Setting next_dagrun for example_xcom_args to None, run_after=None
[2025-12-04T18:23:26.096+0500] {logging_mixin.py:188} INFO - [2025-12-04T18:23:26.096+0500] {dag.py:3947} INFO - Setting next_dagrun for example_xcom_args_with_operators to None, run_after=None
[2025-12-04T18:23:26.116+0500] {processor.py:183} INFO - Processing /Library/Frameworks/Python.framework/Versions/3.11/lib/python3.11/site-packages/airflow/example_dags/example_xcomargs.py took 0.197 seconds
[2025-12-04T18:25:28.844+0500] {processor.py:161} INFO - Started process (PID=11964) to work on /Library/Frameworks/Python.framework/Versions/3.11/lib/python3.11/site-packages/airflow/example_dags/example_xcomargs.py
[2025-12-04T18:25:28.846+0500] {processor.py:830} INFO - Processing file /Library/Frameworks/Python.framework/Versions/3.11/lib/python3.11/site-packages/airflow/example_dags/example_xcomargs.py for tasks to queue
[2025-12-04T18:25:28.847+0500] {logging_mixin.py:188} INFO - [2025-12-04T18:25:28.846+0500] {dagbag.py:545} INFO - Filling up the DagBag from /Library/Frameworks/Python.framework/Versions/3.11/lib/python3.11/site-packages/airflow/example_dags/example_xcomargs.py
[2025-12-04T18:25:28.890+0500] {processor.py:840} INFO - DAG(s) 'example_xcom_args', 'example_xcom_args_with_operators' retrieved from /Library/Frameworks/Python.framework/Versions/3.11/lib/python3.11/site-packages/airflow/example_dags/example_xcomargs.py
[2025-12-04T18:25:29.012+0500] {logging_mixin.py:188} INFO - [2025-12-04T18:25:29.012+0500] {dag.py:3089} INFO - Sync 2 DAGs
[2025-12-04T18:25:29.028+0500] {logging_mixin.py:188} INFO - [2025-12-04T18:25:29.027+0500] {dag.py:3947} INFO - Setting next_dagrun for example_xcom_args to None, run_after=None
[2025-12-04T18:25:29.031+0500] {logging_mixin.py:188} INFO - [2025-12-04T18:25:29.031+0500] {dag.py:3947} INFO - Setting next_dagrun for example_xcom_args_with_operators to None, run_after=None
[2025-12-04T18:25:29.050+0500] {processor.py:183} INFO - Processing /Library/Frameworks/Python.framework/Versions/3.11/lib/python3.11/site-packages/airflow/example_dags/example_xcomargs.py took 0.210 seconds
[2025-12-04T18:27:39.299+0500] {processor.py:161} INFO - Started process (PID=12065) to work on /Library/Frameworks/Python.framework/Versions/3.11/lib/python3.11/site-packages/airflow/example_dags/example_xcomargs.py
[2025-12-04T18:27:39.301+0500] {processor.py:830} INFO - Processing file /Library/Frameworks/Python.framework/Versions/3.11/lib/python3.11/site-packages/airflow/example_dags/example_xcomargs.py for tasks to queue
[2025-12-04T18:27:39.302+0500] {logging_mixin.py:188} INFO - [2025-12-04T18:27:39.302+0500] {dagbag.py:545} INFO - Filling up the DagBag from /Library/Frameworks/Python.framework/Versions/3.11/lib/python3.11/site-packages/airflow/example_dags/example_xcomargs.py
[2025-12-04T18:27:39.348+0500] {processor.py:840} INFO - DAG(s) 'example_xcom_args', 'example_xcom_args_with_operators' retrieved from /Library/Frameworks/Python.framework/Versions/3.11/lib/python3.11/site-packages/airflow/example_dags/example_xcomargs.py
[2025-12-04T18:27:39.470+0500] {logging_mixin.py:188} INFO - [2025-12-04T18:27:39.469+0500] {dag.py:3089} INFO - Sync 2 DAGs
[2025-12-04T18:27:39.482+0500] {logging_mixin.py:188} INFO - [2025-12-04T18:27:39.482+0500] {dag.py:3947} INFO - Setting next_dagrun for example_xcom_args to None, run_after=None
[2025-12-04T18:27:39.487+0500] {logging_mixin.py:188} INFO - [2025-12-04T18:27:39.486+0500] {dag.py:3947} INFO - Setting next_dagrun for example_xcom_args_with_operators to None, run_after=None
[2025-12-04T18:27:39.515+0500] {processor.py:183} INFO - Processing /Library/Frameworks/Python.framework/Versions/3.11/lib/python3.11/site-packages/airflow/example_dags/example_xcomargs.py took 0.219 seconds
[2025-12-04T18:30:08.040+0500] {processor.py:161} INFO - Started process (PID=12179) to work on /Library/Frameworks/Python.framework/Versions/3.11/lib/python3.11/site-packages/airflow/example_dags/example_xcomargs.py
[2025-12-04T18:30:08.041+0500] {processor.py:830} INFO - Processing file /Library/Frameworks/Python.framework/Versions/3.11/lib/python3.11/site-packages/airflow/example_dags/example_xcomargs.py for tasks to queue
[2025-12-04T18:30:08.042+0500] {logging_mixin.py:188} INFO - [2025-12-04T18:30:08.042+0500] {dagbag.py:545} INFO - Filling up the DagBag from /Library/Frameworks/Python.framework/Versions/3.11/lib/python3.11/site-packages/airflow/example_dags/example_xcomargs.py
[2025-12-04T18:30:08.092+0500] {processor.py:840} INFO - DAG(s) 'example_xcom_args_with_operators', 'example_xcom_args' retrieved from /Library/Frameworks/Python.framework/Versions/3.11/lib/python3.11/site-packages/airflow/example_dags/example_xcomargs.py
[2025-12-04T18:30:08.222+0500] {logging_mixin.py:188} INFO - [2025-12-04T18:30:08.222+0500] {dag.py:3089} INFO - Sync 2 DAGs
[2025-12-04T18:30:08.235+0500] {logging_mixin.py:188} INFO - [2025-12-04T18:30:08.235+0500] {dag.py:3947} INFO - Setting next_dagrun for example_xcom_args to None, run_after=None
[2025-12-04T18:30:08.239+0500] {logging_mixin.py:188} INFO - [2025-12-04T18:30:08.239+0500] {dag.py:3947} INFO - Setting next_dagrun for example_xcom_args_with_operators to None, run_after=None
[2025-12-04T18:30:08.260+0500] {processor.py:183} INFO - Processing /Library/Frameworks/Python.framework/Versions/3.11/lib/python3.11/site-packages/airflow/example_dags/example_xcomargs.py took 0.223 seconds
[2025-12-04T18:32:38.361+0500] {processor.py:161} INFO - Started process (PID=12282) to work on /Library/Frameworks/Python.framework/Versions/3.11/lib/python3.11/site-packages/airflow/example_dags/example_xcomargs.py
[2025-12-04T18:32:38.363+0500] {processor.py:830} INFO - Processing file /Library/Frameworks/Python.framework/Versions/3.11/lib/python3.11/site-packages/airflow/example_dags/example_xcomargs.py for tasks to queue
[2025-12-04T18:32:38.364+0500] {logging_mixin.py:188} INFO - [2025-12-04T18:32:38.364+0500] {dagbag.py:545} INFO - Filling up the DagBag from /Library/Frameworks/Python.framework/Versions/3.11/lib/python3.11/site-packages/airflow/example_dags/example_xcomargs.py
[2025-12-04T18:32:38.406+0500] {processor.py:840} INFO - DAG(s) 'example_xcom_args', 'example_xcom_args_with_operators' retrieved from /Library/Frameworks/Python.framework/Versions/3.11/lib/python3.11/site-packages/airflow/example_dags/example_xcomargs.py
[2025-12-04T18:32:38.529+0500] {logging_mixin.py:188} INFO - [2025-12-04T18:32:38.529+0500] {dag.py:3089} INFO - Sync 2 DAGs
[2025-12-04T18:32:38.541+0500] {logging_mixin.py:188} INFO - [2025-12-04T18:32:38.541+0500] {dag.py:3947} INFO - Setting next_dagrun for example_xcom_args to None, run_after=None
[2025-12-04T18:32:38.546+0500] {logging_mixin.py:188} INFO - [2025-12-04T18:32:38.546+0500] {dag.py:3947} INFO - Setting next_dagrun for example_xcom_args_with_operators to None, run_after=None
[2025-12-04T18:32:38.567+0500] {processor.py:183} INFO - Processing /Library/Frameworks/Python.framework/Versions/3.11/lib/python3.11/site-packages/airflow/example_dags/example_xcomargs.py took 0.209 seconds
[2025-12-04T18:34:55.549+0500] {processor.py:161} INFO - Started process (PID=12402) to work on /Library/Frameworks/Python.framework/Versions/3.11/lib/python3.11/site-packages/airflow/example_dags/example_xcomargs.py
[2025-12-04T18:34:55.551+0500] {processor.py:830} INFO - Processing file /Library/Frameworks/Python.framework/Versions/3.11/lib/python3.11/site-packages/airflow/example_dags/example_xcomargs.py for tasks to queue
[2025-12-04T18:34:55.552+0500] {logging_mixin.py:188} INFO - [2025-12-04T18:34:55.552+0500] {dagbag.py:545} INFO - Filling up the DagBag from /Library/Frameworks/Python.framework/Versions/3.11/lib/python3.11/site-packages/airflow/example_dags/example_xcomargs.py
[2025-12-04T18:34:55.595+0500] {processor.py:840} INFO - DAG(s) 'example_xcom_args_with_operators', 'example_xcom_args' retrieved from /Library/Frameworks/Python.framework/Versions/3.11/lib/python3.11/site-packages/airflow/example_dags/example_xcomargs.py
[2025-12-04T18:34:55.704+0500] {logging_mixin.py:188} INFO - [2025-12-04T18:34:55.704+0500] {dag.py:3089} INFO - Sync 2 DAGs
[2025-12-04T18:34:55.715+0500] {logging_mixin.py:188} INFO - [2025-12-04T18:34:55.714+0500] {dag.py:3947} INFO - Setting next_dagrun for example_xcom_args to None, run_after=None
[2025-12-04T18:34:55.718+0500] {logging_mixin.py:188} INFO - [2025-12-04T18:34:55.717+0500] {dag.py:3947} INFO - Setting next_dagrun for example_xcom_args_with_operators to None, run_after=None
[2025-12-04T18:34:55.736+0500] {processor.py:183} INFO - Processing /Library/Frameworks/Python.framework/Versions/3.11/lib/python3.11/site-packages/airflow/example_dags/example_xcomargs.py took 0.189 seconds
[2025-12-04T18:36:55.328+0500] {processor.py:161} INFO - Started process (PID=12468) to work on /Library/Frameworks/Python.framework/Versions/3.11/lib/python3.11/site-packages/airflow/example_dags/example_xcomargs.py
[2025-12-04T18:36:55.330+0500] {processor.py:830} INFO - Processing file /Library/Frameworks/Python.framework/Versions/3.11/lib/python3.11/site-packages/airflow/example_dags/example_xcomargs.py for tasks to queue
[2025-12-04T18:36:55.331+0500] {logging_mixin.py:188} INFO - [2025-12-04T18:36:55.331+0500] {dagbag.py:545} INFO - Filling up the DagBag from /Library/Frameworks/Python.framework/Versions/3.11/lib/python3.11/site-packages/airflow/example_dags/example_xcomargs.py
[2025-12-04T18:36:55.373+0500] {processor.py:840} INFO - DAG(s) 'example_xcom_args', 'example_xcom_args_with_operators' retrieved from /Library/Frameworks/Python.framework/Versions/3.11/lib/python3.11/site-packages/airflow/example_dags/example_xcomargs.py
[2025-12-04T18:36:55.484+0500] {logging_mixin.py:188} INFO - [2025-12-04T18:36:55.484+0500] {dag.py:3089} INFO - Sync 2 DAGs
[2025-12-04T18:36:55.495+0500] {logging_mixin.py:188} INFO - [2025-12-04T18:36:55.495+0500] {dag.py:3947} INFO - Setting next_dagrun for example_xcom_args to None, run_after=None
[2025-12-04T18:36:55.498+0500] {logging_mixin.py:188} INFO - [2025-12-04T18:36:55.498+0500] {dag.py:3947} INFO - Setting next_dagrun for example_xcom_args_with_operators to None, run_after=None
[2025-12-04T18:36:55.516+0500] {processor.py:183} INFO - Processing /Library/Frameworks/Python.framework/Versions/3.11/lib/python3.11/site-packages/airflow/example_dags/example_xcomargs.py took 0.191 seconds
[2025-12-04T18:38:46.689+0500] {processor.py:161} INFO - Started process (PID=12534) to work on /Library/Frameworks/Python.framework/Versions/3.11/lib/python3.11/site-packages/airflow/example_dags/example_xcomargs.py
[2025-12-04T18:38:46.692+0500] {processor.py:830} INFO - Processing file /Library/Frameworks/Python.framework/Versions/3.11/lib/python3.11/site-packages/airflow/example_dags/example_xcomargs.py for tasks to queue
[2025-12-04T18:38:46.693+0500] {logging_mixin.py:188} INFO - [2025-12-04T18:38:46.692+0500] {dagbag.py:545} INFO - Filling up the DagBag from /Library/Frameworks/Python.framework/Versions/3.11/lib/python3.11/site-packages/airflow/example_dags/example_xcomargs.py
[2025-12-04T18:38:46.732+0500] {processor.py:840} INFO - DAG(s) 'example_xcom_args_with_operators', 'example_xcom_args' retrieved from /Library/Frameworks/Python.framework/Versions/3.11/lib/python3.11/site-packages/airflow/example_dags/example_xcomargs.py
[2025-12-04T18:38:46.844+0500] {logging_mixin.py:188} INFO - [2025-12-04T18:38:46.844+0500] {dag.py:3089} INFO - Sync 2 DAGs
[2025-12-04T18:38:46.855+0500] {logging_mixin.py:188} INFO - [2025-12-04T18:38:46.855+0500] {dag.py:3947} INFO - Setting next_dagrun for example_xcom_args to None, run_after=None
[2025-12-04T18:38:46.858+0500] {logging_mixin.py:188} INFO - [2025-12-04T18:38:46.858+0500] {dag.py:3947} INFO - Setting next_dagrun for example_xcom_args_with_operators to None, run_after=None
[2025-12-04T18:38:46.877+0500] {processor.py:183} INFO - Processing /Library/Frameworks/Python.framework/Versions/3.11/lib/python3.11/site-packages/airflow/example_dags/example_xcomargs.py took 0.191 seconds
[2025-12-04T18:40:46.881+0500] {processor.py:161} INFO - Started process (PID=12621) to work on /Library/Frameworks/Python.framework/Versions/3.11/lib/python3.11/site-packages/airflow/example_dags/example_xcomargs.py
[2025-12-04T18:40:46.883+0500] {processor.py:830} INFO - Processing file /Library/Frameworks/Python.framework/Versions/3.11/lib/python3.11/site-packages/airflow/example_dags/example_xcomargs.py for tasks to queue
[2025-12-04T18:40:46.884+0500] {logging_mixin.py:188} INFO - [2025-12-04T18:40:46.884+0500] {dagbag.py:545} INFO - Filling up the DagBag from /Library/Frameworks/Python.framework/Versions/3.11/lib/python3.11/site-packages/airflow/example_dags/example_xcomargs.py
[2025-12-04T18:40:46.931+0500] {processor.py:840} INFO - DAG(s) 'example_xcom_args_with_operators', 'example_xcom_args' retrieved from /Library/Frameworks/Python.framework/Versions/3.11/lib/python3.11/site-packages/airflow/example_dags/example_xcomargs.py
[2025-12-04T18:40:47.053+0500] {logging_mixin.py:188} INFO - [2025-12-04T18:40:47.053+0500] {dag.py:3089} INFO - Sync 2 DAGs
[2025-12-04T18:40:47.065+0500] {logging_mixin.py:188} INFO - [2025-12-04T18:40:47.065+0500] {dag.py:3947} INFO - Setting next_dagrun for example_xcom_args to None, run_after=None
[2025-12-04T18:40:47.068+0500] {logging_mixin.py:188} INFO - [2025-12-04T18:40:47.068+0500] {dag.py:3947} INFO - Setting next_dagrun for example_xcom_args_with_operators to None, run_after=None
[2025-12-04T18:40:47.088+0500] {processor.py:183} INFO - Processing /Library/Frameworks/Python.framework/Versions/3.11/lib/python3.11/site-packages/airflow/example_dags/example_xcomargs.py took 0.210 seconds
[2025-12-04T18:42:58.027+0500] {processor.py:161} INFO - Started process (PID=12707) to work on /Library/Frameworks/Python.framework/Versions/3.11/lib/python3.11/site-packages/airflow/example_dags/example_xcomargs.py
[2025-12-04T18:42:58.030+0500] {processor.py:830} INFO - Processing file /Library/Frameworks/Python.framework/Versions/3.11/lib/python3.11/site-packages/airflow/example_dags/example_xcomargs.py for tasks to queue
[2025-12-04T18:42:58.031+0500] {logging_mixin.py:188} INFO - [2025-12-04T18:42:58.031+0500] {dagbag.py:545} INFO - Filling up the DagBag from /Library/Frameworks/Python.framework/Versions/3.11/lib/python3.11/site-packages/airflow/example_dags/example_xcomargs.py
[2025-12-04T18:42:58.090+0500] {processor.py:840} INFO - DAG(s) 'example_xcom_args', 'example_xcom_args_with_operators' retrieved from /Library/Frameworks/Python.framework/Versions/3.11/lib/python3.11/site-packages/airflow/example_dags/example_xcomargs.py
[2025-12-04T18:42:58.264+0500] {logging_mixin.py:188} INFO - [2025-12-04T18:42:58.264+0500] {dag.py:3089} INFO - Sync 2 DAGs
[2025-12-04T18:42:58.281+0500] {logging_mixin.py:188} INFO - [2025-12-04T18:42:58.281+0500] {dag.py:3947} INFO - Setting next_dagrun for example_xcom_args to None, run_after=None
[2025-12-04T18:42:58.287+0500] {logging_mixin.py:188} INFO - [2025-12-04T18:42:58.286+0500] {dag.py:3947} INFO - Setting next_dagrun for example_xcom_args_with_operators to None, run_after=None
[2025-12-04T18:42:58.314+0500] {processor.py:183} INFO - Processing /Library/Frameworks/Python.framework/Versions/3.11/lib/python3.11/site-packages/airflow/example_dags/example_xcomargs.py took 0.290 seconds
[2025-12-04T18:45:08.102+0500] {processor.py:161} INFO - Started process (PID=12797) to work on /Library/Frameworks/Python.framework/Versions/3.11/lib/python3.11/site-packages/airflow/example_dags/example_xcomargs.py
[2025-12-04T18:45:08.104+0500] {processor.py:830} INFO - Processing file /Library/Frameworks/Python.framework/Versions/3.11/lib/python3.11/site-packages/airflow/example_dags/example_xcomargs.py for tasks to queue
[2025-12-04T18:45:08.105+0500] {logging_mixin.py:188} INFO - [2025-12-04T18:45:08.105+0500] {dagbag.py:545} INFO - Filling up the DagBag from /Library/Frameworks/Python.framework/Versions/3.11/lib/python3.11/site-packages/airflow/example_dags/example_xcomargs.py
[2025-12-04T18:45:08.144+0500] {processor.py:840} INFO - DAG(s) 'example_xcom_args', 'example_xcom_args_with_operators' retrieved from /Library/Frameworks/Python.framework/Versions/3.11/lib/python3.11/site-packages/airflow/example_dags/example_xcomargs.py
[2025-12-04T18:45:08.255+0500] {logging_mixin.py:188} INFO - [2025-12-04T18:45:08.254+0500] {dag.py:3089} INFO - Sync 2 DAGs
[2025-12-04T18:45:08.265+0500] {logging_mixin.py:188} INFO - [2025-12-04T18:45:08.265+0500] {dag.py:3947} INFO - Setting next_dagrun for example_xcom_args to None, run_after=None
[2025-12-04T18:45:08.268+0500] {logging_mixin.py:188} INFO - [2025-12-04T18:45:08.268+0500] {dag.py:3947} INFO - Setting next_dagrun for example_xcom_args_with_operators to None, run_after=None
[2025-12-04T18:45:08.286+0500] {processor.py:183} INFO - Processing /Library/Frameworks/Python.framework/Versions/3.11/lib/python3.11/site-packages/airflow/example_dags/example_xcomargs.py took 0.187 seconds
[2025-12-04T18:47:06.713+0500] {processor.py:161} INFO - Started process (PID=12880) to work on /Library/Frameworks/Python.framework/Versions/3.11/lib/python3.11/site-packages/airflow/example_dags/example_xcomargs.py
[2025-12-04T18:47:06.715+0500] {processor.py:830} INFO - Processing file /Library/Frameworks/Python.framework/Versions/3.11/lib/python3.11/site-packages/airflow/example_dags/example_xcomargs.py for tasks to queue
[2025-12-04T18:47:06.717+0500] {logging_mixin.py:188} INFO - [2025-12-04T18:47:06.716+0500] {dagbag.py:545} INFO - Filling up the DagBag from /Library/Frameworks/Python.framework/Versions/3.11/lib/python3.11/site-packages/airflow/example_dags/example_xcomargs.py
[2025-12-04T18:47:06.763+0500] {processor.py:840} INFO - DAG(s) 'example_xcom_args', 'example_xcom_args_with_operators' retrieved from /Library/Frameworks/Python.framework/Versions/3.11/lib/python3.11/site-packages/airflow/example_dags/example_xcomargs.py
[2025-12-04T18:47:06.873+0500] {logging_mixin.py:188} INFO - [2025-12-04T18:47:06.873+0500] {dag.py:3089} INFO - Sync 2 DAGs
[2025-12-04T18:47:06.884+0500] {logging_mixin.py:188} INFO - [2025-12-04T18:47:06.884+0500] {dag.py:3947} INFO - Setting next_dagrun for example_xcom_args to None, run_after=None
[2025-12-04T18:47:06.887+0500] {logging_mixin.py:188} INFO - [2025-12-04T18:47:06.887+0500] {dag.py:3947} INFO - Setting next_dagrun for example_xcom_args_with_operators to None, run_after=None
[2025-12-04T18:47:06.905+0500] {processor.py:183} INFO - Processing /Library/Frameworks/Python.framework/Versions/3.11/lib/python3.11/site-packages/airflow/example_dags/example_xcomargs.py took 0.195 seconds
[2025-12-04T18:49:14.677+0500] {processor.py:161} INFO - Started process (PID=12949) to work on /Library/Frameworks/Python.framework/Versions/3.11/lib/python3.11/site-packages/airflow/example_dags/example_xcomargs.py
[2025-12-04T18:49:14.680+0500] {processor.py:830} INFO - Processing file /Library/Frameworks/Python.framework/Versions/3.11/lib/python3.11/site-packages/airflow/example_dags/example_xcomargs.py for tasks to queue
[2025-12-04T18:49:14.681+0500] {logging_mixin.py:188} INFO - [2025-12-04T18:49:14.681+0500] {dagbag.py:545} INFO - Filling up the DagBag from /Library/Frameworks/Python.framework/Versions/3.11/lib/python3.11/site-packages/airflow/example_dags/example_xcomargs.py
[2025-12-04T18:49:14.727+0500] {processor.py:840} INFO - DAG(s) 'example_xcom_args', 'example_xcom_args_with_operators' retrieved from /Library/Frameworks/Python.framework/Versions/3.11/lib/python3.11/site-packages/airflow/example_dags/example_xcomargs.py
[2025-12-04T18:49:14.868+0500] {logging_mixin.py:188} INFO - [2025-12-04T18:49:14.868+0500] {dag.py:3089} INFO - Sync 2 DAGs
[2025-12-04T18:49:14.879+0500] {logging_mixin.py:188} INFO - [2025-12-04T18:49:14.879+0500] {dag.py:3947} INFO - Setting next_dagrun for example_xcom_args to None, run_after=None
[2025-12-04T18:49:14.882+0500] {logging_mixin.py:188} INFO - [2025-12-04T18:49:14.882+0500] {dag.py:3947} INFO - Setting next_dagrun for example_xcom_args_with_operators to None, run_after=None
[2025-12-04T18:49:14.902+0500] {processor.py:183} INFO - Processing /Library/Frameworks/Python.framework/Versions/3.11/lib/python3.11/site-packages/airflow/example_dags/example_xcomargs.py took 0.228 seconds
[2025-12-04T18:51:31.670+0500] {processor.py:161} INFO - Started process (PID=13030) to work on /Library/Frameworks/Python.framework/Versions/3.11/lib/python3.11/site-packages/airflow/example_dags/example_xcomargs.py
[2025-12-04T18:51:31.672+0500] {processor.py:830} INFO - Processing file /Library/Frameworks/Python.framework/Versions/3.11/lib/python3.11/site-packages/airflow/example_dags/example_xcomargs.py for tasks to queue
[2025-12-04T18:51:31.673+0500] {logging_mixin.py:188} INFO - [2025-12-04T18:51:31.673+0500] {dagbag.py:545} INFO - Filling up the DagBag from /Library/Frameworks/Python.framework/Versions/3.11/lib/python3.11/site-packages/airflow/example_dags/example_xcomargs.py
[2025-12-04T18:51:31.713+0500] {processor.py:840} INFO - DAG(s) 'example_xcom_args_with_operators', 'example_xcom_args' retrieved from /Library/Frameworks/Python.framework/Versions/3.11/lib/python3.11/site-packages/airflow/example_dags/example_xcomargs.py
[2025-12-04T18:51:31.826+0500] {logging_mixin.py:188} INFO - [2025-12-04T18:51:31.826+0500] {dag.py:3089} INFO - Sync 2 DAGs
[2025-12-04T18:51:31.837+0500] {logging_mixin.py:188} INFO - [2025-12-04T18:51:31.837+0500] {dag.py:3947} INFO - Setting next_dagrun for example_xcom_args to None, run_after=None
[2025-12-04T18:51:31.840+0500] {logging_mixin.py:188} INFO - [2025-12-04T18:51:31.840+0500] {dag.py:3947} INFO - Setting next_dagrun for example_xcom_args_with_operators to None, run_after=None
[2025-12-04T18:51:31.860+0500] {processor.py:183} INFO - Processing /Library/Frameworks/Python.framework/Versions/3.11/lib/python3.11/site-packages/airflow/example_dags/example_xcomargs.py took 0.194 seconds
[2025-12-04T18:53:46.622+0500] {processor.py:161} INFO - Started process (PID=13121) to work on /Library/Frameworks/Python.framework/Versions/3.11/lib/python3.11/site-packages/airflow/example_dags/example_xcomargs.py
[2025-12-04T18:53:46.624+0500] {processor.py:830} INFO - Processing file /Library/Frameworks/Python.framework/Versions/3.11/lib/python3.11/site-packages/airflow/example_dags/example_xcomargs.py for tasks to queue
[2025-12-04T18:53:46.625+0500] {logging_mixin.py:188} INFO - [2025-12-04T18:53:46.625+0500] {dagbag.py:545} INFO - Filling up the DagBag from /Library/Frameworks/Python.framework/Versions/3.11/lib/python3.11/site-packages/airflow/example_dags/example_xcomargs.py
[2025-12-04T18:53:46.668+0500] {processor.py:840} INFO - DAG(s) 'example_xcom_args_with_operators', 'example_xcom_args' retrieved from /Library/Frameworks/Python.framework/Versions/3.11/lib/python3.11/site-packages/airflow/example_dags/example_xcomargs.py
[2025-12-04T18:53:46.795+0500] {logging_mixin.py:188} INFO - [2025-12-04T18:53:46.795+0500] {dag.py:3089} INFO - Sync 2 DAGs
[2025-12-04T18:53:46.809+0500] {logging_mixin.py:188} INFO - [2025-12-04T18:53:46.809+0500] {dag.py:3947} INFO - Setting next_dagrun for example_xcom_args to None, run_after=None
[2025-12-04T18:53:46.812+0500] {logging_mixin.py:188} INFO - [2025-12-04T18:53:46.812+0500] {dag.py:3947} INFO - Setting next_dagrun for example_xcom_args_with_operators to None, run_after=None
[2025-12-04T18:53:46.834+0500] {processor.py:183} INFO - Processing /Library/Frameworks/Python.framework/Versions/3.11/lib/python3.11/site-packages/airflow/example_dags/example_xcomargs.py took 0.215 seconds
[2025-12-04T18:56:01.285+0500] {processor.py:161} INFO - Started process (PID=13210) to work on /Library/Frameworks/Python.framework/Versions/3.11/lib/python3.11/site-packages/airflow/example_dags/example_xcomargs.py
[2025-12-04T18:56:01.287+0500] {processor.py:830} INFO - Processing file /Library/Frameworks/Python.framework/Versions/3.11/lib/python3.11/site-packages/airflow/example_dags/example_xcomargs.py for tasks to queue
[2025-12-04T18:56:01.289+0500] {logging_mixin.py:188} INFO - [2025-12-04T18:56:01.288+0500] {dagbag.py:545} INFO - Filling up the DagBag from /Library/Frameworks/Python.framework/Versions/3.11/lib/python3.11/site-packages/airflow/example_dags/example_xcomargs.py
[2025-12-04T18:56:01.333+0500] {processor.py:840} INFO - DAG(s) 'example_xcom_args', 'example_xcom_args_with_operators' retrieved from /Library/Frameworks/Python.framework/Versions/3.11/lib/python3.11/site-packages/airflow/example_dags/example_xcomargs.py
[2025-12-04T18:56:01.462+0500] {logging_mixin.py:188} INFO - [2025-12-04T18:56:01.461+0500] {dag.py:3089} INFO - Sync 2 DAGs
[2025-12-04T18:56:01.473+0500] {logging_mixin.py:188} INFO - [2025-12-04T18:56:01.473+0500] {dag.py:3947} INFO - Setting next_dagrun for example_xcom_args to None, run_after=None
[2025-12-04T18:56:01.477+0500] {logging_mixin.py:188} INFO - [2025-12-04T18:56:01.477+0500] {dag.py:3947} INFO - Setting next_dagrun for example_xcom_args_with_operators to None, run_after=None
[2025-12-04T18:56:01.501+0500] {processor.py:183} INFO - Processing /Library/Frameworks/Python.framework/Versions/3.11/lib/python3.11/site-packages/airflow/example_dags/example_xcomargs.py took 0.220 seconds
[2025-12-04T19:33:12.208+0500] {processor.py:161} INFO - Started process (PID=14553) to work on /Library/Frameworks/Python.framework/Versions/3.11/lib/python3.11/site-packages/airflow/example_dags/example_xcomargs.py
[2025-12-04T19:33:12.211+0500] {processor.py:830} INFO - Processing file /Library/Frameworks/Python.framework/Versions/3.11/lib/python3.11/site-packages/airflow/example_dags/example_xcomargs.py for tasks to queue
[2025-12-04T19:33:12.212+0500] {logging_mixin.py:188} INFO - [2025-12-04T19:33:12.212+0500] {dagbag.py:545} INFO - Filling up the DagBag from /Library/Frameworks/Python.framework/Versions/3.11/lib/python3.11/site-packages/airflow/example_dags/example_xcomargs.py
[2025-12-04T19:33:12.280+0500] {processor.py:840} INFO - DAG(s) 'example_xcom_args', 'example_xcom_args_with_operators' retrieved from /Library/Frameworks/Python.framework/Versions/3.11/lib/python3.11/site-packages/airflow/example_dags/example_xcomargs.py
[2025-12-04T19:33:12.543+0500] {logging_mixin.py:188} INFO - [2025-12-04T19:33:12.541+0500] {dag.py:3089} INFO - Sync 2 DAGs
[2025-12-04T19:33:12.564+0500] {logging_mixin.py:188} INFO - [2025-12-04T19:33:12.563+0500] {dag.py:3947} INFO - Setting next_dagrun for example_xcom_args to None, run_after=None
[2025-12-04T19:33:12.570+0500] {logging_mixin.py:188} INFO - [2025-12-04T19:33:12.570+0500] {dag.py:3947} INFO - Setting next_dagrun for example_xcom_args_with_operators to None, run_after=None
[2025-12-04T19:33:12.601+0500] {processor.py:183} INFO - Processing /Library/Frameworks/Python.framework/Versions/3.11/lib/python3.11/site-packages/airflow/example_dags/example_xcomargs.py took 0.398 seconds
[2025-12-04T19:36:16.288+0500] {processor.py:161} INFO - Started process (PID=14694) to work on /Library/Frameworks/Python.framework/Versions/3.11/lib/python3.11/site-packages/airflow/example_dags/example_xcomargs.py
[2025-12-04T19:36:16.291+0500] {processor.py:830} INFO - Processing file /Library/Frameworks/Python.framework/Versions/3.11/lib/python3.11/site-packages/airflow/example_dags/example_xcomargs.py for tasks to queue
[2025-12-04T19:36:16.292+0500] {logging_mixin.py:188} INFO - [2025-12-04T19:36:16.291+0500] {dagbag.py:545} INFO - Filling up the DagBag from /Library/Frameworks/Python.framework/Versions/3.11/lib/python3.11/site-packages/airflow/example_dags/example_xcomargs.py
[2025-12-04T19:36:16.335+0500] {processor.py:840} INFO - DAG(s) 'example_xcom_args_with_operators', 'example_xcom_args' retrieved from /Library/Frameworks/Python.framework/Versions/3.11/lib/python3.11/site-packages/airflow/example_dags/example_xcomargs.py
[2025-12-04T19:36:16.464+0500] {logging_mixin.py:188} INFO - [2025-12-04T19:36:16.464+0500] {dag.py:3089} INFO - Sync 2 DAGs
[2025-12-04T19:36:16.480+0500] {logging_mixin.py:188} INFO - [2025-12-04T19:36:16.480+0500] {dag.py:3947} INFO - Setting next_dagrun for example_xcom_args to None, run_after=None
[2025-12-04T19:36:16.485+0500] {logging_mixin.py:188} INFO - [2025-12-04T19:36:16.485+0500] {dag.py:3947} INFO - Setting next_dagrun for example_xcom_args_with_operators to None, run_after=None
[2025-12-04T19:36:16.508+0500] {processor.py:183} INFO - Processing /Library/Frameworks/Python.framework/Versions/3.11/lib/python3.11/site-packages/airflow/example_dags/example_xcomargs.py took 0.223 seconds
[2025-12-04T19:38:24.374+0500] {processor.py:161} INFO - Started process (PID=14771) to work on /Library/Frameworks/Python.framework/Versions/3.11/lib/python3.11/site-packages/airflow/example_dags/example_xcomargs.py
[2025-12-04T19:38:24.376+0500] {processor.py:830} INFO - Processing file /Library/Frameworks/Python.framework/Versions/3.11/lib/python3.11/site-packages/airflow/example_dags/example_xcomargs.py for tasks to queue
[2025-12-04T19:38:24.377+0500] {logging_mixin.py:188} INFO - [2025-12-04T19:38:24.377+0500] {dagbag.py:545} INFO - Filling up the DagBag from /Library/Frameworks/Python.framework/Versions/3.11/lib/python3.11/site-packages/airflow/example_dags/example_xcomargs.py
[2025-12-04T19:38:24.415+0500] {processor.py:840} INFO - DAG(s) 'example_xcom_args_with_operators', 'example_xcom_args' retrieved from /Library/Frameworks/Python.framework/Versions/3.11/lib/python3.11/site-packages/airflow/example_dags/example_xcomargs.py
[2025-12-04T19:38:24.525+0500] {logging_mixin.py:188} INFO - [2025-12-04T19:38:24.525+0500] {dag.py:3089} INFO - Sync 2 DAGs
[2025-12-04T19:38:24.536+0500] {logging_mixin.py:188} INFO - [2025-12-04T19:38:24.536+0500] {dag.py:3947} INFO - Setting next_dagrun for example_xcom_args to None, run_after=None
[2025-12-04T19:38:24.539+0500] {logging_mixin.py:188} INFO - [2025-12-04T19:38:24.539+0500] {dag.py:3947} INFO - Setting next_dagrun for example_xcom_args_with_operators to None, run_after=None
[2025-12-04T19:38:24.558+0500] {processor.py:183} INFO - Processing /Library/Frameworks/Python.framework/Versions/3.11/lib/python3.11/site-packages/airflow/example_dags/example_xcomargs.py took 0.186 seconds
[2025-12-04T19:40:29.755+0500] {processor.py:161} INFO - Started process (PID=14853) to work on /Library/Frameworks/Python.framework/Versions/3.11/lib/python3.11/site-packages/airflow/example_dags/example_xcomargs.py
[2025-12-04T19:40:29.759+0500] {processor.py:830} INFO - Processing file /Library/Frameworks/Python.framework/Versions/3.11/lib/python3.11/site-packages/airflow/example_dags/example_xcomargs.py for tasks to queue
[2025-12-04T19:40:29.760+0500] {logging_mixin.py:188} INFO - [2025-12-04T19:40:29.760+0500] {dagbag.py:545} INFO - Filling up the DagBag from /Library/Frameworks/Python.framework/Versions/3.11/lib/python3.11/site-packages/airflow/example_dags/example_xcomargs.py
[2025-12-04T19:40:29.865+0500] {processor.py:840} INFO - DAG(s) 'example_xcom_args', 'example_xcom_args_with_operators' retrieved from /Library/Frameworks/Python.framework/Versions/3.11/lib/python3.11/site-packages/airflow/example_dags/example_xcomargs.py
[2025-12-04T19:40:30.178+0500] {logging_mixin.py:188} INFO - [2025-12-04T19:40:30.177+0500] {dag.py:3089} INFO - Sync 2 DAGs
[2025-12-04T19:40:30.198+0500] {logging_mixin.py:188} INFO - [2025-12-04T19:40:30.198+0500] {dag.py:3947} INFO - Setting next_dagrun for example_xcom_args to None, run_after=None
[2025-12-04T19:40:30.202+0500] {logging_mixin.py:188} INFO - [2025-12-04T19:40:30.202+0500] {dag.py:3947} INFO - Setting next_dagrun for example_xcom_args_with_operators to None, run_after=None
[2025-12-04T19:40:30.246+0500] {processor.py:183} INFO - Processing /Library/Frameworks/Python.framework/Versions/3.11/lib/python3.11/site-packages/airflow/example_dags/example_xcomargs.py took 0.496 seconds
[2025-12-04T19:42:45.177+0500] {processor.py:161} INFO - Started process (PID=14933) to work on /Library/Frameworks/Python.framework/Versions/3.11/lib/python3.11/site-packages/airflow/example_dags/example_xcomargs.py
[2025-12-04T19:42:45.179+0500] {processor.py:830} INFO - Processing file /Library/Frameworks/Python.framework/Versions/3.11/lib/python3.11/site-packages/airflow/example_dags/example_xcomargs.py for tasks to queue
[2025-12-04T19:42:45.180+0500] {logging_mixin.py:188} INFO - [2025-12-04T19:42:45.180+0500] {dagbag.py:545} INFO - Filling up the DagBag from /Library/Frameworks/Python.framework/Versions/3.11/lib/python3.11/site-packages/airflow/example_dags/example_xcomargs.py
[2025-12-04T19:42:45.224+0500] {processor.py:840} INFO - DAG(s) 'example_xcom_args_with_operators', 'example_xcom_args' retrieved from /Library/Frameworks/Python.framework/Versions/3.11/lib/python3.11/site-packages/airflow/example_dags/example_xcomargs.py
[2025-12-04T19:42:45.358+0500] {logging_mixin.py:188} INFO - [2025-12-04T19:42:45.358+0500] {dag.py:3089} INFO - Sync 2 DAGs
[2025-12-04T19:42:45.371+0500] {logging_mixin.py:188} INFO - [2025-12-04T19:42:45.371+0500] {dag.py:3947} INFO - Setting next_dagrun for example_xcom_args to None, run_after=None
[2025-12-04T19:42:45.374+0500] {logging_mixin.py:188} INFO - [2025-12-04T19:42:45.374+0500] {dag.py:3947} INFO - Setting next_dagrun for example_xcom_args_with_operators to None, run_after=None
[2025-12-04T19:42:45.398+0500] {processor.py:183} INFO - Processing /Library/Frameworks/Python.framework/Versions/3.11/lib/python3.11/site-packages/airflow/example_dags/example_xcomargs.py took 0.223 seconds
[2025-12-04T19:45:08.037+0500] {processor.py:161} INFO - Started process (PID=15011) to work on /Library/Frameworks/Python.framework/Versions/3.11/lib/python3.11/site-packages/airflow/example_dags/example_xcomargs.py
[2025-12-04T19:45:08.040+0500] {processor.py:830} INFO - Processing file /Library/Frameworks/Python.framework/Versions/3.11/lib/python3.11/site-packages/airflow/example_dags/example_xcomargs.py for tasks to queue
[2025-12-04T19:45:08.041+0500] {logging_mixin.py:188} INFO - [2025-12-04T19:45:08.040+0500] {dagbag.py:545} INFO - Filling up the DagBag from /Library/Frameworks/Python.framework/Versions/3.11/lib/python3.11/site-packages/airflow/example_dags/example_xcomargs.py
[2025-12-04T19:45:08.099+0500] {processor.py:840} INFO - DAG(s) 'example_xcom_args', 'example_xcom_args_with_operators' retrieved from /Library/Frameworks/Python.framework/Versions/3.11/lib/python3.11/site-packages/airflow/example_dags/example_xcomargs.py
[2025-12-04T19:45:08.264+0500] {logging_mixin.py:188} INFO - [2025-12-04T19:45:08.264+0500] {dag.py:3089} INFO - Sync 2 DAGs
[2025-12-04T19:45:08.277+0500] {logging_mixin.py:188} INFO - [2025-12-04T19:45:08.277+0500] {dag.py:3947} INFO - Setting next_dagrun for example_xcom_args to None, run_after=None
[2025-12-04T19:45:08.281+0500] {logging_mixin.py:188} INFO - [2025-12-04T19:45:08.281+0500] {dag.py:3947} INFO - Setting next_dagrun for example_xcom_args_with_operators to None, run_after=None
[2025-12-04T19:45:08.308+0500] {processor.py:183} INFO - Processing /Library/Frameworks/Python.framework/Versions/3.11/lib/python3.11/site-packages/airflow/example_dags/example_xcomargs.py took 0.275 seconds
[2025-12-04T19:47:32.455+0500] {processor.py:161} INFO - Started process (PID=15108) to work on /Library/Frameworks/Python.framework/Versions/3.11/lib/python3.11/site-packages/airflow/example_dags/example_xcomargs.py
[2025-12-04T19:47:32.458+0500] {processor.py:830} INFO - Processing file /Library/Frameworks/Python.framework/Versions/3.11/lib/python3.11/site-packages/airflow/example_dags/example_xcomargs.py for tasks to queue
[2025-12-04T19:47:32.459+0500] {logging_mixin.py:188} INFO - [2025-12-04T19:47:32.459+0500] {dagbag.py:545} INFO - Filling up the DagBag from /Library/Frameworks/Python.framework/Versions/3.11/lib/python3.11/site-packages/airflow/example_dags/example_xcomargs.py
[2025-12-04T19:47:32.520+0500] {processor.py:840} INFO - DAG(s) 'example_xcom_args', 'example_xcom_args_with_operators' retrieved from /Library/Frameworks/Python.framework/Versions/3.11/lib/python3.11/site-packages/airflow/example_dags/example_xcomargs.py
[2025-12-04T19:47:32.725+0500] {logging_mixin.py:188} INFO - [2025-12-04T19:47:32.725+0500] {dag.py:3089} INFO - Sync 2 DAGs
[2025-12-04T19:47:32.742+0500] {logging_mixin.py:188} INFO - [2025-12-04T19:47:32.741+0500] {dag.py:3947} INFO - Setting next_dagrun for example_xcom_args to None, run_after=None
[2025-12-04T19:47:32.752+0500] {logging_mixin.py:188} INFO - [2025-12-04T19:47:32.752+0500] {dag.py:3947} INFO - Setting next_dagrun for example_xcom_args_with_operators to None, run_after=None
[2025-12-04T19:47:32.790+0500] {processor.py:183} INFO - Processing /Library/Frameworks/Python.framework/Versions/3.11/lib/python3.11/site-packages/airflow/example_dags/example_xcomargs.py took 0.339 seconds
[2025-12-04T19:49:42.359+0500] {processor.py:161} INFO - Started process (PID=15177) to work on /Library/Frameworks/Python.framework/Versions/3.11/lib/python3.11/site-packages/airflow/example_dags/example_xcomargs.py
[2025-12-04T19:49:42.362+0500] {processor.py:830} INFO - Processing file /Library/Frameworks/Python.framework/Versions/3.11/lib/python3.11/site-packages/airflow/example_dags/example_xcomargs.py for tasks to queue
[2025-12-04T19:49:42.363+0500] {logging_mixin.py:188} INFO - [2025-12-04T19:49:42.362+0500] {dagbag.py:545} INFO - Filling up the DagBag from /Library/Frameworks/Python.framework/Versions/3.11/lib/python3.11/site-packages/airflow/example_dags/example_xcomargs.py
[2025-12-04T19:49:42.403+0500] {processor.py:840} INFO - DAG(s) 'example_xcom_args', 'example_xcom_args_with_operators' retrieved from /Library/Frameworks/Python.framework/Versions/3.11/lib/python3.11/site-packages/airflow/example_dags/example_xcomargs.py
[2025-12-04T19:49:42.518+0500] {logging_mixin.py:188} INFO - [2025-12-04T19:49:42.518+0500] {dag.py:3089} INFO - Sync 2 DAGs
[2025-12-04T19:49:42.529+0500] {logging_mixin.py:188} INFO - [2025-12-04T19:49:42.529+0500] {dag.py:3947} INFO - Setting next_dagrun for example_xcom_args to None, run_after=None
[2025-12-04T19:49:42.532+0500] {logging_mixin.py:188} INFO - [2025-12-04T19:49:42.532+0500] {dag.py:3947} INFO - Setting next_dagrun for example_xcom_args_with_operators to None, run_after=None
[2025-12-04T19:49:42.551+0500] {processor.py:183} INFO - Processing /Library/Frameworks/Python.framework/Versions/3.11/lib/python3.11/site-packages/airflow/example_dags/example_xcomargs.py took 0.194 seconds
[2025-12-04T19:51:38.130+0500] {processor.py:161} INFO - Started process (PID=15240) to work on /Library/Frameworks/Python.framework/Versions/3.11/lib/python3.11/site-packages/airflow/example_dags/example_xcomargs.py
[2025-12-04T19:51:38.132+0500] {processor.py:830} INFO - Processing file /Library/Frameworks/Python.framework/Versions/3.11/lib/python3.11/site-packages/airflow/example_dags/example_xcomargs.py for tasks to queue
[2025-12-04T19:51:38.133+0500] {logging_mixin.py:188} INFO - [2025-12-04T19:51:38.132+0500] {dagbag.py:545} INFO - Filling up the DagBag from /Library/Frameworks/Python.framework/Versions/3.11/lib/python3.11/site-packages/airflow/example_dags/example_xcomargs.py
[2025-12-04T19:51:38.178+0500] {processor.py:840} INFO - DAG(s) 'example_xcom_args_with_operators', 'example_xcom_args' retrieved from /Library/Frameworks/Python.framework/Versions/3.11/lib/python3.11/site-packages/airflow/example_dags/example_xcomargs.py
[2025-12-04T19:51:38.294+0500] {logging_mixin.py:188} INFO - [2025-12-04T19:51:38.293+0500] {dag.py:3089} INFO - Sync 2 DAGs
[2025-12-04T19:51:38.304+0500] {logging_mixin.py:188} INFO - [2025-12-04T19:51:38.304+0500] {dag.py:3947} INFO - Setting next_dagrun for example_xcom_args to None, run_after=None
[2025-12-04T19:51:38.307+0500] {logging_mixin.py:188} INFO - [2025-12-04T19:51:38.307+0500] {dag.py:3947} INFO - Setting next_dagrun for example_xcom_args_with_operators to None, run_after=None
[2025-12-04T19:51:38.330+0500] {processor.py:183} INFO - Processing /Library/Frameworks/Python.framework/Versions/3.11/lib/python3.11/site-packages/airflow/example_dags/example_xcomargs.py took 0.203 seconds
[2025-12-04T19:53:37.692+0500] {processor.py:161} INFO - Started process (PID=15356) to work on /Library/Frameworks/Python.framework/Versions/3.11/lib/python3.11/site-packages/airflow/example_dags/example_xcomargs.py
[2025-12-04T19:53:37.694+0500] {processor.py:830} INFO - Processing file /Library/Frameworks/Python.framework/Versions/3.11/lib/python3.11/site-packages/airflow/example_dags/example_xcomargs.py for tasks to queue
[2025-12-04T19:53:37.695+0500] {logging_mixin.py:188} INFO - [2025-12-04T19:53:37.694+0500] {dagbag.py:545} INFO - Filling up the DagBag from /Library/Frameworks/Python.framework/Versions/3.11/lib/python3.11/site-packages/airflow/example_dags/example_xcomargs.py
[2025-12-04T19:53:37.738+0500] {processor.py:840} INFO - DAG(s) 'example_xcom_args_with_operators', 'example_xcom_args' retrieved from /Library/Frameworks/Python.framework/Versions/3.11/lib/python3.11/site-packages/airflow/example_dags/example_xcomargs.py
[2025-12-04T19:53:37.858+0500] {logging_mixin.py:188} INFO - [2025-12-04T19:53:37.857+0500] {dag.py:3089} INFO - Sync 2 DAGs
[2025-12-04T19:53:37.869+0500] {logging_mixin.py:188} INFO - [2025-12-04T19:53:37.869+0500] {dag.py:3947} INFO - Setting next_dagrun for example_xcom_args to None, run_after=None
[2025-12-04T19:53:37.873+0500] {logging_mixin.py:188} INFO - [2025-12-04T19:53:37.873+0500] {dag.py:3947} INFO - Setting next_dagrun for example_xcom_args_with_operators to None, run_after=None
[2025-12-04T19:53:37.891+0500] {processor.py:183} INFO - Processing /Library/Frameworks/Python.framework/Versions/3.11/lib/python3.11/site-packages/airflow/example_dags/example_xcomargs.py took 0.202 seconds
[2025-12-04T19:55:32.521+0500] {processor.py:161} INFO - Started process (PID=15420) to work on /Library/Frameworks/Python.framework/Versions/3.11/lib/python3.11/site-packages/airflow/example_dags/example_xcomargs.py
[2025-12-04T19:55:32.523+0500] {processor.py:830} INFO - Processing file /Library/Frameworks/Python.framework/Versions/3.11/lib/python3.11/site-packages/airflow/example_dags/example_xcomargs.py for tasks to queue
[2025-12-04T19:55:32.524+0500] {logging_mixin.py:188} INFO - [2025-12-04T19:55:32.523+0500] {dagbag.py:545} INFO - Filling up the DagBag from /Library/Frameworks/Python.framework/Versions/3.11/lib/python3.11/site-packages/airflow/example_dags/example_xcomargs.py
[2025-12-04T19:55:32.562+0500] {processor.py:840} INFO - DAG(s) 'example_xcom_args_with_operators', 'example_xcom_args' retrieved from /Library/Frameworks/Python.framework/Versions/3.11/lib/python3.11/site-packages/airflow/example_dags/example_xcomargs.py
[2025-12-04T19:55:32.677+0500] {logging_mixin.py:188} INFO - [2025-12-04T19:55:32.676+0500] {dag.py:3089} INFO - Sync 2 DAGs
[2025-12-04T19:55:32.688+0500] {logging_mixin.py:188} INFO - [2025-12-04T19:55:32.688+0500] {dag.py:3947} INFO - Setting next_dagrun for example_xcom_args to None, run_after=None
[2025-12-04T19:55:32.691+0500] {logging_mixin.py:188} INFO - [2025-12-04T19:55:32.691+0500] {dag.py:3947} INFO - Setting next_dagrun for example_xcom_args_with_operators to None, run_after=None
[2025-12-04T19:55:32.710+0500] {processor.py:183} INFO - Processing /Library/Frameworks/Python.framework/Versions/3.11/lib/python3.11/site-packages/airflow/example_dags/example_xcomargs.py took 0.193 seconds
[2025-12-04T19:57:26.575+0500] {processor.py:161} INFO - Started process (PID=15483) to work on /Library/Frameworks/Python.framework/Versions/3.11/lib/python3.11/site-packages/airflow/example_dags/example_xcomargs.py
[2025-12-04T19:57:26.577+0500] {processor.py:830} INFO - Processing file /Library/Frameworks/Python.framework/Versions/3.11/lib/python3.11/site-packages/airflow/example_dags/example_xcomargs.py for tasks to queue
[2025-12-04T19:57:26.578+0500] {logging_mixin.py:188} INFO - [2025-12-04T19:57:26.578+0500] {dagbag.py:545} INFO - Filling up the DagBag from /Library/Frameworks/Python.framework/Versions/3.11/lib/python3.11/site-packages/airflow/example_dags/example_xcomargs.py
[2025-12-04T19:57:26.618+0500] {processor.py:840} INFO - DAG(s) 'example_xcom_args', 'example_xcom_args_with_operators' retrieved from /Library/Frameworks/Python.framework/Versions/3.11/lib/python3.11/site-packages/airflow/example_dags/example_xcomargs.py
[2025-12-04T19:57:26.733+0500] {logging_mixin.py:188} INFO - [2025-12-04T19:57:26.732+0500] {dag.py:3089} INFO - Sync 2 DAGs
[2025-12-04T19:57:26.744+0500] {logging_mixin.py:188} INFO - [2025-12-04T19:57:26.744+0500] {dag.py:3947} INFO - Setting next_dagrun for example_xcom_args to None, run_after=None
[2025-12-04T19:57:26.747+0500] {logging_mixin.py:188} INFO - [2025-12-04T19:57:26.747+0500] {dag.py:3947} INFO - Setting next_dagrun for example_xcom_args_with_operators to None, run_after=None
[2025-12-04T19:57:26.765+0500] {processor.py:183} INFO - Processing /Library/Frameworks/Python.framework/Versions/3.11/lib/python3.11/site-packages/airflow/example_dags/example_xcomargs.py took 0.193 seconds
[2025-12-04T20:41:11.456+0500] {processor.py:161} INFO - Started process (PID=15580) to work on /Library/Frameworks/Python.framework/Versions/3.11/lib/python3.11/site-packages/airflow/example_dags/example_xcomargs.py
[2025-12-04T20:41:11.458+0500] {processor.py:830} INFO - Processing file /Library/Frameworks/Python.framework/Versions/3.11/lib/python3.11/site-packages/airflow/example_dags/example_xcomargs.py for tasks to queue
[2025-12-04T20:41:11.459+0500] {logging_mixin.py:188} INFO - [2025-12-04T20:41:11.459+0500] {dagbag.py:545} INFO - Filling up the DagBag from /Library/Frameworks/Python.framework/Versions/3.11/lib/python3.11/site-packages/airflow/example_dags/example_xcomargs.py
[2025-12-04T20:41:11.651+0500] {processor.py:840} INFO - DAG(s) 'example_xcom_args_with_operators', 'example_xcom_args' retrieved from /Library/Frameworks/Python.framework/Versions/3.11/lib/python3.11/site-packages/airflow/example_dags/example_xcomargs.py
[2025-12-04T20:41:12.120+0500] {logging_mixin.py:188} INFO - [2025-12-04T20:41:12.119+0500] {dag.py:3089} INFO - Sync 2 DAGs
[2025-12-04T20:41:12.170+0500] {logging_mixin.py:188} INFO - [2025-12-04T20:41:12.170+0500] {dag.py:3947} INFO - Setting next_dagrun for example_xcom_args to None, run_after=None
[2025-12-04T20:41:12.175+0500] {logging_mixin.py:188} INFO - [2025-12-04T20:41:12.175+0500] {dag.py:3947} INFO - Setting next_dagrun for example_xcom_args_with_operators to None, run_after=None
[2025-12-04T20:41:12.313+0500] {processor.py:183} INFO - Processing /Library/Frameworks/Python.framework/Versions/3.11/lib/python3.11/site-packages/airflow/example_dags/example_xcomargs.py took 0.872 seconds
[2025-12-04T20:44:19.006+0500] {processor.py:161} INFO - Started process (PID=15761) to work on /Library/Frameworks/Python.framework/Versions/3.11/lib/python3.11/site-packages/airflow/example_dags/example_xcomargs.py
[2025-12-04T20:44:19.008+0500] {processor.py:830} INFO - Processing file /Library/Frameworks/Python.framework/Versions/3.11/lib/python3.11/site-packages/airflow/example_dags/example_xcomargs.py for tasks to queue
[2025-12-04T20:44:19.009+0500] {logging_mixin.py:188} INFO - [2025-12-04T20:44:19.009+0500] {dagbag.py:545} INFO - Filling up the DagBag from /Library/Frameworks/Python.framework/Versions/3.11/lib/python3.11/site-packages/airflow/example_dags/example_xcomargs.py
[2025-12-04T20:44:19.088+0500] {processor.py:840} INFO - DAG(s) 'example_xcom_args', 'example_xcom_args_with_operators' retrieved from /Library/Frameworks/Python.framework/Versions/3.11/lib/python3.11/site-packages/airflow/example_dags/example_xcomargs.py
[2025-12-04T20:44:19.321+0500] {logging_mixin.py:188} INFO - [2025-12-04T20:44:19.320+0500] {dag.py:3089} INFO - Sync 2 DAGs
[2025-12-04T20:44:19.353+0500] {logging_mixin.py:188} INFO - [2025-12-04T20:44:19.353+0500] {dag.py:3947} INFO - Setting next_dagrun for example_xcom_args to None, run_after=None
[2025-12-04T20:44:19.357+0500] {logging_mixin.py:188} INFO - [2025-12-04T20:44:19.357+0500] {dag.py:3947} INFO - Setting next_dagrun for example_xcom_args_with_operators to None, run_after=None
[2025-12-04T20:44:19.393+0500] {processor.py:183} INFO - Processing /Library/Frameworks/Python.framework/Versions/3.11/lib/python3.11/site-packages/airflow/example_dags/example_xcomargs.py took 0.393 seconds
[2025-12-04T20:46:52.832+0500] {processor.py:161} INFO - Started process (PID=15840) to work on /Library/Frameworks/Python.framework/Versions/3.11/lib/python3.11/site-packages/airflow/example_dags/example_xcomargs.py
[2025-12-04T20:46:52.834+0500] {processor.py:830} INFO - Processing file /Library/Frameworks/Python.framework/Versions/3.11/lib/python3.11/site-packages/airflow/example_dags/example_xcomargs.py for tasks to queue
[2025-12-04T20:46:52.835+0500] {logging_mixin.py:188} INFO - [2025-12-04T20:46:52.835+0500] {dagbag.py:545} INFO - Filling up the DagBag from /Library/Frameworks/Python.framework/Versions/3.11/lib/python3.11/site-packages/airflow/example_dags/example_xcomargs.py
[2025-12-04T20:46:52.879+0500] {processor.py:840} INFO - DAG(s) 'example_xcom_args', 'example_xcom_args_with_operators' retrieved from /Library/Frameworks/Python.framework/Versions/3.11/lib/python3.11/site-packages/airflow/example_dags/example_xcomargs.py
[2025-12-04T20:46:53.024+0500] {logging_mixin.py:188} INFO - [2025-12-04T20:46:53.024+0500] {dag.py:3089} INFO - Sync 2 DAGs
[2025-12-04T20:46:53.036+0500] {logging_mixin.py:188} INFO - [2025-12-04T20:46:53.036+0500] {dag.py:3947} INFO - Setting next_dagrun for example_xcom_args to None, run_after=None
[2025-12-04T20:46:53.042+0500] {logging_mixin.py:188} INFO - [2025-12-04T20:46:53.041+0500] {dag.py:3947} INFO - Setting next_dagrun for example_xcom_args_with_operators to None, run_after=None
[2025-12-04T20:46:53.064+0500] {processor.py:183} INFO - Processing /Library/Frameworks/Python.framework/Versions/3.11/lib/python3.11/site-packages/airflow/example_dags/example_xcomargs.py took 0.235 seconds
[2025-12-04T20:49:06.988+0500] {processor.py:161} INFO - Started process (PID=15920) to work on /Library/Frameworks/Python.framework/Versions/3.11/lib/python3.11/site-packages/airflow/example_dags/example_xcomargs.py
[2025-12-04T20:49:06.991+0500] {processor.py:830} INFO - Processing file /Library/Frameworks/Python.framework/Versions/3.11/lib/python3.11/site-packages/airflow/example_dags/example_xcomargs.py for tasks to queue
[2025-12-04T20:49:06.993+0500] {logging_mixin.py:188} INFO - [2025-12-04T20:49:06.992+0500] {dagbag.py:545} INFO - Filling up the DagBag from /Library/Frameworks/Python.framework/Versions/3.11/lib/python3.11/site-packages/airflow/example_dags/example_xcomargs.py
[2025-12-04T20:49:07.072+0500] {processor.py:840} INFO - DAG(s) 'example_xcom_args_with_operators', 'example_xcom_args' retrieved from /Library/Frameworks/Python.framework/Versions/3.11/lib/python3.11/site-packages/airflow/example_dags/example_xcomargs.py
[2025-12-04T20:49:07.282+0500] {logging_mixin.py:188} INFO - [2025-12-04T20:49:07.282+0500] {dag.py:3089} INFO - Sync 2 DAGs
[2025-12-04T20:49:07.326+0500] {logging_mixin.py:188} INFO - [2025-12-04T20:49:07.325+0500] {dag.py:3947} INFO - Setting next_dagrun for example_xcom_args to None, run_after=None
[2025-12-04T20:49:07.330+0500] {logging_mixin.py:188} INFO - [2025-12-04T20:49:07.330+0500] {dag.py:3947} INFO - Setting next_dagrun for example_xcom_args_with_operators to None, run_after=None
[2025-12-04T20:49:07.372+0500] {processor.py:183} INFO - Processing /Library/Frameworks/Python.framework/Versions/3.11/lib/python3.11/site-packages/airflow/example_dags/example_xcomargs.py took 0.389 seconds
