[2025-12-04T18:20:40.369+0500] {processor.py:161} INFO - Started process (PID=11755) to work on /Library/Frameworks/Python.framework/Versions/3.11/lib/python3.11/site-packages/airflow/example_dags/example_branch_datetime_operator.py
[2025-12-04T18:20:40.371+0500] {processor.py:830} INFO - Processing file /Library/Frameworks/Python.framework/Versions/3.11/lib/python3.11/site-packages/airflow/example_dags/example_branch_datetime_operator.py for tasks to queue
[2025-12-04T18:20:40.371+0500] {logging_mixin.py:188} INFO - [2025-12-04T18:20:40.371+0500] {dagbag.py:545} INFO - Filling up the DagBag from /Library/Frameworks/Python.framework/Versions/3.11/lib/python3.11/site-packages/airflow/example_dags/example_branch_datetime_operator.py
[2025-12-04T18:20:40.469+0500] {processor.py:840} INFO - DAG(s) 'example_branch_datetime_operator', 'example_branch_datetime_operator_3', 'example_branch_datetime_operator_2' retrieved from /Library/Frameworks/Python.framework/Versions/3.11/lib/python3.11/site-packages/airflow/example_dags/example_branch_datetime_operator.py
[2025-12-04T18:20:40.757+0500] {logging_mixin.py:188} INFO - [2025-12-04T18:20:40.756+0500] {override.py:1858} INFO - Created Permission View: can delete on DAG:example_branch_datetime_operator
[2025-12-04T18:20:40.768+0500] {logging_mixin.py:188} INFO - [2025-12-04T18:20:40.767+0500] {override.py:1858} INFO - Created Permission View: can edit on DAG:example_branch_datetime_operator
[2025-12-04T18:20:40.775+0500] {logging_mixin.py:188} INFO - [2025-12-04T18:20:40.775+0500] {override.py:1858} INFO - Created Permission View: can read on DAG:example_branch_datetime_operator
[2025-12-04T18:20:40.791+0500] {logging_mixin.py:188} INFO - [2025-12-04T18:20:40.791+0500] {override.py:1858} INFO - Created Permission View: can delete on DAG:example_branch_datetime_operator_3
[2025-12-04T18:20:40.798+0500] {logging_mixin.py:188} INFO - [2025-12-04T18:20:40.798+0500] {override.py:1858} INFO - Created Permission View: can edit on DAG:example_branch_datetime_operator_3
[2025-12-04T18:20:40.809+0500] {logging_mixin.py:188} INFO - [2025-12-04T18:20:40.809+0500] {override.py:1858} INFO - Created Permission View: can read on DAG:example_branch_datetime_operator_3
[2025-12-04T18:20:40.828+0500] {logging_mixin.py:188} INFO - [2025-12-04T18:20:40.828+0500] {override.py:1858} INFO - Created Permission View: can delete on DAG:example_branch_datetime_operator_2
[2025-12-04T18:20:40.836+0500] {logging_mixin.py:188} INFO - [2025-12-04T18:20:40.835+0500] {override.py:1858} INFO - Created Permission View: can edit on DAG:example_branch_datetime_operator_2
[2025-12-04T18:20:40.845+0500] {logging_mixin.py:188} INFO - [2025-12-04T18:20:40.845+0500] {override.py:1858} INFO - Created Permission View: can read on DAG:example_branch_datetime_operator_2
[2025-12-04T18:20:40.846+0500] {logging_mixin.py:188} INFO - [2025-12-04T18:20:40.846+0500] {dag.py:3089} INFO - Sync 3 DAGs
[2025-12-04T18:20:40.916+0500] {logging_mixin.py:188} INFO - [2025-12-04T18:20:40.916+0500] {dag.py:3111} INFO - Creating ORM DAG for example_branch_datetime_operator_3
[2025-12-04T18:20:40.916+0500] {logging_mixin.py:188} INFO - [2025-12-04T18:20:40.916+0500] {dag.py:3111} INFO - Creating ORM DAG for example_branch_datetime_operator_2
[2025-12-04T18:20:40.917+0500] {logging_mixin.py:188} INFO - [2025-12-04T18:20:40.917+0500] {dag.py:3111} INFO - Creating ORM DAG for example_branch_datetime_operator
[2025-12-04T18:20:40.926+0500] {logging_mixin.py:188} INFO - [2025-12-04T18:20:40.926+0500] {dag.py:3947} INFO - Setting next_dagrun for example_branch_datetime_operator to 2025-12-03 00:00:00+00:00, run_after=2025-12-04 00:00:00+00:00
[2025-12-04T18:20:40.928+0500] {logging_mixin.py:188} INFO - [2025-12-04T18:20:40.928+0500] {dag.py:3947} INFO - Setting next_dagrun for example_branch_datetime_operator_2 to 2025-12-03 00:00:00+00:00, run_after=2025-12-04 00:00:00+00:00
[2025-12-04T18:20:40.930+0500] {logging_mixin.py:188} INFO - [2025-12-04T18:20:40.930+0500] {dag.py:3947} INFO - Setting next_dagrun for example_branch_datetime_operator_3 to 2025-12-03 00:00:00+00:00, run_after=2025-12-04 00:00:00+00:00
[2025-12-04T18:20:40.950+0500] {processor.py:183} INFO - Processing /Library/Frameworks/Python.framework/Versions/3.11/lib/python3.11/site-packages/airflow/example_dags/example_branch_datetime_operator.py took 0.599 seconds
[2025-12-04T18:24:44.791+0500] {processor.py:161} INFO - Started process (PID=11908) to work on /Library/Frameworks/Python.framework/Versions/3.11/lib/python3.11/site-packages/airflow/example_dags/example_branch_datetime_operator.py
[2025-12-04T18:24:44.793+0500] {processor.py:830} INFO - Processing file /Library/Frameworks/Python.framework/Versions/3.11/lib/python3.11/site-packages/airflow/example_dags/example_branch_datetime_operator.py for tasks to queue
[2025-12-04T18:24:44.794+0500] {logging_mixin.py:188} INFO - [2025-12-04T18:24:44.794+0500] {dagbag.py:545} INFO - Filling up the DagBag from /Library/Frameworks/Python.framework/Versions/3.11/lib/python3.11/site-packages/airflow/example_dags/example_branch_datetime_operator.py
[2025-12-04T18:24:44.813+0500] {processor.py:840} INFO - DAG(s) 'example_branch_datetime_operator_2', 'example_branch_datetime_operator', 'example_branch_datetime_operator_3' retrieved from /Library/Frameworks/Python.framework/Versions/3.11/lib/python3.11/site-packages/airflow/example_dags/example_branch_datetime_operator.py
[2025-12-04T18:24:44.930+0500] {logging_mixin.py:188} INFO - [2025-12-04T18:24:44.929+0500] {dag.py:3089} INFO - Sync 3 DAGs
[2025-12-04T18:24:44.951+0500] {logging_mixin.py:188} INFO - [2025-12-04T18:24:44.950+0500] {dag.py:3947} INFO - Setting next_dagrun for example_branch_datetime_operator to 2025-12-03 00:00:00+00:00, run_after=2025-12-04 00:00:00+00:00
[2025-12-04T18:24:44.956+0500] {logging_mixin.py:188} INFO - [2025-12-04T18:24:44.956+0500] {dag.py:3947} INFO - Setting next_dagrun for example_branch_datetime_operator_2 to 2025-12-03 00:00:00+00:00, run_after=2025-12-04 00:00:00+00:00
[2025-12-04T18:24:44.959+0500] {logging_mixin.py:188} INFO - [2025-12-04T18:24:44.959+0500] {dag.py:3947} INFO - Setting next_dagrun for example_branch_datetime_operator_3 to 2025-12-03 00:00:00+00:00, run_after=2025-12-04 00:00:00+00:00
[2025-12-04T18:24:44.981+0500] {processor.py:183} INFO - Processing /Library/Frameworks/Python.framework/Versions/3.11/lib/python3.11/site-packages/airflow/example_dags/example_branch_datetime_operator.py took 0.192 seconds
[2025-12-04T18:29:23.509+0500] {processor.py:161} INFO - Started process (PID=12144) to work on /Library/Frameworks/Python.framework/Versions/3.11/lib/python3.11/site-packages/airflow/example_dags/example_branch_datetime_operator.py
[2025-12-04T18:29:23.511+0500] {processor.py:830} INFO - Processing file /Library/Frameworks/Python.framework/Versions/3.11/lib/python3.11/site-packages/airflow/example_dags/example_branch_datetime_operator.py for tasks to queue
[2025-12-04T18:29:23.512+0500] {logging_mixin.py:188} INFO - [2025-12-04T18:29:23.512+0500] {dagbag.py:545} INFO - Filling up the DagBag from /Library/Frameworks/Python.framework/Versions/3.11/lib/python3.11/site-packages/airflow/example_dags/example_branch_datetime_operator.py
[2025-12-04T18:29:23.530+0500] {processor.py:840} INFO - DAG(s) 'example_branch_datetime_operator_2', 'example_branch_datetime_operator', 'example_branch_datetime_operator_3' retrieved from /Library/Frameworks/Python.framework/Versions/3.11/lib/python3.11/site-packages/airflow/example_dags/example_branch_datetime_operator.py
[2025-12-04T18:29:23.662+0500] {logging_mixin.py:188} INFO - [2025-12-04T18:29:23.662+0500] {dag.py:3089} INFO - Sync 3 DAGs
[2025-12-04T18:29:23.681+0500] {logging_mixin.py:188} INFO - [2025-12-04T18:29:23.681+0500] {dag.py:3947} INFO - Setting next_dagrun for example_branch_datetime_operator to 2025-12-03 00:00:00+00:00, run_after=2025-12-04 00:00:00+00:00
[2025-12-04T18:29:23.685+0500] {logging_mixin.py:188} INFO - [2025-12-04T18:29:23.685+0500] {dag.py:3947} INFO - Setting next_dagrun for example_branch_datetime_operator_2 to 2025-12-03 00:00:00+00:00, run_after=2025-12-04 00:00:00+00:00
[2025-12-04T18:29:23.688+0500] {logging_mixin.py:188} INFO - [2025-12-04T18:29:23.687+0500] {dag.py:3947} INFO - Setting next_dagrun for example_branch_datetime_operator_3 to 2025-12-03 00:00:00+00:00, run_after=2025-12-04 00:00:00+00:00
[2025-12-04T18:29:23.707+0500] {processor.py:183} INFO - Processing /Library/Frameworks/Python.framework/Versions/3.11/lib/python3.11/site-packages/airflow/example_dags/example_branch_datetime_operator.py took 0.201 seconds
[2025-12-04T18:34:17.223+0500] {processor.py:161} INFO - Started process (PID=12360) to work on /Library/Frameworks/Python.framework/Versions/3.11/lib/python3.11/site-packages/airflow/example_dags/example_branch_datetime_operator.py
[2025-12-04T18:34:17.225+0500] {processor.py:830} INFO - Processing file /Library/Frameworks/Python.framework/Versions/3.11/lib/python3.11/site-packages/airflow/example_dags/example_branch_datetime_operator.py for tasks to queue
[2025-12-04T18:34:17.226+0500] {logging_mixin.py:188} INFO - [2025-12-04T18:34:17.226+0500] {dagbag.py:545} INFO - Filling up the DagBag from /Library/Frameworks/Python.framework/Versions/3.11/lib/python3.11/site-packages/airflow/example_dags/example_branch_datetime_operator.py
[2025-12-04T18:34:17.244+0500] {processor.py:840} INFO - DAG(s) 'example_branch_datetime_operator', 'example_branch_datetime_operator_3', 'example_branch_datetime_operator_2' retrieved from /Library/Frameworks/Python.framework/Versions/3.11/lib/python3.11/site-packages/airflow/example_dags/example_branch_datetime_operator.py
[2025-12-04T18:34:17.363+0500] {logging_mixin.py:188} INFO - [2025-12-04T18:34:17.363+0500] {dag.py:3089} INFO - Sync 3 DAGs
[2025-12-04T18:34:17.382+0500] {logging_mixin.py:188} INFO - [2025-12-04T18:34:17.382+0500] {dag.py:3947} INFO - Setting next_dagrun for example_branch_datetime_operator to 2025-12-03 00:00:00+00:00, run_after=2025-12-04 00:00:00+00:00
[2025-12-04T18:34:17.386+0500] {logging_mixin.py:188} INFO - [2025-12-04T18:34:17.386+0500] {dag.py:3947} INFO - Setting next_dagrun for example_branch_datetime_operator_2 to 2025-12-03 00:00:00+00:00, run_after=2025-12-04 00:00:00+00:00
[2025-12-04T18:34:17.388+0500] {logging_mixin.py:188} INFO - [2025-12-04T18:34:17.388+0500] {dag.py:3947} INFO - Setting next_dagrun for example_branch_datetime_operator_3 to 2025-12-03 00:00:00+00:00, run_after=2025-12-04 00:00:00+00:00
[2025-12-04T18:34:17.406+0500] {processor.py:183} INFO - Processing /Library/Frameworks/Python.framework/Versions/3.11/lib/python3.11/site-packages/airflow/example_dags/example_branch_datetime_operator.py took 0.186 seconds
[2025-12-04T18:38:10.119+0500] {processor.py:161} INFO - Started process (PID=12512) to work on /Library/Frameworks/Python.framework/Versions/3.11/lib/python3.11/site-packages/airflow/example_dags/example_branch_datetime_operator.py
[2025-12-04T18:38:10.121+0500] {processor.py:830} INFO - Processing file /Library/Frameworks/Python.framework/Versions/3.11/lib/python3.11/site-packages/airflow/example_dags/example_branch_datetime_operator.py for tasks to queue
[2025-12-04T18:38:10.122+0500] {logging_mixin.py:188} INFO - [2025-12-04T18:38:10.122+0500] {dagbag.py:545} INFO - Filling up the DagBag from /Library/Frameworks/Python.framework/Versions/3.11/lib/python3.11/site-packages/airflow/example_dags/example_branch_datetime_operator.py
[2025-12-04T18:38:10.139+0500] {processor.py:840} INFO - DAG(s) 'example_branch_datetime_operator_3', 'example_branch_datetime_operator_2', 'example_branch_datetime_operator' retrieved from /Library/Frameworks/Python.framework/Versions/3.11/lib/python3.11/site-packages/airflow/example_dags/example_branch_datetime_operator.py
[2025-12-04T18:38:10.255+0500] {logging_mixin.py:188} INFO - [2025-12-04T18:38:10.255+0500] {dag.py:3089} INFO - Sync 3 DAGs
[2025-12-04T18:38:10.273+0500] {logging_mixin.py:188} INFO - [2025-12-04T18:38:10.273+0500] {dag.py:3947} INFO - Setting next_dagrun for example_branch_datetime_operator to 2025-12-03 00:00:00+00:00, run_after=2025-12-04 00:00:00+00:00
[2025-12-04T18:38:10.278+0500] {logging_mixin.py:188} INFO - [2025-12-04T18:38:10.277+0500] {dag.py:3947} INFO - Setting next_dagrun for example_branch_datetime_operator_2 to 2025-12-03 00:00:00+00:00, run_after=2025-12-04 00:00:00+00:00
[2025-12-04T18:38:10.280+0500] {logging_mixin.py:188} INFO - [2025-12-04T18:38:10.280+0500] {dag.py:3947} INFO - Setting next_dagrun for example_branch_datetime_operator_3 to 2025-12-03 00:00:00+00:00, run_after=2025-12-04 00:00:00+00:00
[2025-12-04T18:38:10.299+0500] {processor.py:183} INFO - Processing /Library/Frameworks/Python.framework/Versions/3.11/lib/python3.11/site-packages/airflow/example_dags/example_branch_datetime_operator.py took 0.183 seconds
[2025-12-04T18:42:13.871+0500] {processor.py:161} INFO - Started process (PID=12685) to work on /Library/Frameworks/Python.framework/Versions/3.11/lib/python3.11/site-packages/airflow/example_dags/example_branch_datetime_operator.py
[2025-12-04T18:42:13.873+0500] {processor.py:830} INFO - Processing file /Library/Frameworks/Python.framework/Versions/3.11/lib/python3.11/site-packages/airflow/example_dags/example_branch_datetime_operator.py for tasks to queue
[2025-12-04T18:42:13.874+0500] {logging_mixin.py:188} INFO - [2025-12-04T18:42:13.874+0500] {dagbag.py:545} INFO - Filling up the DagBag from /Library/Frameworks/Python.framework/Versions/3.11/lib/python3.11/site-packages/airflow/example_dags/example_branch_datetime_operator.py
[2025-12-04T18:42:13.895+0500] {processor.py:840} INFO - DAG(s) 'example_branch_datetime_operator', 'example_branch_datetime_operator_3', 'example_branch_datetime_operator_2' retrieved from /Library/Frameworks/Python.framework/Versions/3.11/lib/python3.11/site-packages/airflow/example_dags/example_branch_datetime_operator.py
[2025-12-04T18:42:14.067+0500] {logging_mixin.py:188} INFO - [2025-12-04T18:42:14.067+0500] {dag.py:3089} INFO - Sync 3 DAGs
[2025-12-04T18:42:14.102+0500] {logging_mixin.py:188} INFO - [2025-12-04T18:42:14.101+0500] {dag.py:3947} INFO - Setting next_dagrun for example_branch_datetime_operator to 2025-12-03 00:00:00+00:00, run_after=2025-12-04 00:00:00+00:00
[2025-12-04T18:42:14.108+0500] {logging_mixin.py:188} INFO - [2025-12-04T18:42:14.107+0500] {dag.py:3947} INFO - Setting next_dagrun for example_branch_datetime_operator_2 to 2025-12-03 00:00:00+00:00, run_after=2025-12-04 00:00:00+00:00
[2025-12-04T18:42:14.110+0500] {logging_mixin.py:188} INFO - [2025-12-04T18:42:14.110+0500] {dag.py:3947} INFO - Setting next_dagrun for example_branch_datetime_operator_3 to 2025-12-03 00:00:00+00:00, run_after=2025-12-04 00:00:00+00:00
[2025-12-04T18:42:14.142+0500] {processor.py:183} INFO - Processing /Library/Frameworks/Python.framework/Versions/3.11/lib/python3.11/site-packages/airflow/example_dags/example_branch_datetime_operator.py took 0.274 seconds
[2025-12-04T18:46:28.257+0500] {processor.py:161} INFO - Started process (PID=12860) to work on /Library/Frameworks/Python.framework/Versions/3.11/lib/python3.11/site-packages/airflow/example_dags/example_branch_datetime_operator.py
[2025-12-04T18:46:28.258+0500] {processor.py:830} INFO - Processing file /Library/Frameworks/Python.framework/Versions/3.11/lib/python3.11/site-packages/airflow/example_dags/example_branch_datetime_operator.py for tasks to queue
[2025-12-04T18:46:28.260+0500] {logging_mixin.py:188} INFO - [2025-12-04T18:46:28.259+0500] {dagbag.py:545} INFO - Filling up the DagBag from /Library/Frameworks/Python.framework/Versions/3.11/lib/python3.11/site-packages/airflow/example_dags/example_branch_datetime_operator.py
[2025-12-04T18:46:28.281+0500] {processor.py:840} INFO - DAG(s) 'example_branch_datetime_operator_3', 'example_branch_datetime_operator_2', 'example_branch_datetime_operator' retrieved from /Library/Frameworks/Python.framework/Versions/3.11/lib/python3.11/site-packages/airflow/example_dags/example_branch_datetime_operator.py
[2025-12-04T18:46:28.399+0500] {logging_mixin.py:188} INFO - [2025-12-04T18:46:28.398+0500] {dag.py:3089} INFO - Sync 3 DAGs
[2025-12-04T18:46:28.418+0500] {logging_mixin.py:188} INFO - [2025-12-04T18:46:28.417+0500] {dag.py:3947} INFO - Setting next_dagrun for example_branch_datetime_operator to 2025-12-03 00:00:00+00:00, run_after=2025-12-04 00:00:00+00:00
[2025-12-04T18:46:28.422+0500] {logging_mixin.py:188} INFO - [2025-12-04T18:46:28.422+0500] {dag.py:3947} INFO - Setting next_dagrun for example_branch_datetime_operator_2 to 2025-12-03 00:00:00+00:00, run_after=2025-12-04 00:00:00+00:00
[2025-12-04T18:46:28.424+0500] {logging_mixin.py:188} INFO - [2025-12-04T18:46:28.424+0500] {dag.py:3947} INFO - Setting next_dagrun for example_branch_datetime_operator_3 to 2025-12-03 00:00:00+00:00, run_after=2025-12-04 00:00:00+00:00
[2025-12-04T18:46:28.442+0500] {processor.py:183} INFO - Processing /Library/Frameworks/Python.framework/Versions/3.11/lib/python3.11/site-packages/airflow/example_dags/example_branch_datetime_operator.py took 0.188 seconds
[2025-12-04T18:50:49.426+0500] {processor.py:161} INFO - Started process (PID=12997) to work on /Library/Frameworks/Python.framework/Versions/3.11/lib/python3.11/site-packages/airflow/example_dags/example_branch_datetime_operator.py
[2025-12-04T18:50:49.428+0500] {processor.py:830} INFO - Processing file /Library/Frameworks/Python.framework/Versions/3.11/lib/python3.11/site-packages/airflow/example_dags/example_branch_datetime_operator.py for tasks to queue
[2025-12-04T18:50:49.429+0500] {logging_mixin.py:188} INFO - [2025-12-04T18:50:49.429+0500] {dagbag.py:545} INFO - Filling up the DagBag from /Library/Frameworks/Python.framework/Versions/3.11/lib/python3.11/site-packages/airflow/example_dags/example_branch_datetime_operator.py
[2025-12-04T18:50:49.454+0500] {processor.py:840} INFO - DAG(s) 'example_branch_datetime_operator', 'example_branch_datetime_operator_2', 'example_branch_datetime_operator_3' retrieved from /Library/Frameworks/Python.framework/Versions/3.11/lib/python3.11/site-packages/airflow/example_dags/example_branch_datetime_operator.py
[2025-12-04T18:50:49.590+0500] {logging_mixin.py:188} INFO - [2025-12-04T18:50:49.589+0500] {dag.py:3089} INFO - Sync 3 DAGs
[2025-12-04T18:50:49.610+0500] {logging_mixin.py:188} INFO - [2025-12-04T18:50:49.610+0500] {dag.py:3947} INFO - Setting next_dagrun for example_branch_datetime_operator to 2025-12-03 00:00:00+00:00, run_after=2025-12-04 00:00:00+00:00
[2025-12-04T18:50:49.616+0500] {logging_mixin.py:188} INFO - [2025-12-04T18:50:49.616+0500] {dag.py:3947} INFO - Setting next_dagrun for example_branch_datetime_operator_2 to 2025-12-03 00:00:00+00:00, run_after=2025-12-04 00:00:00+00:00
[2025-12-04T18:50:49.619+0500] {logging_mixin.py:188} INFO - [2025-12-04T18:50:49.619+0500] {dag.py:3947} INFO - Setting next_dagrun for example_branch_datetime_operator_3 to 2025-12-03 00:00:00+00:00, run_after=2025-12-04 00:00:00+00:00
[2025-12-04T18:50:49.640+0500] {processor.py:183} INFO - Processing /Library/Frameworks/Python.framework/Versions/3.11/lib/python3.11/site-packages/airflow/example_dags/example_branch_datetime_operator.py took 0.217 seconds
[2025-12-04T18:55:16.785+0500] {processor.py:161} INFO - Started process (PID=13180) to work on /Library/Frameworks/Python.framework/Versions/3.11/lib/python3.11/site-packages/airflow/example_dags/example_branch_datetime_operator.py
[2025-12-04T18:55:16.788+0500] {processor.py:830} INFO - Processing file /Library/Frameworks/Python.framework/Versions/3.11/lib/python3.11/site-packages/airflow/example_dags/example_branch_datetime_operator.py for tasks to queue
[2025-12-04T18:55:16.797+0500] {logging_mixin.py:188} INFO - [2025-12-04T18:55:16.788+0500] {dagbag.py:545} INFO - Filling up the DagBag from /Library/Frameworks/Python.framework/Versions/3.11/lib/python3.11/site-packages/airflow/example_dags/example_branch_datetime_operator.py
[2025-12-04T18:55:16.818+0500] {processor.py:840} INFO - DAG(s) 'example_branch_datetime_operator_2', 'example_branch_datetime_operator_3', 'example_branch_datetime_operator' retrieved from /Library/Frameworks/Python.framework/Versions/3.11/lib/python3.11/site-packages/airflow/example_dags/example_branch_datetime_operator.py
[2025-12-04T18:55:16.984+0500] {logging_mixin.py:188} INFO - [2025-12-04T18:55:16.984+0500] {dag.py:3089} INFO - Sync 3 DAGs
[2025-12-04T18:55:17.005+0500] {logging_mixin.py:188} INFO - [2025-12-04T18:55:17.004+0500] {dag.py:3947} INFO - Setting next_dagrun for example_branch_datetime_operator to 2025-12-03 00:00:00+00:00, run_after=2025-12-04 00:00:00+00:00
[2025-12-04T18:55:17.010+0500] {logging_mixin.py:188} INFO - [2025-12-04T18:55:17.010+0500] {dag.py:3947} INFO - Setting next_dagrun for example_branch_datetime_operator_2 to 2025-12-03 00:00:00+00:00, run_after=2025-12-04 00:00:00+00:00
[2025-12-04T18:55:17.013+0500] {logging_mixin.py:188} INFO - [2025-12-04T18:55:17.012+0500] {dag.py:3947} INFO - Setting next_dagrun for example_branch_datetime_operator_3 to 2025-12-03 00:00:00+00:00, run_after=2025-12-04 00:00:00+00:00
[2025-12-04T18:55:17.033+0500] {processor.py:183} INFO - Processing /Library/Frameworks/Python.framework/Versions/3.11/lib/python3.11/site-packages/airflow/example_dags/example_branch_datetime_operator.py took 0.251 seconds
[2025-12-04T19:35:17.390+0500] {processor.py:161} INFO - Started process (PID=14647) to work on /Library/Frameworks/Python.framework/Versions/3.11/lib/python3.11/site-packages/airflow/example_dags/example_branch_datetime_operator.py
[2025-12-04T19:35:17.392+0500] {processor.py:830} INFO - Processing file /Library/Frameworks/Python.framework/Versions/3.11/lib/python3.11/site-packages/airflow/example_dags/example_branch_datetime_operator.py for tasks to queue
[2025-12-04T19:35:17.393+0500] {logging_mixin.py:188} INFO - [2025-12-04T19:35:17.393+0500] {dagbag.py:545} INFO - Filling up the DagBag from /Library/Frameworks/Python.framework/Versions/3.11/lib/python3.11/site-packages/airflow/example_dags/example_branch_datetime_operator.py
[2025-12-04T19:35:17.412+0500] {processor.py:840} INFO - DAG(s) 'example_branch_datetime_operator_2', 'example_branch_datetime_operator_3', 'example_branch_datetime_operator' retrieved from /Library/Frameworks/Python.framework/Versions/3.11/lib/python3.11/site-packages/airflow/example_dags/example_branch_datetime_operator.py
[2025-12-04T19:35:17.625+0500] {logging_mixin.py:188} INFO - [2025-12-04T19:35:17.625+0500] {dag.py:3089} INFO - Sync 3 DAGs
[2025-12-04T19:35:17.647+0500] {logging_mixin.py:188} INFO - [2025-12-04T19:35:17.646+0500] {dag.py:3947} INFO - Setting next_dagrun for example_branch_datetime_operator to 2025-12-03 00:00:00+00:00, run_after=2025-12-04 00:00:00+00:00
[2025-12-04T19:35:17.655+0500] {logging_mixin.py:188} INFO - [2025-12-04T19:35:17.655+0500] {dag.py:3947} INFO - Setting next_dagrun for example_branch_datetime_operator_2 to 2025-12-03 00:00:00+00:00, run_after=2025-12-04 00:00:00+00:00
[2025-12-04T19:35:17.658+0500] {logging_mixin.py:188} INFO - [2025-12-04T19:35:17.658+0500] {dag.py:3947} INFO - Setting next_dagrun for example_branch_datetime_operator_3 to 2025-12-03 00:00:00+00:00, run_after=2025-12-04 00:00:00+00:00
[2025-12-04T19:35:17.682+0500] {processor.py:183} INFO - Processing /Library/Frameworks/Python.framework/Versions/3.11/lib/python3.11/site-packages/airflow/example_dags/example_branch_datetime_operator.py took 0.295 seconds
[2025-12-04T19:39:41.110+0500] {processor.py:161} INFO - Started process (PID=14815) to work on /Library/Frameworks/Python.framework/Versions/3.11/lib/python3.11/site-packages/airflow/example_dags/example_branch_datetime_operator.py
[2025-12-04T19:39:41.112+0500] {processor.py:830} INFO - Processing file /Library/Frameworks/Python.framework/Versions/3.11/lib/python3.11/site-packages/airflow/example_dags/example_branch_datetime_operator.py for tasks to queue
[2025-12-04T19:39:41.113+0500] {logging_mixin.py:188} INFO - [2025-12-04T19:39:41.113+0500] {dagbag.py:545} INFO - Filling up the DagBag from /Library/Frameworks/Python.framework/Versions/3.11/lib/python3.11/site-packages/airflow/example_dags/example_branch_datetime_operator.py
[2025-12-04T19:39:41.132+0500] {processor.py:840} INFO - DAG(s) 'example_branch_datetime_operator', 'example_branch_datetime_operator_3', 'example_branch_datetime_operator_2' retrieved from /Library/Frameworks/Python.framework/Versions/3.11/lib/python3.11/site-packages/airflow/example_dags/example_branch_datetime_operator.py
[2025-12-04T19:39:41.254+0500] {logging_mixin.py:188} INFO - [2025-12-04T19:39:41.253+0500] {dag.py:3089} INFO - Sync 3 DAGs
[2025-12-04T19:39:41.274+0500] {logging_mixin.py:188} INFO - [2025-12-04T19:39:41.274+0500] {dag.py:3947} INFO - Setting next_dagrun for example_branch_datetime_operator to 2025-12-03 00:00:00+00:00, run_after=2025-12-04 00:00:00+00:00
[2025-12-04T19:39:41.279+0500] {logging_mixin.py:188} INFO - [2025-12-04T19:39:41.278+0500] {dag.py:3947} INFO - Setting next_dagrun for example_branch_datetime_operator_2 to 2025-12-03 00:00:00+00:00, run_after=2025-12-04 00:00:00+00:00
[2025-12-04T19:39:41.281+0500] {logging_mixin.py:188} INFO - [2025-12-04T19:39:41.281+0500] {dag.py:3947} INFO - Setting next_dagrun for example_branch_datetime_operator_3 to 2025-12-03 00:00:00+00:00, run_after=2025-12-04 00:00:00+00:00
[2025-12-04T19:39:41.301+0500] {processor.py:183} INFO - Processing /Library/Frameworks/Python.framework/Versions/3.11/lib/python3.11/site-packages/airflow/example_dags/example_branch_datetime_operator.py took 0.194 seconds
[2025-12-04T19:44:17.661+0500] {processor.py:161} INFO - Started process (PID=14980) to work on /Library/Frameworks/Python.framework/Versions/3.11/lib/python3.11/site-packages/airflow/example_dags/example_branch_datetime_operator.py
[2025-12-04T19:44:17.663+0500] {processor.py:830} INFO - Processing file /Library/Frameworks/Python.framework/Versions/3.11/lib/python3.11/site-packages/airflow/example_dags/example_branch_datetime_operator.py for tasks to queue
[2025-12-04T19:44:17.664+0500] {logging_mixin.py:188} INFO - [2025-12-04T19:44:17.664+0500] {dagbag.py:545} INFO - Filling up the DagBag from /Library/Frameworks/Python.framework/Versions/3.11/lib/python3.11/site-packages/airflow/example_dags/example_branch_datetime_operator.py
[2025-12-04T19:44:17.681+0500] {processor.py:840} INFO - DAG(s) 'example_branch_datetime_operator', 'example_branch_datetime_operator_2', 'example_branch_datetime_operator_3' retrieved from /Library/Frameworks/Python.framework/Versions/3.11/lib/python3.11/site-packages/airflow/example_dags/example_branch_datetime_operator.py
[2025-12-04T19:44:17.801+0500] {logging_mixin.py:188} INFO - [2025-12-04T19:44:17.801+0500] {dag.py:3089} INFO - Sync 3 DAGs
[2025-12-04T19:44:17.820+0500] {logging_mixin.py:188} INFO - [2025-12-04T19:44:17.819+0500] {dag.py:3947} INFO - Setting next_dagrun for example_branch_datetime_operator to 2025-12-03 00:00:00+00:00, run_after=2025-12-04 00:00:00+00:00
[2025-12-04T19:44:17.824+0500] {logging_mixin.py:188} INFO - [2025-12-04T19:44:17.824+0500] {dag.py:3947} INFO - Setting next_dagrun for example_branch_datetime_operator_2 to 2025-12-03 00:00:00+00:00, run_after=2025-12-04 00:00:00+00:00
[2025-12-04T19:44:17.826+0500] {logging_mixin.py:188} INFO - [2025-12-04T19:44:17.826+0500] {dag.py:3947} INFO - Setting next_dagrun for example_branch_datetime_operator_3 to 2025-12-03 00:00:00+00:00, run_after=2025-12-04 00:00:00+00:00
[2025-12-04T19:44:17.847+0500] {processor.py:183} INFO - Processing /Library/Frameworks/Python.framework/Versions/3.11/lib/python3.11/site-packages/airflow/example_dags/example_branch_datetime_operator.py took 0.189 seconds
[2025-12-04T19:49:02.216+0500] {processor.py:161} INFO - Started process (PID=15155) to work on /Library/Frameworks/Python.framework/Versions/3.11/lib/python3.11/site-packages/airflow/example_dags/example_branch_datetime_operator.py
[2025-12-04T19:49:02.218+0500] {processor.py:830} INFO - Processing file /Library/Frameworks/Python.framework/Versions/3.11/lib/python3.11/site-packages/airflow/example_dags/example_branch_datetime_operator.py for tasks to queue
[2025-12-04T19:49:02.219+0500] {logging_mixin.py:188} INFO - [2025-12-04T19:49:02.218+0500] {dagbag.py:545} INFO - Filling up the DagBag from /Library/Frameworks/Python.framework/Versions/3.11/lib/python3.11/site-packages/airflow/example_dags/example_branch_datetime_operator.py
[2025-12-04T19:49:02.238+0500] {processor.py:840} INFO - DAG(s) 'example_branch_datetime_operator', 'example_branch_datetime_operator_2', 'example_branch_datetime_operator_3' retrieved from /Library/Frameworks/Python.framework/Versions/3.11/lib/python3.11/site-packages/airflow/example_dags/example_branch_datetime_operator.py
[2025-12-04T19:49:02.361+0500] {logging_mixin.py:188} INFO - [2025-12-04T19:49:02.361+0500] {dag.py:3089} INFO - Sync 3 DAGs
[2025-12-04T19:49:02.379+0500] {logging_mixin.py:188} INFO - [2025-12-04T19:49:02.379+0500] {dag.py:3947} INFO - Setting next_dagrun for example_branch_datetime_operator to 2025-12-03 00:00:00+00:00, run_after=2025-12-04 00:00:00+00:00
[2025-12-04T19:49:02.384+0500] {logging_mixin.py:188} INFO - [2025-12-04T19:49:02.383+0500] {dag.py:3947} INFO - Setting next_dagrun for example_branch_datetime_operator_2 to 2025-12-03 00:00:00+00:00, run_after=2025-12-04 00:00:00+00:00
[2025-12-04T19:49:02.386+0500] {logging_mixin.py:188} INFO - [2025-12-04T19:49:02.386+0500] {dag.py:3947} INFO - Setting next_dagrun for example_branch_datetime_operator_3 to 2025-12-03 00:00:00+00:00, run_after=2025-12-04 00:00:00+00:00
[2025-12-04T19:49:02.407+0500] {processor.py:183} INFO - Processing /Library/Frameworks/Python.framework/Versions/3.11/lib/python3.11/site-packages/airflow/example_dags/example_branch_datetime_operator.py took 0.194 seconds
[2025-12-04T19:52:59.314+0500] {processor.py:161} INFO - Started process (PID=15334) to work on /Library/Frameworks/Python.framework/Versions/3.11/lib/python3.11/site-packages/airflow/example_dags/example_branch_datetime_operator.py
[2025-12-04T19:52:59.316+0500] {processor.py:830} INFO - Processing file /Library/Frameworks/Python.framework/Versions/3.11/lib/python3.11/site-packages/airflow/example_dags/example_branch_datetime_operator.py for tasks to queue
[2025-12-04T19:52:59.317+0500] {logging_mixin.py:188} INFO - [2025-12-04T19:52:59.317+0500] {dagbag.py:545} INFO - Filling up the DagBag from /Library/Frameworks/Python.framework/Versions/3.11/lib/python3.11/site-packages/airflow/example_dags/example_branch_datetime_operator.py
[2025-12-04T19:52:59.334+0500] {processor.py:840} INFO - DAG(s) 'example_branch_datetime_operator_3', 'example_branch_datetime_operator', 'example_branch_datetime_operator_2' retrieved from /Library/Frameworks/Python.framework/Versions/3.11/lib/python3.11/site-packages/airflow/example_dags/example_branch_datetime_operator.py
[2025-12-04T19:52:59.482+0500] {logging_mixin.py:188} INFO - [2025-12-04T19:52:59.482+0500] {dag.py:3089} INFO - Sync 3 DAGs
[2025-12-04T19:52:59.508+0500] {logging_mixin.py:188} INFO - [2025-12-04T19:52:59.508+0500] {dag.py:3947} INFO - Setting next_dagrun for example_branch_datetime_operator to 2025-12-03 00:00:00+00:00, run_after=2025-12-04 00:00:00+00:00
[2025-12-04T19:52:59.514+0500] {logging_mixin.py:188} INFO - [2025-12-04T19:52:59.513+0500] {dag.py:3947} INFO - Setting next_dagrun for example_branch_datetime_operator_2 to 2025-12-03 00:00:00+00:00, run_after=2025-12-04 00:00:00+00:00
[2025-12-04T19:52:59.516+0500] {logging_mixin.py:188} INFO - [2025-12-04T19:52:59.516+0500] {dag.py:3947} INFO - Setting next_dagrun for example_branch_datetime_operator_3 to 2025-12-03 00:00:00+00:00, run_after=2025-12-04 00:00:00+00:00
[2025-12-04T19:52:59.536+0500] {processor.py:183} INFO - Processing /Library/Frameworks/Python.framework/Versions/3.11/lib/python3.11/site-packages/airflow/example_dags/example_branch_datetime_operator.py took 0.226 seconds
[2025-12-04T19:56:46.566+0500] {processor.py:161} INFO - Started process (PID=15461) to work on /Library/Frameworks/Python.framework/Versions/3.11/lib/python3.11/site-packages/airflow/example_dags/example_branch_datetime_operator.py
[2025-12-04T19:56:46.568+0500] {processor.py:830} INFO - Processing file /Library/Frameworks/Python.framework/Versions/3.11/lib/python3.11/site-packages/airflow/example_dags/example_branch_datetime_operator.py for tasks to queue
[2025-12-04T19:56:46.569+0500] {logging_mixin.py:188} INFO - [2025-12-04T19:56:46.569+0500] {dagbag.py:545} INFO - Filling up the DagBag from /Library/Frameworks/Python.framework/Versions/3.11/lib/python3.11/site-packages/airflow/example_dags/example_branch_datetime_operator.py
[2025-12-04T19:56:46.586+0500] {processor.py:840} INFO - DAG(s) 'example_branch_datetime_operator_3', 'example_branch_datetime_operator', 'example_branch_datetime_operator_2' retrieved from /Library/Frameworks/Python.framework/Versions/3.11/lib/python3.11/site-packages/airflow/example_dags/example_branch_datetime_operator.py
[2025-12-04T19:56:46.705+0500] {logging_mixin.py:188} INFO - [2025-12-04T19:56:46.705+0500] {dag.py:3089} INFO - Sync 3 DAGs
[2025-12-04T19:56:46.726+0500] {logging_mixin.py:188} INFO - [2025-12-04T19:56:46.725+0500] {dag.py:3947} INFO - Setting next_dagrun for example_branch_datetime_operator to 2025-12-03 00:00:00+00:00, run_after=2025-12-04 00:00:00+00:00
[2025-12-04T19:56:46.730+0500] {logging_mixin.py:188} INFO - [2025-12-04T19:56:46.730+0500] {dag.py:3947} INFO - Setting next_dagrun for example_branch_datetime_operator_2 to 2025-12-03 00:00:00+00:00, run_after=2025-12-04 00:00:00+00:00
[2025-12-04T19:56:46.733+0500] {logging_mixin.py:188} INFO - [2025-12-04T19:56:46.733+0500] {dag.py:3947} INFO - Setting next_dagrun for example_branch_datetime_operator_3 to 2025-12-03 00:00:00+00:00, run_after=2025-12-04 00:00:00+00:00
[2025-12-04T19:56:46.759+0500] {processor.py:183} INFO - Processing /Library/Frameworks/Python.framework/Versions/3.11/lib/python3.11/site-packages/airflow/example_dags/example_branch_datetime_operator.py took 0.196 seconds
[2025-12-04T20:43:09.466+0500] {processor.py:161} INFO - Started process (PID=15678) to work on /Library/Frameworks/Python.framework/Versions/3.11/lib/python3.11/site-packages/airflow/example_dags/example_branch_datetime_operator.py
[2025-12-04T20:43:09.469+0500] {processor.py:830} INFO - Processing file /Library/Frameworks/Python.framework/Versions/3.11/lib/python3.11/site-packages/airflow/example_dags/example_branch_datetime_operator.py for tasks to queue
[2025-12-04T20:43:09.470+0500] {logging_mixin.py:188} INFO - [2025-12-04T20:43:09.469+0500] {dagbag.py:545} INFO - Filling up the DagBag from /Library/Frameworks/Python.framework/Versions/3.11/lib/python3.11/site-packages/airflow/example_dags/example_branch_datetime_operator.py
[2025-12-04T20:43:09.494+0500] {processor.py:840} INFO - DAG(s) 'example_branch_datetime_operator_3', 'example_branch_datetime_operator', 'example_branch_datetime_operator_2' retrieved from /Library/Frameworks/Python.framework/Versions/3.11/lib/python3.11/site-packages/airflow/example_dags/example_branch_datetime_operator.py
[2025-12-04T20:43:09.684+0500] {logging_mixin.py:188} INFO - [2025-12-04T20:43:09.683+0500] {dag.py:3089} INFO - Sync 3 DAGs
[2025-12-04T20:43:09.728+0500] {logging_mixin.py:188} INFO - [2025-12-04T20:43:09.727+0500] {dag.py:3947} INFO - Setting next_dagrun for example_branch_datetime_operator to 2025-12-03 00:00:00+00:00, run_after=2025-12-04 00:00:00+00:00
[2025-12-04T20:43:09.734+0500] {logging_mixin.py:188} INFO - [2025-12-04T20:43:09.734+0500] {dag.py:3947} INFO - Setting next_dagrun for example_branch_datetime_operator_2 to 2025-12-03 00:00:00+00:00, run_after=2025-12-04 00:00:00+00:00
[2025-12-04T20:43:09.738+0500] {logging_mixin.py:188} INFO - [2025-12-04T20:43:09.737+0500] {dag.py:3947} INFO - Setting next_dagrun for example_branch_datetime_operator_3 to 2025-12-03 00:00:00+00:00, run_after=2025-12-04 00:00:00+00:00
[2025-12-04T20:43:10.019+0500] {logging_mixin.py:188} INFO - [2025-12-04T20:43:10.019+0500] {dag.py:3089} INFO - Sync 3 DAGs
[2025-12-04T20:43:10.026+0500] {logging_mixin.py:188} INFO - [2025-12-04T20:43:10.026+0500] {dag.py:3947} INFO - Setting next_dagrun for example_branch_datetime_operator to 2025-12-03 00:00:00+00:00, run_after=2025-12-04 00:00:00+00:00
[2025-12-04T20:43:10.029+0500] {logging_mixin.py:188} INFO - [2025-12-04T20:43:10.029+0500] {dag.py:3947} INFO - Setting next_dagrun for example_branch_datetime_operator_2 to 2025-12-03 00:00:00+00:00, run_after=2025-12-04 00:00:00+00:00
[2025-12-04T20:48:21.083+0500] {processor.py:161} INFO - Started process (PID=15886) to work on /Library/Frameworks/Python.framework/Versions/3.11/lib/python3.11/site-packages/airflow/example_dags/example_branch_datetime_operator.py
[2025-12-04T20:48:21.085+0500] {processor.py:830} INFO - Processing file /Library/Frameworks/Python.framework/Versions/3.11/lib/python3.11/site-packages/airflow/example_dags/example_branch_datetime_operator.py for tasks to queue
[2025-12-04T20:48:21.087+0500] {logging_mixin.py:188} INFO - [2025-12-04T20:48:21.086+0500] {dagbag.py:545} INFO - Filling up the DagBag from /Library/Frameworks/Python.framework/Versions/3.11/lib/python3.11/site-packages/airflow/example_dags/example_branch_datetime_operator.py
[2025-12-04T20:48:21.104+0500] {processor.py:840} INFO - DAG(s) 'example_branch_datetime_operator_3', 'example_branch_datetime_operator_2', 'example_branch_datetime_operator' retrieved from /Library/Frameworks/Python.framework/Versions/3.11/lib/python3.11/site-packages/airflow/example_dags/example_branch_datetime_operator.py
[2025-12-04T20:48:21.356+0500] {logging_mixin.py:188} INFO - [2025-12-04T20:48:21.355+0500] {dag.py:3089} INFO - Sync 3 DAGs
[2025-12-04T20:48:21.436+0500] {logging_mixin.py:188} INFO - [2025-12-04T20:48:21.436+0500] {dag.py:3947} INFO - Setting next_dagrun for example_branch_datetime_operator to 2025-12-03 00:00:00+00:00, run_after=2025-12-04 00:00:00+00:00
[2025-12-04T20:48:21.440+0500] {logging_mixin.py:188} INFO - [2025-12-04T20:48:21.440+0500] {dag.py:3947} INFO - Setting next_dagrun for example_branch_datetime_operator_2 to 2025-12-03 00:00:00+00:00, run_after=2025-12-04 00:00:00+00:00
[2025-12-04T20:48:21.442+0500] {logging_mixin.py:188} INFO - [2025-12-04T20:48:21.442+0500] {dag.py:3947} INFO - Setting next_dagrun for example_branch_datetime_operator_3 to 2025-12-03 00:00:00+00:00, run_after=2025-12-04 00:00:00+00:00
[2025-12-04T20:48:21.465+0500] {processor.py:183} INFO - Processing /Library/Frameworks/Python.framework/Versions/3.11/lib/python3.11/site-packages/airflow/example_dags/example_branch_datetime_operator.py took 0.385 seconds
