[2025-12-04T18:20:33.616+0500] {processor.py:161} INFO - Started process (PID=11751) to work on /Library/Frameworks/Python.framework/Versions/3.11/lib/python3.11/site-packages/airflow/example_dags/example_branch_labels.py
[2025-12-04T18:20:33.617+0500] {processor.py:830} INFO - Processing file /Library/Frameworks/Python.framework/Versions/3.11/lib/python3.11/site-packages/airflow/example_dags/example_branch_labels.py for tasks to queue
[2025-12-04T18:20:33.618+0500] {logging_mixin.py:188} INFO - [2025-12-04T18:20:33.617+0500] {dagbag.py:545} INFO - Filling up the DagBag from /Library/Frameworks/Python.framework/Versions/3.11/lib/python3.11/site-packages/airflow/example_dags/example_branch_labels.py
[2025-12-04T18:20:33.630+0500] {processor.py:840} INFO - DAG(s) 'example_branch_labels' retrieved from /Library/Frameworks/Python.framework/Versions/3.11/lib/python3.11/site-packages/airflow/example_dags/example_branch_labels.py
[2025-12-04T18:20:33.843+0500] {logging_mixin.py:188} INFO - [2025-12-04T18:20:33.842+0500] {override.py:1858} INFO - Created Permission View: can read on DAG:example_branch_labels
[2025-12-04T18:20:33.853+0500] {logging_mixin.py:188} INFO - [2025-12-04T18:20:33.853+0500] {override.py:1858} INFO - Created Permission View: can edit on DAG:example_branch_labels
[2025-12-04T18:20:33.861+0500] {logging_mixin.py:188} INFO - [2025-12-04T18:20:33.861+0500] {override.py:1858} INFO - Created Permission View: can delete on DAG:example_branch_labels
[2025-12-04T18:20:33.862+0500] {logging_mixin.py:188} INFO - [2025-12-04T18:20:33.861+0500] {dag.py:3089} INFO - Sync 1 DAGs
[2025-12-04T18:20:33.933+0500] {logging_mixin.py:188} INFO - [2025-12-04T18:20:33.932+0500] {dag.py:3111} INFO - Creating ORM DAG for example_branch_labels
[2025-12-04T18:20:33.942+0500] {logging_mixin.py:188} INFO - [2025-12-04T18:20:33.942+0500] {dag.py:3947} INFO - Setting next_dagrun for example_branch_labels to 2025-12-03 00:00:00+00:00, run_after=2025-12-04 00:00:00+00:00
[2025-12-04T18:20:33.960+0500] {processor.py:183} INFO - Processing /Library/Frameworks/Python.framework/Versions/3.11/lib/python3.11/site-packages/airflow/example_dags/example_branch_labels.py took 0.347 seconds
[2025-12-04T18:24:38.964+0500] {processor.py:161} INFO - Started process (PID=11905) to work on /Library/Frameworks/Python.framework/Versions/3.11/lib/python3.11/site-packages/airflow/example_dags/example_branch_labels.py
[2025-12-04T18:24:38.966+0500] {processor.py:830} INFO - Processing file /Library/Frameworks/Python.framework/Versions/3.11/lib/python3.11/site-packages/airflow/example_dags/example_branch_labels.py for tasks to queue
[2025-12-04T18:24:38.967+0500] {logging_mixin.py:188} INFO - [2025-12-04T18:24:38.967+0500] {dagbag.py:545} INFO - Filling up the DagBag from /Library/Frameworks/Python.framework/Versions/3.11/lib/python3.11/site-packages/airflow/example_dags/example_branch_labels.py
[2025-12-04T18:24:38.979+0500] {processor.py:840} INFO - DAG(s) 'example_branch_labels' retrieved from /Library/Frameworks/Python.framework/Versions/3.11/lib/python3.11/site-packages/airflow/example_dags/example_branch_labels.py
[2025-12-04T18:24:39.096+0500] {logging_mixin.py:188} INFO - [2025-12-04T18:24:39.096+0500] {dag.py:3089} INFO - Sync 1 DAGs
[2025-12-04T18:24:39.113+0500] {logging_mixin.py:188} INFO - [2025-12-04T18:24:39.113+0500] {dag.py:3947} INFO - Setting next_dagrun for example_branch_labels to 2025-12-03 00:00:00+00:00, run_after=2025-12-04 00:00:00+00:00
[2025-12-04T18:24:39.140+0500] {processor.py:183} INFO - Processing /Library/Frameworks/Python.framework/Versions/3.11/lib/python3.11/site-packages/airflow/example_dags/example_branch_labels.py took 0.178 seconds
[2025-12-04T18:29:16.847+0500] {processor.py:161} INFO - Started process (PID=12131) to work on /Library/Frameworks/Python.framework/Versions/3.11/lib/python3.11/site-packages/airflow/example_dags/example_branch_labels.py
[2025-12-04T18:29:16.849+0500] {processor.py:830} INFO - Processing file /Library/Frameworks/Python.framework/Versions/3.11/lib/python3.11/site-packages/airflow/example_dags/example_branch_labels.py for tasks to queue
[2025-12-04T18:29:16.850+0500] {logging_mixin.py:188} INFO - [2025-12-04T18:29:16.849+0500] {dagbag.py:545} INFO - Filling up the DagBag from /Library/Frameworks/Python.framework/Versions/3.11/lib/python3.11/site-packages/airflow/example_dags/example_branch_labels.py
[2025-12-04T18:29:16.862+0500] {processor.py:840} INFO - DAG(s) 'example_branch_labels' retrieved from /Library/Frameworks/Python.framework/Versions/3.11/lib/python3.11/site-packages/airflow/example_dags/example_branch_labels.py
[2025-12-04T18:29:16.979+0500] {logging_mixin.py:188} INFO - [2025-12-04T18:29:16.979+0500] {dag.py:3089} INFO - Sync 1 DAGs
[2025-12-04T18:29:16.996+0500] {logging_mixin.py:188} INFO - [2025-12-04T18:29:16.996+0500] {dag.py:3947} INFO - Setting next_dagrun for example_branch_labels to 2025-12-03 00:00:00+00:00, run_after=2025-12-04 00:00:00+00:00
[2025-12-04T18:29:17.016+0500] {processor.py:183} INFO - Processing /Library/Frameworks/Python.framework/Versions/3.11/lib/python3.11/site-packages/airflow/example_dags/example_branch_labels.py took 0.175 seconds
[2025-12-04T18:34:10.301+0500] {processor.py:161} INFO - Started process (PID=12356) to work on /Library/Frameworks/Python.framework/Versions/3.11/lib/python3.11/site-packages/airflow/example_dags/example_branch_labels.py
[2025-12-04T18:34:10.305+0500] {processor.py:830} INFO - Processing file /Library/Frameworks/Python.framework/Versions/3.11/lib/python3.11/site-packages/airflow/example_dags/example_branch_labels.py for tasks to queue
[2025-12-04T18:34:10.306+0500] {logging_mixin.py:188} INFO - [2025-12-04T18:34:10.306+0500] {dagbag.py:545} INFO - Filling up the DagBag from /Library/Frameworks/Python.framework/Versions/3.11/lib/python3.11/site-packages/airflow/example_dags/example_branch_labels.py
[2025-12-04T18:34:10.326+0500] {processor.py:840} INFO - DAG(s) 'example_branch_labels' retrieved from /Library/Frameworks/Python.framework/Versions/3.11/lib/python3.11/site-packages/airflow/example_dags/example_branch_labels.py
[2025-12-04T18:34:10.502+0500] {logging_mixin.py:188} INFO - [2025-12-04T18:34:10.502+0500] {dag.py:3089} INFO - Sync 1 DAGs
[2025-12-04T18:34:10.529+0500] {logging_mixin.py:188} INFO - [2025-12-04T18:34:10.529+0500] {dag.py:3947} INFO - Setting next_dagrun for example_branch_labels to 2025-12-03 00:00:00+00:00, run_after=2025-12-04 00:00:00+00:00
[2025-12-04T18:34:10.556+0500] {processor.py:183} INFO - Processing /Library/Frameworks/Python.framework/Versions/3.11/lib/python3.11/site-packages/airflow/example_dags/example_branch_labels.py took 0.259 seconds
[2025-12-04T18:38:04.414+0500] {processor.py:161} INFO - Started process (PID=12509) to work on /Library/Frameworks/Python.framework/Versions/3.11/lib/python3.11/site-packages/airflow/example_dags/example_branch_labels.py
[2025-12-04T18:38:04.417+0500] {processor.py:830} INFO - Processing file /Library/Frameworks/Python.framework/Versions/3.11/lib/python3.11/site-packages/airflow/example_dags/example_branch_labels.py for tasks to queue
[2025-12-04T18:38:04.418+0500] {logging_mixin.py:188} INFO - [2025-12-04T18:38:04.417+0500] {dagbag.py:545} INFO - Filling up the DagBag from /Library/Frameworks/Python.framework/Versions/3.11/lib/python3.11/site-packages/airflow/example_dags/example_branch_labels.py
[2025-12-04T18:38:04.428+0500] {processor.py:840} INFO - DAG(s) 'example_branch_labels' retrieved from /Library/Frameworks/Python.framework/Versions/3.11/lib/python3.11/site-packages/airflow/example_dags/example_branch_labels.py
[2025-12-04T18:38:04.547+0500] {logging_mixin.py:188} INFO - [2025-12-04T18:38:04.547+0500] {dag.py:3089} INFO - Sync 1 DAGs
[2025-12-04T18:38:04.566+0500] {logging_mixin.py:188} INFO - [2025-12-04T18:38:04.566+0500] {dag.py:3947} INFO - Setting next_dagrun for example_branch_labels to 2025-12-03 00:00:00+00:00, run_after=2025-12-04 00:00:00+00:00
[2025-12-04T18:38:04.593+0500] {processor.py:183} INFO - Processing /Library/Frameworks/Python.framework/Versions/3.11/lib/python3.11/site-packages/airflow/example_dags/example_branch_labels.py took 0.182 seconds
[2025-12-04T18:42:07.842+0500] {processor.py:161} INFO - Started process (PID=12682) to work on /Library/Frameworks/Python.framework/Versions/3.11/lib/python3.11/site-packages/airflow/example_dags/example_branch_labels.py
[2025-12-04T18:42:07.844+0500] {processor.py:830} INFO - Processing file /Library/Frameworks/Python.framework/Versions/3.11/lib/python3.11/site-packages/airflow/example_dags/example_branch_labels.py for tasks to queue
[2025-12-04T18:42:07.845+0500] {logging_mixin.py:188} INFO - [2025-12-04T18:42:07.844+0500] {dagbag.py:545} INFO - Filling up the DagBag from /Library/Frameworks/Python.framework/Versions/3.11/lib/python3.11/site-packages/airflow/example_dags/example_branch_labels.py
[2025-12-04T18:42:07.858+0500] {processor.py:840} INFO - DAG(s) 'example_branch_labels' retrieved from /Library/Frameworks/Python.framework/Versions/3.11/lib/python3.11/site-packages/airflow/example_dags/example_branch_labels.py
[2025-12-04T18:42:08.009+0500] {logging_mixin.py:188} INFO - [2025-12-04T18:42:08.008+0500] {dag.py:3089} INFO - Sync 1 DAGs
[2025-12-04T18:42:08.041+0500] {logging_mixin.py:188} INFO - [2025-12-04T18:42:08.041+0500] {dag.py:3947} INFO - Setting next_dagrun for example_branch_labels to 2025-12-03 00:00:00+00:00, run_after=2025-12-04 00:00:00+00:00
[2025-12-04T18:42:08.077+0500] {processor.py:183} INFO - Processing /Library/Frameworks/Python.framework/Versions/3.11/lib/python3.11/site-packages/airflow/example_dags/example_branch_labels.py took 0.239 seconds
[2025-12-04T18:46:22.045+0500] {processor.py:161} INFO - Started process (PID=12849) to work on /Library/Frameworks/Python.framework/Versions/3.11/lib/python3.11/site-packages/airflow/example_dags/example_branch_labels.py
[2025-12-04T18:46:22.047+0500] {processor.py:830} INFO - Processing file /Library/Frameworks/Python.framework/Versions/3.11/lib/python3.11/site-packages/airflow/example_dags/example_branch_labels.py for tasks to queue
[2025-12-04T18:46:22.049+0500] {logging_mixin.py:188} INFO - [2025-12-04T18:46:22.048+0500] {dagbag.py:545} INFO - Filling up the DagBag from /Library/Frameworks/Python.framework/Versions/3.11/lib/python3.11/site-packages/airflow/example_dags/example_branch_labels.py
[2025-12-04T18:46:22.066+0500] {processor.py:840} INFO - DAG(s) 'example_branch_labels' retrieved from /Library/Frameworks/Python.framework/Versions/3.11/lib/python3.11/site-packages/airflow/example_dags/example_branch_labels.py
[2025-12-04T18:46:22.178+0500] {logging_mixin.py:188} INFO - [2025-12-04T18:46:22.178+0500] {dag.py:3089} INFO - Sync 1 DAGs
[2025-12-04T18:46:22.195+0500] {logging_mixin.py:188} INFO - [2025-12-04T18:46:22.195+0500] {dag.py:3947} INFO - Setting next_dagrun for example_branch_labels to 2025-12-03 00:00:00+00:00, run_after=2025-12-04 00:00:00+00:00
[2025-12-04T18:46:22.215+0500] {processor.py:183} INFO - Processing /Library/Frameworks/Python.framework/Versions/3.11/lib/python3.11/site-packages/airflow/example_dags/example_branch_labels.py took 0.172 seconds
[2025-12-04T18:50:43.553+0500] {processor.py:161} INFO - Started process (PID=12994) to work on /Library/Frameworks/Python.framework/Versions/3.11/lib/python3.11/site-packages/airflow/example_dags/example_branch_labels.py
[2025-12-04T18:50:43.555+0500] {processor.py:830} INFO - Processing file /Library/Frameworks/Python.framework/Versions/3.11/lib/python3.11/site-packages/airflow/example_dags/example_branch_labels.py for tasks to queue
[2025-12-04T18:50:43.556+0500] {logging_mixin.py:188} INFO - [2025-12-04T18:50:43.555+0500] {dagbag.py:545} INFO - Filling up the DagBag from /Library/Frameworks/Python.framework/Versions/3.11/lib/python3.11/site-packages/airflow/example_dags/example_branch_labels.py
[2025-12-04T18:50:43.576+0500] {processor.py:840} INFO - DAG(s) 'example_branch_labels' retrieved from /Library/Frameworks/Python.framework/Versions/3.11/lib/python3.11/site-packages/airflow/example_dags/example_branch_labels.py
[2025-12-04T18:50:43.701+0500] {logging_mixin.py:188} INFO - [2025-12-04T18:50:43.700+0500] {dag.py:3089} INFO - Sync 1 DAGs
[2025-12-04T18:50:43.719+0500] {logging_mixin.py:188} INFO - [2025-12-04T18:50:43.718+0500] {dag.py:3947} INFO - Setting next_dagrun for example_branch_labels to 2025-12-03 00:00:00+00:00, run_after=2025-12-04 00:00:00+00:00
[2025-12-04T18:50:43.739+0500] {processor.py:183} INFO - Processing /Library/Frameworks/Python.framework/Versions/3.11/lib/python3.11/site-packages/airflow/example_dags/example_branch_labels.py took 0.192 seconds
[2025-12-04T18:55:10.400+0500] {processor.py:161} INFO - Started process (PID=13176) to work on /Library/Frameworks/Python.framework/Versions/3.11/lib/python3.11/site-packages/airflow/example_dags/example_branch_labels.py
[2025-12-04T18:55:10.402+0500] {processor.py:830} INFO - Processing file /Library/Frameworks/Python.framework/Versions/3.11/lib/python3.11/site-packages/airflow/example_dags/example_branch_labels.py for tasks to queue
[2025-12-04T18:55:10.403+0500] {logging_mixin.py:188} INFO - [2025-12-04T18:55:10.403+0500] {dagbag.py:545} INFO - Filling up the DagBag from /Library/Frameworks/Python.framework/Versions/3.11/lib/python3.11/site-packages/airflow/example_dags/example_branch_labels.py
[2025-12-04T18:55:10.417+0500] {processor.py:840} INFO - DAG(s) 'example_branch_labels' retrieved from /Library/Frameworks/Python.framework/Versions/3.11/lib/python3.11/site-packages/airflow/example_dags/example_branch_labels.py
[2025-12-04T18:55:10.564+0500] {logging_mixin.py:188} INFO - [2025-12-04T18:55:10.563+0500] {dag.py:3089} INFO - Sync 1 DAGs
[2025-12-04T18:55:10.585+0500] {logging_mixin.py:188} INFO - [2025-12-04T18:55:10.585+0500] {dag.py:3947} INFO - Setting next_dagrun for example_branch_labels to 2025-12-03 00:00:00+00:00, run_after=2025-12-04 00:00:00+00:00
[2025-12-04T18:55:10.608+0500] {processor.py:183} INFO - Processing /Library/Frameworks/Python.framework/Versions/3.11/lib/python3.11/site-packages/airflow/example_dags/example_branch_labels.py took 0.212 seconds
[2025-12-04T19:35:10.916+0500] {processor.py:161} INFO - Started process (PID=14643) to work on /Library/Frameworks/Python.framework/Versions/3.11/lib/python3.11/site-packages/airflow/example_dags/example_branch_labels.py
[2025-12-04T19:35:10.918+0500] {processor.py:830} INFO - Processing file /Library/Frameworks/Python.framework/Versions/3.11/lib/python3.11/site-packages/airflow/example_dags/example_branch_labels.py for tasks to queue
[2025-12-04T19:35:10.919+0500] {logging_mixin.py:188} INFO - [2025-12-04T19:35:10.919+0500] {dagbag.py:545} INFO - Filling up the DagBag from /Library/Frameworks/Python.framework/Versions/3.11/lib/python3.11/site-packages/airflow/example_dags/example_branch_labels.py
[2025-12-04T19:35:10.931+0500] {processor.py:840} INFO - DAG(s) 'example_branch_labels' retrieved from /Library/Frameworks/Python.framework/Versions/3.11/lib/python3.11/site-packages/airflow/example_dags/example_branch_labels.py
[2025-12-04T19:35:11.047+0500] {logging_mixin.py:188} INFO - [2025-12-04T19:35:11.047+0500] {dag.py:3089} INFO - Sync 1 DAGs
[2025-12-04T19:35:11.064+0500] {logging_mixin.py:188} INFO - [2025-12-04T19:35:11.064+0500] {dag.py:3947} INFO - Setting next_dagrun for example_branch_labels to 2025-12-03 00:00:00+00:00, run_after=2025-12-04 00:00:00+00:00
[2025-12-04T19:35:11.084+0500] {processor.py:183} INFO - Processing /Library/Frameworks/Python.framework/Versions/3.11/lib/python3.11/site-packages/airflow/example_dags/example_branch_labels.py took 0.171 seconds
[2025-12-04T19:39:35.261+0500] {processor.py:161} INFO - Started process (PID=14812) to work on /Library/Frameworks/Python.framework/Versions/3.11/lib/python3.11/site-packages/airflow/example_dags/example_branch_labels.py
[2025-12-04T19:39:35.263+0500] {processor.py:830} INFO - Processing file /Library/Frameworks/Python.framework/Versions/3.11/lib/python3.11/site-packages/airflow/example_dags/example_branch_labels.py for tasks to queue
[2025-12-04T19:39:35.264+0500] {logging_mixin.py:188} INFO - [2025-12-04T19:39:35.264+0500] {dagbag.py:545} INFO - Filling up the DagBag from /Library/Frameworks/Python.framework/Versions/3.11/lib/python3.11/site-packages/airflow/example_dags/example_branch_labels.py
[2025-12-04T19:39:35.276+0500] {processor.py:840} INFO - DAG(s) 'example_branch_labels' retrieved from /Library/Frameworks/Python.framework/Versions/3.11/lib/python3.11/site-packages/airflow/example_dags/example_branch_labels.py
[2025-12-04T19:39:35.389+0500] {logging_mixin.py:188} INFO - [2025-12-04T19:39:35.388+0500] {dag.py:3089} INFO - Sync 1 DAGs
[2025-12-04T19:39:35.405+0500] {logging_mixin.py:188} INFO - [2025-12-04T19:39:35.405+0500] {dag.py:3947} INFO - Setting next_dagrun for example_branch_labels to 2025-12-03 00:00:00+00:00, run_after=2025-12-04 00:00:00+00:00
[2025-12-04T19:39:35.427+0500] {processor.py:183} INFO - Processing /Library/Frameworks/Python.framework/Versions/3.11/lib/python3.11/site-packages/airflow/example_dags/example_branch_labels.py took 0.169 seconds
[2025-12-04T19:44:12.442+0500] {processor.py:161} INFO - Started process (PID=14976) to work on /Library/Frameworks/Python.framework/Versions/3.11/lib/python3.11/site-packages/airflow/example_dags/example_branch_labels.py
[2025-12-04T19:44:12.515+0500] {processor.py:830} INFO - Processing file /Library/Frameworks/Python.framework/Versions/3.11/lib/python3.11/site-packages/airflow/example_dags/example_branch_labels.py for tasks to queue
[2025-12-04T19:44:12.517+0500] {logging_mixin.py:188} INFO - [2025-12-04T19:44:12.515+0500] {dagbag.py:545} INFO - Filling up the DagBag from /Library/Frameworks/Python.framework/Versions/3.11/lib/python3.11/site-packages/airflow/example_dags/example_branch_labels.py
[2025-12-04T19:44:12.538+0500] {processor.py:840} INFO - DAG(s) 'example_branch_labels' retrieved from /Library/Frameworks/Python.framework/Versions/3.11/lib/python3.11/site-packages/airflow/example_dags/example_branch_labels.py
[2025-12-04T19:44:12.657+0500] {logging_mixin.py:188} INFO - [2025-12-04T19:44:12.656+0500] {dag.py:3089} INFO - Sync 1 DAGs
[2025-12-04T19:44:12.674+0500] {logging_mixin.py:188} INFO - [2025-12-04T19:44:12.674+0500] {dag.py:3947} INFO - Setting next_dagrun for example_branch_labels to 2025-12-03 00:00:00+00:00, run_after=2025-12-04 00:00:00+00:00
[2025-12-04T19:44:12.696+0500] {processor.py:183} INFO - Processing /Library/Frameworks/Python.framework/Versions/3.11/lib/python3.11/site-packages/airflow/example_dags/example_branch_labels.py took 0.257 seconds
[2025-12-04T19:48:56.351+0500] {processor.py:161} INFO - Started process (PID=15151) to work on /Library/Frameworks/Python.framework/Versions/3.11/lib/python3.11/site-packages/airflow/example_dags/example_branch_labels.py
[2025-12-04T19:48:56.353+0500] {processor.py:830} INFO - Processing file /Library/Frameworks/Python.framework/Versions/3.11/lib/python3.11/site-packages/airflow/example_dags/example_branch_labels.py for tasks to queue
[2025-12-04T19:48:56.354+0500] {logging_mixin.py:188} INFO - [2025-12-04T19:48:56.354+0500] {dagbag.py:545} INFO - Filling up the DagBag from /Library/Frameworks/Python.framework/Versions/3.11/lib/python3.11/site-packages/airflow/example_dags/example_branch_labels.py
[2025-12-04T19:48:56.368+0500] {processor.py:840} INFO - DAG(s) 'example_branch_labels' retrieved from /Library/Frameworks/Python.framework/Versions/3.11/lib/python3.11/site-packages/airflow/example_dags/example_branch_labels.py
[2025-12-04T19:48:56.485+0500] {logging_mixin.py:188} INFO - [2025-12-04T19:48:56.485+0500] {dag.py:3089} INFO - Sync 1 DAGs
[2025-12-04T19:48:56.502+0500] {logging_mixin.py:188} INFO - [2025-12-04T19:48:56.502+0500] {dag.py:3947} INFO - Setting next_dagrun for example_branch_labels to 2025-12-03 00:00:00+00:00, run_after=2025-12-04 00:00:00+00:00
[2025-12-04T19:48:56.523+0500] {processor.py:183} INFO - Processing /Library/Frameworks/Python.framework/Versions/3.11/lib/python3.11/site-packages/airflow/example_dags/example_branch_labels.py took 0.174 seconds
[2025-12-04T19:52:53.836+0500] {processor.py:161} INFO - Started process (PID=15332) to work on /Library/Frameworks/Python.framework/Versions/3.11/lib/python3.11/site-packages/airflow/example_dags/example_branch_labels.py
[2025-12-04T19:52:53.838+0500] {processor.py:830} INFO - Processing file /Library/Frameworks/Python.framework/Versions/3.11/lib/python3.11/site-packages/airflow/example_dags/example_branch_labels.py for tasks to queue
[2025-12-04T19:52:53.839+0500] {logging_mixin.py:188} INFO - [2025-12-04T19:52:53.839+0500] {dagbag.py:545} INFO - Filling up the DagBag from /Library/Frameworks/Python.framework/Versions/3.11/lib/python3.11/site-packages/airflow/example_dags/example_branch_labels.py
[2025-12-04T19:52:53.850+0500] {processor.py:840} INFO - DAG(s) 'example_branch_labels' retrieved from /Library/Frameworks/Python.framework/Versions/3.11/lib/python3.11/site-packages/airflow/example_dags/example_branch_labels.py
[2025-12-04T19:52:53.963+0500] {logging_mixin.py:188} INFO - [2025-12-04T19:52:53.962+0500] {dag.py:3089} INFO - Sync 1 DAGs
[2025-12-04T19:52:53.979+0500] {logging_mixin.py:188} INFO - [2025-12-04T19:52:53.979+0500] {dag.py:3947} INFO - Setting next_dagrun for example_branch_labels to 2025-12-03 00:00:00+00:00, run_after=2025-12-04 00:00:00+00:00
[2025-12-04T19:52:53.999+0500] {processor.py:183} INFO - Processing /Library/Frameworks/Python.framework/Versions/3.11/lib/python3.11/site-packages/airflow/example_dags/example_branch_labels.py took 0.166 seconds
[2025-12-04T19:56:40.721+0500] {processor.py:161} INFO - Started process (PID=15457) to work on /Library/Frameworks/Python.framework/Versions/3.11/lib/python3.11/site-packages/airflow/example_dags/example_branch_labels.py
[2025-12-04T19:56:40.723+0500] {processor.py:830} INFO - Processing file /Library/Frameworks/Python.framework/Versions/3.11/lib/python3.11/site-packages/airflow/example_dags/example_branch_labels.py for tasks to queue
[2025-12-04T19:56:40.724+0500] {logging_mixin.py:188} INFO - [2025-12-04T19:56:40.724+0500] {dagbag.py:545} INFO - Filling up the DagBag from /Library/Frameworks/Python.framework/Versions/3.11/lib/python3.11/site-packages/airflow/example_dags/example_branch_labels.py
[2025-12-04T19:56:40.736+0500] {processor.py:840} INFO - DAG(s) 'example_branch_labels' retrieved from /Library/Frameworks/Python.framework/Versions/3.11/lib/python3.11/site-packages/airflow/example_dags/example_branch_labels.py
[2025-12-04T19:56:40.849+0500] {logging_mixin.py:188} INFO - [2025-12-04T19:56:40.848+0500] {dag.py:3089} INFO - Sync 1 DAGs
[2025-12-04T19:56:40.866+0500] {logging_mixin.py:188} INFO - [2025-12-04T19:56:40.866+0500] {dag.py:3947} INFO - Setting next_dagrun for example_branch_labels to 2025-12-03 00:00:00+00:00, run_after=2025-12-04 00:00:00+00:00
[2025-12-04T19:56:40.886+0500] {processor.py:183} INFO - Processing /Library/Frameworks/Python.framework/Versions/3.11/lib/python3.11/site-packages/airflow/example_dags/example_branch_labels.py took 0.168 seconds
[2025-12-04T20:43:01.771+0500] {processor.py:161} INFO - Started process (PID=15672) to work on /Library/Frameworks/Python.framework/Versions/3.11/lib/python3.11/site-packages/airflow/example_dags/example_branch_labels.py
[2025-12-04T20:43:01.774+0500] {processor.py:830} INFO - Processing file /Library/Frameworks/Python.framework/Versions/3.11/lib/python3.11/site-packages/airflow/example_dags/example_branch_labels.py for tasks to queue
[2025-12-04T20:43:01.775+0500] {logging_mixin.py:188} INFO - [2025-12-04T20:43:01.775+0500] {dagbag.py:545} INFO - Filling up the DagBag from /Library/Frameworks/Python.framework/Versions/3.11/lib/python3.11/site-packages/airflow/example_dags/example_branch_labels.py
[2025-12-04T20:43:01.797+0500] {processor.py:840} INFO - DAG(s) 'example_branch_labels' retrieved from /Library/Frameworks/Python.framework/Versions/3.11/lib/python3.11/site-packages/airflow/example_dags/example_branch_labels.py
[2025-12-04T20:43:01.959+0500] {logging_mixin.py:188} INFO - [2025-12-04T20:43:01.958+0500] {dag.py:3089} INFO - Sync 1 DAGs
[2025-12-04T20:43:01.982+0500] {logging_mixin.py:188} INFO - [2025-12-04T20:43:01.981+0500] {dag.py:3947} INFO - Setting next_dagrun for example_branch_labels to 2025-12-03 00:00:00+00:00, run_after=2025-12-04 00:00:00+00:00
[2025-12-04T20:43:02.010+0500] {processor.py:183} INFO - Processing /Library/Frameworks/Python.framework/Versions/3.11/lib/python3.11/site-packages/airflow/example_dags/example_branch_labels.py took 0.242 seconds
[2025-12-04T20:48:14.678+0500] {processor.py:161} INFO - Started process (PID=15883) to work on /Library/Frameworks/Python.framework/Versions/3.11/lib/python3.11/site-packages/airflow/example_dags/example_branch_labels.py
[2025-12-04T20:48:14.680+0500] {processor.py:830} INFO - Processing file /Library/Frameworks/Python.framework/Versions/3.11/lib/python3.11/site-packages/airflow/example_dags/example_branch_labels.py for tasks to queue
[2025-12-04T20:48:14.681+0500] {logging_mixin.py:188} INFO - [2025-12-04T20:48:14.681+0500] {dagbag.py:545} INFO - Filling up the DagBag from /Library/Frameworks/Python.framework/Versions/3.11/lib/python3.11/site-packages/airflow/example_dags/example_branch_labels.py
[2025-12-04T20:48:14.693+0500] {processor.py:840} INFO - DAG(s) 'example_branch_labels' retrieved from /Library/Frameworks/Python.framework/Versions/3.11/lib/python3.11/site-packages/airflow/example_dags/example_branch_labels.py
[2025-12-04T20:48:14.810+0500] {logging_mixin.py:188} INFO - [2025-12-04T20:48:14.809+0500] {dag.py:3089} INFO - Sync 1 DAGs
[2025-12-04T20:48:14.828+0500] {logging_mixin.py:188} INFO - [2025-12-04T20:48:14.827+0500] {dag.py:3947} INFO - Setting next_dagrun for example_branch_labels to 2025-12-03 00:00:00+00:00, run_after=2025-12-04 00:00:00+00:00
[2025-12-04T20:48:14.895+0500] {processor.py:183} INFO - Processing /Library/Frameworks/Python.framework/Versions/3.11/lib/python3.11/site-packages/airflow/example_dags/example_branch_labels.py took 0.220 seconds
