[2025-12-04T18:19:10.028+0500] {processor.py:161} INFO - Started process (PID=11710) to work on /Library/Frameworks/Python.framework/Versions/3.11/lib/python3.11/site-packages/airflow/example_dags/example_setup_teardown_taskflow.py
[2025-12-04T18:19:10.032+0500] {processor.py:830} INFO - Processing file /Library/Frameworks/Python.framework/Versions/3.11/lib/python3.11/site-packages/airflow/example_dags/example_setup_teardown_taskflow.py for tasks to queue
[2025-12-04T18:19:10.033+0500] {logging_mixin.py:188} INFO - [2025-12-04T18:19:10.032+0500] {dagbag.py:545} INFO - Filling up the DagBag from /Library/Frameworks/Python.framework/Versions/3.11/lib/python3.11/site-packages/airflow/example_dags/example_setup_teardown_taskflow.py
[2025-12-04T18:19:10.165+0500] {processor.py:840} INFO - DAG(s) 'example_setup_teardown_taskflow' retrieved from /Library/Frameworks/Python.framework/Versions/3.11/lib/python3.11/site-packages/airflow/example_dags/example_setup_teardown_taskflow.py
[2025-12-04T18:19:10.568+0500] {logging_mixin.py:188} INFO - [2025-12-04T18:19:10.567+0500] {override.py:1858} INFO - Created Permission View: can edit on DAG:example_setup_teardown_taskflow
[2025-12-04T18:19:10.581+0500] {logging_mixin.py:188} INFO - [2025-12-04T18:19:10.581+0500] {override.py:1858} INFO - Created Permission View: can delete on DAG:example_setup_teardown_taskflow
[2025-12-04T18:19:10.593+0500] {logging_mixin.py:188} INFO - [2025-12-04T18:19:10.592+0500] {override.py:1858} INFO - Created Permission View: can read on DAG:example_setup_teardown_taskflow
[2025-12-04T18:19:10.593+0500] {logging_mixin.py:188} INFO - [2025-12-04T18:19:10.593+0500] {dag.py:3089} INFO - Sync 1 DAGs
[2025-12-04T18:19:10.607+0500] {logging_mixin.py:188} INFO - [2025-12-04T18:19:10.607+0500] {dag.py:3111} INFO - Creating ORM DAG for example_setup_teardown_taskflow
[2025-12-04T18:19:10.620+0500] {logging_mixin.py:188} INFO - [2025-12-04T18:19:10.619+0500] {dag.py:3947} INFO - Setting next_dagrun for example_setup_teardown_taskflow to 2025-12-03 00:00:00+00:00, run_after=2025-12-04 00:00:00+00:00
[2025-12-04T18:19:10.645+0500] {processor.py:183} INFO - Processing /Library/Frameworks/Python.framework/Versions/3.11/lib/python3.11/site-packages/airflow/example_dags/example_setup_teardown_taskflow.py took 0.620 seconds
[2025-12-04T18:21:56.109+0500] {processor.py:161} INFO - Started process (PID=11808) to work on /Library/Frameworks/Python.framework/Versions/3.11/lib/python3.11/site-packages/airflow/example_dags/example_setup_teardown_taskflow.py
[2025-12-04T18:21:56.111+0500] {processor.py:830} INFO - Processing file /Library/Frameworks/Python.framework/Versions/3.11/lib/python3.11/site-packages/airflow/example_dags/example_setup_teardown_taskflow.py for tasks to queue
[2025-12-04T18:21:56.112+0500] {logging_mixin.py:188} INFO - [2025-12-04T18:21:56.111+0500] {dagbag.py:545} INFO - Filling up the DagBag from /Library/Frameworks/Python.framework/Versions/3.11/lib/python3.11/site-packages/airflow/example_dags/example_setup_teardown_taskflow.py
[2025-12-04T18:21:56.153+0500] {processor.py:840} INFO - DAG(s) 'example_setup_teardown_taskflow' retrieved from /Library/Frameworks/Python.framework/Versions/3.11/lib/python3.11/site-packages/airflow/example_dags/example_setup_teardown_taskflow.py
[2025-12-04T18:21:56.269+0500] {logging_mixin.py:188} INFO - [2025-12-04T18:21:56.268+0500] {dag.py:3089} INFO - Sync 1 DAGs
[2025-12-04T18:21:56.286+0500] {logging_mixin.py:188} INFO - [2025-12-04T18:21:56.286+0500] {dag.py:3947} INFO - Setting next_dagrun for example_setup_teardown_taskflow to 2025-12-03 00:00:00+00:00, run_after=2025-12-04 00:00:00+00:00
[2025-12-04T18:21:56.307+0500] {processor.py:183} INFO - Processing /Library/Frameworks/Python.framework/Versions/3.11/lib/python3.11/site-packages/airflow/example_dags/example_setup_teardown_taskflow.py took 0.201 seconds
[2025-12-04T18:23:59.774+0500] {processor.py:161} INFO - Started process (PID=11883) to work on /Library/Frameworks/Python.framework/Versions/3.11/lib/python3.11/site-packages/airflow/example_dags/example_setup_teardown_taskflow.py
[2025-12-04T18:23:59.776+0500] {processor.py:830} INFO - Processing file /Library/Frameworks/Python.framework/Versions/3.11/lib/python3.11/site-packages/airflow/example_dags/example_setup_teardown_taskflow.py for tasks to queue
[2025-12-04T18:23:59.777+0500] {logging_mixin.py:188} INFO - [2025-12-04T18:23:59.777+0500] {dagbag.py:545} INFO - Filling up the DagBag from /Library/Frameworks/Python.framework/Versions/3.11/lib/python3.11/site-packages/airflow/example_dags/example_setup_teardown_taskflow.py
[2025-12-04T18:23:59.818+0500] {processor.py:840} INFO - DAG(s) 'example_setup_teardown_taskflow' retrieved from /Library/Frameworks/Python.framework/Versions/3.11/lib/python3.11/site-packages/airflow/example_dags/example_setup_teardown_taskflow.py
[2025-12-04T18:23:59.933+0500] {logging_mixin.py:188} INFO - [2025-12-04T18:23:59.932+0500] {dag.py:3089} INFO - Sync 1 DAGs
[2025-12-04T18:23:59.950+0500] {logging_mixin.py:188} INFO - [2025-12-04T18:23:59.950+0500] {dag.py:3947} INFO - Setting next_dagrun for example_setup_teardown_taskflow to 2025-12-03 00:00:00+00:00, run_after=2025-12-04 00:00:00+00:00
[2025-12-04T18:23:59.971+0500] {processor.py:183} INFO - Processing /Library/Frameworks/Python.framework/Versions/3.11/lib/python3.11/site-packages/airflow/example_dags/example_setup_teardown_taskflow.py took 0.200 seconds
[2025-12-04T18:26:06.064+0500] {processor.py:161} INFO - Started process (PID=11983) to work on /Library/Frameworks/Python.framework/Versions/3.11/lib/python3.11/site-packages/airflow/example_dags/example_setup_teardown_taskflow.py
[2025-12-04T18:26:06.066+0500] {processor.py:830} INFO - Processing file /Library/Frameworks/Python.framework/Versions/3.11/lib/python3.11/site-packages/airflow/example_dags/example_setup_teardown_taskflow.py for tasks to queue
[2025-12-04T18:26:06.067+0500] {logging_mixin.py:188} INFO - [2025-12-04T18:26:06.067+0500] {dagbag.py:545} INFO - Filling up the DagBag from /Library/Frameworks/Python.framework/Versions/3.11/lib/python3.11/site-packages/airflow/example_dags/example_setup_teardown_taskflow.py
[2025-12-04T18:26:06.117+0500] {processor.py:840} INFO - DAG(s) 'example_setup_teardown_taskflow' retrieved from /Library/Frameworks/Python.framework/Versions/3.11/lib/python3.11/site-packages/airflow/example_dags/example_setup_teardown_taskflow.py
[2025-12-04T18:26:06.252+0500] {logging_mixin.py:188} INFO - [2025-12-04T18:26:06.252+0500] {dag.py:3089} INFO - Sync 1 DAGs
[2025-12-04T18:26:06.273+0500] {logging_mixin.py:188} INFO - [2025-12-04T18:26:06.273+0500] {dag.py:3947} INFO - Setting next_dagrun for example_setup_teardown_taskflow to 2025-12-03 00:00:00+00:00, run_after=2025-12-04 00:00:00+00:00
[2025-12-04T18:26:06.300+0500] {processor.py:183} INFO - Processing /Library/Frameworks/Python.framework/Versions/3.11/lib/python3.11/site-packages/airflow/example_dags/example_setup_teardown_taskflow.py took 0.241 seconds
[2025-12-04T18:28:22.532+0500] {processor.py:161} INFO - Started process (PID=12106) to work on /Library/Frameworks/Python.framework/Versions/3.11/lib/python3.11/site-packages/airflow/example_dags/example_setup_teardown_taskflow.py
[2025-12-04T18:28:22.534+0500] {processor.py:830} INFO - Processing file /Library/Frameworks/Python.framework/Versions/3.11/lib/python3.11/site-packages/airflow/example_dags/example_setup_teardown_taskflow.py for tasks to queue
[2025-12-04T18:28:22.540+0500] {logging_mixin.py:188} INFO - [2025-12-04T18:28:22.534+0500] {dagbag.py:545} INFO - Filling up the DagBag from /Library/Frameworks/Python.framework/Versions/3.11/lib/python3.11/site-packages/airflow/example_dags/example_setup_teardown_taskflow.py
[2025-12-04T18:28:22.596+0500] {processor.py:840} INFO - DAG(s) 'example_setup_teardown_taskflow' retrieved from /Library/Frameworks/Python.framework/Versions/3.11/lib/python3.11/site-packages/airflow/example_dags/example_setup_teardown_taskflow.py
[2025-12-04T18:28:22.736+0500] {logging_mixin.py:188} INFO - [2025-12-04T18:28:22.736+0500] {dag.py:3089} INFO - Sync 1 DAGs
[2025-12-04T18:28:22.757+0500] {logging_mixin.py:188} INFO - [2025-12-04T18:28:22.755+0500] {dag.py:3947} INFO - Setting next_dagrun for example_setup_teardown_taskflow to 2025-12-03 00:00:00+00:00, run_after=2025-12-04 00:00:00+00:00
[2025-12-04T18:28:22.783+0500] {processor.py:183} INFO - Processing /Library/Frameworks/Python.framework/Versions/3.11/lib/python3.11/site-packages/airflow/example_dags/example_setup_teardown_taskflow.py took 0.255 seconds
[2025-12-04T18:30:53.690+0500] {processor.py:161} INFO - Started process (PID=12212) to work on /Library/Frameworks/Python.framework/Versions/3.11/lib/python3.11/site-packages/airflow/example_dags/example_setup_teardown_taskflow.py
[2025-12-04T18:30:53.692+0500] {processor.py:830} INFO - Processing file /Library/Frameworks/Python.framework/Versions/3.11/lib/python3.11/site-packages/airflow/example_dags/example_setup_teardown_taskflow.py for tasks to queue
[2025-12-04T18:30:53.693+0500] {logging_mixin.py:188} INFO - [2025-12-04T18:30:53.693+0500] {dagbag.py:545} INFO - Filling up the DagBag from /Library/Frameworks/Python.framework/Versions/3.11/lib/python3.11/site-packages/airflow/example_dags/example_setup_teardown_taskflow.py
[2025-12-04T18:30:53.735+0500] {processor.py:840} INFO - DAG(s) 'example_setup_teardown_taskflow' retrieved from /Library/Frameworks/Python.framework/Versions/3.11/lib/python3.11/site-packages/airflow/example_dags/example_setup_teardown_taskflow.py
[2025-12-04T18:30:53.856+0500] {logging_mixin.py:188} INFO - [2025-12-04T18:30:53.855+0500] {dag.py:3089} INFO - Sync 1 DAGs
[2025-12-04T18:30:53.874+0500] {logging_mixin.py:188} INFO - [2025-12-04T18:30:53.873+0500] {dag.py:3947} INFO - Setting next_dagrun for example_setup_teardown_taskflow to 2025-12-03 00:00:00+00:00, run_after=2025-12-04 00:00:00+00:00
[2025-12-04T18:30:53.896+0500] {processor.py:183} INFO - Processing /Library/Frameworks/Python.framework/Versions/3.11/lib/python3.11/site-packages/airflow/example_dags/example_setup_teardown_taskflow.py took 0.209 seconds
[2025-12-04T18:33:18.280+0500] {processor.py:161} INFO - Started process (PID=12322) to work on /Library/Frameworks/Python.framework/Versions/3.11/lib/python3.11/site-packages/airflow/example_dags/example_setup_teardown_taskflow.py
[2025-12-04T18:33:18.284+0500] {processor.py:830} INFO - Processing file /Library/Frameworks/Python.framework/Versions/3.11/lib/python3.11/site-packages/airflow/example_dags/example_setup_teardown_taskflow.py for tasks to queue
[2025-12-04T18:33:18.288+0500] {logging_mixin.py:188} INFO - [2025-12-04T18:33:18.288+0500] {dagbag.py:545} INFO - Filling up the DagBag from /Library/Frameworks/Python.framework/Versions/3.11/lib/python3.11/site-packages/airflow/example_dags/example_setup_teardown_taskflow.py
[2025-12-04T18:33:18.333+0500] {processor.py:840} INFO - DAG(s) 'example_setup_teardown_taskflow' retrieved from /Library/Frameworks/Python.framework/Versions/3.11/lib/python3.11/site-packages/airflow/example_dags/example_setup_teardown_taskflow.py
[2025-12-04T18:33:18.448+0500] {logging_mixin.py:188} INFO - [2025-12-04T18:33:18.447+0500] {dag.py:3089} INFO - Sync 1 DAGs
[2025-12-04T18:33:18.466+0500] {logging_mixin.py:188} INFO - [2025-12-04T18:33:18.466+0500] {dag.py:3947} INFO - Setting next_dagrun for example_setup_teardown_taskflow to 2025-12-03 00:00:00+00:00, run_after=2025-12-04 00:00:00+00:00
[2025-12-04T18:33:18.619+0500] {processor.py:183} INFO - Processing /Library/Frameworks/Python.framework/Versions/3.11/lib/python3.11/site-packages/airflow/example_dags/example_setup_teardown_taskflow.py took 0.341 seconds
[2025-12-04T18:35:29.490+0500] {processor.py:161} INFO - Started process (PID=12420) to work on /Library/Frameworks/Python.framework/Versions/3.11/lib/python3.11/site-packages/airflow/example_dags/example_setup_teardown_taskflow.py
[2025-12-04T18:35:29.492+0500] {processor.py:830} INFO - Processing file /Library/Frameworks/Python.framework/Versions/3.11/lib/python3.11/site-packages/airflow/example_dags/example_setup_teardown_taskflow.py for tasks to queue
[2025-12-04T18:35:29.493+0500] {logging_mixin.py:188} INFO - [2025-12-04T18:35:29.493+0500] {dagbag.py:545} INFO - Filling up the DagBag from /Library/Frameworks/Python.framework/Versions/3.11/lib/python3.11/site-packages/airflow/example_dags/example_setup_teardown_taskflow.py
[2025-12-04T18:35:29.534+0500] {processor.py:840} INFO - DAG(s) 'example_setup_teardown_taskflow' retrieved from /Library/Frameworks/Python.framework/Versions/3.11/lib/python3.11/site-packages/airflow/example_dags/example_setup_teardown_taskflow.py
[2025-12-04T18:35:29.645+0500] {logging_mixin.py:188} INFO - [2025-12-04T18:35:29.645+0500] {dag.py:3089} INFO - Sync 1 DAGs
[2025-12-04T18:35:29.662+0500] {logging_mixin.py:188} INFO - [2025-12-04T18:35:29.661+0500] {dag.py:3947} INFO - Setting next_dagrun for example_setup_teardown_taskflow to 2025-12-03 00:00:00+00:00, run_after=2025-12-04 00:00:00+00:00
[2025-12-04T18:35:29.682+0500] {processor.py:183} INFO - Processing /Library/Frameworks/Python.framework/Versions/3.11/lib/python3.11/site-packages/airflow/example_dags/example_setup_teardown_taskflow.py took 0.195 seconds
[2025-12-04T18:37:28.349+0500] {processor.py:161} INFO - Started process (PID=12486) to work on /Library/Frameworks/Python.framework/Versions/3.11/lib/python3.11/site-packages/airflow/example_dags/example_setup_teardown_taskflow.py
[2025-12-04T18:37:28.351+0500] {processor.py:830} INFO - Processing file /Library/Frameworks/Python.framework/Versions/3.11/lib/python3.11/site-packages/airflow/example_dags/example_setup_teardown_taskflow.py for tasks to queue
[2025-12-04T18:37:28.352+0500] {logging_mixin.py:188} INFO - [2025-12-04T18:37:28.351+0500] {dagbag.py:545} INFO - Filling up the DagBag from /Library/Frameworks/Python.framework/Versions/3.11/lib/python3.11/site-packages/airflow/example_dags/example_setup_teardown_taskflow.py
[2025-12-04T18:37:28.392+0500] {processor.py:840} INFO - DAG(s) 'example_setup_teardown_taskflow' retrieved from /Library/Frameworks/Python.framework/Versions/3.11/lib/python3.11/site-packages/airflow/example_dags/example_setup_teardown_taskflow.py
[2025-12-04T18:37:28.503+0500] {logging_mixin.py:188} INFO - [2025-12-04T18:37:28.503+0500] {dag.py:3089} INFO - Sync 1 DAGs
[2025-12-04T18:37:28.521+0500] {logging_mixin.py:188} INFO - [2025-12-04T18:37:28.521+0500] {dag.py:3947} INFO - Setting next_dagrun for example_setup_teardown_taskflow to 2025-12-03 00:00:00+00:00, run_after=2025-12-04 00:00:00+00:00
[2025-12-04T18:37:28.542+0500] {processor.py:183} INFO - Processing /Library/Frameworks/Python.framework/Versions/3.11/lib/python3.11/site-packages/airflow/example_dags/example_setup_teardown_taskflow.py took 0.196 seconds
[2025-12-04T18:39:20.510+0500] {processor.py:161} INFO - Started process (PID=12552) to work on /Library/Frameworks/Python.framework/Versions/3.11/lib/python3.11/site-packages/airflow/example_dags/example_setup_teardown_taskflow.py
[2025-12-04T18:39:20.512+0500] {processor.py:830} INFO - Processing file /Library/Frameworks/Python.framework/Versions/3.11/lib/python3.11/site-packages/airflow/example_dags/example_setup_teardown_taskflow.py for tasks to queue
[2025-12-04T18:39:20.513+0500] {logging_mixin.py:188} INFO - [2025-12-04T18:39:20.512+0500] {dagbag.py:545} INFO - Filling up the DagBag from /Library/Frameworks/Python.framework/Versions/3.11/lib/python3.11/site-packages/airflow/example_dags/example_setup_teardown_taskflow.py
[2025-12-04T18:39:20.554+0500] {processor.py:840} INFO - DAG(s) 'example_setup_teardown_taskflow' retrieved from /Library/Frameworks/Python.framework/Versions/3.11/lib/python3.11/site-packages/airflow/example_dags/example_setup_teardown_taskflow.py
[2025-12-04T18:39:20.665+0500] {logging_mixin.py:188} INFO - [2025-12-04T18:39:20.665+0500] {dag.py:3089} INFO - Sync 1 DAGs
[2025-12-04T18:39:20.682+0500] {logging_mixin.py:188} INFO - [2025-12-04T18:39:20.682+0500] {dag.py:3947} INFO - Setting next_dagrun for example_setup_teardown_taskflow to 2025-12-03 00:00:00+00:00, run_after=2025-12-04 00:00:00+00:00
[2025-12-04T18:39:20.703+0500] {processor.py:183} INFO - Processing /Library/Frameworks/Python.framework/Versions/3.11/lib/python3.11/site-packages/airflow/example_dags/example_setup_teardown_taskflow.py took 0.196 seconds
[2025-12-04T18:41:25.183+0500] {processor.py:161} INFO - Started process (PID=12659) to work on /Library/Frameworks/Python.framework/Versions/3.11/lib/python3.11/site-packages/airflow/example_dags/example_setup_teardown_taskflow.py
[2025-12-04T18:41:25.185+0500] {processor.py:830} INFO - Processing file /Library/Frameworks/Python.framework/Versions/3.11/lib/python3.11/site-packages/airflow/example_dags/example_setup_teardown_taskflow.py for tasks to queue
[2025-12-04T18:41:25.186+0500] {logging_mixin.py:188} INFO - [2025-12-04T18:41:25.186+0500] {dagbag.py:545} INFO - Filling up the DagBag from /Library/Frameworks/Python.framework/Versions/3.11/lib/python3.11/site-packages/airflow/example_dags/example_setup_teardown_taskflow.py
[2025-12-04T18:41:25.229+0500] {processor.py:840} INFO - DAG(s) 'example_setup_teardown_taskflow' retrieved from /Library/Frameworks/Python.framework/Versions/3.11/lib/python3.11/site-packages/airflow/example_dags/example_setup_teardown_taskflow.py
[2025-12-04T18:41:25.368+0500] {logging_mixin.py:188} INFO - [2025-12-04T18:41:25.368+0500] {dag.py:3089} INFO - Sync 1 DAGs
[2025-12-04T18:41:25.391+0500] {logging_mixin.py:188} INFO - [2025-12-04T18:41:25.391+0500] {dag.py:3947} INFO - Setting next_dagrun for example_setup_teardown_taskflow to 2025-12-03 00:00:00+00:00, run_after=2025-12-04 00:00:00+00:00
[2025-12-04T18:41:25.414+0500] {processor.py:183} INFO - Processing /Library/Frameworks/Python.framework/Versions/3.11/lib/python3.11/site-packages/airflow/example_dags/example_setup_teardown_taskflow.py took 0.235 seconds
[2025-12-04T18:43:38.120+0500] {processor.py:161} INFO - Started process (PID=12729) to work on /Library/Frameworks/Python.framework/Versions/3.11/lib/python3.11/site-packages/airflow/example_dags/example_setup_teardown_taskflow.py
[2025-12-04T18:43:38.122+0500] {processor.py:830} INFO - Processing file /Library/Frameworks/Python.framework/Versions/3.11/lib/python3.11/site-packages/airflow/example_dags/example_setup_teardown_taskflow.py for tasks to queue
[2025-12-04T18:43:38.123+0500] {logging_mixin.py:188} INFO - [2025-12-04T18:43:38.123+0500] {dagbag.py:545} INFO - Filling up the DagBag from /Library/Frameworks/Python.framework/Versions/3.11/lib/python3.11/site-packages/airflow/example_dags/example_setup_teardown_taskflow.py
[2025-12-04T18:43:38.166+0500] {processor.py:840} INFO - DAG(s) 'example_setup_teardown_taskflow' retrieved from /Library/Frameworks/Python.framework/Versions/3.11/lib/python3.11/site-packages/airflow/example_dags/example_setup_teardown_taskflow.py
[2025-12-04T18:43:38.284+0500] {logging_mixin.py:188} INFO - [2025-12-04T18:43:38.284+0500] {dag.py:3089} INFO - Sync 1 DAGs
[2025-12-04T18:43:38.303+0500] {logging_mixin.py:188} INFO - [2025-12-04T18:43:38.303+0500] {dag.py:3947} INFO - Setting next_dagrun for example_setup_teardown_taskflow to 2025-12-03 00:00:00+00:00, run_after=2025-12-04 00:00:00+00:00
[2025-12-04T18:43:38.326+0500] {processor.py:183} INFO - Processing /Library/Frameworks/Python.framework/Versions/3.11/lib/python3.11/site-packages/airflow/example_dags/example_setup_teardown_taskflow.py took 0.210 seconds
[2025-12-04T18:45:41.949+0500] {processor.py:161} INFO - Started process (PID=12816) to work on /Library/Frameworks/Python.framework/Versions/3.11/lib/python3.11/site-packages/airflow/example_dags/example_setup_teardown_taskflow.py
[2025-12-04T18:45:41.951+0500] {processor.py:830} INFO - Processing file /Library/Frameworks/Python.framework/Versions/3.11/lib/python3.11/site-packages/airflow/example_dags/example_setup_teardown_taskflow.py for tasks to queue
[2025-12-04T18:45:41.952+0500] {logging_mixin.py:188} INFO - [2025-12-04T18:45:41.952+0500] {dagbag.py:545} INFO - Filling up the DagBag from /Library/Frameworks/Python.framework/Versions/3.11/lib/python3.11/site-packages/airflow/example_dags/example_setup_teardown_taskflow.py
[2025-12-04T18:45:41.992+0500] {processor.py:840} INFO - DAG(s) 'example_setup_teardown_taskflow' retrieved from /Library/Frameworks/Python.framework/Versions/3.11/lib/python3.11/site-packages/airflow/example_dags/example_setup_teardown_taskflow.py
[2025-12-04T18:45:42.103+0500] {logging_mixin.py:188} INFO - [2025-12-04T18:45:42.103+0500] {dag.py:3089} INFO - Sync 1 DAGs
[2025-12-04T18:45:42.120+0500] {logging_mixin.py:188} INFO - [2025-12-04T18:45:42.120+0500] {dag.py:3947} INFO - Setting next_dagrun for example_setup_teardown_taskflow to 2025-12-03 00:00:00+00:00, run_after=2025-12-04 00:00:00+00:00
[2025-12-04T18:45:42.147+0500] {processor.py:183} INFO - Processing /Library/Frameworks/Python.framework/Versions/3.11/lib/python3.11/site-packages/airflow/example_dags/example_setup_teardown_taskflow.py took 0.200 seconds
[2025-12-04T18:47:41.372+0500] {processor.py:161} INFO - Started process (PID=12899) to work on /Library/Frameworks/Python.framework/Versions/3.11/lib/python3.11/site-packages/airflow/example_dags/example_setup_teardown_taskflow.py
[2025-12-04T18:47:41.374+0500] {processor.py:830} INFO - Processing file /Library/Frameworks/Python.framework/Versions/3.11/lib/python3.11/site-packages/airflow/example_dags/example_setup_teardown_taskflow.py for tasks to queue
[2025-12-04T18:47:41.375+0500] {logging_mixin.py:188} INFO - [2025-12-04T18:47:41.375+0500] {dagbag.py:545} INFO - Filling up the DagBag from /Library/Frameworks/Python.framework/Versions/3.11/lib/python3.11/site-packages/airflow/example_dags/example_setup_teardown_taskflow.py
[2025-12-04T18:47:41.416+0500] {processor.py:840} INFO - DAG(s) 'example_setup_teardown_taskflow' retrieved from /Library/Frameworks/Python.framework/Versions/3.11/lib/python3.11/site-packages/airflow/example_dags/example_setup_teardown_taskflow.py
[2025-12-04T18:47:41.534+0500] {logging_mixin.py:188} INFO - [2025-12-04T18:47:41.533+0500] {dag.py:3089} INFO - Sync 1 DAGs
[2025-12-04T18:47:41.551+0500] {logging_mixin.py:188} INFO - [2025-12-04T18:47:41.551+0500] {dag.py:3947} INFO - Setting next_dagrun for example_setup_teardown_taskflow to 2025-12-03 00:00:00+00:00, run_after=2025-12-04 00:00:00+00:00
[2025-12-04T18:47:41.572+0500] {processor.py:183} INFO - Processing /Library/Frameworks/Python.framework/Versions/3.11/lib/python3.11/site-packages/airflow/example_dags/example_setup_teardown_taskflow.py took 0.204 seconds
[2025-12-04T18:49:50.149+0500] {processor.py:161} INFO - Started process (PID=12969) to work on /Library/Frameworks/Python.framework/Versions/3.11/lib/python3.11/site-packages/airflow/example_dags/example_setup_teardown_taskflow.py
[2025-12-04T18:49:50.151+0500] {processor.py:830} INFO - Processing file /Library/Frameworks/Python.framework/Versions/3.11/lib/python3.11/site-packages/airflow/example_dags/example_setup_teardown_taskflow.py for tasks to queue
[2025-12-04T18:49:50.152+0500] {logging_mixin.py:188} INFO - [2025-12-04T18:49:50.152+0500] {dagbag.py:545} INFO - Filling up the DagBag from /Library/Frameworks/Python.framework/Versions/3.11/lib/python3.11/site-packages/airflow/example_dags/example_setup_teardown_taskflow.py
[2025-12-04T18:49:50.193+0500] {processor.py:840} INFO - DAG(s) 'example_setup_teardown_taskflow' retrieved from /Library/Frameworks/Python.framework/Versions/3.11/lib/python3.11/site-packages/airflow/example_dags/example_setup_teardown_taskflow.py
[2025-12-04T18:49:50.318+0500] {logging_mixin.py:188} INFO - [2025-12-04T18:49:50.318+0500] {dag.py:3089} INFO - Sync 1 DAGs
[2025-12-04T18:49:50.337+0500] {logging_mixin.py:188} INFO - [2025-12-04T18:49:50.337+0500] {dag.py:3947} INFO - Setting next_dagrun for example_setup_teardown_taskflow to 2025-12-03 00:00:00+00:00, run_after=2025-12-04 00:00:00+00:00
[2025-12-04T18:49:50.359+0500] {processor.py:183} INFO - Processing /Library/Frameworks/Python.framework/Versions/3.11/lib/python3.11/site-packages/airflow/example_dags/example_setup_teardown_taskflow.py took 0.213 seconds
[2025-12-04T18:52:12.686+0500] {processor.py:161} INFO - Started process (PID=13061) to work on /Library/Frameworks/Python.framework/Versions/3.11/lib/python3.11/site-packages/airflow/example_dags/example_setup_teardown_taskflow.py
[2025-12-04T18:52:12.689+0500] {processor.py:830} INFO - Processing file /Library/Frameworks/Python.framework/Versions/3.11/lib/python3.11/site-packages/airflow/example_dags/example_setup_teardown_taskflow.py for tasks to queue
[2025-12-04T18:52:12.690+0500] {logging_mixin.py:188} INFO - [2025-12-04T18:52:12.689+0500] {dagbag.py:545} INFO - Filling up the DagBag from /Library/Frameworks/Python.framework/Versions/3.11/lib/python3.11/site-packages/airflow/example_dags/example_setup_teardown_taskflow.py
[2025-12-04T18:52:12.734+0500] {processor.py:840} INFO - DAG(s) 'example_setup_teardown_taskflow' retrieved from /Library/Frameworks/Python.framework/Versions/3.11/lib/python3.11/site-packages/airflow/example_dags/example_setup_teardown_taskflow.py
[2025-12-04T18:52:12.877+0500] {logging_mixin.py:188} INFO - [2025-12-04T18:52:12.876+0500] {dag.py:3089} INFO - Sync 1 DAGs
[2025-12-04T18:52:12.896+0500] {logging_mixin.py:188} INFO - [2025-12-04T18:52:12.895+0500] {dag.py:3947} INFO - Setting next_dagrun for example_setup_teardown_taskflow to 2025-12-03 00:00:00+00:00, run_after=2025-12-04 00:00:00+00:00
[2025-12-04T18:52:12.918+0500] {processor.py:183} INFO - Processing /Library/Frameworks/Python.framework/Versions/3.11/lib/python3.11/site-packages/airflow/example_dags/example_setup_teardown_taskflow.py took 0.234 seconds
[2025-12-04T18:54:21.049+0500] {processor.py:161} INFO - Started process (PID=13140) to work on /Library/Frameworks/Python.framework/Versions/3.11/lib/python3.11/site-packages/airflow/example_dags/example_setup_teardown_taskflow.py
[2025-12-04T18:54:21.051+0500] {processor.py:830} INFO - Processing file /Library/Frameworks/Python.framework/Versions/3.11/lib/python3.11/site-packages/airflow/example_dags/example_setup_teardown_taskflow.py for tasks to queue
[2025-12-04T18:54:21.052+0500] {logging_mixin.py:188} INFO - [2025-12-04T18:54:21.052+0500] {dagbag.py:545} INFO - Filling up the DagBag from /Library/Frameworks/Python.framework/Versions/3.11/lib/python3.11/site-packages/airflow/example_dags/example_setup_teardown_taskflow.py
[2025-12-04T18:54:21.090+0500] {processor.py:840} INFO - DAG(s) 'example_setup_teardown_taskflow' retrieved from /Library/Frameworks/Python.framework/Versions/3.11/lib/python3.11/site-packages/airflow/example_dags/example_setup_teardown_taskflow.py
[2025-12-04T18:54:21.208+0500] {logging_mixin.py:188} INFO - [2025-12-04T18:54:21.208+0500] {dag.py:3089} INFO - Sync 1 DAGs
[2025-12-04T18:54:21.226+0500] {logging_mixin.py:188} INFO - [2025-12-04T18:54:21.226+0500] {dag.py:3947} INFO - Setting next_dagrun for example_setup_teardown_taskflow to 2025-12-03 00:00:00+00:00, run_after=2025-12-04 00:00:00+00:00
[2025-12-04T18:54:21.247+0500] {processor.py:183} INFO - Processing /Library/Frameworks/Python.framework/Versions/3.11/lib/python3.11/site-packages/airflow/example_dags/example_setup_teardown_taskflow.py took 0.201 seconds
[2025-12-04T19:33:49.092+0500] {processor.py:161} INFO - Started process (PID=14572) to work on /Library/Frameworks/Python.framework/Versions/3.11/lib/python3.11/site-packages/airflow/example_dags/example_setup_teardown_taskflow.py
[2025-12-04T19:33:49.094+0500] {processor.py:830} INFO - Processing file /Library/Frameworks/Python.framework/Versions/3.11/lib/python3.11/site-packages/airflow/example_dags/example_setup_teardown_taskflow.py for tasks to queue
[2025-12-04T19:33:49.095+0500] {logging_mixin.py:188} INFO - [2025-12-04T19:33:49.095+0500] {dagbag.py:545} INFO - Filling up the DagBag from /Library/Frameworks/Python.framework/Versions/3.11/lib/python3.11/site-packages/airflow/example_dags/example_setup_teardown_taskflow.py
[2025-12-04T19:33:49.143+0500] {processor.py:840} INFO - DAG(s) 'example_setup_teardown_taskflow' retrieved from /Library/Frameworks/Python.framework/Versions/3.11/lib/python3.11/site-packages/airflow/example_dags/example_setup_teardown_taskflow.py
[2025-12-04T19:33:49.287+0500] {logging_mixin.py:188} INFO - [2025-12-04T19:33:49.287+0500] {dag.py:3089} INFO - Sync 1 DAGs
[2025-12-04T19:33:49.306+0500] {logging_mixin.py:188} INFO - [2025-12-04T19:33:49.305+0500] {dag.py:3947} INFO - Setting next_dagrun for example_setup_teardown_taskflow to 2025-12-03 00:00:00+00:00, run_after=2025-12-04 00:00:00+00:00
[2025-12-04T19:33:49.329+0500] {processor.py:183} INFO - Processing /Library/Frameworks/Python.framework/Versions/3.11/lib/python3.11/site-packages/airflow/example_dags/example_setup_teardown_taskflow.py took 0.242 seconds
[2025-12-04T19:36:54.432+0500] {processor.py:161} INFO - Started process (PID=14720) to work on /Library/Frameworks/Python.framework/Versions/3.11/lib/python3.11/site-packages/airflow/example_dags/example_setup_teardown_taskflow.py
[2025-12-04T19:36:54.435+0500] {processor.py:830} INFO - Processing file /Library/Frameworks/Python.framework/Versions/3.11/lib/python3.11/site-packages/airflow/example_dags/example_setup_teardown_taskflow.py for tasks to queue
[2025-12-04T19:36:54.436+0500] {logging_mixin.py:188} INFO - [2025-12-04T19:36:54.435+0500] {dagbag.py:545} INFO - Filling up the DagBag from /Library/Frameworks/Python.framework/Versions/3.11/lib/python3.11/site-packages/airflow/example_dags/example_setup_teardown_taskflow.py
[2025-12-04T19:36:54.488+0500] {processor.py:840} INFO - DAG(s) 'example_setup_teardown_taskflow' retrieved from /Library/Frameworks/Python.framework/Versions/3.11/lib/python3.11/site-packages/airflow/example_dags/example_setup_teardown_taskflow.py
[2025-12-04T19:36:54.631+0500] {logging_mixin.py:188} INFO - [2025-12-04T19:36:54.631+0500] {dag.py:3089} INFO - Sync 1 DAGs
[2025-12-04T19:36:54.656+0500] {logging_mixin.py:188} INFO - [2025-12-04T19:36:54.656+0500] {dag.py:3947} INFO - Setting next_dagrun for example_setup_teardown_taskflow to 2025-12-03 00:00:00+00:00, run_after=2025-12-04 00:00:00+00:00
[2025-12-04T19:36:54.684+0500] {processor.py:183} INFO - Processing /Library/Frameworks/Python.framework/Versions/3.11/lib/python3.11/site-packages/airflow/example_dags/example_setup_teardown_taskflow.py took 0.255 seconds
[2025-12-04T19:38:58.207+0500] {processor.py:161} INFO - Started process (PID=14789) to work on /Library/Frameworks/Python.framework/Versions/3.11/lib/python3.11/site-packages/airflow/example_dags/example_setup_teardown_taskflow.py
[2025-12-04T19:38:58.208+0500] {processor.py:830} INFO - Processing file /Library/Frameworks/Python.framework/Versions/3.11/lib/python3.11/site-packages/airflow/example_dags/example_setup_teardown_taskflow.py for tasks to queue
[2025-12-04T19:38:58.209+0500] {logging_mixin.py:188} INFO - [2025-12-04T19:38:58.208+0500] {dagbag.py:545} INFO - Filling up the DagBag from /Library/Frameworks/Python.framework/Versions/3.11/lib/python3.11/site-packages/airflow/example_dags/example_setup_teardown_taskflow.py
[2025-12-04T19:38:58.249+0500] {processor.py:840} INFO - DAG(s) 'example_setup_teardown_taskflow' retrieved from /Library/Frameworks/Python.framework/Versions/3.11/lib/python3.11/site-packages/airflow/example_dags/example_setup_teardown_taskflow.py
[2025-12-04T19:38:58.358+0500] {logging_mixin.py:188} INFO - [2025-12-04T19:38:58.358+0500] {dag.py:3089} INFO - Sync 1 DAGs
[2025-12-04T19:38:58.376+0500] {logging_mixin.py:188} INFO - [2025-12-04T19:38:58.375+0500] {dag.py:3947} INFO - Setting next_dagrun for example_setup_teardown_taskflow to 2025-12-03 00:00:00+00:00, run_after=2025-12-04 00:00:00+00:00
[2025-12-04T19:38:58.397+0500] {processor.py:183} INFO - Processing /Library/Frameworks/Python.framework/Versions/3.11/lib/python3.11/site-packages/airflow/example_dags/example_setup_teardown_taskflow.py took 0.193 seconds
[2025-12-04T19:41:11.932+0500] {processor.py:161} INFO - Started process (PID=14883) to work on /Library/Frameworks/Python.framework/Versions/3.11/lib/python3.11/site-packages/airflow/example_dags/example_setup_teardown_taskflow.py
[2025-12-04T19:41:11.934+0500] {processor.py:830} INFO - Processing file /Library/Frameworks/Python.framework/Versions/3.11/lib/python3.11/site-packages/airflow/example_dags/example_setup_teardown_taskflow.py for tasks to queue
[2025-12-04T19:41:11.935+0500] {logging_mixin.py:188} INFO - [2025-12-04T19:41:11.935+0500] {dagbag.py:545} INFO - Filling up the DagBag from /Library/Frameworks/Python.framework/Versions/3.11/lib/python3.11/site-packages/airflow/example_dags/example_setup_teardown_taskflow.py
[2025-12-04T19:41:11.977+0500] {processor.py:840} INFO - DAG(s) 'example_setup_teardown_taskflow' retrieved from /Library/Frameworks/Python.framework/Versions/3.11/lib/python3.11/site-packages/airflow/example_dags/example_setup_teardown_taskflow.py
[2025-12-04T19:41:12.094+0500] {logging_mixin.py:188} INFO - [2025-12-04T19:41:12.094+0500] {dag.py:3089} INFO - Sync 1 DAGs
[2025-12-04T19:41:12.114+0500] {logging_mixin.py:188} INFO - [2025-12-04T19:41:12.114+0500] {dag.py:3947} INFO - Setting next_dagrun for example_setup_teardown_taskflow to 2025-12-03 00:00:00+00:00, run_after=2025-12-04 00:00:00+00:00
[2025-12-04T19:41:12.140+0500] {processor.py:183} INFO - Processing /Library/Frameworks/Python.framework/Versions/3.11/lib/python3.11/site-packages/airflow/example_dags/example_setup_teardown_taskflow.py took 0.211 seconds
[2025-12-04T19:43:25.918+0500] {processor.py:161} INFO - Started process (PID=14954) to work on /Library/Frameworks/Python.framework/Versions/3.11/lib/python3.11/site-packages/airflow/example_dags/example_setup_teardown_taskflow.py
[2025-12-04T19:43:25.920+0500] {processor.py:830} INFO - Processing file /Library/Frameworks/Python.framework/Versions/3.11/lib/python3.11/site-packages/airflow/example_dags/example_setup_teardown_taskflow.py for tasks to queue
[2025-12-04T19:43:25.922+0500] {logging_mixin.py:188} INFO - [2025-12-04T19:43:25.921+0500] {dagbag.py:545} INFO - Filling up the DagBag from /Library/Frameworks/Python.framework/Versions/3.11/lib/python3.11/site-packages/airflow/example_dags/example_setup_teardown_taskflow.py
[2025-12-04T19:43:25.963+0500] {processor.py:840} INFO - DAG(s) 'example_setup_teardown_taskflow' retrieved from /Library/Frameworks/Python.framework/Versions/3.11/lib/python3.11/site-packages/airflow/example_dags/example_setup_teardown_taskflow.py
[2025-12-04T19:43:26.099+0500] {logging_mixin.py:188} INFO - [2025-12-04T19:43:26.098+0500] {dag.py:3089} INFO - Sync 1 DAGs
[2025-12-04T19:43:26.150+0500] {logging_mixin.py:188} INFO - [2025-12-04T19:43:26.149+0500] {dag.py:3947} INFO - Setting next_dagrun for example_setup_teardown_taskflow to 2025-12-03 00:00:00+00:00, run_after=2025-12-04 00:00:00+00:00
[2025-12-04T19:43:26.185+0500] {processor.py:183} INFO - Processing /Library/Frameworks/Python.framework/Versions/3.11/lib/python3.11/site-packages/airflow/example_dags/example_setup_teardown_taskflow.py took 0.270 seconds
[2025-12-04T19:45:46.870+0500] {processor.py:161} INFO - Started process (PID=15031) to work on /Library/Frameworks/Python.framework/Versions/3.11/lib/python3.11/site-packages/airflow/example_dags/example_setup_teardown_taskflow.py
[2025-12-04T19:45:46.872+0500] {processor.py:830} INFO - Processing file /Library/Frameworks/Python.framework/Versions/3.11/lib/python3.11/site-packages/airflow/example_dags/example_setup_teardown_taskflow.py for tasks to queue
[2025-12-04T19:45:46.873+0500] {logging_mixin.py:188} INFO - [2025-12-04T19:45:46.873+0500] {dagbag.py:545} INFO - Filling up the DagBag from /Library/Frameworks/Python.framework/Versions/3.11/lib/python3.11/site-packages/airflow/example_dags/example_setup_teardown_taskflow.py
[2025-12-04T19:45:46.915+0500] {processor.py:840} INFO - DAG(s) 'example_setup_teardown_taskflow' retrieved from /Library/Frameworks/Python.framework/Versions/3.11/lib/python3.11/site-packages/airflow/example_dags/example_setup_teardown_taskflow.py
[2025-12-04T19:45:47.028+0500] {logging_mixin.py:188} INFO - [2025-12-04T19:45:47.027+0500] {dag.py:3089} INFO - Sync 1 DAGs
[2025-12-04T19:45:47.045+0500] {logging_mixin.py:188} INFO - [2025-12-04T19:45:47.045+0500] {dag.py:3947} INFO - Setting next_dagrun for example_setup_teardown_taskflow to 2025-12-03 00:00:00+00:00, run_after=2025-12-04 00:00:00+00:00
[2025-12-04T19:45:47.066+0500] {processor.py:183} INFO - Processing /Library/Frameworks/Python.framework/Versions/3.11/lib/python3.11/site-packages/airflow/example_dags/example_setup_teardown_taskflow.py took 0.199 seconds
[2025-12-04T19:48:13.226+0500] {processor.py:161} INFO - Started process (PID=15128) to work on /Library/Frameworks/Python.framework/Versions/3.11/lib/python3.11/site-packages/airflow/example_dags/example_setup_teardown_taskflow.py
[2025-12-04T19:48:13.228+0500] {processor.py:830} INFO - Processing file /Library/Frameworks/Python.framework/Versions/3.11/lib/python3.11/site-packages/airflow/example_dags/example_setup_teardown_taskflow.py for tasks to queue
[2025-12-04T19:48:13.230+0500] {logging_mixin.py:188} INFO - [2025-12-04T19:48:13.229+0500] {dagbag.py:545} INFO - Filling up the DagBag from /Library/Frameworks/Python.framework/Versions/3.11/lib/python3.11/site-packages/airflow/example_dags/example_setup_teardown_taskflow.py
[2025-12-04T19:48:13.270+0500] {processor.py:840} INFO - DAG(s) 'example_setup_teardown_taskflow' retrieved from /Library/Frameworks/Python.framework/Versions/3.11/lib/python3.11/site-packages/airflow/example_dags/example_setup_teardown_taskflow.py
[2025-12-04T19:48:13.381+0500] {logging_mixin.py:188} INFO - [2025-12-04T19:48:13.381+0500] {dag.py:3089} INFO - Sync 1 DAGs
[2025-12-04T19:48:13.399+0500] {logging_mixin.py:188} INFO - [2025-12-04T19:48:13.399+0500] {dag.py:3947} INFO - Setting next_dagrun for example_setup_teardown_taskflow to 2025-12-03 00:00:00+00:00, run_after=2025-12-04 00:00:00+00:00
[2025-12-04T19:48:13.422+0500] {processor.py:183} INFO - Processing /Library/Frameworks/Python.framework/Versions/3.11/lib/python3.11/site-packages/airflow/example_dags/example_setup_teardown_taskflow.py took 0.199 seconds
[2025-12-04T19:50:16.131+0500] {processor.py:161} INFO - Started process (PID=15195) to work on /Library/Frameworks/Python.framework/Versions/3.11/lib/python3.11/site-packages/airflow/example_dags/example_setup_teardown_taskflow.py
[2025-12-04T19:50:16.134+0500] {processor.py:830} INFO - Processing file /Library/Frameworks/Python.framework/Versions/3.11/lib/python3.11/site-packages/airflow/example_dags/example_setup_teardown_taskflow.py for tasks to queue
[2025-12-04T19:50:16.135+0500] {logging_mixin.py:188} INFO - [2025-12-04T19:50:16.134+0500] {dagbag.py:545} INFO - Filling up the DagBag from /Library/Frameworks/Python.framework/Versions/3.11/lib/python3.11/site-packages/airflow/example_dags/example_setup_teardown_taskflow.py
[2025-12-04T19:50:16.175+0500] {processor.py:840} INFO - DAG(s) 'example_setup_teardown_taskflow' retrieved from /Library/Frameworks/Python.framework/Versions/3.11/lib/python3.11/site-packages/airflow/example_dags/example_setup_teardown_taskflow.py
[2025-12-04T19:50:16.292+0500] {logging_mixin.py:188} INFO - [2025-12-04T19:50:16.291+0500] {dag.py:3089} INFO - Sync 1 DAGs
[2025-12-04T19:50:16.309+0500] {logging_mixin.py:188} INFO - [2025-12-04T19:50:16.309+0500] {dag.py:3947} INFO - Setting next_dagrun for example_setup_teardown_taskflow to 2025-12-03 00:00:00+00:00, run_after=2025-12-04 00:00:00+00:00
[2025-12-04T19:50:16.330+0500] {processor.py:183} INFO - Processing /Library/Frameworks/Python.framework/Versions/3.11/lib/python3.11/site-packages/airflow/example_dags/example_setup_teardown_taskflow.py took 0.202 seconds
[2025-12-04T19:52:12.518+0500] {processor.py:161} INFO - Started process (PID=15299) to work on /Library/Frameworks/Python.framework/Versions/3.11/lib/python3.11/site-packages/airflow/example_dags/example_setup_teardown_taskflow.py
[2025-12-04T19:52:12.520+0500] {processor.py:830} INFO - Processing file /Library/Frameworks/Python.framework/Versions/3.11/lib/python3.11/site-packages/airflow/example_dags/example_setup_teardown_taskflow.py for tasks to queue
[2025-12-04T19:52:12.521+0500] {logging_mixin.py:188} INFO - [2025-12-04T19:52:12.521+0500] {dagbag.py:545} INFO - Filling up the DagBag from /Library/Frameworks/Python.framework/Versions/3.11/lib/python3.11/site-packages/airflow/example_dags/example_setup_teardown_taskflow.py
[2025-12-04T19:52:12.562+0500] {processor.py:840} INFO - DAG(s) 'example_setup_teardown_taskflow' retrieved from /Library/Frameworks/Python.framework/Versions/3.11/lib/python3.11/site-packages/airflow/example_dags/example_setup_teardown_taskflow.py
[2025-12-04T19:52:12.681+0500] {logging_mixin.py:188} INFO - [2025-12-04T19:52:12.680+0500] {dag.py:3089} INFO - Sync 1 DAGs
[2025-12-04T19:52:12.702+0500] {logging_mixin.py:188} INFO - [2025-12-04T19:52:12.701+0500] {dag.py:3947} INFO - Setting next_dagrun for example_setup_teardown_taskflow to 2025-12-03 00:00:00+00:00, run_after=2025-12-04 00:00:00+00:00
[2025-12-04T19:52:12.743+0500] {processor.py:183} INFO - Processing /Library/Frameworks/Python.framework/Versions/3.11/lib/python3.11/site-packages/airflow/example_dags/example_setup_teardown_taskflow.py took 0.228 seconds
[2025-12-04T19:54:11.634+0500] {processor.py:161} INFO - Started process (PID=15375) to work on /Library/Frameworks/Python.framework/Versions/3.11/lib/python3.11/site-packages/airflow/example_dags/example_setup_teardown_taskflow.py
[2025-12-04T19:54:11.635+0500] {processor.py:830} INFO - Processing file /Library/Frameworks/Python.framework/Versions/3.11/lib/python3.11/site-packages/airflow/example_dags/example_setup_teardown_taskflow.py for tasks to queue
[2025-12-04T19:54:11.636+0500] {logging_mixin.py:188} INFO - [2025-12-04T19:54:11.636+0500] {dagbag.py:545} INFO - Filling up the DagBag from /Library/Frameworks/Python.framework/Versions/3.11/lib/python3.11/site-packages/airflow/example_dags/example_setup_teardown_taskflow.py
[2025-12-04T19:54:11.675+0500] {processor.py:840} INFO - DAG(s) 'example_setup_teardown_taskflow' retrieved from /Library/Frameworks/Python.framework/Versions/3.11/lib/python3.11/site-packages/airflow/example_dags/example_setup_teardown_taskflow.py
[2025-12-04T19:54:11.791+0500] {logging_mixin.py:188} INFO - [2025-12-04T19:54:11.790+0500] {dag.py:3089} INFO - Sync 1 DAGs
[2025-12-04T19:54:11.808+0500] {logging_mixin.py:188} INFO - [2025-12-04T19:54:11.808+0500] {dag.py:3947} INFO - Setting next_dagrun for example_setup_teardown_taskflow to 2025-12-03 00:00:00+00:00, run_after=2025-12-04 00:00:00+00:00
[2025-12-04T19:54:11.828+0500] {processor.py:183} INFO - Processing /Library/Frameworks/Python.framework/Versions/3.11/lib/python3.11/site-packages/airflow/example_dags/example_setup_teardown_taskflow.py took 0.197 seconds
[2025-12-04T19:56:06.534+0500] {processor.py:161} INFO - Started process (PID=15439) to work on /Library/Frameworks/Python.framework/Versions/3.11/lib/python3.11/site-packages/airflow/example_dags/example_setup_teardown_taskflow.py
[2025-12-04T19:56:06.537+0500] {processor.py:830} INFO - Processing file /Library/Frameworks/Python.framework/Versions/3.11/lib/python3.11/site-packages/airflow/example_dags/example_setup_teardown_taskflow.py for tasks to queue
[2025-12-04T19:56:06.538+0500] {logging_mixin.py:188} INFO - [2025-12-04T19:56:06.537+0500] {dagbag.py:545} INFO - Filling up the DagBag from /Library/Frameworks/Python.framework/Versions/3.11/lib/python3.11/site-packages/airflow/example_dags/example_setup_teardown_taskflow.py
[2025-12-04T19:56:06.577+0500] {processor.py:840} INFO - DAG(s) 'example_setup_teardown_taskflow' retrieved from /Library/Frameworks/Python.framework/Versions/3.11/lib/python3.11/site-packages/airflow/example_dags/example_setup_teardown_taskflow.py
[2025-12-04T19:56:06.686+0500] {logging_mixin.py:188} INFO - [2025-12-04T19:56:06.686+0500] {dag.py:3089} INFO - Sync 1 DAGs
[2025-12-04T19:56:06.704+0500] {logging_mixin.py:188} INFO - [2025-12-04T19:56:06.704+0500] {dag.py:3947} INFO - Setting next_dagrun for example_setup_teardown_taskflow to 2025-12-03 00:00:00+00:00, run_after=2025-12-04 00:00:00+00:00
[2025-12-04T19:56:06.727+0500] {processor.py:183} INFO - Processing /Library/Frameworks/Python.framework/Versions/3.11/lib/python3.11/site-packages/airflow/example_dags/example_setup_teardown_taskflow.py took 0.196 seconds
[2025-12-04T19:58:00.044+0500] {processor.py:161} INFO - Started process (PID=15503) to work on /Library/Frameworks/Python.framework/Versions/3.11/lib/python3.11/site-packages/airflow/example_dags/example_setup_teardown_taskflow.py
[2025-12-04T19:58:00.046+0500] {processor.py:830} INFO - Processing file /Library/Frameworks/Python.framework/Versions/3.11/lib/python3.11/site-packages/airflow/example_dags/example_setup_teardown_taskflow.py for tasks to queue
[2025-12-04T19:58:00.047+0500] {logging_mixin.py:188} INFO - [2025-12-04T19:58:00.047+0500] {dagbag.py:545} INFO - Filling up the DagBag from /Library/Frameworks/Python.framework/Versions/3.11/lib/python3.11/site-packages/airflow/example_dags/example_setup_teardown_taskflow.py
[2025-12-04T19:58:00.093+0500] {processor.py:840} INFO - DAG(s) 'example_setup_teardown_taskflow' retrieved from /Library/Frameworks/Python.framework/Versions/3.11/lib/python3.11/site-packages/airflow/example_dags/example_setup_teardown_taskflow.py
[2025-12-04T19:58:00.224+0500] {logging_mixin.py:188} INFO - [2025-12-04T19:58:00.224+0500] {dag.py:3089} INFO - Sync 1 DAGs
[2025-12-04T19:58:00.244+0500] {logging_mixin.py:188} INFO - [2025-12-04T19:58:00.244+0500] {dag.py:3947} INFO - Setting next_dagrun for example_setup_teardown_taskflow to 2025-12-03 00:00:00+00:00, run_after=2025-12-04 00:00:00+00:00
[2025-12-04T19:58:00.267+0500] {processor.py:183} INFO - Processing /Library/Frameworks/Python.framework/Versions/3.11/lib/python3.11/site-packages/airflow/example_dags/example_setup_teardown_taskflow.py took 0.226 seconds
[2025-12-04T20:42:02.613+0500] {processor.py:161} INFO - Started process (PID=15623) to work on /Library/Frameworks/Python.framework/Versions/3.11/lib/python3.11/site-packages/airflow/example_dags/example_setup_teardown_taskflow.py
[2025-12-04T20:42:02.615+0500] {processor.py:830} INFO - Processing file /Library/Frameworks/Python.framework/Versions/3.11/lib/python3.11/site-packages/airflow/example_dags/example_setup_teardown_taskflow.py for tasks to queue
[2025-12-04T20:42:02.616+0500] {logging_mixin.py:188} INFO - [2025-12-04T20:42:02.616+0500] {dagbag.py:545} INFO - Filling up the DagBag from /Library/Frameworks/Python.framework/Versions/3.11/lib/python3.11/site-packages/airflow/example_dags/example_setup_teardown_taskflow.py
[2025-12-04T20:42:02.657+0500] {processor.py:840} INFO - DAG(s) 'example_setup_teardown_taskflow' retrieved from /Library/Frameworks/Python.framework/Versions/3.11/lib/python3.11/site-packages/airflow/example_dags/example_setup_teardown_taskflow.py
[2025-12-04T20:42:02.772+0500] {logging_mixin.py:188} INFO - [2025-12-04T20:42:02.772+0500] {dag.py:3089} INFO - Sync 1 DAGs
[2025-12-04T20:42:02.791+0500] {logging_mixin.py:188} INFO - [2025-12-04T20:42:02.790+0500] {dag.py:3947} INFO - Setting next_dagrun for example_setup_teardown_taskflow to 2025-12-03 00:00:00+00:00, run_after=2025-12-04 00:00:00+00:00
[2025-12-04T20:42:02.813+0500] {processor.py:183} INFO - Processing /Library/Frameworks/Python.framework/Versions/3.11/lib/python3.11/site-packages/airflow/example_dags/example_setup_teardown_taskflow.py took 0.203 seconds
[2025-12-04T20:45:00.077+0500] {processor.py:161} INFO - Started process (PID=15782) to work on /Library/Frameworks/Python.framework/Versions/3.11/lib/python3.11/site-packages/airflow/example_dags/example_setup_teardown_taskflow.py
[2025-12-04T20:45:00.079+0500] {processor.py:830} INFO - Processing file /Library/Frameworks/Python.framework/Versions/3.11/lib/python3.11/site-packages/airflow/example_dags/example_setup_teardown_taskflow.py for tasks to queue
[2025-12-04T20:45:00.080+0500] {logging_mixin.py:188} INFO - [2025-12-04T20:45:00.079+0500] {dagbag.py:545} INFO - Filling up the DagBag from /Library/Frameworks/Python.framework/Versions/3.11/lib/python3.11/site-packages/airflow/example_dags/example_setup_teardown_taskflow.py
[2025-12-04T20:45:00.128+0500] {processor.py:840} INFO - DAG(s) 'example_setup_teardown_taskflow' retrieved from /Library/Frameworks/Python.framework/Versions/3.11/lib/python3.11/site-packages/airflow/example_dags/example_setup_teardown_taskflow.py
[2025-12-04T20:45:00.259+0500] {logging_mixin.py:188} INFO - [2025-12-04T20:45:00.258+0500] {dag.py:3089} INFO - Sync 1 DAGs
[2025-12-04T20:45:00.278+0500] {logging_mixin.py:188} INFO - [2025-12-04T20:45:00.278+0500] {dag.py:3947} INFO - Setting next_dagrun for example_setup_teardown_taskflow to 2025-12-03 00:00:00+00:00, run_after=2025-12-04 00:00:00+00:00
[2025-12-04T20:45:00.302+0500] {processor.py:183} INFO - Processing /Library/Frameworks/Python.framework/Versions/3.11/lib/python3.11/site-packages/airflow/example_dags/example_setup_teardown_taskflow.py took 0.229 seconds
[2025-12-04T20:47:30.434+0500] {processor.py:161} INFO - Started process (PID=15859) to work on /Library/Frameworks/Python.framework/Versions/3.11/lib/python3.11/site-packages/airflow/example_dags/example_setup_teardown_taskflow.py
[2025-12-04T20:47:30.436+0500] {processor.py:830} INFO - Processing file /Library/Frameworks/Python.framework/Versions/3.11/lib/python3.11/site-packages/airflow/example_dags/example_setup_teardown_taskflow.py for tasks to queue
[2025-12-04T20:47:30.437+0500] {logging_mixin.py:188} INFO - [2025-12-04T20:47:30.437+0500] {dagbag.py:545} INFO - Filling up the DagBag from /Library/Frameworks/Python.framework/Versions/3.11/lib/python3.11/site-packages/airflow/example_dags/example_setup_teardown_taskflow.py
[2025-12-04T20:47:30.477+0500] {processor.py:840} INFO - DAG(s) 'example_setup_teardown_taskflow' retrieved from /Library/Frameworks/Python.framework/Versions/3.11/lib/python3.11/site-packages/airflow/example_dags/example_setup_teardown_taskflow.py
[2025-12-04T20:47:30.611+0500] {logging_mixin.py:188} INFO - [2025-12-04T20:47:30.610+0500] {dag.py:3089} INFO - Sync 1 DAGs
[2025-12-04T20:47:30.632+0500] {logging_mixin.py:188} INFO - [2025-12-04T20:47:30.632+0500] {dag.py:3947} INFO - Setting next_dagrun for example_setup_teardown_taskflow to 2025-12-03 00:00:00+00:00, run_after=2025-12-04 00:00:00+00:00
[2025-12-04T20:47:30.658+0500] {processor.py:183} INFO - Processing /Library/Frameworks/Python.framework/Versions/3.11/lib/python3.11/site-packages/airflow/example_dags/example_setup_teardown_taskflow.py took 0.227 seconds
