[2025-12-04T18:20:21.253+0500] {processor.py:161} INFO - Started process (PID=11745) to work on /Library/Frameworks/Python.framework/Versions/3.11/lib/python3.11/site-packages/airflow/example_dags/example_complex.py
[2025-12-04T18:20:21.255+0500] {processor.py:830} INFO - Processing file /Library/Frameworks/Python.framework/Versions/3.11/lib/python3.11/site-packages/airflow/example_dags/example_complex.py for tasks to queue
[2025-12-04T18:20:21.257+0500] {logging_mixin.py:188} INFO - [2025-12-04T18:20:21.256+0500] {dagbag.py:545} INFO - Filling up the DagBag from /Library/Frameworks/Python.framework/Versions/3.11/lib/python3.11/site-packages/airflow/example_dags/example_complex.py
[2025-12-04T18:20:21.273+0500] {processor.py:840} INFO - DAG(s) 'example_complex' retrieved from /Library/Frameworks/Python.framework/Versions/3.11/lib/python3.11/site-packages/airflow/example_dags/example_complex.py
[2025-12-04T18:20:21.561+0500] {logging_mixin.py:188} INFO - [2025-12-04T18:20:21.561+0500] {override.py:1858} INFO - Created Permission View: can delete on DAG:example_complex
[2025-12-04T18:20:21.577+0500] {logging_mixin.py:188} INFO - [2025-12-04T18:20:21.577+0500] {override.py:1858} INFO - Created Permission View: can read on DAG:example_complex
[2025-12-04T18:20:21.585+0500] {logging_mixin.py:188} INFO - [2025-12-04T18:20:21.584+0500] {override.py:1858} INFO - Created Permission View: can edit on DAG:example_complex
[2025-12-04T18:20:21.585+0500] {logging_mixin.py:188} INFO - [2025-12-04T18:20:21.585+0500] {dag.py:3089} INFO - Sync 1 DAGs
[2025-12-04T18:20:21.660+0500] {logging_mixin.py:188} INFO - [2025-12-04T18:20:21.659+0500] {dag.py:3111} INFO - Creating ORM DAG for example_complex
[2025-12-04T18:20:21.660+0500] {logging_mixin.py:188} INFO - [2025-12-04T18:20:21.660+0500] {dag.py:3947} INFO - Setting next_dagrun for example_complex to None, run_after=None
[2025-12-04T18:20:21.682+0500] {processor.py:183} INFO - Processing /Library/Frameworks/Python.framework/Versions/3.11/lib/python3.11/site-packages/airflow/example_dags/example_complex.py took 0.433 seconds
[2025-12-04T18:24:27.914+0500] {processor.py:161} INFO - Started process (PID=11899) to work on /Library/Frameworks/Python.framework/Versions/3.11/lib/python3.11/site-packages/airflow/example_dags/example_complex.py
[2025-12-04T18:24:27.916+0500] {processor.py:830} INFO - Processing file /Library/Frameworks/Python.framework/Versions/3.11/lib/python3.11/site-packages/airflow/example_dags/example_complex.py for tasks to queue
[2025-12-04T18:24:27.917+0500] {logging_mixin.py:188} INFO - [2025-12-04T18:24:27.917+0500] {dagbag.py:545} INFO - Filling up the DagBag from /Library/Frameworks/Python.framework/Versions/3.11/lib/python3.11/site-packages/airflow/example_dags/example_complex.py
[2025-12-04T18:24:27.936+0500] {processor.py:840} INFO - DAG(s) 'example_complex' retrieved from /Library/Frameworks/Python.framework/Versions/3.11/lib/python3.11/site-packages/airflow/example_dags/example_complex.py
[2025-12-04T18:24:28.065+0500] {logging_mixin.py:188} INFO - [2025-12-04T18:24:28.064+0500] {dag.py:3089} INFO - Sync 1 DAGs
[2025-12-04T18:24:28.074+0500] {logging_mixin.py:188} INFO - [2025-12-04T18:24:28.074+0500] {dag.py:3947} INFO - Setting next_dagrun for example_complex to None, run_after=None
[2025-12-04T18:24:28.095+0500] {processor.py:183} INFO - Processing /Library/Frameworks/Python.framework/Versions/3.11/lib/python3.11/site-packages/airflow/example_dags/example_complex.py took 0.184 seconds
[2025-12-04T18:29:02.728+0500] {processor.py:161} INFO - Started process (PID=12125) to work on /Library/Frameworks/Python.framework/Versions/3.11/lib/python3.11/site-packages/airflow/example_dags/example_complex.py
[2025-12-04T18:29:02.730+0500] {processor.py:830} INFO - Processing file /Library/Frameworks/Python.framework/Versions/3.11/lib/python3.11/site-packages/airflow/example_dags/example_complex.py for tasks to queue
[2025-12-04T18:29:02.731+0500] {logging_mixin.py:188} INFO - [2025-12-04T18:29:02.731+0500] {dagbag.py:545} INFO - Filling up the DagBag from /Library/Frameworks/Python.framework/Versions/3.11/lib/python3.11/site-packages/airflow/example_dags/example_complex.py
[2025-12-04T18:29:02.748+0500] {processor.py:840} INFO - DAG(s) 'example_complex' retrieved from /Library/Frameworks/Python.framework/Versions/3.11/lib/python3.11/site-packages/airflow/example_dags/example_complex.py
[2025-12-04T18:29:02.885+0500] {logging_mixin.py:188} INFO - [2025-12-04T18:29:02.885+0500] {dag.py:3089} INFO - Sync 1 DAGs
[2025-12-04T18:29:02.895+0500] {logging_mixin.py:188} INFO - [2025-12-04T18:29:02.894+0500] {dag.py:3947} INFO - Setting next_dagrun for example_complex to None, run_after=None
[2025-12-04T18:29:02.921+0500] {processor.py:183} INFO - Processing /Library/Frameworks/Python.framework/Versions/3.11/lib/python3.11/site-packages/airflow/example_dags/example_complex.py took 0.196 seconds
[2025-12-04T18:33:53.578+0500] {processor.py:161} INFO - Started process (PID=12349) to work on /Library/Frameworks/Python.framework/Versions/3.11/lib/python3.11/site-packages/airflow/example_dags/example_complex.py
[2025-12-04T18:33:53.581+0500] {processor.py:830} INFO - Processing file /Library/Frameworks/Python.framework/Versions/3.11/lib/python3.11/site-packages/airflow/example_dags/example_complex.py for tasks to queue
[2025-12-04T18:33:53.583+0500] {logging_mixin.py:188} INFO - [2025-12-04T18:33:53.582+0500] {dagbag.py:545} INFO - Filling up the DagBag from /Library/Frameworks/Python.framework/Versions/3.11/lib/python3.11/site-packages/airflow/example_dags/example_complex.py
[2025-12-04T18:33:53.600+0500] {processor.py:840} INFO - DAG(s) 'example_complex' retrieved from /Library/Frameworks/Python.framework/Versions/3.11/lib/python3.11/site-packages/airflow/example_dags/example_complex.py
[2025-12-04T18:33:53.750+0500] {logging_mixin.py:188} INFO - [2025-12-04T18:33:53.750+0500] {dag.py:3089} INFO - Sync 1 DAGs
[2025-12-04T18:33:53.760+0500] {logging_mixin.py:188} INFO - [2025-12-04T18:33:53.760+0500] {dag.py:3947} INFO - Setting next_dagrun for example_complex to None, run_after=None
[2025-12-04T18:33:53.786+0500] {processor.py:183} INFO - Processing /Library/Frameworks/Python.framework/Versions/3.11/lib/python3.11/site-packages/airflow/example_dags/example_complex.py took 0.211 seconds
[2025-12-04T18:37:54.049+0500] {processor.py:161} INFO - Started process (PID=12500) to work on /Library/Frameworks/Python.framework/Versions/3.11/lib/python3.11/site-packages/airflow/example_dags/example_complex.py
[2025-12-04T18:37:54.051+0500] {processor.py:830} INFO - Processing file /Library/Frameworks/Python.framework/Versions/3.11/lib/python3.11/site-packages/airflow/example_dags/example_complex.py for tasks to queue
[2025-12-04T18:37:54.052+0500] {logging_mixin.py:188} INFO - [2025-12-04T18:37:54.052+0500] {dagbag.py:545} INFO - Filling up the DagBag from /Library/Frameworks/Python.framework/Versions/3.11/lib/python3.11/site-packages/airflow/example_dags/example_complex.py
[2025-12-04T18:37:54.068+0500] {processor.py:840} INFO - DAG(s) 'example_complex' retrieved from /Library/Frameworks/Python.framework/Versions/3.11/lib/python3.11/site-packages/airflow/example_dags/example_complex.py
[2025-12-04T18:37:54.192+0500] {logging_mixin.py:188} INFO - [2025-12-04T18:37:54.191+0500] {dag.py:3089} INFO - Sync 1 DAGs
[2025-12-04T18:37:54.201+0500] {logging_mixin.py:188} INFO - [2025-12-04T18:37:54.201+0500] {dag.py:3947} INFO - Setting next_dagrun for example_complex to None, run_after=None
[2025-12-04T18:37:54.221+0500] {processor.py:183} INFO - Processing /Library/Frameworks/Python.framework/Versions/3.11/lib/python3.11/site-packages/airflow/example_dags/example_complex.py took 0.175 seconds
[2025-12-04T18:41:53.038+0500] {processor.py:161} INFO - Started process (PID=12675) to work on /Library/Frameworks/Python.framework/Versions/3.11/lib/python3.11/site-packages/airflow/example_dags/example_complex.py
[2025-12-04T18:41:53.040+0500] {processor.py:830} INFO - Processing file /Library/Frameworks/Python.framework/Versions/3.11/lib/python3.11/site-packages/airflow/example_dags/example_complex.py for tasks to queue
[2025-12-04T18:41:53.041+0500] {logging_mixin.py:188} INFO - [2025-12-04T18:41:53.041+0500] {dagbag.py:545} INFO - Filling up the DagBag from /Library/Frameworks/Python.framework/Versions/3.11/lib/python3.11/site-packages/airflow/example_dags/example_complex.py
[2025-12-04T18:41:53.057+0500] {processor.py:840} INFO - DAG(s) 'example_complex' retrieved from /Library/Frameworks/Python.framework/Versions/3.11/lib/python3.11/site-packages/airflow/example_dags/example_complex.py
[2025-12-04T18:41:53.184+0500] {logging_mixin.py:188} INFO - [2025-12-04T18:41:53.184+0500] {dag.py:3089} INFO - Sync 1 DAGs
[2025-12-04T18:41:53.194+0500] {logging_mixin.py:188} INFO - [2025-12-04T18:41:53.193+0500] {dag.py:3947} INFO - Setting next_dagrun for example_complex to None, run_after=None
[2025-12-04T18:41:53.217+0500] {processor.py:183} INFO - Processing /Library/Frameworks/Python.framework/Versions/3.11/lib/python3.11/site-packages/airflow/example_dags/example_complex.py took 0.181 seconds
[2025-12-04T18:46:09.306+0500] {processor.py:161} INFO - Started process (PID=12842) to work on /Library/Frameworks/Python.framework/Versions/3.11/lib/python3.11/site-packages/airflow/example_dags/example_complex.py
[2025-12-04T18:46:09.309+0500] {processor.py:830} INFO - Processing file /Library/Frameworks/Python.framework/Versions/3.11/lib/python3.11/site-packages/airflow/example_dags/example_complex.py for tasks to queue
[2025-12-04T18:46:09.310+0500] {logging_mixin.py:188} INFO - [2025-12-04T18:46:09.310+0500] {dagbag.py:545} INFO - Filling up the DagBag from /Library/Frameworks/Python.framework/Versions/3.11/lib/python3.11/site-packages/airflow/example_dags/example_complex.py
[2025-12-04T18:46:09.332+0500] {processor.py:840} INFO - DAG(s) 'example_complex' retrieved from /Library/Frameworks/Python.framework/Versions/3.11/lib/python3.11/site-packages/airflow/example_dags/example_complex.py
[2025-12-04T18:46:09.457+0500] {logging_mixin.py:188} INFO - [2025-12-04T18:46:09.456+0500] {dag.py:3089} INFO - Sync 1 DAGs
[2025-12-04T18:46:09.466+0500] {logging_mixin.py:188} INFO - [2025-12-04T18:46:09.466+0500] {dag.py:3947} INFO - Setting next_dagrun for example_complex to None, run_after=None
[2025-12-04T18:46:09.487+0500] {processor.py:183} INFO - Processing /Library/Frameworks/Python.framework/Versions/3.11/lib/python3.11/site-packages/airflow/example_dags/example_complex.py took 0.184 seconds
[2025-12-04T18:50:28.159+0500] {processor.py:161} INFO - Started process (PID=12987) to work on /Library/Frameworks/Python.framework/Versions/3.11/lib/python3.11/site-packages/airflow/example_dags/example_complex.py
[2025-12-04T18:50:28.161+0500] {processor.py:830} INFO - Processing file /Library/Frameworks/Python.framework/Versions/3.11/lib/python3.11/site-packages/airflow/example_dags/example_complex.py for tasks to queue
[2025-12-04T18:50:28.163+0500] {logging_mixin.py:188} INFO - [2025-12-04T18:50:28.162+0500] {dagbag.py:545} INFO - Filling up the DagBag from /Library/Frameworks/Python.framework/Versions/3.11/lib/python3.11/site-packages/airflow/example_dags/example_complex.py
[2025-12-04T18:50:28.187+0500] {processor.py:840} INFO - DAG(s) 'example_complex' retrieved from /Library/Frameworks/Python.framework/Versions/3.11/lib/python3.11/site-packages/airflow/example_dags/example_complex.py
[2025-12-04T18:50:28.373+0500] {logging_mixin.py:188} INFO - [2025-12-04T18:50:28.372+0500] {dag.py:3089} INFO - Sync 1 DAGs
[2025-12-04T18:50:28.388+0500] {logging_mixin.py:188} INFO - [2025-12-04T18:50:28.387+0500] {dag.py:3947} INFO - Setting next_dagrun for example_complex to None, run_after=None
[2025-12-04T18:50:28.417+0500] {processor.py:183} INFO - Processing /Library/Frameworks/Python.framework/Versions/3.11/lib/python3.11/site-packages/airflow/example_dags/example_complex.py took 0.261 seconds
[2025-12-04T18:54:55.806+0500] {processor.py:161} INFO - Started process (PID=13170) to work on /Library/Frameworks/Python.framework/Versions/3.11/lib/python3.11/site-packages/airflow/example_dags/example_complex.py
[2025-12-04T18:54:55.808+0500] {processor.py:830} INFO - Processing file /Library/Frameworks/Python.framework/Versions/3.11/lib/python3.11/site-packages/airflow/example_dags/example_complex.py for tasks to queue
[2025-12-04T18:54:55.810+0500] {logging_mixin.py:188} INFO - [2025-12-04T18:54:55.809+0500] {dagbag.py:545} INFO - Filling up the DagBag from /Library/Frameworks/Python.framework/Versions/3.11/lib/python3.11/site-packages/airflow/example_dags/example_complex.py
[2025-12-04T18:54:55.848+0500] {processor.py:840} INFO - DAG(s) 'example_complex' retrieved from /Library/Frameworks/Python.framework/Versions/3.11/lib/python3.11/site-packages/airflow/example_dags/example_complex.py
[2025-12-04T18:54:56.004+0500] {logging_mixin.py:188} INFO - [2025-12-04T18:54:56.004+0500] {dag.py:3089} INFO - Sync 1 DAGs
[2025-12-04T18:54:56.016+0500] {logging_mixin.py:188} INFO - [2025-12-04T18:54:56.015+0500] {dag.py:3947} INFO - Setting next_dagrun for example_complex to None, run_after=None
[2025-12-04T18:54:56.043+0500] {processor.py:183} INFO - Processing /Library/Frameworks/Python.framework/Versions/3.11/lib/python3.11/site-packages/airflow/example_dags/example_complex.py took 0.241 seconds
[2025-12-04T19:34:55.017+0500] {processor.py:161} INFO - Started process (PID=14634) to work on /Library/Frameworks/Python.framework/Versions/3.11/lib/python3.11/site-packages/airflow/example_dags/example_complex.py
[2025-12-04T19:34:55.020+0500] {processor.py:830} INFO - Processing file /Library/Frameworks/Python.framework/Versions/3.11/lib/python3.11/site-packages/airflow/example_dags/example_complex.py for tasks to queue
[2025-12-04T19:34:55.022+0500] {logging_mixin.py:188} INFO - [2025-12-04T19:34:55.021+0500] {dagbag.py:545} INFO - Filling up the DagBag from /Library/Frameworks/Python.framework/Versions/3.11/lib/python3.11/site-packages/airflow/example_dags/example_complex.py
[2025-12-04T19:34:55.050+0500] {processor.py:840} INFO - DAG(s) 'example_complex' retrieved from /Library/Frameworks/Python.framework/Versions/3.11/lib/python3.11/site-packages/airflow/example_dags/example_complex.py
[2025-12-04T19:34:55.286+0500] {logging_mixin.py:188} INFO - [2025-12-04T19:34:55.285+0500] {dag.py:3089} INFO - Sync 1 DAGs
[2025-12-04T19:34:55.303+0500] {logging_mixin.py:188} INFO - [2025-12-04T19:34:55.303+0500] {dag.py:3947} INFO - Setting next_dagrun for example_complex to None, run_after=None
[2025-12-04T19:34:55.344+0500] {processor.py:183} INFO - Processing /Library/Frameworks/Python.framework/Versions/3.11/lib/python3.11/site-packages/airflow/example_dags/example_complex.py took 0.331 seconds
[2025-12-04T19:39:24.038+0500] {processor.py:161} INFO - Started process (PID=14806) to work on /Library/Frameworks/Python.framework/Versions/3.11/lib/python3.11/site-packages/airflow/example_dags/example_complex.py
[2025-12-04T19:39:24.041+0500] {processor.py:830} INFO - Processing file /Library/Frameworks/Python.framework/Versions/3.11/lib/python3.11/site-packages/airflow/example_dags/example_complex.py for tasks to queue
[2025-12-04T19:39:24.042+0500] {logging_mixin.py:188} INFO - [2025-12-04T19:39:24.041+0500] {dagbag.py:545} INFO - Filling up the DagBag from /Library/Frameworks/Python.framework/Versions/3.11/lib/python3.11/site-packages/airflow/example_dags/example_complex.py
[2025-12-04T19:39:24.058+0500] {processor.py:840} INFO - DAG(s) 'example_complex' retrieved from /Library/Frameworks/Python.framework/Versions/3.11/lib/python3.11/site-packages/airflow/example_dags/example_complex.py
[2025-12-04T19:39:24.182+0500] {logging_mixin.py:188} INFO - [2025-12-04T19:39:24.182+0500] {dag.py:3089} INFO - Sync 1 DAGs
[2025-12-04T19:39:24.192+0500] {logging_mixin.py:188} INFO - [2025-12-04T19:39:24.192+0500] {dag.py:3947} INFO - Setting next_dagrun for example_complex to None, run_after=None
[2025-12-04T19:39:24.212+0500] {processor.py:183} INFO - Processing /Library/Frameworks/Python.framework/Versions/3.11/lib/python3.11/site-packages/airflow/example_dags/example_complex.py took 0.176 seconds
[2025-12-04T19:43:59.949+0500] {processor.py:161} INFO - Started process (PID=14970) to work on /Library/Frameworks/Python.framework/Versions/3.11/lib/python3.11/site-packages/airflow/example_dags/example_complex.py
[2025-12-04T19:43:59.952+0500] {processor.py:830} INFO - Processing file /Library/Frameworks/Python.framework/Versions/3.11/lib/python3.11/site-packages/airflow/example_dags/example_complex.py for tasks to queue
[2025-12-04T19:43:59.953+0500] {logging_mixin.py:188} INFO - [2025-12-04T19:43:59.952+0500] {dagbag.py:545} INFO - Filling up the DagBag from /Library/Frameworks/Python.framework/Versions/3.11/lib/python3.11/site-packages/airflow/example_dags/example_complex.py
[2025-12-04T19:43:59.969+0500] {processor.py:840} INFO - DAG(s) 'example_complex' retrieved from /Library/Frameworks/Python.framework/Versions/3.11/lib/python3.11/site-packages/airflow/example_dags/example_complex.py
[2025-12-04T19:44:00.100+0500] {logging_mixin.py:188} INFO - [2025-12-04T19:44:00.099+0500] {dag.py:3089} INFO - Sync 1 DAGs
[2025-12-04T19:44:00.110+0500] {logging_mixin.py:188} INFO - [2025-12-04T19:44:00.109+0500] {dag.py:3947} INFO - Setting next_dagrun for example_complex to None, run_after=None
[2025-12-04T19:44:00.132+0500] {processor.py:183} INFO - Processing /Library/Frameworks/Python.framework/Versions/3.11/lib/python3.11/site-packages/airflow/example_dags/example_complex.py took 0.186 seconds
[2025-12-04T19:48:44.924+0500] {processor.py:161} INFO - Started process (PID=15145) to work on /Library/Frameworks/Python.framework/Versions/3.11/lib/python3.11/site-packages/airflow/example_dags/example_complex.py
[2025-12-04T19:48:44.926+0500] {processor.py:830} INFO - Processing file /Library/Frameworks/Python.framework/Versions/3.11/lib/python3.11/site-packages/airflow/example_dags/example_complex.py for tasks to queue
[2025-12-04T19:48:44.927+0500] {logging_mixin.py:188} INFO - [2025-12-04T19:48:44.927+0500] {dagbag.py:545} INFO - Filling up the DagBag from /Library/Frameworks/Python.framework/Versions/3.11/lib/python3.11/site-packages/airflow/example_dags/example_complex.py
[2025-12-04T19:48:44.944+0500] {processor.py:840} INFO - DAG(s) 'example_complex' retrieved from /Library/Frameworks/Python.framework/Versions/3.11/lib/python3.11/site-packages/airflow/example_dags/example_complex.py
[2025-12-04T19:48:45.070+0500] {logging_mixin.py:188} INFO - [2025-12-04T19:48:45.070+0500] {dag.py:3089} INFO - Sync 1 DAGs
[2025-12-04T19:48:45.079+0500] {logging_mixin.py:188} INFO - [2025-12-04T19:48:45.079+0500] {dag.py:3947} INFO - Setting next_dagrun for example_complex to None, run_after=None
[2025-12-04T19:48:45.100+0500] {processor.py:183} INFO - Processing /Library/Frameworks/Python.framework/Versions/3.11/lib/python3.11/site-packages/airflow/example_dags/example_complex.py took 0.179 seconds
[2025-12-04T19:52:42.372+0500] {processor.py:161} INFO - Started process (PID=15326) to work on /Library/Frameworks/Python.framework/Versions/3.11/lib/python3.11/site-packages/airflow/example_dags/example_complex.py
[2025-12-04T19:52:42.374+0500] {processor.py:830} INFO - Processing file /Library/Frameworks/Python.framework/Versions/3.11/lib/python3.11/site-packages/airflow/example_dags/example_complex.py for tasks to queue
[2025-12-04T19:52:42.375+0500] {logging_mixin.py:188} INFO - [2025-12-04T19:52:42.374+0500] {dagbag.py:545} INFO - Filling up the DagBag from /Library/Frameworks/Python.framework/Versions/3.11/lib/python3.11/site-packages/airflow/example_dags/example_complex.py
[2025-12-04T19:52:42.389+0500] {processor.py:840} INFO - DAG(s) 'example_complex' retrieved from /Library/Frameworks/Python.framework/Versions/3.11/lib/python3.11/site-packages/airflow/example_dags/example_complex.py
[2025-12-04T19:52:42.513+0500] {logging_mixin.py:188} INFO - [2025-12-04T19:52:42.512+0500] {dag.py:3089} INFO - Sync 1 DAGs
[2025-12-04T19:52:42.522+0500] {logging_mixin.py:188} INFO - [2025-12-04T19:52:42.522+0500] {dag.py:3947} INFO - Setting next_dagrun for example_complex to None, run_after=None
[2025-12-04T19:52:42.543+0500] {processor.py:183} INFO - Processing /Library/Frameworks/Python.framework/Versions/3.11/lib/python3.11/site-packages/airflow/example_dags/example_complex.py took 0.174 seconds
[2025-12-04T19:56:29.503+0500] {processor.py:161} INFO - Started process (PID=15451) to work on /Library/Frameworks/Python.framework/Versions/3.11/lib/python3.11/site-packages/airflow/example_dags/example_complex.py
[2025-12-04T19:56:29.506+0500] {processor.py:830} INFO - Processing file /Library/Frameworks/Python.framework/Versions/3.11/lib/python3.11/site-packages/airflow/example_dags/example_complex.py for tasks to queue
[2025-12-04T19:56:29.507+0500] {logging_mixin.py:188} INFO - [2025-12-04T19:56:29.506+0500] {dagbag.py:545} INFO - Filling up the DagBag from /Library/Frameworks/Python.framework/Versions/3.11/lib/python3.11/site-packages/airflow/example_dags/example_complex.py
[2025-12-04T19:56:29.522+0500] {processor.py:840} INFO - DAG(s) 'example_complex' retrieved from /Library/Frameworks/Python.framework/Versions/3.11/lib/python3.11/site-packages/airflow/example_dags/example_complex.py
[2025-12-04T19:56:29.649+0500] {logging_mixin.py:188} INFO - [2025-12-04T19:56:29.649+0500] {dag.py:3089} INFO - Sync 1 DAGs
[2025-12-04T19:56:29.659+0500] {logging_mixin.py:188} INFO - [2025-12-04T19:56:29.658+0500] {dag.py:3947} INFO - Setting next_dagrun for example_complex to None, run_after=None
[2025-12-04T19:56:29.680+0500] {processor.py:183} INFO - Processing /Library/Frameworks/Python.framework/Versions/3.11/lib/python3.11/site-packages/airflow/example_dags/example_complex.py took 0.180 seconds
[2025-12-04T20:42:45.608+0500] {processor.py:161} INFO - Started process (PID=15653) to work on /Library/Frameworks/Python.framework/Versions/3.11/lib/python3.11/site-packages/airflow/example_dags/example_complex.py
[2025-12-04T20:42:45.611+0500] {processor.py:830} INFO - Processing file /Library/Frameworks/Python.framework/Versions/3.11/lib/python3.11/site-packages/airflow/example_dags/example_complex.py for tasks to queue
[2025-12-04T20:42:45.612+0500] {logging_mixin.py:188} INFO - [2025-12-04T20:42:45.611+0500] {dagbag.py:545} INFO - Filling up the DagBag from /Library/Frameworks/Python.framework/Versions/3.11/lib/python3.11/site-packages/airflow/example_dags/example_complex.py
[2025-12-04T20:42:45.630+0500] {processor.py:840} INFO - DAG(s) 'example_complex' retrieved from /Library/Frameworks/Python.framework/Versions/3.11/lib/python3.11/site-packages/airflow/example_dags/example_complex.py
[2025-12-04T20:42:45.861+0500] {logging_mixin.py:188} INFO - [2025-12-04T20:42:45.861+0500] {dag.py:3089} INFO - Sync 1 DAGs
[2025-12-04T20:42:45.874+0500] {logging_mixin.py:188} INFO - [2025-12-04T20:42:45.873+0500] {dag.py:3947} INFO - Setting next_dagrun for example_complex to None, run_after=None
[2025-12-04T20:42:45.899+0500] {processor.py:183} INFO - Processing /Library/Frameworks/Python.framework/Versions/3.11/lib/python3.11/site-packages/airflow/example_dags/example_complex.py took 0.295 seconds
[2025-12-04T20:46:07.362+0500] {processor.py:161} INFO - Started process (PID=15815) to work on /Library/Frameworks/Python.framework/Versions/3.11/lib/python3.11/site-packages/airflow/example_dags/example_complex.py
[2025-12-04T20:46:07.364+0500] {processor.py:830} INFO - Processing file /Library/Frameworks/Python.framework/Versions/3.11/lib/python3.11/site-packages/airflow/example_dags/example_complex.py for tasks to queue
[2025-12-04T20:46:07.365+0500] {logging_mixin.py:188} INFO - [2025-12-04T20:46:07.364+0500] {dagbag.py:545} INFO - Filling up the DagBag from /Library/Frameworks/Python.framework/Versions/3.11/lib/python3.11/site-packages/airflow/example_dags/example_complex.py
[2025-12-04T20:46:07.379+0500] {processor.py:840} INFO - DAG(s) 'example_complex' retrieved from /Library/Frameworks/Python.framework/Versions/3.11/lib/python3.11/site-packages/airflow/example_dags/example_complex.py
[2025-12-04T20:46:07.503+0500] {logging_mixin.py:188} INFO - [2025-12-04T20:46:07.502+0500] {dag.py:3089} INFO - Sync 1 DAGs
[2025-12-04T20:46:07.512+0500] {logging_mixin.py:188} INFO - [2025-12-04T20:46:07.511+0500] {dag.py:3947} INFO - Setting next_dagrun for example_complex to None, run_after=None
[2025-12-04T20:46:07.532+0500] {processor.py:183} INFO - Processing /Library/Frameworks/Python.framework/Versions/3.11/lib/python3.11/site-packages/airflow/example_dags/example_complex.py took 0.173 seconds
