[2025-12-04T18:19:40.945+0500] {processor.py:161} INFO - Started process (PID=11726) to work on /Library/Frameworks/Python.framework/Versions/3.11/lib/python3.11/site-packages/airflow/example_dags/example_nested_branch_dag.py
[2025-12-04T18:19:40.945+0500] {processor.py:830} INFO - Processing file /Library/Frameworks/Python.framework/Versions/3.11/lib/python3.11/site-packages/airflow/example_dags/example_nested_branch_dag.py for tasks to queue
[2025-12-04T18:19:40.946+0500] {logging_mixin.py:188} INFO - [2025-12-04T18:19:40.946+0500] {dagbag.py:545} INFO - Filling up the DagBag from /Library/Frameworks/Python.framework/Versions/3.11/lib/python3.11/site-packages/airflow/example_dags/example_nested_branch_dag.py
[2025-12-04T18:19:41.004+0500] {processor.py:840} INFO - DAG(s) 'example_nested_branch_dag' retrieved from /Library/Frameworks/Python.framework/Versions/3.11/lib/python3.11/site-packages/airflow/example_dags/example_nested_branch_dag.py
[2025-12-04T18:19:41.527+0500] {logging_mixin.py:188} INFO - [2025-12-04T18:19:41.527+0500] {override.py:1858} INFO - Created Permission View: can read on DAG:example_nested_branch_dag
[2025-12-04T18:19:41.541+0500] {logging_mixin.py:188} INFO - [2025-12-04T18:19:41.540+0500] {override.py:1858} INFO - Created Permission View: can delete on DAG:example_nested_branch_dag
[2025-12-04T18:19:41.549+0500] {logging_mixin.py:188} INFO - [2025-12-04T18:19:41.548+0500] {override.py:1858} INFO - Created Permission View: can edit on DAG:example_nested_branch_dag
[2025-12-04T18:19:41.550+0500] {logging_mixin.py:188} INFO - [2025-12-04T18:19:41.549+0500] {dag.py:3089} INFO - Sync 1 DAGs
[2025-12-04T18:19:41.561+0500] {logging_mixin.py:188} INFO - [2025-12-04T18:19:41.561+0500] {dag.py:3111} INFO - Creating ORM DAG for example_nested_branch_dag
[2025-12-04T18:19:41.571+0500] {logging_mixin.py:188} INFO - [2025-12-04T18:19:41.570+0500] {dag.py:3947} INFO - Setting next_dagrun for example_nested_branch_dag to 2025-12-03 00:00:00+00:00, run_after=2025-12-04 00:00:00+00:00
[2025-12-04T18:19:41.592+0500] {processor.py:183} INFO - Processing /Library/Frameworks/Python.framework/Versions/3.11/lib/python3.11/site-packages/airflow/example_dags/example_nested_branch_dag.py took 0.651 seconds
[2025-12-04T18:22:22.077+0500] {processor.py:161} INFO - Started process (PID=11829) to work on /Library/Frameworks/Python.framework/Versions/3.11/lib/python3.11/site-packages/airflow/example_dags/example_nested_branch_dag.py
[2025-12-04T18:22:22.079+0500] {processor.py:830} INFO - Processing file /Library/Frameworks/Python.framework/Versions/3.11/lib/python3.11/site-packages/airflow/example_dags/example_nested_branch_dag.py for tasks to queue
[2025-12-04T18:22:22.080+0500] {logging_mixin.py:188} INFO - [2025-12-04T18:22:22.080+0500] {dagbag.py:545} INFO - Filling up the DagBag from /Library/Frameworks/Python.framework/Versions/3.11/lib/python3.11/site-packages/airflow/example_dags/example_nested_branch_dag.py
[2025-12-04T18:22:22.123+0500] {processor.py:840} INFO - DAG(s) 'example_nested_branch_dag' retrieved from /Library/Frameworks/Python.framework/Versions/3.11/lib/python3.11/site-packages/airflow/example_dags/example_nested_branch_dag.py
[2025-12-04T18:22:22.241+0500] {logging_mixin.py:188} INFO - [2025-12-04T18:22:22.241+0500] {dag.py:3089} INFO - Sync 1 DAGs
[2025-12-04T18:22:22.260+0500] {logging_mixin.py:188} INFO - [2025-12-04T18:22:22.260+0500] {dag.py:3947} INFO - Setting next_dagrun for example_nested_branch_dag to 2025-12-03 00:00:00+00:00, run_after=2025-12-04 00:00:00+00:00
[2025-12-04T18:22:22.283+0500] {processor.py:183} INFO - Processing /Library/Frameworks/Python.framework/Versions/3.11/lib/python3.11/site-packages/airflow/example_dags/example_nested_branch_dag.py took 0.210 seconds
[2025-12-04T18:24:25.874+0500] {processor.py:161} INFO - Started process (PID=11897) to work on /Library/Frameworks/Python.framework/Versions/3.11/lib/python3.11/site-packages/airflow/example_dags/example_nested_branch_dag.py
[2025-12-04T18:24:25.877+0500] {processor.py:830} INFO - Processing file /Library/Frameworks/Python.framework/Versions/3.11/lib/python3.11/site-packages/airflow/example_dags/example_nested_branch_dag.py for tasks to queue
[2025-12-04T18:24:25.878+0500] {logging_mixin.py:188} INFO - [2025-12-04T18:24:25.878+0500] {dagbag.py:545} INFO - Filling up the DagBag from /Library/Frameworks/Python.framework/Versions/3.11/lib/python3.11/site-packages/airflow/example_dags/example_nested_branch_dag.py
[2025-12-04T18:24:25.921+0500] {processor.py:840} INFO - DAG(s) 'example_nested_branch_dag' retrieved from /Library/Frameworks/Python.framework/Versions/3.11/lib/python3.11/site-packages/airflow/example_dags/example_nested_branch_dag.py
[2025-12-04T18:24:26.041+0500] {logging_mixin.py:188} INFO - [2025-12-04T18:24:26.041+0500] {dag.py:3089} INFO - Sync 1 DAGs
[2025-12-04T18:24:26.060+0500] {logging_mixin.py:188} INFO - [2025-12-04T18:24:26.060+0500] {dag.py:3947} INFO - Setting next_dagrun for example_nested_branch_dag to 2025-12-03 00:00:00+00:00, run_after=2025-12-04 00:00:00+00:00
[2025-12-04T18:24:26.082+0500] {processor.py:183} INFO - Processing /Library/Frameworks/Python.framework/Versions/3.11/lib/python3.11/site-packages/airflow/example_dags/example_nested_branch_dag.py took 0.210 seconds
[2025-12-04T18:28:56.632+0500] {processor.py:161} INFO - Started process (PID=12121) to work on /Library/Frameworks/Python.framework/Versions/3.11/lib/python3.11/site-packages/airflow/example_dags/example_nested_branch_dag.py
[2025-12-04T18:28:56.634+0500] {processor.py:830} INFO - Processing file /Library/Frameworks/Python.framework/Versions/3.11/lib/python3.11/site-packages/airflow/example_dags/example_nested_branch_dag.py for tasks to queue
[2025-12-04T18:28:56.635+0500] {logging_mixin.py:188} INFO - [2025-12-04T18:28:56.635+0500] {dagbag.py:545} INFO - Filling up the DagBag from /Library/Frameworks/Python.framework/Versions/3.11/lib/python3.11/site-packages/airflow/example_dags/example_nested_branch_dag.py
[2025-12-04T18:28:56.683+0500] {processor.py:840} INFO - DAG(s) 'example_nested_branch_dag' retrieved from /Library/Frameworks/Python.framework/Versions/3.11/lib/python3.11/site-packages/airflow/example_dags/example_nested_branch_dag.py
[2025-12-04T18:28:56.820+0500] {logging_mixin.py:188} INFO - [2025-12-04T18:28:56.820+0500] {dag.py:3089} INFO - Sync 1 DAGs
[2025-12-04T18:28:56.841+0500] {logging_mixin.py:188} INFO - [2025-12-04T18:28:56.840+0500] {dag.py:3947} INFO - Setting next_dagrun for example_nested_branch_dag to 2025-12-03 00:00:00+00:00, run_after=2025-12-04 00:00:00+00:00
[2025-12-04T18:28:56.866+0500] {processor.py:183} INFO - Processing /Library/Frameworks/Python.framework/Versions/3.11/lib/python3.11/site-packages/airflow/example_dags/example_nested_branch_dag.py took 0.239 seconds
[2025-12-04T18:31:24.308+0500] {processor.py:161} INFO - Started process (PID=12227) to work on /Library/Frameworks/Python.framework/Versions/3.11/lib/python3.11/site-packages/airflow/example_dags/example_nested_branch_dag.py
[2025-12-04T18:31:24.310+0500] {processor.py:830} INFO - Processing file /Library/Frameworks/Python.framework/Versions/3.11/lib/python3.11/site-packages/airflow/example_dags/example_nested_branch_dag.py for tasks to queue
[2025-12-04T18:31:24.311+0500] {logging_mixin.py:188} INFO - [2025-12-04T18:31:24.311+0500] {dagbag.py:545} INFO - Filling up the DagBag from /Library/Frameworks/Python.framework/Versions/3.11/lib/python3.11/site-packages/airflow/example_dags/example_nested_branch_dag.py
[2025-12-04T18:31:24.376+0500] {processor.py:840} INFO - DAG(s) 'example_nested_branch_dag' retrieved from /Library/Frameworks/Python.framework/Versions/3.11/lib/python3.11/site-packages/airflow/example_dags/example_nested_branch_dag.py
[2025-12-04T18:31:24.490+0500] {logging_mixin.py:188} INFO - [2025-12-04T18:31:24.489+0500] {dag.py:3089} INFO - Sync 1 DAGs
[2025-12-04T18:31:24.509+0500] {logging_mixin.py:188} INFO - [2025-12-04T18:31:24.509+0500] {dag.py:3947} INFO - Setting next_dagrun for example_nested_branch_dag to 2025-12-03 00:00:00+00:00, run_after=2025-12-04 00:00:00+00:00
[2025-12-04T18:31:24.536+0500] {processor.py:183} INFO - Processing /Library/Frameworks/Python.framework/Versions/3.11/lib/python3.11/site-packages/airflow/example_dags/example_nested_branch_dag.py took 0.230 seconds
[2025-12-04T18:33:49.439+0500] {processor.py:161} INFO - Started process (PID=12346) to work on /Library/Frameworks/Python.framework/Versions/3.11/lib/python3.11/site-packages/airflow/example_dags/example_nested_branch_dag.py
[2025-12-04T18:33:49.444+0500] {processor.py:830} INFO - Processing file /Library/Frameworks/Python.framework/Versions/3.11/lib/python3.11/site-packages/airflow/example_dags/example_nested_branch_dag.py for tasks to queue
[2025-12-04T18:33:49.446+0500] {logging_mixin.py:188} INFO - [2025-12-04T18:33:49.445+0500] {dagbag.py:545} INFO - Filling up the DagBag from /Library/Frameworks/Python.framework/Versions/3.11/lib/python3.11/site-packages/airflow/example_dags/example_nested_branch_dag.py
[2025-12-04T18:33:49.539+0500] {processor.py:840} INFO - DAG(s) 'example_nested_branch_dag' retrieved from /Library/Frameworks/Python.framework/Versions/3.11/lib/python3.11/site-packages/airflow/example_dags/example_nested_branch_dag.py
[2025-12-04T18:33:49.821+0500] {logging_mixin.py:188} INFO - [2025-12-04T18:33:49.820+0500] {dag.py:3089} INFO - Sync 1 DAGs
[2025-12-04T18:33:49.849+0500] {logging_mixin.py:188} INFO - [2025-12-04T18:33:49.849+0500] {dag.py:3947} INFO - Setting next_dagrun for example_nested_branch_dag to 2025-12-03 00:00:00+00:00, run_after=2025-12-04 00:00:00+00:00
[2025-12-04T18:33:49.881+0500] {processor.py:183} INFO - Processing /Library/Frameworks/Python.framework/Versions/3.11/lib/python3.11/site-packages/airflow/example_dags/example_nested_branch_dag.py took 0.453 seconds
[2025-12-04T18:35:55.673+0500] {processor.py:161} INFO - Started process (PID=12435) to work on /Library/Frameworks/Python.framework/Versions/3.11/lib/python3.11/site-packages/airflow/example_dags/example_nested_branch_dag.py
[2025-12-04T18:35:55.675+0500] {processor.py:830} INFO - Processing file /Library/Frameworks/Python.framework/Versions/3.11/lib/python3.11/site-packages/airflow/example_dags/example_nested_branch_dag.py for tasks to queue
[2025-12-04T18:35:55.676+0500] {logging_mixin.py:188} INFO - [2025-12-04T18:35:55.676+0500] {dagbag.py:545} INFO - Filling up the DagBag from /Library/Frameworks/Python.framework/Versions/3.11/lib/python3.11/site-packages/airflow/example_dags/example_nested_branch_dag.py
[2025-12-04T18:35:55.717+0500] {processor.py:840} INFO - DAG(s) 'example_nested_branch_dag' retrieved from /Library/Frameworks/Python.framework/Versions/3.11/lib/python3.11/site-packages/airflow/example_dags/example_nested_branch_dag.py
[2025-12-04T18:35:55.841+0500] {logging_mixin.py:188} INFO - [2025-12-04T18:35:55.841+0500] {dag.py:3089} INFO - Sync 1 DAGs
[2025-12-04T18:35:55.860+0500] {logging_mixin.py:188} INFO - [2025-12-04T18:35:55.860+0500] {dag.py:3947} INFO - Setting next_dagrun for example_nested_branch_dag to 2025-12-03 00:00:00+00:00, run_after=2025-12-04 00:00:00+00:00
[2025-12-04T18:35:55.882+0500] {processor.py:183} INFO - Processing /Library/Frameworks/Python.framework/Versions/3.11/lib/python3.11/site-packages/airflow/example_dags/example_nested_branch_dag.py took 0.212 seconds
[2025-12-04T18:39:40.594+0500] {processor.py:161} INFO - Started process (PID=12563) to work on /Library/Frameworks/Python.framework/Versions/3.11/lib/python3.11/site-packages/airflow/example_dags/example_nested_branch_dag.py
[2025-12-04T18:39:40.596+0500] {processor.py:830} INFO - Processing file /Library/Frameworks/Python.framework/Versions/3.11/lib/python3.11/site-packages/airflow/example_dags/example_nested_branch_dag.py for tasks to queue
[2025-12-04T18:39:40.597+0500] {logging_mixin.py:188} INFO - [2025-12-04T18:39:40.597+0500] {dagbag.py:545} INFO - Filling up the DagBag from /Library/Frameworks/Python.framework/Versions/3.11/lib/python3.11/site-packages/airflow/example_dags/example_nested_branch_dag.py
[2025-12-04T18:39:40.642+0500] {processor.py:840} INFO - DAG(s) 'example_nested_branch_dag' retrieved from /Library/Frameworks/Python.framework/Versions/3.11/lib/python3.11/site-packages/airflow/example_dags/example_nested_branch_dag.py
[2025-12-04T18:39:40.753+0500] {logging_mixin.py:188} INFO - [2025-12-04T18:39:40.753+0500] {dag.py:3089} INFO - Sync 1 DAGs
[2025-12-04T18:39:40.772+0500] {logging_mixin.py:188} INFO - [2025-12-04T18:39:40.771+0500] {dag.py:3947} INFO - Setting next_dagrun for example_nested_branch_dag to 2025-12-03 00:00:00+00:00, run_after=2025-12-04 00:00:00+00:00
[2025-12-04T18:39:40.802+0500] {processor.py:183} INFO - Processing /Library/Frameworks/Python.framework/Versions/3.11/lib/python3.11/site-packages/airflow/example_dags/example_nested_branch_dag.py took 0.211 seconds
[2025-12-04T18:41:51.008+0500] {processor.py:161} INFO - Started process (PID=12674) to work on /Library/Frameworks/Python.framework/Versions/3.11/lib/python3.11/site-packages/airflow/example_dags/example_nested_branch_dag.py
[2025-12-04T18:41:51.010+0500] {processor.py:830} INFO - Processing file /Library/Frameworks/Python.framework/Versions/3.11/lib/python3.11/site-packages/airflow/example_dags/example_nested_branch_dag.py for tasks to queue
[2025-12-04T18:41:51.012+0500] {logging_mixin.py:188} INFO - [2025-12-04T18:41:51.011+0500] {dagbag.py:545} INFO - Filling up the DagBag from /Library/Frameworks/Python.framework/Versions/3.11/lib/python3.11/site-packages/airflow/example_dags/example_nested_branch_dag.py
[2025-12-04T18:41:51.059+0500] {processor.py:840} INFO - DAG(s) 'example_nested_branch_dag' retrieved from /Library/Frameworks/Python.framework/Versions/3.11/lib/python3.11/site-packages/airflow/example_dags/example_nested_branch_dag.py
[2025-12-04T18:41:51.175+0500] {logging_mixin.py:188} INFO - [2025-12-04T18:41:51.175+0500] {dag.py:3089} INFO - Sync 1 DAGs
[2025-12-04T18:41:51.193+0500] {logging_mixin.py:188} INFO - [2025-12-04T18:41:51.193+0500] {dag.py:3947} INFO - Setting next_dagrun for example_nested_branch_dag to 2025-12-03 00:00:00+00:00, run_after=2025-12-04 00:00:00+00:00
[2025-12-04T18:41:51.216+0500] {processor.py:183} INFO - Processing /Library/Frameworks/Python.framework/Versions/3.11/lib/python3.11/site-packages/airflow/example_dags/example_nested_branch_dag.py took 0.211 seconds
[2025-12-04T18:44:09.041+0500] {processor.py:161} INFO - Started process (PID=12764) to work on /Library/Frameworks/Python.framework/Versions/3.11/lib/python3.11/site-packages/airflow/example_dags/example_nested_branch_dag.py
[2025-12-04T18:44:09.043+0500] {processor.py:830} INFO - Processing file /Library/Frameworks/Python.framework/Versions/3.11/lib/python3.11/site-packages/airflow/example_dags/example_nested_branch_dag.py for tasks to queue
[2025-12-04T18:44:09.044+0500] {logging_mixin.py:188} INFO - [2025-12-04T18:44:09.044+0500] {dagbag.py:545} INFO - Filling up the DagBag from /Library/Frameworks/Python.framework/Versions/3.11/lib/python3.11/site-packages/airflow/example_dags/example_nested_branch_dag.py
[2025-12-04T18:44:09.086+0500] {processor.py:840} INFO - DAG(s) 'example_nested_branch_dag' retrieved from /Library/Frameworks/Python.framework/Versions/3.11/lib/python3.11/site-packages/airflow/example_dags/example_nested_branch_dag.py
[2025-12-04T18:44:09.210+0500] {logging_mixin.py:188} INFO - [2025-12-04T18:44:09.210+0500] {dag.py:3089} INFO - Sync 1 DAGs
[2025-12-04T18:44:09.229+0500] {logging_mixin.py:188} INFO - [2025-12-04T18:44:09.229+0500] {dag.py:3947} INFO - Setting next_dagrun for example_nested_branch_dag to 2025-12-03 00:00:00+00:00, run_after=2025-12-04 00:00:00+00:00
[2025-12-04T18:44:09.251+0500] {processor.py:183} INFO - Processing /Library/Frameworks/Python.framework/Versions/3.11/lib/python3.11/site-packages/airflow/example_dags/example_nested_branch_dag.py took 0.213 seconds
[2025-12-04T18:48:06.581+0500] {processor.py:161} INFO - Started process (PID=12914) to work on /Library/Frameworks/Python.framework/Versions/3.11/lib/python3.11/site-packages/airflow/example_dags/example_nested_branch_dag.py
[2025-12-04T18:48:06.583+0500] {processor.py:830} INFO - Processing file /Library/Frameworks/Python.framework/Versions/3.11/lib/python3.11/site-packages/airflow/example_dags/example_nested_branch_dag.py for tasks to queue
[2025-12-04T18:48:06.585+0500] {logging_mixin.py:188} INFO - [2025-12-04T18:48:06.584+0500] {dagbag.py:545} INFO - Filling up the DagBag from /Library/Frameworks/Python.framework/Versions/3.11/lib/python3.11/site-packages/airflow/example_dags/example_nested_branch_dag.py
[2025-12-04T18:48:06.629+0500] {processor.py:840} INFO - DAG(s) 'example_nested_branch_dag' retrieved from /Library/Frameworks/Python.framework/Versions/3.11/lib/python3.11/site-packages/airflow/example_dags/example_nested_branch_dag.py
[2025-12-04T18:48:06.744+0500] {logging_mixin.py:188} INFO - [2025-12-04T18:48:06.744+0500] {dag.py:3089} INFO - Sync 1 DAGs
[2025-12-04T18:48:06.765+0500] {logging_mixin.py:188} INFO - [2025-12-04T18:48:06.765+0500] {dag.py:3947} INFO - Setting next_dagrun for example_nested_branch_dag to 2025-12-03 00:00:00+00:00, run_after=2025-12-04 00:00:00+00:00
[2025-12-04T18:48:06.787+0500] {processor.py:183} INFO - Processing /Library/Frameworks/Python.framework/Versions/3.11/lib/python3.11/site-packages/airflow/example_dags/example_nested_branch_dag.py took 0.209 seconds
[2025-12-04T18:50:21.389+0500] {processor.py:161} INFO - Started process (PID=12984) to work on /Library/Frameworks/Python.framework/Versions/3.11/lib/python3.11/site-packages/airflow/example_dags/example_nested_branch_dag.py
[2025-12-04T18:50:21.392+0500] {processor.py:830} INFO - Processing file /Library/Frameworks/Python.framework/Versions/3.11/lib/python3.11/site-packages/airflow/example_dags/example_nested_branch_dag.py for tasks to queue
[2025-12-04T18:50:21.393+0500] {logging_mixin.py:188} INFO - [2025-12-04T18:50:21.393+0500] {dagbag.py:545} INFO - Filling up the DagBag from /Library/Frameworks/Python.framework/Versions/3.11/lib/python3.11/site-packages/airflow/example_dags/example_nested_branch_dag.py
[2025-12-04T18:50:21.459+0500] {processor.py:840} INFO - DAG(s) 'example_nested_branch_dag' retrieved from /Library/Frameworks/Python.framework/Versions/3.11/lib/python3.11/site-packages/airflow/example_dags/example_nested_branch_dag.py
[2025-12-04T18:50:21.593+0500] {logging_mixin.py:188} INFO - [2025-12-04T18:50:21.592+0500] {dag.py:3089} INFO - Sync 1 DAGs
[2025-12-04T18:50:21.616+0500] {logging_mixin.py:188} INFO - [2025-12-04T18:50:21.616+0500] {dag.py:3947} INFO - Setting next_dagrun for example_nested_branch_dag to 2025-12-03 00:00:00+00:00, run_after=2025-12-04 00:00:00+00:00
[2025-12-04T18:50:21.640+0500] {processor.py:183} INFO - Processing /Library/Frameworks/Python.framework/Versions/3.11/lib/python3.11/site-packages/airflow/example_dags/example_nested_branch_dag.py took 0.254 seconds
[2025-12-04T18:52:45.549+0500] {processor.py:161} INFO - Started process (PID=13084) to work on /Library/Frameworks/Python.framework/Versions/3.11/lib/python3.11/site-packages/airflow/example_dags/example_nested_branch_dag.py
[2025-12-04T18:52:45.551+0500] {processor.py:830} INFO - Processing file /Library/Frameworks/Python.framework/Versions/3.11/lib/python3.11/site-packages/airflow/example_dags/example_nested_branch_dag.py for tasks to queue
[2025-12-04T18:52:45.552+0500] {logging_mixin.py:188} INFO - [2025-12-04T18:52:45.552+0500] {dagbag.py:545} INFO - Filling up the DagBag from /Library/Frameworks/Python.framework/Versions/3.11/lib/python3.11/site-packages/airflow/example_dags/example_nested_branch_dag.py
[2025-12-04T18:52:45.595+0500] {processor.py:840} INFO - DAG(s) 'example_nested_branch_dag' retrieved from /Library/Frameworks/Python.framework/Versions/3.11/lib/python3.11/site-packages/airflow/example_dags/example_nested_branch_dag.py
[2025-12-04T18:52:45.715+0500] {logging_mixin.py:188} INFO - [2025-12-04T18:52:45.715+0500] {dag.py:3089} INFO - Sync 1 DAGs
[2025-12-04T18:52:45.740+0500] {logging_mixin.py:188} INFO - [2025-12-04T18:52:45.739+0500] {dag.py:3947} INFO - Setting next_dagrun for example_nested_branch_dag to 2025-12-03 00:00:00+00:00, run_after=2025-12-04 00:00:00+00:00
[2025-12-04T18:52:45.779+0500] {processor.py:183} INFO - Processing /Library/Frameworks/Python.framework/Versions/3.11/lib/python3.11/site-packages/airflow/example_dags/example_nested_branch_dag.py took 0.233 seconds
[2025-12-04T18:54:52.248+0500] {processor.py:161} INFO - Started process (PID=13168) to work on /Library/Frameworks/Python.framework/Versions/3.11/lib/python3.11/site-packages/airflow/example_dags/example_nested_branch_dag.py
[2025-12-04T18:54:52.250+0500] {processor.py:830} INFO - Processing file /Library/Frameworks/Python.framework/Versions/3.11/lib/python3.11/site-packages/airflow/example_dags/example_nested_branch_dag.py for tasks to queue
[2025-12-04T18:54:52.250+0500] {logging_mixin.py:188} INFO - [2025-12-04T18:54:52.250+0500] {dagbag.py:545} INFO - Filling up the DagBag from /Library/Frameworks/Python.framework/Versions/3.11/lib/python3.11/site-packages/airflow/example_dags/example_nested_branch_dag.py
[2025-12-04T18:54:52.297+0500] {processor.py:840} INFO - DAG(s) 'example_nested_branch_dag' retrieved from /Library/Frameworks/Python.framework/Versions/3.11/lib/python3.11/site-packages/airflow/example_dags/example_nested_branch_dag.py
[2025-12-04T18:54:52.434+0500] {logging_mixin.py:188} INFO - [2025-12-04T18:54:52.433+0500] {dag.py:3089} INFO - Sync 1 DAGs
[2025-12-04T18:54:52.455+0500] {logging_mixin.py:188} INFO - [2025-12-04T18:54:52.455+0500] {dag.py:3947} INFO - Setting next_dagrun for example_nested_branch_dag to 2025-12-03 00:00:00+00:00, run_after=2025-12-04 00:00:00+00:00
[2025-12-04T18:54:52.480+0500] {processor.py:183} INFO - Processing /Library/Frameworks/Python.framework/Versions/3.11/lib/python3.11/site-packages/airflow/example_dags/example_nested_branch_dag.py took 0.236 seconds
[2025-12-04T19:34:17.800+0500] {processor.py:161} INFO - Started process (PID=14608) to work on /Library/Frameworks/Python.framework/Versions/3.11/lib/python3.11/site-packages/airflow/example_dags/example_nested_branch_dag.py
[2025-12-04T19:34:17.802+0500] {processor.py:830} INFO - Processing file /Library/Frameworks/Python.framework/Versions/3.11/lib/python3.11/site-packages/airflow/example_dags/example_nested_branch_dag.py for tasks to queue
[2025-12-04T19:34:17.804+0500] {logging_mixin.py:188} INFO - [2025-12-04T19:34:17.803+0500] {dagbag.py:545} INFO - Filling up the DagBag from /Library/Frameworks/Python.framework/Versions/3.11/lib/python3.11/site-packages/airflow/example_dags/example_nested_branch_dag.py
[2025-12-04T19:34:17.861+0500] {processor.py:840} INFO - DAG(s) 'example_nested_branch_dag' retrieved from /Library/Frameworks/Python.framework/Versions/3.11/lib/python3.11/site-packages/airflow/example_dags/example_nested_branch_dag.py
[2025-12-04T19:34:18.018+0500] {logging_mixin.py:188} INFO - [2025-12-04T19:34:18.018+0500] {dag.py:3089} INFO - Sync 1 DAGs
[2025-12-04T19:34:18.040+0500] {logging_mixin.py:188} INFO - [2025-12-04T19:34:18.040+0500] {dag.py:3947} INFO - Setting next_dagrun for example_nested_branch_dag to 2025-12-03 00:00:00+00:00, run_after=2025-12-04 00:00:00+00:00
[2025-12-04T19:34:18.064+0500] {processor.py:183} INFO - Processing /Library/Frameworks/Python.framework/Versions/3.11/lib/python3.11/site-packages/airflow/example_dags/example_nested_branch_dag.py took 0.267 seconds
[2025-12-04T19:37:22.269+0500] {processor.py:161} INFO - Started process (PID=14735) to work on /Library/Frameworks/Python.framework/Versions/3.11/lib/python3.11/site-packages/airflow/example_dags/example_nested_branch_dag.py
[2025-12-04T19:37:22.271+0500] {processor.py:830} INFO - Processing file /Library/Frameworks/Python.framework/Versions/3.11/lib/python3.11/site-packages/airflow/example_dags/example_nested_branch_dag.py for tasks to queue
[2025-12-04T19:37:22.272+0500] {logging_mixin.py:188} INFO - [2025-12-04T19:37:22.272+0500] {dagbag.py:545} INFO - Filling up the DagBag from /Library/Frameworks/Python.framework/Versions/3.11/lib/python3.11/site-packages/airflow/example_dags/example_nested_branch_dag.py
[2025-12-04T19:37:22.416+0500] {processor.py:840} INFO - DAG(s) 'example_nested_branch_dag' retrieved from /Library/Frameworks/Python.framework/Versions/3.11/lib/python3.11/site-packages/airflow/example_dags/example_nested_branch_dag.py
[2025-12-04T19:37:22.549+0500] {logging_mixin.py:188} INFO - [2025-12-04T19:37:22.549+0500] {dag.py:3089} INFO - Sync 1 DAGs
[2025-12-04T19:37:22.570+0500] {logging_mixin.py:188} INFO - [2025-12-04T19:37:22.570+0500] {dag.py:3947} INFO - Setting next_dagrun for example_nested_branch_dag to 2025-12-03 00:00:00+00:00, run_after=2025-12-04 00:00:00+00:00
[2025-12-04T19:37:22.593+0500] {processor.py:183} INFO - Processing /Library/Frameworks/Python.framework/Versions/3.11/lib/python3.11/site-packages/airflow/example_dags/example_nested_branch_dag.py took 0.327 seconds
[2025-12-04T19:41:38.425+0500] {processor.py:161} INFO - Started process (PID=14896) to work on /Library/Frameworks/Python.framework/Versions/3.11/lib/python3.11/site-packages/airflow/example_dags/example_nested_branch_dag.py
[2025-12-04T19:41:38.427+0500] {processor.py:830} INFO - Processing file /Library/Frameworks/Python.framework/Versions/3.11/lib/python3.11/site-packages/airflow/example_dags/example_nested_branch_dag.py for tasks to queue
[2025-12-04T19:41:38.428+0500] {logging_mixin.py:188} INFO - [2025-12-04T19:41:38.428+0500] {dagbag.py:545} INFO - Filling up the DagBag from /Library/Frameworks/Python.framework/Versions/3.11/lib/python3.11/site-packages/airflow/example_dags/example_nested_branch_dag.py
[2025-12-04T19:41:38.474+0500] {processor.py:840} INFO - DAG(s) 'example_nested_branch_dag' retrieved from /Library/Frameworks/Python.framework/Versions/3.11/lib/python3.11/site-packages/airflow/example_dags/example_nested_branch_dag.py
[2025-12-04T19:41:38.603+0500] {logging_mixin.py:188} INFO - [2025-12-04T19:41:38.603+0500] {dag.py:3089} INFO - Sync 1 DAGs
[2025-12-04T19:41:38.624+0500] {logging_mixin.py:188} INFO - [2025-12-04T19:41:38.624+0500] {dag.py:3947} INFO - Setting next_dagrun for example_nested_branch_dag to 2025-12-03 00:00:00+00:00, run_after=2025-12-04 00:00:00+00:00
[2025-12-04T19:41:38.647+0500] {processor.py:183} INFO - Processing /Library/Frameworks/Python.framework/Versions/3.11/lib/python3.11/site-packages/airflow/example_dags/example_nested_branch_dag.py took 0.225 seconds
[2025-12-04T19:43:56.394+0500] {processor.py:161} INFO - Started process (PID=14969) to work on /Library/Frameworks/Python.framework/Versions/3.11/lib/python3.11/site-packages/airflow/example_dags/example_nested_branch_dag.py
[2025-12-04T19:43:56.396+0500] {processor.py:830} INFO - Processing file /Library/Frameworks/Python.framework/Versions/3.11/lib/python3.11/site-packages/airflow/example_dags/example_nested_branch_dag.py for tasks to queue
[2025-12-04T19:43:56.397+0500] {logging_mixin.py:188} INFO - [2025-12-04T19:43:56.397+0500] {dagbag.py:545} INFO - Filling up the DagBag from /Library/Frameworks/Python.framework/Versions/3.11/lib/python3.11/site-packages/airflow/example_dags/example_nested_branch_dag.py
[2025-12-04T19:43:56.437+0500] {processor.py:840} INFO - DAG(s) 'example_nested_branch_dag' retrieved from /Library/Frameworks/Python.framework/Versions/3.11/lib/python3.11/site-packages/airflow/example_dags/example_nested_branch_dag.py
[2025-12-04T19:43:56.580+0500] {logging_mixin.py:188} INFO - [2025-12-04T19:43:56.580+0500] {dag.py:3089} INFO - Sync 1 DAGs
[2025-12-04T19:43:56.601+0500] {logging_mixin.py:188} INFO - [2025-12-04T19:43:56.600+0500] {dag.py:3947} INFO - Setting next_dagrun for example_nested_branch_dag to 2025-12-03 00:00:00+00:00, run_after=2025-12-04 00:00:00+00:00
[2025-12-04T19:43:56.624+0500] {processor.py:183} INFO - Processing /Library/Frameworks/Python.framework/Versions/3.11/lib/python3.11/site-packages/airflow/example_dags/example_nested_branch_dag.py took 0.232 seconds
[2025-12-04T19:48:39.132+0500] {processor.py:161} INFO - Started process (PID=15143) to work on /Library/Frameworks/Python.framework/Versions/3.11/lib/python3.11/site-packages/airflow/example_dags/example_nested_branch_dag.py
[2025-12-04T19:48:39.134+0500] {processor.py:830} INFO - Processing file /Library/Frameworks/Python.framework/Versions/3.11/lib/python3.11/site-packages/airflow/example_dags/example_nested_branch_dag.py for tasks to queue
[2025-12-04T19:48:39.135+0500] {logging_mixin.py:188} INFO - [2025-12-04T19:48:39.134+0500] {dagbag.py:545} INFO - Filling up the DagBag from /Library/Frameworks/Python.framework/Versions/3.11/lib/python3.11/site-packages/airflow/example_dags/example_nested_branch_dag.py
[2025-12-04T19:48:39.176+0500] {processor.py:840} INFO - DAG(s) 'example_nested_branch_dag' retrieved from /Library/Frameworks/Python.framework/Versions/3.11/lib/python3.11/site-packages/airflow/example_dags/example_nested_branch_dag.py
[2025-12-04T19:48:39.289+0500] {logging_mixin.py:188} INFO - [2025-12-04T19:48:39.289+0500] {dag.py:3089} INFO - Sync 1 DAGs
[2025-12-04T19:48:39.308+0500] {logging_mixin.py:188} INFO - [2025-12-04T19:48:39.308+0500] {dag.py:3947} INFO - Setting next_dagrun for example_nested_branch_dag to 2025-12-03 00:00:00+00:00, run_after=2025-12-04 00:00:00+00:00
[2025-12-04T19:48:39.330+0500] {processor.py:183} INFO - Processing /Library/Frameworks/Python.framework/Versions/3.11/lib/python3.11/site-packages/airflow/example_dags/example_nested_branch_dag.py took 0.201 seconds
[2025-12-04T19:52:37.562+0500] {processor.py:161} INFO - Started process (PID=15322) to work on /Library/Frameworks/Python.framework/Versions/3.11/lib/python3.11/site-packages/airflow/example_dags/example_nested_branch_dag.py
[2025-12-04T19:52:37.564+0500] {processor.py:830} INFO - Processing file /Library/Frameworks/Python.framework/Versions/3.11/lib/python3.11/site-packages/airflow/example_dags/example_nested_branch_dag.py for tasks to queue
[2025-12-04T19:52:37.565+0500] {logging_mixin.py:188} INFO - [2025-12-04T19:52:37.565+0500] {dagbag.py:545} INFO - Filling up the DagBag from /Library/Frameworks/Python.framework/Versions/3.11/lib/python3.11/site-packages/airflow/example_dags/example_nested_branch_dag.py
[2025-12-04T19:52:37.604+0500] {processor.py:840} INFO - DAG(s) 'example_nested_branch_dag' retrieved from /Library/Frameworks/Python.framework/Versions/3.11/lib/python3.11/site-packages/airflow/example_dags/example_nested_branch_dag.py
[2025-12-04T19:52:37.714+0500] {logging_mixin.py:188} INFO - [2025-12-04T19:52:37.713+0500] {dag.py:3089} INFO - Sync 1 DAGs
[2025-12-04T19:52:37.734+0500] {logging_mixin.py:188} INFO - [2025-12-04T19:52:37.733+0500] {dag.py:3947} INFO - Setting next_dagrun for example_nested_branch_dag to 2025-12-03 00:00:00+00:00, run_after=2025-12-04 00:00:00+00:00
[2025-12-04T19:52:37.756+0500] {processor.py:183} INFO - Processing /Library/Frameworks/Python.framework/Versions/3.11/lib/python3.11/site-packages/airflow/example_dags/example_nested_branch_dag.py took 0.197 seconds
[2025-12-04T19:56:23.545+0500] {processor.py:161} INFO - Started process (PID=15449) to work on /Library/Frameworks/Python.framework/Versions/3.11/lib/python3.11/site-packages/airflow/example_dags/example_nested_branch_dag.py
[2025-12-04T19:56:23.548+0500] {processor.py:830} INFO - Processing file /Library/Frameworks/Python.framework/Versions/3.11/lib/python3.11/site-packages/airflow/example_dags/example_nested_branch_dag.py for tasks to queue
[2025-12-04T19:56:23.549+0500] {logging_mixin.py:188} INFO - [2025-12-04T19:56:23.548+0500] {dagbag.py:545} INFO - Filling up the DagBag from /Library/Frameworks/Python.framework/Versions/3.11/lib/python3.11/site-packages/airflow/example_dags/example_nested_branch_dag.py
[2025-12-04T19:56:23.588+0500] {processor.py:840} INFO - DAG(s) 'example_nested_branch_dag' retrieved from /Library/Frameworks/Python.framework/Versions/3.11/lib/python3.11/site-packages/airflow/example_dags/example_nested_branch_dag.py
[2025-12-04T19:56:23.702+0500] {logging_mixin.py:188} INFO - [2025-12-04T19:56:23.702+0500] {dag.py:3089} INFO - Sync 1 DAGs
[2025-12-04T19:56:23.722+0500] {logging_mixin.py:188} INFO - [2025-12-04T19:56:23.722+0500] {dag.py:3947} INFO - Setting next_dagrun for example_nested_branch_dag to 2025-12-03 00:00:00+00:00, run_after=2025-12-04 00:00:00+00:00
[2025-12-04T19:56:23.743+0500] {processor.py:183} INFO - Processing /Library/Frameworks/Python.framework/Versions/3.11/lib/python3.11/site-packages/airflow/example_dags/example_nested_branch_dag.py took 0.201 seconds
[2025-12-04T20:42:37.594+0500] {processor.py:161} INFO - Started process (PID=15650) to work on /Library/Frameworks/Python.framework/Versions/3.11/lib/python3.11/site-packages/airflow/example_dags/example_nested_branch_dag.py
[2025-12-04T20:42:37.596+0500] {processor.py:830} INFO - Processing file /Library/Frameworks/Python.framework/Versions/3.11/lib/python3.11/site-packages/airflow/example_dags/example_nested_branch_dag.py for tasks to queue
[2025-12-04T20:42:37.597+0500] {logging_mixin.py:188} INFO - [2025-12-04T20:42:37.597+0500] {dagbag.py:545} INFO - Filling up the DagBag from /Library/Frameworks/Python.framework/Versions/3.11/lib/python3.11/site-packages/airflow/example_dags/example_nested_branch_dag.py
[2025-12-04T20:42:37.656+0500] {processor.py:840} INFO - DAG(s) 'example_nested_branch_dag' retrieved from /Library/Frameworks/Python.framework/Versions/3.11/lib/python3.11/site-packages/airflow/example_dags/example_nested_branch_dag.py
[2025-12-04T20:42:37.818+0500] {logging_mixin.py:188} INFO - [2025-12-04T20:42:37.817+0500] {dag.py:3089} INFO - Sync 1 DAGs
[2025-12-04T20:42:37.842+0500] {logging_mixin.py:188} INFO - [2025-12-04T20:42:37.842+0500] {dag.py:3947} INFO - Setting next_dagrun for example_nested_branch_dag to 2025-12-03 00:00:00+00:00, run_after=2025-12-04 00:00:00+00:00
[2025-12-04T20:42:37.870+0500] {processor.py:183} INFO - Processing /Library/Frameworks/Python.framework/Versions/3.11/lib/python3.11/site-packages/airflow/example_dags/example_nested_branch_dag.py took 0.280 seconds
[2025-12-04T20:45:31.293+0500] {processor.py:161} INFO - Started process (PID=15797) to work on /Library/Frameworks/Python.framework/Versions/3.11/lib/python3.11/site-packages/airflow/example_dags/example_nested_branch_dag.py
[2025-12-04T20:45:31.296+0500] {processor.py:830} INFO - Processing file /Library/Frameworks/Python.framework/Versions/3.11/lib/python3.11/site-packages/airflow/example_dags/example_nested_branch_dag.py for tasks to queue
[2025-12-04T20:45:31.297+0500] {logging_mixin.py:188} INFO - [2025-12-04T20:45:31.297+0500] {dagbag.py:545} INFO - Filling up the DagBag from /Library/Frameworks/Python.framework/Versions/3.11/lib/python3.11/site-packages/airflow/example_dags/example_nested_branch_dag.py
[2025-12-04T20:45:31.376+0500] {processor.py:840} INFO - DAG(s) 'example_nested_branch_dag' retrieved from /Library/Frameworks/Python.framework/Versions/3.11/lib/python3.11/site-packages/airflow/example_dags/example_nested_branch_dag.py
[2025-12-04T20:45:31.576+0500] {logging_mixin.py:188} INFO - [2025-12-04T20:45:31.575+0500] {dag.py:3089} INFO - Sync 1 DAGs
[2025-12-04T20:45:31.600+0500] {logging_mixin.py:188} INFO - [2025-12-04T20:45:31.599+0500] {dag.py:3947} INFO - Setting next_dagrun for example_nested_branch_dag to 2025-12-03 00:00:00+00:00, run_after=2025-12-04 00:00:00+00:00
[2025-12-04T20:45:31.624+0500] {processor.py:183} INFO - Processing /Library/Frameworks/Python.framework/Versions/3.11/lib/python3.11/site-packages/airflow/example_dags/example_nested_branch_dag.py took 0.333 seconds
[2025-12-04T20:47:58.898+0500] {processor.py:161} INFO - Started process (PID=15874) to work on /Library/Frameworks/Python.framework/Versions/3.11/lib/python3.11/site-packages/airflow/example_dags/example_nested_branch_dag.py
[2025-12-04T20:47:58.904+0500] {processor.py:830} INFO - Processing file /Library/Frameworks/Python.framework/Versions/3.11/lib/python3.11/site-packages/airflow/example_dags/example_nested_branch_dag.py for tasks to queue
[2025-12-04T20:47:58.906+0500] {logging_mixin.py:188} INFO - [2025-12-04T20:47:58.905+0500] {dagbag.py:545} INFO - Filling up the DagBag from /Library/Frameworks/Python.framework/Versions/3.11/lib/python3.11/site-packages/airflow/example_dags/example_nested_branch_dag.py
[2025-12-04T20:47:59.037+0500] {processor.py:840} INFO - DAG(s) 'example_nested_branch_dag' retrieved from /Library/Frameworks/Python.framework/Versions/3.11/lib/python3.11/site-packages/airflow/example_dags/example_nested_branch_dag.py
[2025-12-04T20:47:59.174+0500] {logging_mixin.py:188} INFO - [2025-12-04T20:47:59.173+0500] {dag.py:3089} INFO - Sync 1 DAGs
[2025-12-04T20:47:59.198+0500] {logging_mixin.py:188} INFO - [2025-12-04T20:47:59.197+0500] {dag.py:3947} INFO - Setting next_dagrun for example_nested_branch_dag to 2025-12-03 00:00:00+00:00, run_after=2025-12-04 00:00:00+00:00
[2025-12-04T20:47:59.224+0500] {processor.py:183} INFO - Processing /Library/Frameworks/Python.framework/Versions/3.11/lib/python3.11/site-packages/airflow/example_dags/example_nested_branch_dag.py took 0.329 seconds
