[2025-12-04T18:19:54.870+0500] {processor.py:161} INFO - Started process (PID=11733) to work on /Library/Frameworks/Python.framework/Versions/3.11/lib/python3.11/site-packages/airflow/example_dags/example_kubernetes_executor.py
[2025-12-04T18:19:54.871+0500] {processor.py:830} INFO - Processing file /Library/Frameworks/Python.framework/Versions/3.11/lib/python3.11/site-packages/airflow/example_dags/example_kubernetes_executor.py for tasks to queue
[2025-12-04T18:19:54.872+0500] {logging_mixin.py:188} INFO - [2025-12-04T18:19:54.872+0500] {dagbag.py:545} INFO - Filling up the DagBag from /Library/Frameworks/Python.framework/Versions/3.11/lib/python3.11/site-packages/airflow/example_dags/example_kubernetes_executor.py
[2025-12-04T18:19:54.928+0500] {logging_mixin.py:188} INFO - [2025-12-04T18:19:54.928+0500] {example_kubernetes_executor.py:39} WARNING - The example_kubernetes_executor example DAG requires the kubernetes provider. Please install it with: pip install apache-airflow[cncf.kubernetes]
[2025-12-04T18:19:54.929+0500] {processor.py:842} WARNING - No viable dags retrieved from /Library/Frameworks/Python.framework/Versions/3.11/lib/python3.11/site-packages/airflow/example_dags/example_kubernetes_executor.py
[2025-12-04T18:19:55.069+0500] {processor.py:183} INFO - Processing /Library/Frameworks/Python.framework/Versions/3.11/lib/python3.11/site-packages/airflow/example_dags/example_kubernetes_executor.py took 0.204 seconds
[2025-12-04T18:22:35.040+0500] {processor.py:161} INFO - Started process (PID=11835) to work on /Library/Frameworks/Python.framework/Versions/3.11/lib/python3.11/site-packages/airflow/example_dags/example_kubernetes_executor.py
[2025-12-04T18:22:35.042+0500] {processor.py:830} INFO - Processing file /Library/Frameworks/Python.framework/Versions/3.11/lib/python3.11/site-packages/airflow/example_dags/example_kubernetes_executor.py for tasks to queue
[2025-12-04T18:22:35.043+0500] {logging_mixin.py:188} INFO - [2025-12-04T18:22:35.043+0500] {dagbag.py:545} INFO - Filling up the DagBag from /Library/Frameworks/Python.framework/Versions/3.11/lib/python3.11/site-packages/airflow/example_dags/example_kubernetes_executor.py
[2025-12-04T18:22:35.080+0500] {logging_mixin.py:188} INFO - [2025-12-04T18:22:35.080+0500] {example_kubernetes_executor.py:39} WARNING - The example_kubernetes_executor example DAG requires the kubernetes provider. Please install it with: pip install apache-airflow[cncf.kubernetes]
[2025-12-04T18:22:35.081+0500] {processor.py:842} WARNING - No viable dags retrieved from /Library/Frameworks/Python.framework/Versions/3.11/lib/python3.11/site-packages/airflow/example_dags/example_kubernetes_executor.py
[2025-12-04T18:22:35.167+0500] {processor.py:183} INFO - Processing /Library/Frameworks/Python.framework/Versions/3.11/lib/python3.11/site-packages/airflow/example_dags/example_kubernetes_executor.py took 0.130 seconds
[2025-12-04T18:26:42.600+0500] {processor.py:161} INFO - Started process (PID=12001) to work on /Library/Frameworks/Python.framework/Versions/3.11/lib/python3.11/site-packages/airflow/example_dags/example_kubernetes_executor.py
[2025-12-04T18:26:42.602+0500] {processor.py:830} INFO - Processing file /Library/Frameworks/Python.framework/Versions/3.11/lib/python3.11/site-packages/airflow/example_dags/example_kubernetes_executor.py for tasks to queue
[2025-12-04T18:26:42.604+0500] {logging_mixin.py:188} INFO - [2025-12-04T18:26:42.603+0500] {dagbag.py:545} INFO - Filling up the DagBag from /Library/Frameworks/Python.framework/Versions/3.11/lib/python3.11/site-packages/airflow/example_dags/example_kubernetes_executor.py
[2025-12-04T18:26:42.651+0500] {logging_mixin.py:188} INFO - [2025-12-04T18:26:42.651+0500] {example_kubernetes_executor.py:39} WARNING - The example_kubernetes_executor example DAG requires the kubernetes provider. Please install it with: pip install apache-airflow[cncf.kubernetes]
[2025-12-04T18:26:42.652+0500] {processor.py:842} WARNING - No viable dags retrieved from /Library/Frameworks/Python.framework/Versions/3.11/lib/python3.11/site-packages/airflow/example_dags/example_kubernetes_executor.py
[2025-12-04T18:26:42.770+0500] {processor.py:183} INFO - Processing /Library/Frameworks/Python.framework/Versions/3.11/lib/python3.11/site-packages/airflow/example_dags/example_kubernetes_executor.py took 0.174 seconds
[2025-12-04T18:31:37.486+0500] {processor.py:161} INFO - Started process (PID=12233) to work on /Library/Frameworks/Python.framework/Versions/3.11/lib/python3.11/site-packages/airflow/example_dags/example_kubernetes_executor.py
[2025-12-04T18:31:37.488+0500] {processor.py:830} INFO - Processing file /Library/Frameworks/Python.framework/Versions/3.11/lib/python3.11/site-packages/airflow/example_dags/example_kubernetes_executor.py for tasks to queue
[2025-12-04T18:31:37.490+0500] {logging_mixin.py:188} INFO - [2025-12-04T18:31:37.489+0500] {dagbag.py:545} INFO - Filling up the DagBag from /Library/Frameworks/Python.framework/Versions/3.11/lib/python3.11/site-packages/airflow/example_dags/example_kubernetes_executor.py
[2025-12-04T18:31:37.525+0500] {logging_mixin.py:188} INFO - [2025-12-04T18:31:37.524+0500] {example_kubernetes_executor.py:39} WARNING - The example_kubernetes_executor example DAG requires the kubernetes provider. Please install it with: pip install apache-airflow[cncf.kubernetes]
[2025-12-04T18:31:37.525+0500] {processor.py:842} WARNING - No viable dags retrieved from /Library/Frameworks/Python.framework/Versions/3.11/lib/python3.11/site-packages/airflow/example_dags/example_kubernetes_executor.py
[2025-12-04T18:31:37.607+0500] {processor.py:183} INFO - Processing /Library/Frameworks/Python.framework/Versions/3.11/lib/python3.11/site-packages/airflow/example_dags/example_kubernetes_executor.py took 0.124 seconds
[2025-12-04T18:36:07.293+0500] {processor.py:161} INFO - Started process (PID=12441) to work on /Library/Frameworks/Python.framework/Versions/3.11/lib/python3.11/site-packages/airflow/example_dags/example_kubernetes_executor.py
[2025-12-04T18:36:07.295+0500] {processor.py:830} INFO - Processing file /Library/Frameworks/Python.framework/Versions/3.11/lib/python3.11/site-packages/airflow/example_dags/example_kubernetes_executor.py for tasks to queue
[2025-12-04T18:36:07.296+0500] {logging_mixin.py:188} INFO - [2025-12-04T18:36:07.296+0500] {dagbag.py:545} INFO - Filling up the DagBag from /Library/Frameworks/Python.framework/Versions/3.11/lib/python3.11/site-packages/airflow/example_dags/example_kubernetes_executor.py
[2025-12-04T18:36:07.336+0500] {logging_mixin.py:188} INFO - [2025-12-04T18:36:07.335+0500] {example_kubernetes_executor.py:39} WARNING - The example_kubernetes_executor example DAG requires the kubernetes provider. Please install it with: pip install apache-airflow[cncf.kubernetes]
[2025-12-04T18:36:07.336+0500] {processor.py:842} WARNING - No viable dags retrieved from /Library/Frameworks/Python.framework/Versions/3.11/lib/python3.11/site-packages/airflow/example_dags/example_kubernetes_executor.py
[2025-12-04T18:36:07.420+0500] {processor.py:183} INFO - Processing /Library/Frameworks/Python.framework/Versions/3.11/lib/python3.11/site-packages/airflow/example_dags/example_kubernetes_executor.py took 0.130 seconds
[2025-12-04T18:39:51.611+0500] {processor.py:161} INFO - Started process (PID=12569) to work on /Library/Frameworks/Python.framework/Versions/3.11/lib/python3.11/site-packages/airflow/example_dags/example_kubernetes_executor.py
[2025-12-04T18:39:51.613+0500] {processor.py:830} INFO - Processing file /Library/Frameworks/Python.framework/Versions/3.11/lib/python3.11/site-packages/airflow/example_dags/example_kubernetes_executor.py for tasks to queue
[2025-12-04T18:39:51.614+0500] {logging_mixin.py:188} INFO - [2025-12-04T18:39:51.613+0500] {dagbag.py:545} INFO - Filling up the DagBag from /Library/Frameworks/Python.framework/Versions/3.11/lib/python3.11/site-packages/airflow/example_dags/example_kubernetes_executor.py
[2025-12-04T18:39:51.649+0500] {logging_mixin.py:188} INFO - [2025-12-04T18:39:51.648+0500] {example_kubernetes_executor.py:39} WARNING - The example_kubernetes_executor example DAG requires the kubernetes provider. Please install it with: pip install apache-airflow[cncf.kubernetes]
[2025-12-04T18:39:51.649+0500] {processor.py:842} WARNING - No viable dags retrieved from /Library/Frameworks/Python.framework/Versions/3.11/lib/python3.11/site-packages/airflow/example_dags/example_kubernetes_executor.py
[2025-12-04T18:39:51.730+0500] {processor.py:183} INFO - Processing /Library/Frameworks/Python.framework/Versions/3.11/lib/python3.11/site-packages/airflow/example_dags/example_kubernetes_executor.py took 0.122 seconds
[2025-12-04T18:44:20.675+0500] {processor.py:161} INFO - Started process (PID=12770) to work on /Library/Frameworks/Python.framework/Versions/3.11/lib/python3.11/site-packages/airflow/example_dags/example_kubernetes_executor.py
[2025-12-04T18:44:20.677+0500] {processor.py:830} INFO - Processing file /Library/Frameworks/Python.framework/Versions/3.11/lib/python3.11/site-packages/airflow/example_dags/example_kubernetes_executor.py for tasks to queue
[2025-12-04T18:44:20.678+0500] {logging_mixin.py:188} INFO - [2025-12-04T18:44:20.678+0500] {dagbag.py:545} INFO - Filling up the DagBag from /Library/Frameworks/Python.framework/Versions/3.11/lib/python3.11/site-packages/airflow/example_dags/example_kubernetes_executor.py
[2025-12-04T18:44:20.717+0500] {logging_mixin.py:188} INFO - [2025-12-04T18:44:20.717+0500] {example_kubernetes_executor.py:39} WARNING - The example_kubernetes_executor example DAG requires the kubernetes provider. Please install it with: pip install apache-airflow[cncf.kubernetes]
[2025-12-04T18:44:20.718+0500] {processor.py:842} WARNING - No viable dags retrieved from /Library/Frameworks/Python.framework/Versions/3.11/lib/python3.11/site-packages/airflow/example_dags/example_kubernetes_executor.py
[2025-12-04T18:44:20.797+0500] {processor.py:183} INFO - Processing /Library/Frameworks/Python.framework/Versions/3.11/lib/python3.11/site-packages/airflow/example_dags/example_kubernetes_executor.py took 0.125 seconds
[2025-12-04T18:48:19.738+0500] {processor.py:161} INFO - Started process (PID=12921) to work on /Library/Frameworks/Python.framework/Versions/3.11/lib/python3.11/site-packages/airflow/example_dags/example_kubernetes_executor.py
[2025-12-04T18:48:19.740+0500] {processor.py:830} INFO - Processing file /Library/Frameworks/Python.framework/Versions/3.11/lib/python3.11/site-packages/airflow/example_dags/example_kubernetes_executor.py for tasks to queue
[2025-12-04T18:48:19.741+0500] {logging_mixin.py:188} INFO - [2025-12-04T18:48:19.741+0500] {dagbag.py:545} INFO - Filling up the DagBag from /Library/Frameworks/Python.framework/Versions/3.11/lib/python3.11/site-packages/airflow/example_dags/example_kubernetes_executor.py
[2025-12-04T18:48:19.775+0500] {logging_mixin.py:188} INFO - [2025-12-04T18:48:19.774+0500] {example_kubernetes_executor.py:39} WARNING - The example_kubernetes_executor example DAG requires the kubernetes provider. Please install it with: pip install apache-airflow[cncf.kubernetes]
[2025-12-04T18:48:19.775+0500] {processor.py:842} WARNING - No viable dags retrieved from /Library/Frameworks/Python.framework/Versions/3.11/lib/python3.11/site-packages/airflow/example_dags/example_kubernetes_executor.py
[2025-12-04T18:48:19.855+0500] {processor.py:183} INFO - Processing /Library/Frameworks/Python.framework/Versions/3.11/lib/python3.11/site-packages/airflow/example_dags/example_kubernetes_executor.py took 0.119 seconds
[2025-12-04T18:52:57.952+0500] {processor.py:161} INFO - Started process (PID=13092) to work on /Library/Frameworks/Python.framework/Versions/3.11/lib/python3.11/site-packages/airflow/example_dags/example_kubernetes_executor.py
[2025-12-04T18:52:57.954+0500] {processor.py:830} INFO - Processing file /Library/Frameworks/Python.framework/Versions/3.11/lib/python3.11/site-packages/airflow/example_dags/example_kubernetes_executor.py for tasks to queue
[2025-12-04T18:52:57.955+0500] {logging_mixin.py:188} INFO - [2025-12-04T18:52:57.955+0500] {dagbag.py:545} INFO - Filling up the DagBag from /Library/Frameworks/Python.framework/Versions/3.11/lib/python3.11/site-packages/airflow/example_dags/example_kubernetes_executor.py
[2025-12-04T18:52:57.995+0500] {logging_mixin.py:188} INFO - [2025-12-04T18:52:57.995+0500] {example_kubernetes_executor.py:39} WARNING - The example_kubernetes_executor example DAG requires the kubernetes provider. Please install it with: pip install apache-airflow[cncf.kubernetes]
[2025-12-04T18:52:57.995+0500] {processor.py:842} WARNING - No viable dags retrieved from /Library/Frameworks/Python.framework/Versions/3.11/lib/python3.11/site-packages/airflow/example_dags/example_kubernetes_executor.py
[2025-12-04T18:52:58.076+0500] {processor.py:183} INFO - Processing /Library/Frameworks/Python.framework/Versions/3.11/lib/python3.11/site-packages/airflow/example_dags/example_kubernetes_executor.py took 0.127 seconds
[2025-12-04T19:34:30.185+0500] {processor.py:161} INFO - Started process (PID=14622) to work on /Library/Frameworks/Python.framework/Versions/3.11/lib/python3.11/site-packages/airflow/example_dags/example_kubernetes_executor.py
[2025-12-04T19:34:30.187+0500] {processor.py:830} INFO - Processing file /Library/Frameworks/Python.framework/Versions/3.11/lib/python3.11/site-packages/airflow/example_dags/example_kubernetes_executor.py for tasks to queue
[2025-12-04T19:34:30.188+0500] {logging_mixin.py:188} INFO - [2025-12-04T19:34:30.188+0500] {dagbag.py:545} INFO - Filling up the DagBag from /Library/Frameworks/Python.framework/Versions/3.11/lib/python3.11/site-packages/airflow/example_dags/example_kubernetes_executor.py
[2025-12-04T19:34:30.227+0500] {logging_mixin.py:188} INFO - [2025-12-04T19:34:30.227+0500] {example_kubernetes_executor.py:39} WARNING - The example_kubernetes_executor example DAG requires the kubernetes provider. Please install it with: pip install apache-airflow[cncf.kubernetes]
[2025-12-04T19:34:30.228+0500] {processor.py:842} WARNING - No viable dags retrieved from /Library/Frameworks/Python.framework/Versions/3.11/lib/python3.11/site-packages/airflow/example_dags/example_kubernetes_executor.py
[2025-12-04T19:34:30.309+0500] {processor.py:183} INFO - Processing /Library/Frameworks/Python.framework/Versions/3.11/lib/python3.11/site-packages/airflow/example_dags/example_kubernetes_executor.py took 0.127 seconds
[2025-12-04T19:37:33.381+0500] {processor.py:161} INFO - Started process (PID=14743) to work on /Library/Frameworks/Python.framework/Versions/3.11/lib/python3.11/site-packages/airflow/example_dags/example_kubernetes_executor.py
[2025-12-04T19:37:33.383+0500] {processor.py:830} INFO - Processing file /Library/Frameworks/Python.framework/Versions/3.11/lib/python3.11/site-packages/airflow/example_dags/example_kubernetes_executor.py for tasks to queue
[2025-12-04T19:37:33.384+0500] {logging_mixin.py:188} INFO - [2025-12-04T19:37:33.384+0500] {dagbag.py:545} INFO - Filling up the DagBag from /Library/Frameworks/Python.framework/Versions/3.11/lib/python3.11/site-packages/airflow/example_dags/example_kubernetes_executor.py
[2025-12-04T19:37:33.418+0500] {logging_mixin.py:188} INFO - [2025-12-04T19:37:33.417+0500] {example_kubernetes_executor.py:39} WARNING - The example_kubernetes_executor example DAG requires the kubernetes provider. Please install it with: pip install apache-airflow[cncf.kubernetes]
[2025-12-04T19:37:33.418+0500] {processor.py:842} WARNING - No viable dags retrieved from /Library/Frameworks/Python.framework/Versions/3.11/lib/python3.11/site-packages/airflow/example_dags/example_kubernetes_executor.py
[2025-12-04T19:37:33.500+0500] {processor.py:183} INFO - Processing /Library/Frameworks/Python.framework/Versions/3.11/lib/python3.11/site-packages/airflow/example_dags/example_kubernetes_executor.py took 0.122 seconds
[2025-12-04T19:41:51.328+0500] {processor.py:161} INFO - Started process (PID=14903) to work on /Library/Frameworks/Python.framework/Versions/3.11/lib/python3.11/site-packages/airflow/example_dags/example_kubernetes_executor.py
[2025-12-04T19:41:51.331+0500] {processor.py:830} INFO - Processing file /Library/Frameworks/Python.framework/Versions/3.11/lib/python3.11/site-packages/airflow/example_dags/example_kubernetes_executor.py for tasks to queue
[2025-12-04T19:41:51.332+0500] {logging_mixin.py:188} INFO - [2025-12-04T19:41:51.332+0500] {dagbag.py:545} INFO - Filling up the DagBag from /Library/Frameworks/Python.framework/Versions/3.11/lib/python3.11/site-packages/airflow/example_dags/example_kubernetes_executor.py
[2025-12-04T19:41:51.378+0500] {logging_mixin.py:188} INFO - [2025-12-04T19:41:51.378+0500] {example_kubernetes_executor.py:39} WARNING - The example_kubernetes_executor example DAG requires the kubernetes provider. Please install it with: pip install apache-airflow[cncf.kubernetes]
[2025-12-04T19:41:51.379+0500] {processor.py:842} WARNING - No viable dags retrieved from /Library/Frameworks/Python.framework/Versions/3.11/lib/python3.11/site-packages/airflow/example_dags/example_kubernetes_executor.py
[2025-12-04T19:41:51.491+0500] {processor.py:183} INFO - Processing /Library/Frameworks/Python.framework/Versions/3.11/lib/python3.11/site-packages/airflow/example_dags/example_kubernetes_executor.py took 0.166 seconds
[2025-12-04T19:46:31.602+0500] {processor.py:161} INFO - Started process (PID=15062) to work on /Library/Frameworks/Python.framework/Versions/3.11/lib/python3.11/site-packages/airflow/example_dags/example_kubernetes_executor.py
[2025-12-04T19:46:31.605+0500] {processor.py:830} INFO - Processing file /Library/Frameworks/Python.framework/Versions/3.11/lib/python3.11/site-packages/airflow/example_dags/example_kubernetes_executor.py for tasks to queue
[2025-12-04T19:46:31.607+0500] {logging_mixin.py:188} INFO - [2025-12-04T19:46:31.607+0500] {dagbag.py:545} INFO - Filling up the DagBag from /Library/Frameworks/Python.framework/Versions/3.11/lib/python3.11/site-packages/airflow/example_dags/example_kubernetes_executor.py
[2025-12-04T19:46:31.661+0500] {logging_mixin.py:188} INFO - [2025-12-04T19:46:31.660+0500] {example_kubernetes_executor.py:39} WARNING - The example_kubernetes_executor example DAG requires the kubernetes provider. Please install it with: pip install apache-airflow[cncf.kubernetes]
[2025-12-04T19:46:31.661+0500] {processor.py:842} WARNING - No viable dags retrieved from /Library/Frameworks/Python.framework/Versions/3.11/lib/python3.11/site-packages/airflow/example_dags/example_kubernetes_executor.py
[2025-12-04T19:46:31.757+0500] {processor.py:183} INFO - Processing /Library/Frameworks/Python.framework/Versions/3.11/lib/python3.11/site-packages/airflow/example_dags/example_kubernetes_executor.py took 0.160 seconds
[2025-12-04T19:50:46.405+0500] {processor.py:161} INFO - Started process (PID=15212) to work on /Library/Frameworks/Python.framework/Versions/3.11/lib/python3.11/site-packages/airflow/example_dags/example_kubernetes_executor.py
[2025-12-04T19:50:46.407+0500] {processor.py:830} INFO - Processing file /Library/Frameworks/Python.framework/Versions/3.11/lib/python3.11/site-packages/airflow/example_dags/example_kubernetes_executor.py for tasks to queue
[2025-12-04T19:50:46.407+0500] {logging_mixin.py:188} INFO - [2025-12-04T19:50:46.407+0500] {dagbag.py:545} INFO - Filling up the DagBag from /Library/Frameworks/Python.framework/Versions/3.11/lib/python3.11/site-packages/airflow/example_dags/example_kubernetes_executor.py
[2025-12-04T19:50:46.447+0500] {logging_mixin.py:188} INFO - [2025-12-04T19:50:46.447+0500] {example_kubernetes_executor.py:39} WARNING - The example_kubernetes_executor example DAG requires the kubernetes provider. Please install it with: pip install apache-airflow[cncf.kubernetes]
[2025-12-04T19:50:46.448+0500] {processor.py:842} WARNING - No viable dags retrieved from /Library/Frameworks/Python.framework/Versions/3.11/lib/python3.11/site-packages/airflow/example_dags/example_kubernetes_executor.py
[2025-12-04T19:50:46.530+0500] {processor.py:183} INFO - Processing /Library/Frameworks/Python.framework/Versions/3.11/lib/python3.11/site-packages/airflow/example_dags/example_kubernetes_executor.py took 0.128 seconds
[2025-12-04T19:54:41.734+0500] {processor.py:161} INFO - Started process (PID=15392) to work on /Library/Frameworks/Python.framework/Versions/3.11/lib/python3.11/site-packages/airflow/example_dags/example_kubernetes_executor.py
[2025-12-04T19:54:41.737+0500] {processor.py:830} INFO - Processing file /Library/Frameworks/Python.framework/Versions/3.11/lib/python3.11/site-packages/airflow/example_dags/example_kubernetes_executor.py for tasks to queue
[2025-12-04T19:54:41.739+0500] {logging_mixin.py:188} INFO - [2025-12-04T19:54:41.738+0500] {dagbag.py:545} INFO - Filling up the DagBag from /Library/Frameworks/Python.framework/Versions/3.11/lib/python3.11/site-packages/airflow/example_dags/example_kubernetes_executor.py
[2025-12-04T19:54:41.775+0500] {logging_mixin.py:188} INFO - [2025-12-04T19:54:41.775+0500] {example_kubernetes_executor.py:39} WARNING - The example_kubernetes_executor example DAG requires the kubernetes provider. Please install it with: pip install apache-airflow[cncf.kubernetes]
[2025-12-04T19:54:41.776+0500] {processor.py:842} WARNING - No viable dags retrieved from /Library/Frameworks/Python.framework/Versions/3.11/lib/python3.11/site-packages/airflow/example_dags/example_kubernetes_executor.py
[2025-12-04T19:54:41.857+0500] {processor.py:183} INFO - Processing /Library/Frameworks/Python.framework/Versions/3.11/lib/python3.11/site-packages/airflow/example_dags/example_kubernetes_executor.py took 0.127 seconds
[2025-12-04T20:15:32.590+0500] {processor.py:161} INFO - Started process (PID=15534) to work on /Library/Frameworks/Python.framework/Versions/3.11/lib/python3.11/site-packages/airflow/example_dags/example_kubernetes_executor.py
[2025-12-04T20:15:32.592+0500] {processor.py:830} INFO - Processing file /Library/Frameworks/Python.framework/Versions/3.11/lib/python3.11/site-packages/airflow/example_dags/example_kubernetes_executor.py for tasks to queue
[2025-12-04T20:15:32.593+0500] {logging_mixin.py:188} INFO - [2025-12-04T20:15:32.593+0500] {dagbag.py:545} INFO - Filling up the DagBag from /Library/Frameworks/Python.framework/Versions/3.11/lib/python3.11/site-packages/airflow/example_dags/example_kubernetes_executor.py
[2025-12-04T20:15:32.627+0500] {logging_mixin.py:188} INFO - [2025-12-04T20:15:32.627+0500] {example_kubernetes_executor.py:39} WARNING - The example_kubernetes_executor example DAG requires the kubernetes provider. Please install it with: pip install apache-airflow[cncf.kubernetes]
[2025-12-04T20:15:32.627+0500] {processor.py:842} WARNING - No viable dags retrieved from /Library/Frameworks/Python.framework/Versions/3.11/lib/python3.11/site-packages/airflow/example_dags/example_kubernetes_executor.py
[2025-12-04T20:15:32.718+0500] {processor.py:183} INFO - Processing /Library/Frameworks/Python.framework/Versions/3.11/lib/python3.11/site-packages/airflow/example_dags/example_kubernetes_executor.py took 0.131 seconds
[2025-12-04T20:45:44.859+0500] {processor.py:161} INFO - Started process (PID=15803) to work on /Library/Frameworks/Python.framework/Versions/3.11/lib/python3.11/site-packages/airflow/example_dags/example_kubernetes_executor.py
[2025-12-04T20:45:44.861+0500] {processor.py:830} INFO - Processing file /Library/Frameworks/Python.framework/Versions/3.11/lib/python3.11/site-packages/airflow/example_dags/example_kubernetes_executor.py for tasks to queue
[2025-12-04T20:45:44.862+0500] {logging_mixin.py:188} INFO - [2025-12-04T20:45:44.862+0500] {dagbag.py:545} INFO - Filling up the DagBag from /Library/Frameworks/Python.framework/Versions/3.11/lib/python3.11/site-packages/airflow/example_dags/example_kubernetes_executor.py
[2025-12-04T20:45:44.902+0500] {logging_mixin.py:188} INFO - [2025-12-04T20:45:44.902+0500] {example_kubernetes_executor.py:39} WARNING - The example_kubernetes_executor example DAG requires the kubernetes provider. Please install it with: pip install apache-airflow[cncf.kubernetes]
[2025-12-04T20:45:44.902+0500] {processor.py:842} WARNING - No viable dags retrieved from /Library/Frameworks/Python.framework/Versions/3.11/lib/python3.11/site-packages/airflow/example_dags/example_kubernetes_executor.py
[2025-12-04T20:45:44.988+0500] {processor.py:183} INFO - Processing /Library/Frameworks/Python.framework/Versions/3.11/lib/python3.11/site-packages/airflow/example_dags/example_kubernetes_executor.py took 0.133 seconds
[2025-12-04T20:48:11.902+0500] {processor.py:161} INFO - Started process (PID=15882) to work on /Library/Frameworks/Python.framework/Versions/3.11/lib/python3.11/site-packages/airflow/example_dags/example_kubernetes_executor.py
[2025-12-04T20:48:11.902+0500] {processor.py:830} INFO - Processing file /Library/Frameworks/Python.framework/Versions/3.11/lib/python3.11/site-packages/airflow/example_dags/example_kubernetes_executor.py for tasks to queue
[2025-12-04T20:48:11.903+0500] {logging_mixin.py:188} INFO - [2025-12-04T20:48:11.903+0500] {dagbag.py:545} INFO - Filling up the DagBag from /Library/Frameworks/Python.framework/Versions/3.11/lib/python3.11/site-packages/airflow/example_dags/example_kubernetes_executor.py
[2025-12-04T20:48:11.936+0500] {logging_mixin.py:188} INFO - [2025-12-04T20:48:11.936+0500] {example_kubernetes_executor.py:39} WARNING - The example_kubernetes_executor example DAG requires the kubernetes provider. Please install it with: pip install apache-airflow[cncf.kubernetes]
[2025-12-04T20:48:11.936+0500] {processor.py:842} WARNING - No viable dags retrieved from /Library/Frameworks/Python.framework/Versions/3.11/lib/python3.11/site-packages/airflow/example_dags/example_kubernetes_executor.py
[2025-12-04T20:48:12.018+0500] {processor.py:183} INFO - Processing /Library/Frameworks/Python.framework/Versions/3.11/lib/python3.11/site-packages/airflow/example_dags/example_kubernetes_executor.py took 0.119 seconds
