[2025-12-04T18:18:29.575+0500] {processor.py:161} INFO - Started process (PID=11687) to work on /Library/Frameworks/Python.framework/Versions/3.11/lib/python3.11/site-packages/airflow/example_dags/example_xcom.py
[2025-12-04T18:18:29.576+0500] {processor.py:830} INFO - Processing file /Library/Frameworks/Python.framework/Versions/3.11/lib/python3.11/site-packages/airflow/example_dags/example_xcom.py for tasks to queue
[2025-12-04T18:18:29.577+0500] {logging_mixin.py:188} INFO - [2025-12-04T18:18:29.577+0500] {dagbag.py:545} INFO - Filling up the DagBag from /Library/Frameworks/Python.framework/Versions/3.11/lib/python3.11/site-packages/airflow/example_dags/example_xcom.py
[2025-12-04T18:18:29.616+0500] {processor.py:840} INFO - DAG(s) 'example_xcom' retrieved from /Library/Frameworks/Python.framework/Versions/3.11/lib/python3.11/site-packages/airflow/example_dags/example_xcom.py
[2025-12-04T18:18:29.881+0500] {logging_mixin.py:188} INFO - [2025-12-04T18:18:29.880+0500] {override.py:1858} INFO - Created Permission View: can delete on DAG:example_xcom
[2025-12-04T18:18:29.894+0500] {logging_mixin.py:188} INFO - [2025-12-04T18:18:29.893+0500] {override.py:1858} INFO - Created Permission View: can read on DAG:example_xcom
[2025-12-04T18:18:29.903+0500] {logging_mixin.py:188} INFO - [2025-12-04T18:18:29.903+0500] {override.py:1858} INFO - Created Permission View: can edit on DAG:example_xcom
[2025-12-04T18:18:29.904+0500] {logging_mixin.py:188} INFO - [2025-12-04T18:18:29.904+0500] {dag.py:3089} INFO - Sync 1 DAGs
[2025-12-04T18:18:29.914+0500] {logging_mixin.py:188} INFO - [2025-12-04T18:18:29.914+0500] {dag.py:3111} INFO - Creating ORM DAG for example_xcom
[2025-12-04T18:18:29.922+0500] {logging_mixin.py:188} INFO - [2025-12-04T18:18:29.922+0500] {dag.py:3947} INFO - Setting next_dagrun for example_xcom to 2021-01-01 00:00:00+00:00, run_after=2021-01-01 00:00:00+00:00
[2025-12-04T18:18:29.943+0500] {processor.py:183} INFO - Processing /Library/Frameworks/Python.framework/Versions/3.11/lib/python3.11/site-packages/airflow/example_dags/example_xcom.py took 0.371 seconds
[2025-12-04T18:21:22.996+0500] {processor.py:161} INFO - Started process (PID=11777) to work on /Library/Frameworks/Python.framework/Versions/3.11/lib/python3.11/site-packages/airflow/example_dags/example_xcom.py
[2025-12-04T18:21:22.998+0500] {processor.py:830} INFO - Processing file /Library/Frameworks/Python.framework/Versions/3.11/lib/python3.11/site-packages/airflow/example_dags/example_xcom.py for tasks to queue
[2025-12-04T18:21:22.999+0500] {logging_mixin.py:188} INFO - [2025-12-04T18:21:22.999+0500] {dagbag.py:545} INFO - Filling up the DagBag from /Library/Frameworks/Python.framework/Versions/3.11/lib/python3.11/site-packages/airflow/example_dags/example_xcom.py
[2025-12-04T18:21:23.037+0500] {processor.py:840} INFO - DAG(s) 'example_xcom' retrieved from /Library/Frameworks/Python.framework/Versions/3.11/lib/python3.11/site-packages/airflow/example_dags/example_xcom.py
[2025-12-04T18:21:23.145+0500] {logging_mixin.py:188} INFO - [2025-12-04T18:21:23.145+0500] {dag.py:3089} INFO - Sync 1 DAGs
[2025-12-04T18:21:23.165+0500] {logging_mixin.py:188} INFO - [2025-12-04T18:21:23.165+0500] {dag.py:3947} INFO - Setting next_dagrun for example_xcom to 2021-01-01 00:00:00+00:00, run_after=2021-01-01 00:00:00+00:00
[2025-12-04T18:21:23.186+0500] {processor.py:183} INFO - Processing /Library/Frameworks/Python.framework/Versions/3.11/lib/python3.11/site-packages/airflow/example_dags/example_xcom.py took 0.193 seconds
[2025-12-04T18:23:28.874+0500] {processor.py:161} INFO - Started process (PID=11866) to work on /Library/Frameworks/Python.framework/Versions/3.11/lib/python3.11/site-packages/airflow/example_dags/example_xcom.py
[2025-12-04T18:23:28.876+0500] {processor.py:830} INFO - Processing file /Library/Frameworks/Python.framework/Versions/3.11/lib/python3.11/site-packages/airflow/example_dags/example_xcom.py for tasks to queue
[2025-12-04T18:23:28.877+0500] {logging_mixin.py:188} INFO - [2025-12-04T18:23:28.877+0500] {dagbag.py:545} INFO - Filling up the DagBag from /Library/Frameworks/Python.framework/Versions/3.11/lib/python3.11/site-packages/airflow/example_dags/example_xcom.py
[2025-12-04T18:23:28.916+0500] {processor.py:840} INFO - DAG(s) 'example_xcom' retrieved from /Library/Frameworks/Python.framework/Versions/3.11/lib/python3.11/site-packages/airflow/example_dags/example_xcom.py
[2025-12-04T18:23:29.025+0500] {logging_mixin.py:188} INFO - [2025-12-04T18:23:29.025+0500] {dag.py:3089} INFO - Sync 1 DAGs
[2025-12-04T18:23:29.042+0500] {logging_mixin.py:188} INFO - [2025-12-04T18:23:29.042+0500] {dag.py:3947} INFO - Setting next_dagrun for example_xcom to 2021-01-01 00:00:00+00:00, run_after=2021-01-01 00:00:00+00:00
[2025-12-04T18:23:29.062+0500] {processor.py:183} INFO - Processing /Library/Frameworks/Python.framework/Versions/3.11/lib/python3.11/site-packages/airflow/example_dags/example_xcom.py took 0.192 seconds
[2025-12-04T18:25:31.230+0500] {processor.py:161} INFO - Started process (PID=11965) to work on /Library/Frameworks/Python.framework/Versions/3.11/lib/python3.11/site-packages/airflow/example_dags/example_xcom.py
[2025-12-04T18:25:31.232+0500] {processor.py:830} INFO - Processing file /Library/Frameworks/Python.framework/Versions/3.11/lib/python3.11/site-packages/airflow/example_dags/example_xcom.py for tasks to queue
[2025-12-04T18:25:31.233+0500] {logging_mixin.py:188} INFO - [2025-12-04T18:25:31.233+0500] {dagbag.py:545} INFO - Filling up the DagBag from /Library/Frameworks/Python.framework/Versions/3.11/lib/python3.11/site-packages/airflow/example_dags/example_xcom.py
[2025-12-04T18:25:31.275+0500] {processor.py:840} INFO - DAG(s) 'example_xcom' retrieved from /Library/Frameworks/Python.framework/Versions/3.11/lib/python3.11/site-packages/airflow/example_dags/example_xcom.py
[2025-12-04T18:25:31.400+0500] {logging_mixin.py:188} INFO - [2025-12-04T18:25:31.399+0500] {dag.py:3089} INFO - Sync 1 DAGs
[2025-12-04T18:25:31.418+0500] {logging_mixin.py:188} INFO - [2025-12-04T18:25:31.418+0500] {dag.py:3947} INFO - Setting next_dagrun for example_xcom to 2021-01-01 00:00:00+00:00, run_after=2021-01-01 00:00:00+00:00
[2025-12-04T18:25:31.442+0500] {processor.py:183} INFO - Processing /Library/Frameworks/Python.framework/Versions/3.11/lib/python3.11/site-packages/airflow/example_dags/example_xcom.py took 0.215 seconds
[2025-12-04T18:27:42.608+0500] {processor.py:161} INFO - Started process (PID=12066) to work on /Library/Frameworks/Python.framework/Versions/3.11/lib/python3.11/site-packages/airflow/example_dags/example_xcom.py
[2025-12-04T18:27:42.613+0500] {processor.py:830} INFO - Processing file /Library/Frameworks/Python.framework/Versions/3.11/lib/python3.11/site-packages/airflow/example_dags/example_xcom.py for tasks to queue
[2025-12-04T18:27:42.619+0500] {logging_mixin.py:188} INFO - [2025-12-04T18:27:42.618+0500] {dagbag.py:545} INFO - Filling up the DagBag from /Library/Frameworks/Python.framework/Versions/3.11/lib/python3.11/site-packages/airflow/example_dags/example_xcom.py
[2025-12-04T18:27:42.665+0500] {processor.py:840} INFO - DAG(s) 'example_xcom' retrieved from /Library/Frameworks/Python.framework/Versions/3.11/lib/python3.11/site-packages/airflow/example_dags/example_xcom.py
[2025-12-04T18:27:42.776+0500] {logging_mixin.py:188} INFO - [2025-12-04T18:27:42.776+0500] {dag.py:3089} INFO - Sync 1 DAGs
[2025-12-04T18:27:42.797+0500] {logging_mixin.py:188} INFO - [2025-12-04T18:27:42.797+0500] {dag.py:3947} INFO - Setting next_dagrun for example_xcom to 2021-01-01 00:00:00+00:00, run_after=2021-01-01 00:00:00+00:00
[2025-12-04T18:27:42.822+0500] {processor.py:183} INFO - Processing /Library/Frameworks/Python.framework/Versions/3.11/lib/python3.11/site-packages/airflow/example_dags/example_xcom.py took 0.218 seconds
[2025-12-04T18:30:12.912+0500] {processor.py:161} INFO - Started process (PID=12184) to work on /Library/Frameworks/Python.framework/Versions/3.11/lib/python3.11/site-packages/airflow/example_dags/example_xcom.py
[2025-12-04T18:30:12.914+0500] {processor.py:830} INFO - Processing file /Library/Frameworks/Python.framework/Versions/3.11/lib/python3.11/site-packages/airflow/example_dags/example_xcom.py for tasks to queue
[2025-12-04T18:30:12.915+0500] {logging_mixin.py:188} INFO - [2025-12-04T18:30:12.915+0500] {dagbag.py:545} INFO - Filling up the DagBag from /Library/Frameworks/Python.framework/Versions/3.11/lib/python3.11/site-packages/airflow/example_dags/example_xcom.py
[2025-12-04T18:30:13.007+0500] {processor.py:840} INFO - DAG(s) 'example_xcom' retrieved from /Library/Frameworks/Python.framework/Versions/3.11/lib/python3.11/site-packages/airflow/example_dags/example_xcom.py
[2025-12-04T18:30:13.197+0500] {logging_mixin.py:188} INFO - [2025-12-04T18:30:13.197+0500] {dag.py:3089} INFO - Sync 1 DAGs
[2025-12-04T18:30:13.223+0500] {logging_mixin.py:188} INFO - [2025-12-04T18:30:13.223+0500] {dag.py:3947} INFO - Setting next_dagrun for example_xcom to 2021-01-01 00:00:00+00:00, run_after=2021-01-01 00:00:00+00:00
[2025-12-04T18:30:13.247+0500] {processor.py:183} INFO - Processing /Library/Frameworks/Python.framework/Versions/3.11/lib/python3.11/site-packages/airflow/example_dags/example_xcom.py took 0.338 seconds
[2025-12-04T18:32:41.434+0500] {processor.py:161} INFO - Started process (PID=12284) to work on /Library/Frameworks/Python.framework/Versions/3.11/lib/python3.11/site-packages/airflow/example_dags/example_xcom.py
[2025-12-04T18:32:41.436+0500] {processor.py:830} INFO - Processing file /Library/Frameworks/Python.framework/Versions/3.11/lib/python3.11/site-packages/airflow/example_dags/example_xcom.py for tasks to queue
[2025-12-04T18:32:41.437+0500] {logging_mixin.py:188} INFO - [2025-12-04T18:32:41.437+0500] {dagbag.py:545} INFO - Filling up the DagBag from /Library/Frameworks/Python.framework/Versions/3.11/lib/python3.11/site-packages/airflow/example_dags/example_xcom.py
[2025-12-04T18:32:41.477+0500] {processor.py:840} INFO - DAG(s) 'example_xcom' retrieved from /Library/Frameworks/Python.framework/Versions/3.11/lib/python3.11/site-packages/airflow/example_dags/example_xcom.py
[2025-12-04T18:32:41.587+0500] {logging_mixin.py:188} INFO - [2025-12-04T18:32:41.587+0500] {dag.py:3089} INFO - Sync 1 DAGs
[2025-12-04T18:32:41.605+0500] {logging_mixin.py:188} INFO - [2025-12-04T18:32:41.604+0500] {dag.py:3947} INFO - Setting next_dagrun for example_xcom to 2021-01-01 00:00:00+00:00, run_after=2021-01-01 00:00:00+00:00
[2025-12-04T18:32:41.627+0500] {processor.py:183} INFO - Processing /Library/Frameworks/Python.framework/Versions/3.11/lib/python3.11/site-packages/airflow/example_dags/example_xcom.py took 0.196 seconds
[2025-12-04T18:34:58.495+0500] {processor.py:161} INFO - Started process (PID=12403) to work on /Library/Frameworks/Python.framework/Versions/3.11/lib/python3.11/site-packages/airflow/example_dags/example_xcom.py
[2025-12-04T18:34:58.497+0500] {processor.py:830} INFO - Processing file /Library/Frameworks/Python.framework/Versions/3.11/lib/python3.11/site-packages/airflow/example_dags/example_xcom.py for tasks to queue
[2025-12-04T18:34:58.498+0500] {logging_mixin.py:188} INFO - [2025-12-04T18:34:58.498+0500] {dagbag.py:545} INFO - Filling up the DagBag from /Library/Frameworks/Python.framework/Versions/3.11/lib/python3.11/site-packages/airflow/example_dags/example_xcom.py
[2025-12-04T18:34:58.538+0500] {processor.py:840} INFO - DAG(s) 'example_xcom' retrieved from /Library/Frameworks/Python.framework/Versions/3.11/lib/python3.11/site-packages/airflow/example_dags/example_xcom.py
[2025-12-04T18:34:58.649+0500] {logging_mixin.py:188} INFO - [2025-12-04T18:34:58.649+0500] {dag.py:3089} INFO - Sync 1 DAGs
[2025-12-04T18:34:58.666+0500] {logging_mixin.py:188} INFO - [2025-12-04T18:34:58.666+0500] {dag.py:3947} INFO - Setting next_dagrun for example_xcom to 2021-01-01 00:00:00+00:00, run_after=2021-01-01 00:00:00+00:00
[2025-12-04T18:34:58.688+0500] {processor.py:183} INFO - Processing /Library/Frameworks/Python.framework/Versions/3.11/lib/python3.11/site-packages/airflow/example_dags/example_xcom.py took 0.195 seconds
[2025-12-04T18:36:58.228+0500] {processor.py:161} INFO - Started process (PID=12469) to work on /Library/Frameworks/Python.framework/Versions/3.11/lib/python3.11/site-packages/airflow/example_dags/example_xcom.py
[2025-12-04T18:36:58.230+0500] {processor.py:830} INFO - Processing file /Library/Frameworks/Python.framework/Versions/3.11/lib/python3.11/site-packages/airflow/example_dags/example_xcom.py for tasks to queue
[2025-12-04T18:36:58.231+0500] {logging_mixin.py:188} INFO - [2025-12-04T18:36:58.231+0500] {dagbag.py:545} INFO - Filling up the DagBag from /Library/Frameworks/Python.framework/Versions/3.11/lib/python3.11/site-packages/airflow/example_dags/example_xcom.py
[2025-12-04T18:36:58.270+0500] {processor.py:840} INFO - DAG(s) 'example_xcom' retrieved from /Library/Frameworks/Python.framework/Versions/3.11/lib/python3.11/site-packages/airflow/example_dags/example_xcom.py
[2025-12-04T18:36:58.380+0500] {logging_mixin.py:188} INFO - [2025-12-04T18:36:58.380+0500] {dag.py:3089} INFO - Sync 1 DAGs
[2025-12-04T18:36:58.397+0500] {logging_mixin.py:188} INFO - [2025-12-04T18:36:58.397+0500] {dag.py:3947} INFO - Setting next_dagrun for example_xcom to 2021-01-01 00:00:00+00:00, run_after=2021-01-01 00:00:00+00:00
[2025-12-04T18:36:58.424+0500] {processor.py:183} INFO - Processing /Library/Frameworks/Python.framework/Versions/3.11/lib/python3.11/site-packages/airflow/example_dags/example_xcom.py took 0.198 seconds
[2025-12-04T18:38:49.622+0500] {processor.py:161} INFO - Started process (PID=12535) to work on /Library/Frameworks/Python.framework/Versions/3.11/lib/python3.11/site-packages/airflow/example_dags/example_xcom.py
[2025-12-04T18:38:49.624+0500] {processor.py:830} INFO - Processing file /Library/Frameworks/Python.framework/Versions/3.11/lib/python3.11/site-packages/airflow/example_dags/example_xcom.py for tasks to queue
[2025-12-04T18:38:49.625+0500] {logging_mixin.py:188} INFO - [2025-12-04T18:38:49.625+0500] {dagbag.py:545} INFO - Filling up the DagBag from /Library/Frameworks/Python.framework/Versions/3.11/lib/python3.11/site-packages/airflow/example_dags/example_xcom.py
[2025-12-04T18:38:49.664+0500] {processor.py:840} INFO - DAG(s) 'example_xcom' retrieved from /Library/Frameworks/Python.framework/Versions/3.11/lib/python3.11/site-packages/airflow/example_dags/example_xcom.py
[2025-12-04T18:38:49.775+0500] {logging_mixin.py:188} INFO - [2025-12-04T18:38:49.775+0500] {dag.py:3089} INFO - Sync 1 DAGs
[2025-12-04T18:38:49.792+0500] {logging_mixin.py:188} INFO - [2025-12-04T18:38:49.792+0500] {dag.py:3947} INFO - Setting next_dagrun for example_xcom to 2021-01-01 00:00:00+00:00, run_after=2021-01-01 00:00:00+00:00
[2025-12-04T18:38:49.814+0500] {processor.py:183} INFO - Processing /Library/Frameworks/Python.framework/Versions/3.11/lib/python3.11/site-packages/airflow/example_dags/example_xcom.py took 0.194 seconds
[2025-12-04T18:40:49.854+0500] {processor.py:161} INFO - Started process (PID=12627) to work on /Library/Frameworks/Python.framework/Versions/3.11/lib/python3.11/site-packages/airflow/example_dags/example_xcom.py
[2025-12-04T18:40:49.856+0500] {processor.py:830} INFO - Processing file /Library/Frameworks/Python.framework/Versions/3.11/lib/python3.11/site-packages/airflow/example_dags/example_xcom.py for tasks to queue
[2025-12-04T18:40:49.857+0500] {logging_mixin.py:188} INFO - [2025-12-04T18:40:49.856+0500] {dagbag.py:545} INFO - Filling up the DagBag from /Library/Frameworks/Python.framework/Versions/3.11/lib/python3.11/site-packages/airflow/example_dags/example_xcom.py
[2025-12-04T18:40:49.895+0500] {processor.py:840} INFO - DAG(s) 'example_xcom' retrieved from /Library/Frameworks/Python.framework/Versions/3.11/lib/python3.11/site-packages/airflow/example_dags/example_xcom.py
[2025-12-04T18:40:50.014+0500] {logging_mixin.py:188} INFO - [2025-12-04T18:40:50.014+0500] {dag.py:3089} INFO - Sync 1 DAGs
[2025-12-04T18:40:50.032+0500] {logging_mixin.py:188} INFO - [2025-12-04T18:40:50.031+0500] {dag.py:3947} INFO - Setting next_dagrun for example_xcom to 2021-01-01 00:00:00+00:00, run_after=2021-01-01 00:00:00+00:00
[2025-12-04T18:40:50.052+0500] {processor.py:183} INFO - Processing /Library/Frameworks/Python.framework/Versions/3.11/lib/python3.11/site-packages/airflow/example_dags/example_xcom.py took 0.201 seconds
[2025-12-04T18:43:01.095+0500] {processor.py:161} INFO - Started process (PID=12709) to work on /Library/Frameworks/Python.framework/Versions/3.11/lib/python3.11/site-packages/airflow/example_dags/example_xcom.py
[2025-12-04T18:43:01.097+0500] {processor.py:830} INFO - Processing file /Library/Frameworks/Python.framework/Versions/3.11/lib/python3.11/site-packages/airflow/example_dags/example_xcom.py for tasks to queue
[2025-12-04T18:43:01.098+0500] {logging_mixin.py:188} INFO - [2025-12-04T18:43:01.098+0500] {dagbag.py:545} INFO - Filling up the DagBag from /Library/Frameworks/Python.framework/Versions/3.11/lib/python3.11/site-packages/airflow/example_dags/example_xcom.py
[2025-12-04T18:43:01.143+0500] {processor.py:840} INFO - DAG(s) 'example_xcom' retrieved from /Library/Frameworks/Python.framework/Versions/3.11/lib/python3.11/site-packages/airflow/example_dags/example_xcom.py
[2025-12-04T18:43:01.279+0500] {logging_mixin.py:188} INFO - [2025-12-04T18:43:01.278+0500] {dag.py:3089} INFO - Sync 1 DAGs
[2025-12-04T18:43:01.303+0500] {logging_mixin.py:188} INFO - [2025-12-04T18:43:01.302+0500] {dag.py:3947} INFO - Setting next_dagrun for example_xcom to 2021-01-01 00:00:00+00:00, run_after=2021-01-01 00:00:00+00:00
[2025-12-04T18:43:01.330+0500] {processor.py:183} INFO - Processing /Library/Frameworks/Python.framework/Versions/3.11/lib/python3.11/site-packages/airflow/example_dags/example_xcom.py took 0.239 seconds
[2025-12-04T18:45:11.062+0500] {processor.py:161} INFO - Started process (PID=12798) to work on /Library/Frameworks/Python.framework/Versions/3.11/lib/python3.11/site-packages/airflow/example_dags/example_xcom.py
[2025-12-04T18:45:11.064+0500] {processor.py:830} INFO - Processing file /Library/Frameworks/Python.framework/Versions/3.11/lib/python3.11/site-packages/airflow/example_dags/example_xcom.py for tasks to queue
[2025-12-04T18:45:11.065+0500] {logging_mixin.py:188} INFO - [2025-12-04T18:45:11.064+0500] {dagbag.py:545} INFO - Filling up the DagBag from /Library/Frameworks/Python.framework/Versions/3.11/lib/python3.11/site-packages/airflow/example_dags/example_xcom.py
[2025-12-04T18:45:11.102+0500] {processor.py:840} INFO - DAG(s) 'example_xcom' retrieved from /Library/Frameworks/Python.framework/Versions/3.11/lib/python3.11/site-packages/airflow/example_dags/example_xcom.py
[2025-12-04T18:45:11.211+0500] {logging_mixin.py:188} INFO - [2025-12-04T18:45:11.211+0500] {dag.py:3089} INFO - Sync 1 DAGs
[2025-12-04T18:45:11.228+0500] {logging_mixin.py:188} INFO - [2025-12-04T18:45:11.227+0500] {dag.py:3947} INFO - Setting next_dagrun for example_xcom to 2021-01-01 00:00:00+00:00, run_after=2021-01-01 00:00:00+00:00
[2025-12-04T18:45:11.248+0500] {processor.py:183} INFO - Processing /Library/Frameworks/Python.framework/Versions/3.11/lib/python3.11/site-packages/airflow/example_dags/example_xcom.py took 0.189 seconds
[2025-12-04T18:47:09.225+0500] {processor.py:161} INFO - Started process (PID=12882) to work on /Library/Frameworks/Python.framework/Versions/3.11/lib/python3.11/site-packages/airflow/example_dags/example_xcom.py
[2025-12-04T18:47:09.228+0500] {processor.py:830} INFO - Processing file /Library/Frameworks/Python.framework/Versions/3.11/lib/python3.11/site-packages/airflow/example_dags/example_xcom.py for tasks to queue
[2025-12-04T18:47:09.229+0500] {logging_mixin.py:188} INFO - [2025-12-04T18:47:09.229+0500] {dagbag.py:545} INFO - Filling up the DagBag from /Library/Frameworks/Python.framework/Versions/3.11/lib/python3.11/site-packages/airflow/example_dags/example_xcom.py
[2025-12-04T18:47:09.272+0500] {processor.py:840} INFO - DAG(s) 'example_xcom' retrieved from /Library/Frameworks/Python.framework/Versions/3.11/lib/python3.11/site-packages/airflow/example_dags/example_xcom.py
[2025-12-04T18:47:09.401+0500] {logging_mixin.py:188} INFO - [2025-12-04T18:47:09.400+0500] {dag.py:3089} INFO - Sync 1 DAGs
[2025-12-04T18:47:09.420+0500] {logging_mixin.py:188} INFO - [2025-12-04T18:47:09.420+0500] {dag.py:3947} INFO - Setting next_dagrun for example_xcom to 2021-01-01 00:00:00+00:00, run_after=2021-01-01 00:00:00+00:00
[2025-12-04T18:47:09.447+0500] {processor.py:183} INFO - Processing /Library/Frameworks/Python.framework/Versions/3.11/lib/python3.11/site-packages/airflow/example_dags/example_xcom.py took 0.226 seconds
[2025-12-04T18:49:17.901+0500] {processor.py:161} INFO - Started process (PID=12951) to work on /Library/Frameworks/Python.framework/Versions/3.11/lib/python3.11/site-packages/airflow/example_dags/example_xcom.py
[2025-12-04T18:49:17.903+0500] {processor.py:830} INFO - Processing file /Library/Frameworks/Python.framework/Versions/3.11/lib/python3.11/site-packages/airflow/example_dags/example_xcom.py for tasks to queue
[2025-12-04T18:49:17.904+0500] {logging_mixin.py:188} INFO - [2025-12-04T18:49:17.904+0500] {dagbag.py:545} INFO - Filling up the DagBag from /Library/Frameworks/Python.framework/Versions/3.11/lib/python3.11/site-packages/airflow/example_dags/example_xcom.py
[2025-12-04T18:49:17.949+0500] {processor.py:840} INFO - DAG(s) 'example_xcom' retrieved from /Library/Frameworks/Python.framework/Versions/3.11/lib/python3.11/site-packages/airflow/example_dags/example_xcom.py
[2025-12-04T18:49:18.082+0500] {logging_mixin.py:188} INFO - [2025-12-04T18:49:18.082+0500] {dag.py:3089} INFO - Sync 1 DAGs
[2025-12-04T18:49:18.100+0500] {logging_mixin.py:188} INFO - [2025-12-04T18:49:18.100+0500] {dag.py:3947} INFO - Setting next_dagrun for example_xcom to 2021-01-01 00:00:00+00:00, run_after=2021-01-01 00:00:00+00:00
[2025-12-04T18:49:18.122+0500] {processor.py:183} INFO - Processing /Library/Frameworks/Python.framework/Versions/3.11/lib/python3.11/site-packages/airflow/example_dags/example_xcom.py took 0.223 seconds
[2025-12-04T18:51:34.977+0500] {processor.py:161} INFO - Started process (PID=13031) to work on /Library/Frameworks/Python.framework/Versions/3.11/lib/python3.11/site-packages/airflow/example_dags/example_xcom.py
[2025-12-04T18:51:34.979+0500] {processor.py:830} INFO - Processing file /Library/Frameworks/Python.framework/Versions/3.11/lib/python3.11/site-packages/airflow/example_dags/example_xcom.py for tasks to queue
[2025-12-04T18:51:34.980+0500] {logging_mixin.py:188} INFO - [2025-12-04T18:51:34.980+0500] {dagbag.py:545} INFO - Filling up the DagBag from /Library/Frameworks/Python.framework/Versions/3.11/lib/python3.11/site-packages/airflow/example_dags/example_xcom.py
[2025-12-04T18:51:35.060+0500] {processor.py:840} INFO - DAG(s) 'example_xcom' retrieved from /Library/Frameworks/Python.framework/Versions/3.11/lib/python3.11/site-packages/airflow/example_dags/example_xcom.py
[2025-12-04T18:51:35.228+0500] {logging_mixin.py:188} INFO - [2025-12-04T18:51:35.228+0500] {dag.py:3089} INFO - Sync 1 DAGs
[2025-12-04T18:51:35.246+0500] {logging_mixin.py:188} INFO - [2025-12-04T18:51:35.245+0500] {dag.py:3947} INFO - Setting next_dagrun for example_xcom to 2021-01-01 00:00:00+00:00, run_after=2021-01-01 00:00:00+00:00
[2025-12-04T18:51:35.267+0500] {processor.py:183} INFO - Processing /Library/Frameworks/Python.framework/Versions/3.11/lib/python3.11/site-packages/airflow/example_dags/example_xcom.py took 0.294 seconds
[2025-12-04T18:53:49.636+0500] {processor.py:161} INFO - Started process (PID=13123) to work on /Library/Frameworks/Python.framework/Versions/3.11/lib/python3.11/site-packages/airflow/example_dags/example_xcom.py
[2025-12-04T18:53:49.638+0500] {processor.py:830} INFO - Processing file /Library/Frameworks/Python.framework/Versions/3.11/lib/python3.11/site-packages/airflow/example_dags/example_xcom.py for tasks to queue
[2025-12-04T18:53:49.639+0500] {logging_mixin.py:188} INFO - [2025-12-04T18:53:49.639+0500] {dagbag.py:545} INFO - Filling up the DagBag from /Library/Frameworks/Python.framework/Versions/3.11/lib/python3.11/site-packages/airflow/example_dags/example_xcom.py
[2025-12-04T18:53:49.677+0500] {processor.py:840} INFO - DAG(s) 'example_xcom' retrieved from /Library/Frameworks/Python.framework/Versions/3.11/lib/python3.11/site-packages/airflow/example_dags/example_xcom.py
[2025-12-04T18:53:49.790+0500] {logging_mixin.py:188} INFO - [2025-12-04T18:53:49.790+0500] {dag.py:3089} INFO - Sync 1 DAGs
[2025-12-04T18:53:49.807+0500] {logging_mixin.py:188} INFO - [2025-12-04T18:53:49.806+0500] {dag.py:3947} INFO - Setting next_dagrun for example_xcom to 2021-01-01 00:00:00+00:00, run_after=2021-01-01 00:00:00+00:00
[2025-12-04T18:53:49.829+0500] {processor.py:183} INFO - Processing /Library/Frameworks/Python.framework/Versions/3.11/lib/python3.11/site-packages/airflow/example_dags/example_xcom.py took 0.196 seconds
[2025-12-04T18:56:04.619+0500] {processor.py:161} INFO - Started process (PID=13213) to work on /Library/Frameworks/Python.framework/Versions/3.11/lib/python3.11/site-packages/airflow/example_dags/example_xcom.py
[2025-12-04T18:56:04.621+0500] {processor.py:830} INFO - Processing file /Library/Frameworks/Python.framework/Versions/3.11/lib/python3.11/site-packages/airflow/example_dags/example_xcom.py for tasks to queue
[2025-12-04T18:56:04.622+0500] {logging_mixin.py:188} INFO - [2025-12-04T18:56:04.622+0500] {dagbag.py:545} INFO - Filling up the DagBag from /Library/Frameworks/Python.framework/Versions/3.11/lib/python3.11/site-packages/airflow/example_dags/example_xcom.py
[2025-12-04T18:56:04.663+0500] {processor.py:840} INFO - DAG(s) 'example_xcom' retrieved from /Library/Frameworks/Python.framework/Versions/3.11/lib/python3.11/site-packages/airflow/example_dags/example_xcom.py
[2025-12-04T18:56:04.777+0500] {logging_mixin.py:188} INFO - [2025-12-04T18:56:04.776+0500] {dag.py:3089} INFO - Sync 1 DAGs
[2025-12-04T18:56:04.794+0500] {logging_mixin.py:188} INFO - [2025-12-04T18:56:04.793+0500] {dag.py:3947} INFO - Setting next_dagrun for example_xcom to 2021-01-01 00:00:00+00:00, run_after=2021-01-01 00:00:00+00:00
[2025-12-04T18:56:04.815+0500] {processor.py:183} INFO - Processing /Library/Frameworks/Python.framework/Versions/3.11/lib/python3.11/site-packages/airflow/example_dags/example_xcom.py took 0.199 seconds
[2025-12-04T19:33:15.440+0500] {processor.py:161} INFO - Started process (PID=14555) to work on /Library/Frameworks/Python.framework/Versions/3.11/lib/python3.11/site-packages/airflow/example_dags/example_xcom.py
[2025-12-04T19:33:15.442+0500] {processor.py:830} INFO - Processing file /Library/Frameworks/Python.framework/Versions/3.11/lib/python3.11/site-packages/airflow/example_dags/example_xcom.py for tasks to queue
[2025-12-04T19:33:15.443+0500] {logging_mixin.py:188} INFO - [2025-12-04T19:33:15.442+0500] {dagbag.py:545} INFO - Filling up the DagBag from /Library/Frameworks/Python.framework/Versions/3.11/lib/python3.11/site-packages/airflow/example_dags/example_xcom.py
[2025-12-04T19:33:15.480+0500] {processor.py:840} INFO - DAG(s) 'example_xcom' retrieved from /Library/Frameworks/Python.framework/Versions/3.11/lib/python3.11/site-packages/airflow/example_dags/example_xcom.py
[2025-12-04T19:33:15.593+0500] {logging_mixin.py:188} INFO - [2025-12-04T19:33:15.593+0500] {dag.py:3089} INFO - Sync 1 DAGs
[2025-12-04T19:33:15.610+0500] {logging_mixin.py:188} INFO - [2025-12-04T19:33:15.610+0500] {dag.py:3947} INFO - Setting next_dagrun for example_xcom to 2021-01-01 00:00:00+00:00, run_after=2021-01-01 00:00:00+00:00
[2025-12-04T19:33:15.636+0500] {processor.py:183} INFO - Processing /Library/Frameworks/Python.framework/Versions/3.11/lib/python3.11/site-packages/airflow/example_dags/example_xcom.py took 0.199 seconds
[2025-12-04T19:36:18.864+0500] {processor.py:161} INFO - Started process (PID=14696) to work on /Library/Frameworks/Python.framework/Versions/3.11/lib/python3.11/site-packages/airflow/example_dags/example_xcom.py
[2025-12-04T19:36:18.866+0500] {processor.py:830} INFO - Processing file /Library/Frameworks/Python.framework/Versions/3.11/lib/python3.11/site-packages/airflow/example_dags/example_xcom.py for tasks to queue
[2025-12-04T19:36:18.867+0500] {logging_mixin.py:188} INFO - [2025-12-04T19:36:18.867+0500] {dagbag.py:545} INFO - Filling up the DagBag from /Library/Frameworks/Python.framework/Versions/3.11/lib/python3.11/site-packages/airflow/example_dags/example_xcom.py
[2025-12-04T19:36:18.911+0500] {processor.py:840} INFO - DAG(s) 'example_xcom' retrieved from /Library/Frameworks/Python.framework/Versions/3.11/lib/python3.11/site-packages/airflow/example_dags/example_xcom.py
[2025-12-04T19:36:19.041+0500] {logging_mixin.py:188} INFO - [2025-12-04T19:36:19.041+0500] {dag.py:3089} INFO - Sync 1 DAGs
[2025-12-04T19:36:19.060+0500] {logging_mixin.py:188} INFO - [2025-12-04T19:36:19.060+0500] {dag.py:3947} INFO - Setting next_dagrun for example_xcom to 2021-01-01 00:00:00+00:00, run_after=2021-01-01 00:00:00+00:00
[2025-12-04T19:36:19.084+0500] {processor.py:183} INFO - Processing /Library/Frameworks/Python.framework/Versions/3.11/lib/python3.11/site-packages/airflow/example_dags/example_xcom.py took 0.223 seconds
[2025-12-04T19:38:26.762+0500] {processor.py:161} INFO - Started process (PID=14772) to work on /Library/Frameworks/Python.framework/Versions/3.11/lib/python3.11/site-packages/airflow/example_dags/example_xcom.py
[2025-12-04T19:38:26.764+0500] {processor.py:830} INFO - Processing file /Library/Frameworks/Python.framework/Versions/3.11/lib/python3.11/site-packages/airflow/example_dags/example_xcom.py for tasks to queue
[2025-12-04T19:38:26.765+0500] {logging_mixin.py:188} INFO - [2025-12-04T19:38:26.765+0500] {dagbag.py:545} INFO - Filling up the DagBag from /Library/Frameworks/Python.framework/Versions/3.11/lib/python3.11/site-packages/airflow/example_dags/example_xcom.py
[2025-12-04T19:38:26.802+0500] {processor.py:840} INFO - DAG(s) 'example_xcom' retrieved from /Library/Frameworks/Python.framework/Versions/3.11/lib/python3.11/site-packages/airflow/example_dags/example_xcom.py
[2025-12-04T19:38:26.964+0500] {logging_mixin.py:188} INFO - [2025-12-04T19:38:26.964+0500] {dag.py:3089} INFO - Sync 1 DAGs
[2025-12-04T19:38:26.981+0500] {logging_mixin.py:188} INFO - [2025-12-04T19:38:26.981+0500] {dag.py:3947} INFO - Setting next_dagrun for example_xcom to 2021-01-01 00:00:00+00:00, run_after=2021-01-01 00:00:00+00:00
[2025-12-04T19:38:27.003+0500] {processor.py:183} INFO - Processing /Library/Frameworks/Python.framework/Versions/3.11/lib/python3.11/site-packages/airflow/example_dags/example_xcom.py took 0.244 seconds
[2025-12-04T19:40:33.940+0500] {processor.py:161} INFO - Started process (PID=14855) to work on /Library/Frameworks/Python.framework/Versions/3.11/lib/python3.11/site-packages/airflow/example_dags/example_xcom.py
[2025-12-04T19:40:33.942+0500] {processor.py:830} INFO - Processing file /Library/Frameworks/Python.framework/Versions/3.11/lib/python3.11/site-packages/airflow/example_dags/example_xcom.py for tasks to queue
[2025-12-04T19:40:33.943+0500] {logging_mixin.py:188} INFO - [2025-12-04T19:40:33.943+0500] {dagbag.py:545} INFO - Filling up the DagBag from /Library/Frameworks/Python.framework/Versions/3.11/lib/python3.11/site-packages/airflow/example_dags/example_xcom.py
[2025-12-04T19:40:33.985+0500] {processor.py:840} INFO - DAG(s) 'example_xcom' retrieved from /Library/Frameworks/Python.framework/Versions/3.11/lib/python3.11/site-packages/airflow/example_dags/example_xcom.py
[2025-12-04T19:40:34.102+0500] {logging_mixin.py:188} INFO - [2025-12-04T19:40:34.102+0500] {dag.py:3089} INFO - Sync 1 DAGs
[2025-12-04T19:40:34.122+0500] {logging_mixin.py:188} INFO - [2025-12-04T19:40:34.122+0500] {dag.py:3947} INFO - Setting next_dagrun for example_xcom to 2021-01-01 00:00:00+00:00, run_after=2021-01-01 00:00:00+00:00
[2025-12-04T19:40:34.151+0500] {processor.py:183} INFO - Processing /Library/Frameworks/Python.framework/Versions/3.11/lib/python3.11/site-packages/airflow/example_dags/example_xcom.py took 0.214 seconds
[2025-12-04T19:42:47.987+0500] {processor.py:161} INFO - Started process (PID=14935) to work on /Library/Frameworks/Python.framework/Versions/3.11/lib/python3.11/site-packages/airflow/example_dags/example_xcom.py
[2025-12-04T19:42:47.989+0500] {processor.py:830} INFO - Processing file /Library/Frameworks/Python.framework/Versions/3.11/lib/python3.11/site-packages/airflow/example_dags/example_xcom.py for tasks to queue
[2025-12-04T19:42:47.990+0500] {logging_mixin.py:188} INFO - [2025-12-04T19:42:47.990+0500] {dagbag.py:545} INFO - Filling up the DagBag from /Library/Frameworks/Python.framework/Versions/3.11/lib/python3.11/site-packages/airflow/example_dags/example_xcom.py
[2025-12-04T19:42:48.033+0500] {processor.py:840} INFO - DAG(s) 'example_xcom' retrieved from /Library/Frameworks/Python.framework/Versions/3.11/lib/python3.11/site-packages/airflow/example_dags/example_xcom.py
[2025-12-04T19:42:48.167+0500] {logging_mixin.py:188} INFO - [2025-12-04T19:42:48.167+0500] {dag.py:3089} INFO - Sync 1 DAGs
[2025-12-04T19:42:48.185+0500] {logging_mixin.py:188} INFO - [2025-12-04T19:42:48.184+0500] {dag.py:3947} INFO - Setting next_dagrun for example_xcom to 2021-01-01 00:00:00+00:00, run_after=2021-01-01 00:00:00+00:00
[2025-12-04T19:42:48.212+0500] {processor.py:183} INFO - Processing /Library/Frameworks/Python.framework/Versions/3.11/lib/python3.11/site-packages/airflow/example_dags/example_xcom.py took 0.230 seconds
[2025-12-04T19:45:12.262+0500] {processor.py:161} INFO - Started process (PID=15012) to work on /Library/Frameworks/Python.framework/Versions/3.11/lib/python3.11/site-packages/airflow/example_dags/example_xcom.py
[2025-12-04T19:45:12.266+0500] {processor.py:830} INFO - Processing file /Library/Frameworks/Python.framework/Versions/3.11/lib/python3.11/site-packages/airflow/example_dags/example_xcom.py for tasks to queue
[2025-12-04T19:45:12.267+0500] {logging_mixin.py:188} INFO - [2025-12-04T19:45:12.267+0500] {dagbag.py:545} INFO - Filling up the DagBag from /Library/Frameworks/Python.framework/Versions/3.11/lib/python3.11/site-packages/airflow/example_dags/example_xcom.py
[2025-12-04T19:45:12.531+0500] {processor.py:840} INFO - DAG(s) 'example_xcom' retrieved from /Library/Frameworks/Python.framework/Versions/3.11/lib/python3.11/site-packages/airflow/example_dags/example_xcom.py
[2025-12-04T19:45:12.798+0500] {logging_mixin.py:188} INFO - [2025-12-04T19:45:12.797+0500] {dag.py:3089} INFO - Sync 1 DAGs
[2025-12-04T19:45:12.827+0500] {logging_mixin.py:188} INFO - [2025-12-04T19:45:12.826+0500] {dag.py:3947} INFO - Setting next_dagrun for example_xcom to 2021-01-01 00:00:00+00:00, run_after=2021-01-01 00:00:00+00:00
[2025-12-04T19:45:12.866+0500] {processor.py:183} INFO - Processing /Library/Frameworks/Python.framework/Versions/3.11/lib/python3.11/site-packages/airflow/example_dags/example_xcom.py took 0.607 seconds
[2025-12-04T19:47:35.618+0500] {processor.py:161} INFO - Started process (PID=15109) to work on /Library/Frameworks/Python.framework/Versions/3.11/lib/python3.11/site-packages/airflow/example_dags/example_xcom.py
[2025-12-04T19:47:35.620+0500] {processor.py:830} INFO - Processing file /Library/Frameworks/Python.framework/Versions/3.11/lib/python3.11/site-packages/airflow/example_dags/example_xcom.py for tasks to queue
[2025-12-04T19:47:35.621+0500] {logging_mixin.py:188} INFO - [2025-12-04T19:47:35.621+0500] {dagbag.py:545} INFO - Filling up the DagBag from /Library/Frameworks/Python.framework/Versions/3.11/lib/python3.11/site-packages/airflow/example_dags/example_xcom.py
[2025-12-04T19:47:35.665+0500] {processor.py:840} INFO - DAG(s) 'example_xcom' retrieved from /Library/Frameworks/Python.framework/Versions/3.11/lib/python3.11/site-packages/airflow/example_dags/example_xcom.py
[2025-12-04T19:47:35.921+0500] {logging_mixin.py:188} INFO - [2025-12-04T19:47:35.920+0500] {dag.py:3089} INFO - Sync 1 DAGs
[2025-12-04T19:47:35.970+0500] {logging_mixin.py:188} INFO - [2025-12-04T19:47:35.970+0500] {dag.py:3947} INFO - Setting next_dagrun for example_xcom to 2021-01-01 00:00:00+00:00, run_after=2021-01-01 00:00:00+00:00
[2025-12-04T19:47:36.001+0500] {processor.py:183} INFO - Processing /Library/Frameworks/Python.framework/Versions/3.11/lib/python3.11/site-packages/airflow/example_dags/example_xcom.py took 0.386 seconds
[2025-12-04T19:49:44.410+0500] {processor.py:161} INFO - Started process (PID=15178) to work on /Library/Frameworks/Python.framework/Versions/3.11/lib/python3.11/site-packages/airflow/example_dags/example_xcom.py
[2025-12-04T19:49:44.412+0500] {processor.py:830} INFO - Processing file /Library/Frameworks/Python.framework/Versions/3.11/lib/python3.11/site-packages/airflow/example_dags/example_xcom.py for tasks to queue
[2025-12-04T19:49:44.413+0500] {logging_mixin.py:188} INFO - [2025-12-04T19:49:44.413+0500] {dagbag.py:545} INFO - Filling up the DagBag from /Library/Frameworks/Python.framework/Versions/3.11/lib/python3.11/site-packages/airflow/example_dags/example_xcom.py
[2025-12-04T19:49:44.452+0500] {processor.py:840} INFO - DAG(s) 'example_xcom' retrieved from /Library/Frameworks/Python.framework/Versions/3.11/lib/python3.11/site-packages/airflow/example_dags/example_xcom.py
[2025-12-04T19:49:44.562+0500] {logging_mixin.py:188} INFO - [2025-12-04T19:49:44.562+0500] {dag.py:3089} INFO - Sync 1 DAGs
[2025-12-04T19:49:44.579+0500] {logging_mixin.py:188} INFO - [2025-12-04T19:49:44.579+0500] {dag.py:3947} INFO - Setting next_dagrun for example_xcom to 2021-01-01 00:00:00+00:00, run_after=2021-01-01 00:00:00+00:00
[2025-12-04T19:49:44.605+0500] {processor.py:183} INFO - Processing /Library/Frameworks/Python.framework/Versions/3.11/lib/python3.11/site-packages/airflow/example_dags/example_xcom.py took 0.197 seconds
[2025-12-04T19:51:41.070+0500] {processor.py:161} INFO - Started process (PID=15243) to work on /Library/Frameworks/Python.framework/Versions/3.11/lib/python3.11/site-packages/airflow/example_dags/example_xcom.py
[2025-12-04T19:51:41.072+0500] {processor.py:830} INFO - Processing file /Library/Frameworks/Python.framework/Versions/3.11/lib/python3.11/site-packages/airflow/example_dags/example_xcom.py for tasks to queue
[2025-12-04T19:51:41.073+0500] {logging_mixin.py:188} INFO - [2025-12-04T19:51:41.072+0500] {dagbag.py:545} INFO - Filling up the DagBag from /Library/Frameworks/Python.framework/Versions/3.11/lib/python3.11/site-packages/airflow/example_dags/example_xcom.py
[2025-12-04T19:51:41.111+0500] {processor.py:840} INFO - DAG(s) 'example_xcom' retrieved from /Library/Frameworks/Python.framework/Versions/3.11/lib/python3.11/site-packages/airflow/example_dags/example_xcom.py
[2025-12-04T19:51:41.219+0500] {logging_mixin.py:188} INFO - [2025-12-04T19:51:41.219+0500] {dag.py:3089} INFO - Sync 1 DAGs
[2025-12-04T19:51:41.238+0500] {logging_mixin.py:188} INFO - [2025-12-04T19:51:41.238+0500] {dag.py:3947} INFO - Setting next_dagrun for example_xcom to 2021-01-01 00:00:00+00:00, run_after=2021-01-01 00:00:00+00:00
[2025-12-04T19:51:41.260+0500] {processor.py:183} INFO - Processing /Library/Frameworks/Python.framework/Versions/3.11/lib/python3.11/site-packages/airflow/example_dags/example_xcom.py took 0.193 seconds
[2025-12-04T19:53:40.707+0500] {processor.py:161} INFO - Started process (PID=15358) to work on /Library/Frameworks/Python.framework/Versions/3.11/lib/python3.11/site-packages/airflow/example_dags/example_xcom.py
[2025-12-04T19:53:40.709+0500] {processor.py:830} INFO - Processing file /Library/Frameworks/Python.framework/Versions/3.11/lib/python3.11/site-packages/airflow/example_dags/example_xcom.py for tasks to queue
[2025-12-04T19:53:40.711+0500] {logging_mixin.py:188} INFO - [2025-12-04T19:53:40.710+0500] {dagbag.py:545} INFO - Filling up the DagBag from /Library/Frameworks/Python.framework/Versions/3.11/lib/python3.11/site-packages/airflow/example_dags/example_xcom.py
[2025-12-04T19:53:40.750+0500] {processor.py:840} INFO - DAG(s) 'example_xcom' retrieved from /Library/Frameworks/Python.framework/Versions/3.11/lib/python3.11/site-packages/airflow/example_dags/example_xcom.py
[2025-12-04T19:53:40.861+0500] {logging_mixin.py:188} INFO - [2025-12-04T19:53:40.861+0500] {dag.py:3089} INFO - Sync 1 DAGs
[2025-12-04T19:53:40.877+0500] {logging_mixin.py:188} INFO - [2025-12-04T19:53:40.877+0500] {dag.py:3947} INFO - Setting next_dagrun for example_xcom to 2021-01-01 00:00:00+00:00, run_after=2021-01-01 00:00:00+00:00
[2025-12-04T19:53:40.898+0500] {processor.py:183} INFO - Processing /Library/Frameworks/Python.framework/Versions/3.11/lib/python3.11/site-packages/airflow/example_dags/example_xcom.py took 0.193 seconds
[2025-12-04T19:55:35.465+0500] {processor.py:161} INFO - Started process (PID=15422) to work on /Library/Frameworks/Python.framework/Versions/3.11/lib/python3.11/site-packages/airflow/example_dags/example_xcom.py
[2025-12-04T19:55:35.467+0500] {processor.py:830} INFO - Processing file /Library/Frameworks/Python.framework/Versions/3.11/lib/python3.11/site-packages/airflow/example_dags/example_xcom.py for tasks to queue
[2025-12-04T19:55:35.468+0500] {logging_mixin.py:188} INFO - [2025-12-04T19:55:35.468+0500] {dagbag.py:545} INFO - Filling up the DagBag from /Library/Frameworks/Python.framework/Versions/3.11/lib/python3.11/site-packages/airflow/example_dags/example_xcom.py
[2025-12-04T19:55:35.505+0500] {processor.py:840} INFO - DAG(s) 'example_xcom' retrieved from /Library/Frameworks/Python.framework/Versions/3.11/lib/python3.11/site-packages/airflow/example_dags/example_xcom.py
[2025-12-04T19:55:35.619+0500] {logging_mixin.py:188} INFO - [2025-12-04T19:55:35.619+0500] {dag.py:3089} INFO - Sync 1 DAGs
[2025-12-04T19:55:35.636+0500] {logging_mixin.py:188} INFO - [2025-12-04T19:55:35.636+0500] {dag.py:3947} INFO - Setting next_dagrun for example_xcom to 2021-01-01 00:00:00+00:00, run_after=2021-01-01 00:00:00+00:00
[2025-12-04T19:55:35.657+0500] {processor.py:183} INFO - Processing /Library/Frameworks/Python.framework/Versions/3.11/lib/python3.11/site-packages/airflow/example_dags/example_xcom.py took 0.195 seconds
[2025-12-04T19:57:28.666+0500] {processor.py:161} INFO - Started process (PID=15484) to work on /Library/Frameworks/Python.framework/Versions/3.11/lib/python3.11/site-packages/airflow/example_dags/example_xcom.py
[2025-12-04T19:57:28.668+0500] {processor.py:830} INFO - Processing file /Library/Frameworks/Python.framework/Versions/3.11/lib/python3.11/site-packages/airflow/example_dags/example_xcom.py for tasks to queue
[2025-12-04T19:57:28.669+0500] {logging_mixin.py:188} INFO - [2025-12-04T19:57:28.669+0500] {dagbag.py:545} INFO - Filling up the DagBag from /Library/Frameworks/Python.framework/Versions/3.11/lib/python3.11/site-packages/airflow/example_dags/example_xcom.py
[2025-12-04T19:57:28.708+0500] {processor.py:840} INFO - DAG(s) 'example_xcom' retrieved from /Library/Frameworks/Python.framework/Versions/3.11/lib/python3.11/site-packages/airflow/example_dags/example_xcom.py
[2025-12-04T19:57:28.820+0500] {logging_mixin.py:188} INFO - [2025-12-04T19:57:28.819+0500] {dag.py:3089} INFO - Sync 1 DAGs
[2025-12-04T19:57:28.836+0500] {logging_mixin.py:188} INFO - [2025-12-04T19:57:28.836+0500] {dag.py:3947} INFO - Setting next_dagrun for example_xcom to 2021-01-01 00:00:00+00:00, run_after=2021-01-01 00:00:00+00:00
[2025-12-04T19:57:28.857+0500] {processor.py:183} INFO - Processing /Library/Frameworks/Python.framework/Versions/3.11/lib/python3.11/site-packages/airflow/example_dags/example_xcom.py took 0.194 seconds
[2025-12-04T20:41:19.009+0500] {processor.py:161} INFO - Started process (PID=15593) to work on /Library/Frameworks/Python.framework/Versions/3.11/lib/python3.11/site-packages/airflow/example_dags/example_xcom.py
[2025-12-04T20:41:19.011+0500] {processor.py:830} INFO - Processing file /Library/Frameworks/Python.framework/Versions/3.11/lib/python3.11/site-packages/airflow/example_dags/example_xcom.py for tasks to queue
[2025-12-04T20:41:19.012+0500] {logging_mixin.py:188} INFO - [2025-12-04T20:41:19.012+0500] {dagbag.py:545} INFO - Filling up the DagBag from /Library/Frameworks/Python.framework/Versions/3.11/lib/python3.11/site-packages/airflow/example_dags/example_xcom.py
[2025-12-04T20:41:19.159+0500] {processor.py:840} INFO - DAG(s) 'example_xcom' retrieved from /Library/Frameworks/Python.framework/Versions/3.11/lib/python3.11/site-packages/airflow/example_dags/example_xcom.py
[2025-12-04T20:41:19.720+0500] {logging_mixin.py:188} INFO - [2025-12-04T20:41:19.720+0500] {dag.py:3089} INFO - Sync 1 DAGs
[2025-12-04T20:41:19.875+0500] {logging_mixin.py:188} INFO - [2025-12-04T20:41:19.870+0500] {dag.py:3947} INFO - Setting next_dagrun for example_xcom to 2021-01-01 00:00:00+00:00, run_after=2021-01-01 00:00:00+00:00
[2025-12-04T20:41:19.943+0500] {processor.py:183} INFO - Processing /Library/Frameworks/Python.framework/Versions/3.11/lib/python3.11/site-packages/airflow/example_dags/example_xcom.py took 0.938 seconds
[2025-12-04T20:44:22.632+0500] {processor.py:161} INFO - Started process (PID=15763) to work on /Library/Frameworks/Python.framework/Versions/3.11/lib/python3.11/site-packages/airflow/example_dags/example_xcom.py
[2025-12-04T20:44:22.634+0500] {processor.py:830} INFO - Processing file /Library/Frameworks/Python.framework/Versions/3.11/lib/python3.11/site-packages/airflow/example_dags/example_xcom.py for tasks to queue
[2025-12-04T20:44:22.635+0500] {logging_mixin.py:188} INFO - [2025-12-04T20:44:22.635+0500] {dagbag.py:545} INFO - Filling up the DagBag from /Library/Frameworks/Python.framework/Versions/3.11/lib/python3.11/site-packages/airflow/example_dags/example_xcom.py
[2025-12-04T20:44:22.684+0500] {processor.py:840} INFO - DAG(s) 'example_xcom' retrieved from /Library/Frameworks/Python.framework/Versions/3.11/lib/python3.11/site-packages/airflow/example_dags/example_xcom.py
[2025-12-04T20:44:22.828+0500] {logging_mixin.py:188} INFO - [2025-12-04T20:44:22.827+0500] {dag.py:3089} INFO - Sync 1 DAGs
[2025-12-04T20:44:22.850+0500] {logging_mixin.py:188} INFO - [2025-12-04T20:44:22.850+0500] {dag.py:3947} INFO - Setting next_dagrun for example_xcom to 2021-01-01 00:00:00+00:00, run_after=2021-01-01 00:00:00+00:00
[2025-12-04T20:44:22.876+0500] {processor.py:183} INFO - Processing /Library/Frameworks/Python.framework/Versions/3.11/lib/python3.11/site-packages/airflow/example_dags/example_xcom.py took 0.248 seconds
[2025-12-04T20:46:55.981+0500] {processor.py:161} INFO - Started process (PID=15841) to work on /Library/Frameworks/Python.framework/Versions/3.11/lib/python3.11/site-packages/airflow/example_dags/example_xcom.py
[2025-12-04T20:46:55.983+0500] {processor.py:830} INFO - Processing file /Library/Frameworks/Python.framework/Versions/3.11/lib/python3.11/site-packages/airflow/example_dags/example_xcom.py for tasks to queue
[2025-12-04T20:46:55.984+0500] {logging_mixin.py:188} INFO - [2025-12-04T20:46:55.984+0500] {dagbag.py:545} INFO - Filling up the DagBag from /Library/Frameworks/Python.framework/Versions/3.11/lib/python3.11/site-packages/airflow/example_dags/example_xcom.py
[2025-12-04T20:46:56.023+0500] {processor.py:840} INFO - DAG(s) 'example_xcom' retrieved from /Library/Frameworks/Python.framework/Versions/3.11/lib/python3.11/site-packages/airflow/example_dags/example_xcom.py
[2025-12-04T20:46:56.187+0500] {logging_mixin.py:188} INFO - [2025-12-04T20:46:56.187+0500] {dag.py:3089} INFO - Sync 1 DAGs
[2025-12-04T20:46:56.206+0500] {logging_mixin.py:188} INFO - [2025-12-04T20:46:56.206+0500] {dag.py:3947} INFO - Setting next_dagrun for example_xcom to 2021-01-01 00:00:00+00:00, run_after=2021-01-01 00:00:00+00:00
[2025-12-04T20:46:56.228+0500] {processor.py:183} INFO - Processing /Library/Frameworks/Python.framework/Versions/3.11/lib/python3.11/site-packages/airflow/example_dags/example_xcom.py took 0.250 seconds
[2025-12-04T20:49:11.282+0500] {processor.py:161} INFO - Started process (PID=15922) to work on /Library/Frameworks/Python.framework/Versions/3.11/lib/python3.11/site-packages/airflow/example_dags/example_xcom.py
[2025-12-04T20:49:11.286+0500] {processor.py:830} INFO - Processing file /Library/Frameworks/Python.framework/Versions/3.11/lib/python3.11/site-packages/airflow/example_dags/example_xcom.py for tasks to queue
[2025-12-04T20:49:11.287+0500] {logging_mixin.py:188} INFO - [2025-12-04T20:49:11.287+0500] {dagbag.py:545} INFO - Filling up the DagBag from /Library/Frameworks/Python.framework/Versions/3.11/lib/python3.11/site-packages/airflow/example_dags/example_xcom.py
[2025-12-04T20:49:11.341+0500] {processor.py:840} INFO - DAG(s) 'example_xcom' retrieved from /Library/Frameworks/Python.framework/Versions/3.11/lib/python3.11/site-packages/airflow/example_dags/example_xcom.py
[2025-12-04T20:49:11.524+0500] {logging_mixin.py:188} INFO - [2025-12-04T20:49:11.524+0500] {dag.py:3089} INFO - Sync 1 DAGs
[2025-12-04T20:49:11.565+0500] {logging_mixin.py:188} INFO - [2025-12-04T20:49:11.565+0500] {dag.py:3947} INFO - Setting next_dagrun for example_xcom to 2021-01-01 00:00:00+00:00, run_after=2021-01-01 00:00:00+00:00
[2025-12-04T20:49:11.590+0500] {processor.py:183} INFO - Processing /Library/Frameworks/Python.framework/Versions/3.11/lib/python3.11/site-packages/airflow/example_dags/example_xcom.py took 0.310 seconds
