[2025-12-04T18:19:47.486+0500] {processor.py:161} INFO - Started process (PID=11729) to work on /Library/Frameworks/Python.framework/Versions/3.11/lib/python3.11/site-packages/airflow/example_dags/example_latest_only_with_trigger.py
[2025-12-04T18:19:47.487+0500] {processor.py:830} INFO - Processing file /Library/Frameworks/Python.framework/Versions/3.11/lib/python3.11/site-packages/airflow/example_dags/example_latest_only_with_trigger.py for tasks to queue
[2025-12-04T18:19:47.488+0500] {logging_mixin.py:188} INFO - [2025-12-04T18:19:47.488+0500] {dagbag.py:545} INFO - Filling up the DagBag from /Library/Frameworks/Python.framework/Versions/3.11/lib/python3.11/site-packages/airflow/example_dags/example_latest_only_with_trigger.py
[2025-12-04T18:19:47.501+0500] {processor.py:840} INFO - DAG(s) 'latest_only_with_trigger' retrieved from /Library/Frameworks/Python.framework/Versions/3.11/lib/python3.11/site-packages/airflow/example_dags/example_latest_only_with_trigger.py
[2025-12-04T18:19:47.864+0500] {logging_mixin.py:188} INFO - [2025-12-04T18:19:47.863+0500] {override.py:1858} INFO - Created Permission View: can delete on DAG:latest_only_with_trigger
[2025-12-04T18:19:47.881+0500] {logging_mixin.py:188} INFO - [2025-12-04T18:19:47.880+0500] {override.py:1858} INFO - Created Permission View: can read on DAG:latest_only_with_trigger
[2025-12-04T18:19:47.893+0500] {logging_mixin.py:188} INFO - [2025-12-04T18:19:47.893+0500] {override.py:1858} INFO - Created Permission View: can edit on DAG:latest_only_with_trigger
[2025-12-04T18:19:47.894+0500] {logging_mixin.py:188} INFO - [2025-12-04T18:19:47.894+0500] {dag.py:3089} INFO - Sync 1 DAGs
[2025-12-04T18:19:47.996+0500] {logging_mixin.py:188} INFO - [2025-12-04T18:19:47.996+0500] {dag.py:3111} INFO - Creating ORM DAG for latest_only_with_trigger
[2025-12-04T18:19:48.011+0500] {logging_mixin.py:188} INFO - [2025-12-04T18:19:48.011+0500] {dag.py:3947} INFO - Setting next_dagrun for latest_only_with_trigger to 2025-12-04 08:00:00+00:00, run_after=2025-12-04 12:00:00+00:00
[2025-12-04T18:19:48.042+0500] {processor.py:183} INFO - Processing /Library/Frameworks/Python.framework/Versions/3.11/lib/python3.11/site-packages/airflow/example_dags/example_latest_only_with_trigger.py took 0.560 seconds
[2025-12-04T18:22:28.732+0500] {processor.py:161} INFO - Started process (PID=11832) to work on /Library/Frameworks/Python.framework/Versions/3.11/lib/python3.11/site-packages/airflow/example_dags/example_latest_only_with_trigger.py
[2025-12-04T18:22:28.734+0500] {processor.py:830} INFO - Processing file /Library/Frameworks/Python.framework/Versions/3.11/lib/python3.11/site-packages/airflow/example_dags/example_latest_only_with_trigger.py for tasks to queue
[2025-12-04T18:22:28.735+0500] {logging_mixin.py:188} INFO - [2025-12-04T18:22:28.735+0500] {dagbag.py:545} INFO - Filling up the DagBag from /Library/Frameworks/Python.framework/Versions/3.11/lib/python3.11/site-packages/airflow/example_dags/example_latest_only_with_trigger.py
[2025-12-04T18:22:28.749+0500] {processor.py:840} INFO - DAG(s) 'latest_only_with_trigger' retrieved from /Library/Frameworks/Python.framework/Versions/3.11/lib/python3.11/site-packages/airflow/example_dags/example_latest_only_with_trigger.py
[2025-12-04T18:22:28.908+0500] {logging_mixin.py:188} INFO - [2025-12-04T18:22:28.908+0500] {dag.py:3089} INFO - Sync 1 DAGs
[2025-12-04T18:22:28.936+0500] {logging_mixin.py:188} INFO - [2025-12-04T18:22:28.936+0500] {dag.py:3947} INFO - Setting next_dagrun for latest_only_with_trigger to 2025-12-04 08:00:00+00:00, run_after=2025-12-04 12:00:00+00:00
[2025-12-04T18:22:28.964+0500] {processor.py:183} INFO - Processing /Library/Frameworks/Python.framework/Versions/3.11/lib/python3.11/site-packages/airflow/example_dags/example_latest_only_with_trigger.py took 0.236 seconds
[2025-12-04T18:26:35.559+0500] {processor.py:161} INFO - Started process (PID=11998) to work on /Library/Frameworks/Python.framework/Versions/3.11/lib/python3.11/site-packages/airflow/example_dags/example_latest_only_with_trigger.py
[2025-12-04T18:26:35.562+0500] {processor.py:830} INFO - Processing file /Library/Frameworks/Python.framework/Versions/3.11/lib/python3.11/site-packages/airflow/example_dags/example_latest_only_with_trigger.py for tasks to queue
[2025-12-04T18:26:35.563+0500] {logging_mixin.py:188} INFO - [2025-12-04T18:26:35.563+0500] {dagbag.py:545} INFO - Filling up the DagBag from /Library/Frameworks/Python.framework/Versions/3.11/lib/python3.11/site-packages/airflow/example_dags/example_latest_only_with_trigger.py
[2025-12-04T18:26:35.577+0500] {processor.py:840} INFO - DAG(s) 'latest_only_with_trigger' retrieved from /Library/Frameworks/Python.framework/Versions/3.11/lib/python3.11/site-packages/airflow/example_dags/example_latest_only_with_trigger.py
[2025-12-04T18:26:35.699+0500] {logging_mixin.py:188} INFO - [2025-12-04T18:26:35.699+0500] {dag.py:3089} INFO - Sync 1 DAGs
[2025-12-04T18:26:35.718+0500] {logging_mixin.py:188} INFO - [2025-12-04T18:26:35.718+0500] {dag.py:3947} INFO - Setting next_dagrun for latest_only_with_trigger to 2025-12-04 08:00:00+00:00, run_after=2025-12-04 12:00:00+00:00
[2025-12-04T18:26:35.740+0500] {processor.py:183} INFO - Processing /Library/Frameworks/Python.framework/Versions/3.11/lib/python3.11/site-packages/airflow/example_dags/example_latest_only_with_trigger.py took 0.183 seconds
[2025-12-04T18:31:31.102+0500] {processor.py:161} INFO - Started process (PID=12230) to work on /Library/Frameworks/Python.framework/Versions/3.11/lib/python3.11/site-packages/airflow/example_dags/example_latest_only_with_trigger.py
[2025-12-04T18:31:31.104+0500] {processor.py:830} INFO - Processing file /Library/Frameworks/Python.framework/Versions/3.11/lib/python3.11/site-packages/airflow/example_dags/example_latest_only_with_trigger.py for tasks to queue
[2025-12-04T18:31:31.105+0500] {logging_mixin.py:188} INFO - [2025-12-04T18:31:31.105+0500] {dagbag.py:545} INFO - Filling up the DagBag from /Library/Frameworks/Python.framework/Versions/3.11/lib/python3.11/site-packages/airflow/example_dags/example_latest_only_with_trigger.py
[2025-12-04T18:31:31.127+0500] {processor.py:840} INFO - DAG(s) 'latest_only_with_trigger' retrieved from /Library/Frameworks/Python.framework/Versions/3.11/lib/python3.11/site-packages/airflow/example_dags/example_latest_only_with_trigger.py
[2025-12-04T18:31:31.239+0500] {logging_mixin.py:188} INFO - [2025-12-04T18:31:31.239+0500] {dag.py:3089} INFO - Sync 1 DAGs
[2025-12-04T18:31:31.257+0500] {logging_mixin.py:188} INFO - [2025-12-04T18:31:31.256+0500] {dag.py:3947} INFO - Setting next_dagrun for latest_only_with_trigger to 2025-12-04 08:00:00+00:00, run_after=2025-12-04 12:00:00+00:00
[2025-12-04T18:31:31.279+0500] {processor.py:183} INFO - Processing /Library/Frameworks/Python.framework/Versions/3.11/lib/python3.11/site-packages/airflow/example_dags/example_latest_only_with_trigger.py took 0.181 seconds
[2025-12-04T18:36:01.462+0500] {processor.py:161} INFO - Started process (PID=12437) to work on /Library/Frameworks/Python.framework/Versions/3.11/lib/python3.11/site-packages/airflow/example_dags/example_latest_only_with_trigger.py
[2025-12-04T18:36:01.464+0500] {processor.py:830} INFO - Processing file /Library/Frameworks/Python.framework/Versions/3.11/lib/python3.11/site-packages/airflow/example_dags/example_latest_only_with_trigger.py for tasks to queue
[2025-12-04T18:36:01.465+0500] {logging_mixin.py:188} INFO - [2025-12-04T18:36:01.465+0500] {dagbag.py:545} INFO - Filling up the DagBag from /Library/Frameworks/Python.framework/Versions/3.11/lib/python3.11/site-packages/airflow/example_dags/example_latest_only_with_trigger.py
[2025-12-04T18:36:01.478+0500] {processor.py:840} INFO - DAG(s) 'latest_only_with_trigger' retrieved from /Library/Frameworks/Python.framework/Versions/3.11/lib/python3.11/site-packages/airflow/example_dags/example_latest_only_with_trigger.py
[2025-12-04T18:36:01.590+0500] {logging_mixin.py:188} INFO - [2025-12-04T18:36:01.590+0500] {dag.py:3089} INFO - Sync 1 DAGs
[2025-12-04T18:36:01.608+0500] {logging_mixin.py:188} INFO - [2025-12-04T18:36:01.608+0500] {dag.py:3947} INFO - Setting next_dagrun for latest_only_with_trigger to 2025-12-04 08:00:00+00:00, run_after=2025-12-04 12:00:00+00:00
[2025-12-04T18:36:01.634+0500] {processor.py:183} INFO - Processing /Library/Frameworks/Python.framework/Versions/3.11/lib/python3.11/site-packages/airflow/example_dags/example_latest_only_with_trigger.py took 0.175 seconds
[2025-12-04T18:39:46.386+0500] {processor.py:161} INFO - Started process (PID=12566) to work on /Library/Frameworks/Python.framework/Versions/3.11/lib/python3.11/site-packages/airflow/example_dags/example_latest_only_with_trigger.py
[2025-12-04T18:39:46.388+0500] {processor.py:830} INFO - Processing file /Library/Frameworks/Python.framework/Versions/3.11/lib/python3.11/site-packages/airflow/example_dags/example_latest_only_with_trigger.py for tasks to queue
[2025-12-04T18:39:46.389+0500] {logging_mixin.py:188} INFO - [2025-12-04T18:39:46.389+0500] {dagbag.py:545} INFO - Filling up the DagBag from /Library/Frameworks/Python.framework/Versions/3.11/lib/python3.11/site-packages/airflow/example_dags/example_latest_only_with_trigger.py
[2025-12-04T18:39:46.403+0500] {processor.py:840} INFO - DAG(s) 'latest_only_with_trigger' retrieved from /Library/Frameworks/Python.framework/Versions/3.11/lib/python3.11/site-packages/airflow/example_dags/example_latest_only_with_trigger.py
[2025-12-04T18:39:46.516+0500] {logging_mixin.py:188} INFO - [2025-12-04T18:39:46.515+0500] {dag.py:3089} INFO - Sync 1 DAGs
[2025-12-04T18:39:46.532+0500] {logging_mixin.py:188} INFO - [2025-12-04T18:39:46.532+0500] {dag.py:3947} INFO - Setting next_dagrun for latest_only_with_trigger to 2025-12-04 08:00:00+00:00, run_after=2025-12-04 12:00:00+00:00
[2025-12-04T18:39:46.553+0500] {processor.py:183} INFO - Processing /Library/Frameworks/Python.framework/Versions/3.11/lib/python3.11/site-packages/airflow/example_dags/example_latest_only_with_trigger.py took 0.170 seconds
[2025-12-04T18:44:14.763+0500] {processor.py:161} INFO - Started process (PID=12767) to work on /Library/Frameworks/Python.framework/Versions/3.11/lib/python3.11/site-packages/airflow/example_dags/example_latest_only_with_trigger.py
[2025-12-04T18:44:14.765+0500] {processor.py:830} INFO - Processing file /Library/Frameworks/Python.framework/Versions/3.11/lib/python3.11/site-packages/airflow/example_dags/example_latest_only_with_trigger.py for tasks to queue
[2025-12-04T18:44:14.766+0500] {logging_mixin.py:188} INFO - [2025-12-04T18:44:14.765+0500] {dagbag.py:545} INFO - Filling up the DagBag from /Library/Frameworks/Python.framework/Versions/3.11/lib/python3.11/site-packages/airflow/example_dags/example_latest_only_with_trigger.py
[2025-12-04T18:44:14.779+0500] {processor.py:840} INFO - DAG(s) 'latest_only_with_trigger' retrieved from /Library/Frameworks/Python.framework/Versions/3.11/lib/python3.11/site-packages/airflow/example_dags/example_latest_only_with_trigger.py
[2025-12-04T18:44:14.889+0500] {logging_mixin.py:188} INFO - [2025-12-04T18:44:14.888+0500] {dag.py:3089} INFO - Sync 1 DAGs
[2025-12-04T18:44:14.904+0500] {logging_mixin.py:188} INFO - [2025-12-04T18:44:14.904+0500] {dag.py:3947} INFO - Setting next_dagrun for latest_only_with_trigger to 2025-12-04 08:00:00+00:00, run_after=2025-12-04 12:00:00+00:00
[2025-12-04T18:44:14.925+0500] {processor.py:183} INFO - Processing /Library/Frameworks/Python.framework/Versions/3.11/lib/python3.11/site-packages/airflow/example_dags/example_latest_only_with_trigger.py took 0.165 seconds
[2025-12-04T18:48:13.017+0500] {processor.py:161} INFO - Started process (PID=12917) to work on /Library/Frameworks/Python.framework/Versions/3.11/lib/python3.11/site-packages/airflow/example_dags/example_latest_only_with_trigger.py
[2025-12-04T18:48:13.020+0500] {processor.py:830} INFO - Processing file /Library/Frameworks/Python.framework/Versions/3.11/lib/python3.11/site-packages/airflow/example_dags/example_latest_only_with_trigger.py for tasks to queue
[2025-12-04T18:48:13.021+0500] {logging_mixin.py:188} INFO - [2025-12-04T18:48:13.021+0500] {dagbag.py:545} INFO - Filling up the DagBag from /Library/Frameworks/Python.framework/Versions/3.11/lib/python3.11/site-packages/airflow/example_dags/example_latest_only_with_trigger.py
[2025-12-04T18:48:13.034+0500] {processor.py:840} INFO - DAG(s) 'latest_only_with_trigger' retrieved from /Library/Frameworks/Python.framework/Versions/3.11/lib/python3.11/site-packages/airflow/example_dags/example_latest_only_with_trigger.py
[2025-12-04T18:48:13.177+0500] {logging_mixin.py:188} INFO - [2025-12-04T18:48:13.177+0500] {dag.py:3089} INFO - Sync 1 DAGs
[2025-12-04T18:48:13.208+0500] {logging_mixin.py:188} INFO - [2025-12-04T18:48:13.208+0500] {dag.py:3947} INFO - Setting next_dagrun for latest_only_with_trigger to 2025-12-04 08:00:00+00:00, run_after=2025-12-04 12:00:00+00:00
[2025-12-04T18:48:13.238+0500] {processor.py:183} INFO - Processing /Library/Frameworks/Python.framework/Versions/3.11/lib/python3.11/site-packages/airflow/example_dags/example_latest_only_with_trigger.py took 0.224 seconds
[2025-12-04T18:52:52.218+0500] {processor.py:161} INFO - Started process (PID=13088) to work on /Library/Frameworks/Python.framework/Versions/3.11/lib/python3.11/site-packages/airflow/example_dags/example_latest_only_with_trigger.py
[2025-12-04T18:52:52.219+0500] {processor.py:830} INFO - Processing file /Library/Frameworks/Python.framework/Versions/3.11/lib/python3.11/site-packages/airflow/example_dags/example_latest_only_with_trigger.py for tasks to queue
[2025-12-04T18:52:52.221+0500] {logging_mixin.py:188} INFO - [2025-12-04T18:52:52.220+0500] {dagbag.py:545} INFO - Filling up the DagBag from /Library/Frameworks/Python.framework/Versions/3.11/lib/python3.11/site-packages/airflow/example_dags/example_latest_only_with_trigger.py
[2025-12-04T18:52:52.244+0500] {processor.py:840} INFO - DAG(s) 'latest_only_with_trigger' retrieved from /Library/Frameworks/Python.framework/Versions/3.11/lib/python3.11/site-packages/airflow/example_dags/example_latest_only_with_trigger.py
[2025-12-04T18:52:52.374+0500] {logging_mixin.py:188} INFO - [2025-12-04T18:52:52.373+0500] {dag.py:3089} INFO - Sync 1 DAGs
[2025-12-04T18:52:52.394+0500] {logging_mixin.py:188} INFO - [2025-12-04T18:52:52.394+0500] {dag.py:3947} INFO - Setting next_dagrun for latest_only_with_trigger to 2025-12-04 08:00:00+00:00, run_after=2025-12-04 12:00:00+00:00
[2025-12-04T18:52:52.418+0500] {processor.py:183} INFO - Processing /Library/Frameworks/Python.framework/Versions/3.11/lib/python3.11/site-packages/airflow/example_dags/example_latest_only_with_trigger.py took 0.203 seconds
[2025-12-04T19:34:24.451+0500] {processor.py:161} INFO - Started process (PID=14612) to work on /Library/Frameworks/Python.framework/Versions/3.11/lib/python3.11/site-packages/airflow/example_dags/example_latest_only_with_trigger.py
[2025-12-04T19:34:24.454+0500] {processor.py:830} INFO - Processing file /Library/Frameworks/Python.framework/Versions/3.11/lib/python3.11/site-packages/airflow/example_dags/example_latest_only_with_trigger.py for tasks to queue
[2025-12-04T19:34:24.455+0500] {logging_mixin.py:188} INFO - [2025-12-04T19:34:24.455+0500] {dagbag.py:545} INFO - Filling up the DagBag from /Library/Frameworks/Python.framework/Versions/3.11/lib/python3.11/site-packages/airflow/example_dags/example_latest_only_with_trigger.py
[2025-12-04T19:34:24.477+0500] {processor.py:840} INFO - DAG(s) 'latest_only_with_trigger' retrieved from /Library/Frameworks/Python.framework/Versions/3.11/lib/python3.11/site-packages/airflow/example_dags/example_latest_only_with_trigger.py
[2025-12-04T19:34:24.592+0500] {logging_mixin.py:188} INFO - [2025-12-04T19:34:24.591+0500] {dag.py:3089} INFO - Sync 1 DAGs
[2025-12-04T19:34:24.609+0500] {logging_mixin.py:188} INFO - [2025-12-04T19:34:24.608+0500] {dag.py:3947} INFO - Setting next_dagrun for latest_only_with_trigger to 2025-12-04 08:00:00+00:00, run_after=2025-12-04 12:00:00+00:00
[2025-12-04T19:34:24.631+0500] {processor.py:183} INFO - Processing /Library/Frameworks/Python.framework/Versions/3.11/lib/python3.11/site-packages/airflow/example_dags/example_latest_only_with_trigger.py took 0.183 seconds
[2025-12-04T19:37:27.586+0500] {processor.py:161} INFO - Started process (PID=14740) to work on /Library/Frameworks/Python.framework/Versions/3.11/lib/python3.11/site-packages/airflow/example_dags/example_latest_only_with_trigger.py
[2025-12-04T19:37:27.588+0500] {processor.py:830} INFO - Processing file /Library/Frameworks/Python.framework/Versions/3.11/lib/python3.11/site-packages/airflow/example_dags/example_latest_only_with_trigger.py for tasks to queue
[2025-12-04T19:37:27.590+0500] {logging_mixin.py:188} INFO - [2025-12-04T19:37:27.589+0500] {dagbag.py:545} INFO - Filling up the DagBag from /Library/Frameworks/Python.framework/Versions/3.11/lib/python3.11/site-packages/airflow/example_dags/example_latest_only_with_trigger.py
[2025-12-04T19:37:27.601+0500] {processor.py:840} INFO - DAG(s) 'latest_only_with_trigger' retrieved from /Library/Frameworks/Python.framework/Versions/3.11/lib/python3.11/site-packages/airflow/example_dags/example_latest_only_with_trigger.py
[2025-12-04T19:37:27.717+0500] {logging_mixin.py:188} INFO - [2025-12-04T19:37:27.717+0500] {dag.py:3089} INFO - Sync 1 DAGs
[2025-12-04T19:37:27.733+0500] {logging_mixin.py:188} INFO - [2025-12-04T19:37:27.732+0500] {dag.py:3947} INFO - Setting next_dagrun for latest_only_with_trigger to 2025-12-04 08:00:00+00:00, run_after=2025-12-04 12:00:00+00:00
[2025-12-04T19:37:27.753+0500] {processor.py:183} INFO - Processing /Library/Frameworks/Python.framework/Versions/3.11/lib/python3.11/site-packages/airflow/example_dags/example_latest_only_with_trigger.py took 0.169 seconds
[2025-12-04T19:41:44.840+0500] {processor.py:161} INFO - Started process (PID=14899) to work on /Library/Frameworks/Python.framework/Versions/3.11/lib/python3.11/site-packages/airflow/example_dags/example_latest_only_with_trigger.py
[2025-12-04T19:41:44.842+0500] {processor.py:830} INFO - Processing file /Library/Frameworks/Python.framework/Versions/3.11/lib/python3.11/site-packages/airflow/example_dags/example_latest_only_with_trigger.py for tasks to queue
[2025-12-04T19:41:44.844+0500] {logging_mixin.py:188} INFO - [2025-12-04T19:41:44.843+0500] {dagbag.py:545} INFO - Filling up the DagBag from /Library/Frameworks/Python.framework/Versions/3.11/lib/python3.11/site-packages/airflow/example_dags/example_latest_only_with_trigger.py
[2025-12-04T19:41:44.857+0500] {processor.py:840} INFO - DAG(s) 'latest_only_with_trigger' retrieved from /Library/Frameworks/Python.framework/Versions/3.11/lib/python3.11/site-packages/airflow/example_dags/example_latest_only_with_trigger.py
[2025-12-04T19:41:45.003+0500] {logging_mixin.py:188} INFO - [2025-12-04T19:41:45.001+0500] {dag.py:3089} INFO - Sync 1 DAGs
[2025-12-04T19:41:45.024+0500] {logging_mixin.py:188} INFO - [2025-12-04T19:41:45.024+0500] {dag.py:3947} INFO - Setting next_dagrun for latest_only_with_trigger to 2025-12-04 08:00:00+00:00, run_after=2025-12-04 12:00:00+00:00
[2025-12-04T19:41:45.049+0500] {processor.py:183} INFO - Processing /Library/Frameworks/Python.framework/Versions/3.11/lib/python3.11/site-packages/airflow/example_dags/example_latest_only_with_trigger.py took 0.211 seconds
[2025-12-04T19:46:24.421+0500] {processor.py:161} INFO - Started process (PID=15056) to work on /Library/Frameworks/Python.framework/Versions/3.11/lib/python3.11/site-packages/airflow/example_dags/example_latest_only_with_trigger.py
[2025-12-04T19:46:24.423+0500] {processor.py:830} INFO - Processing file /Library/Frameworks/Python.framework/Versions/3.11/lib/python3.11/site-packages/airflow/example_dags/example_latest_only_with_trigger.py for tasks to queue
[2025-12-04T19:46:24.424+0500] {logging_mixin.py:188} INFO - [2025-12-04T19:46:24.423+0500] {dagbag.py:545} INFO - Filling up the DagBag from /Library/Frameworks/Python.framework/Versions/3.11/lib/python3.11/site-packages/airflow/example_dags/example_latest_only_with_trigger.py
[2025-12-04T19:46:24.437+0500] {processor.py:840} INFO - DAG(s) 'latest_only_with_trigger' retrieved from /Library/Frameworks/Python.framework/Versions/3.11/lib/python3.11/site-packages/airflow/example_dags/example_latest_only_with_trigger.py
[2025-12-04T19:46:24.571+0500] {logging_mixin.py:188} INFO - [2025-12-04T19:46:24.571+0500] {dag.py:3089} INFO - Sync 1 DAGs
[2025-12-04T19:46:24.592+0500] {logging_mixin.py:188} INFO - [2025-12-04T19:46:24.592+0500] {dag.py:3947} INFO - Setting next_dagrun for latest_only_with_trigger to 2025-12-04 08:00:00+00:00, run_after=2025-12-04 12:00:00+00:00
[2025-12-04T19:46:24.619+0500] {processor.py:183} INFO - Processing /Library/Frameworks/Python.framework/Versions/3.11/lib/python3.11/site-packages/airflow/example_dags/example_latest_only_with_trigger.py took 0.201 seconds
[2025-12-04T19:50:40.588+0500] {processor.py:161} INFO - Started process (PID=15210) to work on /Library/Frameworks/Python.framework/Versions/3.11/lib/python3.11/site-packages/airflow/example_dags/example_latest_only_with_trigger.py
[2025-12-04T19:50:40.590+0500] {processor.py:830} INFO - Processing file /Library/Frameworks/Python.framework/Versions/3.11/lib/python3.11/site-packages/airflow/example_dags/example_latest_only_with_trigger.py for tasks to queue
[2025-12-04T19:50:40.591+0500] {logging_mixin.py:188} INFO - [2025-12-04T19:50:40.591+0500] {dagbag.py:545} INFO - Filling up the DagBag from /Library/Frameworks/Python.framework/Versions/3.11/lib/python3.11/site-packages/airflow/example_dags/example_latest_only_with_trigger.py
[2025-12-04T19:50:40.603+0500] {processor.py:840} INFO - DAG(s) 'latest_only_with_trigger' retrieved from /Library/Frameworks/Python.framework/Versions/3.11/lib/python3.11/site-packages/airflow/example_dags/example_latest_only_with_trigger.py
[2025-12-04T19:50:40.713+0500] {logging_mixin.py:188} INFO - [2025-12-04T19:50:40.713+0500] {dag.py:3089} INFO - Sync 1 DAGs
[2025-12-04T19:50:40.730+0500] {logging_mixin.py:188} INFO - [2025-12-04T19:50:40.730+0500] {dag.py:3947} INFO - Setting next_dagrun for latest_only_with_trigger to 2025-12-04 08:00:00+00:00, run_after=2025-12-04 12:00:00+00:00
[2025-12-04T19:50:40.751+0500] {processor.py:183} INFO - Processing /Library/Frameworks/Python.framework/Versions/3.11/lib/python3.11/site-packages/airflow/example_dags/example_latest_only_with_trigger.py took 0.166 seconds
[2025-12-04T19:54:37.721+0500] {processor.py:161} INFO - Started process (PID=15389) to work on /Library/Frameworks/Python.framework/Versions/3.11/lib/python3.11/site-packages/airflow/example_dags/example_latest_only_with_trigger.py
[2025-12-04T19:54:37.723+0500] {processor.py:830} INFO - Processing file /Library/Frameworks/Python.framework/Versions/3.11/lib/python3.11/site-packages/airflow/example_dags/example_latest_only_with_trigger.py for tasks to queue
[2025-12-04T19:54:37.724+0500] {logging_mixin.py:188} INFO - [2025-12-04T19:54:37.724+0500] {dagbag.py:545} INFO - Filling up the DagBag from /Library/Frameworks/Python.framework/Versions/3.11/lib/python3.11/site-packages/airflow/example_dags/example_latest_only_with_trigger.py
[2025-12-04T19:54:37.735+0500] {processor.py:840} INFO - DAG(s) 'latest_only_with_trigger' retrieved from /Library/Frameworks/Python.framework/Versions/3.11/lib/python3.11/site-packages/airflow/example_dags/example_latest_only_with_trigger.py
[2025-12-04T19:54:37.852+0500] {logging_mixin.py:188} INFO - [2025-12-04T19:54:37.851+0500] {dag.py:3089} INFO - Sync 1 DAGs
[2025-12-04T19:54:37.868+0500] {logging_mixin.py:188} INFO - [2025-12-04T19:54:37.868+0500] {dag.py:3947} INFO - Setting next_dagrun for latest_only_with_trigger to 2025-12-04 08:00:00+00:00, run_after=2025-12-04 12:00:00+00:00
[2025-12-04T19:54:37.889+0500] {processor.py:183} INFO - Processing /Library/Frameworks/Python.framework/Versions/3.11/lib/python3.11/site-packages/airflow/example_dags/example_latest_only_with_trigger.py took 0.170 seconds
[2025-12-04T20:15:26.139+0500] {processor.py:161} INFO - Started process (PID=15528) to work on /Library/Frameworks/Python.framework/Versions/3.11/lib/python3.11/site-packages/airflow/example_dags/example_latest_only_with_trigger.py
[2025-12-04T20:15:26.141+0500] {processor.py:830} INFO - Processing file /Library/Frameworks/Python.framework/Versions/3.11/lib/python3.11/site-packages/airflow/example_dags/example_latest_only_with_trigger.py for tasks to queue
[2025-12-04T20:15:26.142+0500] {logging_mixin.py:188} INFO - [2025-12-04T20:15:26.142+0500] {dagbag.py:545} INFO - Filling up the DagBag from /Library/Frameworks/Python.framework/Versions/3.11/lib/python3.11/site-packages/airflow/example_dags/example_latest_only_with_trigger.py
[2025-12-04T20:15:26.155+0500] {processor.py:840} INFO - DAG(s) 'latest_only_with_trigger' retrieved from /Library/Frameworks/Python.framework/Versions/3.11/lib/python3.11/site-packages/airflow/example_dags/example_latest_only_with_trigger.py
[2025-12-04T20:15:26.298+0500] {logging_mixin.py:188} INFO - [2025-12-04T20:15:26.298+0500] {dag.py:3089} INFO - Sync 1 DAGs
[2025-12-04T20:15:26.320+0500] {logging_mixin.py:188} INFO - [2025-12-04T20:15:26.319+0500] {dag.py:3947} INFO - Setting next_dagrun for latest_only_with_trigger to 2025-12-04 08:00:00+00:00, run_after=2025-12-04 12:00:00+00:00
[2025-12-04T20:15:26.344+0500] {processor.py:183} INFO - Processing /Library/Frameworks/Python.framework/Versions/3.11/lib/python3.11/site-packages/airflow/example_dags/example_latest_only_with_trigger.py took 0.210 seconds
[2025-12-04T20:45:38.105+0500] {processor.py:161} INFO - Started process (PID=15800) to work on /Library/Frameworks/Python.framework/Versions/3.11/lib/python3.11/site-packages/airflow/example_dags/example_latest_only_with_trigger.py
[2025-12-04T20:45:38.107+0500] {processor.py:830} INFO - Processing file /Library/Frameworks/Python.framework/Versions/3.11/lib/python3.11/site-packages/airflow/example_dags/example_latest_only_with_trigger.py for tasks to queue
[2025-12-04T20:45:38.108+0500] {logging_mixin.py:188} INFO - [2025-12-04T20:45:38.108+0500] {dagbag.py:545} INFO - Filling up the DagBag from /Library/Frameworks/Python.framework/Versions/3.11/lib/python3.11/site-packages/airflow/example_dags/example_latest_only_with_trigger.py
[2025-12-04T20:45:38.121+0500] {processor.py:840} INFO - DAG(s) 'latest_only_with_trigger' retrieved from /Library/Frameworks/Python.framework/Versions/3.11/lib/python3.11/site-packages/airflow/example_dags/example_latest_only_with_trigger.py
[2025-12-04T20:45:38.270+0500] {logging_mixin.py:188} INFO - [2025-12-04T20:45:38.269+0500] {dag.py:3089} INFO - Sync 1 DAGs
[2025-12-04T20:45:38.294+0500] {logging_mixin.py:188} INFO - [2025-12-04T20:45:38.294+0500] {dag.py:3947} INFO - Setting next_dagrun for latest_only_with_trigger to 2025-12-04 08:00:00+00:00, run_after=2025-12-04 12:00:00+00:00
[2025-12-04T20:45:38.322+0500] {processor.py:183} INFO - Processing /Library/Frameworks/Python.framework/Versions/3.11/lib/python3.11/site-packages/airflow/example_dags/example_latest_only_with_trigger.py took 0.221 seconds
[2025-12-04T20:48:05.366+0500] {processor.py:161} INFO - Started process (PID=15878) to work on /Library/Frameworks/Python.framework/Versions/3.11/lib/python3.11/site-packages/airflow/example_dags/example_latest_only_with_trigger.py
[2025-12-04T20:48:05.368+0500] {processor.py:830} INFO - Processing file /Library/Frameworks/Python.framework/Versions/3.11/lib/python3.11/site-packages/airflow/example_dags/example_latest_only_with_trigger.py for tasks to queue
[2025-12-04T20:48:05.369+0500] {logging_mixin.py:188} INFO - [2025-12-04T20:48:05.369+0500] {dagbag.py:545} INFO - Filling up the DagBag from /Library/Frameworks/Python.framework/Versions/3.11/lib/python3.11/site-packages/airflow/example_dags/example_latest_only_with_trigger.py
[2025-12-04T20:48:05.379+0500] {processor.py:840} INFO - DAG(s) 'latest_only_with_trigger' retrieved from /Library/Frameworks/Python.framework/Versions/3.11/lib/python3.11/site-packages/airflow/example_dags/example_latest_only_with_trigger.py
[2025-12-04T20:48:05.489+0500] {logging_mixin.py:188} INFO - [2025-12-04T20:48:05.488+0500] {dag.py:3089} INFO - Sync 1 DAGs
[2025-12-04T20:48:05.506+0500] {logging_mixin.py:188} INFO - [2025-12-04T20:48:05.506+0500] {dag.py:3947} INFO - Setting next_dagrun for latest_only_with_trigger to 2025-12-04 08:00:00+00:00, run_after=2025-12-04 12:00:00+00:00
[2025-12-04T20:48:05.532+0500] {processor.py:183} INFO - Processing /Library/Frameworks/Python.framework/Versions/3.11/lib/python3.11/site-packages/airflow/example_dags/example_latest_only_with_trigger.py took 0.169 seconds
