[2025-12-04T18:18:40.133+0500] {processor.py:161} INFO - Started process (PID=11692) to work on /Library/Frameworks/Python.framework/Versions/3.11/lib/python3.11/site-packages/airflow/example_dags/example_time_delta_sensor_async.py
[2025-12-04T18:18:40.134+0500] {processor.py:830} INFO - Processing file /Library/Frameworks/Python.framework/Versions/3.11/lib/python3.11/site-packages/airflow/example_dags/example_time_delta_sensor_async.py for tasks to queue
[2025-12-04T18:18:40.135+0500] {logging_mixin.py:188} INFO - [2025-12-04T18:18:40.135+0500] {dagbag.py:545} INFO - Filling up the DagBag from /Library/Frameworks/Python.framework/Versions/3.11/lib/python3.11/site-packages/airflow/example_dags/example_time_delta_sensor_async.py
[2025-12-04T18:18:40.151+0500] {processor.py:840} INFO - DAG(s) 'example_time_delta_sensor_async' retrieved from /Library/Frameworks/Python.framework/Versions/3.11/lib/python3.11/site-packages/airflow/example_dags/example_time_delta_sensor_async.py
[2025-12-04T18:18:40.591+0500] {logging_mixin.py:188} INFO - [2025-12-04T18:18:40.591+0500] {override.py:1858} INFO - Created Permission View: can read on DAG:example_time_delta_sensor_async
[2025-12-04T18:18:40.610+0500] {logging_mixin.py:188} INFO - [2025-12-04T18:18:40.609+0500] {override.py:1858} INFO - Created Permission View: can delete on DAG:example_time_delta_sensor_async
[2025-12-04T18:18:40.623+0500] {logging_mixin.py:188} INFO - [2025-12-04T18:18:40.623+0500] {override.py:1858} INFO - Created Permission View: can edit on DAG:example_time_delta_sensor_async
[2025-12-04T18:18:40.624+0500] {logging_mixin.py:188} INFO - [2025-12-04T18:18:40.624+0500] {dag.py:3089} INFO - Sync 1 DAGs
[2025-12-04T18:18:40.735+0500] {logging_mixin.py:188} INFO - [2025-12-04T18:18:40.735+0500] {dag.py:3111} INFO - Creating ORM DAG for example_time_delta_sensor_async
[2025-12-04T18:18:40.736+0500] {logging_mixin.py:188} INFO - [2025-12-04T18:18:40.736+0500] {dag.py:3947} INFO - Setting next_dagrun for example_time_delta_sensor_async to None, run_after=None
[2025-12-04T18:18:40.766+0500] {processor.py:183} INFO - Processing /Library/Frameworks/Python.framework/Versions/3.11/lib/python3.11/site-packages/airflow/example_dags/example_time_delta_sensor_async.py took 0.639 seconds
[2025-12-04T18:21:31.369+0500] {processor.py:161} INFO - Started process (PID=11782) to work on /Library/Frameworks/Python.framework/Versions/3.11/lib/python3.11/site-packages/airflow/example_dags/example_time_delta_sensor_async.py
[2025-12-04T18:21:31.371+0500] {processor.py:830} INFO - Processing file /Library/Frameworks/Python.framework/Versions/3.11/lib/python3.11/site-packages/airflow/example_dags/example_time_delta_sensor_async.py for tasks to queue
[2025-12-04T18:21:31.372+0500] {logging_mixin.py:188} INFO - [2025-12-04T18:21:31.372+0500] {dagbag.py:545} INFO - Filling up the DagBag from /Library/Frameworks/Python.framework/Versions/3.11/lib/python3.11/site-packages/airflow/example_dags/example_time_delta_sensor_async.py
[2025-12-04T18:21:31.387+0500] {processor.py:840} INFO - DAG(s) 'example_time_delta_sensor_async' retrieved from /Library/Frameworks/Python.framework/Versions/3.11/lib/python3.11/site-packages/airflow/example_dags/example_time_delta_sensor_async.py
[2025-12-04T18:21:31.542+0500] {logging_mixin.py:188} INFO - [2025-12-04T18:21:31.541+0500] {dag.py:3089} INFO - Sync 1 DAGs
[2025-12-04T18:21:31.553+0500] {logging_mixin.py:188} INFO - [2025-12-04T18:21:31.552+0500] {dag.py:3947} INFO - Setting next_dagrun for example_time_delta_sensor_async to None, run_after=None
[2025-12-04T18:21:31.577+0500] {processor.py:183} INFO - Processing /Library/Frameworks/Python.framework/Versions/3.11/lib/python3.11/site-packages/airflow/example_dags/example_time_delta_sensor_async.py took 0.211 seconds
[2025-12-04T18:23:37.030+0500] {processor.py:161} INFO - Started process (PID=11871) to work on /Library/Frameworks/Python.framework/Versions/3.11/lib/python3.11/site-packages/airflow/example_dags/example_time_delta_sensor_async.py
[2025-12-04T18:23:37.032+0500] {processor.py:830} INFO - Processing file /Library/Frameworks/Python.framework/Versions/3.11/lib/python3.11/site-packages/airflow/example_dags/example_time_delta_sensor_async.py for tasks to queue
[2025-12-04T18:23:37.033+0500] {logging_mixin.py:188} INFO - [2025-12-04T18:23:37.033+0500] {dagbag.py:545} INFO - Filling up the DagBag from /Library/Frameworks/Python.framework/Versions/3.11/lib/python3.11/site-packages/airflow/example_dags/example_time_delta_sensor_async.py
[2025-12-04T18:23:37.051+0500] {processor.py:840} INFO - DAG(s) 'example_time_delta_sensor_async' retrieved from /Library/Frameworks/Python.framework/Versions/3.11/lib/python3.11/site-packages/airflow/example_dags/example_time_delta_sensor_async.py
[2025-12-04T18:23:37.173+0500] {logging_mixin.py:188} INFO - [2025-12-04T18:23:37.172+0500] {dag.py:3089} INFO - Sync 1 DAGs
[2025-12-04T18:23:37.182+0500] {logging_mixin.py:188} INFO - [2025-12-04T18:23:37.181+0500] {dag.py:3947} INFO - Setting next_dagrun for example_time_delta_sensor_async to None, run_after=None
[2025-12-04T18:23:37.202+0500] {processor.py:183} INFO - Processing /Library/Frameworks/Python.framework/Versions/3.11/lib/python3.11/site-packages/airflow/example_dags/example_time_delta_sensor_async.py took 0.175 seconds
[2025-12-04T18:25:41.557+0500] {processor.py:161} INFO - Started process (PID=11970) to work on /Library/Frameworks/Python.framework/Versions/3.11/lib/python3.11/site-packages/airflow/example_dags/example_time_delta_sensor_async.py
[2025-12-04T18:25:41.559+0500] {processor.py:830} INFO - Processing file /Library/Frameworks/Python.framework/Versions/3.11/lib/python3.11/site-packages/airflow/example_dags/example_time_delta_sensor_async.py for tasks to queue
[2025-12-04T18:25:41.560+0500] {logging_mixin.py:188} INFO - [2025-12-04T18:25:41.560+0500] {dagbag.py:545} INFO - Filling up the DagBag from /Library/Frameworks/Python.framework/Versions/3.11/lib/python3.11/site-packages/airflow/example_dags/example_time_delta_sensor_async.py
[2025-12-04T18:25:41.578+0500] {processor.py:840} INFO - DAG(s) 'example_time_delta_sensor_async' retrieved from /Library/Frameworks/Python.framework/Versions/3.11/lib/python3.11/site-packages/airflow/example_dags/example_time_delta_sensor_async.py
[2025-12-04T18:25:41.706+0500] {logging_mixin.py:188} INFO - [2025-12-04T18:25:41.706+0500] {dag.py:3089} INFO - Sync 1 DAGs
[2025-12-04T18:25:41.715+0500] {logging_mixin.py:188} INFO - [2025-12-04T18:25:41.715+0500] {dag.py:3947} INFO - Setting next_dagrun for example_time_delta_sensor_async to None, run_after=None
[2025-12-04T18:25:41.738+0500] {processor.py:183} INFO - Processing /Library/Frameworks/Python.framework/Versions/3.11/lib/python3.11/site-packages/airflow/example_dags/example_time_delta_sensor_async.py took 0.184 seconds
[2025-12-04T18:27:54.773+0500] {processor.py:161} INFO - Started process (PID=12079) to work on /Library/Frameworks/Python.framework/Versions/3.11/lib/python3.11/site-packages/airflow/example_dags/example_time_delta_sensor_async.py
[2025-12-04T18:27:54.775+0500] {processor.py:830} INFO - Processing file /Library/Frameworks/Python.framework/Versions/3.11/lib/python3.11/site-packages/airflow/example_dags/example_time_delta_sensor_async.py for tasks to queue
[2025-12-04T18:27:54.776+0500] {logging_mixin.py:188} INFO - [2025-12-04T18:27:54.776+0500] {dagbag.py:545} INFO - Filling up the DagBag from /Library/Frameworks/Python.framework/Versions/3.11/lib/python3.11/site-packages/airflow/example_dags/example_time_delta_sensor_async.py
[2025-12-04T18:27:54.794+0500] {processor.py:840} INFO - DAG(s) 'example_time_delta_sensor_async' retrieved from /Library/Frameworks/Python.framework/Versions/3.11/lib/python3.11/site-packages/airflow/example_dags/example_time_delta_sensor_async.py
[2025-12-04T18:27:54.947+0500] {logging_mixin.py:188} INFO - [2025-12-04T18:27:54.945+0500] {dag.py:3089} INFO - Sync 1 DAGs
[2025-12-04T18:27:54.959+0500] {logging_mixin.py:188} INFO - [2025-12-04T18:27:54.958+0500] {dag.py:3947} INFO - Setting next_dagrun for example_time_delta_sensor_async to None, run_after=None
[2025-12-04T18:27:54.985+0500] {processor.py:183} INFO - Processing /Library/Frameworks/Python.framework/Versions/3.11/lib/python3.11/site-packages/airflow/example_dags/example_time_delta_sensor_async.py took 0.215 seconds
[2025-12-04T18:30:24.844+0500] {processor.py:161} INFO - Started process (PID=12198) to work on /Library/Frameworks/Python.framework/Versions/3.11/lib/python3.11/site-packages/airflow/example_dags/example_time_delta_sensor_async.py
[2025-12-04T18:30:24.846+0500] {processor.py:830} INFO - Processing file /Library/Frameworks/Python.framework/Versions/3.11/lib/python3.11/site-packages/airflow/example_dags/example_time_delta_sensor_async.py for tasks to queue
[2025-12-04T18:30:24.847+0500] {logging_mixin.py:188} INFO - [2025-12-04T18:30:24.847+0500] {dagbag.py:545} INFO - Filling up the DagBag from /Library/Frameworks/Python.framework/Versions/3.11/lib/python3.11/site-packages/airflow/example_dags/example_time_delta_sensor_async.py
[2025-12-04T18:30:24.863+0500] {processor.py:840} INFO - DAG(s) 'example_time_delta_sensor_async' retrieved from /Library/Frameworks/Python.framework/Versions/3.11/lib/python3.11/site-packages/airflow/example_dags/example_time_delta_sensor_async.py
[2025-12-04T18:30:24.999+0500] {logging_mixin.py:188} INFO - [2025-12-04T18:30:24.998+0500] {dag.py:3089} INFO - Sync 1 DAGs
[2025-12-04T18:30:25.015+0500] {logging_mixin.py:188} INFO - [2025-12-04T18:30:25.014+0500] {dag.py:3947} INFO - Setting next_dagrun for example_time_delta_sensor_async to None, run_after=None
[2025-12-04T18:30:25.048+0500] {processor.py:183} INFO - Processing /Library/Frameworks/Python.framework/Versions/3.11/lib/python3.11/site-packages/airflow/example_dags/example_time_delta_sensor_async.py took 0.207 seconds
[2025-12-04T18:32:50.261+0500] {processor.py:161} INFO - Started process (PID=12288) to work on /Library/Frameworks/Python.framework/Versions/3.11/lib/python3.11/site-packages/airflow/example_dags/example_time_delta_sensor_async.py
[2025-12-04T18:32:50.264+0500] {processor.py:830} INFO - Processing file /Library/Frameworks/Python.framework/Versions/3.11/lib/python3.11/site-packages/airflow/example_dags/example_time_delta_sensor_async.py for tasks to queue
[2025-12-04T18:32:50.265+0500] {logging_mixin.py:188} INFO - [2025-12-04T18:32:50.264+0500] {dagbag.py:545} INFO - Filling up the DagBag from /Library/Frameworks/Python.framework/Versions/3.11/lib/python3.11/site-packages/airflow/example_dags/example_time_delta_sensor_async.py
[2025-12-04T18:32:50.280+0500] {processor.py:840} INFO - DAG(s) 'example_time_delta_sensor_async' retrieved from /Library/Frameworks/Python.framework/Versions/3.11/lib/python3.11/site-packages/airflow/example_dags/example_time_delta_sensor_async.py
[2025-12-04T18:32:50.437+0500] {logging_mixin.py:188} INFO - [2025-12-04T18:32:50.437+0500] {dag.py:3089} INFO - Sync 1 DAGs
[2025-12-04T18:32:50.448+0500] {logging_mixin.py:188} INFO - [2025-12-04T18:32:50.448+0500] {dag.py:3947} INFO - Setting next_dagrun for example_time_delta_sensor_async to None, run_after=None
[2025-12-04T18:32:50.483+0500] {processor.py:183} INFO - Processing /Library/Frameworks/Python.framework/Versions/3.11/lib/python3.11/site-packages/airflow/example_dags/example_time_delta_sensor_async.py took 0.225 seconds
[2025-12-04T18:35:06.686+0500] {processor.py:161} INFO - Started process (PID=12408) to work on /Library/Frameworks/Python.framework/Versions/3.11/lib/python3.11/site-packages/airflow/example_dags/example_time_delta_sensor_async.py
[2025-12-04T18:35:06.688+0500] {processor.py:830} INFO - Processing file /Library/Frameworks/Python.framework/Versions/3.11/lib/python3.11/site-packages/airflow/example_dags/example_time_delta_sensor_async.py for tasks to queue
[2025-12-04T18:35:06.689+0500] {logging_mixin.py:188} INFO - [2025-12-04T18:35:06.689+0500] {dagbag.py:545} INFO - Filling up the DagBag from /Library/Frameworks/Python.framework/Versions/3.11/lib/python3.11/site-packages/airflow/example_dags/example_time_delta_sensor_async.py
[2025-12-04T18:35:06.704+0500] {processor.py:840} INFO - DAG(s) 'example_time_delta_sensor_async' retrieved from /Library/Frameworks/Python.framework/Versions/3.11/lib/python3.11/site-packages/airflow/example_dags/example_time_delta_sensor_async.py
[2025-12-04T18:35:06.825+0500] {logging_mixin.py:188} INFO - [2025-12-04T18:35:06.825+0500] {dag.py:3089} INFO - Sync 1 DAGs
[2025-12-04T18:35:06.834+0500] {logging_mixin.py:188} INFO - [2025-12-04T18:35:06.834+0500] {dag.py:3947} INFO - Setting next_dagrun for example_time_delta_sensor_async to None, run_after=None
[2025-12-04T18:35:06.855+0500] {processor.py:183} INFO - Processing /Library/Frameworks/Python.framework/Versions/3.11/lib/python3.11/site-packages/airflow/example_dags/example_time_delta_sensor_async.py took 0.171 seconds
[2025-12-04T18:37:06.336+0500] {processor.py:161} INFO - Started process (PID=12474) to work on /Library/Frameworks/Python.framework/Versions/3.11/lib/python3.11/site-packages/airflow/example_dags/example_time_delta_sensor_async.py
[2025-12-04T18:37:06.338+0500] {processor.py:830} INFO - Processing file /Library/Frameworks/Python.framework/Versions/3.11/lib/python3.11/site-packages/airflow/example_dags/example_time_delta_sensor_async.py for tasks to queue
[2025-12-04T18:37:06.339+0500] {logging_mixin.py:188} INFO - [2025-12-04T18:37:06.339+0500] {dagbag.py:545} INFO - Filling up the DagBag from /Library/Frameworks/Python.framework/Versions/3.11/lib/python3.11/site-packages/airflow/example_dags/example_time_delta_sensor_async.py
[2025-12-04T18:37:06.358+0500] {processor.py:840} INFO - DAG(s) 'example_time_delta_sensor_async' retrieved from /Library/Frameworks/Python.framework/Versions/3.11/lib/python3.11/site-packages/airflow/example_dags/example_time_delta_sensor_async.py
[2025-12-04T18:37:06.478+0500] {logging_mixin.py:188} INFO - [2025-12-04T18:37:06.477+0500] {dag.py:3089} INFO - Sync 1 DAGs
[2025-12-04T18:37:06.487+0500] {logging_mixin.py:188} INFO - [2025-12-04T18:37:06.486+0500] {dag.py:3947} INFO - Setting next_dagrun for example_time_delta_sensor_async to None, run_after=None
[2025-12-04T18:37:06.507+0500] {processor.py:183} INFO - Processing /Library/Frameworks/Python.framework/Versions/3.11/lib/python3.11/site-packages/airflow/example_dags/example_time_delta_sensor_async.py took 0.174 seconds
[2025-12-04T18:38:58.397+0500] {processor.py:161} INFO - Started process (PID=12540) to work on /Library/Frameworks/Python.framework/Versions/3.11/lib/python3.11/site-packages/airflow/example_dags/example_time_delta_sensor_async.py
[2025-12-04T18:38:58.399+0500] {processor.py:830} INFO - Processing file /Library/Frameworks/Python.framework/Versions/3.11/lib/python3.11/site-packages/airflow/example_dags/example_time_delta_sensor_async.py for tasks to queue
[2025-12-04T18:38:58.400+0500] {logging_mixin.py:188} INFO - [2025-12-04T18:38:58.400+0500] {dagbag.py:545} INFO - Filling up the DagBag from /Library/Frameworks/Python.framework/Versions/3.11/lib/python3.11/site-packages/airflow/example_dags/example_time_delta_sensor_async.py
[2025-12-04T18:38:58.418+0500] {processor.py:840} INFO - DAG(s) 'example_time_delta_sensor_async' retrieved from /Library/Frameworks/Python.framework/Versions/3.11/lib/python3.11/site-packages/airflow/example_dags/example_time_delta_sensor_async.py
[2025-12-04T18:38:58.537+0500] {logging_mixin.py:188} INFO - [2025-12-04T18:38:58.537+0500] {dag.py:3089} INFO - Sync 1 DAGs
[2025-12-04T18:38:58.547+0500] {logging_mixin.py:188} INFO - [2025-12-04T18:38:58.547+0500] {dag.py:3947} INFO - Setting next_dagrun for example_time_delta_sensor_async to None, run_after=None
[2025-12-04T18:38:58.568+0500] {processor.py:183} INFO - Processing /Library/Frameworks/Python.framework/Versions/3.11/lib/python3.11/site-packages/airflow/example_dags/example_time_delta_sensor_async.py took 0.175 seconds
[2025-12-04T18:40:58.782+0500] {processor.py:161} INFO - Started process (PID=12638) to work on /Library/Frameworks/Python.framework/Versions/3.11/lib/python3.11/site-packages/airflow/example_dags/example_time_delta_sensor_async.py
[2025-12-04T18:40:58.785+0500] {processor.py:830} INFO - Processing file /Library/Frameworks/Python.framework/Versions/3.11/lib/python3.11/site-packages/airflow/example_dags/example_time_delta_sensor_async.py for tasks to queue
[2025-12-04T18:40:58.786+0500] {logging_mixin.py:188} INFO - [2025-12-04T18:40:58.785+0500] {dagbag.py:545} INFO - Filling up the DagBag from /Library/Frameworks/Python.framework/Versions/3.11/lib/python3.11/site-packages/airflow/example_dags/example_time_delta_sensor_async.py
[2025-12-04T18:40:58.800+0500] {processor.py:840} INFO - DAG(s) 'example_time_delta_sensor_async' retrieved from /Library/Frameworks/Python.framework/Versions/3.11/lib/python3.11/site-packages/airflow/example_dags/example_time_delta_sensor_async.py
[2025-12-04T18:40:58.919+0500] {logging_mixin.py:188} INFO - [2025-12-04T18:40:58.918+0500] {dag.py:3089} INFO - Sync 1 DAGs
[2025-12-04T18:40:58.928+0500] {logging_mixin.py:188} INFO - [2025-12-04T18:40:58.928+0500] {dag.py:3947} INFO - Setting next_dagrun for example_time_delta_sensor_async to None, run_after=None
[2025-12-04T18:40:58.949+0500] {processor.py:183} INFO - Processing /Library/Frameworks/Python.framework/Versions/3.11/lib/python3.11/site-packages/airflow/example_dags/example_time_delta_sensor_async.py took 0.169 seconds
[2025-12-04T18:43:11.248+0500] {processor.py:161} INFO - Started process (PID=12716) to work on /Library/Frameworks/Python.framework/Versions/3.11/lib/python3.11/site-packages/airflow/example_dags/example_time_delta_sensor_async.py
[2025-12-04T18:43:11.250+0500] {processor.py:830} INFO - Processing file /Library/Frameworks/Python.framework/Versions/3.11/lib/python3.11/site-packages/airflow/example_dags/example_time_delta_sensor_async.py for tasks to queue
[2025-12-04T18:43:11.251+0500] {logging_mixin.py:188} INFO - [2025-12-04T18:43:11.251+0500] {dagbag.py:545} INFO - Filling up the DagBag from /Library/Frameworks/Python.framework/Versions/3.11/lib/python3.11/site-packages/airflow/example_dags/example_time_delta_sensor_async.py
[2025-12-04T18:43:11.265+0500] {processor.py:840} INFO - DAG(s) 'example_time_delta_sensor_async' retrieved from /Library/Frameworks/Python.framework/Versions/3.11/lib/python3.11/site-packages/airflow/example_dags/example_time_delta_sensor_async.py
[2025-12-04T18:43:11.411+0500] {logging_mixin.py:188} INFO - [2025-12-04T18:43:11.411+0500] {dag.py:3089} INFO - Sync 1 DAGs
[2025-12-04T18:43:11.426+0500] {logging_mixin.py:188} INFO - [2025-12-04T18:43:11.426+0500] {dag.py:3947} INFO - Setting next_dagrun for example_time_delta_sensor_async to None, run_after=None
[2025-12-04T18:43:11.450+0500] {processor.py:183} INFO - Processing /Library/Frameworks/Python.framework/Versions/3.11/lib/python3.11/site-packages/airflow/example_dags/example_time_delta_sensor_async.py took 0.204 seconds
[2025-12-04T18:45:19.200+0500] {processor.py:161} INFO - Started process (PID=12803) to work on /Library/Frameworks/Python.framework/Versions/3.11/lib/python3.11/site-packages/airflow/example_dags/example_time_delta_sensor_async.py
[2025-12-04T18:45:19.202+0500] {processor.py:830} INFO - Processing file /Library/Frameworks/Python.framework/Versions/3.11/lib/python3.11/site-packages/airflow/example_dags/example_time_delta_sensor_async.py for tasks to queue
[2025-12-04T18:45:19.203+0500] {logging_mixin.py:188} INFO - [2025-12-04T18:45:19.203+0500] {dagbag.py:545} INFO - Filling up the DagBag from /Library/Frameworks/Python.framework/Versions/3.11/lib/python3.11/site-packages/airflow/example_dags/example_time_delta_sensor_async.py
[2025-12-04T18:45:19.215+0500] {processor.py:840} INFO - DAG(s) 'example_time_delta_sensor_async' retrieved from /Library/Frameworks/Python.framework/Versions/3.11/lib/python3.11/site-packages/airflow/example_dags/example_time_delta_sensor_async.py
[2025-12-04T18:45:19.340+0500] {logging_mixin.py:188} INFO - [2025-12-04T18:45:19.340+0500] {dag.py:3089} INFO - Sync 1 DAGs
[2025-12-04T18:45:19.350+0500] {logging_mixin.py:188} INFO - [2025-12-04T18:45:19.350+0500] {dag.py:3947} INFO - Setting next_dagrun for example_time_delta_sensor_async to None, run_after=None
[2025-12-04T18:45:19.371+0500] {processor.py:183} INFO - Processing /Library/Frameworks/Python.framework/Versions/3.11/lib/python3.11/site-packages/airflow/example_dags/example_time_delta_sensor_async.py took 0.173 seconds
[2025-12-04T18:47:18.283+0500] {processor.py:161} INFO - Started process (PID=12887) to work on /Library/Frameworks/Python.framework/Versions/3.11/lib/python3.11/site-packages/airflow/example_dags/example_time_delta_sensor_async.py
[2025-12-04T18:47:18.285+0500] {processor.py:830} INFO - Processing file /Library/Frameworks/Python.framework/Versions/3.11/lib/python3.11/site-packages/airflow/example_dags/example_time_delta_sensor_async.py for tasks to queue
[2025-12-04T18:47:18.286+0500] {logging_mixin.py:188} INFO - [2025-12-04T18:47:18.286+0500] {dagbag.py:545} INFO - Filling up the DagBag from /Library/Frameworks/Python.framework/Versions/3.11/lib/python3.11/site-packages/airflow/example_dags/example_time_delta_sensor_async.py
[2025-12-04T18:47:18.306+0500] {processor.py:840} INFO - DAG(s) 'example_time_delta_sensor_async' retrieved from /Library/Frameworks/Python.framework/Versions/3.11/lib/python3.11/site-packages/airflow/example_dags/example_time_delta_sensor_async.py
[2025-12-04T18:47:18.436+0500] {logging_mixin.py:188} INFO - [2025-12-04T18:47:18.436+0500] {dag.py:3089} INFO - Sync 1 DAGs
[2025-12-04T18:47:18.446+0500] {logging_mixin.py:188} INFO - [2025-12-04T18:47:18.445+0500] {dag.py:3947} INFO - Setting next_dagrun for example_time_delta_sensor_async to None, run_after=None
[2025-12-04T18:47:18.466+0500] {processor.py:183} INFO - Processing /Library/Frameworks/Python.framework/Versions/3.11/lib/python3.11/site-packages/airflow/example_dags/example_time_delta_sensor_async.py took 0.185 seconds
[2025-12-04T18:49:26.935+0500] {processor.py:161} INFO - Started process (PID=12956) to work on /Library/Frameworks/Python.framework/Versions/3.11/lib/python3.11/site-packages/airflow/example_dags/example_time_delta_sensor_async.py
[2025-12-04T18:49:26.938+0500] {processor.py:830} INFO - Processing file /Library/Frameworks/Python.framework/Versions/3.11/lib/python3.11/site-packages/airflow/example_dags/example_time_delta_sensor_async.py for tasks to queue
[2025-12-04T18:49:26.939+0500] {logging_mixin.py:188} INFO - [2025-12-04T18:49:26.938+0500] {dagbag.py:545} INFO - Filling up the DagBag from /Library/Frameworks/Python.framework/Versions/3.11/lib/python3.11/site-packages/airflow/example_dags/example_time_delta_sensor_async.py
[2025-12-04T18:49:26.953+0500] {processor.py:840} INFO - DAG(s) 'example_time_delta_sensor_async' retrieved from /Library/Frameworks/Python.framework/Versions/3.11/lib/python3.11/site-packages/airflow/example_dags/example_time_delta_sensor_async.py
[2025-12-04T18:49:27.077+0500] {logging_mixin.py:188} INFO - [2025-12-04T18:49:27.077+0500] {dag.py:3089} INFO - Sync 1 DAGs
[2025-12-04T18:49:27.086+0500] {logging_mixin.py:188} INFO - [2025-12-04T18:49:27.086+0500] {dag.py:3947} INFO - Setting next_dagrun for example_time_delta_sensor_async to None, run_after=None
[2025-12-04T18:49:27.108+0500] {processor.py:183} INFO - Processing /Library/Frameworks/Python.framework/Versions/3.11/lib/python3.11/site-packages/airflow/example_dags/example_time_delta_sensor_async.py took 0.176 seconds
[2025-12-04T18:51:44.990+0500] {processor.py:161} INFO - Started process (PID=13036) to work on /Library/Frameworks/Python.framework/Versions/3.11/lib/python3.11/site-packages/airflow/example_dags/example_time_delta_sensor_async.py
[2025-12-04T18:51:44.992+0500] {processor.py:830} INFO - Processing file /Library/Frameworks/Python.framework/Versions/3.11/lib/python3.11/site-packages/airflow/example_dags/example_time_delta_sensor_async.py for tasks to queue
[2025-12-04T18:51:44.993+0500] {logging_mixin.py:188} INFO - [2025-12-04T18:51:44.992+0500] {dagbag.py:545} INFO - Filling up the DagBag from /Library/Frameworks/Python.framework/Versions/3.11/lib/python3.11/site-packages/airflow/example_dags/example_time_delta_sensor_async.py
[2025-12-04T18:51:45.008+0500] {processor.py:840} INFO - DAG(s) 'example_time_delta_sensor_async' retrieved from /Library/Frameworks/Python.framework/Versions/3.11/lib/python3.11/site-packages/airflow/example_dags/example_time_delta_sensor_async.py
[2025-12-04T18:51:45.191+0500] {logging_mixin.py:188} INFO - [2025-12-04T18:51:45.190+0500] {dag.py:3089} INFO - Sync 1 DAGs
[2025-12-04T18:51:45.206+0500] {logging_mixin.py:188} INFO - [2025-12-04T18:51:45.206+0500] {dag.py:3947} INFO - Setting next_dagrun for example_time_delta_sensor_async to None, run_after=None
[2025-12-04T18:51:45.233+0500] {processor.py:183} INFO - Processing /Library/Frameworks/Python.framework/Versions/3.11/lib/python3.11/site-packages/airflow/example_dags/example_time_delta_sensor_async.py took 0.247 seconds
[2025-12-04T18:53:58.605+0500] {processor.py:161} INFO - Started process (PID=13127) to work on /Library/Frameworks/Python.framework/Versions/3.11/lib/python3.11/site-packages/airflow/example_dags/example_time_delta_sensor_async.py
[2025-12-04T18:53:58.607+0500] {processor.py:830} INFO - Processing file /Library/Frameworks/Python.framework/Versions/3.11/lib/python3.11/site-packages/airflow/example_dags/example_time_delta_sensor_async.py for tasks to queue
[2025-12-04T18:53:58.608+0500] {logging_mixin.py:188} INFO - [2025-12-04T18:53:58.608+0500] {dagbag.py:545} INFO - Filling up the DagBag from /Library/Frameworks/Python.framework/Versions/3.11/lib/python3.11/site-packages/airflow/example_dags/example_time_delta_sensor_async.py
[2025-12-04T18:53:58.628+0500] {processor.py:840} INFO - DAG(s) 'example_time_delta_sensor_async' retrieved from /Library/Frameworks/Python.framework/Versions/3.11/lib/python3.11/site-packages/airflow/example_dags/example_time_delta_sensor_async.py
[2025-12-04T18:53:58.770+0500] {logging_mixin.py:188} INFO - [2025-12-04T18:53:58.770+0500] {dag.py:3089} INFO - Sync 1 DAGs
[2025-12-04T18:53:58.780+0500] {logging_mixin.py:188} INFO - [2025-12-04T18:53:58.779+0500] {dag.py:3947} INFO - Setting next_dagrun for example_time_delta_sensor_async to None, run_after=None
[2025-12-04T18:53:58.805+0500] {processor.py:183} INFO - Processing /Library/Frameworks/Python.framework/Versions/3.11/lib/python3.11/site-packages/airflow/example_dags/example_time_delta_sensor_async.py took 0.204 seconds
[2025-12-04T19:33:24.825+0500] {processor.py:161} INFO - Started process (PID=14560) to work on /Library/Frameworks/Python.framework/Versions/3.11/lib/python3.11/site-packages/airflow/example_dags/example_time_delta_sensor_async.py
[2025-12-04T19:33:24.827+0500] {processor.py:830} INFO - Processing file /Library/Frameworks/Python.framework/Versions/3.11/lib/python3.11/site-packages/airflow/example_dags/example_time_delta_sensor_async.py for tasks to queue
[2025-12-04T19:33:24.828+0500] {logging_mixin.py:188} INFO - [2025-12-04T19:33:24.828+0500] {dagbag.py:545} INFO - Filling up the DagBag from /Library/Frameworks/Python.framework/Versions/3.11/lib/python3.11/site-packages/airflow/example_dags/example_time_delta_sensor_async.py
[2025-12-04T19:33:24.841+0500] {processor.py:840} INFO - DAG(s) 'example_time_delta_sensor_async' retrieved from /Library/Frameworks/Python.framework/Versions/3.11/lib/python3.11/site-packages/airflow/example_dags/example_time_delta_sensor_async.py
[2025-12-04T19:33:24.996+0500] {logging_mixin.py:188} INFO - [2025-12-04T19:33:24.996+0500] {dag.py:3089} INFO - Sync 1 DAGs
[2025-12-04T19:33:25.009+0500] {logging_mixin.py:188} INFO - [2025-12-04T19:33:25.008+0500] {dag.py:3947} INFO - Setting next_dagrun for example_time_delta_sensor_async to None, run_after=None
[2025-12-04T19:33:25.034+0500] {processor.py:183} INFO - Processing /Library/Frameworks/Python.framework/Versions/3.11/lib/python3.11/site-packages/airflow/example_dags/example_time_delta_sensor_async.py took 0.211 seconds
[2025-12-04T19:36:27.740+0500] {processor.py:161} INFO - Started process (PID=14705) to work on /Library/Frameworks/Python.framework/Versions/3.11/lib/python3.11/site-packages/airflow/example_dags/example_time_delta_sensor_async.py
[2025-12-04T19:36:27.744+0500] {processor.py:830} INFO - Processing file /Library/Frameworks/Python.framework/Versions/3.11/lib/python3.11/site-packages/airflow/example_dags/example_time_delta_sensor_async.py for tasks to queue
[2025-12-04T19:36:27.745+0500] {logging_mixin.py:188} INFO - [2025-12-04T19:36:27.744+0500] {dagbag.py:545} INFO - Filling up the DagBag from /Library/Frameworks/Python.framework/Versions/3.11/lib/python3.11/site-packages/airflow/example_dags/example_time_delta_sensor_async.py
[2025-12-04T19:36:27.755+0500] {processor.py:840} INFO - DAG(s) 'example_time_delta_sensor_async' retrieved from /Library/Frameworks/Python.framework/Versions/3.11/lib/python3.11/site-packages/airflow/example_dags/example_time_delta_sensor_async.py
[2025-12-04T19:36:27.876+0500] {logging_mixin.py:188} INFO - [2025-12-04T19:36:27.876+0500] {dag.py:3089} INFO - Sync 1 DAGs
[2025-12-04T19:36:27.885+0500] {logging_mixin.py:188} INFO - [2025-12-04T19:36:27.885+0500] {dag.py:3947} INFO - Setting next_dagrun for example_time_delta_sensor_async to None, run_after=None
[2025-12-04T19:36:27.909+0500] {processor.py:183} INFO - Processing /Library/Frameworks/Python.framework/Versions/3.11/lib/python3.11/site-packages/airflow/example_dags/example_time_delta_sensor_async.py took 0.173 seconds
[2025-12-04T19:38:35.185+0500] {processor.py:161} INFO - Started process (PID=14777) to work on /Library/Frameworks/Python.framework/Versions/3.11/lib/python3.11/site-packages/airflow/example_dags/example_time_delta_sensor_async.py
[2025-12-04T19:38:35.186+0500] {processor.py:830} INFO - Processing file /Library/Frameworks/Python.framework/Versions/3.11/lib/python3.11/site-packages/airflow/example_dags/example_time_delta_sensor_async.py for tasks to queue
[2025-12-04T19:38:35.187+0500] {logging_mixin.py:188} INFO - [2025-12-04T19:38:35.187+0500] {dagbag.py:545} INFO - Filling up the DagBag from /Library/Frameworks/Python.framework/Versions/3.11/lib/python3.11/site-packages/airflow/example_dags/example_time_delta_sensor_async.py
[2025-12-04T19:38:35.196+0500] {processor.py:840} INFO - DAG(s) 'example_time_delta_sensor_async' retrieved from /Library/Frameworks/Python.framework/Versions/3.11/lib/python3.11/site-packages/airflow/example_dags/example_time_delta_sensor_async.py
[2025-12-04T19:38:35.318+0500] {logging_mixin.py:188} INFO - [2025-12-04T19:38:35.317+0500] {dag.py:3089} INFO - Sync 1 DAGs
[2025-12-04T19:38:35.327+0500] {logging_mixin.py:188} INFO - [2025-12-04T19:38:35.327+0500] {dag.py:3947} INFO - Setting next_dagrun for example_time_delta_sensor_async to None, run_after=None
[2025-12-04T19:38:35.348+0500] {processor.py:183} INFO - Processing /Library/Frameworks/Python.framework/Versions/3.11/lib/python3.11/site-packages/airflow/example_dags/example_time_delta_sensor_async.py took 0.165 seconds
[2025-12-04T19:40:44.396+0500] {processor.py:161} INFO - Started process (PID=14867) to work on /Library/Frameworks/Python.framework/Versions/3.11/lib/python3.11/site-packages/airflow/example_dags/example_time_delta_sensor_async.py
[2025-12-04T19:40:44.398+0500] {processor.py:830} INFO - Processing file /Library/Frameworks/Python.framework/Versions/3.11/lib/python3.11/site-packages/airflow/example_dags/example_time_delta_sensor_async.py for tasks to queue
[2025-12-04T19:40:44.399+0500] {logging_mixin.py:188} INFO - [2025-12-04T19:40:44.399+0500] {dagbag.py:545} INFO - Filling up the DagBag from /Library/Frameworks/Python.framework/Versions/3.11/lib/python3.11/site-packages/airflow/example_dags/example_time_delta_sensor_async.py
[2025-12-04T19:40:44.413+0500] {processor.py:840} INFO - DAG(s) 'example_time_delta_sensor_async' retrieved from /Library/Frameworks/Python.framework/Versions/3.11/lib/python3.11/site-packages/airflow/example_dags/example_time_delta_sensor_async.py
[2025-12-04T19:40:44.534+0500] {logging_mixin.py:188} INFO - [2025-12-04T19:40:44.534+0500] {dag.py:3089} INFO - Sync 1 DAGs
[2025-12-04T19:40:44.546+0500] {logging_mixin.py:188} INFO - [2025-12-04T19:40:44.545+0500] {dag.py:3947} INFO - Setting next_dagrun for example_time_delta_sensor_async to None, run_after=None
[2025-12-04T19:40:44.566+0500] {processor.py:183} INFO - Processing /Library/Frameworks/Python.framework/Versions/3.11/lib/python3.11/site-packages/airflow/example_dags/example_time_delta_sensor_async.py took 0.173 seconds
[2025-12-04T19:42:58.040+0500] {processor.py:161} INFO - Started process (PID=14940) to work on /Library/Frameworks/Python.framework/Versions/3.11/lib/python3.11/site-packages/airflow/example_dags/example_time_delta_sensor_async.py
[2025-12-04T19:42:58.042+0500] {processor.py:830} INFO - Processing file /Library/Frameworks/Python.framework/Versions/3.11/lib/python3.11/site-packages/airflow/example_dags/example_time_delta_sensor_async.py for tasks to queue
[2025-12-04T19:42:58.044+0500] {logging_mixin.py:188} INFO - [2025-12-04T19:42:58.044+0500] {dagbag.py:545} INFO - Filling up the DagBag from /Library/Frameworks/Python.framework/Versions/3.11/lib/python3.11/site-packages/airflow/example_dags/example_time_delta_sensor_async.py
[2025-12-04T19:42:58.062+0500] {processor.py:840} INFO - DAG(s) 'example_time_delta_sensor_async' retrieved from /Library/Frameworks/Python.framework/Versions/3.11/lib/python3.11/site-packages/airflow/example_dags/example_time_delta_sensor_async.py
[2025-12-04T19:42:58.217+0500] {logging_mixin.py:188} INFO - [2025-12-04T19:42:58.217+0500] {dag.py:3089} INFO - Sync 1 DAGs
[2025-12-04T19:42:58.234+0500] {logging_mixin.py:188} INFO - [2025-12-04T19:42:58.234+0500] {dag.py:3947} INFO - Setting next_dagrun for example_time_delta_sensor_async to None, run_after=None
[2025-12-04T19:42:58.271+0500] {processor.py:183} INFO - Processing /Library/Frameworks/Python.framework/Versions/3.11/lib/python3.11/site-packages/airflow/example_dags/example_time_delta_sensor_async.py took 0.233 seconds
[2025-12-04T19:45:23.283+0500] {processor.py:161} INFO - Started process (PID=15017) to work on /Library/Frameworks/Python.framework/Versions/3.11/lib/python3.11/site-packages/airflow/example_dags/example_time_delta_sensor_async.py
[2025-12-04T19:45:23.285+0500] {processor.py:830} INFO - Processing file /Library/Frameworks/Python.framework/Versions/3.11/lib/python3.11/site-packages/airflow/example_dags/example_time_delta_sensor_async.py for tasks to queue
[2025-12-04T19:45:23.286+0500] {logging_mixin.py:188} INFO - [2025-12-04T19:45:23.285+0500] {dagbag.py:545} INFO - Filling up the DagBag from /Library/Frameworks/Python.framework/Versions/3.11/lib/python3.11/site-packages/airflow/example_dags/example_time_delta_sensor_async.py
[2025-12-04T19:45:23.301+0500] {processor.py:840} INFO - DAG(s) 'example_time_delta_sensor_async' retrieved from /Library/Frameworks/Python.framework/Versions/3.11/lib/python3.11/site-packages/airflow/example_dags/example_time_delta_sensor_async.py
[2025-12-04T19:45:23.427+0500] {logging_mixin.py:188} INFO - [2025-12-04T19:45:23.426+0500] {dag.py:3089} INFO - Sync 1 DAGs
[2025-12-04T19:45:23.438+0500] {logging_mixin.py:188} INFO - [2025-12-04T19:45:23.437+0500] {dag.py:3947} INFO - Setting next_dagrun for example_time_delta_sensor_async to None, run_after=None
[2025-12-04T19:45:23.459+0500] {processor.py:183} INFO - Processing /Library/Frameworks/Python.framework/Versions/3.11/lib/python3.11/site-packages/airflow/example_dags/example_time_delta_sensor_async.py took 0.179 seconds
[2025-12-04T19:47:46.484+0500] {processor.py:161} INFO - Started process (PID=15114) to work on /Library/Frameworks/Python.framework/Versions/3.11/lib/python3.11/site-packages/airflow/example_dags/example_time_delta_sensor_async.py
[2025-12-04T19:47:46.486+0500] {processor.py:830} INFO - Processing file /Library/Frameworks/Python.framework/Versions/3.11/lib/python3.11/site-packages/airflow/example_dags/example_time_delta_sensor_async.py for tasks to queue
[2025-12-04T19:47:46.487+0500] {logging_mixin.py:188} INFO - [2025-12-04T19:47:46.487+0500] {dagbag.py:545} INFO - Filling up the DagBag from /Library/Frameworks/Python.framework/Versions/3.11/lib/python3.11/site-packages/airflow/example_dags/example_time_delta_sensor_async.py
[2025-12-04T19:47:46.508+0500] {processor.py:840} INFO - DAG(s) 'example_time_delta_sensor_async' retrieved from /Library/Frameworks/Python.framework/Versions/3.11/lib/python3.11/site-packages/airflow/example_dags/example_time_delta_sensor_async.py
[2025-12-04T19:47:46.706+0500] {logging_mixin.py:188} INFO - [2025-12-04T19:47:46.706+0500] {dag.py:3089} INFO - Sync 1 DAGs
[2025-12-04T19:47:46.720+0500] {logging_mixin.py:188} INFO - [2025-12-04T19:47:46.719+0500] {dag.py:3947} INFO - Setting next_dagrun for example_time_delta_sensor_async to None, run_after=None
[2025-12-04T19:47:46.748+0500] {processor.py:183} INFO - Processing /Library/Frameworks/Python.framework/Versions/3.11/lib/python3.11/site-packages/airflow/example_dags/example_time_delta_sensor_async.py took 0.270 seconds
[2025-12-04T19:49:53.053+0500] {processor.py:161} INFO - Started process (PID=15183) to work on /Library/Frameworks/Python.framework/Versions/3.11/lib/python3.11/site-packages/airflow/example_dags/example_time_delta_sensor_async.py
[2025-12-04T19:49:53.055+0500] {processor.py:830} INFO - Processing file /Library/Frameworks/Python.framework/Versions/3.11/lib/python3.11/site-packages/airflow/example_dags/example_time_delta_sensor_async.py for tasks to queue
[2025-12-04T19:49:53.056+0500] {logging_mixin.py:188} INFO - [2025-12-04T19:49:53.056+0500] {dagbag.py:545} INFO - Filling up the DagBag from /Library/Frameworks/Python.framework/Versions/3.11/lib/python3.11/site-packages/airflow/example_dags/example_time_delta_sensor_async.py
[2025-12-04T19:49:53.072+0500] {processor.py:840} INFO - DAG(s) 'example_time_delta_sensor_async' retrieved from /Library/Frameworks/Python.framework/Versions/3.11/lib/python3.11/site-packages/airflow/example_dags/example_time_delta_sensor_async.py
[2025-12-04T19:49:53.191+0500] {logging_mixin.py:188} INFO - [2025-12-04T19:49:53.191+0500] {dag.py:3089} INFO - Sync 1 DAGs
[2025-12-04T19:49:53.200+0500] {logging_mixin.py:188} INFO - [2025-12-04T19:49:53.200+0500] {dag.py:3947} INFO - Setting next_dagrun for example_time_delta_sensor_async to None, run_after=None
[2025-12-04T19:49:53.220+0500] {processor.py:183} INFO - Processing /Library/Frameworks/Python.framework/Versions/3.11/lib/python3.11/site-packages/airflow/example_dags/example_time_delta_sensor_async.py took 0.170 seconds
[2025-12-04T19:51:49.867+0500] {processor.py:161} INFO - Started process (PID=15248) to work on /Library/Frameworks/Python.framework/Versions/3.11/lib/python3.11/site-packages/airflow/example_dags/example_time_delta_sensor_async.py
[2025-12-04T19:51:49.869+0500] {processor.py:830} INFO - Processing file /Library/Frameworks/Python.framework/Versions/3.11/lib/python3.11/site-packages/airflow/example_dags/example_time_delta_sensor_async.py for tasks to queue
[2025-12-04T19:51:49.871+0500] {logging_mixin.py:188} INFO - [2025-12-04T19:51:49.870+0500] {dagbag.py:545} INFO - Filling up the DagBag from /Library/Frameworks/Python.framework/Versions/3.11/lib/python3.11/site-packages/airflow/example_dags/example_time_delta_sensor_async.py
[2025-12-04T19:51:49.886+0500] {processor.py:840} INFO - DAG(s) 'example_time_delta_sensor_async' retrieved from /Library/Frameworks/Python.framework/Versions/3.11/lib/python3.11/site-packages/airflow/example_dags/example_time_delta_sensor_async.py
[2025-12-04T19:51:50.010+0500] {logging_mixin.py:188} INFO - [2025-12-04T19:51:50.009+0500] {dag.py:3089} INFO - Sync 1 DAGs
[2025-12-04T19:51:50.020+0500] {logging_mixin.py:188} INFO - [2025-12-04T19:51:50.020+0500] {dag.py:3947} INFO - Setting next_dagrun for example_time_delta_sensor_async to None, run_after=None
[2025-12-04T19:51:50.063+0500] {processor.py:183} INFO - Processing /Library/Frameworks/Python.framework/Versions/3.11/lib/python3.11/site-packages/airflow/example_dags/example_time_delta_sensor_async.py took 0.198 seconds
[2025-12-04T19:53:48.778+0500] {processor.py:161} INFO - Started process (PID=15362) to work on /Library/Frameworks/Python.framework/Versions/3.11/lib/python3.11/site-packages/airflow/example_dags/example_time_delta_sensor_async.py
[2025-12-04T19:53:48.780+0500] {processor.py:830} INFO - Processing file /Library/Frameworks/Python.framework/Versions/3.11/lib/python3.11/site-packages/airflow/example_dags/example_time_delta_sensor_async.py for tasks to queue
[2025-12-04T19:53:48.781+0500] {logging_mixin.py:188} INFO - [2025-12-04T19:53:48.781+0500] {dagbag.py:545} INFO - Filling up the DagBag from /Library/Frameworks/Python.framework/Versions/3.11/lib/python3.11/site-packages/airflow/example_dags/example_time_delta_sensor_async.py
[2025-12-04T19:53:48.791+0500] {processor.py:840} INFO - DAG(s) 'example_time_delta_sensor_async' retrieved from /Library/Frameworks/Python.framework/Versions/3.11/lib/python3.11/site-packages/airflow/example_dags/example_time_delta_sensor_async.py
[2025-12-04T19:53:48.912+0500] {logging_mixin.py:188} INFO - [2025-12-04T19:53:48.911+0500] {dag.py:3089} INFO - Sync 1 DAGs
[2025-12-04T19:53:48.921+0500] {logging_mixin.py:188} INFO - [2025-12-04T19:53:48.921+0500] {dag.py:3947} INFO - Setting next_dagrun for example_time_delta_sensor_async to None, run_after=None
[2025-12-04T19:53:48.941+0500] {processor.py:183} INFO - Processing /Library/Frameworks/Python.framework/Versions/3.11/lib/python3.11/site-packages/airflow/example_dags/example_time_delta_sensor_async.py took 0.165 seconds
[2025-12-04T19:55:44.260+0500] {processor.py:161} INFO - Started process (PID=15427) to work on /Library/Frameworks/Python.framework/Versions/3.11/lib/python3.11/site-packages/airflow/example_dags/example_time_delta_sensor_async.py
[2025-12-04T19:55:44.262+0500] {processor.py:830} INFO - Processing file /Library/Frameworks/Python.framework/Versions/3.11/lib/python3.11/site-packages/airflow/example_dags/example_time_delta_sensor_async.py for tasks to queue
[2025-12-04T19:55:44.263+0500] {logging_mixin.py:188} INFO - [2025-12-04T19:55:44.263+0500] {dagbag.py:545} INFO - Filling up the DagBag from /Library/Frameworks/Python.framework/Versions/3.11/lib/python3.11/site-packages/airflow/example_dags/example_time_delta_sensor_async.py
[2025-12-04T19:55:44.274+0500] {processor.py:840} INFO - DAG(s) 'example_time_delta_sensor_async' retrieved from /Library/Frameworks/Python.framework/Versions/3.11/lib/python3.11/site-packages/airflow/example_dags/example_time_delta_sensor_async.py
[2025-12-04T19:55:44.396+0500] {logging_mixin.py:188} INFO - [2025-12-04T19:55:44.396+0500] {dag.py:3089} INFO - Sync 1 DAGs
[2025-12-04T19:55:44.406+0500] {logging_mixin.py:188} INFO - [2025-12-04T19:55:44.406+0500] {dag.py:3947} INFO - Setting next_dagrun for example_time_delta_sensor_async to None, run_after=None
[2025-12-04T19:55:44.427+0500] {processor.py:183} INFO - Processing /Library/Frameworks/Python.framework/Versions/3.11/lib/python3.11/site-packages/airflow/example_dags/example_time_delta_sensor_async.py took 0.171 seconds
[2025-12-04T19:57:36.818+0500] {processor.py:161} INFO - Started process (PID=15491) to work on /Library/Frameworks/Python.framework/Versions/3.11/lib/python3.11/site-packages/airflow/example_dags/example_time_delta_sensor_async.py
[2025-12-04T19:57:36.820+0500] {processor.py:830} INFO - Processing file /Library/Frameworks/Python.framework/Versions/3.11/lib/python3.11/site-packages/airflow/example_dags/example_time_delta_sensor_async.py for tasks to queue
[2025-12-04T19:57:36.821+0500] {logging_mixin.py:188} INFO - [2025-12-04T19:57:36.820+0500] {dagbag.py:545} INFO - Filling up the DagBag from /Library/Frameworks/Python.framework/Versions/3.11/lib/python3.11/site-packages/airflow/example_dags/example_time_delta_sensor_async.py
[2025-12-04T19:57:36.835+0500] {processor.py:840} INFO - DAG(s) 'example_time_delta_sensor_async' retrieved from /Library/Frameworks/Python.framework/Versions/3.11/lib/python3.11/site-packages/airflow/example_dags/example_time_delta_sensor_async.py
[2025-12-04T19:57:36.956+0500] {logging_mixin.py:188} INFO - [2025-12-04T19:57:36.956+0500] {dag.py:3089} INFO - Sync 1 DAGs
[2025-12-04T19:57:36.965+0500] {logging_mixin.py:188} INFO - [2025-12-04T19:57:36.965+0500] {dag.py:3947} INFO - Setting next_dagrun for example_time_delta_sensor_async to None, run_after=None
[2025-12-04T19:57:36.985+0500] {processor.py:183} INFO - Processing /Library/Frameworks/Python.framework/Versions/3.11/lib/python3.11/site-packages/airflow/example_dags/example_time_delta_sensor_async.py took 0.171 seconds
[2025-12-04T20:41:32.311+0500] {processor.py:161} INFO - Started process (PID=15601) to work on /Library/Frameworks/Python.framework/Versions/3.11/lib/python3.11/site-packages/airflow/example_dags/example_time_delta_sensor_async.py
[2025-12-04T20:41:32.313+0500] {processor.py:830} INFO - Processing file /Library/Frameworks/Python.framework/Versions/3.11/lib/python3.11/site-packages/airflow/example_dags/example_time_delta_sensor_async.py for tasks to queue
[2025-12-04T20:41:32.314+0500] {logging_mixin.py:188} INFO - [2025-12-04T20:41:32.314+0500] {dagbag.py:545} INFO - Filling up the DagBag from /Library/Frameworks/Python.framework/Versions/3.11/lib/python3.11/site-packages/airflow/example_dags/example_time_delta_sensor_async.py
[2025-12-04T20:41:32.332+0500] {processor.py:840} INFO - DAG(s) 'example_time_delta_sensor_async' retrieved from /Library/Frameworks/Python.framework/Versions/3.11/lib/python3.11/site-packages/airflow/example_dags/example_time_delta_sensor_async.py
[2025-12-04T20:41:32.520+0500] {logging_mixin.py:188} INFO - [2025-12-04T20:41:32.519+0500] {dag.py:3089} INFO - Sync 1 DAGs
[2025-12-04T20:41:32.531+0500] {logging_mixin.py:188} INFO - [2025-12-04T20:41:32.530+0500] {dag.py:3947} INFO - Setting next_dagrun for example_time_delta_sensor_async to None, run_after=None
[2025-12-04T20:41:32.566+0500] {processor.py:183} INFO - Processing /Library/Frameworks/Python.framework/Versions/3.11/lib/python3.11/site-packages/airflow/example_dags/example_time_delta_sensor_async.py took 0.260 seconds
[2025-12-04T20:44:33.091+0500] {processor.py:161} INFO - Started process (PID=15768) to work on /Library/Frameworks/Python.framework/Versions/3.11/lib/python3.11/site-packages/airflow/example_dags/example_time_delta_sensor_async.py
[2025-12-04T20:44:33.093+0500] {processor.py:830} INFO - Processing file /Library/Frameworks/Python.framework/Versions/3.11/lib/python3.11/site-packages/airflow/example_dags/example_time_delta_sensor_async.py for tasks to queue
[2025-12-04T20:44:33.094+0500] {logging_mixin.py:188} INFO - [2025-12-04T20:44:33.093+0500] {dagbag.py:545} INFO - Filling up the DagBag from /Library/Frameworks/Python.framework/Versions/3.11/lib/python3.11/site-packages/airflow/example_dags/example_time_delta_sensor_async.py
[2025-12-04T20:44:33.118+0500] {processor.py:840} INFO - DAG(s) 'example_time_delta_sensor_async' retrieved from /Library/Frameworks/Python.framework/Versions/3.11/lib/python3.11/site-packages/airflow/example_dags/example_time_delta_sensor_async.py
[2025-12-04T20:44:33.324+0500] {logging_mixin.py:188} INFO - [2025-12-04T20:44:33.324+0500] {dag.py:3089} INFO - Sync 1 DAGs
[2025-12-04T20:44:33.339+0500] {logging_mixin.py:188} INFO - [2025-12-04T20:44:33.339+0500] {dag.py:3947} INFO - Setting next_dagrun for example_time_delta_sensor_async to None, run_after=None
[2025-12-04T20:44:33.380+0500] {processor.py:183} INFO - Processing /Library/Frameworks/Python.framework/Versions/3.11/lib/python3.11/site-packages/airflow/example_dags/example_time_delta_sensor_async.py took 0.294 seconds
[2025-12-04T20:47:04.950+0500] {processor.py:161} INFO - Started process (PID=15846) to work on /Library/Frameworks/Python.framework/Versions/3.11/lib/python3.11/site-packages/airflow/example_dags/example_time_delta_sensor_async.py
[2025-12-04T20:47:04.950+0500] {processor.py:830} INFO - Processing file /Library/Frameworks/Python.framework/Versions/3.11/lib/python3.11/site-packages/airflow/example_dags/example_time_delta_sensor_async.py for tasks to queue
[2025-12-04T20:47:04.951+0500] {logging_mixin.py:188} INFO - [2025-12-04T20:47:04.951+0500] {dagbag.py:545} INFO - Filling up the DagBag from /Library/Frameworks/Python.framework/Versions/3.11/lib/python3.11/site-packages/airflow/example_dags/example_time_delta_sensor_async.py
[2025-12-04T20:47:04.960+0500] {processor.py:840} INFO - DAG(s) 'example_time_delta_sensor_async' retrieved from /Library/Frameworks/Python.framework/Versions/3.11/lib/python3.11/site-packages/airflow/example_dags/example_time_delta_sensor_async.py
[2025-12-04T20:47:05.085+0500] {logging_mixin.py:188} INFO - [2025-12-04T20:47:05.085+0500] {dag.py:3089} INFO - Sync 1 DAGs
[2025-12-04T20:47:05.095+0500] {logging_mixin.py:188} INFO - [2025-12-04T20:47:05.095+0500] {dag.py:3947} INFO - Setting next_dagrun for example_time_delta_sensor_async to None, run_after=None
[2025-12-04T20:47:05.116+0500] {processor.py:183} INFO - Processing /Library/Frameworks/Python.framework/Versions/3.11/lib/python3.11/site-packages/airflow/example_dags/example_time_delta_sensor_async.py took 0.169 seconds
[2025-12-04T20:49:23.544+0500] {processor.py:161} INFO - Started process (PID=15931) to work on /Library/Frameworks/Python.framework/Versions/3.11/lib/python3.11/site-packages/airflow/example_dags/example_time_delta_sensor_async.py
[2025-12-04T20:49:23.547+0500] {processor.py:830} INFO - Processing file /Library/Frameworks/Python.framework/Versions/3.11/lib/python3.11/site-packages/airflow/example_dags/example_time_delta_sensor_async.py for tasks to queue
[2025-12-04T20:49:23.548+0500] {logging_mixin.py:188} INFO - [2025-12-04T20:49:23.547+0500] {dagbag.py:545} INFO - Filling up the DagBag from /Library/Frameworks/Python.framework/Versions/3.11/lib/python3.11/site-packages/airflow/example_dags/example_time_delta_sensor_async.py
[2025-12-04T20:49:23.563+0500] {processor.py:840} INFO - DAG(s) 'example_time_delta_sensor_async' retrieved from /Library/Frameworks/Python.framework/Versions/3.11/lib/python3.11/site-packages/airflow/example_dags/example_time_delta_sensor_async.py
[2025-12-04T20:49:23.752+0500] {logging_mixin.py:188} INFO - [2025-12-04T20:49:23.751+0500] {dag.py:3089} INFO - Sync 1 DAGs
[2025-12-04T20:49:23.763+0500] {logging_mixin.py:188} INFO - [2025-12-04T20:49:23.762+0500] {dag.py:3947} INFO - Setting next_dagrun for example_time_delta_sensor_async to None, run_after=None
[2025-12-04T20:49:23.790+0500] {processor.py:183} INFO - Processing /Library/Frameworks/Python.framework/Versions/3.11/lib/python3.11/site-packages/airflow/example_dags/example_time_delta_sensor_async.py took 0.249 seconds
