[2025-12-04T18:20:47.795+0500] {processor.py:161} INFO - Started process (PID=11758) to work on /Library/Frameworks/Python.framework/Versions/3.11/lib/python3.11/site-packages/airflow/example_dags/example_bash_decorator.py
[2025-12-04T18:20:47.796+0500] {processor.py:830} INFO - Processing file /Library/Frameworks/Python.framework/Versions/3.11/lib/python3.11/site-packages/airflow/example_dags/example_bash_decorator.py for tasks to queue
[2025-12-04T18:20:47.797+0500] {logging_mixin.py:188} INFO - [2025-12-04T18:20:47.796+0500] {dagbag.py:545} INFO - Filling up the DagBag from /Library/Frameworks/Python.framework/Versions/3.11/lib/python3.11/site-packages/airflow/example_dags/example_bash_decorator.py
[2025-12-04T18:20:47.897+0500] {processor.py:840} INFO - DAG(s) 'example_bash_decorator' retrieved from /Library/Frameworks/Python.framework/Versions/3.11/lib/python3.11/site-packages/airflow/example_dags/example_bash_decorator.py
[2025-12-04T18:20:48.170+0500] {logging_mixin.py:188} INFO - [2025-12-04T18:20:48.169+0500] {override.py:1858} INFO - Created Permission View: can delete on DAG:example_bash_decorator
[2025-12-04T18:20:48.183+0500] {logging_mixin.py:188} INFO - [2025-12-04T18:20:48.183+0500] {override.py:1858} INFO - Created Permission View: can read on DAG:example_bash_decorator
[2025-12-04T18:20:48.191+0500] {logging_mixin.py:188} INFO - [2025-12-04T18:20:48.191+0500] {override.py:1858} INFO - Created Permission View: can edit on DAG:example_bash_decorator
[2025-12-04T18:20:48.192+0500] {logging_mixin.py:188} INFO - [2025-12-04T18:20:48.192+0500] {dag.py:3089} INFO - Sync 1 DAGs
[2025-12-04T18:20:48.202+0500] {logging_mixin.py:188} INFO - [2025-12-04T18:20:48.201+0500] {dag.py:3111} INFO - Creating ORM DAG for example_bash_decorator
[2025-12-04T18:20:48.202+0500] {logging_mixin.py:188} INFO - [2025-12-04T18:20:48.202+0500] {dag.py:3947} INFO - Setting next_dagrun for example_bash_decorator to None, run_after=None
[2025-12-04T18:20:48.225+0500] {processor.py:183} INFO - Processing /Library/Frameworks/Python.framework/Versions/3.11/lib/python3.11/site-packages/airflow/example_dags/example_bash_decorator.py took 0.433 seconds
[2025-12-04T18:24:50.628+0500] {processor.py:161} INFO - Started process (PID=11911) to work on /Library/Frameworks/Python.framework/Versions/3.11/lib/python3.11/site-packages/airflow/example_dags/example_bash_decorator.py
[2025-12-04T18:24:50.630+0500] {processor.py:830} INFO - Processing file /Library/Frameworks/Python.framework/Versions/3.11/lib/python3.11/site-packages/airflow/example_dags/example_bash_decorator.py for tasks to queue
[2025-12-04T18:24:50.631+0500] {logging_mixin.py:188} INFO - [2025-12-04T18:24:50.630+0500] {dagbag.py:545} INFO - Filling up the DagBag from /Library/Frameworks/Python.framework/Versions/3.11/lib/python3.11/site-packages/airflow/example_dags/example_bash_decorator.py
[2025-12-04T18:24:50.675+0500] {processor.py:840} INFO - DAG(s) 'example_bash_decorator' retrieved from /Library/Frameworks/Python.framework/Versions/3.11/lib/python3.11/site-packages/airflow/example_dags/example_bash_decorator.py
[2025-12-04T18:24:50.929+0500] {logging_mixin.py:188} INFO - [2025-12-04T18:24:50.929+0500] {dag.py:3089} INFO - Sync 1 DAGs
[2025-12-04T18:24:50.938+0500] {logging_mixin.py:188} INFO - [2025-12-04T18:24:50.938+0500] {dag.py:3947} INFO - Setting next_dagrun for example_bash_decorator to None, run_after=None
[2025-12-04T18:24:50.962+0500] {processor.py:183} INFO - Processing /Library/Frameworks/Python.framework/Versions/3.11/lib/python3.11/site-packages/airflow/example_dags/example_bash_decorator.py took 0.337 seconds
[2025-12-04T18:29:30.347+0500] {processor.py:161} INFO - Started process (PID=12159) to work on /Library/Frameworks/Python.framework/Versions/3.11/lib/python3.11/site-packages/airflow/example_dags/example_bash_decorator.py
[2025-12-04T18:29:30.349+0500] {processor.py:830} INFO - Processing file /Library/Frameworks/Python.framework/Versions/3.11/lib/python3.11/site-packages/airflow/example_dags/example_bash_decorator.py for tasks to queue
[2025-12-04T18:29:30.350+0500] {logging_mixin.py:188} INFO - [2025-12-04T18:29:30.350+0500] {dagbag.py:545} INFO - Filling up the DagBag from /Library/Frameworks/Python.framework/Versions/3.11/lib/python3.11/site-packages/airflow/example_dags/example_bash_decorator.py
[2025-12-04T18:29:30.395+0500] {processor.py:840} INFO - DAG(s) 'example_bash_decorator' retrieved from /Library/Frameworks/Python.framework/Versions/3.11/lib/python3.11/site-packages/airflow/example_dags/example_bash_decorator.py
[2025-12-04T18:29:30.939+0500] {logging_mixin.py:188} INFO - [2025-12-04T18:29:30.939+0500] {dag.py:3089} INFO - Sync 1 DAGs
[2025-12-04T18:29:30.951+0500] {logging_mixin.py:188} INFO - [2025-12-04T18:29:30.950+0500] {dag.py:3947} INFO - Setting next_dagrun for example_bash_decorator to None, run_after=None
[2025-12-04T18:29:30.979+0500] {processor.py:183} INFO - Processing /Library/Frameworks/Python.framework/Versions/3.11/lib/python3.11/site-packages/airflow/example_dags/example_bash_decorator.py took 0.634 seconds
[2025-12-04T18:34:22.400+0500] {processor.py:161} INFO - Started process (PID=12366) to work on /Library/Frameworks/Python.framework/Versions/3.11/lib/python3.11/site-packages/airflow/example_dags/example_bash_decorator.py
[2025-12-04T18:34:22.402+0500] {processor.py:830} INFO - Processing file /Library/Frameworks/Python.framework/Versions/3.11/lib/python3.11/site-packages/airflow/example_dags/example_bash_decorator.py for tasks to queue
[2025-12-04T18:34:22.403+0500] {logging_mixin.py:188} INFO - [2025-12-04T18:34:22.403+0500] {dagbag.py:545} INFO - Filling up the DagBag from /Library/Frameworks/Python.framework/Versions/3.11/lib/python3.11/site-packages/airflow/example_dags/example_bash_decorator.py
[2025-12-04T18:34:22.459+0500] {processor.py:840} INFO - DAG(s) 'example_bash_decorator' retrieved from /Library/Frameworks/Python.framework/Versions/3.11/lib/python3.11/site-packages/airflow/example_dags/example_bash_decorator.py
[2025-12-04T18:34:22.721+0500] {logging_mixin.py:188} INFO - [2025-12-04T18:34:22.720+0500] {dag.py:3089} INFO - Sync 1 DAGs
[2025-12-04T18:34:22.730+0500] {logging_mixin.py:188} INFO - [2025-12-04T18:34:22.729+0500] {dag.py:3947} INFO - Setting next_dagrun for example_bash_decorator to None, run_after=None
[2025-12-04T18:34:22.753+0500] {processor.py:183} INFO - Processing /Library/Frameworks/Python.framework/Versions/3.11/lib/python3.11/site-packages/airflow/example_dags/example_bash_decorator.py took 0.355 seconds
[2025-12-04T18:38:15.891+0500] {processor.py:161} INFO - Started process (PID=12516) to work on /Library/Frameworks/Python.framework/Versions/3.11/lib/python3.11/site-packages/airflow/example_dags/example_bash_decorator.py
[2025-12-04T18:38:15.893+0500] {processor.py:830} INFO - Processing file /Library/Frameworks/Python.framework/Versions/3.11/lib/python3.11/site-packages/airflow/example_dags/example_bash_decorator.py for tasks to queue
[2025-12-04T18:38:15.895+0500] {logging_mixin.py:188} INFO - [2025-12-04T18:38:15.894+0500] {dagbag.py:545} INFO - Filling up the DagBag from /Library/Frameworks/Python.framework/Versions/3.11/lib/python3.11/site-packages/airflow/example_dags/example_bash_decorator.py
[2025-12-04T18:38:15.944+0500] {processor.py:840} INFO - DAG(s) 'example_bash_decorator' retrieved from /Library/Frameworks/Python.framework/Versions/3.11/lib/python3.11/site-packages/airflow/example_dags/example_bash_decorator.py
[2025-12-04T18:38:16.219+0500] {logging_mixin.py:188} INFO - [2025-12-04T18:38:16.219+0500] {dag.py:3089} INFO - Sync 1 DAGs
[2025-12-04T18:38:16.228+0500] {logging_mixin.py:188} INFO - [2025-12-04T18:38:16.227+0500] {dag.py:3947} INFO - Setting next_dagrun for example_bash_decorator to None, run_after=None
[2025-12-04T18:38:16.255+0500] {processor.py:183} INFO - Processing /Library/Frameworks/Python.framework/Versions/3.11/lib/python3.11/site-packages/airflow/example_dags/example_bash_decorator.py took 0.367 seconds
[2025-12-04T18:42:20.396+0500] {processor.py:161} INFO - Started process (PID=12689) to work on /Library/Frameworks/Python.framework/Versions/3.11/lib/python3.11/site-packages/airflow/example_dags/example_bash_decorator.py
[2025-12-04T18:42:20.398+0500] {processor.py:830} INFO - Processing file /Library/Frameworks/Python.framework/Versions/3.11/lib/python3.11/site-packages/airflow/example_dags/example_bash_decorator.py for tasks to queue
[2025-12-04T18:42:20.399+0500] {logging_mixin.py:188} INFO - [2025-12-04T18:42:20.399+0500] {dagbag.py:545} INFO - Filling up the DagBag from /Library/Frameworks/Python.framework/Versions/3.11/lib/python3.11/site-packages/airflow/example_dags/example_bash_decorator.py
[2025-12-04T18:42:20.460+0500] {processor.py:840} INFO - DAG(s) 'example_bash_decorator' retrieved from /Library/Frameworks/Python.framework/Versions/3.11/lib/python3.11/site-packages/airflow/example_dags/example_bash_decorator.py
[2025-12-04T18:42:20.818+0500] {logging_mixin.py:188} INFO - [2025-12-04T18:42:20.818+0500] {dag.py:3089} INFO - Sync 1 DAGs
[2025-12-04T18:42:20.832+0500] {logging_mixin.py:188} INFO - [2025-12-04T18:42:20.832+0500] {dag.py:3947} INFO - Setting next_dagrun for example_bash_decorator to None, run_after=None
[2025-12-04T18:42:20.863+0500] {processor.py:183} INFO - Processing /Library/Frameworks/Python.framework/Versions/3.11/lib/python3.11/site-packages/airflow/example_dags/example_bash_decorator.py took 0.470 seconds
[2025-12-04T18:46:34.069+0500] {processor.py:161} INFO - Started process (PID=12863) to work on /Library/Frameworks/Python.framework/Versions/3.11/lib/python3.11/site-packages/airflow/example_dags/example_bash_decorator.py
[2025-12-04T18:46:34.071+0500] {processor.py:830} INFO - Processing file /Library/Frameworks/Python.framework/Versions/3.11/lib/python3.11/site-packages/airflow/example_dags/example_bash_decorator.py for tasks to queue
[2025-12-04T18:46:34.072+0500] {logging_mixin.py:188} INFO - [2025-12-04T18:46:34.072+0500] {dagbag.py:545} INFO - Filling up the DagBag from /Library/Frameworks/Python.framework/Versions/3.11/lib/python3.11/site-packages/airflow/example_dags/example_bash_decorator.py
[2025-12-04T18:46:34.116+0500] {processor.py:840} INFO - DAG(s) 'example_bash_decorator' retrieved from /Library/Frameworks/Python.framework/Versions/3.11/lib/python3.11/site-packages/airflow/example_dags/example_bash_decorator.py
[2025-12-04T18:46:34.387+0500] {logging_mixin.py:188} INFO - [2025-12-04T18:46:34.386+0500] {dag.py:3089} INFO - Sync 1 DAGs
[2025-12-04T18:46:34.396+0500] {logging_mixin.py:188} INFO - [2025-12-04T18:46:34.395+0500] {dag.py:3947} INFO - Setting next_dagrun for example_bash_decorator to None, run_after=None
[2025-12-04T18:46:34.418+0500] {processor.py:183} INFO - Processing /Library/Frameworks/Python.framework/Versions/3.11/lib/python3.11/site-packages/airflow/example_dags/example_bash_decorator.py took 0.351 seconds
[2025-12-04T18:50:55.463+0500] {processor.py:161} INFO - Started process (PID=13000) to work on /Library/Frameworks/Python.framework/Versions/3.11/lib/python3.11/site-packages/airflow/example_dags/example_bash_decorator.py
[2025-12-04T18:50:55.465+0500] {processor.py:830} INFO - Processing file /Library/Frameworks/Python.framework/Versions/3.11/lib/python3.11/site-packages/airflow/example_dags/example_bash_decorator.py for tasks to queue
[2025-12-04T18:50:55.467+0500] {logging_mixin.py:188} INFO - [2025-12-04T18:50:55.466+0500] {dagbag.py:545} INFO - Filling up the DagBag from /Library/Frameworks/Python.framework/Versions/3.11/lib/python3.11/site-packages/airflow/example_dags/example_bash_decorator.py
[2025-12-04T18:50:55.521+0500] {processor.py:840} INFO - DAG(s) 'example_bash_decorator' retrieved from /Library/Frameworks/Python.framework/Versions/3.11/lib/python3.11/site-packages/airflow/example_dags/example_bash_decorator.py
[2025-12-04T18:50:55.813+0500] {logging_mixin.py:188} INFO - [2025-12-04T18:50:55.813+0500] {dag.py:3089} INFO - Sync 1 DAGs
[2025-12-04T18:50:55.827+0500] {logging_mixin.py:188} INFO - [2025-12-04T18:50:55.827+0500] {dag.py:3947} INFO - Setting next_dagrun for example_bash_decorator to None, run_after=None
[2025-12-04T18:50:55.858+0500] {processor.py:183} INFO - Processing /Library/Frameworks/Python.framework/Versions/3.11/lib/python3.11/site-packages/airflow/example_dags/example_bash_decorator.py took 0.398 seconds
[2025-12-04T18:55:25.622+0500] {processor.py:161} INFO - Started process (PID=13184) to work on /Library/Frameworks/Python.framework/Versions/3.11/lib/python3.11/site-packages/airflow/example_dags/example_bash_decorator.py
[2025-12-04T18:55:25.624+0500] {processor.py:830} INFO - Processing file /Library/Frameworks/Python.framework/Versions/3.11/lib/python3.11/site-packages/airflow/example_dags/example_bash_decorator.py for tasks to queue
[2025-12-04T18:55:25.625+0500] {logging_mixin.py:188} INFO - [2025-12-04T18:55:25.625+0500] {dagbag.py:545} INFO - Filling up the DagBag from /Library/Frameworks/Python.framework/Versions/3.11/lib/python3.11/site-packages/airflow/example_dags/example_bash_decorator.py
[2025-12-04T18:55:25.730+0500] {processor.py:840} INFO - DAG(s) 'example_bash_decorator' retrieved from /Library/Frameworks/Python.framework/Versions/3.11/lib/python3.11/site-packages/airflow/example_dags/example_bash_decorator.py
[2025-12-04T18:55:26.254+0500] {logging_mixin.py:188} INFO - [2025-12-04T18:55:26.254+0500] {dag.py:3089} INFO - Sync 1 DAGs
[2025-12-04T18:55:26.264+0500] {logging_mixin.py:188} INFO - [2025-12-04T18:55:26.264+0500] {dag.py:3947} INFO - Setting next_dagrun for example_bash_decorator to None, run_after=None
[2025-12-04T18:55:26.294+0500] {processor.py:183} INFO - Processing /Library/Frameworks/Python.framework/Versions/3.11/lib/python3.11/site-packages/airflow/example_dags/example_bash_decorator.py took 0.675 seconds
[2025-12-04T19:35:22.910+0500] {processor.py:161} INFO - Started process (PID=14650) to work on /Library/Frameworks/Python.framework/Versions/3.11/lib/python3.11/site-packages/airflow/example_dags/example_bash_decorator.py
[2025-12-04T19:35:22.912+0500] {processor.py:830} INFO - Processing file /Library/Frameworks/Python.framework/Versions/3.11/lib/python3.11/site-packages/airflow/example_dags/example_bash_decorator.py for tasks to queue
[2025-12-04T19:35:22.913+0500] {logging_mixin.py:188} INFO - [2025-12-04T19:35:22.913+0500] {dagbag.py:545} INFO - Filling up the DagBag from /Library/Frameworks/Python.framework/Versions/3.11/lib/python3.11/site-packages/airflow/example_dags/example_bash_decorator.py
[2025-12-04T19:35:22.959+0500] {processor.py:840} INFO - DAG(s) 'example_bash_decorator' retrieved from /Library/Frameworks/Python.framework/Versions/3.11/lib/python3.11/site-packages/airflow/example_dags/example_bash_decorator.py
[2025-12-04T19:35:23.220+0500] {logging_mixin.py:188} INFO - [2025-12-04T19:35:23.220+0500] {dag.py:3089} INFO - Sync 1 DAGs
[2025-12-04T19:35:23.230+0500] {logging_mixin.py:188} INFO - [2025-12-04T19:35:23.230+0500] {dag.py:3947} INFO - Setting next_dagrun for example_bash_decorator to None, run_after=None
[2025-12-04T19:35:23.251+0500] {processor.py:183} INFO - Processing /Library/Frameworks/Python.framework/Versions/3.11/lib/python3.11/site-packages/airflow/example_dags/example_bash_decorator.py took 0.344 seconds
[2025-12-04T19:39:48.396+0500] {processor.py:161} INFO - Started process (PID=14818) to work on /Library/Frameworks/Python.framework/Versions/3.11/lib/python3.11/site-packages/airflow/example_dags/example_bash_decorator.py
[2025-12-04T19:39:48.399+0500] {processor.py:830} INFO - Processing file /Library/Frameworks/Python.framework/Versions/3.11/lib/python3.11/site-packages/airflow/example_dags/example_bash_decorator.py for tasks to queue
[2025-12-04T19:39:48.400+0500] {logging_mixin.py:188} INFO - [2025-12-04T19:39:48.400+0500] {dagbag.py:545} INFO - Filling up the DagBag from /Library/Frameworks/Python.framework/Versions/3.11/lib/python3.11/site-packages/airflow/example_dags/example_bash_decorator.py
[2025-12-04T19:39:48.582+0500] {processor.py:840} INFO - DAG(s) 'example_bash_decorator' retrieved from /Library/Frameworks/Python.framework/Versions/3.11/lib/python3.11/site-packages/airflow/example_dags/example_bash_decorator.py
[2025-12-04T19:39:49.605+0500] {logging_mixin.py:188} INFO - [2025-12-04T19:39:49.604+0500] {dag.py:3089} INFO - Sync 1 DAGs
[2025-12-04T19:39:49.639+0500] {logging_mixin.py:188} INFO - [2025-12-04T19:39:49.638+0500] {dag.py:3947} INFO - Setting next_dagrun for example_bash_decorator to None, run_after=None
[2025-12-04T19:39:49.680+0500] {processor.py:183} INFO - Processing /Library/Frameworks/Python.framework/Versions/3.11/lib/python3.11/site-packages/airflow/example_dags/example_bash_decorator.py took 1.300 seconds
[2025-12-04T19:44:24.468+0500] {processor.py:161} INFO - Started process (PID=14983) to work on /Library/Frameworks/Python.framework/Versions/3.11/lib/python3.11/site-packages/airflow/example_dags/example_bash_decorator.py
[2025-12-04T19:44:24.470+0500] {processor.py:830} INFO - Processing file /Library/Frameworks/Python.framework/Versions/3.11/lib/python3.11/site-packages/airflow/example_dags/example_bash_decorator.py for tasks to queue
[2025-12-04T19:44:24.471+0500] {logging_mixin.py:188} INFO - [2025-12-04T19:44:24.471+0500] {dagbag.py:545} INFO - Filling up the DagBag from /Library/Frameworks/Python.framework/Versions/3.11/lib/python3.11/site-packages/airflow/example_dags/example_bash_decorator.py
[2025-12-04T19:44:24.535+0500] {processor.py:840} INFO - DAG(s) 'example_bash_decorator' retrieved from /Library/Frameworks/Python.framework/Versions/3.11/lib/python3.11/site-packages/airflow/example_dags/example_bash_decorator.py
[2025-12-04T19:44:24.835+0500] {logging_mixin.py:188} INFO - [2025-12-04T19:44:24.834+0500] {dag.py:3089} INFO - Sync 1 DAGs
[2025-12-04T19:44:24.845+0500] {logging_mixin.py:188} INFO - [2025-12-04T19:44:24.845+0500] {dag.py:3947} INFO - Setting next_dagrun for example_bash_decorator to None, run_after=None
[2025-12-04T19:44:24.867+0500] {processor.py:183} INFO - Processing /Library/Frameworks/Python.framework/Versions/3.11/lib/python3.11/site-packages/airflow/example_dags/example_bash_decorator.py took 0.404 seconds
[2025-12-04T19:49:08.152+0500] {processor.py:161} INFO - Started process (PID=15158) to work on /Library/Frameworks/Python.framework/Versions/3.11/lib/python3.11/site-packages/airflow/example_dags/example_bash_decorator.py
[2025-12-04T19:49:08.154+0500] {processor.py:830} INFO - Processing file /Library/Frameworks/Python.framework/Versions/3.11/lib/python3.11/site-packages/airflow/example_dags/example_bash_decorator.py for tasks to queue
[2025-12-04T19:49:08.155+0500] {logging_mixin.py:188} INFO - [2025-12-04T19:49:08.155+0500] {dagbag.py:545} INFO - Filling up the DagBag from /Library/Frameworks/Python.framework/Versions/3.11/lib/python3.11/site-packages/airflow/example_dags/example_bash_decorator.py
[2025-12-04T19:49:08.199+0500] {processor.py:840} INFO - DAG(s) 'example_bash_decorator' retrieved from /Library/Frameworks/Python.framework/Versions/3.11/lib/python3.11/site-packages/airflow/example_dags/example_bash_decorator.py
[2025-12-04T19:49:08.460+0500] {logging_mixin.py:188} INFO - [2025-12-04T19:49:08.460+0500] {dag.py:3089} INFO - Sync 1 DAGs
[2025-12-04T19:49:08.469+0500] {logging_mixin.py:188} INFO - [2025-12-04T19:49:08.469+0500] {dag.py:3947} INFO - Setting next_dagrun for example_bash_decorator to None, run_after=None
[2025-12-04T19:49:08.490+0500] {processor.py:183} INFO - Processing /Library/Frameworks/Python.framework/Versions/3.11/lib/python3.11/site-packages/airflow/example_dags/example_bash_decorator.py took 0.341 seconds
[2025-12-04T19:53:05.252+0500] {processor.py:161} INFO - Started process (PID=15338) to work on /Library/Frameworks/Python.framework/Versions/3.11/lib/python3.11/site-packages/airflow/example_dags/example_bash_decorator.py
[2025-12-04T19:53:05.255+0500] {processor.py:830} INFO - Processing file /Library/Frameworks/Python.framework/Versions/3.11/lib/python3.11/site-packages/airflow/example_dags/example_bash_decorator.py for tasks to queue
[2025-12-04T19:53:05.256+0500] {logging_mixin.py:188} INFO - [2025-12-04T19:53:05.256+0500] {dagbag.py:545} INFO - Filling up the DagBag from /Library/Frameworks/Python.framework/Versions/3.11/lib/python3.11/site-packages/airflow/example_dags/example_bash_decorator.py
[2025-12-04T19:53:05.304+0500] {processor.py:840} INFO - DAG(s) 'example_bash_decorator' retrieved from /Library/Frameworks/Python.framework/Versions/3.11/lib/python3.11/site-packages/airflow/example_dags/example_bash_decorator.py
[2025-12-04T19:53:05.568+0500] {logging_mixin.py:188} INFO - [2025-12-04T19:53:05.567+0500] {dag.py:3089} INFO - Sync 1 DAGs
[2025-12-04T19:53:05.577+0500] {logging_mixin.py:188} INFO - [2025-12-04T19:53:05.577+0500] {dag.py:3947} INFO - Setting next_dagrun for example_bash_decorator to None, run_after=None
[2025-12-04T19:53:05.598+0500] {processor.py:183} INFO - Processing /Library/Frameworks/Python.framework/Versions/3.11/lib/python3.11/site-packages/airflow/example_dags/example_bash_decorator.py took 0.349 seconds
[2025-12-04T19:56:52.523+0500] {processor.py:161} INFO - Started process (PID=15464) to work on /Library/Frameworks/Python.framework/Versions/3.11/lib/python3.11/site-packages/airflow/example_dags/example_bash_decorator.py
[2025-12-04T19:56:52.525+0500] {processor.py:830} INFO - Processing file /Library/Frameworks/Python.framework/Versions/3.11/lib/python3.11/site-packages/airflow/example_dags/example_bash_decorator.py for tasks to queue
[2025-12-04T19:56:52.526+0500] {logging_mixin.py:188} INFO - [2025-12-04T19:56:52.526+0500] {dagbag.py:545} INFO - Filling up the DagBag from /Library/Frameworks/Python.framework/Versions/3.11/lib/python3.11/site-packages/airflow/example_dags/example_bash_decorator.py
[2025-12-04T19:56:52.569+0500] {processor.py:840} INFO - DAG(s) 'example_bash_decorator' retrieved from /Library/Frameworks/Python.framework/Versions/3.11/lib/python3.11/site-packages/airflow/example_dags/example_bash_decorator.py
[2025-12-04T19:56:52.828+0500] {logging_mixin.py:188} INFO - [2025-12-04T19:56:52.828+0500] {dag.py:3089} INFO - Sync 1 DAGs
[2025-12-04T19:56:52.837+0500] {logging_mixin.py:188} INFO - [2025-12-04T19:56:52.837+0500] {dag.py:3947} INFO - Setting next_dagrun for example_bash_decorator to None, run_after=None
[2025-12-04T19:56:52.858+0500] {processor.py:183} INFO - Processing /Library/Frameworks/Python.framework/Versions/3.11/lib/python3.11/site-packages/airflow/example_dags/example_bash_decorator.py took 0.338 seconds
[2025-12-04T20:43:26.213+0500] {processor.py:161} INFO - Started process (PID=15690) to work on /Library/Frameworks/Python.framework/Versions/3.11/lib/python3.11/site-packages/airflow/example_dags/example_bash_decorator.py
[2025-12-04T20:43:26.225+0500] {processor.py:830} INFO - Processing file /Library/Frameworks/Python.framework/Versions/3.11/lib/python3.11/site-packages/airflow/example_dags/example_bash_decorator.py for tasks to queue
[2025-12-04T20:43:26.233+0500] {logging_mixin.py:188} INFO - [2025-12-04T20:43:26.233+0500] {dagbag.py:545} INFO - Filling up the DagBag from /Library/Frameworks/Python.framework/Versions/3.11/lib/python3.11/site-packages/airflow/example_dags/example_bash_decorator.py
[2025-12-04T20:43:26.365+0500] {processor.py:840} INFO - DAG(s) 'example_bash_decorator' retrieved from /Library/Frameworks/Python.framework/Versions/3.11/lib/python3.11/site-packages/airflow/example_dags/example_bash_decorator.py
[2025-12-04T20:43:27.043+0500] {logging_mixin.py:188} INFO - [2025-12-04T20:43:27.042+0500] {dag.py:3089} INFO - Sync 1 DAGs
[2025-12-04T20:43:27.058+0500] {logging_mixin.py:188} INFO - [2025-12-04T20:43:27.058+0500] {dag.py:3947} INFO - Setting next_dagrun for example_bash_decorator to None, run_after=None
[2025-12-04T20:43:27.528+0500] {logging_mixin.py:188} INFO - [2025-12-04T20:43:27.527+0500] {dag.py:3089} INFO - Sync 1 DAGs
[2025-12-04T20:43:27.530+0500] {logging_mixin.py:188} INFO - [2025-12-04T20:43:27.530+0500] {dag.py:3947} INFO - Setting next_dagrun for example_bash_decorator to None, run_after=None
[2025-12-04T20:43:28.300+0500] {logging_mixin.py:188} INFO - [2025-12-04T20:43:28.299+0500] {dag.py:3089} INFO - Sync 1 DAGs
[2025-12-04T20:43:28.303+0500] {logging_mixin.py:188} INFO - [2025-12-04T20:43:28.303+0500] {dag.py:3947} INFO - Setting next_dagrun for example_bash_decorator to None, run_after=None
[2025-12-04T20:48:26.840+0500] {processor.py:161} INFO - Started process (PID=15889) to work on /Library/Frameworks/Python.framework/Versions/3.11/lib/python3.11/site-packages/airflow/example_dags/example_bash_decorator.py
[2025-12-04T20:48:26.842+0500] {processor.py:830} INFO - Processing file /Library/Frameworks/Python.framework/Versions/3.11/lib/python3.11/site-packages/airflow/example_dags/example_bash_decorator.py for tasks to queue
[2025-12-04T20:48:26.843+0500] {logging_mixin.py:188} INFO - [2025-12-04T20:48:26.842+0500] {dagbag.py:545} INFO - Filling up the DagBag from /Library/Frameworks/Python.framework/Versions/3.11/lib/python3.11/site-packages/airflow/example_dags/example_bash_decorator.py
[2025-12-04T20:48:26.890+0500] {processor.py:840} INFO - DAG(s) 'example_bash_decorator' retrieved from /Library/Frameworks/Python.framework/Versions/3.11/lib/python3.11/site-packages/airflow/example_dags/example_bash_decorator.py
[2025-12-04T20:48:27.329+0500] {logging_mixin.py:188} INFO - [2025-12-04T20:48:27.328+0500] {dag.py:3089} INFO - Sync 1 DAGs
[2025-12-04T20:48:27.340+0500] {logging_mixin.py:188} INFO - [2025-12-04T20:48:27.339+0500] {dag.py:3947} INFO - Setting next_dagrun for example_bash_decorator to None, run_after=None
[2025-12-04T20:48:27.364+0500] {processor.py:183} INFO - Processing /Library/Frameworks/Python.framework/Versions/3.11/lib/python3.11/site-packages/airflow/example_dags/example_bash_decorator.py took 0.528 seconds
