[2025-12-04T18:18:44.182+0500] {processor.py:161} INFO - Started process (PID=11694) to work on /Library/Frameworks/Python.framework/Versions/3.11/lib/python3.11/site-packages/airflow/example_dags/example_task_group_decorator.py
[2025-12-04T18:18:44.183+0500] {processor.py:830} INFO - Processing file /Library/Frameworks/Python.framework/Versions/3.11/lib/python3.11/site-packages/airflow/example_dags/example_task_group_decorator.py for tasks to queue
[2025-12-04T18:18:44.184+0500] {logging_mixin.py:188} INFO - [2025-12-04T18:18:44.184+0500] {dagbag.py:545} INFO - Filling up the DagBag from /Library/Frameworks/Python.framework/Versions/3.11/lib/python3.11/site-packages/airflow/example_dags/example_task_group_decorator.py
[2025-12-04T18:18:44.238+0500] {processor.py:840} INFO - DAG(s) 'example_task_group_decorator' retrieved from /Library/Frameworks/Python.framework/Versions/3.11/lib/python3.11/site-packages/airflow/example_dags/example_task_group_decorator.py
[2025-12-04T18:18:44.514+0500] {logging_mixin.py:188} INFO - [2025-12-04T18:18:44.514+0500] {override.py:1858} INFO - Created Permission View: can read on DAG:example_task_group_decorator
[2025-12-04T18:18:44.525+0500] {logging_mixin.py:188} INFO - [2025-12-04T18:18:44.524+0500] {override.py:1858} INFO - Created Permission View: can delete on DAG:example_task_group_decorator
[2025-12-04T18:18:44.533+0500] {logging_mixin.py:188} INFO - [2025-12-04T18:18:44.533+0500] {override.py:1858} INFO - Created Permission View: can edit on DAG:example_task_group_decorator
[2025-12-04T18:18:44.534+0500] {logging_mixin.py:188} INFO - [2025-12-04T18:18:44.534+0500] {dag.py:3089} INFO - Sync 1 DAGs
[2025-12-04T18:18:44.544+0500] {logging_mixin.py:188} INFO - [2025-12-04T18:18:44.543+0500] {dag.py:3111} INFO - Creating ORM DAG for example_task_group_decorator
[2025-12-04T18:18:44.553+0500] {logging_mixin.py:188} INFO - [2025-12-04T18:18:44.553+0500] {dag.py:3947} INFO - Setting next_dagrun for example_task_group_decorator to 2025-12-03 00:00:00+00:00, run_after=2025-12-04 00:00:00+00:00
[2025-12-04T18:18:44.576+0500] {processor.py:183} INFO - Processing /Library/Frameworks/Python.framework/Versions/3.11/lib/python3.11/site-packages/airflow/example_dags/example_task_group_decorator.py took 0.397 seconds
[2025-12-04T18:21:34.453+0500] {processor.py:161} INFO - Started process (PID=11792) to work on /Library/Frameworks/Python.framework/Versions/3.11/lib/python3.11/site-packages/airflow/example_dags/example_task_group_decorator.py
[2025-12-04T18:21:34.455+0500] {processor.py:830} INFO - Processing file /Library/Frameworks/Python.framework/Versions/3.11/lib/python3.11/site-packages/airflow/example_dags/example_task_group_decorator.py for tasks to queue
[2025-12-04T18:21:34.456+0500] {logging_mixin.py:188} INFO - [2025-12-04T18:21:34.456+0500] {dagbag.py:545} INFO - Filling up the DagBag from /Library/Frameworks/Python.framework/Versions/3.11/lib/python3.11/site-packages/airflow/example_dags/example_task_group_decorator.py
[2025-12-04T18:21:34.503+0500] {processor.py:840} INFO - DAG(s) 'example_task_group_decorator' retrieved from /Library/Frameworks/Python.framework/Versions/3.11/lib/python3.11/site-packages/airflow/example_dags/example_task_group_decorator.py
[2025-12-04T18:21:34.622+0500] {logging_mixin.py:188} INFO - [2025-12-04T18:21:34.621+0500] {dag.py:3089} INFO - Sync 1 DAGs
[2025-12-04T18:21:34.641+0500] {logging_mixin.py:188} INFO - [2025-12-04T18:21:34.641+0500] {dag.py:3947} INFO - Setting next_dagrun for example_task_group_decorator to 2025-12-03 00:00:00+00:00, run_after=2025-12-04 00:00:00+00:00
[2025-12-04T18:21:34.662+0500] {processor.py:183} INFO - Processing /Library/Frameworks/Python.framework/Versions/3.11/lib/python3.11/site-packages/airflow/example_dags/example_task_group_decorator.py took 0.212 seconds
[2025-12-04T18:23:39.934+0500] {processor.py:161} INFO - Started process (PID=11872) to work on /Library/Frameworks/Python.framework/Versions/3.11/lib/python3.11/site-packages/airflow/example_dags/example_task_group_decorator.py
[2025-12-04T18:23:39.937+0500] {processor.py:830} INFO - Processing file /Library/Frameworks/Python.framework/Versions/3.11/lib/python3.11/site-packages/airflow/example_dags/example_task_group_decorator.py for tasks to queue
[2025-12-04T18:23:39.938+0500] {logging_mixin.py:188} INFO - [2025-12-04T18:23:39.938+0500] {dagbag.py:545} INFO - Filling up the DagBag from /Library/Frameworks/Python.framework/Versions/3.11/lib/python3.11/site-packages/airflow/example_dags/example_task_group_decorator.py
[2025-12-04T18:23:39.987+0500] {processor.py:840} INFO - DAG(s) 'example_task_group_decorator' retrieved from /Library/Frameworks/Python.framework/Versions/3.11/lib/python3.11/site-packages/airflow/example_dags/example_task_group_decorator.py
[2025-12-04T18:23:40.104+0500] {logging_mixin.py:188} INFO - [2025-12-04T18:23:40.104+0500] {dag.py:3089} INFO - Sync 1 DAGs
[2025-12-04T18:23:40.121+0500] {logging_mixin.py:188} INFO - [2025-12-04T18:23:40.121+0500] {dag.py:3947} INFO - Setting next_dagrun for example_task_group_decorator to 2025-12-03 00:00:00+00:00, run_after=2025-12-04 00:00:00+00:00
[2025-12-04T18:23:40.148+0500] {processor.py:183} INFO - Processing /Library/Frameworks/Python.framework/Versions/3.11/lib/python3.11/site-packages/airflow/example_dags/example_task_group_decorator.py took 0.218 seconds
[2025-12-04T18:25:44.553+0500] {processor.py:161} INFO - Started process (PID=11972) to work on /Library/Frameworks/Python.framework/Versions/3.11/lib/python3.11/site-packages/airflow/example_dags/example_task_group_decorator.py
[2025-12-04T18:25:44.555+0500] {processor.py:830} INFO - Processing file /Library/Frameworks/Python.framework/Versions/3.11/lib/python3.11/site-packages/airflow/example_dags/example_task_group_decorator.py for tasks to queue
[2025-12-04T18:25:44.556+0500] {logging_mixin.py:188} INFO - [2025-12-04T18:25:44.556+0500] {dagbag.py:545} INFO - Filling up the DagBag from /Library/Frameworks/Python.framework/Versions/3.11/lib/python3.11/site-packages/airflow/example_dags/example_task_group_decorator.py
[2025-12-04T18:25:44.607+0500] {processor.py:840} INFO - DAG(s) 'example_task_group_decorator' retrieved from /Library/Frameworks/Python.framework/Versions/3.11/lib/python3.11/site-packages/airflow/example_dags/example_task_group_decorator.py
[2025-12-04T18:25:44.731+0500] {logging_mixin.py:188} INFO - [2025-12-04T18:25:44.731+0500] {dag.py:3089} INFO - Sync 1 DAGs
[2025-12-04T18:25:44.750+0500] {logging_mixin.py:188} INFO - [2025-12-04T18:25:44.749+0500] {dag.py:3947} INFO - Setting next_dagrun for example_task_group_decorator to 2025-12-03 00:00:00+00:00, run_after=2025-12-04 00:00:00+00:00
[2025-12-04T18:25:44.771+0500] {processor.py:183} INFO - Processing /Library/Frameworks/Python.framework/Versions/3.11/lib/python3.11/site-packages/airflow/example_dags/example_task_group_decorator.py took 0.221 seconds
[2025-12-04T18:27:58.043+0500] {processor.py:161} INFO - Started process (PID=12083) to work on /Library/Frameworks/Python.framework/Versions/3.11/lib/python3.11/site-packages/airflow/example_dags/example_task_group_decorator.py
[2025-12-04T18:27:58.045+0500] {processor.py:830} INFO - Processing file /Library/Frameworks/Python.framework/Versions/3.11/lib/python3.11/site-packages/airflow/example_dags/example_task_group_decorator.py for tasks to queue
[2025-12-04T18:27:58.046+0500] {logging_mixin.py:188} INFO - [2025-12-04T18:27:58.046+0500] {dagbag.py:545} INFO - Filling up the DagBag from /Library/Frameworks/Python.framework/Versions/3.11/lib/python3.11/site-packages/airflow/example_dags/example_task_group_decorator.py
[2025-12-04T18:27:58.094+0500] {processor.py:840} INFO - DAG(s) 'example_task_group_decorator' retrieved from /Library/Frameworks/Python.framework/Versions/3.11/lib/python3.11/site-packages/airflow/example_dags/example_task_group_decorator.py
[2025-12-04T18:27:58.214+0500] {logging_mixin.py:188} INFO - [2025-12-04T18:27:58.213+0500] {dag.py:3089} INFO - Sync 1 DAGs
[2025-12-04T18:27:58.233+0500] {logging_mixin.py:188} INFO - [2025-12-04T18:27:58.233+0500] {dag.py:3947} INFO - Setting next_dagrun for example_task_group_decorator to 2025-12-03 00:00:00+00:00, run_after=2025-12-04 00:00:00+00:00
[2025-12-04T18:27:58.257+0500] {processor.py:183} INFO - Processing /Library/Frameworks/Python.framework/Versions/3.11/lib/python3.11/site-packages/airflow/example_dags/example_task_group_decorator.py took 0.217 seconds
[2025-12-04T18:30:28.566+0500] {processor.py:161} INFO - Started process (PID=12199) to work on /Library/Frameworks/Python.framework/Versions/3.11/lib/python3.11/site-packages/airflow/example_dags/example_task_group_decorator.py
[2025-12-04T18:30:28.569+0500] {processor.py:830} INFO - Processing file /Library/Frameworks/Python.framework/Versions/3.11/lib/python3.11/site-packages/airflow/example_dags/example_task_group_decorator.py for tasks to queue
[2025-12-04T18:30:28.569+0500] {logging_mixin.py:188} INFO - [2025-12-04T18:30:28.569+0500] {dagbag.py:545} INFO - Filling up the DagBag from /Library/Frameworks/Python.framework/Versions/3.11/lib/python3.11/site-packages/airflow/example_dags/example_task_group_decorator.py
[2025-12-04T18:30:28.626+0500] {processor.py:840} INFO - DAG(s) 'example_task_group_decorator' retrieved from /Library/Frameworks/Python.framework/Versions/3.11/lib/python3.11/site-packages/airflow/example_dags/example_task_group_decorator.py
[2025-12-04T18:30:28.771+0500] {logging_mixin.py:188} INFO - [2025-12-04T18:30:28.771+0500] {dag.py:3089} INFO - Sync 1 DAGs
[2025-12-04T18:30:28.794+0500] {logging_mixin.py:188} INFO - [2025-12-04T18:30:28.794+0500] {dag.py:3947} INFO - Setting next_dagrun for example_task_group_decorator to 2025-12-03 00:00:00+00:00, run_after=2025-12-04 00:00:00+00:00
[2025-12-04T18:30:28.820+0500] {processor.py:183} INFO - Processing /Library/Frameworks/Python.framework/Versions/3.11/lib/python3.11/site-packages/airflow/example_dags/example_task_group_decorator.py took 0.258 seconds
[2025-12-04T18:32:53.684+0500] {processor.py:161} INFO - Started process (PID=12298) to work on /Library/Frameworks/Python.framework/Versions/3.11/lib/python3.11/site-packages/airflow/example_dags/example_task_group_decorator.py
[2025-12-04T18:32:53.686+0500] {processor.py:830} INFO - Processing file /Library/Frameworks/Python.framework/Versions/3.11/lib/python3.11/site-packages/airflow/example_dags/example_task_group_decorator.py for tasks to queue
[2025-12-04T18:32:53.687+0500] {logging_mixin.py:188} INFO - [2025-12-04T18:32:53.687+0500] {dagbag.py:545} INFO - Filling up the DagBag from /Library/Frameworks/Python.framework/Versions/3.11/lib/python3.11/site-packages/airflow/example_dags/example_task_group_decorator.py
[2025-12-04T18:32:53.737+0500] {processor.py:840} INFO - DAG(s) 'example_task_group_decorator' retrieved from /Library/Frameworks/Python.framework/Versions/3.11/lib/python3.11/site-packages/airflow/example_dags/example_task_group_decorator.py
[2025-12-04T18:32:53.891+0500] {logging_mixin.py:188} INFO - [2025-12-04T18:32:53.890+0500] {dag.py:3089} INFO - Sync 1 DAGs
[2025-12-04T18:32:53.912+0500] {logging_mixin.py:188} INFO - [2025-12-04T18:32:53.912+0500] {dag.py:3947} INFO - Setting next_dagrun for example_task_group_decorator to 2025-12-03 00:00:00+00:00, run_after=2025-12-04 00:00:00+00:00
[2025-12-04T18:32:53.941+0500] {processor.py:183} INFO - Processing /Library/Frameworks/Python.framework/Versions/3.11/lib/python3.11/site-packages/airflow/example_dags/example_task_group_decorator.py took 0.260 seconds
[2025-12-04T18:35:09.592+0500] {processor.py:161} INFO - Started process (PID=12409) to work on /Library/Frameworks/Python.framework/Versions/3.11/lib/python3.11/site-packages/airflow/example_dags/example_task_group_decorator.py
[2025-12-04T18:35:09.594+0500] {processor.py:830} INFO - Processing file /Library/Frameworks/Python.framework/Versions/3.11/lib/python3.11/site-packages/airflow/example_dags/example_task_group_decorator.py for tasks to queue
[2025-12-04T18:35:09.595+0500] {logging_mixin.py:188} INFO - [2025-12-04T18:35:09.595+0500] {dagbag.py:545} INFO - Filling up the DagBag from /Library/Frameworks/Python.framework/Versions/3.11/lib/python3.11/site-packages/airflow/example_dags/example_task_group_decorator.py
[2025-12-04T18:35:09.642+0500] {processor.py:840} INFO - DAG(s) 'example_task_group_decorator' retrieved from /Library/Frameworks/Python.framework/Versions/3.11/lib/python3.11/site-packages/airflow/example_dags/example_task_group_decorator.py
[2025-12-04T18:35:09.758+0500] {logging_mixin.py:188} INFO - [2025-12-04T18:35:09.757+0500] {dag.py:3089} INFO - Sync 1 DAGs
[2025-12-04T18:35:09.775+0500] {logging_mixin.py:188} INFO - [2025-12-04T18:35:09.775+0500] {dag.py:3947} INFO - Setting next_dagrun for example_task_group_decorator to 2025-12-03 00:00:00+00:00, run_after=2025-12-04 00:00:00+00:00
[2025-12-04T18:35:09.796+0500] {processor.py:183} INFO - Processing /Library/Frameworks/Python.framework/Versions/3.11/lib/python3.11/site-packages/airflow/example_dags/example_task_group_decorator.py took 0.207 seconds
[2025-12-04T18:37:09.230+0500] {processor.py:161} INFO - Started process (PID=12475) to work on /Library/Frameworks/Python.framework/Versions/3.11/lib/python3.11/site-packages/airflow/example_dags/example_task_group_decorator.py
[2025-12-04T18:37:09.232+0500] {processor.py:830} INFO - Processing file /Library/Frameworks/Python.framework/Versions/3.11/lib/python3.11/site-packages/airflow/example_dags/example_task_group_decorator.py for tasks to queue
[2025-12-04T18:37:09.233+0500] {logging_mixin.py:188} INFO - [2025-12-04T18:37:09.233+0500] {dagbag.py:545} INFO - Filling up the DagBag from /Library/Frameworks/Python.framework/Versions/3.11/lib/python3.11/site-packages/airflow/example_dags/example_task_group_decorator.py
[2025-12-04T18:37:09.279+0500] {processor.py:840} INFO - DAG(s) 'example_task_group_decorator' retrieved from /Library/Frameworks/Python.framework/Versions/3.11/lib/python3.11/site-packages/airflow/example_dags/example_task_group_decorator.py
[2025-12-04T18:37:09.397+0500] {logging_mixin.py:188} INFO - [2025-12-04T18:37:09.397+0500] {dag.py:3089} INFO - Sync 1 DAGs
[2025-12-04T18:37:09.414+0500] {logging_mixin.py:188} INFO - [2025-12-04T18:37:09.414+0500] {dag.py:3947} INFO - Setting next_dagrun for example_task_group_decorator to 2025-12-03 00:00:00+00:00, run_after=2025-12-04 00:00:00+00:00
[2025-12-04T18:37:09.435+0500] {processor.py:183} INFO - Processing /Library/Frameworks/Python.framework/Versions/3.11/lib/python3.11/site-packages/airflow/example_dags/example_task_group_decorator.py took 0.208 seconds
[2025-12-04T18:39:00.696+0500] {processor.py:161} INFO - Started process (PID=12541) to work on /Library/Frameworks/Python.framework/Versions/3.11/lib/python3.11/site-packages/airflow/example_dags/example_task_group_decorator.py
[2025-12-04T18:39:00.698+0500] {processor.py:830} INFO - Processing file /Library/Frameworks/Python.framework/Versions/3.11/lib/python3.11/site-packages/airflow/example_dags/example_task_group_decorator.py for tasks to queue
[2025-12-04T18:39:00.699+0500] {logging_mixin.py:188} INFO - [2025-12-04T18:39:00.699+0500] {dagbag.py:545} INFO - Filling up the DagBag from /Library/Frameworks/Python.framework/Versions/3.11/lib/python3.11/site-packages/airflow/example_dags/example_task_group_decorator.py
[2025-12-04T18:39:00.745+0500] {processor.py:840} INFO - DAG(s) 'example_task_group_decorator' retrieved from /Library/Frameworks/Python.framework/Versions/3.11/lib/python3.11/site-packages/airflow/example_dags/example_task_group_decorator.py
[2025-12-04T18:39:00.859+0500] {logging_mixin.py:188} INFO - [2025-12-04T18:39:00.859+0500] {dag.py:3089} INFO - Sync 1 DAGs
[2025-12-04T18:39:00.876+0500] {logging_mixin.py:188} INFO - [2025-12-04T18:39:00.876+0500] {dag.py:3947} INFO - Setting next_dagrun for example_task_group_decorator to 2025-12-03 00:00:00+00:00, run_after=2025-12-04 00:00:00+00:00
[2025-12-04T18:39:00.897+0500] {processor.py:183} INFO - Processing /Library/Frameworks/Python.framework/Versions/3.11/lib/python3.11/site-packages/airflow/example_dags/example_task_group_decorator.py took 0.203 seconds
[2025-12-04T18:41:01.531+0500] {processor.py:161} INFO - Started process (PID=12639) to work on /Library/Frameworks/Python.framework/Versions/3.11/lib/python3.11/site-packages/airflow/example_dags/example_task_group_decorator.py
[2025-12-04T18:41:01.533+0500] {processor.py:830} INFO - Processing file /Library/Frameworks/Python.framework/Versions/3.11/lib/python3.11/site-packages/airflow/example_dags/example_task_group_decorator.py for tasks to queue
[2025-12-04T18:41:01.534+0500] {logging_mixin.py:188} INFO - [2025-12-04T18:41:01.534+0500] {dagbag.py:545} INFO - Filling up the DagBag from /Library/Frameworks/Python.framework/Versions/3.11/lib/python3.11/site-packages/airflow/example_dags/example_task_group_decorator.py
[2025-12-04T18:41:01.580+0500] {processor.py:840} INFO - DAG(s) 'example_task_group_decorator' retrieved from /Library/Frameworks/Python.framework/Versions/3.11/lib/python3.11/site-packages/airflow/example_dags/example_task_group_decorator.py
[2025-12-04T18:41:01.695+0500] {logging_mixin.py:188} INFO - [2025-12-04T18:41:01.694+0500] {dag.py:3089} INFO - Sync 1 DAGs
[2025-12-04T18:41:01.712+0500] {logging_mixin.py:188} INFO - [2025-12-04T18:41:01.711+0500] {dag.py:3947} INFO - Setting next_dagrun for example_task_group_decorator to 2025-12-03 00:00:00+00:00, run_after=2025-12-04 00:00:00+00:00
[2025-12-04T18:41:01.733+0500] {processor.py:183} INFO - Processing /Library/Frameworks/Python.framework/Versions/3.11/lib/python3.11/site-packages/airflow/example_dags/example_task_group_decorator.py took 0.205 seconds
[2025-12-04T18:43:14.781+0500] {processor.py:161} INFO - Started process (PID=12717) to work on /Library/Frameworks/Python.framework/Versions/3.11/lib/python3.11/site-packages/airflow/example_dags/example_task_group_decorator.py
[2025-12-04T18:43:14.783+0500] {processor.py:830} INFO - Processing file /Library/Frameworks/Python.framework/Versions/3.11/lib/python3.11/site-packages/airflow/example_dags/example_task_group_decorator.py for tasks to queue
[2025-12-04T18:43:14.784+0500] {logging_mixin.py:188} INFO - [2025-12-04T18:43:14.784+0500] {dagbag.py:545} INFO - Filling up the DagBag from /Library/Frameworks/Python.framework/Versions/3.11/lib/python3.11/site-packages/airflow/example_dags/example_task_group_decorator.py
[2025-12-04T18:43:14.850+0500] {processor.py:840} INFO - DAG(s) 'example_task_group_decorator' retrieved from /Library/Frameworks/Python.framework/Versions/3.11/lib/python3.11/site-packages/airflow/example_dags/example_task_group_decorator.py
[2025-12-04T18:43:15.024+0500] {logging_mixin.py:188} INFO - [2025-12-04T18:43:15.024+0500] {dag.py:3089} INFO - Sync 1 DAGs
[2025-12-04T18:43:15.044+0500] {logging_mixin.py:188} INFO - [2025-12-04T18:43:15.043+0500] {dag.py:3947} INFO - Setting next_dagrun for example_task_group_decorator to 2025-12-03 00:00:00+00:00, run_after=2025-12-04 00:00:00+00:00
[2025-12-04T18:43:15.068+0500] {processor.py:183} INFO - Processing /Library/Frameworks/Python.framework/Versions/3.11/lib/python3.11/site-packages/airflow/example_dags/example_task_group_decorator.py took 0.290 seconds
[2025-12-04T18:45:22.089+0500] {processor.py:161} INFO - Started process (PID=12805) to work on /Library/Frameworks/Python.framework/Versions/3.11/lib/python3.11/site-packages/airflow/example_dags/example_task_group_decorator.py
[2025-12-04T18:45:22.092+0500] {processor.py:830} INFO - Processing file /Library/Frameworks/Python.framework/Versions/3.11/lib/python3.11/site-packages/airflow/example_dags/example_task_group_decorator.py for tasks to queue
[2025-12-04T18:45:22.093+0500] {logging_mixin.py:188} INFO - [2025-12-04T18:45:22.092+0500] {dagbag.py:545} INFO - Filling up the DagBag from /Library/Frameworks/Python.framework/Versions/3.11/lib/python3.11/site-packages/airflow/example_dags/example_task_group_decorator.py
[2025-12-04T18:45:22.142+0500] {processor.py:840} INFO - DAG(s) 'example_task_group_decorator' retrieved from /Library/Frameworks/Python.framework/Versions/3.11/lib/python3.11/site-packages/airflow/example_dags/example_task_group_decorator.py
[2025-12-04T18:45:22.265+0500] {logging_mixin.py:188} INFO - [2025-12-04T18:45:22.265+0500] {dag.py:3089} INFO - Sync 1 DAGs
[2025-12-04T18:45:22.282+0500] {logging_mixin.py:188} INFO - [2025-12-04T18:45:22.282+0500] {dag.py:3947} INFO - Setting next_dagrun for example_task_group_decorator to 2025-12-03 00:00:00+00:00, run_after=2025-12-04 00:00:00+00:00
[2025-12-04T18:45:22.302+0500] {processor.py:183} INFO - Processing /Library/Frameworks/Python.framework/Versions/3.11/lib/python3.11/site-packages/airflow/example_dags/example_task_group_decorator.py took 0.216 seconds
[2025-12-04T18:47:21.399+0500] {processor.py:161} INFO - Started process (PID=12888) to work on /Library/Frameworks/Python.framework/Versions/3.11/lib/python3.11/site-packages/airflow/example_dags/example_task_group_decorator.py
[2025-12-04T18:47:21.401+0500] {processor.py:830} INFO - Processing file /Library/Frameworks/Python.framework/Versions/3.11/lib/python3.11/site-packages/airflow/example_dags/example_task_group_decorator.py for tasks to queue
[2025-12-04T18:47:21.402+0500] {logging_mixin.py:188} INFO - [2025-12-04T18:47:21.402+0500] {dagbag.py:545} INFO - Filling up the DagBag from /Library/Frameworks/Python.framework/Versions/3.11/lib/python3.11/site-packages/airflow/example_dags/example_task_group_decorator.py
[2025-12-04T18:47:21.455+0500] {processor.py:840} INFO - DAG(s) 'example_task_group_decorator' retrieved from /Library/Frameworks/Python.framework/Versions/3.11/lib/python3.11/site-packages/airflow/example_dags/example_task_group_decorator.py
[2025-12-04T18:47:21.590+0500] {logging_mixin.py:188} INFO - [2025-12-04T18:47:21.589+0500] {dag.py:3089} INFO - Sync 1 DAGs
[2025-12-04T18:47:21.612+0500] {logging_mixin.py:188} INFO - [2025-12-04T18:47:21.612+0500] {dag.py:3947} INFO - Setting next_dagrun for example_task_group_decorator to 2025-12-03 00:00:00+00:00, run_after=2025-12-04 00:00:00+00:00
[2025-12-04T18:47:21.636+0500] {processor.py:183} INFO - Processing /Library/Frameworks/Python.framework/Versions/3.11/lib/python3.11/site-packages/airflow/example_dags/example_task_group_decorator.py took 0.241 seconds
[2025-12-04T18:49:29.885+0500] {processor.py:161} INFO - Started process (PID=12958) to work on /Library/Frameworks/Python.framework/Versions/3.11/lib/python3.11/site-packages/airflow/example_dags/example_task_group_decorator.py
[2025-12-04T18:49:29.887+0500] {processor.py:830} INFO - Processing file /Library/Frameworks/Python.framework/Versions/3.11/lib/python3.11/site-packages/airflow/example_dags/example_task_group_decorator.py for tasks to queue
[2025-12-04T18:49:29.888+0500] {logging_mixin.py:188} INFO - [2025-12-04T18:49:29.888+0500] {dagbag.py:545} INFO - Filling up the DagBag from /Library/Frameworks/Python.framework/Versions/3.11/lib/python3.11/site-packages/airflow/example_dags/example_task_group_decorator.py
[2025-12-04T18:49:29.946+0500] {processor.py:840} INFO - DAG(s) 'example_task_group_decorator' retrieved from /Library/Frameworks/Python.framework/Versions/3.11/lib/python3.11/site-packages/airflow/example_dags/example_task_group_decorator.py
[2025-12-04T18:49:30.066+0500] {logging_mixin.py:188} INFO - [2025-12-04T18:49:30.066+0500] {dag.py:3089} INFO - Sync 1 DAGs
[2025-12-04T18:49:30.083+0500] {logging_mixin.py:188} INFO - [2025-12-04T18:49:30.083+0500] {dag.py:3947} INFO - Setting next_dagrun for example_task_group_decorator to 2025-12-03 00:00:00+00:00, run_after=2025-12-04 00:00:00+00:00
[2025-12-04T18:49:30.104+0500] {processor.py:183} INFO - Processing /Library/Frameworks/Python.framework/Versions/3.11/lib/python3.11/site-packages/airflow/example_dags/example_task_group_decorator.py took 0.222 seconds
[2025-12-04T18:51:49.156+0500] {processor.py:161} INFO - Started process (PID=13038) to work on /Library/Frameworks/Python.framework/Versions/3.11/lib/python3.11/site-packages/airflow/example_dags/example_task_group_decorator.py
[2025-12-04T18:51:49.157+0500] {processor.py:830} INFO - Processing file /Library/Frameworks/Python.framework/Versions/3.11/lib/python3.11/site-packages/airflow/example_dags/example_task_group_decorator.py for tasks to queue
[2025-12-04T18:51:49.158+0500] {logging_mixin.py:188} INFO - [2025-12-04T18:51:49.158+0500] {dagbag.py:545} INFO - Filling up the DagBag from /Library/Frameworks/Python.framework/Versions/3.11/lib/python3.11/site-packages/airflow/example_dags/example_task_group_decorator.py
[2025-12-04T18:51:49.259+0500] {processor.py:840} INFO - DAG(s) 'example_task_group_decorator' retrieved from /Library/Frameworks/Python.framework/Versions/3.11/lib/python3.11/site-packages/airflow/example_dags/example_task_group_decorator.py
[2025-12-04T18:51:49.400+0500] {logging_mixin.py:188} INFO - [2025-12-04T18:51:49.399+0500] {dag.py:3089} INFO - Sync 1 DAGs
[2025-12-04T18:51:49.423+0500] {logging_mixin.py:188} INFO - [2025-12-04T18:51:49.423+0500] {dag.py:3947} INFO - Setting next_dagrun for example_task_group_decorator to 2025-12-03 00:00:00+00:00, run_after=2025-12-04 00:00:00+00:00
[2025-12-04T18:51:49.445+0500] {processor.py:183} INFO - Processing /Library/Frameworks/Python.framework/Versions/3.11/lib/python3.11/site-packages/airflow/example_dags/example_task_group_decorator.py took 0.293 seconds
[2025-12-04T18:54:01.583+0500] {processor.py:161} INFO - Started process (PID=13129) to work on /Library/Frameworks/Python.framework/Versions/3.11/lib/python3.11/site-packages/airflow/example_dags/example_task_group_decorator.py
[2025-12-04T18:54:01.585+0500] {processor.py:830} INFO - Processing file /Library/Frameworks/Python.framework/Versions/3.11/lib/python3.11/site-packages/airflow/example_dags/example_task_group_decorator.py for tasks to queue
[2025-12-04T18:54:01.586+0500] {logging_mixin.py:188} INFO - [2025-12-04T18:54:01.586+0500] {dagbag.py:545} INFO - Filling up the DagBag from /Library/Frameworks/Python.framework/Versions/3.11/lib/python3.11/site-packages/airflow/example_dags/example_task_group_decorator.py
[2025-12-04T18:54:01.630+0500] {processor.py:840} INFO - DAG(s) 'example_task_group_decorator' retrieved from /Library/Frameworks/Python.framework/Versions/3.11/lib/python3.11/site-packages/airflow/example_dags/example_task_group_decorator.py
[2025-12-04T18:54:01.743+0500] {logging_mixin.py:188} INFO - [2025-12-04T18:54:01.743+0500] {dag.py:3089} INFO - Sync 1 DAGs
[2025-12-04T18:54:01.761+0500] {logging_mixin.py:188} INFO - [2025-12-04T18:54:01.760+0500] {dag.py:3947} INFO - Setting next_dagrun for example_task_group_decorator to 2025-12-03 00:00:00+00:00, run_after=2025-12-04 00:00:00+00:00
[2025-12-04T18:54:01.782+0500] {processor.py:183} INFO - Processing /Library/Frameworks/Python.framework/Versions/3.11/lib/python3.11/site-packages/airflow/example_dags/example_task_group_decorator.py took 0.201 seconds
[2025-12-04T19:33:27.830+0500] {processor.py:161} INFO - Started process (PID=14561) to work on /Library/Frameworks/Python.framework/Versions/3.11/lib/python3.11/site-packages/airflow/example_dags/example_task_group_decorator.py
[2025-12-04T19:33:27.832+0500] {processor.py:830} INFO - Processing file /Library/Frameworks/Python.framework/Versions/3.11/lib/python3.11/site-packages/airflow/example_dags/example_task_group_decorator.py for tasks to queue
[2025-12-04T19:33:27.833+0500] {logging_mixin.py:188} INFO - [2025-12-04T19:33:27.833+0500] {dagbag.py:545} INFO - Filling up the DagBag from /Library/Frameworks/Python.framework/Versions/3.11/lib/python3.11/site-packages/airflow/example_dags/example_task_group_decorator.py
[2025-12-04T19:33:27.880+0500] {processor.py:840} INFO - DAG(s) 'example_task_group_decorator' retrieved from /Library/Frameworks/Python.framework/Versions/3.11/lib/python3.11/site-packages/airflow/example_dags/example_task_group_decorator.py
[2025-12-04T19:33:27.997+0500] {logging_mixin.py:188} INFO - [2025-12-04T19:33:27.996+0500] {dag.py:3089} INFO - Sync 1 DAGs
[2025-12-04T19:33:28.014+0500] {logging_mixin.py:188} INFO - [2025-12-04T19:33:28.013+0500] {dag.py:3947} INFO - Setting next_dagrun for example_task_group_decorator to 2025-12-03 00:00:00+00:00, run_after=2025-12-04 00:00:00+00:00
[2025-12-04T19:33:28.034+0500] {processor.py:183} INFO - Processing /Library/Frameworks/Python.framework/Versions/3.11/lib/python3.11/site-packages/airflow/example_dags/example_task_group_decorator.py took 0.206 seconds
[2025-12-04T19:36:31.481+0500] {processor.py:161} INFO - Started process (PID=14708) to work on /Library/Frameworks/Python.framework/Versions/3.11/lib/python3.11/site-packages/airflow/example_dags/example_task_group_decorator.py
[2025-12-04T19:36:31.487+0500] {processor.py:830} INFO - Processing file /Library/Frameworks/Python.framework/Versions/3.11/lib/python3.11/site-packages/airflow/example_dags/example_task_group_decorator.py for tasks to queue
[2025-12-04T19:36:31.489+0500] {logging_mixin.py:188} INFO - [2025-12-04T19:36:31.488+0500] {dagbag.py:545} INFO - Filling up the DagBag from /Library/Frameworks/Python.framework/Versions/3.11/lib/python3.11/site-packages/airflow/example_dags/example_task_group_decorator.py
[2025-12-04T19:36:31.853+0500] {processor.py:840} INFO - DAG(s) 'example_task_group_decorator' retrieved from /Library/Frameworks/Python.framework/Versions/3.11/lib/python3.11/site-packages/airflow/example_dags/example_task_group_decorator.py
[2025-12-04T19:36:32.082+0500] {logging_mixin.py:188} INFO - [2025-12-04T19:36:32.081+0500] {dag.py:3089} INFO - Sync 1 DAGs
[2025-12-04T19:36:32.116+0500] {logging_mixin.py:188} INFO - [2025-12-04T19:36:32.116+0500] {dag.py:3947} INFO - Setting next_dagrun for example_task_group_decorator to 2025-12-03 00:00:00+00:00, run_after=2025-12-04 00:00:00+00:00
[2025-12-04T19:36:32.154+0500] {processor.py:183} INFO - Processing /Library/Frameworks/Python.framework/Versions/3.11/lib/python3.11/site-packages/airflow/example_dags/example_task_group_decorator.py took 0.677 seconds
[2025-12-04T19:38:38.157+0500] {processor.py:161} INFO - Started process (PID=14778) to work on /Library/Frameworks/Python.framework/Versions/3.11/lib/python3.11/site-packages/airflow/example_dags/example_task_group_decorator.py
[2025-12-04T19:38:38.158+0500] {processor.py:830} INFO - Processing file /Library/Frameworks/Python.framework/Versions/3.11/lib/python3.11/site-packages/airflow/example_dags/example_task_group_decorator.py for tasks to queue
[2025-12-04T19:38:38.159+0500] {logging_mixin.py:188} INFO - [2025-12-04T19:38:38.158+0500] {dagbag.py:545} INFO - Filling up the DagBag from /Library/Frameworks/Python.framework/Versions/3.11/lib/python3.11/site-packages/airflow/example_dags/example_task_group_decorator.py
[2025-12-04T19:38:38.210+0500] {processor.py:840} INFO - DAG(s) 'example_task_group_decorator' retrieved from /Library/Frameworks/Python.framework/Versions/3.11/lib/python3.11/site-packages/airflow/example_dags/example_task_group_decorator.py
[2025-12-04T19:38:38.322+0500] {logging_mixin.py:188} INFO - [2025-12-04T19:38:38.322+0500] {dag.py:3089} INFO - Sync 1 DAGs
[2025-12-04T19:38:38.339+0500] {logging_mixin.py:188} INFO - [2025-12-04T19:38:38.338+0500] {dag.py:3947} INFO - Setting next_dagrun for example_task_group_decorator to 2025-12-03 00:00:00+00:00, run_after=2025-12-04 00:00:00+00:00
[2025-12-04T19:38:38.359+0500] {processor.py:183} INFO - Processing /Library/Frameworks/Python.framework/Versions/3.11/lib/python3.11/site-packages/airflow/example_dags/example_task_group_decorator.py took 0.205 seconds
[2025-12-04T19:40:48.416+0500] {processor.py:161} INFO - Started process (PID=14869) to work on /Library/Frameworks/Python.framework/Versions/3.11/lib/python3.11/site-packages/airflow/example_dags/example_task_group_decorator.py
[2025-12-04T19:40:48.418+0500] {processor.py:830} INFO - Processing file /Library/Frameworks/Python.framework/Versions/3.11/lib/python3.11/site-packages/airflow/example_dags/example_task_group_decorator.py for tasks to queue
[2025-12-04T19:40:48.420+0500] {logging_mixin.py:188} INFO - [2025-12-04T19:40:48.419+0500] {dagbag.py:545} INFO - Filling up the DagBag from /Library/Frameworks/Python.framework/Versions/3.11/lib/python3.11/site-packages/airflow/example_dags/example_task_group_decorator.py
[2025-12-04T19:40:48.571+0500] {processor.py:840} INFO - DAG(s) 'example_task_group_decorator' retrieved from /Library/Frameworks/Python.framework/Versions/3.11/lib/python3.11/site-packages/airflow/example_dags/example_task_group_decorator.py
[2025-12-04T19:40:48.834+0500] {logging_mixin.py:188} INFO - [2025-12-04T19:40:48.822+0500] {dag.py:3089} INFO - Sync 1 DAGs
[2025-12-04T19:40:48.929+0500] {logging_mixin.py:188} INFO - [2025-12-04T19:40:48.928+0500] {dag.py:3947} INFO - Setting next_dagrun for example_task_group_decorator to 2025-12-03 00:00:00+00:00, run_after=2025-12-04 00:00:00+00:00
[2025-12-04T19:40:48.985+0500] {processor.py:183} INFO - Processing /Library/Frameworks/Python.framework/Versions/3.11/lib/python3.11/site-packages/airflow/example_dags/example_task_group_decorator.py took 0.574 seconds
[2025-12-04T19:43:01.535+0500] {processor.py:161} INFO - Started process (PID=14941) to work on /Library/Frameworks/Python.framework/Versions/3.11/lib/python3.11/site-packages/airflow/example_dags/example_task_group_decorator.py
[2025-12-04T19:43:01.538+0500] {processor.py:830} INFO - Processing file /Library/Frameworks/Python.framework/Versions/3.11/lib/python3.11/site-packages/airflow/example_dags/example_task_group_decorator.py for tasks to queue
[2025-12-04T19:43:01.539+0500] {logging_mixin.py:188} INFO - [2025-12-04T19:43:01.538+0500] {dagbag.py:545} INFO - Filling up the DagBag from /Library/Frameworks/Python.framework/Versions/3.11/lib/python3.11/site-packages/airflow/example_dags/example_task_group_decorator.py
[2025-12-04T19:43:01.606+0500] {processor.py:840} INFO - DAG(s) 'example_task_group_decorator' retrieved from /Library/Frameworks/Python.framework/Versions/3.11/lib/python3.11/site-packages/airflow/example_dags/example_task_group_decorator.py
[2025-12-04T19:43:01.776+0500] {logging_mixin.py:188} INFO - [2025-12-04T19:43:01.775+0500] {dag.py:3089} INFO - Sync 1 DAGs
[2025-12-04T19:43:01.800+0500] {logging_mixin.py:188} INFO - [2025-12-04T19:43:01.800+0500] {dag.py:3947} INFO - Setting next_dagrun for example_task_group_decorator to 2025-12-03 00:00:00+00:00, run_after=2025-12-04 00:00:00+00:00
[2025-12-04T19:43:01.828+0500] {processor.py:183} INFO - Processing /Library/Frameworks/Python.framework/Versions/3.11/lib/python3.11/site-packages/airflow/example_dags/example_task_group_decorator.py took 0.297 seconds
[2025-12-04T19:45:26.301+0500] {processor.py:161} INFO - Started process (PID=15019) to work on /Library/Frameworks/Python.framework/Versions/3.11/lib/python3.11/site-packages/airflow/example_dags/example_task_group_decorator.py
[2025-12-04T19:45:26.304+0500] {processor.py:830} INFO - Processing file /Library/Frameworks/Python.framework/Versions/3.11/lib/python3.11/site-packages/airflow/example_dags/example_task_group_decorator.py for tasks to queue
[2025-12-04T19:45:26.305+0500] {logging_mixin.py:188} INFO - [2025-12-04T19:45:26.304+0500] {dagbag.py:545} INFO - Filling up the DagBag from /Library/Frameworks/Python.framework/Versions/3.11/lib/python3.11/site-packages/airflow/example_dags/example_task_group_decorator.py
[2025-12-04T19:45:26.353+0500] {processor.py:840} INFO - DAG(s) 'example_task_group_decorator' retrieved from /Library/Frameworks/Python.framework/Versions/3.11/lib/python3.11/site-packages/airflow/example_dags/example_task_group_decorator.py
[2025-12-04T19:45:26.491+0500] {logging_mixin.py:188} INFO - [2025-12-04T19:45:26.490+0500] {dag.py:3089} INFO - Sync 1 DAGs
[2025-12-04T19:45:26.513+0500] {logging_mixin.py:188} INFO - [2025-12-04T19:45:26.512+0500] {dag.py:3947} INFO - Setting next_dagrun for example_task_group_decorator to 2025-12-03 00:00:00+00:00, run_after=2025-12-04 00:00:00+00:00
[2025-12-04T19:45:26.534+0500] {processor.py:183} INFO - Processing /Library/Frameworks/Python.framework/Versions/3.11/lib/python3.11/site-packages/airflow/example_dags/example_task_group_decorator.py took 0.236 seconds
[2025-12-04T19:47:50.142+0500] {processor.py:161} INFO - Started process (PID=15117) to work on /Library/Frameworks/Python.framework/Versions/3.11/lib/python3.11/site-packages/airflow/example_dags/example_task_group_decorator.py
[2025-12-04T19:47:50.144+0500] {processor.py:830} INFO - Processing file /Library/Frameworks/Python.framework/Versions/3.11/lib/python3.11/site-packages/airflow/example_dags/example_task_group_decorator.py for tasks to queue
[2025-12-04T19:47:50.145+0500] {logging_mixin.py:188} INFO - [2025-12-04T19:47:50.145+0500] {dagbag.py:545} INFO - Filling up the DagBag from /Library/Frameworks/Python.framework/Versions/3.11/lib/python3.11/site-packages/airflow/example_dags/example_task_group_decorator.py
[2025-12-04T19:47:50.226+0500] {processor.py:840} INFO - DAG(s) 'example_task_group_decorator' retrieved from /Library/Frameworks/Python.framework/Versions/3.11/lib/python3.11/site-packages/airflow/example_dags/example_task_group_decorator.py
[2025-12-04T19:47:50.427+0500] {logging_mixin.py:188} INFO - [2025-12-04T19:47:50.426+0500] {dag.py:3089} INFO - Sync 1 DAGs
[2025-12-04T19:47:50.465+0500] {logging_mixin.py:188} INFO - [2025-12-04T19:47:50.465+0500] {dag.py:3947} INFO - Setting next_dagrun for example_task_group_decorator to 2025-12-03 00:00:00+00:00, run_after=2025-12-04 00:00:00+00:00
[2025-12-04T19:47:50.486+0500] {processor.py:183} INFO - Processing /Library/Frameworks/Python.framework/Versions/3.11/lib/python3.11/site-packages/airflow/example_dags/example_task_group_decorator.py took 0.350 seconds
[2025-12-04T19:49:55.967+0500] {processor.py:161} INFO - Started process (PID=15184) to work on /Library/Frameworks/Python.framework/Versions/3.11/lib/python3.11/site-packages/airflow/example_dags/example_task_group_decorator.py
[2025-12-04T19:49:55.969+0500] {processor.py:830} INFO - Processing file /Library/Frameworks/Python.framework/Versions/3.11/lib/python3.11/site-packages/airflow/example_dags/example_task_group_decorator.py for tasks to queue
[2025-12-04T19:49:55.970+0500] {logging_mixin.py:188} INFO - [2025-12-04T19:49:55.970+0500] {dagbag.py:545} INFO - Filling up the DagBag from /Library/Frameworks/Python.framework/Versions/3.11/lib/python3.11/site-packages/airflow/example_dags/example_task_group_decorator.py
[2025-12-04T19:49:56.018+0500] {processor.py:840} INFO - DAG(s) 'example_task_group_decorator' retrieved from /Library/Frameworks/Python.framework/Versions/3.11/lib/python3.11/site-packages/airflow/example_dags/example_task_group_decorator.py
[2025-12-04T19:49:56.135+0500] {logging_mixin.py:188} INFO - [2025-12-04T19:49:56.135+0500] {dag.py:3089} INFO - Sync 1 DAGs
[2025-12-04T19:49:56.154+0500] {logging_mixin.py:188} INFO - [2025-12-04T19:49:56.153+0500] {dag.py:3947} INFO - Setting next_dagrun for example_task_group_decorator to 2025-12-03 00:00:00+00:00, run_after=2025-12-04 00:00:00+00:00
[2025-12-04T19:49:56.175+0500] {processor.py:183} INFO - Processing /Library/Frameworks/Python.framework/Versions/3.11/lib/python3.11/site-packages/airflow/example_dags/example_task_group_decorator.py took 0.210 seconds
[2025-12-04T19:51:53.154+0500] {processor.py:161} INFO - Started process (PID=15249) to work on /Library/Frameworks/Python.framework/Versions/3.11/lib/python3.11/site-packages/airflow/example_dags/example_task_group_decorator.py
[2025-12-04T19:51:53.156+0500] {processor.py:830} INFO - Processing file /Library/Frameworks/Python.framework/Versions/3.11/lib/python3.11/site-packages/airflow/example_dags/example_task_group_decorator.py for tasks to queue
[2025-12-04T19:51:53.157+0500] {logging_mixin.py:188} INFO - [2025-12-04T19:51:53.157+0500] {dagbag.py:545} INFO - Filling up the DagBag from /Library/Frameworks/Python.framework/Versions/3.11/lib/python3.11/site-packages/airflow/example_dags/example_task_group_decorator.py
[2025-12-04T19:51:53.202+0500] {processor.py:840} INFO - DAG(s) 'example_task_group_decorator' retrieved from /Library/Frameworks/Python.framework/Versions/3.11/lib/python3.11/site-packages/airflow/example_dags/example_task_group_decorator.py
[2025-12-04T19:51:53.326+0500] {logging_mixin.py:188} INFO - [2025-12-04T19:51:53.325+0500] {dag.py:3089} INFO - Sync 1 DAGs
[2025-12-04T19:51:53.345+0500] {logging_mixin.py:188} INFO - [2025-12-04T19:51:53.345+0500] {dag.py:3947} INFO - Setting next_dagrun for example_task_group_decorator to 2025-12-03 00:00:00+00:00, run_after=2025-12-04 00:00:00+00:00
[2025-12-04T19:51:53.367+0500] {processor.py:183} INFO - Processing /Library/Frameworks/Python.framework/Versions/3.11/lib/python3.11/site-packages/airflow/example_dags/example_task_group_decorator.py took 0.216 seconds
[2025-12-04T19:53:51.668+0500] {processor.py:161} INFO - Started process (PID=15365) to work on /Library/Frameworks/Python.framework/Versions/3.11/lib/python3.11/site-packages/airflow/example_dags/example_task_group_decorator.py
[2025-12-04T19:53:51.670+0500] {processor.py:830} INFO - Processing file /Library/Frameworks/Python.framework/Versions/3.11/lib/python3.11/site-packages/airflow/example_dags/example_task_group_decorator.py for tasks to queue
[2025-12-04T19:53:51.672+0500] {logging_mixin.py:188} INFO - [2025-12-04T19:53:51.671+0500] {dagbag.py:545} INFO - Filling up the DagBag from /Library/Frameworks/Python.framework/Versions/3.11/lib/python3.11/site-packages/airflow/example_dags/example_task_group_decorator.py
[2025-12-04T19:53:51.716+0500] {processor.py:840} INFO - DAG(s) 'example_task_group_decorator' retrieved from /Library/Frameworks/Python.framework/Versions/3.11/lib/python3.11/site-packages/airflow/example_dags/example_task_group_decorator.py
[2025-12-04T19:53:51.832+0500] {logging_mixin.py:188} INFO - [2025-12-04T19:53:51.832+0500] {dag.py:3089} INFO - Sync 1 DAGs
[2025-12-04T19:53:51.849+0500] {logging_mixin.py:188} INFO - [2025-12-04T19:53:51.849+0500] {dag.py:3947} INFO - Setting next_dagrun for example_task_group_decorator to 2025-12-03 00:00:00+00:00, run_after=2025-12-04 00:00:00+00:00
[2025-12-04T19:53:51.870+0500] {processor.py:183} INFO - Processing /Library/Frameworks/Python.framework/Versions/3.11/lib/python3.11/site-packages/airflow/example_dags/example_task_group_decorator.py took 0.204 seconds
[2025-12-04T19:55:46.470+0500] {processor.py:161} INFO - Started process (PID=15428) to work on /Library/Frameworks/Python.framework/Versions/3.11/lib/python3.11/site-packages/airflow/example_dags/example_task_group_decorator.py
[2025-12-04T19:55:46.472+0500] {processor.py:830} INFO - Processing file /Library/Frameworks/Python.framework/Versions/3.11/lib/python3.11/site-packages/airflow/example_dags/example_task_group_decorator.py for tasks to queue
[2025-12-04T19:55:46.473+0500] {logging_mixin.py:188} INFO - [2025-12-04T19:55:46.472+0500] {dagbag.py:545} INFO - Filling up the DagBag from /Library/Frameworks/Python.framework/Versions/3.11/lib/python3.11/site-packages/airflow/example_dags/example_task_group_decorator.py
[2025-12-04T19:55:46.517+0500] {processor.py:840} INFO - DAG(s) 'example_task_group_decorator' retrieved from /Library/Frameworks/Python.framework/Versions/3.11/lib/python3.11/site-packages/airflow/example_dags/example_task_group_decorator.py
[2025-12-04T19:55:46.634+0500] {logging_mixin.py:188} INFO - [2025-12-04T19:55:46.633+0500] {dag.py:3089} INFO - Sync 1 DAGs
[2025-12-04T19:55:46.652+0500] {logging_mixin.py:188} INFO - [2025-12-04T19:55:46.652+0500] {dag.py:3947} INFO - Setting next_dagrun for example_task_group_decorator to 2025-12-03 00:00:00+00:00, run_after=2025-12-04 00:00:00+00:00
[2025-12-04T19:55:46.673+0500] {processor.py:183} INFO - Processing /Library/Frameworks/Python.framework/Versions/3.11/lib/python3.11/site-packages/airflow/example_dags/example_task_group_decorator.py took 0.206 seconds
[2025-12-04T19:57:39.719+0500] {processor.py:161} INFO - Started process (PID=15492) to work on /Library/Frameworks/Python.framework/Versions/3.11/lib/python3.11/site-packages/airflow/example_dags/example_task_group_decorator.py
[2025-12-04T19:57:39.721+0500] {processor.py:830} INFO - Processing file /Library/Frameworks/Python.framework/Versions/3.11/lib/python3.11/site-packages/airflow/example_dags/example_task_group_decorator.py for tasks to queue
[2025-12-04T19:57:39.721+0500] {logging_mixin.py:188} INFO - [2025-12-04T19:57:39.721+0500] {dagbag.py:545} INFO - Filling up the DagBag from /Library/Frameworks/Python.framework/Versions/3.11/lib/python3.11/site-packages/airflow/example_dags/example_task_group_decorator.py
[2025-12-04T19:57:39.766+0500] {processor.py:840} INFO - DAG(s) 'example_task_group_decorator' retrieved from /Library/Frameworks/Python.framework/Versions/3.11/lib/python3.11/site-packages/airflow/example_dags/example_task_group_decorator.py
[2025-12-04T19:57:39.883+0500] {logging_mixin.py:188} INFO - [2025-12-04T19:57:39.883+0500] {dag.py:3089} INFO - Sync 1 DAGs
[2025-12-04T19:57:39.900+0500] {logging_mixin.py:188} INFO - [2025-12-04T19:57:39.900+0500] {dag.py:3947} INFO - Setting next_dagrun for example_task_group_decorator to 2025-12-03 00:00:00+00:00, run_after=2025-12-04 00:00:00+00:00
[2025-12-04T19:57:39.921+0500] {processor.py:183} INFO - Processing /Library/Frameworks/Python.framework/Versions/3.11/lib/python3.11/site-packages/airflow/example_dags/example_task_group_decorator.py took 0.205 seconds
[2025-12-04T20:41:37.210+0500] {processor.py:161} INFO - Started process (PID=15604) to work on /Library/Frameworks/Python.framework/Versions/3.11/lib/python3.11/site-packages/airflow/example_dags/example_task_group_decorator.py
[2025-12-04T20:41:37.213+0500] {processor.py:830} INFO - Processing file /Library/Frameworks/Python.framework/Versions/3.11/lib/python3.11/site-packages/airflow/example_dags/example_task_group_decorator.py for tasks to queue
[2025-12-04T20:41:37.213+0500] {logging_mixin.py:188} INFO - [2025-12-04T20:41:37.213+0500] {dagbag.py:545} INFO - Filling up the DagBag from /Library/Frameworks/Python.framework/Versions/3.11/lib/python3.11/site-packages/airflow/example_dags/example_task_group_decorator.py
[2025-12-04T20:41:37.544+0500] {processor.py:840} INFO - DAG(s) 'example_task_group_decorator' retrieved from /Library/Frameworks/Python.framework/Versions/3.11/lib/python3.11/site-packages/airflow/example_dags/example_task_group_decorator.py
[2025-12-04T20:41:38.092+0500] {logging_mixin.py:188} INFO - [2025-12-04T20:41:38.092+0500] {dag.py:3089} INFO - Sync 1 DAGs
[2025-12-04T20:41:38.197+0500] {logging_mixin.py:188} INFO - [2025-12-04T20:41:38.197+0500] {dag.py:3947} INFO - Setting next_dagrun for example_task_group_decorator to 2025-12-03 00:00:00+00:00, run_after=2025-12-04 00:00:00+00:00
[2025-12-04T20:41:38.376+0500] {processor.py:183} INFO - Processing /Library/Frameworks/Python.framework/Versions/3.11/lib/python3.11/site-packages/airflow/example_dags/example_task_group_decorator.py took 1.172 seconds
[2025-12-04T20:44:37.464+0500] {processor.py:161} INFO - Started process (PID=15769) to work on /Library/Frameworks/Python.framework/Versions/3.11/lib/python3.11/site-packages/airflow/example_dags/example_task_group_decorator.py
[2025-12-04T20:44:37.468+0500] {processor.py:830} INFO - Processing file /Library/Frameworks/Python.framework/Versions/3.11/lib/python3.11/site-packages/airflow/example_dags/example_task_group_decorator.py for tasks to queue
[2025-12-04T20:44:37.469+0500] {logging_mixin.py:188} INFO - [2025-12-04T20:44:37.469+0500] {dagbag.py:545} INFO - Filling up the DagBag from /Library/Frameworks/Python.framework/Versions/3.11/lib/python3.11/site-packages/airflow/example_dags/example_task_group_decorator.py
[2025-12-04T20:44:37.551+0500] {processor.py:840} INFO - DAG(s) 'example_task_group_decorator' retrieved from /Library/Frameworks/Python.framework/Versions/3.11/lib/python3.11/site-packages/airflow/example_dags/example_task_group_decorator.py
[2025-12-04T20:44:37.742+0500] {logging_mixin.py:188} INFO - [2025-12-04T20:44:37.742+0500] {dag.py:3089} INFO - Sync 1 DAGs
[2025-12-04T20:44:37.766+0500] {logging_mixin.py:188} INFO - [2025-12-04T20:44:37.765+0500] {dag.py:3947} INFO - Setting next_dagrun for example_task_group_decorator to 2025-12-03 00:00:00+00:00, run_after=2025-12-04 00:00:00+00:00
[2025-12-04T20:44:37.789+0500] {processor.py:183} INFO - Processing /Library/Frameworks/Python.framework/Versions/3.11/lib/python3.11/site-packages/airflow/example_dags/example_task_group_decorator.py took 0.331 seconds
[2025-12-04T20:47:08.170+0500] {processor.py:161} INFO - Started process (PID=15847) to work on /Library/Frameworks/Python.framework/Versions/3.11/lib/python3.11/site-packages/airflow/example_dags/example_task_group_decorator.py
[2025-12-04T20:47:08.172+0500] {processor.py:830} INFO - Processing file /Library/Frameworks/Python.framework/Versions/3.11/lib/python3.11/site-packages/airflow/example_dags/example_task_group_decorator.py for tasks to queue
[2025-12-04T20:47:08.173+0500] {logging_mixin.py:188} INFO - [2025-12-04T20:47:08.173+0500] {dagbag.py:545} INFO - Filling up the DagBag from /Library/Frameworks/Python.framework/Versions/3.11/lib/python3.11/site-packages/airflow/example_dags/example_task_group_decorator.py
[2025-12-04T20:47:08.219+0500] {processor.py:840} INFO - DAG(s) 'example_task_group_decorator' retrieved from /Library/Frameworks/Python.framework/Versions/3.11/lib/python3.11/site-packages/airflow/example_dags/example_task_group_decorator.py
[2025-12-04T20:47:08.363+0500] {logging_mixin.py:188} INFO - [2025-12-04T20:47:08.362+0500] {dag.py:3089} INFO - Sync 1 DAGs
[2025-12-04T20:47:08.392+0500] {logging_mixin.py:188} INFO - [2025-12-04T20:47:08.391+0500] {dag.py:3947} INFO - Setting next_dagrun for example_task_group_decorator to 2025-12-03 00:00:00+00:00, run_after=2025-12-04 00:00:00+00:00
[2025-12-04T20:47:08.424+0500] {processor.py:183} INFO - Processing /Library/Frameworks/Python.framework/Versions/3.11/lib/python3.11/site-packages/airflow/example_dags/example_task_group_decorator.py took 0.257 seconds
[2025-12-04T20:49:27.013+0500] {processor.py:161} INFO - Started process (PID=15932) to work on /Library/Frameworks/Python.framework/Versions/3.11/lib/python3.11/site-packages/airflow/example_dags/example_task_group_decorator.py
[2025-12-04T20:49:27.015+0500] {processor.py:830} INFO - Processing file /Library/Frameworks/Python.framework/Versions/3.11/lib/python3.11/site-packages/airflow/example_dags/example_task_group_decorator.py for tasks to queue
[2025-12-04T20:49:27.016+0500] {logging_mixin.py:188} INFO - [2025-12-04T20:49:27.016+0500] {dagbag.py:545} INFO - Filling up the DagBag from /Library/Frameworks/Python.framework/Versions/3.11/lib/python3.11/site-packages/airflow/example_dags/example_task_group_decorator.py
[2025-12-04T20:49:27.064+0500] {processor.py:840} INFO - DAG(s) 'example_task_group_decorator' retrieved from /Library/Frameworks/Python.framework/Versions/3.11/lib/python3.11/site-packages/airflow/example_dags/example_task_group_decorator.py
[2025-12-04T20:49:27.188+0500] {logging_mixin.py:188} INFO - [2025-12-04T20:49:27.187+0500] {dag.py:3089} INFO - Sync 1 DAGs
[2025-12-04T20:49:27.211+0500] {logging_mixin.py:188} INFO - [2025-12-04T20:49:27.210+0500] {dag.py:3947} INFO - Setting next_dagrun for example_task_group_decorator to 2025-12-03 00:00:00+00:00, run_after=2025-12-04 00:00:00+00:00
[2025-12-04T20:49:27.233+0500] {processor.py:183} INFO - Processing /Library/Frameworks/Python.framework/Versions/3.11/lib/python3.11/site-packages/airflow/example_dags/example_task_group_decorator.py took 0.222 seconds
