[2025-12-04T18:20:24.619+0500] {processor.py:161} INFO - Started process (PID=11747) to work on /Library/Frameworks/Python.framework/Versions/3.11/lib/python3.11/site-packages/airflow/example_dags/example_branch_python_dop_operator_3.py
[2025-12-04T18:20:24.620+0500] {processor.py:830} INFO - Processing file /Library/Frameworks/Python.framework/Versions/3.11/lib/python3.11/site-packages/airflow/example_dags/example_branch_python_dop_operator_3.py for tasks to queue
[2025-12-04T18:20:24.620+0500] {logging_mixin.py:188} INFO - [2025-12-04T18:20:24.620+0500] {dagbag.py:545} INFO - Filling up the DagBag from /Library/Frameworks/Python.framework/Versions/3.11/lib/python3.11/site-packages/airflow/example_dags/example_branch_python_dop_operator_3.py
[2025-12-04T18:20:24.663+0500] {processor.py:840} INFO - DAG(s) 'example_branch_dop_operator_v3' retrieved from /Library/Frameworks/Python.framework/Versions/3.11/lib/python3.11/site-packages/airflow/example_dags/example_branch_python_dop_operator_3.py
[2025-12-04T18:20:24.964+0500] {logging_mixin.py:188} INFO - [2025-12-04T18:20:24.963+0500] {override.py:1858} INFO - Created Permission View: can edit on DAG:example_branch_dop_operator_v3
[2025-12-04T18:20:24.985+0500] {logging_mixin.py:188} INFO - [2025-12-04T18:20:24.984+0500] {override.py:1858} INFO - Created Permission View: can delete on DAG:example_branch_dop_operator_v3
[2025-12-04T18:20:24.996+0500] {logging_mixin.py:188} INFO - [2025-12-04T18:20:24.995+0500] {override.py:1858} INFO - Created Permission View: can read on DAG:example_branch_dop_operator_v3
[2025-12-04T18:20:24.996+0500] {logging_mixin.py:188} INFO - [2025-12-04T18:20:24.996+0500] {dag.py:3089} INFO - Sync 1 DAGs
[2025-12-04T18:20:25.015+0500] {logging_mixin.py:188} INFO - [2025-12-04T18:20:25.015+0500] {dag.py:3111} INFO - Creating ORM DAG for example_branch_dop_operator_v3
[2025-12-04T18:20:25.040+0500] {logging_mixin.py:188} INFO - [2025-12-04T18:20:25.039+0500] {dag.py:3947} INFO - Setting next_dagrun for example_branch_dop_operator_v3 to 2025-12-04 13:19:00+00:00, run_after=2025-12-04 13:20:00+00:00
[2025-12-04T18:20:25.061+0500] {processor.py:183} INFO - Processing /Library/Frameworks/Python.framework/Versions/3.11/lib/python3.11/site-packages/airflow/example_dags/example_branch_python_dop_operator_3.py took 0.446 seconds
[2025-12-04T18:24:29.807+0500] {processor.py:161} INFO - Started process (PID=11900) to work on /Library/Frameworks/Python.framework/Versions/3.11/lib/python3.11/site-packages/airflow/example_dags/example_branch_python_dop_operator_3.py
[2025-12-04T18:24:29.809+0500] {processor.py:830} INFO - Processing file /Library/Frameworks/Python.framework/Versions/3.11/lib/python3.11/site-packages/airflow/example_dags/example_branch_python_dop_operator_3.py for tasks to queue
[2025-12-04T18:24:29.809+0500] {logging_mixin.py:188} INFO - [2025-12-04T18:24:29.809+0500] {dagbag.py:545} INFO - Filling up the DagBag from /Library/Frameworks/Python.framework/Versions/3.11/lib/python3.11/site-packages/airflow/example_dags/example_branch_python_dop_operator_3.py
[2025-12-04T18:24:29.849+0500] {processor.py:840} INFO - DAG(s) 'example_branch_dop_operator_v3' retrieved from /Library/Frameworks/Python.framework/Versions/3.11/lib/python3.11/site-packages/airflow/example_dags/example_branch_python_dop_operator_3.py
[2025-12-04T18:24:29.969+0500] {logging_mixin.py:188} INFO - [2025-12-04T18:24:29.969+0500] {dag.py:3089} INFO - Sync 1 DAGs
[2025-12-04T18:24:29.990+0500] {logging_mixin.py:188} INFO - [2025-12-04T18:24:29.990+0500] {dag.py:3947} INFO - Setting next_dagrun for example_branch_dop_operator_v3 to 2025-12-04 13:23:00+00:00, run_after=2025-12-04 13:24:00+00:00
[2025-12-04T18:24:30.012+0500] {processor.py:183} INFO - Processing /Library/Frameworks/Python.framework/Versions/3.11/lib/python3.11/site-packages/airflow/example_dags/example_branch_python_dop_operator_3.py took 0.208 seconds
[2025-12-04T18:29:05.973+0500] {processor.py:161} INFO - Started process (PID=12126) to work on /Library/Frameworks/Python.framework/Versions/3.11/lib/python3.11/site-packages/airflow/example_dags/example_branch_python_dop_operator_3.py
[2025-12-04T18:29:05.975+0500] {processor.py:830} INFO - Processing file /Library/Frameworks/Python.framework/Versions/3.11/lib/python3.11/site-packages/airflow/example_dags/example_branch_python_dop_operator_3.py for tasks to queue
[2025-12-04T18:29:05.980+0500] {logging_mixin.py:188} INFO - [2025-12-04T18:29:05.979+0500] {dagbag.py:545} INFO - Filling up the DagBag from /Library/Frameworks/Python.framework/Versions/3.11/lib/python3.11/site-packages/airflow/example_dags/example_branch_python_dop_operator_3.py
[2025-12-04T18:29:06.038+0500] {processor.py:840} INFO - DAG(s) 'example_branch_dop_operator_v3' retrieved from /Library/Frameworks/Python.framework/Versions/3.11/lib/python3.11/site-packages/airflow/example_dags/example_branch_python_dop_operator_3.py
[2025-12-04T18:29:06.283+0500] {logging_mixin.py:188} INFO - [2025-12-04T18:29:06.281+0500] {dag.py:3089} INFO - Sync 1 DAGs
[2025-12-04T18:29:06.325+0500] {logging_mixin.py:188} INFO - [2025-12-04T18:29:06.325+0500] {dag.py:3947} INFO - Setting next_dagrun for example_branch_dop_operator_v3 to 2025-12-04 13:28:00+00:00, run_after=2025-12-04 13:29:00+00:00
[2025-12-04T18:29:06.356+0500] {processor.py:183} INFO - Processing /Library/Frameworks/Python.framework/Versions/3.11/lib/python3.11/site-packages/airflow/example_dags/example_branch_python_dop_operator_3.py took 0.388 seconds
[2025-12-04T18:33:57.194+0500] {processor.py:161} INFO - Started process (PID=12350) to work on /Library/Frameworks/Python.framework/Versions/3.11/lib/python3.11/site-packages/airflow/example_dags/example_branch_python_dop_operator_3.py
[2025-12-04T18:33:57.196+0500] {processor.py:830} INFO - Processing file /Library/Frameworks/Python.framework/Versions/3.11/lib/python3.11/site-packages/airflow/example_dags/example_branch_python_dop_operator_3.py for tasks to queue
[2025-12-04T18:33:57.197+0500] {logging_mixin.py:188} INFO - [2025-12-04T18:33:57.197+0500] {dagbag.py:545} INFO - Filling up the DagBag from /Library/Frameworks/Python.framework/Versions/3.11/lib/python3.11/site-packages/airflow/example_dags/example_branch_python_dop_operator_3.py
[2025-12-04T18:33:57.251+0500] {processor.py:840} INFO - DAG(s) 'example_branch_dop_operator_v3' retrieved from /Library/Frameworks/Python.framework/Versions/3.11/lib/python3.11/site-packages/airflow/example_dags/example_branch_python_dop_operator_3.py
[2025-12-04T18:33:57.396+0500] {logging_mixin.py:188} INFO - [2025-12-04T18:33:57.395+0500] {dag.py:3089} INFO - Sync 1 DAGs
[2025-12-04T18:33:57.428+0500] {logging_mixin.py:188} INFO - [2025-12-04T18:33:57.428+0500] {dag.py:3947} INFO - Setting next_dagrun for example_branch_dop_operator_v3 to 2025-12-04 13:32:00+00:00, run_after=2025-12-04 13:33:00+00:00
[2025-12-04T18:33:57.457+0500] {processor.py:183} INFO - Processing /Library/Frameworks/Python.framework/Versions/3.11/lib/python3.11/site-packages/airflow/example_dags/example_branch_python_dop_operator_3.py took 0.266 seconds
[2025-12-04T18:37:56.090+0500] {processor.py:161} INFO - Started process (PID=12503) to work on /Library/Frameworks/Python.framework/Versions/3.11/lib/python3.11/site-packages/airflow/example_dags/example_branch_python_dop_operator_3.py
[2025-12-04T18:37:56.092+0500] {processor.py:830} INFO - Processing file /Library/Frameworks/Python.framework/Versions/3.11/lib/python3.11/site-packages/airflow/example_dags/example_branch_python_dop_operator_3.py for tasks to queue
[2025-12-04T18:37:56.093+0500] {logging_mixin.py:188} INFO - [2025-12-04T18:37:56.093+0500] {dagbag.py:545} INFO - Filling up the DagBag from /Library/Frameworks/Python.framework/Versions/3.11/lib/python3.11/site-packages/airflow/example_dags/example_branch_python_dop_operator_3.py
[2025-12-04T18:37:56.133+0500] {processor.py:840} INFO - DAG(s) 'example_branch_dop_operator_v3' retrieved from /Library/Frameworks/Python.framework/Versions/3.11/lib/python3.11/site-packages/airflow/example_dags/example_branch_python_dop_operator_3.py
[2025-12-04T18:37:56.245+0500] {logging_mixin.py:188} INFO - [2025-12-04T18:37:56.245+0500] {dag.py:3089} INFO - Sync 1 DAGs
[2025-12-04T18:37:56.266+0500] {logging_mixin.py:188} INFO - [2025-12-04T18:37:56.266+0500] {dag.py:3947} INFO - Setting next_dagrun for example_branch_dop_operator_v3 to 2025-12-04 13:36:00+00:00, run_after=2025-12-04 13:37:00+00:00
[2025-12-04T18:37:56.287+0500] {processor.py:183} INFO - Processing /Library/Frameworks/Python.framework/Versions/3.11/lib/python3.11/site-packages/airflow/example_dags/example_branch_python_dop_operator_3.py took 0.200 seconds
[2025-12-04T18:41:56.426+0500] {processor.py:161} INFO - Started process (PID=12677) to work on /Library/Frameworks/Python.framework/Versions/3.11/lib/python3.11/site-packages/airflow/example_dags/example_branch_python_dop_operator_3.py
[2025-12-04T18:41:56.431+0500] {processor.py:830} INFO - Processing file /Library/Frameworks/Python.framework/Versions/3.11/lib/python3.11/site-packages/airflow/example_dags/example_branch_python_dop_operator_3.py for tasks to queue
[2025-12-04T18:41:56.432+0500] {logging_mixin.py:188} INFO - [2025-12-04T18:41:56.432+0500] {dagbag.py:545} INFO - Filling up the DagBag from /Library/Frameworks/Python.framework/Versions/3.11/lib/python3.11/site-packages/airflow/example_dags/example_branch_python_dop_operator_3.py
[2025-12-04T18:41:56.496+0500] {processor.py:840} INFO - DAG(s) 'example_branch_dop_operator_v3' retrieved from /Library/Frameworks/Python.framework/Versions/3.11/lib/python3.11/site-packages/airflow/example_dags/example_branch_python_dop_operator_3.py
[2025-12-04T18:41:56.656+0500] {logging_mixin.py:188} INFO - [2025-12-04T18:41:56.655+0500] {dag.py:3089} INFO - Sync 1 DAGs
[2025-12-04T18:41:56.688+0500] {logging_mixin.py:188} INFO - [2025-12-04T18:41:56.688+0500] {dag.py:3947} INFO - Setting next_dagrun for example_branch_dop_operator_v3 to 2025-12-04 13:40:00+00:00, run_after=2025-12-04 13:41:00+00:00
[2025-12-04T18:41:56.719+0500] {processor.py:183} INFO - Processing /Library/Frameworks/Python.framework/Versions/3.11/lib/python3.11/site-packages/airflow/example_dags/example_branch_python_dop_operator_3.py took 0.296 seconds
[2025-12-04T18:46:12.411+0500] {processor.py:161} INFO - Started process (PID=12843) to work on /Library/Frameworks/Python.framework/Versions/3.11/lib/python3.11/site-packages/airflow/example_dags/example_branch_python_dop_operator_3.py
[2025-12-04T18:46:12.413+0500] {processor.py:830} INFO - Processing file /Library/Frameworks/Python.framework/Versions/3.11/lib/python3.11/site-packages/airflow/example_dags/example_branch_python_dop_operator_3.py for tasks to queue
[2025-12-04T18:46:12.414+0500] {logging_mixin.py:188} INFO - [2025-12-04T18:46:12.413+0500] {dagbag.py:545} INFO - Filling up the DagBag from /Library/Frameworks/Python.framework/Versions/3.11/lib/python3.11/site-packages/airflow/example_dags/example_branch_python_dop_operator_3.py
[2025-12-04T18:46:12.459+0500] {processor.py:840} INFO - DAG(s) 'example_branch_dop_operator_v3' retrieved from /Library/Frameworks/Python.framework/Versions/3.11/lib/python3.11/site-packages/airflow/example_dags/example_branch_python_dop_operator_3.py
[2025-12-04T18:46:12.573+0500] {logging_mixin.py:188} INFO - [2025-12-04T18:46:12.573+0500] {dag.py:3089} INFO - Sync 1 DAGs
[2025-12-04T18:46:12.600+0500] {logging_mixin.py:188} INFO - [2025-12-04T18:46:12.600+0500] {dag.py:3947} INFO - Setting next_dagrun for example_branch_dop_operator_v3 to 2025-12-04 13:45:00+00:00, run_after=2025-12-04 13:46:00+00:00
[2025-12-04T18:46:12.624+0500] {processor.py:183} INFO - Processing /Library/Frameworks/Python.framework/Versions/3.11/lib/python3.11/site-packages/airflow/example_dags/example_branch_python_dop_operator_3.py took 0.216 seconds
[2025-12-04T18:50:32.245+0500] {processor.py:161} INFO - Started process (PID=12989) to work on /Library/Frameworks/Python.framework/Versions/3.11/lib/python3.11/site-packages/airflow/example_dags/example_branch_python_dop_operator_3.py
[2025-12-04T18:50:32.248+0500] {processor.py:830} INFO - Processing file /Library/Frameworks/Python.framework/Versions/3.11/lib/python3.11/site-packages/airflow/example_dags/example_branch_python_dop_operator_3.py for tasks to queue
[2025-12-04T18:50:32.250+0500] {logging_mixin.py:188} INFO - [2025-12-04T18:50:32.249+0500] {dagbag.py:545} INFO - Filling up the DagBag from /Library/Frameworks/Python.framework/Versions/3.11/lib/python3.11/site-packages/airflow/example_dags/example_branch_python_dop_operator_3.py
[2025-12-04T18:50:32.322+0500] {processor.py:840} INFO - DAG(s) 'example_branch_dop_operator_v3' retrieved from /Library/Frameworks/Python.framework/Versions/3.11/lib/python3.11/site-packages/airflow/example_dags/example_branch_python_dop_operator_3.py
[2025-12-04T18:50:32.507+0500] {logging_mixin.py:188} INFO - [2025-12-04T18:50:32.506+0500] {dag.py:3089} INFO - Sync 1 DAGs
[2025-12-04T18:50:32.541+0500] {logging_mixin.py:188} INFO - [2025-12-04T18:50:32.541+0500] {dag.py:3947} INFO - Setting next_dagrun for example_branch_dop_operator_v3 to 2025-12-04 13:49:00+00:00, run_after=2025-12-04 13:50:00+00:00
[2025-12-04T18:50:32.570+0500] {processor.py:183} INFO - Processing /Library/Frameworks/Python.framework/Versions/3.11/lib/python3.11/site-packages/airflow/example_dags/example_branch_python_dop_operator_3.py took 0.329 seconds
[2025-12-04T18:54:59.281+0500] {processor.py:161} INFO - Started process (PID=13171) to work on /Library/Frameworks/Python.framework/Versions/3.11/lib/python3.11/site-packages/airflow/example_dags/example_branch_python_dop_operator_3.py
[2025-12-04T18:54:59.283+0500] {processor.py:830} INFO - Processing file /Library/Frameworks/Python.framework/Versions/3.11/lib/python3.11/site-packages/airflow/example_dags/example_branch_python_dop_operator_3.py for tasks to queue
[2025-12-04T18:54:59.284+0500] {logging_mixin.py:188} INFO - [2025-12-04T18:54:59.283+0500] {dagbag.py:545} INFO - Filling up the DagBag from /Library/Frameworks/Python.framework/Versions/3.11/lib/python3.11/site-packages/airflow/example_dags/example_branch_python_dop_operator_3.py
[2025-12-04T18:54:59.360+0500] {processor.py:840} INFO - DAG(s) 'example_branch_dop_operator_v3' retrieved from /Library/Frameworks/Python.framework/Versions/3.11/lib/python3.11/site-packages/airflow/example_dags/example_branch_python_dop_operator_3.py
[2025-12-04T18:54:59.498+0500] {logging_mixin.py:188} INFO - [2025-12-04T18:54:59.497+0500] {dag.py:3089} INFO - Sync 1 DAGs
[2025-12-04T18:54:59.528+0500] {logging_mixin.py:188} INFO - [2025-12-04T18:54:59.528+0500] {dag.py:3947} INFO - Setting next_dagrun for example_branch_dop_operator_v3 to 2025-12-04 13:53:00+00:00, run_after=2025-12-04 13:54:00+00:00
[2025-12-04T18:54:59.557+0500] {processor.py:183} INFO - Processing /Library/Frameworks/Python.framework/Versions/3.11/lib/python3.11/site-packages/airflow/example_dags/example_branch_python_dop_operator_3.py took 0.279 seconds
[2025-12-04T19:34:58.742+0500] {processor.py:161} INFO - Started process (PID=14636) to work on /Library/Frameworks/Python.framework/Versions/3.11/lib/python3.11/site-packages/airflow/example_dags/example_branch_python_dop_operator_3.py
[2025-12-04T19:34:58.744+0500] {processor.py:830} INFO - Processing file /Library/Frameworks/Python.framework/Versions/3.11/lib/python3.11/site-packages/airflow/example_dags/example_branch_python_dop_operator_3.py for tasks to queue
[2025-12-04T19:34:58.745+0500] {logging_mixin.py:188} INFO - [2025-12-04T19:34:58.745+0500] {dagbag.py:545} INFO - Filling up the DagBag from /Library/Frameworks/Python.framework/Versions/3.11/lib/python3.11/site-packages/airflow/example_dags/example_branch_python_dop_operator_3.py
[2025-12-04T19:34:58.785+0500] {processor.py:840} INFO - DAG(s) 'example_branch_dop_operator_v3' retrieved from /Library/Frameworks/Python.framework/Versions/3.11/lib/python3.11/site-packages/airflow/example_dags/example_branch_python_dop_operator_3.py
[2025-12-04T19:34:58.900+0500] {logging_mixin.py:188} INFO - [2025-12-04T19:34:58.900+0500] {dag.py:3089} INFO - Sync 1 DAGs
[2025-12-04T19:34:58.927+0500] {logging_mixin.py:188} INFO - [2025-12-04T19:34:58.927+0500] {dag.py:3947} INFO - Setting next_dagrun for example_branch_dop_operator_v3 to 2025-12-04 14:33:00+00:00, run_after=2025-12-04 14:34:00+00:00
[2025-12-04T19:34:58.955+0500] {processor.py:183} INFO - Processing /Library/Frameworks/Python.framework/Versions/3.11/lib/python3.11/site-packages/airflow/example_dags/example_branch_python_dop_operator_3.py took 0.217 seconds
[2025-12-04T19:39:26.948+0500] {processor.py:161} INFO - Started process (PID=14807) to work on /Library/Frameworks/Python.framework/Versions/3.11/lib/python3.11/site-packages/airflow/example_dags/example_branch_python_dop_operator_3.py
[2025-12-04T19:39:26.950+0500] {processor.py:830} INFO - Processing file /Library/Frameworks/Python.framework/Versions/3.11/lib/python3.11/site-packages/airflow/example_dags/example_branch_python_dop_operator_3.py for tasks to queue
[2025-12-04T19:39:26.951+0500] {logging_mixin.py:188} INFO - [2025-12-04T19:39:26.951+0500] {dagbag.py:545} INFO - Filling up the DagBag from /Library/Frameworks/Python.framework/Versions/3.11/lib/python3.11/site-packages/airflow/example_dags/example_branch_python_dop_operator_3.py
[2025-12-04T19:39:26.996+0500] {processor.py:840} INFO - DAG(s) 'example_branch_dop_operator_v3' retrieved from /Library/Frameworks/Python.framework/Versions/3.11/lib/python3.11/site-packages/airflow/example_dags/example_branch_python_dop_operator_3.py
[2025-12-04T19:39:27.108+0500] {logging_mixin.py:188} INFO - [2025-12-04T19:39:27.107+0500] {dag.py:3089} INFO - Sync 1 DAGs
[2025-12-04T19:39:27.129+0500] {logging_mixin.py:188} INFO - [2025-12-04T19:39:27.129+0500] {dag.py:3947} INFO - Setting next_dagrun for example_branch_dop_operator_v3 to 2025-12-04 14:38:00+00:00, run_after=2025-12-04 14:39:00+00:00
[2025-12-04T19:39:27.151+0500] {processor.py:183} INFO - Processing /Library/Frameworks/Python.framework/Versions/3.11/lib/python3.11/site-packages/airflow/example_dags/example_branch_python_dop_operator_3.py took 0.206 seconds
[2025-12-04T19:44:03.096+0500] {processor.py:161} INFO - Started process (PID=14971) to work on /Library/Frameworks/Python.framework/Versions/3.11/lib/python3.11/site-packages/airflow/example_dags/example_branch_python_dop_operator_3.py
[2025-12-04T19:44:03.098+0500] {processor.py:830} INFO - Processing file /Library/Frameworks/Python.framework/Versions/3.11/lib/python3.11/site-packages/airflow/example_dags/example_branch_python_dop_operator_3.py for tasks to queue
[2025-12-04T19:44:03.099+0500] {logging_mixin.py:188} INFO - [2025-12-04T19:44:03.099+0500] {dagbag.py:545} INFO - Filling up the DagBag from /Library/Frameworks/Python.framework/Versions/3.11/lib/python3.11/site-packages/airflow/example_dags/example_branch_python_dop_operator_3.py
[2025-12-04T19:44:03.139+0500] {processor.py:840} INFO - DAG(s) 'example_branch_dop_operator_v3' retrieved from /Library/Frameworks/Python.framework/Versions/3.11/lib/python3.11/site-packages/airflow/example_dags/example_branch_python_dop_operator_3.py
[2025-12-04T19:44:03.253+0500] {logging_mixin.py:188} INFO - [2025-12-04T19:44:03.252+0500] {dag.py:3089} INFO - Sync 1 DAGs
[2025-12-04T19:44:03.275+0500] {logging_mixin.py:188} INFO - [2025-12-04T19:44:03.275+0500] {dag.py:3947} INFO - Setting next_dagrun for example_branch_dop_operator_v3 to 2025-12-04 14:43:00+00:00, run_after=2025-12-04 14:44:00+00:00
[2025-12-04T19:44:03.299+0500] {processor.py:183} INFO - Processing /Library/Frameworks/Python.framework/Versions/3.11/lib/python3.11/site-packages/airflow/example_dags/example_branch_python_dop_operator_3.py took 0.206 seconds
[2025-12-04T19:48:47.899+0500] {processor.py:161} INFO - Started process (PID=15147) to work on /Library/Frameworks/Python.framework/Versions/3.11/lib/python3.11/site-packages/airflow/example_dags/example_branch_python_dop_operator_3.py
[2025-12-04T19:48:47.901+0500] {processor.py:830} INFO - Processing file /Library/Frameworks/Python.framework/Versions/3.11/lib/python3.11/site-packages/airflow/example_dags/example_branch_python_dop_operator_3.py for tasks to queue
[2025-12-04T19:48:47.902+0500] {logging_mixin.py:188} INFO - [2025-12-04T19:48:47.902+0500] {dagbag.py:545} INFO - Filling up the DagBag from /Library/Frameworks/Python.framework/Versions/3.11/lib/python3.11/site-packages/airflow/example_dags/example_branch_python_dop_operator_3.py
[2025-12-04T19:48:47.943+0500] {processor.py:840} INFO - DAG(s) 'example_branch_dop_operator_v3' retrieved from /Library/Frameworks/Python.framework/Versions/3.11/lib/python3.11/site-packages/airflow/example_dags/example_branch_python_dop_operator_3.py
[2025-12-04T19:48:48.052+0500] {logging_mixin.py:188} INFO - [2025-12-04T19:48:48.052+0500] {dag.py:3089} INFO - Sync 1 DAGs
[2025-12-04T19:48:48.073+0500] {logging_mixin.py:188} INFO - [2025-12-04T19:48:48.073+0500] {dag.py:3947} INFO - Setting next_dagrun for example_branch_dop_operator_v3 to 2025-12-04 14:47:00+00:00, run_after=2025-12-04 14:48:00+00:00
[2025-12-04T19:48:48.094+0500] {processor.py:183} INFO - Processing /Library/Frameworks/Python.framework/Versions/3.11/lib/python3.11/site-packages/airflow/example_dags/example_branch_python_dop_operator_3.py took 0.198 seconds
[2025-12-04T19:52:44.523+0500] {processor.py:161} INFO - Started process (PID=15327) to work on /Library/Frameworks/Python.framework/Versions/3.11/lib/python3.11/site-packages/airflow/example_dags/example_branch_python_dop_operator_3.py
[2025-12-04T19:52:44.525+0500] {processor.py:830} INFO - Processing file /Library/Frameworks/Python.framework/Versions/3.11/lib/python3.11/site-packages/airflow/example_dags/example_branch_python_dop_operator_3.py for tasks to queue
[2025-12-04T19:52:44.526+0500] {logging_mixin.py:188} INFO - [2025-12-04T19:52:44.526+0500] {dagbag.py:545} INFO - Filling up the DagBag from /Library/Frameworks/Python.framework/Versions/3.11/lib/python3.11/site-packages/airflow/example_dags/example_branch_python_dop_operator_3.py
[2025-12-04T19:52:44.566+0500] {processor.py:840} INFO - DAG(s) 'example_branch_dop_operator_v3' retrieved from /Library/Frameworks/Python.framework/Versions/3.11/lib/python3.11/site-packages/airflow/example_dags/example_branch_python_dop_operator_3.py
[2025-12-04T19:52:44.676+0500] {logging_mixin.py:188} INFO - [2025-12-04T19:52:44.676+0500] {dag.py:3089} INFO - Sync 1 DAGs
[2025-12-04T19:52:44.697+0500] {logging_mixin.py:188} INFO - [2025-12-04T19:52:44.697+0500] {dag.py:3947} INFO - Setting next_dagrun for example_branch_dop_operator_v3 to 2025-12-04 14:51:00+00:00, run_after=2025-12-04 14:52:00+00:00
[2025-12-04T19:52:44.718+0500] {processor.py:183} INFO - Processing /Library/Frameworks/Python.framework/Versions/3.11/lib/python3.11/site-packages/airflow/example_dags/example_branch_python_dop_operator_3.py took 0.198 seconds
[2025-12-04T19:56:32.433+0500] {processor.py:161} INFO - Started process (PID=15453) to work on /Library/Frameworks/Python.framework/Versions/3.11/lib/python3.11/site-packages/airflow/example_dags/example_branch_python_dop_operator_3.py
[2025-12-04T19:56:32.435+0500] {processor.py:830} INFO - Processing file /Library/Frameworks/Python.framework/Versions/3.11/lib/python3.11/site-packages/airflow/example_dags/example_branch_python_dop_operator_3.py for tasks to queue
[2025-12-04T19:56:32.436+0500] {logging_mixin.py:188} INFO - [2025-12-04T19:56:32.436+0500] {dagbag.py:545} INFO - Filling up the DagBag from /Library/Frameworks/Python.framework/Versions/3.11/lib/python3.11/site-packages/airflow/example_dags/example_branch_python_dop_operator_3.py
[2025-12-04T19:56:32.474+0500] {processor.py:840} INFO - DAG(s) 'example_branch_dop_operator_v3' retrieved from /Library/Frameworks/Python.framework/Versions/3.11/lib/python3.11/site-packages/airflow/example_dags/example_branch_python_dop_operator_3.py
[2025-12-04T19:56:32.582+0500] {logging_mixin.py:188} INFO - [2025-12-04T19:56:32.581+0500] {dag.py:3089} INFO - Sync 1 DAGs
[2025-12-04T19:56:32.602+0500] {logging_mixin.py:188} INFO - [2025-12-04T19:56:32.602+0500] {dag.py:3947} INFO - Setting next_dagrun for example_branch_dop_operator_v3 to 2025-12-04 14:55:00+00:00, run_after=2025-12-04 14:56:00+00:00
[2025-12-04T19:56:32.622+0500] {processor.py:183} INFO - Processing /Library/Frameworks/Python.framework/Versions/3.11/lib/python3.11/site-packages/airflow/example_dags/example_branch_python_dop_operator_3.py took 0.192 seconds
[2025-12-04T20:42:49.501+0500] {processor.py:161} INFO - Started process (PID=15655) to work on /Library/Frameworks/Python.framework/Versions/3.11/lib/python3.11/site-packages/airflow/example_dags/example_branch_python_dop_operator_3.py
[2025-12-04T20:42:49.502+0500] {processor.py:830} INFO - Processing file /Library/Frameworks/Python.framework/Versions/3.11/lib/python3.11/site-packages/airflow/example_dags/example_branch_python_dop_operator_3.py for tasks to queue
[2025-12-04T20:42:49.504+0500] {logging_mixin.py:188} INFO - [2025-12-04T20:42:49.503+0500] {dagbag.py:545} INFO - Filling up the DagBag from /Library/Frameworks/Python.framework/Versions/3.11/lib/python3.11/site-packages/airflow/example_dags/example_branch_python_dop_operator_3.py
[2025-12-04T20:42:49.552+0500] {processor.py:840} INFO - DAG(s) 'example_branch_dop_operator_v3' retrieved from /Library/Frameworks/Python.framework/Versions/3.11/lib/python3.11/site-packages/airflow/example_dags/example_branch_python_dop_operator_3.py
[2025-12-04T20:42:49.693+0500] {logging_mixin.py:188} INFO - [2025-12-04T20:42:49.693+0500] {dag.py:3089} INFO - Sync 1 DAGs
[2025-12-04T20:42:49.723+0500] {logging_mixin.py:188} INFO - [2025-12-04T20:42:49.722+0500] {dag.py:3947} INFO - Setting next_dagrun for example_branch_dop_operator_v3 to 2025-12-04 15:41:00+00:00, run_after=2025-12-04 15:42:00+00:00
[2025-12-04T20:42:49.748+0500] {processor.py:183} INFO - Processing /Library/Frameworks/Python.framework/Versions/3.11/lib/python3.11/site-packages/airflow/example_dags/example_branch_python_dop_operator_3.py took 0.251 seconds
[2025-12-04T20:46:10.228+0500] {processor.py:161} INFO - Started process (PID=15818) to work on /Library/Frameworks/Python.framework/Versions/3.11/lib/python3.11/site-packages/airflow/example_dags/example_branch_python_dop_operator_3.py
[2025-12-04T20:46:10.230+0500] {processor.py:830} INFO - Processing file /Library/Frameworks/Python.framework/Versions/3.11/lib/python3.11/site-packages/airflow/example_dags/example_branch_python_dop_operator_3.py for tasks to queue
[2025-12-04T20:46:10.231+0500] {logging_mixin.py:188} INFO - [2025-12-04T20:46:10.231+0500] {dagbag.py:545} INFO - Filling up the DagBag from /Library/Frameworks/Python.framework/Versions/3.11/lib/python3.11/site-packages/airflow/example_dags/example_branch_python_dop_operator_3.py
[2025-12-04T20:46:10.269+0500] {processor.py:840} INFO - DAG(s) 'example_branch_dop_operator_v3' retrieved from /Library/Frameworks/Python.framework/Versions/3.11/lib/python3.11/site-packages/airflow/example_dags/example_branch_python_dop_operator_3.py
[2025-12-04T20:46:10.379+0500] {logging_mixin.py:188} INFO - [2025-12-04T20:46:10.378+0500] {dag.py:3089} INFO - Sync 1 DAGs
[2025-12-04T20:46:10.399+0500] {logging_mixin.py:188} INFO - [2025-12-04T20:46:10.399+0500] {dag.py:3947} INFO - Setting next_dagrun for example_branch_dop_operator_v3 to 2025-12-04 15:45:00+00:00, run_after=2025-12-04 15:46:00+00:00
[2025-12-04T20:46:10.419+0500] {processor.py:183} INFO - Processing /Library/Frameworks/Python.framework/Versions/3.11/lib/python3.11/site-packages/airflow/example_dags/example_branch_python_dop_operator_3.py took 0.194 seconds
