[2025-12-04T18:18:48.194+0500] {processor.py:161} INFO - Started process (PID=11695) to work on /Library/Frameworks/Python.framework/Versions/3.11/lib/python3.11/site-packages/airflow/example_dags/example_task_group.py
[2025-12-04T18:18:48.200+0500] {processor.py:830} INFO - Processing file /Library/Frameworks/Python.framework/Versions/3.11/lib/python3.11/site-packages/airflow/example_dags/example_task_group.py for tasks to queue
[2025-12-04T18:18:48.201+0500] {logging_mixin.py:188} INFO - [2025-12-04T18:18:48.200+0500] {dagbag.py:545} INFO - Filling up the DagBag from /Library/Frameworks/Python.framework/Versions/3.11/lib/python3.11/site-packages/airflow/example_dags/example_task_group.py
[2025-12-04T18:18:48.219+0500] {processor.py:840} INFO - DAG(s) 'example_task_group' retrieved from /Library/Frameworks/Python.framework/Versions/3.11/lib/python3.11/site-packages/airflow/example_dags/example_task_group.py
[2025-12-04T18:18:48.505+0500] {logging_mixin.py:188} INFO - [2025-12-04T18:18:48.504+0500] {override.py:1858} INFO - Created Permission View: can delete on DAG:example_task_group
[2025-12-04T18:18:48.523+0500] {logging_mixin.py:188} INFO - [2025-12-04T18:18:48.522+0500] {override.py:1858} INFO - Created Permission View: can edit on DAG:example_task_group
[2025-12-04T18:18:48.536+0500] {logging_mixin.py:188} INFO - [2025-12-04T18:18:48.535+0500] {override.py:1858} INFO - Created Permission View: can read on DAG:example_task_group
[2025-12-04T18:18:48.536+0500] {logging_mixin.py:188} INFO - [2025-12-04T18:18:48.536+0500] {dag.py:3089} INFO - Sync 1 DAGs
[2025-12-04T18:18:48.642+0500] {logging_mixin.py:188} INFO - [2025-12-04T18:18:48.642+0500] {dag.py:3111} INFO - Creating ORM DAG for example_task_group
[2025-12-04T18:18:48.656+0500] {logging_mixin.py:188} INFO - [2025-12-04T18:18:48.656+0500] {dag.py:3947} INFO - Setting next_dagrun for example_task_group to 2025-12-03 00:00:00+00:00, run_after=2025-12-04 00:00:00+00:00
[2025-12-04T18:18:48.708+0500] {processor.py:183} INFO - Processing /Library/Frameworks/Python.framework/Versions/3.11/lib/python3.11/site-packages/airflow/example_dags/example_task_group.py took 0.517 seconds
[2025-12-04T18:21:37.679+0500] {processor.py:161} INFO - Started process (PID=11794) to work on /Library/Frameworks/Python.framework/Versions/3.11/lib/python3.11/site-packages/airflow/example_dags/example_task_group.py
[2025-12-04T18:21:37.681+0500] {processor.py:830} INFO - Processing file /Library/Frameworks/Python.framework/Versions/3.11/lib/python3.11/site-packages/airflow/example_dags/example_task_group.py for tasks to queue
[2025-12-04T18:21:37.682+0500] {logging_mixin.py:188} INFO - [2025-12-04T18:21:37.682+0500] {dagbag.py:545} INFO - Filling up the DagBag from /Library/Frameworks/Python.framework/Versions/3.11/lib/python3.11/site-packages/airflow/example_dags/example_task_group.py
[2025-12-04T18:21:37.696+0500] {processor.py:840} INFO - DAG(s) 'example_task_group' retrieved from /Library/Frameworks/Python.framework/Versions/3.11/lib/python3.11/site-packages/airflow/example_dags/example_task_group.py
[2025-12-04T18:21:37.810+0500] {logging_mixin.py:188} INFO - [2025-12-04T18:21:37.810+0500] {dag.py:3089} INFO - Sync 1 DAGs
[2025-12-04T18:21:37.828+0500] {logging_mixin.py:188} INFO - [2025-12-04T18:21:37.827+0500] {dag.py:3947} INFO - Setting next_dagrun for example_task_group to 2025-12-03 00:00:00+00:00, run_after=2025-12-04 00:00:00+00:00
[2025-12-04T18:21:37.851+0500] {processor.py:183} INFO - Processing /Library/Frameworks/Python.framework/Versions/3.11/lib/python3.11/site-packages/airflow/example_dags/example_task_group.py took 0.176 seconds
[2025-12-04T18:23:42.853+0500] {processor.py:161} INFO - Started process (PID=11874) to work on /Library/Frameworks/Python.framework/Versions/3.11/lib/python3.11/site-packages/airflow/example_dags/example_task_group.py
[2025-12-04T18:23:42.855+0500] {processor.py:830} INFO - Processing file /Library/Frameworks/Python.framework/Versions/3.11/lib/python3.11/site-packages/airflow/example_dags/example_task_group.py for tasks to queue
[2025-12-04T18:23:42.856+0500] {logging_mixin.py:188} INFO - [2025-12-04T18:23:42.855+0500] {dagbag.py:545} INFO - Filling up the DagBag from /Library/Frameworks/Python.framework/Versions/3.11/lib/python3.11/site-packages/airflow/example_dags/example_task_group.py
[2025-12-04T18:23:42.868+0500] {processor.py:840} INFO - DAG(s) 'example_task_group' retrieved from /Library/Frameworks/Python.framework/Versions/3.11/lib/python3.11/site-packages/airflow/example_dags/example_task_group.py
[2025-12-04T18:23:42.981+0500] {logging_mixin.py:188} INFO - [2025-12-04T18:23:42.980+0500] {dag.py:3089} INFO - Sync 1 DAGs
[2025-12-04T18:23:42.996+0500] {logging_mixin.py:188} INFO - [2025-12-04T18:23:42.996+0500] {dag.py:3947} INFO - Setting next_dagrun for example_task_group to 2025-12-03 00:00:00+00:00, run_after=2025-12-04 00:00:00+00:00
[2025-12-04T18:23:43.017+0500] {processor.py:183} INFO - Processing /Library/Frameworks/Python.framework/Versions/3.11/lib/python3.11/site-packages/airflow/example_dags/example_task_group.py took 0.168 seconds
[2025-12-04T18:25:47.786+0500] {processor.py:161} INFO - Started process (PID=11974) to work on /Library/Frameworks/Python.framework/Versions/3.11/lib/python3.11/site-packages/airflow/example_dags/example_task_group.py
[2025-12-04T18:25:47.788+0500] {processor.py:830} INFO - Processing file /Library/Frameworks/Python.framework/Versions/3.11/lib/python3.11/site-packages/airflow/example_dags/example_task_group.py for tasks to queue
[2025-12-04T18:25:47.789+0500] {logging_mixin.py:188} INFO - [2025-12-04T18:25:47.788+0500] {dagbag.py:545} INFO - Filling up the DagBag from /Library/Frameworks/Python.framework/Versions/3.11/lib/python3.11/site-packages/airflow/example_dags/example_task_group.py
[2025-12-04T18:25:47.806+0500] {processor.py:840} INFO - DAG(s) 'example_task_group' retrieved from /Library/Frameworks/Python.framework/Versions/3.11/lib/python3.11/site-packages/airflow/example_dags/example_task_group.py
[2025-12-04T18:25:47.950+0500] {logging_mixin.py:188} INFO - [2025-12-04T18:25:47.950+0500] {dag.py:3089} INFO - Sync 1 DAGs
[2025-12-04T18:25:47.969+0500] {logging_mixin.py:188} INFO - [2025-12-04T18:25:47.969+0500] {dag.py:3947} INFO - Setting next_dagrun for example_task_group to 2025-12-03 00:00:00+00:00, run_after=2025-12-04 00:00:00+00:00
[2025-12-04T18:25:47.995+0500] {processor.py:183} INFO - Processing /Library/Frameworks/Python.framework/Versions/3.11/lib/python3.11/site-packages/airflow/example_dags/example_task_group.py took 0.212 seconds
[2025-12-04T18:28:01.440+0500] {processor.py:161} INFO - Started process (PID=12085) to work on /Library/Frameworks/Python.framework/Versions/3.11/lib/python3.11/site-packages/airflow/example_dags/example_task_group.py
[2025-12-04T18:28:01.442+0500] {processor.py:830} INFO - Processing file /Library/Frameworks/Python.framework/Versions/3.11/lib/python3.11/site-packages/airflow/example_dags/example_task_group.py for tasks to queue
[2025-12-04T18:28:01.443+0500] {logging_mixin.py:188} INFO - [2025-12-04T18:28:01.443+0500] {dagbag.py:545} INFO - Filling up the DagBag from /Library/Frameworks/Python.framework/Versions/3.11/lib/python3.11/site-packages/airflow/example_dags/example_task_group.py
[2025-12-04T18:28:01.455+0500] {processor.py:840} INFO - DAG(s) 'example_task_group' retrieved from /Library/Frameworks/Python.framework/Versions/3.11/lib/python3.11/site-packages/airflow/example_dags/example_task_group.py
[2025-12-04T18:28:01.572+0500] {logging_mixin.py:188} INFO - [2025-12-04T18:28:01.571+0500] {dag.py:3089} INFO - Sync 1 DAGs
[2025-12-04T18:28:01.596+0500] {logging_mixin.py:188} INFO - [2025-12-04T18:28:01.595+0500] {dag.py:3947} INFO - Setting next_dagrun for example_task_group to 2025-12-03 00:00:00+00:00, run_after=2025-12-04 00:00:00+00:00
[2025-12-04T18:28:01.631+0500] {processor.py:183} INFO - Processing /Library/Frameworks/Python.framework/Versions/3.11/lib/python3.11/site-packages/airflow/example_dags/example_task_group.py took 0.197 seconds
[2025-12-04T18:30:32.591+0500] {processor.py:161} INFO - Started process (PID=12202) to work on /Library/Frameworks/Python.framework/Versions/3.11/lib/python3.11/site-packages/airflow/example_dags/example_task_group.py
[2025-12-04T18:30:32.593+0500] {processor.py:830} INFO - Processing file /Library/Frameworks/Python.framework/Versions/3.11/lib/python3.11/site-packages/airflow/example_dags/example_task_group.py for tasks to queue
[2025-12-04T18:30:32.594+0500] {logging_mixin.py:188} INFO - [2025-12-04T18:30:32.593+0500] {dagbag.py:545} INFO - Filling up the DagBag from /Library/Frameworks/Python.framework/Versions/3.11/lib/python3.11/site-packages/airflow/example_dags/example_task_group.py
[2025-12-04T18:30:32.607+0500] {processor.py:840} INFO - DAG(s) 'example_task_group' retrieved from /Library/Frameworks/Python.framework/Versions/3.11/lib/python3.11/site-packages/airflow/example_dags/example_task_group.py
[2025-12-04T18:30:32.761+0500] {logging_mixin.py:188} INFO - [2025-12-04T18:30:32.761+0500] {dag.py:3089} INFO - Sync 1 DAGs
[2025-12-04T18:30:32.785+0500] {logging_mixin.py:188} INFO - [2025-12-04T18:30:32.785+0500] {dag.py:3947} INFO - Setting next_dagrun for example_task_group to 2025-12-03 00:00:00+00:00, run_after=2025-12-04 00:00:00+00:00
[2025-12-04T18:30:32.819+0500] {processor.py:183} INFO - Processing /Library/Frameworks/Python.framework/Versions/3.11/lib/python3.11/site-packages/airflow/example_dags/example_task_group.py took 0.233 seconds
[2025-12-04T18:32:56.558+0500] {processor.py:161} INFO - Started process (PID=12301) to work on /Library/Frameworks/Python.framework/Versions/3.11/lib/python3.11/site-packages/airflow/example_dags/example_task_group.py
[2025-12-04T18:32:56.560+0500] {processor.py:830} INFO - Processing file /Library/Frameworks/Python.framework/Versions/3.11/lib/python3.11/site-packages/airflow/example_dags/example_task_group.py for tasks to queue
[2025-12-04T18:32:56.561+0500] {logging_mixin.py:188} INFO - [2025-12-04T18:32:56.561+0500] {dagbag.py:545} INFO - Filling up the DagBag from /Library/Frameworks/Python.framework/Versions/3.11/lib/python3.11/site-packages/airflow/example_dags/example_task_group.py
[2025-12-04T18:32:56.575+0500] {processor.py:840} INFO - DAG(s) 'example_task_group' retrieved from /Library/Frameworks/Python.framework/Versions/3.11/lib/python3.11/site-packages/airflow/example_dags/example_task_group.py
[2025-12-04T18:32:56.723+0500] {logging_mixin.py:188} INFO - [2025-12-04T18:32:56.722+0500] {dag.py:3089} INFO - Sync 1 DAGs
[2025-12-04T18:32:56.743+0500] {logging_mixin.py:188} INFO - [2025-12-04T18:32:56.743+0500] {dag.py:3947} INFO - Setting next_dagrun for example_task_group to 2025-12-03 00:00:00+00:00, run_after=2025-12-04 00:00:00+00:00
[2025-12-04T18:32:56.770+0500] {processor.py:183} INFO - Processing /Library/Frameworks/Python.framework/Versions/3.11/lib/python3.11/site-packages/airflow/example_dags/example_task_group.py took 0.215 seconds
[2025-12-04T18:35:12.625+0500] {processor.py:161} INFO - Started process (PID=12410) to work on /Library/Frameworks/Python.framework/Versions/3.11/lib/python3.11/site-packages/airflow/example_dags/example_task_group.py
[2025-12-04T18:35:12.627+0500] {processor.py:830} INFO - Processing file /Library/Frameworks/Python.framework/Versions/3.11/lib/python3.11/site-packages/airflow/example_dags/example_task_group.py for tasks to queue
[2025-12-04T18:35:12.628+0500] {logging_mixin.py:188} INFO - [2025-12-04T18:35:12.628+0500] {dagbag.py:545} INFO - Filling up the DagBag from /Library/Frameworks/Python.framework/Versions/3.11/lib/python3.11/site-packages/airflow/example_dags/example_task_group.py
[2025-12-04T18:35:12.640+0500] {processor.py:840} INFO - DAG(s) 'example_task_group' retrieved from /Library/Frameworks/Python.framework/Versions/3.11/lib/python3.11/site-packages/airflow/example_dags/example_task_group.py
[2025-12-04T18:35:12.756+0500] {logging_mixin.py:188} INFO - [2025-12-04T18:35:12.755+0500] {dag.py:3089} INFO - Sync 1 DAGs
[2025-12-04T18:35:12.772+0500] {logging_mixin.py:188} INFO - [2025-12-04T18:35:12.772+0500] {dag.py:3947} INFO - Setting next_dagrun for example_task_group to 2025-12-03 00:00:00+00:00, run_after=2025-12-04 00:00:00+00:00
[2025-12-04T18:35:12.794+0500] {processor.py:183} INFO - Processing /Library/Frameworks/Python.framework/Versions/3.11/lib/python3.11/site-packages/airflow/example_dags/example_task_group.py took 0.171 seconds
[2025-12-04T18:37:12.152+0500] {processor.py:161} INFO - Started process (PID=12476) to work on /Library/Frameworks/Python.framework/Versions/3.11/lib/python3.11/site-packages/airflow/example_dags/example_task_group.py
[2025-12-04T18:37:12.154+0500] {processor.py:830} INFO - Processing file /Library/Frameworks/Python.framework/Versions/3.11/lib/python3.11/site-packages/airflow/example_dags/example_task_group.py for tasks to queue
[2025-12-04T18:37:12.155+0500] {logging_mixin.py:188} INFO - [2025-12-04T18:37:12.155+0500] {dagbag.py:545} INFO - Filling up the DagBag from /Library/Frameworks/Python.framework/Versions/3.11/lib/python3.11/site-packages/airflow/example_dags/example_task_group.py
[2025-12-04T18:37:12.167+0500] {processor.py:840} INFO - DAG(s) 'example_task_group' retrieved from /Library/Frameworks/Python.framework/Versions/3.11/lib/python3.11/site-packages/airflow/example_dags/example_task_group.py
[2025-12-04T18:37:12.279+0500] {logging_mixin.py:188} INFO - [2025-12-04T18:37:12.279+0500] {dag.py:3089} INFO - Sync 1 DAGs
[2025-12-04T18:37:12.295+0500] {logging_mixin.py:188} INFO - [2025-12-04T18:37:12.294+0500] {dag.py:3947} INFO - Setting next_dagrun for example_task_group to 2025-12-03 00:00:00+00:00, run_after=2025-12-04 00:00:00+00:00
[2025-12-04T18:37:12.315+0500] {processor.py:183} INFO - Processing /Library/Frameworks/Python.framework/Versions/3.11/lib/python3.11/site-packages/airflow/example_dags/example_task_group.py took 0.167 seconds
[2025-12-04T18:39:03.609+0500] {processor.py:161} INFO - Started process (PID=12542) to work on /Library/Frameworks/Python.framework/Versions/3.11/lib/python3.11/site-packages/airflow/example_dags/example_task_group.py
[2025-12-04T18:39:03.611+0500] {processor.py:830} INFO - Processing file /Library/Frameworks/Python.framework/Versions/3.11/lib/python3.11/site-packages/airflow/example_dags/example_task_group.py for tasks to queue
[2025-12-04T18:39:03.612+0500] {logging_mixin.py:188} INFO - [2025-12-04T18:39:03.611+0500] {dagbag.py:545} INFO - Filling up the DagBag from /Library/Frameworks/Python.framework/Versions/3.11/lib/python3.11/site-packages/airflow/example_dags/example_task_group.py
[2025-12-04T18:39:03.624+0500] {processor.py:840} INFO - DAG(s) 'example_task_group' retrieved from /Library/Frameworks/Python.framework/Versions/3.11/lib/python3.11/site-packages/airflow/example_dags/example_task_group.py
[2025-12-04T18:39:03.739+0500] {logging_mixin.py:188} INFO - [2025-12-04T18:39:03.739+0500] {dag.py:3089} INFO - Sync 1 DAGs
[2025-12-04T18:39:03.755+0500] {logging_mixin.py:188} INFO - [2025-12-04T18:39:03.754+0500] {dag.py:3947} INFO - Setting next_dagrun for example_task_group to 2025-12-03 00:00:00+00:00, run_after=2025-12-04 00:00:00+00:00
[2025-12-04T18:39:03.775+0500] {processor.py:183} INFO - Processing /Library/Frameworks/Python.framework/Versions/3.11/lib/python3.11/site-packages/airflow/example_dags/example_task_group.py took 0.169 seconds
[2025-12-04T18:41:04.487+0500] {processor.py:161} INFO - Started process (PID=12649) to work on /Library/Frameworks/Python.framework/Versions/3.11/lib/python3.11/site-packages/airflow/example_dags/example_task_group.py
[2025-12-04T18:41:04.489+0500] {processor.py:830} INFO - Processing file /Library/Frameworks/Python.framework/Versions/3.11/lib/python3.11/site-packages/airflow/example_dags/example_task_group.py for tasks to queue
[2025-12-04T18:41:04.490+0500] {logging_mixin.py:188} INFO - [2025-12-04T18:41:04.489+0500] {dagbag.py:545} INFO - Filling up the DagBag from /Library/Frameworks/Python.framework/Versions/3.11/lib/python3.11/site-packages/airflow/example_dags/example_task_group.py
[2025-12-04T18:41:04.502+0500] {processor.py:840} INFO - DAG(s) 'example_task_group' retrieved from /Library/Frameworks/Python.framework/Versions/3.11/lib/python3.11/site-packages/airflow/example_dags/example_task_group.py
[2025-12-04T18:41:04.613+0500] {logging_mixin.py:188} INFO - [2025-12-04T18:41:04.613+0500] {dag.py:3089} INFO - Sync 1 DAGs
[2025-12-04T18:41:04.629+0500] {logging_mixin.py:188} INFO - [2025-12-04T18:41:04.629+0500] {dag.py:3947} INFO - Setting next_dagrun for example_task_group to 2025-12-03 00:00:00+00:00, run_after=2025-12-04 00:00:00+00:00
[2025-12-04T18:41:04.650+0500] {processor.py:183} INFO - Processing /Library/Frameworks/Python.framework/Versions/3.11/lib/python3.11/site-packages/airflow/example_dags/example_task_group.py took 0.166 seconds
[2025-12-04T18:43:18.496+0500] {processor.py:161} INFO - Started process (PID=12719) to work on /Library/Frameworks/Python.framework/Versions/3.11/lib/python3.11/site-packages/airflow/example_dags/example_task_group.py
[2025-12-04T18:43:18.498+0500] {processor.py:830} INFO - Processing file /Library/Frameworks/Python.framework/Versions/3.11/lib/python3.11/site-packages/airflow/example_dags/example_task_group.py for tasks to queue
[2025-12-04T18:43:18.499+0500] {logging_mixin.py:188} INFO - [2025-12-04T18:43:18.498+0500] {dagbag.py:545} INFO - Filling up the DagBag from /Library/Frameworks/Python.framework/Versions/3.11/lib/python3.11/site-packages/airflow/example_dags/example_task_group.py
[2025-12-04T18:43:18.517+0500] {processor.py:840} INFO - DAG(s) 'example_task_group' retrieved from /Library/Frameworks/Python.framework/Versions/3.11/lib/python3.11/site-packages/airflow/example_dags/example_task_group.py
[2025-12-04T18:43:18.694+0500] {logging_mixin.py:188} INFO - [2025-12-04T18:43:18.694+0500] {dag.py:3089} INFO - Sync 1 DAGs
[2025-12-04T18:43:18.717+0500] {logging_mixin.py:188} INFO - [2025-12-04T18:43:18.717+0500] {dag.py:3947} INFO - Setting next_dagrun for example_task_group to 2025-12-03 00:00:00+00:00, run_after=2025-12-04 00:00:00+00:00
[2025-12-04T18:43:18.746+0500] {processor.py:183} INFO - Processing /Library/Frameworks/Python.framework/Versions/3.11/lib/python3.11/site-packages/airflow/example_dags/example_task_group.py took 0.254 seconds
[2025-12-04T18:45:25.026+0500] {processor.py:161} INFO - Started process (PID=12806) to work on /Library/Frameworks/Python.framework/Versions/3.11/lib/python3.11/site-packages/airflow/example_dags/example_task_group.py
[2025-12-04T18:45:25.028+0500] {processor.py:830} INFO - Processing file /Library/Frameworks/Python.framework/Versions/3.11/lib/python3.11/site-packages/airflow/example_dags/example_task_group.py for tasks to queue
[2025-12-04T18:45:25.029+0500] {logging_mixin.py:188} INFO - [2025-12-04T18:45:25.029+0500] {dagbag.py:545} INFO - Filling up the DagBag from /Library/Frameworks/Python.framework/Versions/3.11/lib/python3.11/site-packages/airflow/example_dags/example_task_group.py
[2025-12-04T18:45:25.043+0500] {processor.py:840} INFO - DAG(s) 'example_task_group' retrieved from /Library/Frameworks/Python.framework/Versions/3.11/lib/python3.11/site-packages/airflow/example_dags/example_task_group.py
[2025-12-04T18:45:25.157+0500] {logging_mixin.py:188} INFO - [2025-12-04T18:45:25.156+0500] {dag.py:3089} INFO - Sync 1 DAGs
[2025-12-04T18:45:25.173+0500] {logging_mixin.py:188} INFO - [2025-12-04T18:45:25.173+0500] {dag.py:3947} INFO - Setting next_dagrun for example_task_group to 2025-12-03 00:00:00+00:00, run_after=2025-12-04 00:00:00+00:00
[2025-12-04T18:45:25.196+0500] {processor.py:183} INFO - Processing /Library/Frameworks/Python.framework/Versions/3.11/lib/python3.11/site-packages/airflow/example_dags/example_task_group.py took 0.172 seconds
[2025-12-04T18:47:24.411+0500] {processor.py:161} INFO - Started process (PID=12890) to work on /Library/Frameworks/Python.framework/Versions/3.11/lib/python3.11/site-packages/airflow/example_dags/example_task_group.py
[2025-12-04T18:47:24.414+0500] {processor.py:830} INFO - Processing file /Library/Frameworks/Python.framework/Versions/3.11/lib/python3.11/site-packages/airflow/example_dags/example_task_group.py for tasks to queue
[2025-12-04T18:47:24.415+0500] {logging_mixin.py:188} INFO - [2025-12-04T18:47:24.415+0500] {dagbag.py:545} INFO - Filling up the DagBag from /Library/Frameworks/Python.framework/Versions/3.11/lib/python3.11/site-packages/airflow/example_dags/example_task_group.py
[2025-12-04T18:47:24.432+0500] {processor.py:840} INFO - DAG(s) 'example_task_group' retrieved from /Library/Frameworks/Python.framework/Versions/3.11/lib/python3.11/site-packages/airflow/example_dags/example_task_group.py
[2025-12-04T18:47:24.544+0500] {logging_mixin.py:188} INFO - [2025-12-04T18:47:24.543+0500] {dag.py:3089} INFO - Sync 1 DAGs
[2025-12-04T18:47:24.560+0500] {logging_mixin.py:188} INFO - [2025-12-04T18:47:24.560+0500] {dag.py:3947} INFO - Setting next_dagrun for example_task_group to 2025-12-03 00:00:00+00:00, run_after=2025-12-04 00:00:00+00:00
[2025-12-04T18:47:24.585+0500] {processor.py:183} INFO - Processing /Library/Frameworks/Python.framework/Versions/3.11/lib/python3.11/site-packages/airflow/example_dags/example_task_group.py took 0.177 seconds
[2025-12-04T18:49:32.860+0500] {processor.py:161} INFO - Started process (PID=12959) to work on /Library/Frameworks/Python.framework/Versions/3.11/lib/python3.11/site-packages/airflow/example_dags/example_task_group.py
[2025-12-04T18:49:32.862+0500] {processor.py:830} INFO - Processing file /Library/Frameworks/Python.framework/Versions/3.11/lib/python3.11/site-packages/airflow/example_dags/example_task_group.py for tasks to queue
[2025-12-04T18:49:32.863+0500] {logging_mixin.py:188} INFO - [2025-12-04T18:49:32.863+0500] {dagbag.py:545} INFO - Filling up the DagBag from /Library/Frameworks/Python.framework/Versions/3.11/lib/python3.11/site-packages/airflow/example_dags/example_task_group.py
[2025-12-04T18:49:32.875+0500] {processor.py:840} INFO - DAG(s) 'example_task_group' retrieved from /Library/Frameworks/Python.framework/Versions/3.11/lib/python3.11/site-packages/airflow/example_dags/example_task_group.py
[2025-12-04T18:49:32.988+0500] {logging_mixin.py:188} INFO - [2025-12-04T18:49:32.988+0500] {dag.py:3089} INFO - Sync 1 DAGs
[2025-12-04T18:49:33.005+0500] {logging_mixin.py:188} INFO - [2025-12-04T18:49:33.005+0500] {dag.py:3947} INFO - Setting next_dagrun for example_task_group to 2025-12-03 00:00:00+00:00, run_after=2025-12-04 00:00:00+00:00
[2025-12-04T18:49:33.025+0500] {processor.py:183} INFO - Processing /Library/Frameworks/Python.framework/Versions/3.11/lib/python3.11/site-packages/airflow/example_dags/example_task_group.py took 0.168 seconds
[2025-12-04T18:51:52.927+0500] {processor.py:161} INFO - Started process (PID=13049) to work on /Library/Frameworks/Python.framework/Versions/3.11/lib/python3.11/site-packages/airflow/example_dags/example_task_group.py
[2025-12-04T18:51:52.929+0500] {processor.py:830} INFO - Processing file /Library/Frameworks/Python.framework/Versions/3.11/lib/python3.11/site-packages/airflow/example_dags/example_task_group.py for tasks to queue
[2025-12-04T18:51:52.930+0500] {logging_mixin.py:188} INFO - [2025-12-04T18:51:52.930+0500] {dagbag.py:545} INFO - Filling up the DagBag from /Library/Frameworks/Python.framework/Versions/3.11/lib/python3.11/site-packages/airflow/example_dags/example_task_group.py
[2025-12-04T18:51:52.944+0500] {processor.py:840} INFO - DAG(s) 'example_task_group' retrieved from /Library/Frameworks/Python.framework/Versions/3.11/lib/python3.11/site-packages/airflow/example_dags/example_task_group.py
[2025-12-04T18:51:53.080+0500] {logging_mixin.py:188} INFO - [2025-12-04T18:51:53.080+0500] {dag.py:3089} INFO - Sync 1 DAGs
[2025-12-04T18:51:53.111+0500] {logging_mixin.py:188} INFO - [2025-12-04T18:51:53.110+0500] {dag.py:3947} INFO - Setting next_dagrun for example_task_group to 2025-12-03 00:00:00+00:00, run_after=2025-12-04 00:00:00+00:00
[2025-12-04T18:51:53.141+0500] {processor.py:183} INFO - Processing /Library/Frameworks/Python.framework/Versions/3.11/lib/python3.11/site-packages/airflow/example_dags/example_task_group.py took 0.216 seconds
[2025-12-04T18:54:03.622+0500] {processor.py:161} INFO - Started process (PID=13131) to work on /Library/Frameworks/Python.framework/Versions/3.11/lib/python3.11/site-packages/airflow/example_dags/example_task_group.py
[2025-12-04T18:54:03.624+0500] {processor.py:830} INFO - Processing file /Library/Frameworks/Python.framework/Versions/3.11/lib/python3.11/site-packages/airflow/example_dags/example_task_group.py for tasks to queue
[2025-12-04T18:54:03.626+0500] {logging_mixin.py:188} INFO - [2025-12-04T18:54:03.625+0500] {dagbag.py:545} INFO - Filling up the DagBag from /Library/Frameworks/Python.framework/Versions/3.11/lib/python3.11/site-packages/airflow/example_dags/example_task_group.py
[2025-12-04T18:54:03.636+0500] {processor.py:840} INFO - DAG(s) 'example_task_group' retrieved from /Library/Frameworks/Python.framework/Versions/3.11/lib/python3.11/site-packages/airflow/example_dags/example_task_group.py
[2025-12-04T18:54:03.748+0500] {logging_mixin.py:188} INFO - [2025-12-04T18:54:03.747+0500] {dag.py:3089} INFO - Sync 1 DAGs
[2025-12-04T18:54:03.764+0500] {logging_mixin.py:188} INFO - [2025-12-04T18:54:03.764+0500] {dag.py:3947} INFO - Setting next_dagrun for example_task_group to 2025-12-03 00:00:00+00:00, run_after=2025-12-04 00:00:00+00:00
[2025-12-04T18:54:03.785+0500] {processor.py:183} INFO - Processing /Library/Frameworks/Python.framework/Versions/3.11/lib/python3.11/site-packages/airflow/example_dags/example_task_group.py took 0.166 seconds
[2025-12-04T19:33:31.075+0500] {processor.py:161} INFO - Started process (PID=14563) to work on /Library/Frameworks/Python.framework/Versions/3.11/lib/python3.11/site-packages/airflow/example_dags/example_task_group.py
[2025-12-04T19:33:31.077+0500] {processor.py:830} INFO - Processing file /Library/Frameworks/Python.framework/Versions/3.11/lib/python3.11/site-packages/airflow/example_dags/example_task_group.py for tasks to queue
[2025-12-04T19:33:31.078+0500] {logging_mixin.py:188} INFO - [2025-12-04T19:33:31.078+0500] {dagbag.py:545} INFO - Filling up the DagBag from /Library/Frameworks/Python.framework/Versions/3.11/lib/python3.11/site-packages/airflow/example_dags/example_task_group.py
[2025-12-04T19:33:31.094+0500] {processor.py:840} INFO - DAG(s) 'example_task_group' retrieved from /Library/Frameworks/Python.framework/Versions/3.11/lib/python3.11/site-packages/airflow/example_dags/example_task_group.py
[2025-12-04T19:33:31.247+0500] {logging_mixin.py:188} INFO - [2025-12-04T19:33:31.246+0500] {dag.py:3089} INFO - Sync 1 DAGs
[2025-12-04T19:33:31.264+0500] {logging_mixin.py:188} INFO - [2025-12-04T19:33:31.264+0500] {dag.py:3947} INFO - Setting next_dagrun for example_task_group to 2025-12-03 00:00:00+00:00, run_after=2025-12-04 00:00:00+00:00
[2025-12-04T19:33:31.285+0500] {processor.py:183} INFO - Processing /Library/Frameworks/Python.framework/Versions/3.11/lib/python3.11/site-packages/airflow/example_dags/example_task_group.py took 0.214 seconds
[2025-12-04T19:36:34.928+0500] {processor.py:161} INFO - Started process (PID=14710) to work on /Library/Frameworks/Python.framework/Versions/3.11/lib/python3.11/site-packages/airflow/example_dags/example_task_group.py
[2025-12-04T19:36:34.930+0500] {processor.py:830} INFO - Processing file /Library/Frameworks/Python.framework/Versions/3.11/lib/python3.11/site-packages/airflow/example_dags/example_task_group.py for tasks to queue
[2025-12-04T19:36:34.931+0500] {logging_mixin.py:188} INFO - [2025-12-04T19:36:34.931+0500] {dagbag.py:545} INFO - Filling up the DagBag from /Library/Frameworks/Python.framework/Versions/3.11/lib/python3.11/site-packages/airflow/example_dags/example_task_group.py
[2025-12-04T19:36:34.943+0500] {processor.py:840} INFO - DAG(s) 'example_task_group' retrieved from /Library/Frameworks/Python.framework/Versions/3.11/lib/python3.11/site-packages/airflow/example_dags/example_task_group.py
[2025-12-04T19:36:35.057+0500] {logging_mixin.py:188} INFO - [2025-12-04T19:36:35.056+0500] {dag.py:3089} INFO - Sync 1 DAGs
[2025-12-04T19:36:35.072+0500] {logging_mixin.py:188} INFO - [2025-12-04T19:36:35.072+0500] {dag.py:3947} INFO - Setting next_dagrun for example_task_group to 2025-12-03 00:00:00+00:00, run_after=2025-12-04 00:00:00+00:00
[2025-12-04T19:36:35.092+0500] {processor.py:183} INFO - Processing /Library/Frameworks/Python.framework/Versions/3.11/lib/python3.11/site-packages/airflow/example_dags/example_task_group.py took 0.167 seconds
[2025-12-04T19:38:41.103+0500] {processor.py:161} INFO - Started process (PID=14780) to work on /Library/Frameworks/Python.framework/Versions/3.11/lib/python3.11/site-packages/airflow/example_dags/example_task_group.py
[2025-12-04T19:38:41.103+0500] {processor.py:830} INFO - Processing file /Library/Frameworks/Python.framework/Versions/3.11/lib/python3.11/site-packages/airflow/example_dags/example_task_group.py for tasks to queue
[2025-12-04T19:38:41.104+0500] {logging_mixin.py:188} INFO - [2025-12-04T19:38:41.104+0500] {dagbag.py:545} INFO - Filling up the DagBag from /Library/Frameworks/Python.framework/Versions/3.11/lib/python3.11/site-packages/airflow/example_dags/example_task_group.py
[2025-12-04T19:38:41.115+0500] {processor.py:840} INFO - DAG(s) 'example_task_group' retrieved from /Library/Frameworks/Python.framework/Versions/3.11/lib/python3.11/site-packages/airflow/example_dags/example_task_group.py
[2025-12-04T19:38:41.237+0500] {logging_mixin.py:188} INFO - [2025-12-04T19:38:41.237+0500] {dag.py:3089} INFO - Sync 1 DAGs
[2025-12-04T19:38:41.253+0500] {logging_mixin.py:188} INFO - [2025-12-04T19:38:41.253+0500] {dag.py:3947} INFO - Setting next_dagrun for example_task_group to 2025-12-03 00:00:00+00:00, run_after=2025-12-04 00:00:00+00:00
[2025-12-04T19:38:41.273+0500] {processor.py:183} INFO - Processing /Library/Frameworks/Python.framework/Versions/3.11/lib/python3.11/site-packages/airflow/example_dags/example_task_group.py took 0.174 seconds
[2025-12-04T19:40:51.973+0500] {processor.py:161} INFO - Started process (PID=14871) to work on /Library/Frameworks/Python.framework/Versions/3.11/lib/python3.11/site-packages/airflow/example_dags/example_task_group.py
[2025-12-04T19:40:51.975+0500] {processor.py:830} INFO - Processing file /Library/Frameworks/Python.framework/Versions/3.11/lib/python3.11/site-packages/airflow/example_dags/example_task_group.py for tasks to queue
[2025-12-04T19:40:51.976+0500] {logging_mixin.py:188} INFO - [2025-12-04T19:40:51.976+0500] {dagbag.py:545} INFO - Filling up the DagBag from /Library/Frameworks/Python.framework/Versions/3.11/lib/python3.11/site-packages/airflow/example_dags/example_task_group.py
[2025-12-04T19:40:51.992+0500] {processor.py:840} INFO - DAG(s) 'example_task_group' retrieved from /Library/Frameworks/Python.framework/Versions/3.11/lib/python3.11/site-packages/airflow/example_dags/example_task_group.py
[2025-12-04T19:40:52.383+0500] {logging_mixin.py:188} INFO - [2025-12-04T19:40:52.381+0500] {dag.py:3089} INFO - Sync 1 DAGs
[2025-12-04T19:40:52.409+0500] {logging_mixin.py:188} INFO - [2025-12-04T19:40:52.409+0500] {dag.py:3947} INFO - Setting next_dagrun for example_task_group to 2025-12-03 00:00:00+00:00, run_after=2025-12-04 00:00:00+00:00
[2025-12-04T19:40:52.446+0500] {processor.py:183} INFO - Processing /Library/Frameworks/Python.framework/Versions/3.11/lib/python3.11/site-packages/airflow/example_dags/example_task_group.py took 0.476 seconds
[2025-12-04T19:43:04.792+0500] {processor.py:161} INFO - Started process (PID=14943) to work on /Library/Frameworks/Python.framework/Versions/3.11/lib/python3.11/site-packages/airflow/example_dags/example_task_group.py
[2025-12-04T19:43:04.794+0500] {processor.py:830} INFO - Processing file /Library/Frameworks/Python.framework/Versions/3.11/lib/python3.11/site-packages/airflow/example_dags/example_task_group.py for tasks to queue
[2025-12-04T19:43:04.795+0500] {logging_mixin.py:188} INFO - [2025-12-04T19:43:04.794+0500] {dagbag.py:545} INFO - Filling up the DagBag from /Library/Frameworks/Python.framework/Versions/3.11/lib/python3.11/site-packages/airflow/example_dags/example_task_group.py
[2025-12-04T19:43:04.805+0500] {processor.py:840} INFO - DAG(s) 'example_task_group' retrieved from /Library/Frameworks/Python.framework/Versions/3.11/lib/python3.11/site-packages/airflow/example_dags/example_task_group.py
[2025-12-04T19:43:04.921+0500] {logging_mixin.py:188} INFO - [2025-12-04T19:43:04.921+0500] {dag.py:3089} INFO - Sync 1 DAGs
[2025-12-04T19:43:04.939+0500] {logging_mixin.py:188} INFO - [2025-12-04T19:43:04.938+0500] {dag.py:3947} INFO - Setting next_dagrun for example_task_group to 2025-12-03 00:00:00+00:00, run_after=2025-12-04 00:00:00+00:00
[2025-12-04T19:43:04.960+0500] {processor.py:183} INFO - Processing /Library/Frameworks/Python.framework/Versions/3.11/lib/python3.11/site-packages/airflow/example_dags/example_task_group.py took 0.171 seconds
[2025-12-04T19:45:28.762+0500] {processor.py:161} INFO - Started process (PID=15021) to work on /Library/Frameworks/Python.framework/Versions/3.11/lib/python3.11/site-packages/airflow/example_dags/example_task_group.py
[2025-12-04T19:45:28.765+0500] {processor.py:830} INFO - Processing file /Library/Frameworks/Python.framework/Versions/3.11/lib/python3.11/site-packages/airflow/example_dags/example_task_group.py for tasks to queue
[2025-12-04T19:45:28.768+0500] {logging_mixin.py:188} INFO - [2025-12-04T19:45:28.765+0500] {dagbag.py:545} INFO - Filling up the DagBag from /Library/Frameworks/Python.framework/Versions/3.11/lib/python3.11/site-packages/airflow/example_dags/example_task_group.py
[2025-12-04T19:45:28.783+0500] {processor.py:840} INFO - DAG(s) 'example_task_group' retrieved from /Library/Frameworks/Python.framework/Versions/3.11/lib/python3.11/site-packages/airflow/example_dags/example_task_group.py
[2025-12-04T19:45:28.912+0500] {logging_mixin.py:188} INFO - [2025-12-04T19:45:28.911+0500] {dag.py:3089} INFO - Sync 1 DAGs
[2025-12-04T19:45:28.931+0500] {logging_mixin.py:188} INFO - [2025-12-04T19:45:28.930+0500] {dag.py:3947} INFO - Setting next_dagrun for example_task_group to 2025-12-03 00:00:00+00:00, run_after=2025-12-04 00:00:00+00:00
[2025-12-04T19:45:28.955+0500] {processor.py:183} INFO - Processing /Library/Frameworks/Python.framework/Versions/3.11/lib/python3.11/site-packages/airflow/example_dags/example_task_group.py took 0.196 seconds
[2025-12-04T19:47:53.600+0500] {processor.py:161} INFO - Started process (PID=15118) to work on /Library/Frameworks/Python.framework/Versions/3.11/lib/python3.11/site-packages/airflow/example_dags/example_task_group.py
[2025-12-04T19:47:53.602+0500] {processor.py:830} INFO - Processing file /Library/Frameworks/Python.framework/Versions/3.11/lib/python3.11/site-packages/airflow/example_dags/example_task_group.py for tasks to queue
[2025-12-04T19:47:53.603+0500] {logging_mixin.py:188} INFO - [2025-12-04T19:47:53.602+0500] {dagbag.py:545} INFO - Filling up the DagBag from /Library/Frameworks/Python.framework/Versions/3.11/lib/python3.11/site-packages/airflow/example_dags/example_task_group.py
[2025-12-04T19:47:53.615+0500] {processor.py:840} INFO - DAG(s) 'example_task_group' retrieved from /Library/Frameworks/Python.framework/Versions/3.11/lib/python3.11/site-packages/airflow/example_dags/example_task_group.py
[2025-12-04T19:47:53.728+0500] {logging_mixin.py:188} INFO - [2025-12-04T19:47:53.728+0500] {dag.py:3089} INFO - Sync 1 DAGs
[2025-12-04T19:47:53.744+0500] {logging_mixin.py:188} INFO - [2025-12-04T19:47:53.744+0500] {dag.py:3947} INFO - Setting next_dagrun for example_task_group to 2025-12-03 00:00:00+00:00, run_after=2025-12-04 00:00:00+00:00
[2025-12-04T19:47:53.765+0500] {processor.py:183} INFO - Processing /Library/Frameworks/Python.framework/Versions/3.11/lib/python3.11/site-packages/airflow/example_dags/example_task_group.py took 0.169 seconds
[2025-12-04T19:49:58.973+0500] {processor.py:161} INFO - Started process (PID=15187) to work on /Library/Frameworks/Python.framework/Versions/3.11/lib/python3.11/site-packages/airflow/example_dags/example_task_group.py
[2025-12-04T19:49:58.976+0500] {processor.py:830} INFO - Processing file /Library/Frameworks/Python.framework/Versions/3.11/lib/python3.11/site-packages/airflow/example_dags/example_task_group.py for tasks to queue
[2025-12-04T19:49:58.977+0500] {logging_mixin.py:188} INFO - [2025-12-04T19:49:58.976+0500] {dagbag.py:545} INFO - Filling up the DagBag from /Library/Frameworks/Python.framework/Versions/3.11/lib/python3.11/site-packages/airflow/example_dags/example_task_group.py
[2025-12-04T19:49:58.989+0500] {processor.py:840} INFO - DAG(s) 'example_task_group' retrieved from /Library/Frameworks/Python.framework/Versions/3.11/lib/python3.11/site-packages/airflow/example_dags/example_task_group.py
[2025-12-04T19:49:59.103+0500] {logging_mixin.py:188} INFO - [2025-12-04T19:49:59.103+0500] {dag.py:3089} INFO - Sync 1 DAGs
[2025-12-04T19:49:59.119+0500] {logging_mixin.py:188} INFO - [2025-12-04T19:49:59.119+0500] {dag.py:3947} INFO - Setting next_dagrun for example_task_group to 2025-12-03 00:00:00+00:00, run_after=2025-12-04 00:00:00+00:00
[2025-12-04T19:49:59.140+0500] {processor.py:183} INFO - Processing /Library/Frameworks/Python.framework/Versions/3.11/lib/python3.11/site-packages/airflow/example_dags/example_task_group.py took 0.169 seconds
[2025-12-04T19:51:55.977+0500] {processor.py:161} INFO - Started process (PID=15274) to work on /Library/Frameworks/Python.framework/Versions/3.11/lib/python3.11/site-packages/airflow/example_dags/example_task_group.py
[2025-12-04T19:51:55.979+0500] {processor.py:830} INFO - Processing file /Library/Frameworks/Python.framework/Versions/3.11/lib/python3.11/site-packages/airflow/example_dags/example_task_group.py for tasks to queue
[2025-12-04T19:51:55.980+0500] {logging_mixin.py:188} INFO - [2025-12-04T19:51:55.980+0500] {dagbag.py:545} INFO - Filling up the DagBag from /Library/Frameworks/Python.framework/Versions/3.11/lib/python3.11/site-packages/airflow/example_dags/example_task_group.py
[2025-12-04T19:51:55.992+0500] {processor.py:840} INFO - DAG(s) 'example_task_group' retrieved from /Library/Frameworks/Python.framework/Versions/3.11/lib/python3.11/site-packages/airflow/example_dags/example_task_group.py
[2025-12-04T19:51:56.105+0500] {logging_mixin.py:188} INFO - [2025-12-04T19:51:56.105+0500] {dag.py:3089} INFO - Sync 1 DAGs
[2025-12-04T19:51:56.121+0500] {logging_mixin.py:188} INFO - [2025-12-04T19:51:56.120+0500] {dag.py:3947} INFO - Setting next_dagrun for example_task_group to 2025-12-03 00:00:00+00:00, run_after=2025-12-04 00:00:00+00:00
[2025-12-04T19:51:56.141+0500] {processor.py:183} INFO - Processing /Library/Frameworks/Python.framework/Versions/3.11/lib/python3.11/site-packages/airflow/example_dags/example_task_group.py took 0.166 seconds
[2025-12-04T19:53:54.664+0500] {processor.py:161} INFO - Started process (PID=15366) to work on /Library/Frameworks/Python.framework/Versions/3.11/lib/python3.11/site-packages/airflow/example_dags/example_task_group.py
[2025-12-04T19:53:54.666+0500] {processor.py:830} INFO - Processing file /Library/Frameworks/Python.framework/Versions/3.11/lib/python3.11/site-packages/airflow/example_dags/example_task_group.py for tasks to queue
[2025-12-04T19:53:54.667+0500] {logging_mixin.py:188} INFO - [2025-12-04T19:53:54.666+0500] {dagbag.py:545} INFO - Filling up the DagBag from /Library/Frameworks/Python.framework/Versions/3.11/lib/python3.11/site-packages/airflow/example_dags/example_task_group.py
[2025-12-04T19:53:54.677+0500] {processor.py:840} INFO - DAG(s) 'example_task_group' retrieved from /Library/Frameworks/Python.framework/Versions/3.11/lib/python3.11/site-packages/airflow/example_dags/example_task_group.py
[2025-12-04T19:53:54.796+0500] {logging_mixin.py:188} INFO - [2025-12-04T19:53:54.795+0500] {dag.py:3089} INFO - Sync 1 DAGs
[2025-12-04T19:53:54.812+0500] {logging_mixin.py:188} INFO - [2025-12-04T19:53:54.812+0500] {dag.py:3947} INFO - Setting next_dagrun for example_task_group to 2025-12-03 00:00:00+00:00, run_after=2025-12-04 00:00:00+00:00
[2025-12-04T19:53:54.833+0500] {processor.py:183} INFO - Processing /Library/Frameworks/Python.framework/Versions/3.11/lib/python3.11/site-packages/airflow/example_dags/example_task_group.py took 0.173 seconds
[2025-12-04T19:55:49.415+0500] {processor.py:161} INFO - Started process (PID=15429) to work on /Library/Frameworks/Python.framework/Versions/3.11/lib/python3.11/site-packages/airflow/example_dags/example_task_group.py
[2025-12-04T19:55:49.417+0500] {processor.py:830} INFO - Processing file /Library/Frameworks/Python.framework/Versions/3.11/lib/python3.11/site-packages/airflow/example_dags/example_task_group.py for tasks to queue
[2025-12-04T19:55:49.418+0500] {logging_mixin.py:188} INFO - [2025-12-04T19:55:49.418+0500] {dagbag.py:545} INFO - Filling up the DagBag from /Library/Frameworks/Python.framework/Versions/3.11/lib/python3.11/site-packages/airflow/example_dags/example_task_group.py
[2025-12-04T19:55:49.429+0500] {processor.py:840} INFO - DAG(s) 'example_task_group' retrieved from /Library/Frameworks/Python.framework/Versions/3.11/lib/python3.11/site-packages/airflow/example_dags/example_task_group.py
[2025-12-04T19:55:49.541+0500] {logging_mixin.py:188} INFO - [2025-12-04T19:55:49.541+0500] {dag.py:3089} INFO - Sync 1 DAGs
[2025-12-04T19:55:49.557+0500] {logging_mixin.py:188} INFO - [2025-12-04T19:55:49.557+0500] {dag.py:3947} INFO - Setting next_dagrun for example_task_group to 2025-12-03 00:00:00+00:00, run_after=2025-12-04 00:00:00+00:00
[2025-12-04T19:55:49.577+0500] {processor.py:183} INFO - Processing /Library/Frameworks/Python.framework/Versions/3.11/lib/python3.11/site-packages/airflow/example_dags/example_task_group.py took 0.165 seconds
[2025-12-04T19:57:42.661+0500] {processor.py:161} INFO - Started process (PID=15494) to work on /Library/Frameworks/Python.framework/Versions/3.11/lib/python3.11/site-packages/airflow/example_dags/example_task_group.py
[2025-12-04T19:57:42.663+0500] {processor.py:830} INFO - Processing file /Library/Frameworks/Python.framework/Versions/3.11/lib/python3.11/site-packages/airflow/example_dags/example_task_group.py for tasks to queue
[2025-12-04T19:57:42.664+0500] {logging_mixin.py:188} INFO - [2025-12-04T19:57:42.664+0500] {dagbag.py:545} INFO - Filling up the DagBag from /Library/Frameworks/Python.framework/Versions/3.11/lib/python3.11/site-packages/airflow/example_dags/example_task_group.py
[2025-12-04T19:57:42.675+0500] {processor.py:840} INFO - DAG(s) 'example_task_group' retrieved from /Library/Frameworks/Python.framework/Versions/3.11/lib/python3.11/site-packages/airflow/example_dags/example_task_group.py
[2025-12-04T19:57:42.796+0500] {logging_mixin.py:188} INFO - [2025-12-04T19:57:42.796+0500] {dag.py:3089} INFO - Sync 1 DAGs
[2025-12-04T19:57:42.817+0500] {logging_mixin.py:188} INFO - [2025-12-04T19:57:42.817+0500] {dag.py:3947} INFO - Setting next_dagrun for example_task_group to 2025-12-03 00:00:00+00:00, run_after=2025-12-04 00:00:00+00:00
[2025-12-04T19:57:42.849+0500] {processor.py:183} INFO - Processing /Library/Frameworks/Python.framework/Versions/3.11/lib/python3.11/site-packages/airflow/example_dags/example_task_group.py took 0.191 seconds
[2025-12-04T20:41:42.003+0500] {processor.py:161} INFO - Started process (PID=15609) to work on /Library/Frameworks/Python.framework/Versions/3.11/lib/python3.11/site-packages/airflow/example_dags/example_task_group.py
[2025-12-04T20:41:42.005+0500] {processor.py:830} INFO - Processing file /Library/Frameworks/Python.framework/Versions/3.11/lib/python3.11/site-packages/airflow/example_dags/example_task_group.py for tasks to queue
[2025-12-04T20:41:42.006+0500] {logging_mixin.py:188} INFO - [2025-12-04T20:41:42.006+0500] {dagbag.py:545} INFO - Filling up the DagBag from /Library/Frameworks/Python.framework/Versions/3.11/lib/python3.11/site-packages/airflow/example_dags/example_task_group.py
[2025-12-04T20:41:42.024+0500] {processor.py:840} INFO - DAG(s) 'example_task_group' retrieved from /Library/Frameworks/Python.framework/Versions/3.11/lib/python3.11/site-packages/airflow/example_dags/example_task_group.py
[2025-12-04T20:41:42.168+0500] {logging_mixin.py:188} INFO - [2025-12-04T20:41:42.168+0500] {dag.py:3089} INFO - Sync 1 DAGs
[2025-12-04T20:41:42.200+0500] {logging_mixin.py:188} INFO - [2025-12-04T20:41:42.199+0500] {dag.py:3947} INFO - Setting next_dagrun for example_task_group to 2025-12-03 00:00:00+00:00, run_after=2025-12-04 00:00:00+00:00
[2025-12-04T20:41:42.263+0500] {processor.py:183} INFO - Processing /Library/Frameworks/Python.framework/Versions/3.11/lib/python3.11/site-packages/airflow/example_dags/example_task_group.py took 0.264 seconds
[2025-12-04T20:44:40.619+0500] {processor.py:161} INFO - Started process (PID=15772) to work on /Library/Frameworks/Python.framework/Versions/3.11/lib/python3.11/site-packages/airflow/example_dags/example_task_group.py
[2025-12-04T20:44:40.621+0500] {processor.py:830} INFO - Processing file /Library/Frameworks/Python.framework/Versions/3.11/lib/python3.11/site-packages/airflow/example_dags/example_task_group.py for tasks to queue
[2025-12-04T20:44:40.622+0500] {logging_mixin.py:188} INFO - [2025-12-04T20:44:40.622+0500] {dagbag.py:545} INFO - Filling up the DagBag from /Library/Frameworks/Python.framework/Versions/3.11/lib/python3.11/site-packages/airflow/example_dags/example_task_group.py
[2025-12-04T20:44:40.636+0500] {processor.py:840} INFO - DAG(s) 'example_task_group' retrieved from /Library/Frameworks/Python.framework/Versions/3.11/lib/python3.11/site-packages/airflow/example_dags/example_task_group.py
[2025-12-04T20:44:40.755+0500] {logging_mixin.py:188} INFO - [2025-12-04T20:44:40.755+0500] {dag.py:3089} INFO - Sync 1 DAGs
[2025-12-04T20:44:40.772+0500] {logging_mixin.py:188} INFO - [2025-12-04T20:44:40.772+0500] {dag.py:3947} INFO - Setting next_dagrun for example_task_group to 2025-12-03 00:00:00+00:00, run_after=2025-12-04 00:00:00+00:00
[2025-12-04T20:44:40.792+0500] {processor.py:183} INFO - Processing /Library/Frameworks/Python.framework/Versions/3.11/lib/python3.11/site-packages/airflow/example_dags/example_task_group.py took 0.177 seconds
[2025-12-04T20:47:11.611+0500] {processor.py:161} INFO - Started process (PID=15850) to work on /Library/Frameworks/Python.framework/Versions/3.11/lib/python3.11/site-packages/airflow/example_dags/example_task_group.py
[2025-12-04T20:47:11.613+0500] {processor.py:830} INFO - Processing file /Library/Frameworks/Python.framework/Versions/3.11/lib/python3.11/site-packages/airflow/example_dags/example_task_group.py for tasks to queue
[2025-12-04T20:47:11.614+0500] {logging_mixin.py:188} INFO - [2025-12-04T20:47:11.614+0500] {dagbag.py:545} INFO - Filling up the DagBag from /Library/Frameworks/Python.framework/Versions/3.11/lib/python3.11/site-packages/airflow/example_dags/example_task_group.py
[2025-12-04T20:47:11.625+0500] {processor.py:840} INFO - DAG(s) 'example_task_group' retrieved from /Library/Frameworks/Python.framework/Versions/3.11/lib/python3.11/site-packages/airflow/example_dags/example_task_group.py
[2025-12-04T20:47:11.762+0500] {logging_mixin.py:188} INFO - [2025-12-04T20:47:11.762+0500] {dag.py:3089} INFO - Sync 1 DAGs
[2025-12-04T20:47:11.800+0500] {logging_mixin.py:188} INFO - [2025-12-04T20:47:11.799+0500] {dag.py:3947} INFO - Setting next_dagrun for example_task_group to 2025-12-03 00:00:00+00:00, run_after=2025-12-04 00:00:00+00:00
[2025-12-04T20:47:11.831+0500] {processor.py:183} INFO - Processing /Library/Frameworks/Python.framework/Versions/3.11/lib/python3.11/site-packages/airflow/example_dags/example_task_group.py took 0.223 seconds
[2025-12-04T20:49:30.365+0500] {processor.py:161} INFO - Started process (PID=15934) to work on /Library/Frameworks/Python.framework/Versions/3.11/lib/python3.11/site-packages/airflow/example_dags/example_task_group.py
[2025-12-04T20:49:30.379+0500] {processor.py:830} INFO - Processing file /Library/Frameworks/Python.framework/Versions/3.11/lib/python3.11/site-packages/airflow/example_dags/example_task_group.py for tasks to queue
[2025-12-04T20:49:30.382+0500] {logging_mixin.py:188} INFO - [2025-12-04T20:49:30.381+0500] {dagbag.py:545} INFO - Filling up the DagBag from /Library/Frameworks/Python.framework/Versions/3.11/lib/python3.11/site-packages/airflow/example_dags/example_task_group.py
[2025-12-04T20:49:30.402+0500] {processor.py:840} INFO - DAG(s) 'example_task_group' retrieved from /Library/Frameworks/Python.framework/Versions/3.11/lib/python3.11/site-packages/airflow/example_dags/example_task_group.py
[2025-12-04T20:49:30.537+0500] {logging_mixin.py:188} INFO - [2025-12-04T20:49:30.537+0500] {dag.py:3089} INFO - Sync 1 DAGs
[2025-12-04T20:49:30.558+0500] {logging_mixin.py:188} INFO - [2025-12-04T20:49:30.558+0500] {dag.py:3947} INFO - Setting next_dagrun for example_task_group to 2025-12-03 00:00:00+00:00, run_after=2025-12-04 00:00:00+00:00
[2025-12-04T20:49:30.584+0500] {processor.py:183} INFO - Processing /Library/Frameworks/Python.framework/Versions/3.11/lib/python3.11/site-packages/airflow/example_dags/example_task_group.py took 0.223 seconds
