[2025-12-04T18:18:59.449+0500] {processor.py:161} INFO - Started process (PID=11705) to work on /Library/Frameworks/Python.framework/Versions/3.11/lib/python3.11/site-packages/airflow/example_dags/example_skip_dag.py
[2025-12-04T18:18:59.450+0500] {processor.py:830} INFO - Processing file /Library/Frameworks/Python.framework/Versions/3.11/lib/python3.11/site-packages/airflow/example_dags/example_skip_dag.py for tasks to queue
[2025-12-04T18:18:59.450+0500] {logging_mixin.py:188} INFO - [2025-12-04T18:18:59.450+0500] {dagbag.py:545} INFO - Filling up the DagBag from /Library/Frameworks/Python.framework/Versions/3.11/lib/python3.11/site-packages/airflow/example_dags/example_skip_dag.py
[2025-12-04T18:18:59.462+0500] {processor.py:840} INFO - DAG(s) 'example_skip_dag' retrieved from /Library/Frameworks/Python.framework/Versions/3.11/lib/python3.11/site-packages/airflow/example_dags/example_skip_dag.py
[2025-12-04T18:18:59.661+0500] {logging_mixin.py:188} INFO - [2025-12-04T18:18:59.660+0500] {override.py:1858} INFO - Created Permission View: can edit on DAG:example_skip_dag
[2025-12-04T18:18:59.675+0500] {logging_mixin.py:188} INFO - [2025-12-04T18:18:59.674+0500] {override.py:1858} INFO - Created Permission View: can delete on DAG:example_skip_dag
[2025-12-04T18:18:59.683+0500] {logging_mixin.py:188} INFO - [2025-12-04T18:18:59.682+0500] {override.py:1858} INFO - Created Permission View: can read on DAG:example_skip_dag
[2025-12-04T18:18:59.683+0500] {logging_mixin.py:188} INFO - [2025-12-04T18:18:59.683+0500] {dag.py:3089} INFO - Sync 1 DAGs
[2025-12-04T18:18:59.759+0500] {logging_mixin.py:188} INFO - [2025-12-04T18:18:59.759+0500] {dag.py:3111} INFO - Creating ORM DAG for example_skip_dag
[2025-12-04T18:18:59.767+0500] {logging_mixin.py:188} INFO - [2025-12-04T18:18:59.767+0500] {dag.py:3947} INFO - Setting next_dagrun for example_skip_dag to 2025-12-03 00:00:00+00:00, run_after=2025-12-04 00:00:00+00:00
[2025-12-04T18:18:59.786+0500] {processor.py:183} INFO - Processing /Library/Frameworks/Python.framework/Versions/3.11/lib/python3.11/site-packages/airflow/example_dags/example_skip_dag.py took 0.341 seconds
[2025-12-04T18:21:47.037+0500] {processor.py:161} INFO - Started process (PID=11801) to work on /Library/Frameworks/Python.framework/Versions/3.11/lib/python3.11/site-packages/airflow/example_dags/example_skip_dag.py
[2025-12-04T18:21:47.042+0500] {processor.py:830} INFO - Processing file /Library/Frameworks/Python.framework/Versions/3.11/lib/python3.11/site-packages/airflow/example_dags/example_skip_dag.py for tasks to queue
[2025-12-04T18:21:47.043+0500] {logging_mixin.py:188} INFO - [2025-12-04T18:21:47.043+0500] {dagbag.py:545} INFO - Filling up the DagBag from /Library/Frameworks/Python.framework/Versions/3.11/lib/python3.11/site-packages/airflow/example_dags/example_skip_dag.py
[2025-12-04T18:21:47.055+0500] {processor.py:840} INFO - DAG(s) 'example_skip_dag' retrieved from /Library/Frameworks/Python.framework/Versions/3.11/lib/python3.11/site-packages/airflow/example_dags/example_skip_dag.py
[2025-12-04T18:21:47.182+0500] {logging_mixin.py:188} INFO - [2025-12-04T18:21:47.182+0500] {dag.py:3089} INFO - Sync 1 DAGs
[2025-12-04T18:21:47.199+0500] {logging_mixin.py:188} INFO - [2025-12-04T18:21:47.199+0500] {dag.py:3947} INFO - Setting next_dagrun for example_skip_dag to 2025-12-03 00:00:00+00:00, run_after=2025-12-04 00:00:00+00:00
[2025-12-04T18:21:47.220+0500] {processor.py:183} INFO - Processing /Library/Frameworks/Python.framework/Versions/3.11/lib/python3.11/site-packages/airflow/example_dags/example_skip_dag.py took 0.185 seconds
[2025-12-04T18:23:51.730+0500] {processor.py:161} INFO - Started process (PID=11878) to work on /Library/Frameworks/Python.framework/Versions/3.11/lib/python3.11/site-packages/airflow/example_dags/example_skip_dag.py
[2025-12-04T18:23:51.732+0500] {processor.py:830} INFO - Processing file /Library/Frameworks/Python.framework/Versions/3.11/lib/python3.11/site-packages/airflow/example_dags/example_skip_dag.py for tasks to queue
[2025-12-04T18:23:51.733+0500] {logging_mixin.py:188} INFO - [2025-12-04T18:23:51.733+0500] {dagbag.py:545} INFO - Filling up the DagBag from /Library/Frameworks/Python.framework/Versions/3.11/lib/python3.11/site-packages/airflow/example_dags/example_skip_dag.py
[2025-12-04T18:23:51.745+0500] {processor.py:840} INFO - DAG(s) 'example_skip_dag' retrieved from /Library/Frameworks/Python.framework/Versions/3.11/lib/python3.11/site-packages/airflow/example_dags/example_skip_dag.py
[2025-12-04T18:23:51.864+0500] {logging_mixin.py:188} INFO - [2025-12-04T18:23:51.864+0500] {dag.py:3089} INFO - Sync 1 DAGs
[2025-12-04T18:23:51.880+0500] {logging_mixin.py:188} INFO - [2025-12-04T18:23:51.880+0500] {dag.py:3947} INFO - Setting next_dagrun for example_skip_dag to 2025-12-03 00:00:00+00:00, run_after=2025-12-04 00:00:00+00:00
[2025-12-04T18:23:51.902+0500] {processor.py:183} INFO - Processing /Library/Frameworks/Python.framework/Versions/3.11/lib/python3.11/site-packages/airflow/example_dags/example_skip_dag.py took 0.175 seconds
[2025-12-04T18:25:56.320+0500] {processor.py:161} INFO - Started process (PID=11978) to work on /Library/Frameworks/Python.framework/Versions/3.11/lib/python3.11/site-packages/airflow/example_dags/example_skip_dag.py
[2025-12-04T18:25:56.322+0500] {processor.py:830} INFO - Processing file /Library/Frameworks/Python.framework/Versions/3.11/lib/python3.11/site-packages/airflow/example_dags/example_skip_dag.py for tasks to queue
[2025-12-04T18:25:56.323+0500] {logging_mixin.py:188} INFO - [2025-12-04T18:25:56.323+0500] {dagbag.py:545} INFO - Filling up the DagBag from /Library/Frameworks/Python.framework/Versions/3.11/lib/python3.11/site-packages/airflow/example_dags/example_skip_dag.py
[2025-12-04T18:25:56.335+0500] {processor.py:840} INFO - DAG(s) 'example_skip_dag' retrieved from /Library/Frameworks/Python.framework/Versions/3.11/lib/python3.11/site-packages/airflow/example_dags/example_skip_dag.py
[2025-12-04T18:25:56.458+0500] {logging_mixin.py:188} INFO - [2025-12-04T18:25:56.457+0500] {dag.py:3089} INFO - Sync 1 DAGs
[2025-12-04T18:25:56.473+0500] {logging_mixin.py:188} INFO - [2025-12-04T18:25:56.473+0500] {dag.py:3947} INFO - Setting next_dagrun for example_skip_dag to 2025-12-03 00:00:00+00:00, run_after=2025-12-04 00:00:00+00:00
[2025-12-04T18:25:56.495+0500] {processor.py:183} INFO - Processing /Library/Frameworks/Python.framework/Versions/3.11/lib/python3.11/site-packages/airflow/example_dags/example_skip_dag.py took 0.178 seconds
[2025-12-04T18:28:12.507+0500] {processor.py:161} INFO - Started process (PID=12101) to work on /Library/Frameworks/Python.framework/Versions/3.11/lib/python3.11/site-packages/airflow/example_dags/example_skip_dag.py
[2025-12-04T18:28:12.509+0500] {processor.py:830} INFO - Processing file /Library/Frameworks/Python.framework/Versions/3.11/lib/python3.11/site-packages/airflow/example_dags/example_skip_dag.py for tasks to queue
[2025-12-04T18:28:12.512+0500] {logging_mixin.py:188} INFO - [2025-12-04T18:28:12.512+0500] {dagbag.py:545} INFO - Filling up the DagBag from /Library/Frameworks/Python.framework/Versions/3.11/lib/python3.11/site-packages/airflow/example_dags/example_skip_dag.py
[2025-12-04T18:28:12.528+0500] {processor.py:840} INFO - DAG(s) 'example_skip_dag' retrieved from /Library/Frameworks/Python.framework/Versions/3.11/lib/python3.11/site-packages/airflow/example_dags/example_skip_dag.py
[2025-12-04T18:28:12.721+0500] {logging_mixin.py:188} INFO - [2025-12-04T18:28:12.720+0500] {dag.py:3089} INFO - Sync 1 DAGs
[2025-12-04T18:28:12.746+0500] {logging_mixin.py:188} INFO - [2025-12-04T18:28:12.746+0500] {dag.py:3947} INFO - Setting next_dagrun for example_skip_dag to 2025-12-03 00:00:00+00:00, run_after=2025-12-04 00:00:00+00:00
[2025-12-04T18:28:12.772+0500] {processor.py:183} INFO - Processing /Library/Frameworks/Python.framework/Versions/3.11/lib/python3.11/site-packages/airflow/example_dags/example_skip_dag.py took 0.271 seconds
[2025-12-04T18:30:43.499+0500] {processor.py:161} INFO - Started process (PID=12207) to work on /Library/Frameworks/Python.framework/Versions/3.11/lib/python3.11/site-packages/airflow/example_dags/example_skip_dag.py
[2025-12-04T18:30:43.501+0500] {processor.py:830} INFO - Processing file /Library/Frameworks/Python.framework/Versions/3.11/lib/python3.11/site-packages/airflow/example_dags/example_skip_dag.py for tasks to queue
[2025-12-04T18:30:43.502+0500] {logging_mixin.py:188} INFO - [2025-12-04T18:30:43.502+0500] {dagbag.py:545} INFO - Filling up the DagBag from /Library/Frameworks/Python.framework/Versions/3.11/lib/python3.11/site-packages/airflow/example_dags/example_skip_dag.py
[2025-12-04T18:30:43.515+0500] {processor.py:840} INFO - DAG(s) 'example_skip_dag' retrieved from /Library/Frameworks/Python.framework/Versions/3.11/lib/python3.11/site-packages/airflow/example_dags/example_skip_dag.py
[2025-12-04T18:30:43.723+0500] {logging_mixin.py:188} INFO - [2025-12-04T18:30:43.723+0500] {dag.py:3089} INFO - Sync 1 DAGs
[2025-12-04T18:30:43.744+0500] {logging_mixin.py:188} INFO - [2025-12-04T18:30:43.743+0500] {dag.py:3947} INFO - Setting next_dagrun for example_skip_dag to 2025-12-03 00:00:00+00:00, run_after=2025-12-04 00:00:00+00:00
[2025-12-04T18:30:43.776+0500] {processor.py:183} INFO - Processing /Library/Frameworks/Python.framework/Versions/3.11/lib/python3.11/site-packages/airflow/example_dags/example_skip_dag.py took 0.280 seconds
[2025-12-04T18:33:07.972+0500] {processor.py:161} INFO - Started process (PID=12317) to work on /Library/Frameworks/Python.framework/Versions/3.11/lib/python3.11/site-packages/airflow/example_dags/example_skip_dag.py
[2025-12-04T18:33:07.981+0500] {processor.py:830} INFO - Processing file /Library/Frameworks/Python.framework/Versions/3.11/lib/python3.11/site-packages/airflow/example_dags/example_skip_dag.py for tasks to queue
[2025-12-04T18:33:07.983+0500] {logging_mixin.py:188} INFO - [2025-12-04T18:33:07.982+0500] {dagbag.py:545} INFO - Filling up the DagBag from /Library/Frameworks/Python.framework/Versions/3.11/lib/python3.11/site-packages/airflow/example_dags/example_skip_dag.py
[2025-12-04T18:33:08.001+0500] {processor.py:840} INFO - DAG(s) 'example_skip_dag' retrieved from /Library/Frameworks/Python.framework/Versions/3.11/lib/python3.11/site-packages/airflow/example_dags/example_skip_dag.py
[2025-12-04T18:33:08.144+0500] {logging_mixin.py:188} INFO - [2025-12-04T18:33:08.143+0500] {dag.py:3089} INFO - Sync 1 DAGs
[2025-12-04T18:33:08.163+0500] {logging_mixin.py:188} INFO - [2025-12-04T18:33:08.162+0500] {dag.py:3947} INFO - Setting next_dagrun for example_skip_dag to 2025-12-03 00:00:00+00:00, run_after=2025-12-04 00:00:00+00:00
[2025-12-04T18:33:08.206+0500] {processor.py:183} INFO - Processing /Library/Frameworks/Python.framework/Versions/3.11/lib/python3.11/site-packages/airflow/example_dags/example_skip_dag.py took 0.238 seconds
[2025-12-04T18:35:21.379+0500] {processor.py:161} INFO - Started process (PID=12415) to work on /Library/Frameworks/Python.framework/Versions/3.11/lib/python3.11/site-packages/airflow/example_dags/example_skip_dag.py
[2025-12-04T18:35:21.381+0500] {processor.py:830} INFO - Processing file /Library/Frameworks/Python.framework/Versions/3.11/lib/python3.11/site-packages/airflow/example_dags/example_skip_dag.py for tasks to queue
[2025-12-04T18:35:21.382+0500] {logging_mixin.py:188} INFO - [2025-12-04T18:35:21.382+0500] {dagbag.py:545} INFO - Filling up the DagBag from /Library/Frameworks/Python.framework/Versions/3.11/lib/python3.11/site-packages/airflow/example_dags/example_skip_dag.py
[2025-12-04T18:35:21.394+0500] {processor.py:840} INFO - DAG(s) 'example_skip_dag' retrieved from /Library/Frameworks/Python.framework/Versions/3.11/lib/python3.11/site-packages/airflow/example_dags/example_skip_dag.py
[2025-12-04T18:35:21.506+0500] {logging_mixin.py:188} INFO - [2025-12-04T18:35:21.505+0500] {dag.py:3089} INFO - Sync 1 DAGs
[2025-12-04T18:35:21.521+0500] {logging_mixin.py:188} INFO - [2025-12-04T18:35:21.521+0500] {dag.py:3947} INFO - Setting next_dagrun for example_skip_dag to 2025-12-03 00:00:00+00:00, run_after=2025-12-04 00:00:00+00:00
[2025-12-04T18:35:21.544+0500] {processor.py:183} INFO - Processing /Library/Frameworks/Python.framework/Versions/3.11/lib/python3.11/site-packages/airflow/example_dags/example_skip_dag.py took 0.168 seconds
[2025-12-04T18:37:20.335+0500] {processor.py:161} INFO - Started process (PID=12481) to work on /Library/Frameworks/Python.framework/Versions/3.11/lib/python3.11/site-packages/airflow/example_dags/example_skip_dag.py
[2025-12-04T18:37:20.337+0500] {processor.py:830} INFO - Processing file /Library/Frameworks/Python.framework/Versions/3.11/lib/python3.11/site-packages/airflow/example_dags/example_skip_dag.py for tasks to queue
[2025-12-04T18:37:20.338+0500] {logging_mixin.py:188} INFO - [2025-12-04T18:37:20.338+0500] {dagbag.py:545} INFO - Filling up the DagBag from /Library/Frameworks/Python.framework/Versions/3.11/lib/python3.11/site-packages/airflow/example_dags/example_skip_dag.py
[2025-12-04T18:37:20.350+0500] {processor.py:840} INFO - DAG(s) 'example_skip_dag' retrieved from /Library/Frameworks/Python.framework/Versions/3.11/lib/python3.11/site-packages/airflow/example_dags/example_skip_dag.py
[2025-12-04T18:37:20.467+0500] {logging_mixin.py:188} INFO - [2025-12-04T18:37:20.466+0500] {dag.py:3089} INFO - Sync 1 DAGs
[2025-12-04T18:37:20.482+0500] {logging_mixin.py:188} INFO - [2025-12-04T18:37:20.482+0500] {dag.py:3947} INFO - Setting next_dagrun for example_skip_dag to 2025-12-03 00:00:00+00:00, run_after=2025-12-04 00:00:00+00:00
[2025-12-04T18:37:20.503+0500] {processor.py:183} INFO - Processing /Library/Frameworks/Python.framework/Versions/3.11/lib/python3.11/site-packages/airflow/example_dags/example_skip_dag.py took 0.171 seconds
[2025-12-04T18:39:12.382+0500] {processor.py:161} INFO - Started process (PID=12547) to work on /Library/Frameworks/Python.framework/Versions/3.11/lib/python3.11/site-packages/airflow/example_dags/example_skip_dag.py
[2025-12-04T18:39:12.384+0500] {processor.py:830} INFO - Processing file /Library/Frameworks/Python.framework/Versions/3.11/lib/python3.11/site-packages/airflow/example_dags/example_skip_dag.py for tasks to queue
[2025-12-04T18:39:12.385+0500] {logging_mixin.py:188} INFO - [2025-12-04T18:39:12.384+0500] {dagbag.py:545} INFO - Filling up the DagBag from /Library/Frameworks/Python.framework/Versions/3.11/lib/python3.11/site-packages/airflow/example_dags/example_skip_dag.py
[2025-12-04T18:39:12.396+0500] {processor.py:840} INFO - DAG(s) 'example_skip_dag' retrieved from /Library/Frameworks/Python.framework/Versions/3.11/lib/python3.11/site-packages/airflow/example_dags/example_skip_dag.py
[2025-12-04T18:39:12.506+0500] {logging_mixin.py:188} INFO - [2025-12-04T18:39:12.506+0500] {dag.py:3089} INFO - Sync 1 DAGs
[2025-12-04T18:39:12.522+0500] {logging_mixin.py:188} INFO - [2025-12-04T18:39:12.522+0500] {dag.py:3947} INFO - Setting next_dagrun for example_skip_dag to 2025-12-03 00:00:00+00:00, run_after=2025-12-04 00:00:00+00:00
[2025-12-04T18:39:12.543+0500] {processor.py:183} INFO - Processing /Library/Frameworks/Python.framework/Versions/3.11/lib/python3.11/site-packages/airflow/example_dags/example_skip_dag.py took 0.165 seconds
[2025-12-04T18:41:15.454+0500] {processor.py:161} INFO - Started process (PID=12654) to work on /Library/Frameworks/Python.framework/Versions/3.11/lib/python3.11/site-packages/airflow/example_dags/example_skip_dag.py
[2025-12-04T18:41:15.457+0500] {processor.py:830} INFO - Processing file /Library/Frameworks/Python.framework/Versions/3.11/lib/python3.11/site-packages/airflow/example_dags/example_skip_dag.py for tasks to queue
[2025-12-04T18:41:15.458+0500] {logging_mixin.py:188} INFO - [2025-12-04T18:41:15.458+0500] {dagbag.py:545} INFO - Filling up the DagBag from /Library/Frameworks/Python.framework/Versions/3.11/lib/python3.11/site-packages/airflow/example_dags/example_skip_dag.py
[2025-12-04T18:41:15.471+0500] {processor.py:840} INFO - DAG(s) 'example_skip_dag' retrieved from /Library/Frameworks/Python.framework/Versions/3.11/lib/python3.11/site-packages/airflow/example_dags/example_skip_dag.py
[2025-12-04T18:41:15.704+0500] {logging_mixin.py:188} INFO - [2025-12-04T18:41:15.703+0500] {dag.py:3089} INFO - Sync 1 DAGs
[2025-12-04T18:41:15.738+0500] {logging_mixin.py:188} INFO - [2025-12-04T18:41:15.737+0500] {dag.py:3947} INFO - Setting next_dagrun for example_skip_dag to 2025-12-03 00:00:00+00:00, run_after=2025-12-04 00:00:00+00:00
[2025-12-04T18:41:15.773+0500] {processor.py:183} INFO - Processing /Library/Frameworks/Python.framework/Versions/3.11/lib/python3.11/site-packages/airflow/example_dags/example_skip_dag.py took 0.322 seconds
[2025-12-04T18:43:28.988+0500] {processor.py:161} INFO - Started process (PID=12724) to work on /Library/Frameworks/Python.framework/Versions/3.11/lib/python3.11/site-packages/airflow/example_dags/example_skip_dag.py
[2025-12-04T18:43:28.990+0500] {processor.py:830} INFO - Processing file /Library/Frameworks/Python.framework/Versions/3.11/lib/python3.11/site-packages/airflow/example_dags/example_skip_dag.py for tasks to queue
[2025-12-04T18:43:28.991+0500] {logging_mixin.py:188} INFO - [2025-12-04T18:43:28.991+0500] {dagbag.py:545} INFO - Filling up the DagBag from /Library/Frameworks/Python.framework/Versions/3.11/lib/python3.11/site-packages/airflow/example_dags/example_skip_dag.py
[2025-12-04T18:43:29.005+0500] {processor.py:840} INFO - DAG(s) 'example_skip_dag' retrieved from /Library/Frameworks/Python.framework/Versions/3.11/lib/python3.11/site-packages/airflow/example_dags/example_skip_dag.py
[2025-12-04T18:43:29.126+0500] {logging_mixin.py:188} INFO - [2025-12-04T18:43:29.125+0500] {dag.py:3089} INFO - Sync 1 DAGs
[2025-12-04T18:43:29.143+0500] {logging_mixin.py:188} INFO - [2025-12-04T18:43:29.143+0500] {dag.py:3947} INFO - Setting next_dagrun for example_skip_dag to 2025-12-03 00:00:00+00:00, run_after=2025-12-04 00:00:00+00:00
[2025-12-04T18:43:29.164+0500] {processor.py:183} INFO - Processing /Library/Frameworks/Python.framework/Versions/3.11/lib/python3.11/site-packages/airflow/example_dags/example_skip_dag.py took 0.180 seconds
[2025-12-04T18:45:33.192+0500] {processor.py:161} INFO - Started process (PID=12811) to work on /Library/Frameworks/Python.framework/Versions/3.11/lib/python3.11/site-packages/airflow/example_dags/example_skip_dag.py
[2025-12-04T18:45:33.194+0500] {processor.py:830} INFO - Processing file /Library/Frameworks/Python.framework/Versions/3.11/lib/python3.11/site-packages/airflow/example_dags/example_skip_dag.py for tasks to queue
[2025-12-04T18:45:33.195+0500] {logging_mixin.py:188} INFO - [2025-12-04T18:45:33.195+0500] {dagbag.py:545} INFO - Filling up the DagBag from /Library/Frameworks/Python.framework/Versions/3.11/lib/python3.11/site-packages/airflow/example_dags/example_skip_dag.py
[2025-12-04T18:45:33.210+0500] {processor.py:840} INFO - DAG(s) 'example_skip_dag' retrieved from /Library/Frameworks/Python.framework/Versions/3.11/lib/python3.11/site-packages/airflow/example_dags/example_skip_dag.py
[2025-12-04T18:45:33.329+0500] {logging_mixin.py:188} INFO - [2025-12-04T18:45:33.328+0500] {dag.py:3089} INFO - Sync 1 DAGs
[2025-12-04T18:45:33.345+0500] {logging_mixin.py:188} INFO - [2025-12-04T18:45:33.345+0500] {dag.py:3947} INFO - Setting next_dagrun for example_skip_dag to 2025-12-03 00:00:00+00:00, run_after=2025-12-04 00:00:00+00:00
[2025-12-04T18:45:33.366+0500] {processor.py:183} INFO - Processing /Library/Frameworks/Python.framework/Versions/3.11/lib/python3.11/site-packages/airflow/example_dags/example_skip_dag.py took 0.177 seconds
[2025-12-04T18:47:33.369+0500] {processor.py:161} INFO - Started process (PID=12894) to work on /Library/Frameworks/Python.framework/Versions/3.11/lib/python3.11/site-packages/airflow/example_dags/example_skip_dag.py
[2025-12-04T18:47:33.371+0500] {processor.py:830} INFO - Processing file /Library/Frameworks/Python.framework/Versions/3.11/lib/python3.11/site-packages/airflow/example_dags/example_skip_dag.py for tasks to queue
[2025-12-04T18:47:33.372+0500] {logging_mixin.py:188} INFO - [2025-12-04T18:47:33.372+0500] {dagbag.py:545} INFO - Filling up the DagBag from /Library/Frameworks/Python.framework/Versions/3.11/lib/python3.11/site-packages/airflow/example_dags/example_skip_dag.py
[2025-12-04T18:47:33.385+0500] {processor.py:840} INFO - DAG(s) 'example_skip_dag' retrieved from /Library/Frameworks/Python.framework/Versions/3.11/lib/python3.11/site-packages/airflow/example_dags/example_skip_dag.py
[2025-12-04T18:47:33.516+0500] {logging_mixin.py:188} INFO - [2025-12-04T18:47:33.515+0500] {dag.py:3089} INFO - Sync 1 DAGs
[2025-12-04T18:47:33.534+0500] {logging_mixin.py:188} INFO - [2025-12-04T18:47:33.534+0500] {dag.py:3947} INFO - Setting next_dagrun for example_skip_dag to 2025-12-03 00:00:00+00:00, run_after=2025-12-04 00:00:00+00:00
[2025-12-04T18:47:33.556+0500] {processor.py:183} INFO - Processing /Library/Frameworks/Python.framework/Versions/3.11/lib/python3.11/site-packages/airflow/example_dags/example_skip_dag.py took 0.190 seconds
[2025-12-04T18:49:41.202+0500] {processor.py:161} INFO - Started process (PID=12964) to work on /Library/Frameworks/Python.framework/Versions/3.11/lib/python3.11/site-packages/airflow/example_dags/example_skip_dag.py
[2025-12-04T18:49:41.204+0500] {processor.py:830} INFO - Processing file /Library/Frameworks/Python.framework/Versions/3.11/lib/python3.11/site-packages/airflow/example_dags/example_skip_dag.py for tasks to queue
[2025-12-04T18:49:41.205+0500] {logging_mixin.py:188} INFO - [2025-12-04T18:49:41.205+0500] {dagbag.py:545} INFO - Filling up the DagBag from /Library/Frameworks/Python.framework/Versions/3.11/lib/python3.11/site-packages/airflow/example_dags/example_skip_dag.py
[2025-12-04T18:49:41.217+0500] {processor.py:840} INFO - DAG(s) 'example_skip_dag' retrieved from /Library/Frameworks/Python.framework/Versions/3.11/lib/python3.11/site-packages/airflow/example_dags/example_skip_dag.py
[2025-12-04T18:49:41.331+0500] {logging_mixin.py:188} INFO - [2025-12-04T18:49:41.330+0500] {dag.py:3089} INFO - Sync 1 DAGs
[2025-12-04T18:49:41.347+0500] {logging_mixin.py:188} INFO - [2025-12-04T18:49:41.347+0500] {dag.py:3947} INFO - Setting next_dagrun for example_skip_dag to 2025-12-03 00:00:00+00:00, run_after=2025-12-04 00:00:00+00:00
[2025-12-04T18:49:41.368+0500] {processor.py:183} INFO - Processing /Library/Frameworks/Python.framework/Versions/3.11/lib/python3.11/site-packages/airflow/example_dags/example_skip_dag.py took 0.168 seconds
[2025-12-04T18:52:03.385+0500] {processor.py:161} INFO - Started process (PID=13056) to work on /Library/Frameworks/Python.framework/Versions/3.11/lib/python3.11/site-packages/airflow/example_dags/example_skip_dag.py
[2025-12-04T18:52:03.387+0500] {processor.py:830} INFO - Processing file /Library/Frameworks/Python.framework/Versions/3.11/lib/python3.11/site-packages/airflow/example_dags/example_skip_dag.py for tasks to queue
[2025-12-04T18:52:03.390+0500] {logging_mixin.py:188} INFO - [2025-12-04T18:52:03.389+0500] {dagbag.py:545} INFO - Filling up the DagBag from /Library/Frameworks/Python.framework/Versions/3.11/lib/python3.11/site-packages/airflow/example_dags/example_skip_dag.py
[2025-12-04T18:52:03.409+0500] {processor.py:840} INFO - DAG(s) 'example_skip_dag' retrieved from /Library/Frameworks/Python.framework/Versions/3.11/lib/python3.11/site-packages/airflow/example_dags/example_skip_dag.py
[2025-12-04T18:52:03.644+0500] {logging_mixin.py:188} INFO - [2025-12-04T18:52:03.642+0500] {dag.py:3089} INFO - Sync 1 DAGs
[2025-12-04T18:52:03.669+0500] {logging_mixin.py:188} INFO - [2025-12-04T18:52:03.669+0500] {dag.py:3947} INFO - Setting next_dagrun for example_skip_dag to 2025-12-03 00:00:00+00:00, run_after=2025-12-04 00:00:00+00:00
[2025-12-04T18:52:03.703+0500] {processor.py:183} INFO - Processing /Library/Frameworks/Python.framework/Versions/3.11/lib/python3.11/site-packages/airflow/example_dags/example_skip_dag.py took 0.322 seconds
[2025-12-04T18:54:12.654+0500] {processor.py:161} INFO - Started process (PID=13136) to work on /Library/Frameworks/Python.framework/Versions/3.11/lib/python3.11/site-packages/airflow/example_dags/example_skip_dag.py
[2025-12-04T18:54:12.656+0500] {processor.py:830} INFO - Processing file /Library/Frameworks/Python.framework/Versions/3.11/lib/python3.11/site-packages/airflow/example_dags/example_skip_dag.py for tasks to queue
[2025-12-04T18:54:12.657+0500] {logging_mixin.py:188} INFO - [2025-12-04T18:54:12.657+0500] {dagbag.py:545} INFO - Filling up the DagBag from /Library/Frameworks/Python.framework/Versions/3.11/lib/python3.11/site-packages/airflow/example_dags/example_skip_dag.py
[2025-12-04T18:54:12.667+0500] {processor.py:840} INFO - DAG(s) 'example_skip_dag' retrieved from /Library/Frameworks/Python.framework/Versions/3.11/lib/python3.11/site-packages/airflow/example_dags/example_skip_dag.py
[2025-12-04T18:54:12.783+0500] {logging_mixin.py:188} INFO - [2025-12-04T18:54:12.782+0500] {dag.py:3089} INFO - Sync 1 DAGs
[2025-12-04T18:54:12.799+0500] {logging_mixin.py:188} INFO - [2025-12-04T18:54:12.799+0500] {dag.py:3947} INFO - Setting next_dagrun for example_skip_dag to 2025-12-03 00:00:00+00:00, run_after=2025-12-04 00:00:00+00:00
[2025-12-04T18:54:12.821+0500] {processor.py:183} INFO - Processing /Library/Frameworks/Python.framework/Versions/3.11/lib/python3.11/site-packages/airflow/example_dags/example_skip_dag.py took 0.170 seconds
[2025-12-04T19:33:39.951+0500] {processor.py:161} INFO - Started process (PID=14567) to work on /Library/Frameworks/Python.framework/Versions/3.11/lib/python3.11/site-packages/airflow/example_dags/example_skip_dag.py
[2025-12-04T19:33:39.953+0500] {processor.py:830} INFO - Processing file /Library/Frameworks/Python.framework/Versions/3.11/lib/python3.11/site-packages/airflow/example_dags/example_skip_dag.py for tasks to queue
[2025-12-04T19:33:39.954+0500] {logging_mixin.py:188} INFO - [2025-12-04T19:33:39.954+0500] {dagbag.py:545} INFO - Filling up the DagBag from /Library/Frameworks/Python.framework/Versions/3.11/lib/python3.11/site-packages/airflow/example_dags/example_skip_dag.py
[2025-12-04T19:33:39.966+0500] {processor.py:840} INFO - DAG(s) 'example_skip_dag' retrieved from /Library/Frameworks/Python.framework/Versions/3.11/lib/python3.11/site-packages/airflow/example_dags/example_skip_dag.py
[2025-12-04T19:33:40.079+0500] {logging_mixin.py:188} INFO - [2025-12-04T19:33:40.078+0500] {dag.py:3089} INFO - Sync 1 DAGs
[2025-12-04T19:33:40.097+0500] {logging_mixin.py:188} INFO - [2025-12-04T19:33:40.097+0500] {dag.py:3947} INFO - Setting next_dagrun for example_skip_dag to 2025-12-03 00:00:00+00:00, run_after=2025-12-04 00:00:00+00:00
[2025-12-04T19:33:40.123+0500] {processor.py:183} INFO - Processing /Library/Frameworks/Python.framework/Versions/3.11/lib/python3.11/site-packages/airflow/example_dags/example_skip_dag.py took 0.175 seconds
[2025-12-04T19:36:44.723+0500] {processor.py:161} INFO - Started process (PID=14715) to work on /Library/Frameworks/Python.framework/Versions/3.11/lib/python3.11/site-packages/airflow/example_dags/example_skip_dag.py
[2025-12-04T19:36:44.726+0500] {processor.py:830} INFO - Processing file /Library/Frameworks/Python.framework/Versions/3.11/lib/python3.11/site-packages/airflow/example_dags/example_skip_dag.py for tasks to queue
[2025-12-04T19:36:44.727+0500] {logging_mixin.py:188} INFO - [2025-12-04T19:36:44.727+0500] {dagbag.py:545} INFO - Filling up the DagBag from /Library/Frameworks/Python.framework/Versions/3.11/lib/python3.11/site-packages/airflow/example_dags/example_skip_dag.py
[2025-12-04T19:36:44.749+0500] {processor.py:840} INFO - DAG(s) 'example_skip_dag' retrieved from /Library/Frameworks/Python.framework/Versions/3.11/lib/python3.11/site-packages/airflow/example_dags/example_skip_dag.py
[2025-12-04T19:36:44.956+0500] {logging_mixin.py:188} INFO - [2025-12-04T19:36:44.955+0500] {dag.py:3089} INFO - Sync 1 DAGs
[2025-12-04T19:36:44.979+0500] {logging_mixin.py:188} INFO - [2025-12-04T19:36:44.979+0500] {dag.py:3947} INFO - Setting next_dagrun for example_skip_dag to 2025-12-03 00:00:00+00:00, run_after=2025-12-04 00:00:00+00:00
[2025-12-04T19:36:45.009+0500] {processor.py:183} INFO - Processing /Library/Frameworks/Python.framework/Versions/3.11/lib/python3.11/site-packages/airflow/example_dags/example_skip_dag.py took 0.297 seconds
[2025-12-04T19:38:49.211+0500] {processor.py:161} INFO - Started process (PID=14785) to work on /Library/Frameworks/Python.framework/Versions/3.11/lib/python3.11/site-packages/airflow/example_dags/example_skip_dag.py
[2025-12-04T19:38:49.212+0500] {processor.py:830} INFO - Processing file /Library/Frameworks/Python.framework/Versions/3.11/lib/python3.11/site-packages/airflow/example_dags/example_skip_dag.py for tasks to queue
[2025-12-04T19:38:49.213+0500] {logging_mixin.py:188} INFO - [2025-12-04T19:38:49.213+0500] {dagbag.py:545} INFO - Filling up the DagBag from /Library/Frameworks/Python.framework/Versions/3.11/lib/python3.11/site-packages/airflow/example_dags/example_skip_dag.py
[2025-12-04T19:38:49.223+0500] {processor.py:840} INFO - DAG(s) 'example_skip_dag' retrieved from /Library/Frameworks/Python.framework/Versions/3.11/lib/python3.11/site-packages/airflow/example_dags/example_skip_dag.py
[2025-12-04T19:38:49.336+0500] {logging_mixin.py:188} INFO - [2025-12-04T19:38:49.335+0500] {dag.py:3089} INFO - Sync 1 DAGs
[2025-12-04T19:38:49.352+0500] {logging_mixin.py:188} INFO - [2025-12-04T19:38:49.352+0500] {dag.py:3947} INFO - Setting next_dagrun for example_skip_dag to 2025-12-03 00:00:00+00:00, run_after=2025-12-04 00:00:00+00:00
[2025-12-04T19:38:49.378+0500] {processor.py:183} INFO - Processing /Library/Frameworks/Python.framework/Versions/3.11/lib/python3.11/site-packages/airflow/example_dags/example_skip_dag.py took 0.170 seconds
[2025-12-04T19:41:02.894+0500] {processor.py:161} INFO - Started process (PID=14878) to work on /Library/Frameworks/Python.framework/Versions/3.11/lib/python3.11/site-packages/airflow/example_dags/example_skip_dag.py
[2025-12-04T19:41:02.896+0500] {processor.py:830} INFO - Processing file /Library/Frameworks/Python.framework/Versions/3.11/lib/python3.11/site-packages/airflow/example_dags/example_skip_dag.py for tasks to queue
[2025-12-04T19:41:02.897+0500] {logging_mixin.py:188} INFO - [2025-12-04T19:41:02.897+0500] {dagbag.py:545} INFO - Filling up the DagBag from /Library/Frameworks/Python.framework/Versions/3.11/lib/python3.11/site-packages/airflow/example_dags/example_skip_dag.py
[2025-12-04T19:41:02.909+0500] {processor.py:840} INFO - DAG(s) 'example_skip_dag' retrieved from /Library/Frameworks/Python.framework/Versions/3.11/lib/python3.11/site-packages/airflow/example_dags/example_skip_dag.py
[2025-12-04T19:41:03.075+0500] {logging_mixin.py:188} INFO - [2025-12-04T19:41:03.074+0500] {dag.py:3089} INFO - Sync 1 DAGs
[2025-12-04T19:41:03.091+0500] {logging_mixin.py:188} INFO - [2025-12-04T19:41:03.091+0500] {dag.py:3947} INFO - Setting next_dagrun for example_skip_dag to 2025-12-03 00:00:00+00:00, run_after=2025-12-04 00:00:00+00:00
[2025-12-04T19:41:03.112+0500] {processor.py:183} INFO - Processing /Library/Frameworks/Python.framework/Versions/3.11/lib/python3.11/site-packages/airflow/example_dags/example_skip_dag.py took 0.221 seconds
[2025-12-04T19:43:15.718+0500] {processor.py:161} INFO - Started process (PID=14948) to work on /Library/Frameworks/Python.framework/Versions/3.11/lib/python3.11/site-packages/airflow/example_dags/example_skip_dag.py
[2025-12-04T19:43:15.721+0500] {processor.py:830} INFO - Processing file /Library/Frameworks/Python.framework/Versions/3.11/lib/python3.11/site-packages/airflow/example_dags/example_skip_dag.py for tasks to queue
[2025-12-04T19:43:15.722+0500] {logging_mixin.py:188} INFO - [2025-12-04T19:43:15.722+0500] {dagbag.py:545} INFO - Filling up the DagBag from /Library/Frameworks/Python.framework/Versions/3.11/lib/python3.11/site-packages/airflow/example_dags/example_skip_dag.py
[2025-12-04T19:43:15.742+0500] {processor.py:840} INFO - DAG(s) 'example_skip_dag' retrieved from /Library/Frameworks/Python.framework/Versions/3.11/lib/python3.11/site-packages/airflow/example_dags/example_skip_dag.py
[2025-12-04T19:43:16.019+0500] {logging_mixin.py:188} INFO - [2025-12-04T19:43:16.018+0500] {dag.py:3089} INFO - Sync 1 DAGs
[2025-12-04T19:43:16.087+0500] {logging_mixin.py:188} INFO - [2025-12-04T19:43:16.086+0500] {dag.py:3947} INFO - Setting next_dagrun for example_skip_dag to 2025-12-03 00:00:00+00:00, run_after=2025-12-04 00:00:00+00:00
[2025-12-04T19:43:16.118+0500] {processor.py:183} INFO - Processing /Library/Frameworks/Python.framework/Versions/3.11/lib/python3.11/site-packages/airflow/example_dags/example_skip_dag.py took 0.409 seconds
[2025-12-04T19:45:38.582+0500] {processor.py:161} INFO - Started process (PID=15026) to work on /Library/Frameworks/Python.framework/Versions/3.11/lib/python3.11/site-packages/airflow/example_dags/example_skip_dag.py
[2025-12-04T19:45:38.586+0500] {processor.py:830} INFO - Processing file /Library/Frameworks/Python.framework/Versions/3.11/lib/python3.11/site-packages/airflow/example_dags/example_skip_dag.py for tasks to queue
[2025-12-04T19:45:38.587+0500] {logging_mixin.py:188} INFO - [2025-12-04T19:45:38.586+0500] {dagbag.py:545} INFO - Filling up the DagBag from /Library/Frameworks/Python.framework/Versions/3.11/lib/python3.11/site-packages/airflow/example_dags/example_skip_dag.py
[2025-12-04T19:45:38.601+0500] {processor.py:840} INFO - DAG(s) 'example_skip_dag' retrieved from /Library/Frameworks/Python.framework/Versions/3.11/lib/python3.11/site-packages/airflow/example_dags/example_skip_dag.py
[2025-12-04T19:45:38.746+0500] {logging_mixin.py:188} INFO - [2025-12-04T19:45:38.745+0500] {dag.py:3089} INFO - Sync 1 DAGs
[2025-12-04T19:45:38.765+0500] {logging_mixin.py:188} INFO - [2025-12-04T19:45:38.764+0500] {dag.py:3947} INFO - Setting next_dagrun for example_skip_dag to 2025-12-03 00:00:00+00:00, run_after=2025-12-04 00:00:00+00:00
[2025-12-04T19:45:38.788+0500] {processor.py:183} INFO - Processing /Library/Frameworks/Python.framework/Versions/3.11/lib/python3.11/site-packages/airflow/example_dags/example_skip_dag.py took 0.209 seconds
[2025-12-04T19:48:03.593+0500] {processor.py:161} INFO - Started process (PID=15123) to work on /Library/Frameworks/Python.framework/Versions/3.11/lib/python3.11/site-packages/airflow/example_dags/example_skip_dag.py
[2025-12-04T19:48:03.596+0500] {processor.py:830} INFO - Processing file /Library/Frameworks/Python.framework/Versions/3.11/lib/python3.11/site-packages/airflow/example_dags/example_skip_dag.py for tasks to queue
[2025-12-04T19:48:03.597+0500] {logging_mixin.py:188} INFO - [2025-12-04T19:48:03.596+0500] {dagbag.py:545} INFO - Filling up the DagBag from /Library/Frameworks/Python.framework/Versions/3.11/lib/python3.11/site-packages/airflow/example_dags/example_skip_dag.py
[2025-12-04T19:48:03.609+0500] {processor.py:840} INFO - DAG(s) 'example_skip_dag' retrieved from /Library/Frameworks/Python.framework/Versions/3.11/lib/python3.11/site-packages/airflow/example_dags/example_skip_dag.py
[2025-12-04T19:48:03.839+0500] {logging_mixin.py:188} INFO - [2025-12-04T19:48:03.837+0500] {dag.py:3089} INFO - Sync 1 DAGs
[2025-12-04T19:48:03.880+0500] {logging_mixin.py:188} INFO - [2025-12-04T19:48:03.880+0500] {dag.py:3947} INFO - Setting next_dagrun for example_skip_dag to 2025-12-03 00:00:00+00:00, run_after=2025-12-04 00:00:00+00:00
[2025-12-04T19:48:03.913+0500] {processor.py:183} INFO - Processing /Library/Frameworks/Python.framework/Versions/3.11/lib/python3.11/site-packages/airflow/example_dags/example_skip_dag.py took 0.322 seconds
[2025-12-04T19:50:07.347+0500] {processor.py:161} INFO - Started process (PID=15190) to work on /Library/Frameworks/Python.framework/Versions/3.11/lib/python3.11/site-packages/airflow/example_dags/example_skip_dag.py
[2025-12-04T19:50:07.349+0500] {processor.py:830} INFO - Processing file /Library/Frameworks/Python.framework/Versions/3.11/lib/python3.11/site-packages/airflow/example_dags/example_skip_dag.py for tasks to queue
[2025-12-04T19:50:07.350+0500] {logging_mixin.py:188} INFO - [2025-12-04T19:50:07.350+0500] {dagbag.py:545} INFO - Filling up the DagBag from /Library/Frameworks/Python.framework/Versions/3.11/lib/python3.11/site-packages/airflow/example_dags/example_skip_dag.py
[2025-12-04T19:50:07.362+0500] {processor.py:840} INFO - DAG(s) 'example_skip_dag' retrieved from /Library/Frameworks/Python.framework/Versions/3.11/lib/python3.11/site-packages/airflow/example_dags/example_skip_dag.py
[2025-12-04T19:50:07.476+0500] {logging_mixin.py:188} INFO - [2025-12-04T19:50:07.476+0500] {dag.py:3089} INFO - Sync 1 DAGs
[2025-12-04T19:50:07.494+0500] {logging_mixin.py:188} INFO - [2025-12-04T19:50:07.494+0500] {dag.py:3947} INFO - Setting next_dagrun for example_skip_dag to 2025-12-03 00:00:00+00:00, run_after=2025-12-04 00:00:00+00:00
[2025-12-04T19:50:07.528+0500] {processor.py:183} INFO - Processing /Library/Frameworks/Python.framework/Versions/3.11/lib/python3.11/site-packages/airflow/example_dags/example_skip_dag.py took 0.185 seconds
[2025-12-04T19:52:05.414+0500] {processor.py:161} INFO - Started process (PID=15283) to work on /Library/Frameworks/Python.framework/Versions/3.11/lib/python3.11/site-packages/airflow/example_dags/example_skip_dag.py
[2025-12-04T19:52:05.416+0500] {processor.py:830} INFO - Processing file /Library/Frameworks/Python.framework/Versions/3.11/lib/python3.11/site-packages/airflow/example_dags/example_skip_dag.py for tasks to queue
[2025-12-04T19:52:05.417+0500] {logging_mixin.py:188} INFO - [2025-12-04T19:52:05.417+0500] {dagbag.py:545} INFO - Filling up the DagBag from /Library/Frameworks/Python.framework/Versions/3.11/lib/python3.11/site-packages/airflow/example_dags/example_skip_dag.py
[2025-12-04T19:52:05.428+0500] {processor.py:840} INFO - DAG(s) 'example_skip_dag' retrieved from /Library/Frameworks/Python.framework/Versions/3.11/lib/python3.11/site-packages/airflow/example_dags/example_skip_dag.py
[2025-12-04T19:52:05.544+0500] {logging_mixin.py:188} INFO - [2025-12-04T19:52:05.544+0500] {dag.py:3089} INFO - Sync 1 DAGs
[2025-12-04T19:52:05.563+0500] {logging_mixin.py:188} INFO - [2025-12-04T19:52:05.563+0500] {dag.py:3947} INFO - Setting next_dagrun for example_skip_dag to 2025-12-03 00:00:00+00:00, run_after=2025-12-04 00:00:00+00:00
[2025-12-04T19:52:05.597+0500] {processor.py:183} INFO - Processing /Library/Frameworks/Python.framework/Versions/3.11/lib/python3.11/site-packages/airflow/example_dags/example_skip_dag.py took 0.186 seconds
[2025-12-04T19:54:03.545+0500] {processor.py:161} INFO - Started process (PID=15371) to work on /Library/Frameworks/Python.framework/Versions/3.11/lib/python3.11/site-packages/airflow/example_dags/example_skip_dag.py
[2025-12-04T19:54:03.547+0500] {processor.py:830} INFO - Processing file /Library/Frameworks/Python.framework/Versions/3.11/lib/python3.11/site-packages/airflow/example_dags/example_skip_dag.py for tasks to queue
[2025-12-04T19:54:03.548+0500] {logging_mixin.py:188} INFO - [2025-12-04T19:54:03.548+0500] {dagbag.py:545} INFO - Filling up the DagBag from /Library/Frameworks/Python.framework/Versions/3.11/lib/python3.11/site-packages/airflow/example_dags/example_skip_dag.py
[2025-12-04T19:54:03.557+0500] {processor.py:840} INFO - DAG(s) 'example_skip_dag' retrieved from /Library/Frameworks/Python.framework/Versions/3.11/lib/python3.11/site-packages/airflow/example_dags/example_skip_dag.py
[2025-12-04T19:54:03.669+0500] {logging_mixin.py:188} INFO - [2025-12-04T19:54:03.669+0500] {dag.py:3089} INFO - Sync 1 DAGs
[2025-12-04T19:54:03.686+0500] {logging_mixin.py:188} INFO - [2025-12-04T19:54:03.685+0500] {dag.py:3947} INFO - Setting next_dagrun for example_skip_dag to 2025-12-03 00:00:00+00:00, run_after=2025-12-04 00:00:00+00:00
[2025-12-04T19:54:03.707+0500] {processor.py:183} INFO - Processing /Library/Frameworks/Python.framework/Versions/3.11/lib/python3.11/site-packages/airflow/example_dags/example_skip_dag.py took 0.165 seconds
[2025-12-04T19:55:58.390+0500] {processor.py:161} INFO - Started process (PID=15434) to work on /Library/Frameworks/Python.framework/Versions/3.11/lib/python3.11/site-packages/airflow/example_dags/example_skip_dag.py
[2025-12-04T19:55:58.392+0500] {processor.py:830} INFO - Processing file /Library/Frameworks/Python.framework/Versions/3.11/lib/python3.11/site-packages/airflow/example_dags/example_skip_dag.py for tasks to queue
[2025-12-04T19:55:58.393+0500] {logging_mixin.py:188} INFO - [2025-12-04T19:55:58.393+0500] {dagbag.py:545} INFO - Filling up the DagBag from /Library/Frameworks/Python.framework/Versions/3.11/lib/python3.11/site-packages/airflow/example_dags/example_skip_dag.py
[2025-12-04T19:55:58.403+0500] {processor.py:840} INFO - DAG(s) 'example_skip_dag' retrieved from /Library/Frameworks/Python.framework/Versions/3.11/lib/python3.11/site-packages/airflow/example_dags/example_skip_dag.py
[2025-12-04T19:55:58.517+0500] {logging_mixin.py:188} INFO - [2025-12-04T19:55:58.517+0500] {dag.py:3089} INFO - Sync 1 DAGs
[2025-12-04T19:55:58.534+0500] {logging_mixin.py:188} INFO - [2025-12-04T19:55:58.534+0500] {dag.py:3947} INFO - Setting next_dagrun for example_skip_dag to 2025-12-03 00:00:00+00:00, run_after=2025-12-04 00:00:00+00:00
[2025-12-04T19:55:58.555+0500] {processor.py:183} INFO - Processing /Library/Frameworks/Python.framework/Versions/3.11/lib/python3.11/site-packages/airflow/example_dags/example_skip_dag.py took 0.168 seconds
[2025-12-04T19:57:51.993+0500] {processor.py:161} INFO - Started process (PID=15498) to work on /Library/Frameworks/Python.framework/Versions/3.11/lib/python3.11/site-packages/airflow/example_dags/example_skip_dag.py
[2025-12-04T19:57:51.995+0500] {processor.py:830} INFO - Processing file /Library/Frameworks/Python.framework/Versions/3.11/lib/python3.11/site-packages/airflow/example_dags/example_skip_dag.py for tasks to queue
[2025-12-04T19:57:51.996+0500] {logging_mixin.py:188} INFO - [2025-12-04T19:57:51.996+0500] {dagbag.py:545} INFO - Filling up the DagBag from /Library/Frameworks/Python.framework/Versions/3.11/lib/python3.11/site-packages/airflow/example_dags/example_skip_dag.py
[2025-12-04T19:57:52.013+0500] {processor.py:840} INFO - DAG(s) 'example_skip_dag' retrieved from /Library/Frameworks/Python.framework/Versions/3.11/lib/python3.11/site-packages/airflow/example_dags/example_skip_dag.py
[2025-12-04T19:57:52.161+0500] {logging_mixin.py:188} INFO - [2025-12-04T19:57:52.161+0500] {dag.py:3089} INFO - Sync 1 DAGs
[2025-12-04T19:57:52.190+0500] {logging_mixin.py:188} INFO - [2025-12-04T19:57:52.190+0500] {dag.py:3947} INFO - Setting next_dagrun for example_skip_dag to 2025-12-03 00:00:00+00:00, run_after=2025-12-04 00:00:00+00:00
[2025-12-04T19:57:52.212+0500] {processor.py:183} INFO - Processing /Library/Frameworks/Python.framework/Versions/3.11/lib/python3.11/site-packages/airflow/example_dags/example_skip_dag.py took 0.222 seconds
[2025-12-04T20:41:52.548+0500] {processor.py:161} INFO - Started process (PID=15618) to work on /Library/Frameworks/Python.framework/Versions/3.11/lib/python3.11/site-packages/airflow/example_dags/example_skip_dag.py
[2025-12-04T20:41:52.550+0500] {processor.py:830} INFO - Processing file /Library/Frameworks/Python.framework/Versions/3.11/lib/python3.11/site-packages/airflow/example_dags/example_skip_dag.py for tasks to queue
[2025-12-04T20:41:52.551+0500] {logging_mixin.py:188} INFO - [2025-12-04T20:41:52.551+0500] {dagbag.py:545} INFO - Filling up the DagBag from /Library/Frameworks/Python.framework/Versions/3.11/lib/python3.11/site-packages/airflow/example_dags/example_skip_dag.py
[2025-12-04T20:41:52.564+0500] {processor.py:840} INFO - DAG(s) 'example_skip_dag' retrieved from /Library/Frameworks/Python.framework/Versions/3.11/lib/python3.11/site-packages/airflow/example_dags/example_skip_dag.py
[2025-12-04T20:41:52.706+0500] {logging_mixin.py:188} INFO - [2025-12-04T20:41:52.705+0500] {dag.py:3089} INFO - Sync 1 DAGs
[2025-12-04T20:41:52.729+0500] {logging_mixin.py:188} INFO - [2025-12-04T20:41:52.728+0500] {dag.py:3947} INFO - Setting next_dagrun for example_skip_dag to 2025-12-03 00:00:00+00:00, run_after=2025-12-04 00:00:00+00:00
[2025-12-04T20:41:52.759+0500] {processor.py:183} INFO - Processing /Library/Frameworks/Python.framework/Versions/3.11/lib/python3.11/site-packages/airflow/example_dags/example_skip_dag.py took 0.214 seconds
[2025-12-04T20:44:51.210+0500] {processor.py:161} INFO - Started process (PID=15777) to work on /Library/Frameworks/Python.framework/Versions/3.11/lib/python3.11/site-packages/airflow/example_dags/example_skip_dag.py
[2025-12-04T20:44:51.213+0500] {processor.py:830} INFO - Processing file /Library/Frameworks/Python.framework/Versions/3.11/lib/python3.11/site-packages/airflow/example_dags/example_skip_dag.py for tasks to queue
[2025-12-04T20:44:51.214+0500] {logging_mixin.py:188} INFO - [2025-12-04T20:44:51.214+0500] {dagbag.py:545} INFO - Filling up the DagBag from /Library/Frameworks/Python.framework/Versions/3.11/lib/python3.11/site-packages/airflow/example_dags/example_skip_dag.py
[2025-12-04T20:44:51.227+0500] {processor.py:840} INFO - DAG(s) 'example_skip_dag' retrieved from /Library/Frameworks/Python.framework/Versions/3.11/lib/python3.11/site-packages/airflow/example_dags/example_skip_dag.py
[2025-12-04T20:44:51.357+0500] {logging_mixin.py:188} INFO - [2025-12-04T20:44:51.357+0500] {dag.py:3089} INFO - Sync 1 DAGs
[2025-12-04T20:44:51.374+0500] {logging_mixin.py:188} INFO - [2025-12-04T20:44:51.374+0500] {dag.py:3947} INFO - Setting next_dagrun for example_skip_dag to 2025-12-03 00:00:00+00:00, run_after=2025-12-04 00:00:00+00:00
[2025-12-04T20:44:51.396+0500] {processor.py:183} INFO - Processing /Library/Frameworks/Python.framework/Versions/3.11/lib/python3.11/site-packages/airflow/example_dags/example_skip_dag.py took 0.189 seconds
[2025-12-04T20:47:21.298+0500] {processor.py:161} INFO - Started process (PID=15855) to work on /Library/Frameworks/Python.framework/Versions/3.11/lib/python3.11/site-packages/airflow/example_dags/example_skip_dag.py
[2025-12-04T20:47:21.300+0500] {processor.py:830} INFO - Processing file /Library/Frameworks/Python.framework/Versions/3.11/lib/python3.11/site-packages/airflow/example_dags/example_skip_dag.py for tasks to queue
[2025-12-04T20:47:21.301+0500] {logging_mixin.py:188} INFO - [2025-12-04T20:47:21.300+0500] {dagbag.py:545} INFO - Filling up the DagBag from /Library/Frameworks/Python.framework/Versions/3.11/lib/python3.11/site-packages/airflow/example_dags/example_skip_dag.py
[2025-12-04T20:47:21.310+0500] {processor.py:840} INFO - DAG(s) 'example_skip_dag' retrieved from /Library/Frameworks/Python.framework/Versions/3.11/lib/python3.11/site-packages/airflow/example_dags/example_skip_dag.py
[2025-12-04T20:47:21.423+0500] {logging_mixin.py:188} INFO - [2025-12-04T20:47:21.422+0500] {dag.py:3089} INFO - Sync 1 DAGs
[2025-12-04T20:47:21.439+0500] {logging_mixin.py:188} INFO - [2025-12-04T20:47:21.438+0500] {dag.py:3947} INFO - Setting next_dagrun for example_skip_dag to 2025-12-03 00:00:00+00:00, run_after=2025-12-04 00:00:00+00:00
[2025-12-04T20:47:21.459+0500] {processor.py:183} INFO - Processing /Library/Frameworks/Python.framework/Versions/3.11/lib/python3.11/site-packages/airflow/example_dags/example_skip_dag.py took 0.165 seconds
[2025-12-04T20:49:39.423+0500] {processor.py:161} INFO - Started process (PID=15946) to work on /Library/Frameworks/Python.framework/Versions/3.11/lib/python3.11/site-packages/airflow/example_dags/example_skip_dag.py
[2025-12-04T20:49:39.430+0500] {processor.py:830} INFO - Processing file /Library/Frameworks/Python.framework/Versions/3.11/lib/python3.11/site-packages/airflow/example_dags/example_skip_dag.py for tasks to queue
[2025-12-04T20:49:39.435+0500] {logging_mixin.py:188} INFO - [2025-12-04T20:49:39.434+0500] {dagbag.py:545} INFO - Filling up the DagBag from /Library/Frameworks/Python.framework/Versions/3.11/lib/python3.11/site-packages/airflow/example_dags/example_skip_dag.py
[2025-12-04T20:49:39.447+0500] {processor.py:840} INFO - DAG(s) 'example_skip_dag' retrieved from /Library/Frameworks/Python.framework/Versions/3.11/lib/python3.11/site-packages/airflow/example_dags/example_skip_dag.py
[2025-12-04T20:49:39.589+0500] {logging_mixin.py:188} INFO - [2025-12-04T20:49:39.588+0500] {dag.py:3089} INFO - Sync 1 DAGs
[2025-12-04T20:49:39.635+0500] {logging_mixin.py:188} INFO - [2025-12-04T20:49:39.635+0500] {dag.py:3947} INFO - Setting next_dagrun for example_skip_dag to 2025-12-03 00:00:00+00:00, run_after=2025-12-04 00:00:00+00:00
[2025-12-04T20:49:40.952+0500] {processor.py:186} ERROR - Got an exception! Propagating...
Traceback (most recent call last):
  File "/Library/Frameworks/Python.framework/Versions/3.11/lib/python3.11/site-packages/sqlalchemy/engine/base.py", line 3371, in _wrap_pool_connect
    return fn()
           ^^^^
  File "/Library/Frameworks/Python.framework/Versions/3.11/lib/python3.11/site-packages/sqlalchemy/pool/base.py", line 327, in connect
    return _ConnectionFairy._checkout(self)
           ^^^^^^^^^^^^^^^^^^^^^^^^^^^^^^^^
  File "/Library/Frameworks/Python.framework/Versions/3.11/lib/python3.11/site-packages/sqlalchemy/pool/base.py", line 894, in _checkout
    fairy = _ConnectionRecord.checkout(pool)
            ^^^^^^^^^^^^^^^^^^^^^^^^^^^^^^^^
  File "/Library/Frameworks/Python.framework/Versions/3.11/lib/python3.11/site-packages/sqlalchemy/pool/base.py", line 493, in checkout
    rec = pool._do_get()
          ^^^^^^^^^^^^^^
  File "/Library/Frameworks/Python.framework/Versions/3.11/lib/python3.11/site-packages/sqlalchemy/pool/impl.py", line 256, in _do_get
    return self._create_connection()
           ^^^^^^^^^^^^^^^^^^^^^^^^^
  File "/Library/Frameworks/Python.framework/Versions/3.11/lib/python3.11/site-packages/sqlalchemy/pool/base.py", line 273, in _create_connection
    return _ConnectionRecord(self)
           ^^^^^^^^^^^^^^^^^^^^^^^
  File "/Library/Frameworks/Python.framework/Versions/3.11/lib/python3.11/site-packages/sqlalchemy/pool/base.py", line 388, in __init__
    self.__connect()
  File "/Library/Frameworks/Python.framework/Versions/3.11/lib/python3.11/site-packages/sqlalchemy/pool/base.py", line 690, in __connect
    with util.safe_reraise():
  File "/Library/Frameworks/Python.framework/Versions/3.11/lib/python3.11/site-packages/sqlalchemy/util/langhelpers.py", line 70, in __exit__
    compat.raise_(
  File "/Library/Frameworks/Python.framework/Versions/3.11/lib/python3.11/site-packages/sqlalchemy/util/compat.py", line 211, in raise_
    raise exception
  File "/Library/Frameworks/Python.framework/Versions/3.11/lib/python3.11/site-packages/sqlalchemy/pool/base.py", line 686, in __connect
    self.dbapi_connection = connection = pool._invoke_creator(self)
                                         ^^^^^^^^^^^^^^^^^^^^^^^^^^
  File "/Library/Frameworks/Python.framework/Versions/3.11/lib/python3.11/site-packages/sqlalchemy/engine/create.py", line 574, in connect
    return dialect.connect(*cargs, **cparams)
           ^^^^^^^^^^^^^^^^^^^^^^^^^^^^^^^^^^
  File "/Library/Frameworks/Python.framework/Versions/3.11/lib/python3.11/site-packages/sqlalchemy/engine/default.py", line 598, in connect
    return self.dbapi.connect(*cargs, **cparams)
           ^^^^^^^^^^^^^^^^^^^^^^^^^^^^^^^^^^^^^
sqlite3.OperationalError: unable to open database file

The above exception was the direct cause of the following exception:

Traceback (most recent call last):
  File "/Library/Frameworks/Python.framework/Versions/3.11/lib/python3.11/site-packages/airflow/dag_processing/processor.py", line 182, in _run_file_processor
    _handle_dag_file_processing()
  File "/Library/Frameworks/Python.framework/Versions/3.11/lib/python3.11/site-packages/airflow/dag_processing/processor.py", line 163, in _handle_dag_file_processing
    result: tuple[int, int] = dag_file_processor.process_file(
                              ^^^^^^^^^^^^^^^^^^^^^^^^^^^^^^^^
  File "/Library/Frameworks/Python.framework/Versions/3.11/lib/python3.11/site-packages/airflow/utils/session.py", line 79, in wrapper
    return func(*args, session=session, **kwargs)
           ^^^^^^^^^^^^^^^^^^^^^^^^^^^^^^^^^^^^^^
  File "/Library/Frameworks/Python.framework/Versions/3.11/lib/python3.11/site-packages/airflow/dag_processing/processor.py", line 859, in process_file
    serialize_errors = DagFileProcessor.save_dag_to_db(
                       ^^^^^^^^^^^^^^^^^^^^^^^^^^^^^^^^
  File "/Library/Frameworks/Python.framework/Versions/3.11/lib/python3.11/site-packages/airflow/api_internal/internal_api_call.py", line 115, in wrapper
    return func(*args, **kwargs)
           ^^^^^^^^^^^^^^^^^^^^^
  File "/Library/Frameworks/Python.framework/Versions/3.11/lib/python3.11/site-packages/airflow/utils/session.py", line 79, in wrapper
    return func(*args, session=session, **kwargs)
           ^^^^^^^^^^^^^^^^^^^^^^^^^^^^^^^^^^^^^^
  File "/Library/Frameworks/Python.framework/Versions/3.11/lib/python3.11/site-packages/airflow/dag_processing/processor.py", line 895, in save_dag_to_db
    import_errors = DagBag._sync_to_db(dags=dags, processor_subdir=dag_directory, session=session)
                    ^^^^^^^^^^^^^^^^^^^^^^^^^^^^^^^^^^^^^^^^^^^^^^^^^^^^^^^^^^^^^^^^^^^^^^^^^^^^^^
  File "/Library/Frameworks/Python.framework/Versions/3.11/lib/python3.11/site-packages/airflow/utils/session.py", line 76, in wrapper
    return func(*args, **kwargs)
           ^^^^^^^^^^^^^^^^^^^^^
  File "/Library/Frameworks/Python.framework/Versions/3.11/lib/python3.11/site-packages/airflow/models/dagbag.py", line 664, in _sync_to_db
    for attempt in run_with_db_retries(logger=log):
  File "/Library/Frameworks/Python.framework/Versions/3.11/lib/python3.11/site-packages/tenacity/__init__.py", line 443, in __iter__
    do = self.iter(retry_state=retry_state)
         ^^^^^^^^^^^^^^^^^^^^^^^^^^^^^^^^^^
  File "/Library/Frameworks/Python.framework/Versions/3.11/lib/python3.11/site-packages/tenacity/__init__.py", line 376, in iter
    result = action(retry_state)
             ^^^^^^^^^^^^^^^^^^^
  File "/Library/Frameworks/Python.framework/Versions/3.11/lib/python3.11/site-packages/tenacity/__init__.py", line 418, in exc_check
    raise retry_exc.reraise()
          ^^^^^^^^^^^^^^^^^^^
  File "/Library/Frameworks/Python.framework/Versions/3.11/lib/python3.11/site-packages/tenacity/__init__.py", line 185, in reraise
    raise self.last_attempt.result()
          ^^^^^^^^^^^^^^^^^^^^^^^^^^
  File "/Library/Frameworks/Python.framework/Versions/3.11/lib/python3.11/concurrent/futures/_base.py", line 449, in result
    return self.__get_result()
           ^^^^^^^^^^^^^^^^^^^
  File "/Library/Frameworks/Python.framework/Versions/3.11/lib/python3.11/concurrent/futures/_base.py", line 401, in __get_result
    raise self._exception
  File "/Library/Frameworks/Python.framework/Versions/3.11/lib/python3.11/site-packages/airflow/models/dagbag.py", line 677, in _sync_to_db
    _serialize_dag_capturing_errors(dag, session, processor_subdir)
  File "/Library/Frameworks/Python.framework/Versions/3.11/lib/python3.11/site-packages/airflow/models/dagbag.py", line 642, in _serialize_dag_capturing_errors
    dag_was_updated = SerializedDagModel.write_dag(
                      ^^^^^^^^^^^^^^^^^^^^^^^^^^^^^
  File "/Library/Frameworks/Python.framework/Versions/3.11/lib/python3.11/site-packages/airflow/utils/session.py", line 76, in wrapper
    return func(*args, **kwargs)
           ^^^^^^^^^^^^^^^^^^^^^
  File "/Library/Frameworks/Python.framework/Versions/3.11/lib/python3.11/site-packages/airflow/models/serialized_dag.py", line 158, in write_dag
    if session.scalar(
       ^^^^^^^^^^^^^^^
  File "/Library/Frameworks/Python.framework/Versions/3.11/lib/python3.11/site-packages/sqlalchemy/orm/session.py", line 1747, in scalar
    return self.execute(
           ^^^^^^^^^^^^^
  File "/Library/Frameworks/Python.framework/Versions/3.11/lib/python3.11/site-packages/sqlalchemy/orm/session.py", line 1716, in execute
    conn = self._connection_for_bind(bind)
           ^^^^^^^^^^^^^^^^^^^^^^^^^^^^^^^
  File "/Library/Frameworks/Python.framework/Versions/3.11/lib/python3.11/site-packages/sqlalchemy/orm/session.py", line 1555, in _connection_for_bind
    return self._transaction._connection_for_bind(
           ^^^^^^^^^^^^^^^^^^^^^^^^^^^^^^^^^^^^^^^
  File "/Library/Frameworks/Python.framework/Versions/3.11/lib/python3.11/site-packages/sqlalchemy/orm/session.py", line 750, in _connection_for_bind
    conn = bind.connect()
           ^^^^^^^^^^^^^^
  File "/Library/Frameworks/Python.framework/Versions/3.11/lib/python3.11/site-packages/sqlalchemy/future/engine.py", line 412, in connect
    return super(Engine, self).connect()
           ^^^^^^^^^^^^^^^^^^^^^^^^^^^^^
  File "/Library/Frameworks/Python.framework/Versions/3.11/lib/python3.11/site-packages/sqlalchemy/engine/base.py", line 3325, in connect
    return self._connection_cls(self, close_with_result=close_with_result)
           ^^^^^^^^^^^^^^^^^^^^^^^^^^^^^^^^^^^^^^^^^^^^^^^^^^^^^^^^^^^^^^^
  File "/Library/Frameworks/Python.framework/Versions/3.11/lib/python3.11/site-packages/sqlalchemy/engine/base.py", line 96, in __init__
    else engine.raw_connection()
         ^^^^^^^^^^^^^^^^^^^^^^^
  File "/Library/Frameworks/Python.framework/Versions/3.11/lib/python3.11/site-packages/sqlalchemy/engine/base.py", line 3404, in raw_connection
    return self._wrap_pool_connect(self.pool.connect, _connection)
           ^^^^^^^^^^^^^^^^^^^^^^^^^^^^^^^^^^^^^^^^^^^^^^^^^^^^^^^
  File "/Library/Frameworks/Python.framework/Versions/3.11/lib/python3.11/site-packages/sqlalchemy/engine/base.py", line 3374, in _wrap_pool_connect
    Connection._handle_dbapi_exception_noconnection(
  File "/Library/Frameworks/Python.framework/Versions/3.11/lib/python3.11/site-packages/sqlalchemy/engine/base.py", line 2208, in _handle_dbapi_exception_noconnection
    util.raise_(
  File "/Library/Frameworks/Python.framework/Versions/3.11/lib/python3.11/site-packages/sqlalchemy/util/compat.py", line 211, in raise_
    raise exception
  File "/Library/Frameworks/Python.framework/Versions/3.11/lib/python3.11/site-packages/sqlalchemy/engine/base.py", line 3371, in _wrap_pool_connect
    return fn()
           ^^^^
  File "/Library/Frameworks/Python.framework/Versions/3.11/lib/python3.11/site-packages/sqlalchemy/pool/base.py", line 327, in connect
    return _ConnectionFairy._checkout(self)
           ^^^^^^^^^^^^^^^^^^^^^^^^^^^^^^^^
  File "/Library/Frameworks/Python.framework/Versions/3.11/lib/python3.11/site-packages/sqlalchemy/pool/base.py", line 894, in _checkout
    fairy = _ConnectionRecord.checkout(pool)
            ^^^^^^^^^^^^^^^^^^^^^^^^^^^^^^^^
  File "/Library/Frameworks/Python.framework/Versions/3.11/lib/python3.11/site-packages/sqlalchemy/pool/base.py", line 493, in checkout
    rec = pool._do_get()
          ^^^^^^^^^^^^^^
  File "/Library/Frameworks/Python.framework/Versions/3.11/lib/python3.11/site-packages/sqlalchemy/pool/impl.py", line 256, in _do_get
    return self._create_connection()
           ^^^^^^^^^^^^^^^^^^^^^^^^^
  File "/Library/Frameworks/Python.framework/Versions/3.11/lib/python3.11/site-packages/sqlalchemy/pool/base.py", line 273, in _create_connection
    return _ConnectionRecord(self)
           ^^^^^^^^^^^^^^^^^^^^^^^
  File "/Library/Frameworks/Python.framework/Versions/3.11/lib/python3.11/site-packages/sqlalchemy/pool/base.py", line 388, in __init__
    self.__connect()
  File "/Library/Frameworks/Python.framework/Versions/3.11/lib/python3.11/site-packages/sqlalchemy/pool/base.py", line 690, in __connect
    with util.safe_reraise():
  File "/Library/Frameworks/Python.framework/Versions/3.11/lib/python3.11/site-packages/sqlalchemy/util/langhelpers.py", line 70, in __exit__
    compat.raise_(
  File "/Library/Frameworks/Python.framework/Versions/3.11/lib/python3.11/site-packages/sqlalchemy/util/compat.py", line 211, in raise_
    raise exception
  File "/Library/Frameworks/Python.framework/Versions/3.11/lib/python3.11/site-packages/sqlalchemy/pool/base.py", line 686, in __connect
    self.dbapi_connection = connection = pool._invoke_creator(self)
                                         ^^^^^^^^^^^^^^^^^^^^^^^^^^
  File "/Library/Frameworks/Python.framework/Versions/3.11/lib/python3.11/site-packages/sqlalchemy/engine/create.py", line 574, in connect
    return dialect.connect(*cargs, **cparams)
           ^^^^^^^^^^^^^^^^^^^^^^^^^^^^^^^^^^
  File "/Library/Frameworks/Python.framework/Versions/3.11/lib/python3.11/site-packages/sqlalchemy/engine/default.py", line 598, in connect
    return self.dbapi.connect(*cargs, **cparams)
           ^^^^^^^^^^^^^^^^^^^^^^^^^^^^^^^^^^^^^
sqlalchemy.exc.OperationalError: (sqlite3.OperationalError) unable to open database file
(Background on this error at: https://sqlalche.me/e/14/e3q8)
