[2025-12-04T18:19:58.291+0500] {processor.py:161} INFO - Started process (PID=11734) to work on /Library/Frameworks/Python.framework/Versions/3.11/lib/python3.11/site-packages/airflow/example_dags/example_external_task_marker_dag.py
[2025-12-04T18:19:58.291+0500] {processor.py:830} INFO - Processing file /Library/Frameworks/Python.framework/Versions/3.11/lib/python3.11/site-packages/airflow/example_dags/example_external_task_marker_dag.py for tasks to queue
[2025-12-04T18:19:58.292+0500] {logging_mixin.py:188} INFO - [2025-12-04T18:19:58.292+0500] {dagbag.py:545} INFO - Filling up the DagBag from /Library/Frameworks/Python.framework/Versions/3.11/lib/python3.11/site-packages/airflow/example_dags/example_external_task_marker_dag.py
[2025-12-04T18:19:58.311+0500] {processor.py:840} INFO - DAG(s) 'example_external_task_marker_parent', 'example_external_task_marker_child' retrieved from /Library/Frameworks/Python.framework/Versions/3.11/lib/python3.11/site-packages/airflow/example_dags/example_external_task_marker_dag.py
[2025-12-04T18:19:58.548+0500] {logging_mixin.py:188} INFO - [2025-12-04T18:19:58.548+0500] {override.py:1858} INFO - Created Permission View: can delete on DAG:example_external_task_marker_parent
[2025-12-04T18:19:58.560+0500] {logging_mixin.py:188} INFO - [2025-12-04T18:19:58.560+0500] {override.py:1858} INFO - Created Permission View: can read on DAG:example_external_task_marker_parent
[2025-12-04T18:19:58.568+0500] {logging_mixin.py:188} INFO - [2025-12-04T18:19:58.567+0500] {override.py:1858} INFO - Created Permission View: can edit on DAG:example_external_task_marker_parent
[2025-12-04T18:19:58.608+0500] {logging_mixin.py:188} INFO - [2025-12-04T18:19:58.607+0500] {override.py:1858} INFO - Created Permission View: can delete on DAG:example_external_task_marker_child
[2025-12-04T18:19:58.616+0500] {logging_mixin.py:188} INFO - [2025-12-04T18:19:58.616+0500] {override.py:1858} INFO - Created Permission View: can read on DAG:example_external_task_marker_child
[2025-12-04T18:19:58.624+0500] {logging_mixin.py:188} INFO - [2025-12-04T18:19:58.624+0500] {override.py:1858} INFO - Created Permission View: can edit on DAG:example_external_task_marker_child
[2025-12-04T18:19:58.625+0500] {logging_mixin.py:188} INFO - [2025-12-04T18:19:58.624+0500] {dag.py:3089} INFO - Sync 2 DAGs
[2025-12-04T18:19:58.709+0500] {logging_mixin.py:188} INFO - [2025-12-04T18:19:58.708+0500] {dag.py:3111} INFO - Creating ORM DAG for example_external_task_marker_child
[2025-12-04T18:19:58.710+0500] {logging_mixin.py:188} INFO - [2025-12-04T18:19:58.709+0500] {dag.py:3111} INFO - Creating ORM DAG for example_external_task_marker_parent
[2025-12-04T18:19:58.710+0500] {logging_mixin.py:188} INFO - [2025-12-04T18:19:58.710+0500] {dag.py:3947} INFO - Setting next_dagrun for example_external_task_marker_child to None, run_after=None
[2025-12-04T18:19:58.711+0500] {logging_mixin.py:188} INFO - [2025-12-04T18:19:58.711+0500] {dag.py:3947} INFO - Setting next_dagrun for example_external_task_marker_parent to None, run_after=None
[2025-12-04T18:19:58.734+0500] {processor.py:183} INFO - Processing /Library/Frameworks/Python.framework/Versions/3.11/lib/python3.11/site-packages/airflow/example_dags/example_external_task_marker_dag.py took 0.446 seconds
[2025-12-04T18:22:37.879+0500] {processor.py:161} INFO - Started process (PID=11837) to work on /Library/Frameworks/Python.framework/Versions/3.11/lib/python3.11/site-packages/airflow/example_dags/example_external_task_marker_dag.py
[2025-12-04T18:22:37.883+0500] {processor.py:830} INFO - Processing file /Library/Frameworks/Python.framework/Versions/3.11/lib/python3.11/site-packages/airflow/example_dags/example_external_task_marker_dag.py for tasks to queue
[2025-12-04T18:22:37.884+0500] {logging_mixin.py:188} INFO - [2025-12-04T18:22:37.884+0500] {dagbag.py:545} INFO - Filling up the DagBag from /Library/Frameworks/Python.framework/Versions/3.11/lib/python3.11/site-packages/airflow/example_dags/example_external_task_marker_dag.py
[2025-12-04T18:22:37.912+0500] {processor.py:840} INFO - DAG(s) 'example_external_task_marker_parent', 'example_external_task_marker_child' retrieved from /Library/Frameworks/Python.framework/Versions/3.11/lib/python3.11/site-packages/airflow/example_dags/example_external_task_marker_dag.py
[2025-12-04T18:22:38.229+0500] {logging_mixin.py:188} INFO - [2025-12-04T18:22:38.228+0500] {dag.py:3089} INFO - Sync 2 DAGs
[2025-12-04T18:22:38.255+0500] {logging_mixin.py:188} INFO - [2025-12-04T18:22:38.254+0500] {dag.py:3947} INFO - Setting next_dagrun for example_external_task_marker_child to None, run_after=None
[2025-12-04T18:22:38.260+0500] {logging_mixin.py:188} INFO - [2025-12-04T18:22:38.259+0500] {dag.py:3947} INFO - Setting next_dagrun for example_external_task_marker_parent to None, run_after=None
[2025-12-04T18:22:38.291+0500] {processor.py:183} INFO - Processing /Library/Frameworks/Python.framework/Versions/3.11/lib/python3.11/site-packages/airflow/example_dags/example_external_task_marker_dag.py took 0.415 seconds
[2025-12-04T18:26:45.631+0500] {processor.py:161} INFO - Started process (PID=12003) to work on /Library/Frameworks/Python.framework/Versions/3.11/lib/python3.11/site-packages/airflow/example_dags/example_external_task_marker_dag.py
[2025-12-04T18:26:45.633+0500] {processor.py:830} INFO - Processing file /Library/Frameworks/Python.framework/Versions/3.11/lib/python3.11/site-packages/airflow/example_dags/example_external_task_marker_dag.py for tasks to queue
[2025-12-04T18:26:45.634+0500] {logging_mixin.py:188} INFO - [2025-12-04T18:26:45.634+0500] {dagbag.py:545} INFO - Filling up the DagBag from /Library/Frameworks/Python.framework/Versions/3.11/lib/python3.11/site-packages/airflow/example_dags/example_external_task_marker_dag.py
[2025-12-04T18:26:45.651+0500] {processor.py:840} INFO - DAG(s) 'example_external_task_marker_parent', 'example_external_task_marker_child' retrieved from /Library/Frameworks/Python.framework/Versions/3.11/lib/python3.11/site-packages/airflow/example_dags/example_external_task_marker_dag.py
[2025-12-04T18:26:45.775+0500] {logging_mixin.py:188} INFO - [2025-12-04T18:26:45.774+0500] {dag.py:3089} INFO - Sync 2 DAGs
[2025-12-04T18:26:45.784+0500] {logging_mixin.py:188} INFO - [2025-12-04T18:26:45.784+0500] {dag.py:3947} INFO - Setting next_dagrun for example_external_task_marker_child to None, run_after=None
[2025-12-04T18:26:45.787+0500] {logging_mixin.py:188} INFO - [2025-12-04T18:26:45.787+0500] {dag.py:3947} INFO - Setting next_dagrun for example_external_task_marker_parent to None, run_after=None
[2025-12-04T18:26:45.806+0500] {processor.py:183} INFO - Processing /Library/Frameworks/Python.framework/Versions/3.11/lib/python3.11/site-packages/airflow/example_dags/example_external_task_marker_dag.py took 0.178 seconds
[2025-12-04T18:31:40.385+0500] {processor.py:161} INFO - Started process (PID=12235) to work on /Library/Frameworks/Python.framework/Versions/3.11/lib/python3.11/site-packages/airflow/example_dags/example_external_task_marker_dag.py
[2025-12-04T18:31:40.388+0500] {processor.py:830} INFO - Processing file /Library/Frameworks/Python.framework/Versions/3.11/lib/python3.11/site-packages/airflow/example_dags/example_external_task_marker_dag.py for tasks to queue
[2025-12-04T18:31:40.389+0500] {logging_mixin.py:188} INFO - [2025-12-04T18:31:40.388+0500] {dagbag.py:545} INFO - Filling up the DagBag from /Library/Frameworks/Python.framework/Versions/3.11/lib/python3.11/site-packages/airflow/example_dags/example_external_task_marker_dag.py
[2025-12-04T18:31:40.406+0500] {processor.py:840} INFO - DAG(s) 'example_external_task_marker_child', 'example_external_task_marker_parent' retrieved from /Library/Frameworks/Python.framework/Versions/3.11/lib/python3.11/site-packages/airflow/example_dags/example_external_task_marker_dag.py
[2025-12-04T18:31:40.527+0500] {logging_mixin.py:188} INFO - [2025-12-04T18:31:40.526+0500] {dag.py:3089} INFO - Sync 2 DAGs
[2025-12-04T18:31:40.536+0500] {logging_mixin.py:188} INFO - [2025-12-04T18:31:40.536+0500] {dag.py:3947} INFO - Setting next_dagrun for example_external_task_marker_child to None, run_after=None
[2025-12-04T18:31:40.539+0500] {logging_mixin.py:188} INFO - [2025-12-04T18:31:40.539+0500] {dag.py:3947} INFO - Setting next_dagrun for example_external_task_marker_parent to None, run_after=None
[2025-12-04T18:31:40.559+0500] {processor.py:183} INFO - Processing /Library/Frameworks/Python.framework/Versions/3.11/lib/python3.11/site-packages/airflow/example_dags/example_external_task_marker_dag.py took 0.176 seconds
[2025-12-04T18:36:10.140+0500] {processor.py:161} INFO - Started process (PID=12442) to work on /Library/Frameworks/Python.framework/Versions/3.11/lib/python3.11/site-packages/airflow/example_dags/example_external_task_marker_dag.py
[2025-12-04T18:36:10.142+0500] {processor.py:830} INFO - Processing file /Library/Frameworks/Python.framework/Versions/3.11/lib/python3.11/site-packages/airflow/example_dags/example_external_task_marker_dag.py for tasks to queue
[2025-12-04T18:36:10.143+0500] {logging_mixin.py:188} INFO - [2025-12-04T18:36:10.143+0500] {dagbag.py:545} INFO - Filling up the DagBag from /Library/Frameworks/Python.framework/Versions/3.11/lib/python3.11/site-packages/airflow/example_dags/example_external_task_marker_dag.py
[2025-12-04T18:36:10.160+0500] {processor.py:840} INFO - DAG(s) 'example_external_task_marker_child', 'example_external_task_marker_parent' retrieved from /Library/Frameworks/Python.framework/Versions/3.11/lib/python3.11/site-packages/airflow/example_dags/example_external_task_marker_dag.py
[2025-12-04T18:36:10.279+0500] {logging_mixin.py:188} INFO - [2025-12-04T18:36:10.279+0500] {dag.py:3089} INFO - Sync 2 DAGs
[2025-12-04T18:36:10.289+0500] {logging_mixin.py:188} INFO - [2025-12-04T18:36:10.288+0500] {dag.py:3947} INFO - Setting next_dagrun for example_external_task_marker_child to None, run_after=None
[2025-12-04T18:36:10.292+0500] {logging_mixin.py:188} INFO - [2025-12-04T18:36:10.291+0500] {dag.py:3947} INFO - Setting next_dagrun for example_external_task_marker_parent to None, run_after=None
[2025-12-04T18:36:10.310+0500] {processor.py:183} INFO - Processing /Library/Frameworks/Python.framework/Versions/3.11/lib/python3.11/site-packages/airflow/example_dags/example_external_task_marker_dag.py took 0.173 seconds
[2025-12-04T18:39:54.443+0500] {processor.py:161} INFO - Started process (PID=12570) to work on /Library/Frameworks/Python.framework/Versions/3.11/lib/python3.11/site-packages/airflow/example_dags/example_external_task_marker_dag.py
[2025-12-04T18:39:54.445+0500] {processor.py:830} INFO - Processing file /Library/Frameworks/Python.framework/Versions/3.11/lib/python3.11/site-packages/airflow/example_dags/example_external_task_marker_dag.py for tasks to queue
[2025-12-04T18:39:54.446+0500] {logging_mixin.py:188} INFO - [2025-12-04T18:39:54.445+0500] {dagbag.py:545} INFO - Filling up the DagBag from /Library/Frameworks/Python.framework/Versions/3.11/lib/python3.11/site-packages/airflow/example_dags/example_external_task_marker_dag.py
[2025-12-04T18:39:54.462+0500] {processor.py:840} INFO - DAG(s) 'example_external_task_marker_child', 'example_external_task_marker_parent' retrieved from /Library/Frameworks/Python.framework/Versions/3.11/lib/python3.11/site-packages/airflow/example_dags/example_external_task_marker_dag.py
[2025-12-04T18:39:54.582+0500] {logging_mixin.py:188} INFO - [2025-12-04T18:39:54.581+0500] {dag.py:3089} INFO - Sync 2 DAGs
[2025-12-04T18:39:54.591+0500] {logging_mixin.py:188} INFO - [2025-12-04T18:39:54.591+0500] {dag.py:3947} INFO - Setting next_dagrun for example_external_task_marker_child to None, run_after=None
[2025-12-04T18:39:54.595+0500] {logging_mixin.py:188} INFO - [2025-12-04T18:39:54.594+0500] {dag.py:3947} INFO - Setting next_dagrun for example_external_task_marker_parent to None, run_after=None
[2025-12-04T18:39:54.614+0500] {processor.py:183} INFO - Processing /Library/Frameworks/Python.framework/Versions/3.11/lib/python3.11/site-packages/airflow/example_dags/example_external_task_marker_dag.py took 0.174 seconds
[2025-12-04T18:44:23.469+0500] {processor.py:161} INFO - Started process (PID=12772) to work on /Library/Frameworks/Python.framework/Versions/3.11/lib/python3.11/site-packages/airflow/example_dags/example_external_task_marker_dag.py
[2025-12-04T18:44:23.471+0500] {processor.py:830} INFO - Processing file /Library/Frameworks/Python.framework/Versions/3.11/lib/python3.11/site-packages/airflow/example_dags/example_external_task_marker_dag.py for tasks to queue
[2025-12-04T18:44:23.472+0500] {logging_mixin.py:188} INFO - [2025-12-04T18:44:23.471+0500] {dagbag.py:545} INFO - Filling up the DagBag from /Library/Frameworks/Python.framework/Versions/3.11/lib/python3.11/site-packages/airflow/example_dags/example_external_task_marker_dag.py
[2025-12-04T18:44:23.489+0500] {processor.py:840} INFO - DAG(s) 'example_external_task_marker_parent', 'example_external_task_marker_child' retrieved from /Library/Frameworks/Python.framework/Versions/3.11/lib/python3.11/site-packages/airflow/example_dags/example_external_task_marker_dag.py
[2025-12-04T18:44:23.607+0500] {logging_mixin.py:188} INFO - [2025-12-04T18:44:23.607+0500] {dag.py:3089} INFO - Sync 2 DAGs
[2025-12-04T18:44:23.616+0500] {logging_mixin.py:188} INFO - [2025-12-04T18:44:23.616+0500] {dag.py:3947} INFO - Setting next_dagrun for example_external_task_marker_child to None, run_after=None
[2025-12-04T18:44:23.619+0500] {logging_mixin.py:188} INFO - [2025-12-04T18:44:23.619+0500] {dag.py:3947} INFO - Setting next_dagrun for example_external_task_marker_parent to None, run_after=None
[2025-12-04T18:44:23.639+0500] {processor.py:183} INFO - Processing /Library/Frameworks/Python.framework/Versions/3.11/lib/python3.11/site-packages/airflow/example_dags/example_external_task_marker_dag.py took 0.173 seconds
[2025-12-04T18:48:22.690+0500] {processor.py:161} INFO - Started process (PID=12922) to work on /Library/Frameworks/Python.framework/Versions/3.11/lib/python3.11/site-packages/airflow/example_dags/example_external_task_marker_dag.py
[2025-12-04T18:48:22.692+0500] {processor.py:830} INFO - Processing file /Library/Frameworks/Python.framework/Versions/3.11/lib/python3.11/site-packages/airflow/example_dags/example_external_task_marker_dag.py for tasks to queue
[2025-12-04T18:48:22.693+0500] {logging_mixin.py:188} INFO - [2025-12-04T18:48:22.693+0500] {dagbag.py:545} INFO - Filling up the DagBag from /Library/Frameworks/Python.framework/Versions/3.11/lib/python3.11/site-packages/airflow/example_dags/example_external_task_marker_dag.py
[2025-12-04T18:48:22.711+0500] {processor.py:840} INFO - DAG(s) 'example_external_task_marker_child', 'example_external_task_marker_parent' retrieved from /Library/Frameworks/Python.framework/Versions/3.11/lib/python3.11/site-packages/airflow/example_dags/example_external_task_marker_dag.py
[2025-12-04T18:48:22.868+0500] {logging_mixin.py:188} INFO - [2025-12-04T18:48:22.868+0500] {dag.py:3089} INFO - Sync 2 DAGs
[2025-12-04T18:48:22.878+0500] {logging_mixin.py:188} INFO - [2025-12-04T18:48:22.877+0500] {dag.py:3947} INFO - Setting next_dagrun for example_external_task_marker_child to None, run_after=None
[2025-12-04T18:48:22.881+0500] {logging_mixin.py:188} INFO - [2025-12-04T18:48:22.880+0500] {dag.py:3947} INFO - Setting next_dagrun for example_external_task_marker_parent to None, run_after=None
[2025-12-04T18:48:22.900+0500] {processor.py:183} INFO - Processing /Library/Frameworks/Python.framework/Versions/3.11/lib/python3.11/site-packages/airflow/example_dags/example_external_task_marker_dag.py took 0.212 seconds
[2025-12-04T18:53:00.930+0500] {processor.py:161} INFO - Started process (PID=13094) to work on /Library/Frameworks/Python.framework/Versions/3.11/lib/python3.11/site-packages/airflow/example_dags/example_external_task_marker_dag.py
[2025-12-04T18:53:00.933+0500] {processor.py:830} INFO - Processing file /Library/Frameworks/Python.framework/Versions/3.11/lib/python3.11/site-packages/airflow/example_dags/example_external_task_marker_dag.py for tasks to queue
[2025-12-04T18:53:00.934+0500] {logging_mixin.py:188} INFO - [2025-12-04T18:53:00.934+0500] {dagbag.py:545} INFO - Filling up the DagBag from /Library/Frameworks/Python.framework/Versions/3.11/lib/python3.11/site-packages/airflow/example_dags/example_external_task_marker_dag.py
[2025-12-04T18:53:00.958+0500] {processor.py:840} INFO - DAG(s) 'example_external_task_marker_parent', 'example_external_task_marker_child' retrieved from /Library/Frameworks/Python.framework/Versions/3.11/lib/python3.11/site-packages/airflow/example_dags/example_external_task_marker_dag.py
[2025-12-04T18:53:01.079+0500] {logging_mixin.py:188} INFO - [2025-12-04T18:53:01.078+0500] {dag.py:3089} INFO - Sync 2 DAGs
[2025-12-04T18:53:01.088+0500] {logging_mixin.py:188} INFO - [2025-12-04T18:53:01.088+0500] {dag.py:3947} INFO - Setting next_dagrun for example_external_task_marker_child to None, run_after=None
[2025-12-04T18:53:01.091+0500] {logging_mixin.py:188} INFO - [2025-12-04T18:53:01.091+0500] {dag.py:3947} INFO - Setting next_dagrun for example_external_task_marker_parent to None, run_after=None
[2025-12-04T18:53:01.111+0500] {processor.py:183} INFO - Processing /Library/Frameworks/Python.framework/Versions/3.11/lib/python3.11/site-packages/airflow/example_dags/example_external_task_marker_dag.py took 0.183 seconds
[2025-12-04T19:34:33.695+0500] {processor.py:161} INFO - Started process (PID=14624) to work on /Library/Frameworks/Python.framework/Versions/3.11/lib/python3.11/site-packages/airflow/example_dags/example_external_task_marker_dag.py
[2025-12-04T19:34:33.697+0500] {processor.py:830} INFO - Processing file /Library/Frameworks/Python.framework/Versions/3.11/lib/python3.11/site-packages/airflow/example_dags/example_external_task_marker_dag.py for tasks to queue
[2025-12-04T19:34:33.698+0500] {logging_mixin.py:188} INFO - [2025-12-04T19:34:33.698+0500] {dagbag.py:545} INFO - Filling up the DagBag from /Library/Frameworks/Python.framework/Versions/3.11/lib/python3.11/site-packages/airflow/example_dags/example_external_task_marker_dag.py
[2025-12-04T19:34:33.716+0500] {processor.py:840} INFO - DAG(s) 'example_external_task_marker_child', 'example_external_task_marker_parent' retrieved from /Library/Frameworks/Python.framework/Versions/3.11/lib/python3.11/site-packages/airflow/example_dags/example_external_task_marker_dag.py
[2025-12-04T19:34:33.849+0500] {logging_mixin.py:188} INFO - [2025-12-04T19:34:33.849+0500] {dag.py:3089} INFO - Sync 2 DAGs
[2025-12-04T19:34:33.859+0500] {logging_mixin.py:188} INFO - [2025-12-04T19:34:33.859+0500] {dag.py:3947} INFO - Setting next_dagrun for example_external_task_marker_child to None, run_after=None
[2025-12-04T19:34:33.862+0500] {logging_mixin.py:188} INFO - [2025-12-04T19:34:33.862+0500] {dag.py:3947} INFO - Setting next_dagrun for example_external_task_marker_parent to None, run_after=None
[2025-12-04T19:34:33.883+0500] {processor.py:183} INFO - Processing /Library/Frameworks/Python.framework/Versions/3.11/lib/python3.11/site-packages/airflow/example_dags/example_external_task_marker_dag.py took 0.191 seconds
[2025-12-04T19:37:36.292+0500] {processor.py:161} INFO - Started process (PID=14744) to work on /Library/Frameworks/Python.framework/Versions/3.11/lib/python3.11/site-packages/airflow/example_dags/example_external_task_marker_dag.py
[2025-12-04T19:37:36.294+0500] {processor.py:830} INFO - Processing file /Library/Frameworks/Python.framework/Versions/3.11/lib/python3.11/site-packages/airflow/example_dags/example_external_task_marker_dag.py for tasks to queue
[2025-12-04T19:37:36.295+0500] {logging_mixin.py:188} INFO - [2025-12-04T19:37:36.295+0500] {dagbag.py:545} INFO - Filling up the DagBag from /Library/Frameworks/Python.framework/Versions/3.11/lib/python3.11/site-packages/airflow/example_dags/example_external_task_marker_dag.py
[2025-12-04T19:37:36.318+0500] {processor.py:840} INFO - DAG(s) 'example_external_task_marker_parent', 'example_external_task_marker_child' retrieved from /Library/Frameworks/Python.framework/Versions/3.11/lib/python3.11/site-packages/airflow/example_dags/example_external_task_marker_dag.py
[2025-12-04T19:37:36.444+0500] {logging_mixin.py:188} INFO - [2025-12-04T19:37:36.443+0500] {dag.py:3089} INFO - Sync 2 DAGs
[2025-12-04T19:37:36.453+0500] {logging_mixin.py:188} INFO - [2025-12-04T19:37:36.453+0500] {dag.py:3947} INFO - Setting next_dagrun for example_external_task_marker_child to None, run_after=None
[2025-12-04T19:37:36.457+0500] {logging_mixin.py:188} INFO - [2025-12-04T19:37:36.456+0500] {dag.py:3947} INFO - Setting next_dagrun for example_external_task_marker_parent to None, run_after=None
[2025-12-04T19:37:36.479+0500] {processor.py:183} INFO - Processing /Library/Frameworks/Python.framework/Versions/3.11/lib/python3.11/site-packages/airflow/example_dags/example_external_task_marker_dag.py took 0.191 seconds
[2025-12-04T19:41:54.777+0500] {processor.py:161} INFO - Started process (PID=14904) to work on /Library/Frameworks/Python.framework/Versions/3.11/lib/python3.11/site-packages/airflow/example_dags/example_external_task_marker_dag.py
[2025-12-04T19:41:54.779+0500] {processor.py:830} INFO - Processing file /Library/Frameworks/Python.framework/Versions/3.11/lib/python3.11/site-packages/airflow/example_dags/example_external_task_marker_dag.py for tasks to queue
[2025-12-04T19:41:54.780+0500] {logging_mixin.py:188} INFO - [2025-12-04T19:41:54.780+0500] {dagbag.py:545} INFO - Filling up the DagBag from /Library/Frameworks/Python.framework/Versions/3.11/lib/python3.11/site-packages/airflow/example_dags/example_external_task_marker_dag.py
[2025-12-04T19:41:54.799+0500] {processor.py:840} INFO - DAG(s) 'example_external_task_marker_child', 'example_external_task_marker_parent' retrieved from /Library/Frameworks/Python.framework/Versions/3.11/lib/python3.11/site-packages/airflow/example_dags/example_external_task_marker_dag.py
[2025-12-04T19:41:54.939+0500] {logging_mixin.py:188} INFO - [2025-12-04T19:41:54.938+0500] {dag.py:3089} INFO - Sync 2 DAGs
[2025-12-04T19:41:54.949+0500] {logging_mixin.py:188} INFO - [2025-12-04T19:41:54.948+0500] {dag.py:3947} INFO - Setting next_dagrun for example_external_task_marker_child to None, run_after=None
[2025-12-04T19:41:54.953+0500] {logging_mixin.py:188} INFO - [2025-12-04T19:41:54.953+0500] {dag.py:3947} INFO - Setting next_dagrun for example_external_task_marker_parent to None, run_after=None
[2025-12-04T19:41:54.975+0500] {processor.py:183} INFO - Processing /Library/Frameworks/Python.framework/Versions/3.11/lib/python3.11/site-packages/airflow/example_dags/example_external_task_marker_dag.py took 0.202 seconds
[2025-12-04T19:46:34.909+0500] {processor.py:161} INFO - Started process (PID=15063) to work on /Library/Frameworks/Python.framework/Versions/3.11/lib/python3.11/site-packages/airflow/example_dags/example_external_task_marker_dag.py
[2025-12-04T19:46:34.911+0500] {processor.py:830} INFO - Processing file /Library/Frameworks/Python.framework/Versions/3.11/lib/python3.11/site-packages/airflow/example_dags/example_external_task_marker_dag.py for tasks to queue
[2025-12-04T19:46:34.912+0500] {logging_mixin.py:188} INFO - [2025-12-04T19:46:34.912+0500] {dagbag.py:545} INFO - Filling up the DagBag from /Library/Frameworks/Python.framework/Versions/3.11/lib/python3.11/site-packages/airflow/example_dags/example_external_task_marker_dag.py
[2025-12-04T19:46:34.933+0500] {processor.py:840} INFO - DAG(s) 'example_external_task_marker_parent', 'example_external_task_marker_child' retrieved from /Library/Frameworks/Python.framework/Versions/3.11/lib/python3.11/site-packages/airflow/example_dags/example_external_task_marker_dag.py
[2025-12-04T19:46:35.094+0500] {logging_mixin.py:188} INFO - [2025-12-04T19:46:35.093+0500] {dag.py:3089} INFO - Sync 2 DAGs
[2025-12-04T19:46:35.107+0500] {logging_mixin.py:188} INFO - [2025-12-04T19:46:35.106+0500] {dag.py:3947} INFO - Setting next_dagrun for example_external_task_marker_child to None, run_after=None
[2025-12-04T19:46:35.111+0500] {logging_mixin.py:188} INFO - [2025-12-04T19:46:35.110+0500] {dag.py:3947} INFO - Setting next_dagrun for example_external_task_marker_parent to None, run_after=None
[2025-12-04T19:46:35.135+0500] {processor.py:183} INFO - Processing /Library/Frameworks/Python.framework/Versions/3.11/lib/python3.11/site-packages/airflow/example_dags/example_external_task_marker_dag.py took 0.231 seconds
[2025-12-04T19:50:49.101+0500] {processor.py:161} INFO - Started process (PID=15215) to work on /Library/Frameworks/Python.framework/Versions/3.11/lib/python3.11/site-packages/airflow/example_dags/example_external_task_marker_dag.py
[2025-12-04T19:50:49.104+0500] {processor.py:830} INFO - Processing file /Library/Frameworks/Python.framework/Versions/3.11/lib/python3.11/site-packages/airflow/example_dags/example_external_task_marker_dag.py for tasks to queue
[2025-12-04T19:50:49.105+0500] {logging_mixin.py:188} INFO - [2025-12-04T19:50:49.104+0500] {dagbag.py:545} INFO - Filling up the DagBag from /Library/Frameworks/Python.framework/Versions/3.11/lib/python3.11/site-packages/airflow/example_dags/example_external_task_marker_dag.py
[2025-12-04T19:50:49.121+0500] {processor.py:840} INFO - DAG(s) 'example_external_task_marker_parent', 'example_external_task_marker_child' retrieved from /Library/Frameworks/Python.framework/Versions/3.11/lib/python3.11/site-packages/airflow/example_dags/example_external_task_marker_dag.py
[2025-12-04T19:50:49.244+0500] {logging_mixin.py:188} INFO - [2025-12-04T19:50:49.244+0500] {dag.py:3089} INFO - Sync 2 DAGs
[2025-12-04T19:50:49.254+0500] {logging_mixin.py:188} INFO - [2025-12-04T19:50:49.253+0500] {dag.py:3947} INFO - Setting next_dagrun for example_external_task_marker_child to None, run_after=None
[2025-12-04T19:50:49.257+0500] {logging_mixin.py:188} INFO - [2025-12-04T19:50:49.257+0500] {dag.py:3947} INFO - Setting next_dagrun for example_external_task_marker_parent to None, run_after=None
[2025-12-04T19:50:49.277+0500] {processor.py:183} INFO - Processing /Library/Frameworks/Python.framework/Versions/3.11/lib/python3.11/site-packages/airflow/example_dags/example_external_task_marker_dag.py took 0.178 seconds
[2025-12-04T19:54:44.613+0500] {processor.py:161} INFO - Started process (PID=15394) to work on /Library/Frameworks/Python.framework/Versions/3.11/lib/python3.11/site-packages/airflow/example_dags/example_external_task_marker_dag.py
[2025-12-04T19:54:44.615+0500] {processor.py:830} INFO - Processing file /Library/Frameworks/Python.framework/Versions/3.11/lib/python3.11/site-packages/airflow/example_dags/example_external_task_marker_dag.py for tasks to queue
[2025-12-04T19:54:44.617+0500] {logging_mixin.py:188} INFO - [2025-12-04T19:54:44.616+0500] {dagbag.py:545} INFO - Filling up the DagBag from /Library/Frameworks/Python.framework/Versions/3.11/lib/python3.11/site-packages/airflow/example_dags/example_external_task_marker_dag.py
[2025-12-04T19:54:44.637+0500] {processor.py:840} INFO - DAG(s) 'example_external_task_marker_child', 'example_external_task_marker_parent' retrieved from /Library/Frameworks/Python.framework/Versions/3.11/lib/python3.11/site-packages/airflow/example_dags/example_external_task_marker_dag.py
[2025-12-04T19:54:44.760+0500] {logging_mixin.py:188} INFO - [2025-12-04T19:54:44.759+0500] {dag.py:3089} INFO - Sync 2 DAGs
[2025-12-04T19:54:44.769+0500] {logging_mixin.py:188} INFO - [2025-12-04T19:54:44.769+0500] {dag.py:3947} INFO - Setting next_dagrun for example_external_task_marker_child to None, run_after=None
[2025-12-04T19:54:44.773+0500] {logging_mixin.py:188} INFO - [2025-12-04T19:54:44.772+0500] {dag.py:3947} INFO - Setting next_dagrun for example_external_task_marker_parent to None, run_after=None
[2025-12-04T19:54:44.792+0500] {processor.py:183} INFO - Processing /Library/Frameworks/Python.framework/Versions/3.11/lib/python3.11/site-packages/airflow/example_dags/example_external_task_marker_dag.py took 0.181 seconds
[2025-12-04T20:15:34.856+0500] {processor.py:161} INFO - Started process (PID=15536) to work on /Library/Frameworks/Python.framework/Versions/3.11/lib/python3.11/site-packages/airflow/example_dags/example_external_task_marker_dag.py
[2025-12-04T20:15:34.858+0500] {processor.py:830} INFO - Processing file /Library/Frameworks/Python.framework/Versions/3.11/lib/python3.11/site-packages/airflow/example_dags/example_external_task_marker_dag.py for tasks to queue
[2025-12-04T20:15:34.859+0500] {logging_mixin.py:188} INFO - [2025-12-04T20:15:34.859+0500] {dagbag.py:545} INFO - Filling up the DagBag from /Library/Frameworks/Python.framework/Versions/3.11/lib/python3.11/site-packages/airflow/example_dags/example_external_task_marker_dag.py
[2025-12-04T20:15:34.881+0500] {processor.py:840} INFO - DAG(s) 'example_external_task_marker_child', 'example_external_task_marker_parent' retrieved from /Library/Frameworks/Python.framework/Versions/3.11/lib/python3.11/site-packages/airflow/example_dags/example_external_task_marker_dag.py
[2025-12-04T20:15:35.024+0500] {logging_mixin.py:188} INFO - [2025-12-04T20:15:35.023+0500] {dag.py:3089} INFO - Sync 2 DAGs
[2025-12-04T20:15:35.036+0500] {logging_mixin.py:188} INFO - [2025-12-04T20:15:35.035+0500] {dag.py:3947} INFO - Setting next_dagrun for example_external_task_marker_child to None, run_after=None
[2025-12-04T20:15:35.040+0500] {logging_mixin.py:188} INFO - [2025-12-04T20:15:35.040+0500] {dag.py:3947} INFO - Setting next_dagrun for example_external_task_marker_parent to None, run_after=None
[2025-12-04T20:15:35.061+0500] {processor.py:183} INFO - Processing /Library/Frameworks/Python.framework/Versions/3.11/lib/python3.11/site-packages/airflow/example_dags/example_external_task_marker_dag.py took 0.209 seconds
[2025-12-04T20:45:47.942+0500] {processor.py:161} INFO - Started process (PID=15805) to work on /Library/Frameworks/Python.framework/Versions/3.11/lib/python3.11/site-packages/airflow/example_dags/example_external_task_marker_dag.py
[2025-12-04T20:45:47.944+0500] {processor.py:830} INFO - Processing file /Library/Frameworks/Python.framework/Versions/3.11/lib/python3.11/site-packages/airflow/example_dags/example_external_task_marker_dag.py for tasks to queue
[2025-12-04T20:45:47.945+0500] {logging_mixin.py:188} INFO - [2025-12-04T20:45:47.945+0500] {dagbag.py:545} INFO - Filling up the DagBag from /Library/Frameworks/Python.framework/Versions/3.11/lib/python3.11/site-packages/airflow/example_dags/example_external_task_marker_dag.py
[2025-12-04T20:45:47.961+0500] {processor.py:840} INFO - DAG(s) 'example_external_task_marker_child', 'example_external_task_marker_parent' retrieved from /Library/Frameworks/Python.framework/Versions/3.11/lib/python3.11/site-packages/airflow/example_dags/example_external_task_marker_dag.py
[2025-12-04T20:45:48.084+0500] {logging_mixin.py:188} INFO - [2025-12-04T20:45:48.083+0500] {dag.py:3089} INFO - Sync 2 DAGs
[2025-12-04T20:45:48.094+0500] {logging_mixin.py:188} INFO - [2025-12-04T20:45:48.094+0500] {dag.py:3947} INFO - Setting next_dagrun for example_external_task_marker_child to None, run_after=None
[2025-12-04T20:45:48.097+0500] {logging_mixin.py:188} INFO - [2025-12-04T20:45:48.097+0500] {dag.py:3947} INFO - Setting next_dagrun for example_external_task_marker_parent to None, run_after=None
[2025-12-04T20:45:48.117+0500] {processor.py:183} INFO - Processing /Library/Frameworks/Python.framework/Versions/3.11/lib/python3.11/site-packages/airflow/example_dags/example_external_task_marker_dag.py took 0.178 seconds
