[2025-12-04T18:19:17.329+0500] {processor.py:161} INFO - Started process (PID=11713) to work on /Library/Frameworks/Python.framework/Versions/3.11/lib/python3.11/site-packages/airflow/example_dags/example_sensors.py
[2025-12-04T18:19:17.330+0500] {processor.py:830} INFO - Processing file /Library/Frameworks/Python.framework/Versions/3.11/lib/python3.11/site-packages/airflow/example_dags/example_sensors.py for tasks to queue
[2025-12-04T18:19:17.331+0500] {logging_mixin.py:188} INFO - [2025-12-04T18:19:17.331+0500] {dagbag.py:545} INFO - Filling up the DagBag from /Library/Frameworks/Python.framework/Versions/3.11/lib/python3.11/site-packages/airflow/example_dags/example_sensors.py
[2025-12-04T18:19:17.358+0500] {processor.py:840} INFO - DAG(s) 'example_sensors' retrieved from /Library/Frameworks/Python.framework/Versions/3.11/lib/python3.11/site-packages/airflow/example_dags/example_sensors.py
[2025-12-04T18:19:17.585+0500] {logging_mixin.py:188} INFO - [2025-12-04T18:19:17.583+0500] {override.py:1858} INFO - Created Permission View: can delete on DAG:example_sensors
[2025-12-04T18:19:17.595+0500] {logging_mixin.py:188} INFO - [2025-12-04T18:19:17.595+0500] {override.py:1858} INFO - Created Permission View: can edit on DAG:example_sensors
[2025-12-04T18:19:17.662+0500] {logging_mixin.py:188} INFO - [2025-12-04T18:19:17.661+0500] {override.py:1858} INFO - Created Permission View: can read on DAG:example_sensors
[2025-12-04T18:19:17.663+0500] {logging_mixin.py:188} INFO - [2025-12-04T18:19:17.662+0500] {dag.py:3089} INFO - Sync 1 DAGs
[2025-12-04T18:19:17.678+0500] {logging_mixin.py:188} INFO - [2025-12-04T18:19:17.677+0500] {dag.py:3111} INFO - Creating ORM DAG for example_sensors
[2025-12-04T18:19:17.678+0500] {logging_mixin.py:188} INFO - [2025-12-04T18:19:17.678+0500] {dag.py:3947} INFO - Setting next_dagrun for example_sensors to None, run_after=None
[2025-12-04T18:19:17.703+0500] {processor.py:183} INFO - Processing /Library/Frameworks/Python.framework/Versions/3.11/lib/python3.11/site-packages/airflow/example_dags/example_sensors.py took 0.377 seconds
[2025-12-04T18:22:01.851+0500] {processor.py:161} INFO - Started process (PID=11811) to work on /Library/Frameworks/Python.framework/Versions/3.11/lib/python3.11/site-packages/airflow/example_dags/example_sensors.py
[2025-12-04T18:22:01.853+0500] {processor.py:830} INFO - Processing file /Library/Frameworks/Python.framework/Versions/3.11/lib/python3.11/site-packages/airflow/example_dags/example_sensors.py for tasks to queue
[2025-12-04T18:22:01.855+0500] {logging_mixin.py:188} INFO - [2025-12-04T18:22:01.855+0500] {dagbag.py:545} INFO - Filling up the DagBag from /Library/Frameworks/Python.framework/Versions/3.11/lib/python3.11/site-packages/airflow/example_dags/example_sensors.py
[2025-12-04T18:22:01.904+0500] {processor.py:840} INFO - DAG(s) 'example_sensors' retrieved from /Library/Frameworks/Python.framework/Versions/3.11/lib/python3.11/site-packages/airflow/example_dags/example_sensors.py
[2025-12-04T18:22:02.035+0500] {logging_mixin.py:188} INFO - [2025-12-04T18:22:02.035+0500] {dag.py:3089} INFO - Sync 1 DAGs
[2025-12-04T18:22:02.045+0500] {logging_mixin.py:188} INFO - [2025-12-04T18:22:02.045+0500] {dag.py:3947} INFO - Setting next_dagrun for example_sensors to None, run_after=None
[2025-12-04T18:22:02.068+0500] {processor.py:183} INFO - Processing /Library/Frameworks/Python.framework/Versions/3.11/lib/python3.11/site-packages/airflow/example_dags/example_sensors.py took 0.220 seconds
[2025-12-04T18:24:05.586+0500] {processor.py:161} INFO - Started process (PID=11886) to work on /Library/Frameworks/Python.framework/Versions/3.11/lib/python3.11/site-packages/airflow/example_dags/example_sensors.py
[2025-12-04T18:24:05.588+0500] {processor.py:830} INFO - Processing file /Library/Frameworks/Python.framework/Versions/3.11/lib/python3.11/site-packages/airflow/example_dags/example_sensors.py for tasks to queue
[2025-12-04T18:24:05.589+0500] {logging_mixin.py:188} INFO - [2025-12-04T18:24:05.589+0500] {dagbag.py:545} INFO - Filling up the DagBag from /Library/Frameworks/Python.framework/Versions/3.11/lib/python3.11/site-packages/airflow/example_dags/example_sensors.py
[2025-12-04T18:24:05.617+0500] {processor.py:840} INFO - DAG(s) 'example_sensors' retrieved from /Library/Frameworks/Python.framework/Versions/3.11/lib/python3.11/site-packages/airflow/example_dags/example_sensors.py
[2025-12-04T18:24:05.746+0500] {logging_mixin.py:188} INFO - [2025-12-04T18:24:05.746+0500] {dag.py:3089} INFO - Sync 1 DAGs
[2025-12-04T18:24:05.755+0500] {logging_mixin.py:188} INFO - [2025-12-04T18:24:05.755+0500] {dag.py:3947} INFO - Setting next_dagrun for example_sensors to None, run_after=None
[2025-12-04T18:24:05.786+0500] {processor.py:183} INFO - Processing /Library/Frameworks/Python.framework/Versions/3.11/lib/python3.11/site-packages/airflow/example_dags/example_sensors.py took 0.203 seconds
[2025-12-04T18:26:12.165+0500] {processor.py:161} INFO - Started process (PID=11986) to work on /Library/Frameworks/Python.framework/Versions/3.11/lib/python3.11/site-packages/airflow/example_dags/example_sensors.py
[2025-12-04T18:26:12.168+0500] {processor.py:830} INFO - Processing file /Library/Frameworks/Python.framework/Versions/3.11/lib/python3.11/site-packages/airflow/example_dags/example_sensors.py for tasks to queue
[2025-12-04T18:26:12.169+0500] {logging_mixin.py:188} INFO - [2025-12-04T18:26:12.168+0500] {dagbag.py:545} INFO - Filling up the DagBag from /Library/Frameworks/Python.framework/Versions/3.11/lib/python3.11/site-packages/airflow/example_dags/example_sensors.py
[2025-12-04T18:26:12.216+0500] {processor.py:840} INFO - DAG(s) 'example_sensors' retrieved from /Library/Frameworks/Python.framework/Versions/3.11/lib/python3.11/site-packages/airflow/example_dags/example_sensors.py
[2025-12-04T18:26:12.372+0500] {logging_mixin.py:188} INFO - [2025-12-04T18:26:12.371+0500] {dag.py:3089} INFO - Sync 1 DAGs
[2025-12-04T18:26:12.385+0500] {logging_mixin.py:188} INFO - [2025-12-04T18:26:12.384+0500] {dag.py:3947} INFO - Setting next_dagrun for example_sensors to None, run_after=None
[2025-12-04T18:26:12.412+0500] {processor.py:183} INFO - Processing /Library/Frameworks/Python.framework/Versions/3.11/lib/python3.11/site-packages/airflow/example_dags/example_sensors.py took 0.250 seconds
[2025-12-04T18:28:30.137+0500] {processor.py:161} INFO - Started process (PID=12110) to work on /Library/Frameworks/Python.framework/Versions/3.11/lib/python3.11/site-packages/airflow/example_dags/example_sensors.py
[2025-12-04T18:28:30.146+0500] {processor.py:830} INFO - Processing file /Library/Frameworks/Python.framework/Versions/3.11/lib/python3.11/site-packages/airflow/example_dags/example_sensors.py for tasks to queue
[2025-12-04T18:28:30.147+0500] {logging_mixin.py:188} INFO - [2025-12-04T18:28:30.147+0500] {dagbag.py:545} INFO - Filling up the DagBag from /Library/Frameworks/Python.framework/Versions/3.11/lib/python3.11/site-packages/airflow/example_dags/example_sensors.py
[2025-12-04T18:28:30.182+0500] {processor.py:840} INFO - DAG(s) 'example_sensors' retrieved from /Library/Frameworks/Python.framework/Versions/3.11/lib/python3.11/site-packages/airflow/example_dags/example_sensors.py
[2025-12-04T18:28:30.432+0500] {logging_mixin.py:188} INFO - [2025-12-04T18:28:30.431+0500] {dag.py:3089} INFO - Sync 1 DAGs
[2025-12-04T18:28:30.442+0500] {logging_mixin.py:188} INFO - [2025-12-04T18:28:30.442+0500] {dag.py:3947} INFO - Setting next_dagrun for example_sensors to None, run_after=None
[2025-12-04T18:28:30.480+0500] {processor.py:183} INFO - Processing /Library/Frameworks/Python.framework/Versions/3.11/lib/python3.11/site-packages/airflow/example_dags/example_sensors.py took 0.348 seconds
[2025-12-04T18:30:59.578+0500] {processor.py:161} INFO - Started process (PID=12215) to work on /Library/Frameworks/Python.framework/Versions/3.11/lib/python3.11/site-packages/airflow/example_dags/example_sensors.py
[2025-12-04T18:30:59.580+0500] {processor.py:830} INFO - Processing file /Library/Frameworks/Python.framework/Versions/3.11/lib/python3.11/site-packages/airflow/example_dags/example_sensors.py for tasks to queue
[2025-12-04T18:30:59.581+0500] {logging_mixin.py:188} INFO - [2025-12-04T18:30:59.581+0500] {dagbag.py:545} INFO - Filling up the DagBag from /Library/Frameworks/Python.framework/Versions/3.11/lib/python3.11/site-packages/airflow/example_dags/example_sensors.py
[2025-12-04T18:30:59.624+0500] {processor.py:840} INFO - DAG(s) 'example_sensors' retrieved from /Library/Frameworks/Python.framework/Versions/3.11/lib/python3.11/site-packages/airflow/example_dags/example_sensors.py
[2025-12-04T18:30:59.785+0500] {logging_mixin.py:188} INFO - [2025-12-04T18:30:59.784+0500] {dag.py:3089} INFO - Sync 1 DAGs
[2025-12-04T18:30:59.798+0500] {logging_mixin.py:188} INFO - [2025-12-04T18:30:59.798+0500] {dag.py:3947} INFO - Setting next_dagrun for example_sensors to None, run_after=None
[2025-12-04T18:30:59.830+0500] {processor.py:183} INFO - Processing /Library/Frameworks/Python.framework/Versions/3.11/lib/python3.11/site-packages/airflow/example_dags/example_sensors.py took 0.255 seconds
[2025-12-04T18:33:24.879+0500] {processor.py:161} INFO - Started process (PID=12327) to work on /Library/Frameworks/Python.framework/Versions/3.11/lib/python3.11/site-packages/airflow/example_dags/example_sensors.py
[2025-12-04T18:33:24.885+0500] {processor.py:830} INFO - Processing file /Library/Frameworks/Python.framework/Versions/3.11/lib/python3.11/site-packages/airflow/example_dags/example_sensors.py for tasks to queue
[2025-12-04T18:33:24.887+0500] {logging_mixin.py:188} INFO - [2025-12-04T18:33:24.886+0500] {dagbag.py:545} INFO - Filling up the DagBag from /Library/Frameworks/Python.framework/Versions/3.11/lib/python3.11/site-packages/airflow/example_dags/example_sensors.py
[2025-12-04T18:33:24.923+0500] {processor.py:840} INFO - DAG(s) 'example_sensors' retrieved from /Library/Frameworks/Python.framework/Versions/3.11/lib/python3.11/site-packages/airflow/example_dags/example_sensors.py
[2025-12-04T18:33:25.075+0500] {logging_mixin.py:188} INFO - [2025-12-04T18:33:25.075+0500] {dag.py:3089} INFO - Sync 1 DAGs
[2025-12-04T18:33:25.086+0500] {logging_mixin.py:188} INFO - [2025-12-04T18:33:25.085+0500] {dag.py:3947} INFO - Setting next_dagrun for example_sensors to None, run_after=None
[2025-12-04T18:33:25.111+0500] {processor.py:183} INFO - Processing /Library/Frameworks/Python.framework/Versions/3.11/lib/python3.11/site-packages/airflow/example_dags/example_sensors.py took 0.236 seconds
[2025-12-04T18:35:35.332+0500] {processor.py:161} INFO - Started process (PID=12424) to work on /Library/Frameworks/Python.framework/Versions/3.11/lib/python3.11/site-packages/airflow/example_dags/example_sensors.py
[2025-12-04T18:35:35.334+0500] {processor.py:830} INFO - Processing file /Library/Frameworks/Python.framework/Versions/3.11/lib/python3.11/site-packages/airflow/example_dags/example_sensors.py for tasks to queue
[2025-12-04T18:35:35.335+0500] {logging_mixin.py:188} INFO - [2025-12-04T18:35:35.335+0500] {dagbag.py:545} INFO - Filling up the DagBag from /Library/Frameworks/Python.framework/Versions/3.11/lib/python3.11/site-packages/airflow/example_dags/example_sensors.py
[2025-12-04T18:35:35.363+0500] {processor.py:840} INFO - DAG(s) 'example_sensors' retrieved from /Library/Frameworks/Python.framework/Versions/3.11/lib/python3.11/site-packages/airflow/example_dags/example_sensors.py
[2025-12-04T18:35:35.497+0500] {logging_mixin.py:188} INFO - [2025-12-04T18:35:35.497+0500] {dag.py:3089} INFO - Sync 1 DAGs
[2025-12-04T18:35:35.507+0500] {logging_mixin.py:188} INFO - [2025-12-04T18:35:35.506+0500] {dag.py:3947} INFO - Setting next_dagrun for example_sensors to None, run_after=None
[2025-12-04T18:35:35.530+0500] {processor.py:183} INFO - Processing /Library/Frameworks/Python.framework/Versions/3.11/lib/python3.11/site-packages/airflow/example_dags/example_sensors.py took 0.201 seconds
[2025-12-04T18:37:34.192+0500] {processor.py:161} INFO - Started process (PID=12489) to work on /Library/Frameworks/Python.framework/Versions/3.11/lib/python3.11/site-packages/airflow/example_dags/example_sensors.py
[2025-12-04T18:37:34.194+0500] {processor.py:830} INFO - Processing file /Library/Frameworks/Python.framework/Versions/3.11/lib/python3.11/site-packages/airflow/example_dags/example_sensors.py for tasks to queue
[2025-12-04T18:37:34.195+0500] {logging_mixin.py:188} INFO - [2025-12-04T18:37:34.195+0500] {dagbag.py:545} INFO - Filling up the DagBag from /Library/Frameworks/Python.framework/Versions/3.11/lib/python3.11/site-packages/airflow/example_dags/example_sensors.py
[2025-12-04T18:37:34.224+0500] {processor.py:840} INFO - DAG(s) 'example_sensors' retrieved from /Library/Frameworks/Python.framework/Versions/3.11/lib/python3.11/site-packages/airflow/example_dags/example_sensors.py
[2025-12-04T18:37:34.356+0500] {logging_mixin.py:188} INFO - [2025-12-04T18:37:34.356+0500] {dag.py:3089} INFO - Sync 1 DAGs
[2025-12-04T18:37:34.365+0500] {logging_mixin.py:188} INFO - [2025-12-04T18:37:34.365+0500] {dag.py:3947} INFO - Setting next_dagrun for example_sensors to None, run_after=None
[2025-12-04T18:37:34.387+0500] {processor.py:183} INFO - Processing /Library/Frameworks/Python.framework/Versions/3.11/lib/python3.11/site-packages/airflow/example_dags/example_sensors.py took 0.198 seconds
[2025-12-04T18:39:26.225+0500] {processor.py:161} INFO - Started process (PID=12556) to work on /Library/Frameworks/Python.framework/Versions/3.11/lib/python3.11/site-packages/airflow/example_dags/example_sensors.py
[2025-12-04T18:39:26.227+0500] {processor.py:830} INFO - Processing file /Library/Frameworks/Python.framework/Versions/3.11/lib/python3.11/site-packages/airflow/example_dags/example_sensors.py for tasks to queue
[2025-12-04T18:39:26.229+0500] {logging_mixin.py:188} INFO - [2025-12-04T18:39:26.229+0500] {dagbag.py:545} INFO - Filling up the DagBag from /Library/Frameworks/Python.framework/Versions/3.11/lib/python3.11/site-packages/airflow/example_dags/example_sensors.py
[2025-12-04T18:39:26.263+0500] {processor.py:840} INFO - DAG(s) 'example_sensors' retrieved from /Library/Frameworks/Python.framework/Versions/3.11/lib/python3.11/site-packages/airflow/example_dags/example_sensors.py
[2025-12-04T18:39:26.397+0500] {logging_mixin.py:188} INFO - [2025-12-04T18:39:26.397+0500] {dag.py:3089} INFO - Sync 1 DAGs
[2025-12-04T18:39:26.406+0500] {logging_mixin.py:188} INFO - [2025-12-04T18:39:26.406+0500] {dag.py:3947} INFO - Setting next_dagrun for example_sensors to None, run_after=None
[2025-12-04T18:39:26.431+0500] {processor.py:183} INFO - Processing /Library/Frameworks/Python.framework/Versions/3.11/lib/python3.11/site-packages/airflow/example_dags/example_sensors.py took 0.209 seconds
[2025-12-04T18:41:31.147+0500] {processor.py:161} INFO - Started process (PID=12663) to work on /Library/Frameworks/Python.framework/Versions/3.11/lib/python3.11/site-packages/airflow/example_dags/example_sensors.py
[2025-12-04T18:41:31.149+0500] {processor.py:830} INFO - Processing file /Library/Frameworks/Python.framework/Versions/3.11/lib/python3.11/site-packages/airflow/example_dags/example_sensors.py for tasks to queue
[2025-12-04T18:41:31.150+0500] {logging_mixin.py:188} INFO - [2025-12-04T18:41:31.150+0500] {dagbag.py:545} INFO - Filling up the DagBag from /Library/Frameworks/Python.framework/Versions/3.11/lib/python3.11/site-packages/airflow/example_dags/example_sensors.py
[2025-12-04T18:41:31.182+0500] {processor.py:840} INFO - DAG(s) 'example_sensors' retrieved from /Library/Frameworks/Python.framework/Versions/3.11/lib/python3.11/site-packages/airflow/example_dags/example_sensors.py
[2025-12-04T18:41:31.312+0500] {logging_mixin.py:188} INFO - [2025-12-04T18:41:31.312+0500] {dag.py:3089} INFO - Sync 1 DAGs
[2025-12-04T18:41:31.321+0500] {logging_mixin.py:188} INFO - [2025-12-04T18:41:31.321+0500] {dag.py:3947} INFO - Setting next_dagrun for example_sensors to None, run_after=None
[2025-12-04T18:41:31.344+0500] {processor.py:183} INFO - Processing /Library/Frameworks/Python.framework/Versions/3.11/lib/python3.11/site-packages/airflow/example_dags/example_sensors.py took 0.199 seconds
[2025-12-04T18:43:44.598+0500] {processor.py:161} INFO - Started process (PID=12741) to work on /Library/Frameworks/Python.framework/Versions/3.11/lib/python3.11/site-packages/airflow/example_dags/example_sensors.py
[2025-12-04T18:43:44.601+0500] {processor.py:830} INFO - Processing file /Library/Frameworks/Python.framework/Versions/3.11/lib/python3.11/site-packages/airflow/example_dags/example_sensors.py for tasks to queue
[2025-12-04T18:43:44.602+0500] {logging_mixin.py:188} INFO - [2025-12-04T18:43:44.601+0500] {dagbag.py:545} INFO - Filling up the DagBag from /Library/Frameworks/Python.framework/Versions/3.11/lib/python3.11/site-packages/airflow/example_dags/example_sensors.py
[2025-12-04T18:43:44.642+0500] {processor.py:840} INFO - DAG(s) 'example_sensors' retrieved from /Library/Frameworks/Python.framework/Versions/3.11/lib/python3.11/site-packages/airflow/example_dags/example_sensors.py
[2025-12-04T18:43:44.773+0500] {logging_mixin.py:188} INFO - [2025-12-04T18:43:44.772+0500] {dag.py:3089} INFO - Sync 1 DAGs
[2025-12-04T18:43:44.783+0500] {logging_mixin.py:188} INFO - [2025-12-04T18:43:44.783+0500] {dag.py:3947} INFO - Setting next_dagrun for example_sensors to None, run_after=None
[2025-12-04T18:43:44.805+0500] {processor.py:183} INFO - Processing /Library/Frameworks/Python.framework/Versions/3.11/lib/python3.11/site-packages/airflow/example_dags/example_sensors.py took 0.210 seconds
[2025-12-04T18:45:48.122+0500] {processor.py:161} INFO - Started process (PID=12819) to work on /Library/Frameworks/Python.framework/Versions/3.11/lib/python3.11/site-packages/airflow/example_dags/example_sensors.py
[2025-12-04T18:45:48.124+0500] {processor.py:830} INFO - Processing file /Library/Frameworks/Python.framework/Versions/3.11/lib/python3.11/site-packages/airflow/example_dags/example_sensors.py for tasks to queue
[2025-12-04T18:45:48.125+0500] {logging_mixin.py:188} INFO - [2025-12-04T18:45:48.125+0500] {dagbag.py:545} INFO - Filling up the DagBag from /Library/Frameworks/Python.framework/Versions/3.11/lib/python3.11/site-packages/airflow/example_dags/example_sensors.py
[2025-12-04T18:45:48.148+0500] {processor.py:840} INFO - DAG(s) 'example_sensors' retrieved from /Library/Frameworks/Python.framework/Versions/3.11/lib/python3.11/site-packages/airflow/example_dags/example_sensors.py
[2025-12-04T18:45:48.311+0500] {logging_mixin.py:188} INFO - [2025-12-04T18:45:48.310+0500] {dag.py:3089} INFO - Sync 1 DAGs
[2025-12-04T18:45:48.321+0500] {logging_mixin.py:188} INFO - [2025-12-04T18:45:48.321+0500] {dag.py:3947} INFO - Setting next_dagrun for example_sensors to None, run_after=None
[2025-12-04T18:45:48.346+0500] {processor.py:183} INFO - Processing /Library/Frameworks/Python.framework/Versions/3.11/lib/python3.11/site-packages/airflow/example_dags/example_sensors.py took 0.228 seconds
[2025-12-04T18:47:47.359+0500] {processor.py:161} INFO - Started process (PID=12902) to work on /Library/Frameworks/Python.framework/Versions/3.11/lib/python3.11/site-packages/airflow/example_dags/example_sensors.py
[2025-12-04T18:47:47.361+0500] {processor.py:830} INFO - Processing file /Library/Frameworks/Python.framework/Versions/3.11/lib/python3.11/site-packages/airflow/example_dags/example_sensors.py for tasks to queue
[2025-12-04T18:47:47.362+0500] {logging_mixin.py:188} INFO - [2025-12-04T18:47:47.362+0500] {dagbag.py:545} INFO - Filling up the DagBag from /Library/Frameworks/Python.framework/Versions/3.11/lib/python3.11/site-packages/airflow/example_dags/example_sensors.py
[2025-12-04T18:47:47.391+0500] {processor.py:840} INFO - DAG(s) 'example_sensors' retrieved from /Library/Frameworks/Python.framework/Versions/3.11/lib/python3.11/site-packages/airflow/example_dags/example_sensors.py
[2025-12-04T18:47:47.519+0500] {logging_mixin.py:188} INFO - [2025-12-04T18:47:47.518+0500] {dag.py:3089} INFO - Sync 1 DAGs
[2025-12-04T18:47:47.528+0500] {logging_mixin.py:188} INFO - [2025-12-04T18:47:47.528+0500] {dag.py:3947} INFO - Setting next_dagrun for example_sensors to None, run_after=None
[2025-12-04T18:47:47.559+0500] {processor.py:183} INFO - Processing /Library/Frameworks/Python.framework/Versions/3.11/lib/python3.11/site-packages/airflow/example_dags/example_sensors.py took 0.203 seconds
[2025-12-04T18:49:56.171+0500] {processor.py:161} INFO - Started process (PID=12972) to work on /Library/Frameworks/Python.framework/Versions/3.11/lib/python3.11/site-packages/airflow/example_dags/example_sensors.py
[2025-12-04T18:49:56.173+0500] {processor.py:830} INFO - Processing file /Library/Frameworks/Python.framework/Versions/3.11/lib/python3.11/site-packages/airflow/example_dags/example_sensors.py for tasks to queue
[2025-12-04T18:49:56.174+0500] {logging_mixin.py:188} INFO - [2025-12-04T18:49:56.174+0500] {dagbag.py:545} INFO - Filling up the DagBag from /Library/Frameworks/Python.framework/Versions/3.11/lib/python3.11/site-packages/airflow/example_dags/example_sensors.py
[2025-12-04T18:49:56.230+0500] {processor.py:840} INFO - DAG(s) 'example_sensors' retrieved from /Library/Frameworks/Python.framework/Versions/3.11/lib/python3.11/site-packages/airflow/example_dags/example_sensors.py
[2025-12-04T18:49:56.365+0500] {logging_mixin.py:188} INFO - [2025-12-04T18:49:56.365+0500] {dag.py:3089} INFO - Sync 1 DAGs
[2025-12-04T18:49:56.375+0500] {logging_mixin.py:188} INFO - [2025-12-04T18:49:56.374+0500] {dag.py:3947} INFO - Setting next_dagrun for example_sensors to None, run_after=None
[2025-12-04T18:49:56.404+0500] {processor.py:183} INFO - Processing /Library/Frameworks/Python.framework/Versions/3.11/lib/python3.11/site-packages/airflow/example_dags/example_sensors.py took 0.236 seconds
[2025-12-04T18:52:19.314+0500] {processor.py:161} INFO - Started process (PID=13064) to work on /Library/Frameworks/Python.framework/Versions/3.11/lib/python3.11/site-packages/airflow/example_dags/example_sensors.py
[2025-12-04T18:52:19.317+0500] {processor.py:830} INFO - Processing file /Library/Frameworks/Python.framework/Versions/3.11/lib/python3.11/site-packages/airflow/example_dags/example_sensors.py for tasks to queue
[2025-12-04T18:52:19.318+0500] {logging_mixin.py:188} INFO - [2025-12-04T18:52:19.318+0500] {dagbag.py:545} INFO - Filling up the DagBag from /Library/Frameworks/Python.framework/Versions/3.11/lib/python3.11/site-packages/airflow/example_dags/example_sensors.py
[2025-12-04T18:52:19.353+0500] {processor.py:840} INFO - DAG(s) 'example_sensors' retrieved from /Library/Frameworks/Python.framework/Versions/3.11/lib/python3.11/site-packages/airflow/example_dags/example_sensors.py
[2025-12-04T18:52:19.563+0500] {logging_mixin.py:188} INFO - [2025-12-04T18:52:19.563+0500] {dag.py:3089} INFO - Sync 1 DAGs
[2025-12-04T18:52:19.574+0500] {logging_mixin.py:188} INFO - [2025-12-04T18:52:19.574+0500] {dag.py:3947} INFO - Setting next_dagrun for example_sensors to None, run_after=None
[2025-12-04T18:52:19.604+0500] {processor.py:183} INFO - Processing /Library/Frameworks/Python.framework/Versions/3.11/lib/python3.11/site-packages/airflow/example_dags/example_sensors.py took 0.293 seconds
[2025-12-04T18:54:27.722+0500] {processor.py:161} INFO - Started process (PID=13143) to work on /Library/Frameworks/Python.framework/Versions/3.11/lib/python3.11/site-packages/airflow/example_dags/example_sensors.py
[2025-12-04T18:54:27.724+0500] {processor.py:830} INFO - Processing file /Library/Frameworks/Python.framework/Versions/3.11/lib/python3.11/site-packages/airflow/example_dags/example_sensors.py for tasks to queue
[2025-12-04T18:54:27.725+0500] {logging_mixin.py:188} INFO - [2025-12-04T18:54:27.725+0500] {dagbag.py:545} INFO - Filling up the DagBag from /Library/Frameworks/Python.framework/Versions/3.11/lib/python3.11/site-packages/airflow/example_dags/example_sensors.py
[2025-12-04T18:54:27.757+0500] {processor.py:840} INFO - DAG(s) 'example_sensors' retrieved from /Library/Frameworks/Python.framework/Versions/3.11/lib/python3.11/site-packages/airflow/example_dags/example_sensors.py
[2025-12-04T18:54:27.923+0500] {logging_mixin.py:188} INFO - [2025-12-04T18:54:27.923+0500] {dag.py:3089} INFO - Sync 1 DAGs
[2025-12-04T18:54:27.934+0500] {logging_mixin.py:188} INFO - [2025-12-04T18:54:27.934+0500] {dag.py:3947} INFO - Setting next_dagrun for example_sensors to None, run_after=None
[2025-12-04T18:54:27.965+0500] {processor.py:183} INFO - Processing /Library/Frameworks/Python.framework/Versions/3.11/lib/python3.11/site-packages/airflow/example_dags/example_sensors.py took 0.247 seconds
[2025-12-04T19:33:55.510+0500] {processor.py:161} INFO - Started process (PID=14576) to work on /Library/Frameworks/Python.framework/Versions/3.11/lib/python3.11/site-packages/airflow/example_dags/example_sensors.py
[2025-12-04T19:33:55.512+0500] {processor.py:830} INFO - Processing file /Library/Frameworks/Python.framework/Versions/3.11/lib/python3.11/site-packages/airflow/example_dags/example_sensors.py for tasks to queue
[2025-12-04T19:33:55.513+0500] {logging_mixin.py:188} INFO - [2025-12-04T19:33:55.513+0500] {dagbag.py:545} INFO - Filling up the DagBag from /Library/Frameworks/Python.framework/Versions/3.11/lib/python3.11/site-packages/airflow/example_dags/example_sensors.py
[2025-12-04T19:33:55.537+0500] {processor.py:840} INFO - DAG(s) 'example_sensors' retrieved from /Library/Frameworks/Python.framework/Versions/3.11/lib/python3.11/site-packages/airflow/example_dags/example_sensors.py
[2025-12-04T19:33:55.777+0500] {logging_mixin.py:188} INFO - [2025-12-04T19:33:55.776+0500] {dag.py:3089} INFO - Sync 1 DAGs
[2025-12-04T19:33:55.787+0500] {logging_mixin.py:188} INFO - [2025-12-04T19:33:55.787+0500] {dag.py:3947} INFO - Setting next_dagrun for example_sensors to None, run_after=None
[2025-12-04T19:33:55.813+0500] {processor.py:183} INFO - Processing /Library/Frameworks/Python.framework/Versions/3.11/lib/python3.11/site-packages/airflow/example_dags/example_sensors.py took 0.306 seconds
[2025-12-04T19:37:01.564+0500] {processor.py:161} INFO - Started process (PID=14723) to work on /Library/Frameworks/Python.framework/Versions/3.11/lib/python3.11/site-packages/airflow/example_dags/example_sensors.py
[2025-12-04T19:37:01.567+0500] {processor.py:830} INFO - Processing file /Library/Frameworks/Python.framework/Versions/3.11/lib/python3.11/site-packages/airflow/example_dags/example_sensors.py for tasks to queue
[2025-12-04T19:37:01.568+0500] {logging_mixin.py:188} INFO - [2025-12-04T19:37:01.568+0500] {dagbag.py:545} INFO - Filling up the DagBag from /Library/Frameworks/Python.framework/Versions/3.11/lib/python3.11/site-packages/airflow/example_dags/example_sensors.py
[2025-12-04T19:37:01.599+0500] {processor.py:840} INFO - DAG(s) 'example_sensors' retrieved from /Library/Frameworks/Python.framework/Versions/3.11/lib/python3.11/site-packages/airflow/example_dags/example_sensors.py
[2025-12-04T19:37:01.737+0500] {logging_mixin.py:188} INFO - [2025-12-04T19:37:01.736+0500] {dag.py:3089} INFO - Sync 1 DAGs
[2025-12-04T19:37:01.746+0500] {logging_mixin.py:188} INFO - [2025-12-04T19:37:01.746+0500] {dag.py:3947} INFO - Setting next_dagrun for example_sensors to None, run_after=None
[2025-12-04T19:37:01.770+0500] {processor.py:183} INFO - Processing /Library/Frameworks/Python.framework/Versions/3.11/lib/python3.11/site-packages/airflow/example_dags/example_sensors.py took 0.208 seconds
[2025-12-04T19:39:04.499+0500] {processor.py:161} INFO - Started process (PID=14793) to work on /Library/Frameworks/Python.framework/Versions/3.11/lib/python3.11/site-packages/airflow/example_dags/example_sensors.py
[2025-12-04T19:39:04.500+0500] {processor.py:830} INFO - Processing file /Library/Frameworks/Python.framework/Versions/3.11/lib/python3.11/site-packages/airflow/example_dags/example_sensors.py for tasks to queue
[2025-12-04T19:39:04.500+0500] {logging_mixin.py:188} INFO - [2025-12-04T19:39:04.500+0500] {dagbag.py:545} INFO - Filling up the DagBag from /Library/Frameworks/Python.framework/Versions/3.11/lib/python3.11/site-packages/airflow/example_dags/example_sensors.py
[2025-12-04T19:39:04.525+0500] {processor.py:840} INFO - DAG(s) 'example_sensors' retrieved from /Library/Frameworks/Python.framework/Versions/3.11/lib/python3.11/site-packages/airflow/example_dags/example_sensors.py
[2025-12-04T19:39:04.727+0500] {logging_mixin.py:188} INFO - [2025-12-04T19:39:04.727+0500] {dag.py:3089} INFO - Sync 1 DAGs
[2025-12-04T19:39:04.738+0500] {logging_mixin.py:188} INFO - [2025-12-04T19:39:04.738+0500] {dag.py:3947} INFO - Setting next_dagrun for example_sensors to None, run_after=None
[2025-12-04T19:39:04.764+0500] {processor.py:183} INFO - Processing /Library/Frameworks/Python.framework/Versions/3.11/lib/python3.11/site-packages/airflow/example_dags/example_sensors.py took 0.269 seconds
[2025-12-04T19:41:18.097+0500] {processor.py:161} INFO - Started process (PID=14886) to work on /Library/Frameworks/Python.framework/Versions/3.11/lib/python3.11/site-packages/airflow/example_dags/example_sensors.py
[2025-12-04T19:41:18.100+0500] {processor.py:830} INFO - Processing file /Library/Frameworks/Python.framework/Versions/3.11/lib/python3.11/site-packages/airflow/example_dags/example_sensors.py for tasks to queue
[2025-12-04T19:41:18.107+0500] {logging_mixin.py:188} INFO - [2025-12-04T19:41:18.106+0500] {dagbag.py:545} INFO - Filling up the DagBag from /Library/Frameworks/Python.framework/Versions/3.11/lib/python3.11/site-packages/airflow/example_dags/example_sensors.py
[2025-12-04T19:41:18.142+0500] {processor.py:840} INFO - DAG(s) 'example_sensors' retrieved from /Library/Frameworks/Python.framework/Versions/3.11/lib/python3.11/site-packages/airflow/example_dags/example_sensors.py
[2025-12-04T19:41:18.287+0500] {logging_mixin.py:188} INFO - [2025-12-04T19:41:18.287+0500] {dag.py:3089} INFO - Sync 1 DAGs
[2025-12-04T19:41:18.296+0500] {logging_mixin.py:188} INFO - [2025-12-04T19:41:18.296+0500] {dag.py:3947} INFO - Setting next_dagrun for example_sensors to None, run_after=None
[2025-12-04T19:41:18.318+0500] {processor.py:183} INFO - Processing /Library/Frameworks/Python.framework/Versions/3.11/lib/python3.11/site-packages/airflow/example_dags/example_sensors.py took 0.224 seconds
[2025-12-04T19:43:33.341+0500] {processor.py:161} INFO - Started process (PID=14957) to work on /Library/Frameworks/Python.framework/Versions/3.11/lib/python3.11/site-packages/airflow/example_dags/example_sensors.py
[2025-12-04T19:43:33.343+0500] {processor.py:830} INFO - Processing file /Library/Frameworks/Python.framework/Versions/3.11/lib/python3.11/site-packages/airflow/example_dags/example_sensors.py for tasks to queue
[2025-12-04T19:43:33.344+0500] {logging_mixin.py:188} INFO - [2025-12-04T19:43:33.343+0500] {dagbag.py:545} INFO - Filling up the DagBag from /Library/Frameworks/Python.framework/Versions/3.11/lib/python3.11/site-packages/airflow/example_dags/example_sensors.py
[2025-12-04T19:43:33.377+0500] {processor.py:840} INFO - DAG(s) 'example_sensors' retrieved from /Library/Frameworks/Python.framework/Versions/3.11/lib/python3.11/site-packages/airflow/example_dags/example_sensors.py
[2025-12-04T19:43:33.507+0500] {logging_mixin.py:188} INFO - [2025-12-04T19:43:33.507+0500] {dag.py:3089} INFO - Sync 1 DAGs
[2025-12-04T19:43:33.517+0500] {logging_mixin.py:188} INFO - [2025-12-04T19:43:33.517+0500] {dag.py:3947} INFO - Setting next_dagrun for example_sensors to None, run_after=None
[2025-12-04T19:43:33.538+0500] {processor.py:183} INFO - Processing /Library/Frameworks/Python.framework/Versions/3.11/lib/python3.11/site-packages/airflow/example_dags/example_sensors.py took 0.200 seconds
[2025-12-04T19:45:53.269+0500] {processor.py:161} INFO - Started process (PID=15033) to work on /Library/Frameworks/Python.framework/Versions/3.11/lib/python3.11/site-packages/airflow/example_dags/example_sensors.py
[2025-12-04T19:45:53.272+0500] {processor.py:830} INFO - Processing file /Library/Frameworks/Python.framework/Versions/3.11/lib/python3.11/site-packages/airflow/example_dags/example_sensors.py for tasks to queue
[2025-12-04T19:45:53.273+0500] {logging_mixin.py:188} INFO - [2025-12-04T19:45:53.272+0500] {dagbag.py:545} INFO - Filling up the DagBag from /Library/Frameworks/Python.framework/Versions/3.11/lib/python3.11/site-packages/airflow/example_dags/example_sensors.py
[2025-12-04T19:45:53.304+0500] {processor.py:840} INFO - DAG(s) 'example_sensors' retrieved from /Library/Frameworks/Python.framework/Versions/3.11/lib/python3.11/site-packages/airflow/example_dags/example_sensors.py
[2025-12-04T19:45:53.613+0500] {logging_mixin.py:188} INFO - [2025-12-04T19:45:53.613+0500] {dag.py:3089} INFO - Sync 1 DAGs
[2025-12-04T19:45:53.639+0500] {logging_mixin.py:188} INFO - [2025-12-04T19:45:53.638+0500] {dag.py:3947} INFO - Setting next_dagrun for example_sensors to None, run_after=None
[2025-12-04T19:45:53.672+0500] {processor.py:183} INFO - Processing /Library/Frameworks/Python.framework/Versions/3.11/lib/python3.11/site-packages/airflow/example_dags/example_sensors.py took 0.407 seconds
[2025-12-04T19:48:19.118+0500] {processor.py:161} INFO - Started process (PID=15132) to work on /Library/Frameworks/Python.framework/Versions/3.11/lib/python3.11/site-packages/airflow/example_dags/example_sensors.py
[2025-12-04T19:48:19.120+0500] {processor.py:830} INFO - Processing file /Library/Frameworks/Python.framework/Versions/3.11/lib/python3.11/site-packages/airflow/example_dags/example_sensors.py for tasks to queue
[2025-12-04T19:48:19.121+0500] {logging_mixin.py:188} INFO - [2025-12-04T19:48:19.121+0500] {dagbag.py:545} INFO - Filling up the DagBag from /Library/Frameworks/Python.framework/Versions/3.11/lib/python3.11/site-packages/airflow/example_dags/example_sensors.py
[2025-12-04T19:48:19.150+0500] {processor.py:840} INFO - DAG(s) 'example_sensors' retrieved from /Library/Frameworks/Python.framework/Versions/3.11/lib/python3.11/site-packages/airflow/example_dags/example_sensors.py
[2025-12-04T19:48:19.285+0500] {logging_mixin.py:188} INFO - [2025-12-04T19:48:19.285+0500] {dag.py:3089} INFO - Sync 1 DAGs
[2025-12-04T19:48:19.295+0500] {logging_mixin.py:188} INFO - [2025-12-04T19:48:19.295+0500] {dag.py:3947} INFO - Setting next_dagrun for example_sensors to None, run_after=None
[2025-12-04T19:48:19.317+0500] {processor.py:183} INFO - Processing /Library/Frameworks/Python.framework/Versions/3.11/lib/python3.11/site-packages/airflow/example_dags/example_sensors.py took 0.202 seconds
[2025-12-04T19:50:21.369+0500] {processor.py:161} INFO - Started process (PID=15199) to work on /Library/Frameworks/Python.framework/Versions/3.11/lib/python3.11/site-packages/airflow/example_dags/example_sensors.py
[2025-12-04T19:50:21.371+0500] {processor.py:830} INFO - Processing file /Library/Frameworks/Python.framework/Versions/3.11/lib/python3.11/site-packages/airflow/example_dags/example_sensors.py for tasks to queue
[2025-12-04T19:50:21.372+0500] {logging_mixin.py:188} INFO - [2025-12-04T19:50:21.371+0500] {dagbag.py:545} INFO - Filling up the DagBag from /Library/Frameworks/Python.framework/Versions/3.11/lib/python3.11/site-packages/airflow/example_dags/example_sensors.py
[2025-12-04T19:50:21.403+0500] {processor.py:840} INFO - DAG(s) 'example_sensors' retrieved from /Library/Frameworks/Python.framework/Versions/3.11/lib/python3.11/site-packages/airflow/example_dags/example_sensors.py
[2025-12-04T19:50:21.534+0500] {logging_mixin.py:188} INFO - [2025-12-04T19:50:21.534+0500] {dag.py:3089} INFO - Sync 1 DAGs
[2025-12-04T19:50:21.544+0500] {logging_mixin.py:188} INFO - [2025-12-04T19:50:21.544+0500] {dag.py:3947} INFO - Setting next_dagrun for example_sensors to None, run_after=None
[2025-12-04T19:50:21.566+0500] {processor.py:183} INFO - Processing /Library/Frameworks/Python.framework/Versions/3.11/lib/python3.11/site-packages/airflow/example_dags/example_sensors.py took 0.200 seconds
[2025-12-04T19:52:18.747+0500] {processor.py:161} INFO - Started process (PID=15302) to work on /Library/Frameworks/Python.framework/Versions/3.11/lib/python3.11/site-packages/airflow/example_dags/example_sensors.py
[2025-12-04T19:52:18.751+0500] {processor.py:830} INFO - Processing file /Library/Frameworks/Python.framework/Versions/3.11/lib/python3.11/site-packages/airflow/example_dags/example_sensors.py for tasks to queue
[2025-12-04T19:52:18.752+0500] {logging_mixin.py:188} INFO - [2025-12-04T19:52:18.751+0500] {dagbag.py:545} INFO - Filling up the DagBag from /Library/Frameworks/Python.framework/Versions/3.11/lib/python3.11/site-packages/airflow/example_dags/example_sensors.py
[2025-12-04T19:52:18.793+0500] {processor.py:840} INFO - DAG(s) 'example_sensors' retrieved from /Library/Frameworks/Python.framework/Versions/3.11/lib/python3.11/site-packages/airflow/example_dags/example_sensors.py
[2025-12-04T19:52:18.931+0500] {logging_mixin.py:188} INFO - [2025-12-04T19:52:18.931+0500] {dag.py:3089} INFO - Sync 1 DAGs
[2025-12-04T19:52:18.944+0500] {logging_mixin.py:188} INFO - [2025-12-04T19:52:18.943+0500] {dag.py:3947} INFO - Setting next_dagrun for example_sensors to None, run_after=None
[2025-12-04T19:52:18.977+0500] {processor.py:183} INFO - Processing /Library/Frameworks/Python.framework/Versions/3.11/lib/python3.11/site-packages/airflow/example_dags/example_sensors.py took 0.234 seconds
[2025-12-04T19:54:17.562+0500] {processor.py:161} INFO - Started process (PID=15378) to work on /Library/Frameworks/Python.framework/Versions/3.11/lib/python3.11/site-packages/airflow/example_dags/example_sensors.py
[2025-12-04T19:54:17.563+0500] {processor.py:830} INFO - Processing file /Library/Frameworks/Python.framework/Versions/3.11/lib/python3.11/site-packages/airflow/example_dags/example_sensors.py for tasks to queue
[2025-12-04T19:54:17.564+0500] {logging_mixin.py:188} INFO - [2025-12-04T19:54:17.563+0500] {dagbag.py:545} INFO - Filling up the DagBag from /Library/Frameworks/Python.framework/Versions/3.11/lib/python3.11/site-packages/airflow/example_dags/example_sensors.py
[2025-12-04T19:54:17.581+0500] {processor.py:840} INFO - DAG(s) 'example_sensors' retrieved from /Library/Frameworks/Python.framework/Versions/3.11/lib/python3.11/site-packages/airflow/example_dags/example_sensors.py
[2025-12-04T19:54:17.710+0500] {logging_mixin.py:188} INFO - [2025-12-04T19:54:17.710+0500] {dag.py:3089} INFO - Sync 1 DAGs
[2025-12-04T19:54:17.719+0500] {logging_mixin.py:188} INFO - [2025-12-04T19:54:17.719+0500] {dag.py:3947} INFO - Setting next_dagrun for example_sensors to None, run_after=None
[2025-12-04T19:54:17.743+0500] {processor.py:183} INFO - Processing /Library/Frameworks/Python.framework/Versions/3.11/lib/python3.11/site-packages/airflow/example_dags/example_sensors.py took 0.184 seconds
[2025-12-04T19:56:12.463+0500] {processor.py:161} INFO - Started process (PID=15442) to work on /Library/Frameworks/Python.framework/Versions/3.11/lib/python3.11/site-packages/airflow/example_dags/example_sensors.py
[2025-12-04T19:56:12.465+0500] {processor.py:830} INFO - Processing file /Library/Frameworks/Python.framework/Versions/3.11/lib/python3.11/site-packages/airflow/example_dags/example_sensors.py for tasks to queue
[2025-12-04T19:56:12.466+0500] {logging_mixin.py:188} INFO - [2025-12-04T19:56:12.466+0500] {dagbag.py:545} INFO - Filling up the DagBag from /Library/Frameworks/Python.framework/Versions/3.11/lib/python3.11/site-packages/airflow/example_dags/example_sensors.py
[2025-12-04T19:56:12.483+0500] {processor.py:840} INFO - DAG(s) 'example_sensors' retrieved from /Library/Frameworks/Python.framework/Versions/3.11/lib/python3.11/site-packages/airflow/example_dags/example_sensors.py
[2025-12-04T19:56:12.609+0500] {logging_mixin.py:188} INFO - [2025-12-04T19:56:12.609+0500] {dag.py:3089} INFO - Sync 1 DAGs
[2025-12-04T19:56:12.618+0500] {logging_mixin.py:188} INFO - [2025-12-04T19:56:12.618+0500] {dag.py:3947} INFO - Setting next_dagrun for example_sensors to None, run_after=None
[2025-12-04T19:56:12.638+0500] {processor.py:183} INFO - Processing /Library/Frameworks/Python.framework/Versions/3.11/lib/python3.11/site-packages/airflow/example_dags/example_sensors.py took 0.178 seconds
[2025-12-04T19:58:06.211+0500] {processor.py:161} INFO - Started process (PID=15507) to work on /Library/Frameworks/Python.framework/Versions/3.11/lib/python3.11/site-packages/airflow/example_dags/example_sensors.py
[2025-12-04T19:58:06.213+0500] {processor.py:830} INFO - Processing file /Library/Frameworks/Python.framework/Versions/3.11/lib/python3.11/site-packages/airflow/example_dags/example_sensors.py for tasks to queue
[2025-12-04T19:58:06.214+0500] {logging_mixin.py:188} INFO - [2025-12-04T19:58:06.214+0500] {dagbag.py:545} INFO - Filling up the DagBag from /Library/Frameworks/Python.framework/Versions/3.11/lib/python3.11/site-packages/airflow/example_dags/example_sensors.py
[2025-12-04T19:58:06.244+0500] {processor.py:840} INFO - DAG(s) 'example_sensors' retrieved from /Library/Frameworks/Python.framework/Versions/3.11/lib/python3.11/site-packages/airflow/example_dags/example_sensors.py
[2025-12-04T19:58:06.370+0500] {logging_mixin.py:188} INFO - [2025-12-04T19:58:06.370+0500] {dag.py:3089} INFO - Sync 1 DAGs
[2025-12-04T19:58:06.380+0500] {logging_mixin.py:188} INFO - [2025-12-04T19:58:06.379+0500] {dag.py:3947} INFO - Setting next_dagrun for example_sensors to None, run_after=None
[2025-12-04T19:58:06.406+0500] {processor.py:183} INFO - Processing /Library/Frameworks/Python.framework/Versions/3.11/lib/python3.11/site-packages/airflow/example_dags/example_sensors.py took 0.198 seconds
[2025-12-04T20:42:08.169+0500] {processor.py:161} INFO - Started process (PID=15628) to work on /Library/Frameworks/Python.framework/Versions/3.11/lib/python3.11/site-packages/airflow/example_dags/example_sensors.py
[2025-12-04T20:42:08.171+0500] {processor.py:830} INFO - Processing file /Library/Frameworks/Python.framework/Versions/3.11/lib/python3.11/site-packages/airflow/example_dags/example_sensors.py for tasks to queue
[2025-12-04T20:42:08.173+0500] {logging_mixin.py:188} INFO - [2025-12-04T20:42:08.172+0500] {dagbag.py:545} INFO - Filling up the DagBag from /Library/Frameworks/Python.framework/Versions/3.11/lib/python3.11/site-packages/airflow/example_dags/example_sensors.py
[2025-12-04T20:42:08.209+0500] {processor.py:840} INFO - DAG(s) 'example_sensors' retrieved from /Library/Frameworks/Python.framework/Versions/3.11/lib/python3.11/site-packages/airflow/example_dags/example_sensors.py
[2025-12-04T20:42:08.358+0500] {logging_mixin.py:188} INFO - [2025-12-04T20:42:08.357+0500] {dag.py:3089} INFO - Sync 1 DAGs
[2025-12-04T20:42:08.375+0500] {logging_mixin.py:188} INFO - [2025-12-04T20:42:08.375+0500] {dag.py:3947} INFO - Setting next_dagrun for example_sensors to None, run_after=None
[2025-12-04T20:42:08.407+0500] {processor.py:183} INFO - Processing /Library/Frameworks/Python.framework/Versions/3.11/lib/python3.11/site-packages/airflow/example_dags/example_sensors.py took 0.242 seconds
[2025-12-04T20:45:07.059+0500] {processor.py:161} INFO - Started process (PID=15784) to work on /Library/Frameworks/Python.framework/Versions/3.11/lib/python3.11/site-packages/airflow/example_dags/example_sensors.py
[2025-12-04T20:45:07.061+0500] {processor.py:830} INFO - Processing file /Library/Frameworks/Python.framework/Versions/3.11/lib/python3.11/site-packages/airflow/example_dags/example_sensors.py for tasks to queue
[2025-12-04T20:45:07.062+0500] {logging_mixin.py:188} INFO - [2025-12-04T20:45:07.062+0500] {dagbag.py:545} INFO - Filling up the DagBag from /Library/Frameworks/Python.framework/Versions/3.11/lib/python3.11/site-packages/airflow/example_dags/example_sensors.py
[2025-12-04T20:45:07.108+0500] {processor.py:840} INFO - DAG(s) 'example_sensors' retrieved from /Library/Frameworks/Python.framework/Versions/3.11/lib/python3.11/site-packages/airflow/example_dags/example_sensors.py
[2025-12-04T20:45:07.288+0500] {logging_mixin.py:188} INFO - [2025-12-04T20:45:07.288+0500] {dag.py:3089} INFO - Sync 1 DAGs
[2025-12-04T20:45:07.299+0500] {logging_mixin.py:188} INFO - [2025-12-04T20:45:07.299+0500] {dag.py:3947} INFO - Setting next_dagrun for example_sensors to None, run_after=None
[2025-12-04T20:45:07.323+0500] {processor.py:183} INFO - Processing /Library/Frameworks/Python.framework/Versions/3.11/lib/python3.11/site-packages/airflow/example_dags/example_sensors.py took 0.273 seconds
[2025-12-04T20:47:36.539+0500] {processor.py:161} INFO - Started process (PID=15862) to work on /Library/Frameworks/Python.framework/Versions/3.11/lib/python3.11/site-packages/airflow/example_dags/example_sensors.py
[2025-12-04T20:47:36.540+0500] {processor.py:830} INFO - Processing file /Library/Frameworks/Python.framework/Versions/3.11/lib/python3.11/site-packages/airflow/example_dags/example_sensors.py for tasks to queue
[2025-12-04T20:47:36.540+0500] {logging_mixin.py:188} INFO - [2025-12-04T20:47:36.540+0500] {dagbag.py:545} INFO - Filling up the DagBag from /Library/Frameworks/Python.framework/Versions/3.11/lib/python3.11/site-packages/airflow/example_dags/example_sensors.py
[2025-12-04T20:47:36.568+0500] {processor.py:840} INFO - DAG(s) 'example_sensors' retrieved from /Library/Frameworks/Python.framework/Versions/3.11/lib/python3.11/site-packages/airflow/example_dags/example_sensors.py
[2025-12-04T20:47:36.695+0500] {logging_mixin.py:188} INFO - [2025-12-04T20:47:36.695+0500] {dag.py:3089} INFO - Sync 1 DAGs
[2025-12-04T20:47:36.705+0500] {logging_mixin.py:188} INFO - [2025-12-04T20:47:36.705+0500] {dag.py:3947} INFO - Setting next_dagrun for example_sensors to None, run_after=None
[2025-12-04T20:47:36.726+0500] {processor.py:183} INFO - Processing /Library/Frameworks/Python.framework/Versions/3.11/lib/python3.11/site-packages/airflow/example_dags/example_sensors.py took 0.190 seconds
