[2025-12-04T18:19:26.817+0500] {processor.py:161} INFO - Started process (PID=11718) to work on /Library/Frameworks/Python.framework/Versions/3.11/lib/python3.11/site-packages/airflow/example_dags/example_python_decorator.py
[2025-12-04T18:19:26.818+0500] {processor.py:830} INFO - Processing file /Library/Frameworks/Python.framework/Versions/3.11/lib/python3.11/site-packages/airflow/example_dags/example_python_decorator.py for tasks to queue
[2025-12-04T18:19:26.818+0500] {logging_mixin.py:188} INFO - [2025-12-04T18:19:26.818+0500] {dagbag.py:545} INFO - Filling up the DagBag from /Library/Frameworks/Python.framework/Versions/3.11/lib/python3.11/site-packages/airflow/example_dags/example_python_decorator.py
[2025-12-04T18:19:26.874+0500] {processor.py:840} INFO - DAG(s) 'example_python_decorator' retrieved from /Library/Frameworks/Python.framework/Versions/3.11/lib/python3.11/site-packages/airflow/example_dags/example_python_decorator.py
[2025-12-04T18:19:27.160+0500] {logging_mixin.py:188} INFO - [2025-12-04T18:19:27.159+0500] {override.py:1858} INFO - Created Permission View: can read on DAG:example_python_decorator
[2025-12-04T18:19:27.170+0500] {logging_mixin.py:188} INFO - [2025-12-04T18:19:27.170+0500] {override.py:1858} INFO - Created Permission View: can delete on DAG:example_python_decorator
[2025-12-04T18:19:27.177+0500] {logging_mixin.py:188} INFO - [2025-12-04T18:19:27.177+0500] {override.py:1858} INFO - Created Permission View: can edit on DAG:example_python_decorator
[2025-12-04T18:19:27.178+0500] {logging_mixin.py:188} INFO - [2025-12-04T18:19:27.178+0500] {dag.py:3089} INFO - Sync 1 DAGs
[2025-12-04T18:19:27.188+0500] {logging_mixin.py:188} INFO - [2025-12-04T18:19:27.187+0500] {dag.py:3111} INFO - Creating ORM DAG for example_python_decorator
[2025-12-04T18:19:27.188+0500] {logging_mixin.py:188} INFO - [2025-12-04T18:19:27.188+0500] {dag.py:3947} INFO - Setting next_dagrun for example_python_decorator to None, run_after=None
[2025-12-04T18:19:27.207+0500] {processor.py:183} INFO - Processing /Library/Frameworks/Python.framework/Versions/3.11/lib/python3.11/site-packages/airflow/example_dags/example_python_decorator.py took 0.394 seconds
[2025-12-04T18:22:11.442+0500] {processor.py:161} INFO - Started process (PID=11823) to work on /Library/Frameworks/Python.framework/Versions/3.11/lib/python3.11/site-packages/airflow/example_dags/example_python_decorator.py
[2025-12-04T18:22:11.444+0500] {processor.py:830} INFO - Processing file /Library/Frameworks/Python.framework/Versions/3.11/lib/python3.11/site-packages/airflow/example_dags/example_python_decorator.py for tasks to queue
[2025-12-04T18:22:11.445+0500] {logging_mixin.py:188} INFO - [2025-12-04T18:22:11.445+0500] {dagbag.py:545} INFO - Filling up the DagBag from /Library/Frameworks/Python.framework/Versions/3.11/lib/python3.11/site-packages/airflow/example_dags/example_python_decorator.py
[2025-12-04T18:22:11.488+0500] {processor.py:840} INFO - DAG(s) 'example_python_decorator' retrieved from /Library/Frameworks/Python.framework/Versions/3.11/lib/python3.11/site-packages/airflow/example_dags/example_python_decorator.py
[2025-12-04T18:22:11.745+0500] {logging_mixin.py:188} INFO - [2025-12-04T18:22:11.744+0500] {dag.py:3089} INFO - Sync 1 DAGs
[2025-12-04T18:22:11.753+0500] {logging_mixin.py:188} INFO - [2025-12-04T18:22:11.753+0500] {dag.py:3947} INFO - Setting next_dagrun for example_python_decorator to None, run_after=None
[2025-12-04T18:22:11.776+0500] {processor.py:183} INFO - Processing /Library/Frameworks/Python.framework/Versions/3.11/lib/python3.11/site-packages/airflow/example_dags/example_python_decorator.py took 0.336 seconds
[2025-12-04T18:24:13.945+0500] {processor.py:161} INFO - Started process (PID=11891) to work on /Library/Frameworks/Python.framework/Versions/3.11/lib/python3.11/site-packages/airflow/example_dags/example_python_decorator.py
[2025-12-04T18:24:13.947+0500] {processor.py:830} INFO - Processing file /Library/Frameworks/Python.framework/Versions/3.11/lib/python3.11/site-packages/airflow/example_dags/example_python_decorator.py for tasks to queue
[2025-12-04T18:24:13.948+0500] {logging_mixin.py:188} INFO - [2025-12-04T18:24:13.947+0500] {dagbag.py:545} INFO - Filling up the DagBag from /Library/Frameworks/Python.framework/Versions/3.11/lib/python3.11/site-packages/airflow/example_dags/example_python_decorator.py
[2025-12-04T18:24:13.991+0500] {processor.py:840} INFO - DAG(s) 'example_python_decorator' retrieved from /Library/Frameworks/Python.framework/Versions/3.11/lib/python3.11/site-packages/airflow/example_dags/example_python_decorator.py
[2025-12-04T18:24:14.245+0500] {logging_mixin.py:188} INFO - [2025-12-04T18:24:14.245+0500] {dag.py:3089} INFO - Sync 1 DAGs
[2025-12-04T18:24:14.254+0500] {logging_mixin.py:188} INFO - [2025-12-04T18:24:14.254+0500] {dag.py:3947} INFO - Setting next_dagrun for example_python_decorator to None, run_after=None
[2025-12-04T18:24:14.276+0500] {processor.py:183} INFO - Processing /Library/Frameworks/Python.framework/Versions/3.11/lib/python3.11/site-packages/airflow/example_dags/example_python_decorator.py took 0.334 seconds
[2025-12-04T18:26:21.696+0500] {processor.py:161} INFO - Started process (PID=11991) to work on /Library/Frameworks/Python.framework/Versions/3.11/lib/python3.11/site-packages/airflow/example_dags/example_python_decorator.py
[2025-12-04T18:26:21.698+0500] {processor.py:830} INFO - Processing file /Library/Frameworks/Python.framework/Versions/3.11/lib/python3.11/site-packages/airflow/example_dags/example_python_decorator.py for tasks to queue
[2025-12-04T18:26:21.699+0500] {logging_mixin.py:188} INFO - [2025-12-04T18:26:21.698+0500] {dagbag.py:545} INFO - Filling up the DagBag from /Library/Frameworks/Python.framework/Versions/3.11/lib/python3.11/site-packages/airflow/example_dags/example_python_decorator.py
[2025-12-04T18:26:21.740+0500] {processor.py:840} INFO - DAG(s) 'example_python_decorator' retrieved from /Library/Frameworks/Python.framework/Versions/3.11/lib/python3.11/site-packages/airflow/example_dags/example_python_decorator.py
[2025-12-04T18:26:22.015+0500] {logging_mixin.py:188} INFO - [2025-12-04T18:26:22.014+0500] {dag.py:3089} INFO - Sync 1 DAGs
[2025-12-04T18:26:22.024+0500] {logging_mixin.py:188} INFO - [2025-12-04T18:26:22.023+0500] {dag.py:3947} INFO - Setting next_dagrun for example_python_decorator to None, run_after=None
[2025-12-04T18:26:22.047+0500] {processor.py:183} INFO - Processing /Library/Frameworks/Python.framework/Versions/3.11/lib/python3.11/site-packages/airflow/example_dags/example_python_decorator.py took 0.354 seconds
[2025-12-04T18:28:42.165+0500] {processor.py:161} INFO - Started process (PID=12115) to work on /Library/Frameworks/Python.framework/Versions/3.11/lib/python3.11/site-packages/airflow/example_dags/example_python_decorator.py
[2025-12-04T18:28:42.167+0500] {processor.py:830} INFO - Processing file /Library/Frameworks/Python.framework/Versions/3.11/lib/python3.11/site-packages/airflow/example_dags/example_python_decorator.py for tasks to queue
[2025-12-04T18:28:42.168+0500] {logging_mixin.py:188} INFO - [2025-12-04T18:28:42.168+0500] {dagbag.py:545} INFO - Filling up the DagBag from /Library/Frameworks/Python.framework/Versions/3.11/lib/python3.11/site-packages/airflow/example_dags/example_python_decorator.py
[2025-12-04T18:28:42.223+0500] {processor.py:840} INFO - DAG(s) 'example_python_decorator' retrieved from /Library/Frameworks/Python.framework/Versions/3.11/lib/python3.11/site-packages/airflow/example_dags/example_python_decorator.py
[2025-12-04T18:28:42.718+0500] {logging_mixin.py:188} INFO - [2025-12-04T18:28:42.717+0500] {dag.py:3089} INFO - Sync 1 DAGs
[2025-12-04T18:28:42.729+0500] {logging_mixin.py:188} INFO - [2025-12-04T18:28:42.729+0500] {dag.py:3947} INFO - Setting next_dagrun for example_python_decorator to None, run_after=None
[2025-12-04T18:28:42.762+0500] {processor.py:183} INFO - Processing /Library/Frameworks/Python.framework/Versions/3.11/lib/python3.11/site-packages/airflow/example_dags/example_python_decorator.py took 0.601 seconds
[2025-12-04T18:31:10.082+0500] {processor.py:161} INFO - Started process (PID=12220) to work on /Library/Frameworks/Python.framework/Versions/3.11/lib/python3.11/site-packages/airflow/example_dags/example_python_decorator.py
[2025-12-04T18:31:10.086+0500] {processor.py:830} INFO - Processing file /Library/Frameworks/Python.framework/Versions/3.11/lib/python3.11/site-packages/airflow/example_dags/example_python_decorator.py for tasks to queue
[2025-12-04T18:31:10.091+0500] {logging_mixin.py:188} INFO - [2025-12-04T18:31:10.091+0500] {dagbag.py:545} INFO - Filling up the DagBag from /Library/Frameworks/Python.framework/Versions/3.11/lib/python3.11/site-packages/airflow/example_dags/example_python_decorator.py
[2025-12-04T18:31:10.153+0500] {processor.py:840} INFO - DAG(s) 'example_python_decorator' retrieved from /Library/Frameworks/Python.framework/Versions/3.11/lib/python3.11/site-packages/airflow/example_dags/example_python_decorator.py
[2025-12-04T18:31:10.529+0500] {logging_mixin.py:188} INFO - [2025-12-04T18:31:10.528+0500] {dag.py:3089} INFO - Sync 1 DAGs
[2025-12-04T18:31:10.542+0500] {logging_mixin.py:188} INFO - [2025-12-04T18:31:10.542+0500] {dag.py:3947} INFO - Setting next_dagrun for example_python_decorator to None, run_after=None
[2025-12-04T18:31:10.564+0500] {processor.py:183} INFO - Processing /Library/Frameworks/Python.framework/Versions/3.11/lib/python3.11/site-packages/airflow/example_dags/example_python_decorator.py took 0.485 seconds
[2025-12-04T18:33:34.286+0500] {processor.py:161} INFO - Started process (PID=12333) to work on /Library/Frameworks/Python.framework/Versions/3.11/lib/python3.11/site-packages/airflow/example_dags/example_python_decorator.py
[2025-12-04T18:33:34.290+0500] {processor.py:830} INFO - Processing file /Library/Frameworks/Python.framework/Versions/3.11/lib/python3.11/site-packages/airflow/example_dags/example_python_decorator.py for tasks to queue
[2025-12-04T18:33:34.290+0500] {logging_mixin.py:188} INFO - [2025-12-04T18:33:34.290+0500] {dagbag.py:545} INFO - Filling up the DagBag from /Library/Frameworks/Python.framework/Versions/3.11/lib/python3.11/site-packages/airflow/example_dags/example_python_decorator.py
[2025-12-04T18:33:34.338+0500] {processor.py:840} INFO - DAG(s) 'example_python_decorator' retrieved from /Library/Frameworks/Python.framework/Versions/3.11/lib/python3.11/site-packages/airflow/example_dags/example_python_decorator.py
[2025-12-04T18:33:34.622+0500] {logging_mixin.py:188} INFO - [2025-12-04T18:33:34.621+0500] {dag.py:3089} INFO - Sync 1 DAGs
[2025-12-04T18:33:34.638+0500] {logging_mixin.py:188} INFO - [2025-12-04T18:33:34.638+0500] {dag.py:3947} INFO - Setting next_dagrun for example_python_decorator to None, run_after=None
[2025-12-04T18:33:34.668+0500] {processor.py:183} INFO - Processing /Library/Frameworks/Python.framework/Versions/3.11/lib/python3.11/site-packages/airflow/example_dags/example_python_decorator.py took 0.384 seconds
[2025-12-04T18:35:43.588+0500] {processor.py:161} INFO - Started process (PID=12429) to work on /Library/Frameworks/Python.framework/Versions/3.11/lib/python3.11/site-packages/airflow/example_dags/example_python_decorator.py
[2025-12-04T18:35:43.590+0500] {processor.py:830} INFO - Processing file /Library/Frameworks/Python.framework/Versions/3.11/lib/python3.11/site-packages/airflow/example_dags/example_python_decorator.py for tasks to queue
[2025-12-04T18:35:43.591+0500] {logging_mixin.py:188} INFO - [2025-12-04T18:35:43.590+0500] {dagbag.py:545} INFO - Filling up the DagBag from /Library/Frameworks/Python.framework/Versions/3.11/lib/python3.11/site-packages/airflow/example_dags/example_python_decorator.py
[2025-12-04T18:35:43.633+0500] {processor.py:840} INFO - DAG(s) 'example_python_decorator' retrieved from /Library/Frameworks/Python.framework/Versions/3.11/lib/python3.11/site-packages/airflow/example_dags/example_python_decorator.py
[2025-12-04T18:35:43.883+0500] {logging_mixin.py:188} INFO - [2025-12-04T18:35:43.883+0500] {dag.py:3089} INFO - Sync 1 DAGs
[2025-12-04T18:35:43.892+0500] {logging_mixin.py:188} INFO - [2025-12-04T18:35:43.891+0500] {dag.py:3947} INFO - Setting next_dagrun for example_python_decorator to None, run_after=None
[2025-12-04T18:35:43.914+0500] {processor.py:183} INFO - Processing /Library/Frameworks/Python.framework/Versions/3.11/lib/python3.11/site-packages/airflow/example_dags/example_python_decorator.py took 0.329 seconds
[2025-12-04T18:37:43.072+0500] {processor.py:161} INFO - Started process (PID=12493) to work on /Library/Frameworks/Python.framework/Versions/3.11/lib/python3.11/site-packages/airflow/example_dags/example_python_decorator.py
[2025-12-04T18:37:43.074+0500] {processor.py:830} INFO - Processing file /Library/Frameworks/Python.framework/Versions/3.11/lib/python3.11/site-packages/airflow/example_dags/example_python_decorator.py for tasks to queue
[2025-12-04T18:37:43.075+0500] {logging_mixin.py:188} INFO - [2025-12-04T18:37:43.075+0500] {dagbag.py:545} INFO - Filling up the DagBag from /Library/Frameworks/Python.framework/Versions/3.11/lib/python3.11/site-packages/airflow/example_dags/example_python_decorator.py
[2025-12-04T18:37:43.124+0500] {processor.py:840} INFO - DAG(s) 'example_python_decorator' retrieved from /Library/Frameworks/Python.framework/Versions/3.11/lib/python3.11/site-packages/airflow/example_dags/example_python_decorator.py
[2025-12-04T18:37:43.382+0500] {logging_mixin.py:188} INFO - [2025-12-04T18:37:43.382+0500] {dag.py:3089} INFO - Sync 1 DAGs
[2025-12-04T18:37:43.391+0500] {logging_mixin.py:188} INFO - [2025-12-04T18:37:43.391+0500] {dag.py:3947} INFO - Setting next_dagrun for example_python_decorator to None, run_after=None
[2025-12-04T18:37:43.412+0500] {processor.py:183} INFO - Processing /Library/Frameworks/Python.framework/Versions/3.11/lib/python3.11/site-packages/airflow/example_dags/example_python_decorator.py took 0.343 seconds
[2025-12-04T18:39:34.543+0500] {processor.py:161} INFO - Started process (PID=12559) to work on /Library/Frameworks/Python.framework/Versions/3.11/lib/python3.11/site-packages/airflow/example_dags/example_python_decorator.py
[2025-12-04T18:39:34.545+0500] {processor.py:830} INFO - Processing file /Library/Frameworks/Python.framework/Versions/3.11/lib/python3.11/site-packages/airflow/example_dags/example_python_decorator.py for tasks to queue
[2025-12-04T18:39:34.546+0500] {logging_mixin.py:188} INFO - [2025-12-04T18:39:34.546+0500] {dagbag.py:545} INFO - Filling up the DagBag from /Library/Frameworks/Python.framework/Versions/3.11/lib/python3.11/site-packages/airflow/example_dags/example_python_decorator.py
[2025-12-04T18:39:34.590+0500] {processor.py:840} INFO - DAG(s) 'example_python_decorator' retrieved from /Library/Frameworks/Python.framework/Versions/3.11/lib/python3.11/site-packages/airflow/example_dags/example_python_decorator.py
[2025-12-04T18:39:34.845+0500] {logging_mixin.py:188} INFO - [2025-12-04T18:39:34.844+0500] {dag.py:3089} INFO - Sync 1 DAGs
[2025-12-04T18:39:34.854+0500] {logging_mixin.py:188} INFO - [2025-12-04T18:39:34.854+0500] {dag.py:3947} INFO - Setting next_dagrun for example_python_decorator to None, run_after=None
[2025-12-04T18:39:34.876+0500] {processor.py:183} INFO - Processing /Library/Frameworks/Python.framework/Versions/3.11/lib/python3.11/site-packages/airflow/example_dags/example_python_decorator.py took 0.336 seconds
[2025-12-04T18:41:38.516+0500] {processor.py:161} INFO - Started process (PID=12667) to work on /Library/Frameworks/Python.framework/Versions/3.11/lib/python3.11/site-packages/airflow/example_dags/example_python_decorator.py
[2025-12-04T18:41:38.518+0500] {processor.py:830} INFO - Processing file /Library/Frameworks/Python.framework/Versions/3.11/lib/python3.11/site-packages/airflow/example_dags/example_python_decorator.py for tasks to queue
[2025-12-04T18:41:38.519+0500] {logging_mixin.py:188} INFO - [2025-12-04T18:41:38.518+0500] {dagbag.py:545} INFO - Filling up the DagBag from /Library/Frameworks/Python.framework/Versions/3.11/lib/python3.11/site-packages/airflow/example_dags/example_python_decorator.py
[2025-12-04T18:41:38.573+0500] {processor.py:840} INFO - DAG(s) 'example_python_decorator' retrieved from /Library/Frameworks/Python.framework/Versions/3.11/lib/python3.11/site-packages/airflow/example_dags/example_python_decorator.py
[2025-12-04T18:41:39.049+0500] {logging_mixin.py:188} INFO - [2025-12-04T18:41:39.048+0500] {dag.py:3089} INFO - Sync 1 DAGs
[2025-12-04T18:41:39.059+0500] {logging_mixin.py:188} INFO - [2025-12-04T18:41:39.058+0500] {dag.py:3947} INFO - Setting next_dagrun for example_python_decorator to None, run_after=None
[2025-12-04T18:41:39.086+0500] {processor.py:183} INFO - Processing /Library/Frameworks/Python.framework/Versions/3.11/lib/python3.11/site-packages/airflow/example_dags/example_python_decorator.py took 0.572 seconds
[2025-12-04T18:43:56.255+0500] {processor.py:161} INFO - Started process (PID=12755) to work on /Library/Frameworks/Python.framework/Versions/3.11/lib/python3.11/site-packages/airflow/example_dags/example_python_decorator.py
[2025-12-04T18:43:56.257+0500] {processor.py:830} INFO - Processing file /Library/Frameworks/Python.framework/Versions/3.11/lib/python3.11/site-packages/airflow/example_dags/example_python_decorator.py for tasks to queue
[2025-12-04T18:43:56.258+0500] {logging_mixin.py:188} INFO - [2025-12-04T18:43:56.258+0500] {dagbag.py:545} INFO - Filling up the DagBag from /Library/Frameworks/Python.framework/Versions/3.11/lib/python3.11/site-packages/airflow/example_dags/example_python_decorator.py
[2025-12-04T18:43:56.303+0500] {processor.py:840} INFO - DAG(s) 'example_python_decorator' retrieved from /Library/Frameworks/Python.framework/Versions/3.11/lib/python3.11/site-packages/airflow/example_dags/example_python_decorator.py
[2025-12-04T18:43:56.610+0500] {logging_mixin.py:188} INFO - [2025-12-04T18:43:56.610+0500] {dag.py:3089} INFO - Sync 1 DAGs
[2025-12-04T18:43:56.619+0500] {logging_mixin.py:188} INFO - [2025-12-04T18:43:56.619+0500] {dag.py:3947} INFO - Setting next_dagrun for example_python_decorator to None, run_after=None
[2025-12-04T18:43:56.642+0500] {processor.py:183} INFO - Processing /Library/Frameworks/Python.framework/Versions/3.11/lib/python3.11/site-packages/airflow/example_dags/example_python_decorator.py took 0.391 seconds
[2025-12-04T18:45:57.171+0500] {processor.py:161} INFO - Started process (PID=12833) to work on /Library/Frameworks/Python.framework/Versions/3.11/lib/python3.11/site-packages/airflow/example_dags/example_python_decorator.py
[2025-12-04T18:45:57.174+0500] {processor.py:830} INFO - Processing file /Library/Frameworks/Python.framework/Versions/3.11/lib/python3.11/site-packages/airflow/example_dags/example_python_decorator.py for tasks to queue
[2025-12-04T18:45:57.175+0500] {logging_mixin.py:188} INFO - [2025-12-04T18:45:57.174+0500] {dagbag.py:545} INFO - Filling up the DagBag from /Library/Frameworks/Python.framework/Versions/3.11/lib/python3.11/site-packages/airflow/example_dags/example_python_decorator.py
[2025-12-04T18:45:57.219+0500] {processor.py:840} INFO - DAG(s) 'example_python_decorator' retrieved from /Library/Frameworks/Python.framework/Versions/3.11/lib/python3.11/site-packages/airflow/example_dags/example_python_decorator.py
[2025-12-04T18:45:57.499+0500] {logging_mixin.py:188} INFO - [2025-12-04T18:45:57.498+0500] {dag.py:3089} INFO - Sync 1 DAGs
[2025-12-04T18:45:57.512+0500] {logging_mixin.py:188} INFO - [2025-12-04T18:45:57.511+0500] {dag.py:3947} INFO - Setting next_dagrun for example_python_decorator to None, run_after=None
[2025-12-04T18:45:57.538+0500] {processor.py:183} INFO - Processing /Library/Frameworks/Python.framework/Versions/3.11/lib/python3.11/site-packages/airflow/example_dags/example_python_decorator.py took 0.369 seconds
[2025-12-04T18:47:56.507+0500] {processor.py:161} INFO - Started process (PID=12907) to work on /Library/Frameworks/Python.framework/Versions/3.11/lib/python3.11/site-packages/airflow/example_dags/example_python_decorator.py
[2025-12-04T18:47:56.509+0500] {processor.py:830} INFO - Processing file /Library/Frameworks/Python.framework/Versions/3.11/lib/python3.11/site-packages/airflow/example_dags/example_python_decorator.py for tasks to queue
[2025-12-04T18:47:56.510+0500] {logging_mixin.py:188} INFO - [2025-12-04T18:47:56.509+0500] {dagbag.py:545} INFO - Filling up the DagBag from /Library/Frameworks/Python.framework/Versions/3.11/lib/python3.11/site-packages/airflow/example_dags/example_python_decorator.py
[2025-12-04T18:47:56.558+0500] {processor.py:840} INFO - DAG(s) 'example_python_decorator' retrieved from /Library/Frameworks/Python.framework/Versions/3.11/lib/python3.11/site-packages/airflow/example_dags/example_python_decorator.py
[2025-12-04T18:47:56.860+0500] {logging_mixin.py:188} INFO - [2025-12-04T18:47:56.860+0500] {dag.py:3089} INFO - Sync 1 DAGs
[2025-12-04T18:47:56.873+0500] {logging_mixin.py:188} INFO - [2025-12-04T18:47:56.873+0500] {dag.py:3947} INFO - Setting next_dagrun for example_python_decorator to None, run_after=None
[2025-12-04T18:47:56.897+0500] {processor.py:183} INFO - Processing /Library/Frameworks/Python.framework/Versions/3.11/lib/python3.11/site-packages/airflow/example_dags/example_python_decorator.py took 0.393 seconds
[2025-12-04T18:50:06.502+0500] {processor.py:161} INFO - Started process (PID=12977) to work on /Library/Frameworks/Python.framework/Versions/3.11/lib/python3.11/site-packages/airflow/example_dags/example_python_decorator.py
[2025-12-04T18:50:06.505+0500] {processor.py:830} INFO - Processing file /Library/Frameworks/Python.framework/Versions/3.11/lib/python3.11/site-packages/airflow/example_dags/example_python_decorator.py for tasks to queue
[2025-12-04T18:50:06.506+0500] {logging_mixin.py:188} INFO - [2025-12-04T18:50:06.505+0500] {dagbag.py:545} INFO - Filling up the DagBag from /Library/Frameworks/Python.framework/Versions/3.11/lib/python3.11/site-packages/airflow/example_dags/example_python_decorator.py
[2025-12-04T18:50:06.558+0500] {processor.py:840} INFO - DAG(s) 'example_python_decorator' retrieved from /Library/Frameworks/Python.framework/Versions/3.11/lib/python3.11/site-packages/airflow/example_dags/example_python_decorator.py
[2025-12-04T18:50:06.888+0500] {logging_mixin.py:188} INFO - [2025-12-04T18:50:06.888+0500] {dag.py:3089} INFO - Sync 1 DAGs
[2025-12-04T18:50:06.906+0500] {logging_mixin.py:188} INFO - [2025-12-04T18:50:06.906+0500] {dag.py:3947} INFO - Setting next_dagrun for example_python_decorator to None, run_after=None
[2025-12-04T18:50:06.938+0500] {processor.py:183} INFO - Processing /Library/Frameworks/Python.framework/Versions/3.11/lib/python3.11/site-packages/airflow/example_dags/example_python_decorator.py took 0.439 seconds
[2025-12-04T18:52:30.054+0500] {processor.py:161} INFO - Started process (PID=13070) to work on /Library/Frameworks/Python.framework/Versions/3.11/lib/python3.11/site-packages/airflow/example_dags/example_python_decorator.py
[2025-12-04T18:52:30.056+0500] {processor.py:830} INFO - Processing file /Library/Frameworks/Python.framework/Versions/3.11/lib/python3.11/site-packages/airflow/example_dags/example_python_decorator.py for tasks to queue
[2025-12-04T18:52:30.057+0500] {logging_mixin.py:188} INFO - [2025-12-04T18:52:30.057+0500] {dagbag.py:545} INFO - Filling up the DagBag from /Library/Frameworks/Python.framework/Versions/3.11/lib/python3.11/site-packages/airflow/example_dags/example_python_decorator.py
[2025-12-04T18:52:30.119+0500] {processor.py:840} INFO - DAG(s) 'example_python_decorator' retrieved from /Library/Frameworks/Python.framework/Versions/3.11/lib/python3.11/site-packages/airflow/example_dags/example_python_decorator.py
[2025-12-04T18:52:30.433+0500] {logging_mixin.py:188} INFO - [2025-12-04T18:52:30.432+0500] {dag.py:3089} INFO - Sync 1 DAGs
[2025-12-04T18:52:30.447+0500] {logging_mixin.py:188} INFO - [2025-12-04T18:52:30.447+0500] {dag.py:3947} INFO - Setting next_dagrun for example_python_decorator to None, run_after=None
[2025-12-04T18:52:30.481+0500] {processor.py:183} INFO - Processing /Library/Frameworks/Python.framework/Versions/3.11/lib/python3.11/site-packages/airflow/example_dags/example_python_decorator.py took 0.431 seconds
[2025-12-04T18:54:38.183+0500] {processor.py:161} INFO - Started process (PID=13161) to work on /Library/Frameworks/Python.framework/Versions/3.11/lib/python3.11/site-packages/airflow/example_dags/example_python_decorator.py
[2025-12-04T18:54:38.186+0500] {processor.py:830} INFO - Processing file /Library/Frameworks/Python.framework/Versions/3.11/lib/python3.11/site-packages/airflow/example_dags/example_python_decorator.py for tasks to queue
[2025-12-04T18:54:38.187+0500] {logging_mixin.py:188} INFO - [2025-12-04T18:54:38.187+0500] {dagbag.py:545} INFO - Filling up the DagBag from /Library/Frameworks/Python.framework/Versions/3.11/lib/python3.11/site-packages/airflow/example_dags/example_python_decorator.py
[2025-12-04T18:54:38.230+0500] {processor.py:840} INFO - DAG(s) 'example_python_decorator' retrieved from /Library/Frameworks/Python.framework/Versions/3.11/lib/python3.11/site-packages/airflow/example_dags/example_python_decorator.py
[2025-12-04T18:54:38.544+0500] {logging_mixin.py:188} INFO - [2025-12-04T18:54:38.543+0500] {dag.py:3089} INFO - Sync 1 DAGs
[2025-12-04T18:54:38.553+0500] {logging_mixin.py:188} INFO - [2025-12-04T18:54:38.553+0500] {dag.py:3947} INFO - Setting next_dagrun for example_python_decorator to None, run_after=None
[2025-12-04T18:54:38.579+0500] {processor.py:183} INFO - Processing /Library/Frameworks/Python.framework/Versions/3.11/lib/python3.11/site-packages/airflow/example_dags/example_python_decorator.py took 0.399 seconds
[2025-12-04T19:34:04.342+0500] {processor.py:161} INFO - Started process (PID=14598) to work on /Library/Frameworks/Python.framework/Versions/3.11/lib/python3.11/site-packages/airflow/example_dags/example_python_decorator.py
[2025-12-04T19:34:04.344+0500] {processor.py:830} INFO - Processing file /Library/Frameworks/Python.framework/Versions/3.11/lib/python3.11/site-packages/airflow/example_dags/example_python_decorator.py for tasks to queue
[2025-12-04T19:34:04.345+0500] {logging_mixin.py:188} INFO - [2025-12-04T19:34:04.345+0500] {dagbag.py:545} INFO - Filling up the DagBag from /Library/Frameworks/Python.framework/Versions/3.11/lib/python3.11/site-packages/airflow/example_dags/example_python_decorator.py
[2025-12-04T19:34:04.389+0500] {processor.py:840} INFO - DAG(s) 'example_python_decorator' retrieved from /Library/Frameworks/Python.framework/Versions/3.11/lib/python3.11/site-packages/airflow/example_dags/example_python_decorator.py
[2025-12-04T19:34:04.673+0500] {logging_mixin.py:188} INFO - [2025-12-04T19:34:04.673+0500] {dag.py:3089} INFO - Sync 1 DAGs
[2025-12-04T19:34:04.684+0500] {logging_mixin.py:188} INFO - [2025-12-04T19:34:04.683+0500] {dag.py:3947} INFO - Setting next_dagrun for example_python_decorator to None, run_after=None
[2025-12-04T19:34:04.709+0500] {processor.py:183} INFO - Processing /Library/Frameworks/Python.framework/Versions/3.11/lib/python3.11/site-packages/airflow/example_dags/example_python_decorator.py took 0.370 seconds
[2025-12-04T19:37:10.218+0500] {processor.py:161} INFO - Started process (PID=14728) to work on /Library/Frameworks/Python.framework/Versions/3.11/lib/python3.11/site-packages/airflow/example_dags/example_python_decorator.py
[2025-12-04T19:37:10.220+0500] {processor.py:830} INFO - Processing file /Library/Frameworks/Python.framework/Versions/3.11/lib/python3.11/site-packages/airflow/example_dags/example_python_decorator.py for tasks to queue
[2025-12-04T19:37:10.221+0500] {logging_mixin.py:188} INFO - [2025-12-04T19:37:10.221+0500] {dagbag.py:545} INFO - Filling up the DagBag from /Library/Frameworks/Python.framework/Versions/3.11/lib/python3.11/site-packages/airflow/example_dags/example_python_decorator.py
[2025-12-04T19:37:10.264+0500] {processor.py:840} INFO - DAG(s) 'example_python_decorator' retrieved from /Library/Frameworks/Python.framework/Versions/3.11/lib/python3.11/site-packages/airflow/example_dags/example_python_decorator.py
[2025-12-04T19:37:10.519+0500] {logging_mixin.py:188} INFO - [2025-12-04T19:37:10.518+0500] {dag.py:3089} INFO - Sync 1 DAGs
[2025-12-04T19:37:10.529+0500] {logging_mixin.py:188} INFO - [2025-12-04T19:37:10.529+0500] {dag.py:3947} INFO - Setting next_dagrun for example_python_decorator to None, run_after=None
[2025-12-04T19:37:10.551+0500] {processor.py:183} INFO - Processing /Library/Frameworks/Python.framework/Versions/3.11/lib/python3.11/site-packages/airflow/example_dags/example_python_decorator.py took 0.336 seconds
[2025-12-04T19:39:14.764+0500] {processor.py:161} INFO - Started process (PID=14800) to work on /Library/Frameworks/Python.framework/Versions/3.11/lib/python3.11/site-packages/airflow/example_dags/example_python_decorator.py
[2025-12-04T19:39:14.766+0500] {processor.py:830} INFO - Processing file /Library/Frameworks/Python.framework/Versions/3.11/lib/python3.11/site-packages/airflow/example_dags/example_python_decorator.py for tasks to queue
[2025-12-04T19:39:14.767+0500] {logging_mixin.py:188} INFO - [2025-12-04T19:39:14.766+0500] {dagbag.py:545} INFO - Filling up the DagBag from /Library/Frameworks/Python.framework/Versions/3.11/lib/python3.11/site-packages/airflow/example_dags/example_python_decorator.py
[2025-12-04T19:39:14.809+0500] {processor.py:840} INFO - DAG(s) 'example_python_decorator' retrieved from /Library/Frameworks/Python.framework/Versions/3.11/lib/python3.11/site-packages/airflow/example_dags/example_python_decorator.py
[2025-12-04T19:39:15.069+0500] {logging_mixin.py:188} INFO - [2025-12-04T19:39:15.069+0500] {dag.py:3089} INFO - Sync 1 DAGs
[2025-12-04T19:39:15.078+0500] {logging_mixin.py:188} INFO - [2025-12-04T19:39:15.078+0500] {dag.py:3947} INFO - Setting next_dagrun for example_python_decorator to None, run_after=None
[2025-12-04T19:39:15.100+0500] {processor.py:183} INFO - Processing /Library/Frameworks/Python.framework/Versions/3.11/lib/python3.11/site-packages/airflow/example_dags/example_python_decorator.py took 0.340 seconds
[2025-12-04T19:41:28.429+0500] {processor.py:161} INFO - Started process (PID=14891) to work on /Library/Frameworks/Python.framework/Versions/3.11/lib/python3.11/site-packages/airflow/example_dags/example_python_decorator.py
[2025-12-04T19:41:28.431+0500] {processor.py:830} INFO - Processing file /Library/Frameworks/Python.framework/Versions/3.11/lib/python3.11/site-packages/airflow/example_dags/example_python_decorator.py for tasks to queue
[2025-12-04T19:41:28.433+0500] {logging_mixin.py:188} INFO - [2025-12-04T19:41:28.432+0500] {dagbag.py:545} INFO - Filling up the DagBag from /Library/Frameworks/Python.framework/Versions/3.11/lib/python3.11/site-packages/airflow/example_dags/example_python_decorator.py
[2025-12-04T19:41:28.479+0500] {processor.py:840} INFO - DAG(s) 'example_python_decorator' retrieved from /Library/Frameworks/Python.framework/Versions/3.11/lib/python3.11/site-packages/airflow/example_dags/example_python_decorator.py
[2025-12-04T19:41:28.758+0500] {logging_mixin.py:188} INFO - [2025-12-04T19:41:28.758+0500] {dag.py:3089} INFO - Sync 1 DAGs
[2025-12-04T19:41:28.768+0500] {logging_mixin.py:188} INFO - [2025-12-04T19:41:28.768+0500] {dag.py:3947} INFO - Setting next_dagrun for example_python_decorator to None, run_after=None
[2025-12-04T19:41:28.793+0500] {processor.py:183} INFO - Processing /Library/Frameworks/Python.framework/Versions/3.11/lib/python3.11/site-packages/airflow/example_dags/example_python_decorator.py took 0.367 seconds
[2025-12-04T19:43:44.454+0500] {processor.py:161} INFO - Started process (PID=14962) to work on /Library/Frameworks/Python.framework/Versions/3.11/lib/python3.11/site-packages/airflow/example_dags/example_python_decorator.py
[2025-12-04T19:43:44.456+0500] {processor.py:830} INFO - Processing file /Library/Frameworks/Python.framework/Versions/3.11/lib/python3.11/site-packages/airflow/example_dags/example_python_decorator.py for tasks to queue
[2025-12-04T19:43:44.459+0500] {logging_mixin.py:188} INFO - [2025-12-04T19:43:44.459+0500] {dagbag.py:545} INFO - Filling up the DagBag from /Library/Frameworks/Python.framework/Versions/3.11/lib/python3.11/site-packages/airflow/example_dags/example_python_decorator.py
[2025-12-04T19:43:44.520+0500] {processor.py:840} INFO - DAG(s) 'example_python_decorator' retrieved from /Library/Frameworks/Python.framework/Versions/3.11/lib/python3.11/site-packages/airflow/example_dags/example_python_decorator.py
[2025-12-04T19:43:44.871+0500] {logging_mixin.py:188} INFO - [2025-12-04T19:43:44.871+0500] {dag.py:3089} INFO - Sync 1 DAGs
[2025-12-04T19:43:44.884+0500] {logging_mixin.py:188} INFO - [2025-12-04T19:43:44.884+0500] {dag.py:3947} INFO - Setting next_dagrun for example_python_decorator to None, run_after=None
[2025-12-04T19:43:44.914+0500] {processor.py:183} INFO - Processing /Library/Frameworks/Python.framework/Versions/3.11/lib/python3.11/site-packages/airflow/example_dags/example_python_decorator.py took 0.464 seconds
[2025-12-04T19:46:04.786+0500] {processor.py:161} INFO - Started process (PID=15038) to work on /Library/Frameworks/Python.framework/Versions/3.11/lib/python3.11/site-packages/airflow/example_dags/example_python_decorator.py
[2025-12-04T19:46:04.789+0500] {processor.py:830} INFO - Processing file /Library/Frameworks/Python.framework/Versions/3.11/lib/python3.11/site-packages/airflow/example_dags/example_python_decorator.py for tasks to queue
[2025-12-04T19:46:04.790+0500] {logging_mixin.py:188} INFO - [2025-12-04T19:46:04.789+0500] {dagbag.py:545} INFO - Filling up the DagBag from /Library/Frameworks/Python.framework/Versions/3.11/lib/python3.11/site-packages/airflow/example_dags/example_python_decorator.py
[2025-12-04T19:46:04.847+0500] {processor.py:840} INFO - DAG(s) 'example_python_decorator' retrieved from /Library/Frameworks/Python.framework/Versions/3.11/lib/python3.11/site-packages/airflow/example_dags/example_python_decorator.py
[2025-12-04T19:46:05.303+0500] {logging_mixin.py:188} INFO - [2025-12-04T19:46:05.303+0500] {dag.py:3089} INFO - Sync 1 DAGs
[2025-12-04T19:46:05.320+0500] {logging_mixin.py:188} INFO - [2025-12-04T19:46:05.320+0500] {dag.py:3947} INFO - Setting next_dagrun for example_python_decorator to None, run_after=None
[2025-12-04T19:46:05.352+0500] {processor.py:183} INFO - Processing /Library/Frameworks/Python.framework/Versions/3.11/lib/python3.11/site-packages/airflow/example_dags/example_python_decorator.py took 0.568 seconds
[2025-12-04T19:48:28.408+0500] {processor.py:161} INFO - Started process (PID=15137) to work on /Library/Frameworks/Python.framework/Versions/3.11/lib/python3.11/site-packages/airflow/example_dags/example_python_decorator.py
[2025-12-04T19:48:28.410+0500] {processor.py:830} INFO - Processing file /Library/Frameworks/Python.framework/Versions/3.11/lib/python3.11/site-packages/airflow/example_dags/example_python_decorator.py for tasks to queue
[2025-12-04T19:48:28.411+0500] {logging_mixin.py:188} INFO - [2025-12-04T19:48:28.411+0500] {dagbag.py:545} INFO - Filling up the DagBag from /Library/Frameworks/Python.framework/Versions/3.11/lib/python3.11/site-packages/airflow/example_dags/example_python_decorator.py
[2025-12-04T19:48:28.456+0500] {processor.py:840} INFO - DAG(s) 'example_python_decorator' retrieved from /Library/Frameworks/Python.framework/Versions/3.11/lib/python3.11/site-packages/airflow/example_dags/example_python_decorator.py
[2025-12-04T19:48:28.716+0500] {logging_mixin.py:188} INFO - [2025-12-04T19:48:28.715+0500] {dag.py:3089} INFO - Sync 1 DAGs
[2025-12-04T19:48:28.727+0500] {logging_mixin.py:188} INFO - [2025-12-04T19:48:28.727+0500] {dag.py:3947} INFO - Setting next_dagrun for example_python_decorator to None, run_after=None
[2025-12-04T19:48:28.751+0500] {processor.py:183} INFO - Processing /Library/Frameworks/Python.framework/Versions/3.11/lib/python3.11/site-packages/airflow/example_dags/example_python_decorator.py took 0.346 seconds
[2025-12-04T19:50:30.509+0500] {processor.py:161} INFO - Started process (PID=15204) to work on /Library/Frameworks/Python.framework/Versions/3.11/lib/python3.11/site-packages/airflow/example_dags/example_python_decorator.py
[2025-12-04T19:50:30.512+0500] {processor.py:830} INFO - Processing file /Library/Frameworks/Python.framework/Versions/3.11/lib/python3.11/site-packages/airflow/example_dags/example_python_decorator.py for tasks to queue
[2025-12-04T19:50:30.513+0500] {logging_mixin.py:188} INFO - [2025-12-04T19:50:30.512+0500] {dagbag.py:545} INFO - Filling up the DagBag from /Library/Frameworks/Python.framework/Versions/3.11/lib/python3.11/site-packages/airflow/example_dags/example_python_decorator.py
[2025-12-04T19:50:30.555+0500] {processor.py:840} INFO - DAG(s) 'example_python_decorator' retrieved from /Library/Frameworks/Python.framework/Versions/3.11/lib/python3.11/site-packages/airflow/example_dags/example_python_decorator.py
[2025-12-04T19:50:30.807+0500] {logging_mixin.py:188} INFO - [2025-12-04T19:50:30.806+0500] {dag.py:3089} INFO - Sync 1 DAGs
[2025-12-04T19:50:30.815+0500] {logging_mixin.py:188} INFO - [2025-12-04T19:50:30.815+0500] {dag.py:3947} INFO - Setting next_dagrun for example_python_decorator to None, run_after=None
[2025-12-04T19:50:30.838+0500] {processor.py:183} INFO - Processing /Library/Frameworks/Python.framework/Versions/3.11/lib/python3.11/site-packages/airflow/example_dags/example_python_decorator.py took 0.331 seconds
[2025-12-04T19:52:28.598+0500] {processor.py:161} INFO - Started process (PID=15314) to work on /Library/Frameworks/Python.framework/Versions/3.11/lib/python3.11/site-packages/airflow/example_dags/example_python_decorator.py
[2025-12-04T19:52:28.600+0500] {processor.py:830} INFO - Processing file /Library/Frameworks/Python.framework/Versions/3.11/lib/python3.11/site-packages/airflow/example_dags/example_python_decorator.py for tasks to queue
[2025-12-04T19:52:28.601+0500] {logging_mixin.py:188} INFO - [2025-12-04T19:52:28.601+0500] {dagbag.py:545} INFO - Filling up the DagBag from /Library/Frameworks/Python.framework/Versions/3.11/lib/python3.11/site-packages/airflow/example_dags/example_python_decorator.py
[2025-12-04T19:52:28.648+0500] {processor.py:840} INFO - DAG(s) 'example_python_decorator' retrieved from /Library/Frameworks/Python.framework/Versions/3.11/lib/python3.11/site-packages/airflow/example_dags/example_python_decorator.py
[2025-12-04T19:52:28.930+0500] {logging_mixin.py:188} INFO - [2025-12-04T19:52:28.930+0500] {dag.py:3089} INFO - Sync 1 DAGs
[2025-12-04T19:52:28.941+0500] {logging_mixin.py:188} INFO - [2025-12-04T19:52:28.940+0500] {dag.py:3947} INFO - Setting next_dagrun for example_python_decorator to None, run_after=None
[2025-12-04T19:52:28.974+0500] {processor.py:183} INFO - Processing /Library/Frameworks/Python.framework/Versions/3.11/lib/python3.11/site-packages/airflow/example_dags/example_python_decorator.py took 0.380 seconds
[2025-12-04T19:54:25.747+0500] {processor.py:161} INFO - Started process (PID=15383) to work on /Library/Frameworks/Python.framework/Versions/3.11/lib/python3.11/site-packages/airflow/example_dags/example_python_decorator.py
[2025-12-04T19:54:25.748+0500] {processor.py:830} INFO - Processing file /Library/Frameworks/Python.framework/Versions/3.11/lib/python3.11/site-packages/airflow/example_dags/example_python_decorator.py for tasks to queue
[2025-12-04T19:54:25.749+0500] {logging_mixin.py:188} INFO - [2025-12-04T19:54:25.749+0500] {dagbag.py:545} INFO - Filling up the DagBag from /Library/Frameworks/Python.framework/Versions/3.11/lib/python3.11/site-packages/airflow/example_dags/example_python_decorator.py
[2025-12-04T19:54:25.793+0500] {processor.py:840} INFO - DAG(s) 'example_python_decorator' retrieved from /Library/Frameworks/Python.framework/Versions/3.11/lib/python3.11/site-packages/airflow/example_dags/example_python_decorator.py
[2025-12-04T19:54:26.046+0500] {logging_mixin.py:188} INFO - [2025-12-04T19:54:26.046+0500] {dag.py:3089} INFO - Sync 1 DAGs
[2025-12-04T19:54:26.056+0500] {logging_mixin.py:188} INFO - [2025-12-04T19:54:26.055+0500] {dag.py:3947} INFO - Setting next_dagrun for example_python_decorator to None, run_after=None
[2025-12-04T19:54:26.078+0500] {processor.py:183} INFO - Processing /Library/Frameworks/Python.framework/Versions/3.11/lib/python3.11/site-packages/airflow/example_dags/example_python_decorator.py took 0.334 seconds
[2025-12-04T19:56:20.433+0500] {processor.py:161} INFO - Started process (PID=15446) to work on /Library/Frameworks/Python.framework/Versions/3.11/lib/python3.11/site-packages/airflow/example_dags/example_python_decorator.py
[2025-12-04T19:56:20.435+0500] {processor.py:830} INFO - Processing file /Library/Frameworks/Python.framework/Versions/3.11/lib/python3.11/site-packages/airflow/example_dags/example_python_decorator.py for tasks to queue
[2025-12-04T19:56:20.436+0500] {logging_mixin.py:188} INFO - [2025-12-04T19:56:20.436+0500] {dagbag.py:545} INFO - Filling up the DagBag from /Library/Frameworks/Python.framework/Versions/3.11/lib/python3.11/site-packages/airflow/example_dags/example_python_decorator.py
[2025-12-04T19:56:20.478+0500] {processor.py:840} INFO - DAG(s) 'example_python_decorator' retrieved from /Library/Frameworks/Python.framework/Versions/3.11/lib/python3.11/site-packages/airflow/example_dags/example_python_decorator.py
[2025-12-04T19:56:20.729+0500] {logging_mixin.py:188} INFO - [2025-12-04T19:56:20.729+0500] {dag.py:3089} INFO - Sync 1 DAGs
[2025-12-04T19:56:20.738+0500] {logging_mixin.py:188} INFO - [2025-12-04T19:56:20.738+0500] {dag.py:3947} INFO - Setting next_dagrun for example_python_decorator to None, run_after=None
[2025-12-04T19:56:20.759+0500] {processor.py:183} INFO - Processing /Library/Frameworks/Python.framework/Versions/3.11/lib/python3.11/site-packages/airflow/example_dags/example_python_decorator.py took 0.329 seconds
[2025-12-04T19:58:14.980+0500] {processor.py:161} INFO - Started process (PID=15513) to work on /Library/Frameworks/Python.framework/Versions/3.11/lib/python3.11/site-packages/airflow/example_dags/example_python_decorator.py
[2025-12-04T19:58:14.982+0500] {processor.py:830} INFO - Processing file /Library/Frameworks/Python.framework/Versions/3.11/lib/python3.11/site-packages/airflow/example_dags/example_python_decorator.py for tasks to queue
[2025-12-04T19:58:14.983+0500] {logging_mixin.py:188} INFO - [2025-12-04T19:58:14.983+0500] {dagbag.py:545} INFO - Filling up the DagBag from /Library/Frameworks/Python.framework/Versions/3.11/lib/python3.11/site-packages/airflow/example_dags/example_python_decorator.py
[2025-12-04T19:58:15.023+0500] {processor.py:840} INFO - DAG(s) 'example_python_decorator' retrieved from /Library/Frameworks/Python.framework/Versions/3.11/lib/python3.11/site-packages/airflow/example_dags/example_python_decorator.py
[2025-12-04T19:58:15.271+0500] {logging_mixin.py:188} INFO - [2025-12-04T19:58:15.271+0500] {dag.py:3089} INFO - Sync 1 DAGs
[2025-12-04T19:58:15.280+0500] {logging_mixin.py:188} INFO - [2025-12-04T19:58:15.280+0500] {dag.py:3947} INFO - Setting next_dagrun for example_python_decorator to None, run_after=None
[2025-12-04T19:58:15.302+0500] {processor.py:183} INFO - Processing /Library/Frameworks/Python.framework/Versions/3.11/lib/python3.11/site-packages/airflow/example_dags/example_python_decorator.py took 0.324 seconds
[2025-12-04T20:42:20.017+0500] {processor.py:161} INFO - Started process (PID=15633) to work on /Library/Frameworks/Python.framework/Versions/3.11/lib/python3.11/site-packages/airflow/example_dags/example_python_decorator.py
[2025-12-04T20:42:20.020+0500] {processor.py:830} INFO - Processing file /Library/Frameworks/Python.framework/Versions/3.11/lib/python3.11/site-packages/airflow/example_dags/example_python_decorator.py for tasks to queue
[2025-12-04T20:42:20.022+0500] {logging_mixin.py:188} INFO - [2025-12-04T20:42:20.021+0500] {dagbag.py:545} INFO - Filling up the DagBag from /Library/Frameworks/Python.framework/Versions/3.11/lib/python3.11/site-packages/airflow/example_dags/example_python_decorator.py
[2025-12-04T20:42:20.349+0500] {processor.py:840} INFO - DAG(s) 'example_python_decorator' retrieved from /Library/Frameworks/Python.framework/Versions/3.11/lib/python3.11/site-packages/airflow/example_dags/example_python_decorator.py
[2025-12-04T20:42:21.166+0500] {logging_mixin.py:188} INFO - [2025-12-04T20:42:21.165+0500] {dag.py:3089} INFO - Sync 1 DAGs
[2025-12-04T20:42:21.177+0500] {logging_mixin.py:188} INFO - [2025-12-04T20:42:21.177+0500] {dag.py:3947} INFO - Setting next_dagrun for example_python_decorator to None, run_after=None
[2025-12-04T20:42:21.209+0500] {processor.py:183} INFO - Processing /Library/Frameworks/Python.framework/Versions/3.11/lib/python3.11/site-packages/airflow/example_dags/example_python_decorator.py took 1.196 seconds
[2025-12-04T20:45:18.041+0500] {processor.py:161} INFO - Started process (PID=15790) to work on /Library/Frameworks/Python.framework/Versions/3.11/lib/python3.11/site-packages/airflow/example_dags/example_python_decorator.py
[2025-12-04T20:45:18.045+0500] {processor.py:830} INFO - Processing file /Library/Frameworks/Python.framework/Versions/3.11/lib/python3.11/site-packages/airflow/example_dags/example_python_decorator.py for tasks to queue
[2025-12-04T20:45:18.046+0500] {logging_mixin.py:188} INFO - [2025-12-04T20:45:18.045+0500] {dagbag.py:545} INFO - Filling up the DagBag from /Library/Frameworks/Python.framework/Versions/3.11/lib/python3.11/site-packages/airflow/example_dags/example_python_decorator.py
[2025-12-04T20:45:18.094+0500] {processor.py:840} INFO - DAG(s) 'example_python_decorator' retrieved from /Library/Frameworks/Python.framework/Versions/3.11/lib/python3.11/site-packages/airflow/example_dags/example_python_decorator.py
[2025-12-04T20:45:18.377+0500] {logging_mixin.py:188} INFO - [2025-12-04T20:45:18.377+0500] {dag.py:3089} INFO - Sync 1 DAGs
[2025-12-04T20:45:18.388+0500] {logging_mixin.py:188} INFO - [2025-12-04T20:45:18.387+0500] {dag.py:3947} INFO - Setting next_dagrun for example_python_decorator to None, run_after=None
[2025-12-04T20:45:18.415+0500] {processor.py:183} INFO - Processing /Library/Frameworks/Python.framework/Versions/3.11/lib/python3.11/site-packages/airflow/example_dags/example_python_decorator.py took 0.376 seconds
[2025-12-04T20:47:45.433+0500] {processor.py:161} INFO - Started process (PID=15867) to work on /Library/Frameworks/Python.framework/Versions/3.11/lib/python3.11/site-packages/airflow/example_dags/example_python_decorator.py
[2025-12-04T20:47:45.433+0500] {processor.py:830} INFO - Processing file /Library/Frameworks/Python.framework/Versions/3.11/lib/python3.11/site-packages/airflow/example_dags/example_python_decorator.py for tasks to queue
[2025-12-04T20:47:45.434+0500] {logging_mixin.py:188} INFO - [2025-12-04T20:47:45.434+0500] {dagbag.py:545} INFO - Filling up the DagBag from /Library/Frameworks/Python.framework/Versions/3.11/lib/python3.11/site-packages/airflow/example_dags/example_python_decorator.py
[2025-12-04T20:47:45.475+0500] {processor.py:840} INFO - DAG(s) 'example_python_decorator' retrieved from /Library/Frameworks/Python.framework/Versions/3.11/lib/python3.11/site-packages/airflow/example_dags/example_python_decorator.py
[2025-12-04T20:47:45.757+0500] {logging_mixin.py:188} INFO - [2025-12-04T20:47:45.757+0500] {dag.py:3089} INFO - Sync 1 DAGs
[2025-12-04T20:47:45.767+0500] {logging_mixin.py:188} INFO - [2025-12-04T20:47:45.767+0500] {dag.py:3947} INFO - Setting next_dagrun for example_python_decorator to None, run_after=None
[2025-12-04T20:47:45.791+0500] {processor.py:183} INFO - Processing /Library/Frameworks/Python.framework/Versions/3.11/lib/python3.11/site-packages/airflow/example_dags/example_python_decorator.py took 0.361 seconds
