[2025-12-04T18:19:51.409+0500] {processor.py:161} INFO - Started process (PID=11731) to work on /Library/Frameworks/Python.framework/Versions/3.11/lib/python3.11/site-packages/airflow/example_dags/example_latest_only.py
[2025-12-04T18:19:51.410+0500] {processor.py:830} INFO - Processing file /Library/Frameworks/Python.framework/Versions/3.11/lib/python3.11/site-packages/airflow/example_dags/example_latest_only.py for tasks to queue
[2025-12-04T18:19:51.410+0500] {logging_mixin.py:188} INFO - [2025-12-04T18:19:51.410+0500] {dagbag.py:545} INFO - Filling up the DagBag from /Library/Frameworks/Python.framework/Versions/3.11/lib/python3.11/site-packages/airflow/example_dags/example_latest_only.py
[2025-12-04T18:19:51.424+0500] {processor.py:840} INFO - DAG(s) 'latest_only' retrieved from /Library/Frameworks/Python.framework/Versions/3.11/lib/python3.11/site-packages/airflow/example_dags/example_latest_only.py
[2025-12-04T18:19:51.725+0500] {logging_mixin.py:188} INFO - [2025-12-04T18:19:51.725+0500] {override.py:1858} INFO - Created Permission View: can delete on DAG:latest_only
[2025-12-04T18:19:51.739+0500] {logging_mixin.py:188} INFO - [2025-12-04T18:19:51.739+0500] {override.py:1858} INFO - Created Permission View: can read on DAG:latest_only
[2025-12-04T18:19:51.750+0500] {logging_mixin.py:188} INFO - [2025-12-04T18:19:51.750+0500] {override.py:1858} INFO - Created Permission View: can edit on DAG:latest_only
[2025-12-04T18:19:51.751+0500] {logging_mixin.py:188} INFO - [2025-12-04T18:19:51.751+0500] {dag.py:3089} INFO - Sync 1 DAGs
[2025-12-04T18:19:51.836+0500] {logging_mixin.py:188} INFO - [2025-12-04T18:19:51.836+0500] {dag.py:3111} INFO - Creating ORM DAG for latest_only
[2025-12-04T18:19:51.854+0500] {logging_mixin.py:188} INFO - [2025-12-04T18:19:51.854+0500] {dag.py:3947} INFO - Setting next_dagrun for latest_only to 2025-12-04 08:00:00+00:00, run_after=2025-12-04 12:00:00+00:00
[2025-12-04T18:19:51.881+0500] {processor.py:183} INFO - Processing /Library/Frameworks/Python.framework/Versions/3.11/lib/python3.11/site-packages/airflow/example_dags/example_latest_only.py took 0.475 seconds
[2025-12-04T18:22:31.874+0500] {processor.py:161} INFO - Started process (PID=11834) to work on /Library/Frameworks/Python.framework/Versions/3.11/lib/python3.11/site-packages/airflow/example_dags/example_latest_only.py
[2025-12-04T18:22:31.876+0500] {processor.py:830} INFO - Processing file /Library/Frameworks/Python.framework/Versions/3.11/lib/python3.11/site-packages/airflow/example_dags/example_latest_only.py for tasks to queue
[2025-12-04T18:22:31.877+0500] {logging_mixin.py:188} INFO - [2025-12-04T18:22:31.877+0500] {dagbag.py:545} INFO - Filling up the DagBag from /Library/Frameworks/Python.framework/Versions/3.11/lib/python3.11/site-packages/airflow/example_dags/example_latest_only.py
[2025-12-04T18:22:31.888+0500] {processor.py:840} INFO - DAG(s) 'latest_only' retrieved from /Library/Frameworks/Python.framework/Versions/3.11/lib/python3.11/site-packages/airflow/example_dags/example_latest_only.py
[2025-12-04T18:22:32.008+0500] {logging_mixin.py:188} INFO - [2025-12-04T18:22:32.008+0500] {dag.py:3089} INFO - Sync 1 DAGs
[2025-12-04T18:22:32.026+0500] {logging_mixin.py:188} INFO - [2025-12-04T18:22:32.025+0500] {dag.py:3947} INFO - Setting next_dagrun for latest_only to 2025-12-04 08:00:00+00:00, run_after=2025-12-04 12:00:00+00:00
[2025-12-04T18:22:32.048+0500] {processor.py:183} INFO - Processing /Library/Frameworks/Python.framework/Versions/3.11/lib/python3.11/site-packages/airflow/example_dags/example_latest_only.py took 0.177 seconds
[2025-12-04T18:26:38.958+0500] {processor.py:161} INFO - Started process (PID=12000) to work on /Library/Frameworks/Python.framework/Versions/3.11/lib/python3.11/site-packages/airflow/example_dags/example_latest_only.py
[2025-12-04T18:26:38.960+0500] {processor.py:830} INFO - Processing file /Library/Frameworks/Python.framework/Versions/3.11/lib/python3.11/site-packages/airflow/example_dags/example_latest_only.py for tasks to queue
[2025-12-04T18:26:38.961+0500] {logging_mixin.py:188} INFO - [2025-12-04T18:26:38.961+0500] {dagbag.py:545} INFO - Filling up the DagBag from /Library/Frameworks/Python.framework/Versions/3.11/lib/python3.11/site-packages/airflow/example_dags/example_latest_only.py
[2025-12-04T18:26:38.977+0500] {processor.py:840} INFO - DAG(s) 'latest_only' retrieved from /Library/Frameworks/Python.framework/Versions/3.11/lib/python3.11/site-packages/airflow/example_dags/example_latest_only.py
[2025-12-04T18:26:39.141+0500] {logging_mixin.py:188} INFO - [2025-12-04T18:26:39.141+0500] {dag.py:3089} INFO - Sync 1 DAGs
[2025-12-04T18:26:39.167+0500] {logging_mixin.py:188} INFO - [2025-12-04T18:26:39.167+0500] {dag.py:3947} INFO - Setting next_dagrun for latest_only to 2025-12-04 08:00:00+00:00, run_after=2025-12-04 12:00:00+00:00
[2025-12-04T18:26:39.195+0500] {processor.py:183} INFO - Processing /Library/Frameworks/Python.framework/Versions/3.11/lib/python3.11/site-packages/airflow/example_dags/example_latest_only.py took 0.239 seconds
[2025-12-04T18:31:33.998+0500] {processor.py:161} INFO - Started process (PID=12232) to work on /Library/Frameworks/Python.framework/Versions/3.11/lib/python3.11/site-packages/airflow/example_dags/example_latest_only.py
[2025-12-04T18:31:34.001+0500] {processor.py:830} INFO - Processing file /Library/Frameworks/Python.framework/Versions/3.11/lib/python3.11/site-packages/airflow/example_dags/example_latest_only.py for tasks to queue
[2025-12-04T18:31:34.002+0500] {logging_mixin.py:188} INFO - [2025-12-04T18:31:34.001+0500] {dagbag.py:545} INFO - Filling up the DagBag from /Library/Frameworks/Python.framework/Versions/3.11/lib/python3.11/site-packages/airflow/example_dags/example_latest_only.py
[2025-12-04T18:31:34.013+0500] {processor.py:840} INFO - DAG(s) 'latest_only' retrieved from /Library/Frameworks/Python.framework/Versions/3.11/lib/python3.11/site-packages/airflow/example_dags/example_latest_only.py
[2025-12-04T18:31:34.131+0500] {logging_mixin.py:188} INFO - [2025-12-04T18:31:34.130+0500] {dag.py:3089} INFO - Sync 1 DAGs
[2025-12-04T18:31:34.160+0500] {logging_mixin.py:188} INFO - [2025-12-04T18:31:34.159+0500] {dag.py:3947} INFO - Setting next_dagrun for latest_only to 2025-12-04 08:00:00+00:00, run_after=2025-12-04 12:00:00+00:00
[2025-12-04T18:31:34.204+0500] {processor.py:183} INFO - Processing /Library/Frameworks/Python.framework/Versions/3.11/lib/python3.11/site-packages/airflow/example_dags/example_latest_only.py took 0.209 seconds
[2025-12-04T18:36:04.369+0500] {processor.py:161} INFO - Started process (PID=12440) to work on /Library/Frameworks/Python.framework/Versions/3.11/lib/python3.11/site-packages/airflow/example_dags/example_latest_only.py
[2025-12-04T18:36:04.371+0500] {processor.py:830} INFO - Processing file /Library/Frameworks/Python.framework/Versions/3.11/lib/python3.11/site-packages/airflow/example_dags/example_latest_only.py for tasks to queue
[2025-12-04T18:36:04.372+0500] {logging_mixin.py:188} INFO - [2025-12-04T18:36:04.372+0500] {dagbag.py:545} INFO - Filling up the DagBag from /Library/Frameworks/Python.framework/Versions/3.11/lib/python3.11/site-packages/airflow/example_dags/example_latest_only.py
[2025-12-04T18:36:04.383+0500] {processor.py:840} INFO - DAG(s) 'latest_only' retrieved from /Library/Frameworks/Python.framework/Versions/3.11/lib/python3.11/site-packages/airflow/example_dags/example_latest_only.py
[2025-12-04T18:36:04.494+0500] {logging_mixin.py:188} INFO - [2025-12-04T18:36:04.493+0500] {dag.py:3089} INFO - Sync 1 DAGs
[2025-12-04T18:36:04.509+0500] {logging_mixin.py:188} INFO - [2025-12-04T18:36:04.509+0500] {dag.py:3947} INFO - Setting next_dagrun for latest_only to 2025-12-04 08:00:00+00:00, run_after=2025-12-04 12:00:00+00:00
[2025-12-04T18:36:04.531+0500] {processor.py:183} INFO - Processing /Library/Frameworks/Python.framework/Versions/3.11/lib/python3.11/site-packages/airflow/example_dags/example_latest_only.py took 0.165 seconds
[2025-12-04T18:39:49.257+0500] {processor.py:161} INFO - Started process (PID=12568) to work on /Library/Frameworks/Python.framework/Versions/3.11/lib/python3.11/site-packages/airflow/example_dags/example_latest_only.py
[2025-12-04T18:39:49.259+0500] {processor.py:830} INFO - Processing file /Library/Frameworks/Python.framework/Versions/3.11/lib/python3.11/site-packages/airflow/example_dags/example_latest_only.py for tasks to queue
[2025-12-04T18:39:49.260+0500] {logging_mixin.py:188} INFO - [2025-12-04T18:39:49.259+0500] {dagbag.py:545} INFO - Filling up the DagBag from /Library/Frameworks/Python.framework/Versions/3.11/lib/python3.11/site-packages/airflow/example_dags/example_latest_only.py
[2025-12-04T18:39:49.271+0500] {processor.py:840} INFO - DAG(s) 'latest_only' retrieved from /Library/Frameworks/Python.framework/Versions/3.11/lib/python3.11/site-packages/airflow/example_dags/example_latest_only.py
[2025-12-04T18:39:49.381+0500] {logging_mixin.py:188} INFO - [2025-12-04T18:39:49.380+0500] {dag.py:3089} INFO - Sync 1 DAGs
[2025-12-04T18:39:49.397+0500] {logging_mixin.py:188} INFO - [2025-12-04T18:39:49.397+0500] {dag.py:3947} INFO - Setting next_dagrun for latest_only to 2025-12-04 08:00:00+00:00, run_after=2025-12-04 12:00:00+00:00
[2025-12-04T18:39:49.417+0500] {processor.py:183} INFO - Processing /Library/Frameworks/Python.framework/Versions/3.11/lib/python3.11/site-packages/airflow/example_dags/example_latest_only.py took 0.164 seconds
[2025-12-04T18:44:17.650+0500] {processor.py:161} INFO - Started process (PID=12769) to work on /Library/Frameworks/Python.framework/Versions/3.11/lib/python3.11/site-packages/airflow/example_dags/example_latest_only.py
[2025-12-04T18:44:17.652+0500] {processor.py:830} INFO - Processing file /Library/Frameworks/Python.framework/Versions/3.11/lib/python3.11/site-packages/airflow/example_dags/example_latest_only.py for tasks to queue
[2025-12-04T18:44:17.653+0500] {logging_mixin.py:188} INFO - [2025-12-04T18:44:17.653+0500] {dagbag.py:545} INFO - Filling up the DagBag from /Library/Frameworks/Python.framework/Versions/3.11/lib/python3.11/site-packages/airflow/example_dags/example_latest_only.py
[2025-12-04T18:44:17.664+0500] {processor.py:840} INFO - DAG(s) 'latest_only' retrieved from /Library/Frameworks/Python.framework/Versions/3.11/lib/python3.11/site-packages/airflow/example_dags/example_latest_only.py
[2025-12-04T18:44:17.776+0500] {logging_mixin.py:188} INFO - [2025-12-04T18:44:17.775+0500] {dag.py:3089} INFO - Sync 1 DAGs
[2025-12-04T18:44:17.792+0500] {logging_mixin.py:188} INFO - [2025-12-04T18:44:17.792+0500] {dag.py:3947} INFO - Setting next_dagrun for latest_only to 2025-12-04 08:00:00+00:00, run_after=2025-12-04 12:00:00+00:00
[2025-12-04T18:44:17.818+0500] {processor.py:183} INFO - Processing /Library/Frameworks/Python.framework/Versions/3.11/lib/python3.11/site-packages/airflow/example_dags/example_latest_only.py took 0.171 seconds
[2025-12-04T18:48:16.255+0500] {processor.py:161} INFO - Started process (PID=12919) to work on /Library/Frameworks/Python.framework/Versions/3.11/lib/python3.11/site-packages/airflow/example_dags/example_latest_only.py
[2025-12-04T18:48:16.257+0500] {processor.py:830} INFO - Processing file /Library/Frameworks/Python.framework/Versions/3.11/lib/python3.11/site-packages/airflow/example_dags/example_latest_only.py for tasks to queue
[2025-12-04T18:48:16.258+0500] {logging_mixin.py:188} INFO - [2025-12-04T18:48:16.258+0500] {dagbag.py:545} INFO - Filling up the DagBag from /Library/Frameworks/Python.framework/Versions/3.11/lib/python3.11/site-packages/airflow/example_dags/example_latest_only.py
[2025-12-04T18:48:16.273+0500] {processor.py:840} INFO - DAG(s) 'latest_only' retrieved from /Library/Frameworks/Python.framework/Versions/3.11/lib/python3.11/site-packages/airflow/example_dags/example_latest_only.py
[2025-12-04T18:48:16.445+0500] {logging_mixin.py:188} INFO - [2025-12-04T18:48:16.445+0500] {dag.py:3089} INFO - Sync 1 DAGs
[2025-12-04T18:48:16.468+0500] {logging_mixin.py:188} INFO - [2025-12-04T18:48:16.468+0500] {dag.py:3947} INFO - Setting next_dagrun for latest_only to 2025-12-04 08:00:00+00:00, run_after=2025-12-04 12:00:00+00:00
[2025-12-04T18:48:16.497+0500] {processor.py:183} INFO - Processing /Library/Frameworks/Python.framework/Versions/3.11/lib/python3.11/site-packages/airflow/example_dags/example_latest_only.py took 0.247 seconds
[2025-12-04T18:52:55.500+0500] {processor.py:161} INFO - Started process (PID=13089) to work on /Library/Frameworks/Python.framework/Versions/3.11/lib/python3.11/site-packages/airflow/example_dags/example_latest_only.py
[2025-12-04T18:52:55.502+0500] {processor.py:830} INFO - Processing file /Library/Frameworks/Python.framework/Versions/3.11/lib/python3.11/site-packages/airflow/example_dags/example_latest_only.py for tasks to queue
[2025-12-04T18:52:55.503+0500] {logging_mixin.py:188} INFO - [2025-12-04T18:52:55.503+0500] {dagbag.py:545} INFO - Filling up the DagBag from /Library/Frameworks/Python.framework/Versions/3.11/lib/python3.11/site-packages/airflow/example_dags/example_latest_only.py
[2025-12-04T18:52:55.514+0500] {processor.py:840} INFO - DAG(s) 'latest_only' retrieved from /Library/Frameworks/Python.framework/Versions/3.11/lib/python3.11/site-packages/airflow/example_dags/example_latest_only.py
[2025-12-04T18:52:55.624+0500] {logging_mixin.py:188} INFO - [2025-12-04T18:52:55.623+0500] {dag.py:3089} INFO - Sync 1 DAGs
[2025-12-04T18:52:55.640+0500] {logging_mixin.py:188} INFO - [2025-12-04T18:52:55.639+0500] {dag.py:3947} INFO - Setting next_dagrun for latest_only to 2025-12-04 08:00:00+00:00, run_after=2025-12-04 12:00:00+00:00
[2025-12-04T18:52:55.659+0500] {processor.py:183} INFO - Processing /Library/Frameworks/Python.framework/Versions/3.11/lib/python3.11/site-packages/airflow/example_dags/example_latest_only.py took 0.162 seconds
[2025-12-04T19:34:26.989+0500] {processor.py:161} INFO - Started process (PID=14614) to work on /Library/Frameworks/Python.framework/Versions/3.11/lib/python3.11/site-packages/airflow/example_dags/example_latest_only.py
[2025-12-04T19:34:26.991+0500] {processor.py:830} INFO - Processing file /Library/Frameworks/Python.framework/Versions/3.11/lib/python3.11/site-packages/airflow/example_dags/example_latest_only.py for tasks to queue
[2025-12-04T19:34:26.992+0500] {logging_mixin.py:188} INFO - [2025-12-04T19:34:26.991+0500] {dagbag.py:545} INFO - Filling up the DagBag from /Library/Frameworks/Python.framework/Versions/3.11/lib/python3.11/site-packages/airflow/example_dags/example_latest_only.py
[2025-12-04T19:34:27.009+0500] {processor.py:840} INFO - DAG(s) 'latest_only' retrieved from /Library/Frameworks/Python.framework/Versions/3.11/lib/python3.11/site-packages/airflow/example_dags/example_latest_only.py
[2025-12-04T19:34:27.166+0500] {logging_mixin.py:188} INFO - [2025-12-04T19:34:27.166+0500] {dag.py:3089} INFO - Sync 1 DAGs
[2025-12-04T19:34:27.184+0500] {logging_mixin.py:188} INFO - [2025-12-04T19:34:27.184+0500] {dag.py:3947} INFO - Setting next_dagrun for latest_only to 2025-12-04 08:00:00+00:00, run_after=2025-12-04 12:00:00+00:00
[2025-12-04T19:34:27.205+0500] {processor.py:183} INFO - Processing /Library/Frameworks/Python.framework/Versions/3.11/lib/python3.11/site-packages/airflow/example_dags/example_latest_only.py took 0.220 seconds
[2025-12-04T19:37:30.458+0500] {processor.py:161} INFO - Started process (PID=14741) to work on /Library/Frameworks/Python.framework/Versions/3.11/lib/python3.11/site-packages/airflow/example_dags/example_latest_only.py
[2025-12-04T19:37:30.460+0500] {processor.py:830} INFO - Processing file /Library/Frameworks/Python.framework/Versions/3.11/lib/python3.11/site-packages/airflow/example_dags/example_latest_only.py for tasks to queue
[2025-12-04T19:37:30.462+0500] {logging_mixin.py:188} INFO - [2025-12-04T19:37:30.461+0500] {dagbag.py:545} INFO - Filling up the DagBag from /Library/Frameworks/Python.framework/Versions/3.11/lib/python3.11/site-packages/airflow/example_dags/example_latest_only.py
[2025-12-04T19:37:30.470+0500] {processor.py:840} INFO - DAG(s) 'latest_only' retrieved from /Library/Frameworks/Python.framework/Versions/3.11/lib/python3.11/site-packages/airflow/example_dags/example_latest_only.py
[2025-12-04T19:37:30.581+0500] {logging_mixin.py:188} INFO - [2025-12-04T19:37:30.581+0500] {dag.py:3089} INFO - Sync 1 DAGs
[2025-12-04T19:37:30.597+0500] {logging_mixin.py:188} INFO - [2025-12-04T19:37:30.597+0500] {dag.py:3947} INFO - Setting next_dagrun for latest_only to 2025-12-04 08:00:00+00:00, run_after=2025-12-04 12:00:00+00:00
[2025-12-04T19:37:30.618+0500] {processor.py:183} INFO - Processing /Library/Frameworks/Python.framework/Versions/3.11/lib/python3.11/site-packages/airflow/example_dags/example_latest_only.py took 0.162 seconds
[2025-12-04T19:41:48.127+0500] {processor.py:161} INFO - Started process (PID=14901) to work on /Library/Frameworks/Python.framework/Versions/3.11/lib/python3.11/site-packages/airflow/example_dags/example_latest_only.py
[2025-12-04T19:41:48.129+0500] {processor.py:830} INFO - Processing file /Library/Frameworks/Python.framework/Versions/3.11/lib/python3.11/site-packages/airflow/example_dags/example_latest_only.py for tasks to queue
[2025-12-04T19:41:48.130+0500] {logging_mixin.py:188} INFO - [2025-12-04T19:41:48.130+0500] {dagbag.py:545} INFO - Filling up the DagBag from /Library/Frameworks/Python.framework/Versions/3.11/lib/python3.11/site-packages/airflow/example_dags/example_latest_only.py
[2025-12-04T19:41:48.141+0500] {processor.py:840} INFO - DAG(s) 'latest_only' retrieved from /Library/Frameworks/Python.framework/Versions/3.11/lib/python3.11/site-packages/airflow/example_dags/example_latest_only.py
[2025-12-04T19:41:48.278+0500] {logging_mixin.py:188} INFO - [2025-12-04T19:41:48.278+0500] {dag.py:3089} INFO - Sync 1 DAGs
[2025-12-04T19:41:48.297+0500] {logging_mixin.py:188} INFO - [2025-12-04T19:41:48.297+0500] {dag.py:3947} INFO - Setting next_dagrun for latest_only to 2025-12-04 08:00:00+00:00, run_after=2025-12-04 12:00:00+00:00
[2025-12-04T19:41:48.320+0500] {processor.py:183} INFO - Processing /Library/Frameworks/Python.framework/Versions/3.11/lib/python3.11/site-packages/airflow/example_dags/example_latest_only.py took 0.196 seconds
[2025-12-04T19:46:28.011+0500] {processor.py:161} INFO - Started process (PID=15059) to work on /Library/Frameworks/Python.framework/Versions/3.11/lib/python3.11/site-packages/airflow/example_dags/example_latest_only.py
[2025-12-04T19:46:28.014+0500] {processor.py:830} INFO - Processing file /Library/Frameworks/Python.framework/Versions/3.11/lib/python3.11/site-packages/airflow/example_dags/example_latest_only.py for tasks to queue
[2025-12-04T19:46:28.019+0500] {logging_mixin.py:188} INFO - [2025-12-04T19:46:28.018+0500] {dagbag.py:545} INFO - Filling up the DagBag from /Library/Frameworks/Python.framework/Versions/3.11/lib/python3.11/site-packages/airflow/example_dags/example_latest_only.py
[2025-12-04T19:46:28.036+0500] {processor.py:840} INFO - DAG(s) 'latest_only' retrieved from /Library/Frameworks/Python.framework/Versions/3.11/lib/python3.11/site-packages/airflow/example_dags/example_latest_only.py
[2025-12-04T19:46:28.213+0500] {logging_mixin.py:188} INFO - [2025-12-04T19:46:28.211+0500] {dag.py:3089} INFO - Sync 1 DAGs
[2025-12-04T19:46:28.241+0500] {logging_mixin.py:188} INFO - [2025-12-04T19:46:28.241+0500] {dag.py:3947} INFO - Setting next_dagrun for latest_only to 2025-12-04 08:00:00+00:00, run_after=2025-12-04 12:00:00+00:00
[2025-12-04T19:46:28.267+0500] {processor.py:183} INFO - Processing /Library/Frameworks/Python.framework/Versions/3.11/lib/python3.11/site-packages/airflow/example_dags/example_latest_only.py took 0.259 seconds
[2025-12-04T19:50:43.481+0500] {processor.py:161} INFO - Started process (PID=15211) to work on /Library/Frameworks/Python.framework/Versions/3.11/lib/python3.11/site-packages/airflow/example_dags/example_latest_only.py
[2025-12-04T19:50:43.483+0500] {processor.py:830} INFO - Processing file /Library/Frameworks/Python.framework/Versions/3.11/lib/python3.11/site-packages/airflow/example_dags/example_latest_only.py for tasks to queue
[2025-12-04T19:50:43.484+0500] {logging_mixin.py:188} INFO - [2025-12-04T19:50:43.484+0500] {dagbag.py:545} INFO - Filling up the DagBag from /Library/Frameworks/Python.framework/Versions/3.11/lib/python3.11/site-packages/airflow/example_dags/example_latest_only.py
[2025-12-04T19:50:43.496+0500] {processor.py:840} INFO - DAG(s) 'latest_only' retrieved from /Library/Frameworks/Python.framework/Versions/3.11/lib/python3.11/site-packages/airflow/example_dags/example_latest_only.py
[2025-12-04T19:50:43.606+0500] {logging_mixin.py:188} INFO - [2025-12-04T19:50:43.606+0500] {dag.py:3089} INFO - Sync 1 DAGs
[2025-12-04T19:50:43.622+0500] {logging_mixin.py:188} INFO - [2025-12-04T19:50:43.622+0500] {dag.py:3947} INFO - Setting next_dagrun for latest_only to 2025-12-04 08:00:00+00:00, run_after=2025-12-04 12:00:00+00:00
[2025-12-04T19:50:43.642+0500] {processor.py:183} INFO - Processing /Library/Frameworks/Python.framework/Versions/3.11/lib/python3.11/site-packages/airflow/example_dags/example_latest_only.py took 0.164 seconds
[2025-12-04T19:54:39.711+0500] {processor.py:161} INFO - Started process (PID=15390) to work on /Library/Frameworks/Python.framework/Versions/3.11/lib/python3.11/site-packages/airflow/example_dags/example_latest_only.py
[2025-12-04T19:54:39.713+0500] {processor.py:830} INFO - Processing file /Library/Frameworks/Python.framework/Versions/3.11/lib/python3.11/site-packages/airflow/example_dags/example_latest_only.py for tasks to queue
[2025-12-04T19:54:39.714+0500] {logging_mixin.py:188} INFO - [2025-12-04T19:54:39.714+0500] {dagbag.py:545} INFO - Filling up the DagBag from /Library/Frameworks/Python.framework/Versions/3.11/lib/python3.11/site-packages/airflow/example_dags/example_latest_only.py
[2025-12-04T19:54:39.727+0500] {processor.py:840} INFO - DAG(s) 'latest_only' retrieved from /Library/Frameworks/Python.framework/Versions/3.11/lib/python3.11/site-packages/airflow/example_dags/example_latest_only.py
[2025-12-04T19:54:39.840+0500] {logging_mixin.py:188} INFO - [2025-12-04T19:54:39.840+0500] {dag.py:3089} INFO - Sync 1 DAGs
[2025-12-04T19:54:39.856+0500] {logging_mixin.py:188} INFO - [2025-12-04T19:54:39.856+0500] {dag.py:3947} INFO - Setting next_dagrun for latest_only to 2025-12-04 08:00:00+00:00, run_after=2025-12-04 12:00:00+00:00
[2025-12-04T19:54:39.876+0500] {processor.py:183} INFO - Processing /Library/Frameworks/Python.framework/Versions/3.11/lib/python3.11/site-packages/airflow/example_dags/example_latest_only.py took 0.169 seconds
[2025-12-04T20:15:29.450+0500] {processor.py:161} INFO - Started process (PID=15533) to work on /Library/Frameworks/Python.framework/Versions/3.11/lib/python3.11/site-packages/airflow/example_dags/example_latest_only.py
[2025-12-04T20:15:29.452+0500] {processor.py:830} INFO - Processing file /Library/Frameworks/Python.framework/Versions/3.11/lib/python3.11/site-packages/airflow/example_dags/example_latest_only.py for tasks to queue
[2025-12-04T20:15:29.453+0500] {logging_mixin.py:188} INFO - [2025-12-04T20:15:29.453+0500] {dagbag.py:545} INFO - Filling up the DagBag from /Library/Frameworks/Python.framework/Versions/3.11/lib/python3.11/site-packages/airflow/example_dags/example_latest_only.py
[2025-12-04T20:15:29.463+0500] {processor.py:840} INFO - DAG(s) 'latest_only' retrieved from /Library/Frameworks/Python.framework/Versions/3.11/lib/python3.11/site-packages/airflow/example_dags/example_latest_only.py
[2025-12-04T20:15:29.595+0500] {logging_mixin.py:188} INFO - [2025-12-04T20:15:29.594+0500] {dag.py:3089} INFO - Sync 1 DAGs
[2025-12-04T20:15:29.614+0500] {logging_mixin.py:188} INFO - [2025-12-04T20:15:29.614+0500] {dag.py:3947} INFO - Setting next_dagrun for latest_only to 2025-12-04 08:00:00+00:00, run_after=2025-12-04 12:00:00+00:00
[2025-12-04T20:15:29.637+0500] {processor.py:183} INFO - Processing /Library/Frameworks/Python.framework/Versions/3.11/lib/python3.11/site-packages/airflow/example_dags/example_latest_only.py took 0.190 seconds
[2025-12-04T20:45:41.539+0500] {processor.py:161} INFO - Started process (PID=15802) to work on /Library/Frameworks/Python.framework/Versions/3.11/lib/python3.11/site-packages/airflow/example_dags/example_latest_only.py
[2025-12-04T20:45:41.541+0500] {processor.py:830} INFO - Processing file /Library/Frameworks/Python.framework/Versions/3.11/lib/python3.11/site-packages/airflow/example_dags/example_latest_only.py for tasks to queue
[2025-12-04T20:45:41.543+0500] {logging_mixin.py:188} INFO - [2025-12-04T20:45:41.542+0500] {dagbag.py:545} INFO - Filling up the DagBag from /Library/Frameworks/Python.framework/Versions/3.11/lib/python3.11/site-packages/airflow/example_dags/example_latest_only.py
[2025-12-04T20:45:41.561+0500] {processor.py:840} INFO - DAG(s) 'latest_only' retrieved from /Library/Frameworks/Python.framework/Versions/3.11/lib/python3.11/site-packages/airflow/example_dags/example_latest_only.py
[2025-12-04T20:45:41.727+0500] {logging_mixin.py:188} INFO - [2025-12-04T20:45:41.726+0500] {dag.py:3089} INFO - Sync 1 DAGs
[2025-12-04T20:45:41.763+0500] {logging_mixin.py:188} INFO - [2025-12-04T20:45:41.763+0500] {dag.py:3947} INFO - Setting next_dagrun for latest_only to 2025-12-04 08:00:00+00:00, run_after=2025-12-04 12:00:00+00:00
[2025-12-04T20:45:41.798+0500] {processor.py:183} INFO - Processing /Library/Frameworks/Python.framework/Versions/3.11/lib/python3.11/site-packages/airflow/example_dags/example_latest_only.py took 0.263 seconds
[2025-12-04T20:48:08.674+0500] {processor.py:161} INFO - Started process (PID=15879) to work on /Library/Frameworks/Python.framework/Versions/3.11/lib/python3.11/site-packages/airflow/example_dags/example_latest_only.py
[2025-12-04T20:48:08.677+0500] {processor.py:830} INFO - Processing file /Library/Frameworks/Python.framework/Versions/3.11/lib/python3.11/site-packages/airflow/example_dags/example_latest_only.py for tasks to queue
[2025-12-04T20:48:08.678+0500] {logging_mixin.py:188} INFO - [2025-12-04T20:48:08.677+0500] {dagbag.py:545} INFO - Filling up the DagBag from /Library/Frameworks/Python.framework/Versions/3.11/lib/python3.11/site-packages/airflow/example_dags/example_latest_only.py
[2025-12-04T20:48:08.691+0500] {processor.py:840} INFO - DAG(s) 'latest_only' retrieved from /Library/Frameworks/Python.framework/Versions/3.11/lib/python3.11/site-packages/airflow/example_dags/example_latest_only.py
[2025-12-04T20:48:08.900+0500] {logging_mixin.py:188} INFO - [2025-12-04T20:48:08.900+0500] {dag.py:3089} INFO - Sync 1 DAGs
[2025-12-04T20:48:08.942+0500] {logging_mixin.py:188} INFO - [2025-12-04T20:48:08.942+0500] {dag.py:3947} INFO - Setting next_dagrun for latest_only to 2025-12-04 08:00:00+00:00, run_after=2025-12-04 12:00:00+00:00
[2025-12-04T20:48:08.982+0500] {processor.py:183} INFO - Processing /Library/Frameworks/Python.framework/Versions/3.11/lib/python3.11/site-packages/airflow/example_dags/example_latest_only.py took 0.313 seconds
