[2025-12-04T18:19:36.523+0500] {processor.py:161} INFO - Started process (PID=11723) to work on /Library/Frameworks/Python.framework/Versions/3.11/lib/python3.11/site-packages/airflow/example_dags/example_params_trigger_ui.py
[2025-12-04T18:19:36.524+0500] {processor.py:830} INFO - Processing file /Library/Frameworks/Python.framework/Versions/3.11/lib/python3.11/site-packages/airflow/example_dags/example_params_trigger_ui.py for tasks to queue
[2025-12-04T18:19:36.526+0500] {logging_mixin.py:188} INFO - [2025-12-04T18:19:36.525+0500] {dagbag.py:545} INFO - Filling up the DagBag from /Library/Frameworks/Python.framework/Versions/3.11/lib/python3.11/site-packages/airflow/example_dags/example_params_trigger_ui.py
[2025-12-04T18:19:36.589+0500] {processor.py:840} INFO - DAG(s) 'example_params_trigger_ui' retrieved from /Library/Frameworks/Python.framework/Versions/3.11/lib/python3.11/site-packages/airflow/example_dags/example_params_trigger_ui.py
[2025-12-04T18:19:36.979+0500] {logging_mixin.py:188} INFO - [2025-12-04T18:19:36.977+0500] {override.py:1858} INFO - Created Permission View: can read on DAG:example_params_trigger_ui
[2025-12-04T18:19:36.999+0500] {logging_mixin.py:188} INFO - [2025-12-04T18:19:36.998+0500] {override.py:1858} INFO - Created Permission View: can delete on DAG:example_params_trigger_ui
[2025-12-04T18:19:37.029+0500] {logging_mixin.py:188} INFO - [2025-12-04T18:19:37.028+0500] {override.py:1858} INFO - Created Permission View: can edit on DAG:example_params_trigger_ui
[2025-12-04T18:19:37.030+0500] {logging_mixin.py:188} INFO - [2025-12-04T18:19:37.029+0500] {dag.py:3089} INFO - Sync 1 DAGs
[2025-12-04T18:19:37.050+0500] {logging_mixin.py:188} INFO - [2025-12-04T18:19:37.049+0500] {dag.py:3111} INFO - Creating ORM DAG for example_params_trigger_ui
[2025-12-04T18:19:37.053+0500] {logging_mixin.py:188} INFO - [2025-12-04T18:19:37.052+0500] {dag.py:3947} INFO - Setting next_dagrun for example_params_trigger_ui to None, run_after=None
[2025-12-04T18:19:37.095+0500] {processor.py:183} INFO - Processing /Library/Frameworks/Python.framework/Versions/3.11/lib/python3.11/site-packages/airflow/example_dags/example_params_trigger_ui.py took 0.577 seconds
[2025-12-04T18:22:18.959+0500] {processor.py:161} INFO - Started process (PID=11827) to work on /Library/Frameworks/Python.framework/Versions/3.11/lib/python3.11/site-packages/airflow/example_dags/example_params_trigger_ui.py
[2025-12-04T18:22:18.962+0500] {processor.py:830} INFO - Processing file /Library/Frameworks/Python.framework/Versions/3.11/lib/python3.11/site-packages/airflow/example_dags/example_params_trigger_ui.py for tasks to queue
[2025-12-04T18:22:18.963+0500] {logging_mixin.py:188} INFO - [2025-12-04T18:22:18.962+0500] {dagbag.py:545} INFO - Filling up the DagBag from /Library/Frameworks/Python.framework/Versions/3.11/lib/python3.11/site-packages/airflow/example_dags/example_params_trigger_ui.py
[2025-12-04T18:22:19.008+0500] {processor.py:840} INFO - DAG(s) 'example_params_trigger_ui' retrieved from /Library/Frameworks/Python.framework/Versions/3.11/lib/python3.11/site-packages/airflow/example_dags/example_params_trigger_ui.py
[2025-12-04T18:22:19.203+0500] {logging_mixin.py:188} INFO - [2025-12-04T18:22:19.202+0500] {dag.py:3089} INFO - Sync 1 DAGs
[2025-12-04T18:22:19.218+0500] {logging_mixin.py:188} INFO - [2025-12-04T18:22:19.218+0500] {dag.py:3947} INFO - Setting next_dagrun for example_params_trigger_ui to None, run_after=None
[2025-12-04T18:22:19.242+0500] {processor.py:183} INFO - Processing /Library/Frameworks/Python.framework/Versions/3.11/lib/python3.11/site-packages/airflow/example_dags/example_params_trigger_ui.py took 0.287 seconds
[2025-12-04T18:24:22.900+0500] {processor.py:161} INFO - Started process (PID=11896) to work on /Library/Frameworks/Python.framework/Versions/3.11/lib/python3.11/site-packages/airflow/example_dags/example_params_trigger_ui.py
[2025-12-04T18:24:22.902+0500] {processor.py:830} INFO - Processing file /Library/Frameworks/Python.framework/Versions/3.11/lib/python3.11/site-packages/airflow/example_dags/example_params_trigger_ui.py for tasks to queue
[2025-12-04T18:24:22.903+0500] {logging_mixin.py:188} INFO - [2025-12-04T18:24:22.903+0500] {dagbag.py:545} INFO - Filling up the DagBag from /Library/Frameworks/Python.framework/Versions/3.11/lib/python3.11/site-packages/airflow/example_dags/example_params_trigger_ui.py
[2025-12-04T18:24:22.943+0500] {processor.py:840} INFO - DAG(s) 'example_params_trigger_ui' retrieved from /Library/Frameworks/Python.framework/Versions/3.11/lib/python3.11/site-packages/airflow/example_dags/example_params_trigger_ui.py
[2025-12-04T18:24:23.080+0500] {logging_mixin.py:188} INFO - [2025-12-04T18:24:23.079+0500] {dag.py:3089} INFO - Sync 1 DAGs
[2025-12-04T18:24:23.091+0500] {logging_mixin.py:188} INFO - [2025-12-04T18:24:23.090+0500] {dag.py:3947} INFO - Setting next_dagrun for example_params_trigger_ui to None, run_after=None
[2025-12-04T18:24:23.111+0500] {processor.py:183} INFO - Processing /Library/Frameworks/Python.framework/Versions/3.11/lib/python3.11/site-packages/airflow/example_dags/example_params_trigger_ui.py took 0.214 seconds
[2025-12-04T18:28:53.334+0500] {processor.py:161} INFO - Started process (PID=12120) to work on /Library/Frameworks/Python.framework/Versions/3.11/lib/python3.11/site-packages/airflow/example_dags/example_params_trigger_ui.py
[2025-12-04T18:28:53.336+0500] {processor.py:830} INFO - Processing file /Library/Frameworks/Python.framework/Versions/3.11/lib/python3.11/site-packages/airflow/example_dags/example_params_trigger_ui.py for tasks to queue
[2025-12-04T18:28:53.337+0500] {logging_mixin.py:188} INFO - [2025-12-04T18:28:53.337+0500] {dagbag.py:545} INFO - Filling up the DagBag from /Library/Frameworks/Python.framework/Versions/3.11/lib/python3.11/site-packages/airflow/example_dags/example_params_trigger_ui.py
[2025-12-04T18:28:53.387+0500] {processor.py:840} INFO - DAG(s) 'example_params_trigger_ui' retrieved from /Library/Frameworks/Python.framework/Versions/3.11/lib/python3.11/site-packages/airflow/example_dags/example_params_trigger_ui.py
[2025-12-04T18:28:53.572+0500] {logging_mixin.py:188} INFO - [2025-12-04T18:28:53.572+0500] {dag.py:3089} INFO - Sync 1 DAGs
[2025-12-04T18:28:53.587+0500] {logging_mixin.py:188} INFO - [2025-12-04T18:28:53.586+0500] {dag.py:3947} INFO - Setting next_dagrun for example_params_trigger_ui to None, run_after=None
[2025-12-04T18:28:53.613+0500] {processor.py:183} INFO - Processing /Library/Frameworks/Python.framework/Versions/3.11/lib/python3.11/site-packages/airflow/example_dags/example_params_trigger_ui.py took 0.282 seconds
[2025-12-04T18:31:20.544+0500] {processor.py:161} INFO - Started process (PID=12225) to work on /Library/Frameworks/Python.framework/Versions/3.11/lib/python3.11/site-packages/airflow/example_dags/example_params_trigger_ui.py
[2025-12-04T18:31:20.546+0500] {processor.py:830} INFO - Processing file /Library/Frameworks/Python.framework/Versions/3.11/lib/python3.11/site-packages/airflow/example_dags/example_params_trigger_ui.py for tasks to queue
[2025-12-04T18:31:20.547+0500] {logging_mixin.py:188} INFO - [2025-12-04T18:31:20.547+0500] {dagbag.py:545} INFO - Filling up the DagBag from /Library/Frameworks/Python.framework/Versions/3.11/lib/python3.11/site-packages/airflow/example_dags/example_params_trigger_ui.py
[2025-12-04T18:31:20.615+0500] {processor.py:840} INFO - DAG(s) 'example_params_trigger_ui' retrieved from /Library/Frameworks/Python.framework/Versions/3.11/lib/python3.11/site-packages/airflow/example_dags/example_params_trigger_ui.py
[2025-12-04T18:31:20.919+0500] {logging_mixin.py:188} INFO - [2025-12-04T18:31:20.918+0500] {dag.py:3089} INFO - Sync 1 DAGs
[2025-12-04T18:31:20.932+0500] {logging_mixin.py:188} INFO - [2025-12-04T18:31:20.932+0500] {dag.py:3947} INFO - Setting next_dagrun for example_params_trigger_ui to None, run_after=None
[2025-12-04T18:31:20.958+0500] {processor.py:183} INFO - Processing /Library/Frameworks/Python.framework/Versions/3.11/lib/python3.11/site-packages/airflow/example_dags/example_params_trigger_ui.py took 0.417 seconds
[2025-12-04T18:33:45.829+0500] {processor.py:161} INFO - Started process (PID=12345) to work on /Library/Frameworks/Python.framework/Versions/3.11/lib/python3.11/site-packages/airflow/example_dags/example_params_trigger_ui.py
[2025-12-04T18:33:45.831+0500] {processor.py:830} INFO - Processing file /Library/Frameworks/Python.framework/Versions/3.11/lib/python3.11/site-packages/airflow/example_dags/example_params_trigger_ui.py for tasks to queue
[2025-12-04T18:33:45.832+0500] {logging_mixin.py:188} INFO - [2025-12-04T18:33:45.832+0500] {dagbag.py:545} INFO - Filling up the DagBag from /Library/Frameworks/Python.framework/Versions/3.11/lib/python3.11/site-packages/airflow/example_dags/example_params_trigger_ui.py
[2025-12-04T18:33:45.885+0500] {processor.py:840} INFO - DAG(s) 'example_params_trigger_ui' retrieved from /Library/Frameworks/Python.framework/Versions/3.11/lib/python3.11/site-packages/airflow/example_dags/example_params_trigger_ui.py
[2025-12-04T18:33:46.061+0500] {logging_mixin.py:188} INFO - [2025-12-04T18:33:46.060+0500] {dag.py:3089} INFO - Sync 1 DAGs
[2025-12-04T18:33:46.075+0500] {logging_mixin.py:188} INFO - [2025-12-04T18:33:46.075+0500] {dag.py:3947} INFO - Setting next_dagrun for example_params_trigger_ui to None, run_after=None
[2025-12-04T18:33:46.100+0500] {processor.py:183} INFO - Processing /Library/Frameworks/Python.framework/Versions/3.11/lib/python3.11/site-packages/airflow/example_dags/example_params_trigger_ui.py took 0.275 seconds
[2025-12-04T18:35:52.609+0500] {processor.py:161} INFO - Started process (PID=12432) to work on /Library/Frameworks/Python.framework/Versions/3.11/lib/python3.11/site-packages/airflow/example_dags/example_params_trigger_ui.py
[2025-12-04T18:35:52.611+0500] {processor.py:830} INFO - Processing file /Library/Frameworks/Python.framework/Versions/3.11/lib/python3.11/site-packages/airflow/example_dags/example_params_trigger_ui.py for tasks to queue
[2025-12-04T18:35:52.613+0500] {logging_mixin.py:188} INFO - [2025-12-04T18:35:52.612+0500] {dagbag.py:545} INFO - Filling up the DagBag from /Library/Frameworks/Python.framework/Versions/3.11/lib/python3.11/site-packages/airflow/example_dags/example_params_trigger_ui.py
[2025-12-04T18:35:52.653+0500] {processor.py:840} INFO - DAG(s) 'example_params_trigger_ui' retrieved from /Library/Frameworks/Python.framework/Versions/3.11/lib/python3.11/site-packages/airflow/example_dags/example_params_trigger_ui.py
[2025-12-04T18:35:52.793+0500] {logging_mixin.py:188} INFO - [2025-12-04T18:35:52.792+0500] {dag.py:3089} INFO - Sync 1 DAGs
[2025-12-04T18:35:52.803+0500] {logging_mixin.py:188} INFO - [2025-12-04T18:35:52.803+0500] {dag.py:3947} INFO - Setting next_dagrun for example_params_trigger_ui to None, run_after=None
[2025-12-04T18:35:52.823+0500] {processor.py:183} INFO - Processing /Library/Frameworks/Python.framework/Versions/3.11/lib/python3.11/site-packages/airflow/example_dags/example_params_trigger_ui.py took 0.217 seconds
[2025-12-04T18:37:52.054+0500] {processor.py:161} INFO - Started process (PID=12499) to work on /Library/Frameworks/Python.framework/Versions/3.11/lib/python3.11/site-packages/airflow/example_dags/example_params_trigger_ui.py
[2025-12-04T18:37:52.056+0500] {processor.py:830} INFO - Processing file /Library/Frameworks/Python.framework/Versions/3.11/lib/python3.11/site-packages/airflow/example_dags/example_params_trigger_ui.py for tasks to queue
[2025-12-04T18:37:52.057+0500] {logging_mixin.py:188} INFO - [2025-12-04T18:37:52.057+0500] {dagbag.py:545} INFO - Filling up the DagBag from /Library/Frameworks/Python.framework/Versions/3.11/lib/python3.11/site-packages/airflow/example_dags/example_params_trigger_ui.py
[2025-12-04T18:37:52.100+0500] {processor.py:840} INFO - DAG(s) 'example_params_trigger_ui' retrieved from /Library/Frameworks/Python.framework/Versions/3.11/lib/python3.11/site-packages/airflow/example_dags/example_params_trigger_ui.py
[2025-12-04T18:37:52.240+0500] {logging_mixin.py:188} INFO - [2025-12-04T18:37:52.239+0500] {dag.py:3089} INFO - Sync 1 DAGs
[2025-12-04T18:37:52.251+0500] {logging_mixin.py:188} INFO - [2025-12-04T18:37:52.250+0500] {dag.py:3947} INFO - Setting next_dagrun for example_params_trigger_ui to None, run_after=None
[2025-12-04T18:37:52.271+0500] {processor.py:183} INFO - Processing /Library/Frameworks/Python.framework/Versions/3.11/lib/python3.11/site-packages/airflow/example_dags/example_params_trigger_ui.py took 0.219 seconds
[2025-12-04T18:41:48.067+0500] {processor.py:161} INFO - Started process (PID=12672) to work on /Library/Frameworks/Python.framework/Versions/3.11/lib/python3.11/site-packages/airflow/example_dags/example_params_trigger_ui.py
[2025-12-04T18:41:48.069+0500] {processor.py:830} INFO - Processing file /Library/Frameworks/Python.framework/Versions/3.11/lib/python3.11/site-packages/airflow/example_dags/example_params_trigger_ui.py for tasks to queue
[2025-12-04T18:41:48.070+0500] {logging_mixin.py:188} INFO - [2025-12-04T18:41:48.070+0500] {dagbag.py:545} INFO - Filling up the DagBag from /Library/Frameworks/Python.framework/Versions/3.11/lib/python3.11/site-packages/airflow/example_dags/example_params_trigger_ui.py
[2025-12-04T18:41:48.122+0500] {processor.py:840} INFO - DAG(s) 'example_params_trigger_ui' retrieved from /Library/Frameworks/Python.framework/Versions/3.11/lib/python3.11/site-packages/airflow/example_dags/example_params_trigger_ui.py
[2025-12-04T18:41:48.259+0500] {logging_mixin.py:188} INFO - [2025-12-04T18:41:48.259+0500] {dag.py:3089} INFO - Sync 1 DAGs
[2025-12-04T18:41:48.270+0500] {logging_mixin.py:188} INFO - [2025-12-04T18:41:48.270+0500] {dag.py:3947} INFO - Setting next_dagrun for example_params_trigger_ui to None, run_after=None
[2025-12-04T18:41:48.290+0500] {processor.py:183} INFO - Processing /Library/Frameworks/Python.framework/Versions/3.11/lib/python3.11/site-packages/airflow/example_dags/example_params_trigger_ui.py took 0.226 seconds
[2025-12-04T18:44:06.045+0500] {processor.py:161} INFO - Started process (PID=12762) to work on /Library/Frameworks/Python.framework/Versions/3.11/lib/python3.11/site-packages/airflow/example_dags/example_params_trigger_ui.py
[2025-12-04T18:44:06.047+0500] {processor.py:830} INFO - Processing file /Library/Frameworks/Python.framework/Versions/3.11/lib/python3.11/site-packages/airflow/example_dags/example_params_trigger_ui.py for tasks to queue
[2025-12-04T18:44:06.048+0500] {logging_mixin.py:188} INFO - [2025-12-04T18:44:06.048+0500] {dagbag.py:545} INFO - Filling up the DagBag from /Library/Frameworks/Python.framework/Versions/3.11/lib/python3.11/site-packages/airflow/example_dags/example_params_trigger_ui.py
[2025-12-04T18:44:06.090+0500] {processor.py:840} INFO - DAG(s) 'example_params_trigger_ui' retrieved from /Library/Frameworks/Python.framework/Versions/3.11/lib/python3.11/site-packages/airflow/example_dags/example_params_trigger_ui.py
[2025-12-04T18:44:06.227+0500] {logging_mixin.py:188} INFO - [2025-12-04T18:44:06.226+0500] {dag.py:3089} INFO - Sync 1 DAGs
[2025-12-04T18:44:06.238+0500] {logging_mixin.py:188} INFO - [2025-12-04T18:44:06.237+0500] {dag.py:3947} INFO - Setting next_dagrun for example_params_trigger_ui to None, run_after=None
[2025-12-04T18:44:06.259+0500] {processor.py:183} INFO - Processing /Library/Frameworks/Python.framework/Versions/3.11/lib/python3.11/site-packages/airflow/example_dags/example_params_trigger_ui.py took 0.216 seconds
[2025-12-04T18:46:06.108+0500] {processor.py:161} INFO - Started process (PID=12839) to work on /Library/Frameworks/Python.framework/Versions/3.11/lib/python3.11/site-packages/airflow/example_dags/example_params_trigger_ui.py
[2025-12-04T18:46:06.110+0500] {processor.py:830} INFO - Processing file /Library/Frameworks/Python.framework/Versions/3.11/lib/python3.11/site-packages/airflow/example_dags/example_params_trigger_ui.py for tasks to queue
[2025-12-04T18:46:06.112+0500] {logging_mixin.py:188} INFO - [2025-12-04T18:46:06.111+0500] {dagbag.py:545} INFO - Filling up the DagBag from /Library/Frameworks/Python.framework/Versions/3.11/lib/python3.11/site-packages/airflow/example_dags/example_params_trigger_ui.py
[2025-12-04T18:46:06.159+0500] {processor.py:840} INFO - DAG(s) 'example_params_trigger_ui' retrieved from /Library/Frameworks/Python.framework/Versions/3.11/lib/python3.11/site-packages/airflow/example_dags/example_params_trigger_ui.py
[2025-12-04T18:46:06.318+0500] {logging_mixin.py:188} INFO - [2025-12-04T18:46:06.318+0500] {dag.py:3089} INFO - Sync 1 DAGs
[2025-12-04T18:46:06.329+0500] {logging_mixin.py:188} INFO - [2025-12-04T18:46:06.328+0500] {dag.py:3947} INFO - Setting next_dagrun for example_params_trigger_ui to None, run_after=None
[2025-12-04T18:46:06.350+0500] {processor.py:183} INFO - Processing /Library/Frameworks/Python.framework/Versions/3.11/lib/python3.11/site-packages/airflow/example_dags/example_params_trigger_ui.py took 0.245 seconds
[2025-12-04T18:50:17.374+0500] {processor.py:161} INFO - Started process (PID=12982) to work on /Library/Frameworks/Python.framework/Versions/3.11/lib/python3.11/site-packages/airflow/example_dags/example_params_trigger_ui.py
[2025-12-04T18:50:17.376+0500] {processor.py:830} INFO - Processing file /Library/Frameworks/Python.framework/Versions/3.11/lib/python3.11/site-packages/airflow/example_dags/example_params_trigger_ui.py for tasks to queue
[2025-12-04T18:50:17.377+0500] {logging_mixin.py:188} INFO - [2025-12-04T18:50:17.376+0500] {dagbag.py:545} INFO - Filling up the DagBag from /Library/Frameworks/Python.framework/Versions/3.11/lib/python3.11/site-packages/airflow/example_dags/example_params_trigger_ui.py
[2025-12-04T18:50:17.431+0500] {processor.py:840} INFO - DAG(s) 'example_params_trigger_ui' retrieved from /Library/Frameworks/Python.framework/Versions/3.11/lib/python3.11/site-packages/airflow/example_dags/example_params_trigger_ui.py
[2025-12-04T18:50:17.604+0500] {logging_mixin.py:188} INFO - [2025-12-04T18:50:17.604+0500] {dag.py:3089} INFO - Sync 1 DAGs
[2025-12-04T18:50:17.619+0500] {logging_mixin.py:188} INFO - [2025-12-04T18:50:17.619+0500] {dag.py:3947} INFO - Setting next_dagrun for example_params_trigger_ui to None, run_after=None
[2025-12-04T18:50:17.657+0500] {processor.py:183} INFO - Processing /Library/Frameworks/Python.framework/Versions/3.11/lib/python3.11/site-packages/airflow/example_dags/example_params_trigger_ui.py took 0.287 seconds
[2025-12-04T18:52:42.308+0500] {processor.py:161} INFO - Started process (PID=13083) to work on /Library/Frameworks/Python.framework/Versions/3.11/lib/python3.11/site-packages/airflow/example_dags/example_params_trigger_ui.py
[2025-12-04T18:52:42.310+0500] {processor.py:830} INFO - Processing file /Library/Frameworks/Python.framework/Versions/3.11/lib/python3.11/site-packages/airflow/example_dags/example_params_trigger_ui.py for tasks to queue
[2025-12-04T18:52:42.311+0500] {logging_mixin.py:188} INFO - [2025-12-04T18:52:42.311+0500] {dagbag.py:545} INFO - Filling up the DagBag from /Library/Frameworks/Python.framework/Versions/3.11/lib/python3.11/site-packages/airflow/example_dags/example_params_trigger_ui.py
[2025-12-04T18:52:42.364+0500] {processor.py:840} INFO - DAG(s) 'example_params_trigger_ui' retrieved from /Library/Frameworks/Python.framework/Versions/3.11/lib/python3.11/site-packages/airflow/example_dags/example_params_trigger_ui.py
[2025-12-04T18:52:42.521+0500] {logging_mixin.py:188} INFO - [2025-12-04T18:52:42.521+0500] {dag.py:3089} INFO - Sync 1 DAGs
[2025-12-04T18:52:42.534+0500] {logging_mixin.py:188} INFO - [2025-12-04T18:52:42.533+0500] {dag.py:3947} INFO - Setting next_dagrun for example_params_trigger_ui to None, run_after=None
[2025-12-04T18:52:42.556+0500] {processor.py:183} INFO - Processing /Library/Frameworks/Python.framework/Versions/3.11/lib/python3.11/site-packages/airflow/example_dags/example_params_trigger_ui.py took 0.252 seconds
[2025-12-04T18:54:48.916+0500] {processor.py:161} INFO - Started process (PID=13166) to work on /Library/Frameworks/Python.framework/Versions/3.11/lib/python3.11/site-packages/airflow/example_dags/example_params_trigger_ui.py
[2025-12-04T18:54:48.918+0500] {processor.py:830} INFO - Processing file /Library/Frameworks/Python.framework/Versions/3.11/lib/python3.11/site-packages/airflow/example_dags/example_params_trigger_ui.py for tasks to queue
[2025-12-04T18:54:48.919+0500] {logging_mixin.py:188} INFO - [2025-12-04T18:54:48.919+0500] {dagbag.py:545} INFO - Filling up the DagBag from /Library/Frameworks/Python.framework/Versions/3.11/lib/python3.11/site-packages/airflow/example_dags/example_params_trigger_ui.py
[2025-12-04T18:54:48.962+0500] {processor.py:840} INFO - DAG(s) 'example_params_trigger_ui' retrieved from /Library/Frameworks/Python.framework/Versions/3.11/lib/python3.11/site-packages/airflow/example_dags/example_params_trigger_ui.py
[2025-12-04T18:54:49.107+0500] {logging_mixin.py:188} INFO - [2025-12-04T18:54:49.107+0500] {dag.py:3089} INFO - Sync 1 DAGs
[2025-12-04T18:54:49.118+0500] {logging_mixin.py:188} INFO - [2025-12-04T18:54:49.117+0500] {dag.py:3947} INFO - Setting next_dagrun for example_params_trigger_ui to None, run_after=None
[2025-12-04T18:54:49.139+0500] {processor.py:183} INFO - Processing /Library/Frameworks/Python.framework/Versions/3.11/lib/python3.11/site-packages/airflow/example_dags/example_params_trigger_ui.py took 0.226 seconds
[2025-12-04T19:34:13.955+0500] {processor.py:161} INFO - Started process (PID=14606) to work on /Library/Frameworks/Python.framework/Versions/3.11/lib/python3.11/site-packages/airflow/example_dags/example_params_trigger_ui.py
[2025-12-04T19:34:13.958+0500] {processor.py:830} INFO - Processing file /Library/Frameworks/Python.framework/Versions/3.11/lib/python3.11/site-packages/airflow/example_dags/example_params_trigger_ui.py for tasks to queue
[2025-12-04T19:34:13.962+0500] {logging_mixin.py:188} INFO - [2025-12-04T19:34:13.962+0500] {dagbag.py:545} INFO - Filling up the DagBag from /Library/Frameworks/Python.framework/Versions/3.11/lib/python3.11/site-packages/airflow/example_dags/example_params_trigger_ui.py
[2025-12-04T19:34:14.018+0500] {processor.py:840} INFO - DAG(s) 'example_params_trigger_ui' retrieved from /Library/Frameworks/Python.framework/Versions/3.11/lib/python3.11/site-packages/airflow/example_dags/example_params_trigger_ui.py
[2025-12-04T19:34:14.218+0500] {logging_mixin.py:188} INFO - [2025-12-04T19:34:14.218+0500] {dag.py:3089} INFO - Sync 1 DAGs
[2025-12-04T19:34:14.235+0500] {logging_mixin.py:188} INFO - [2025-12-04T19:34:14.235+0500] {dag.py:3947} INFO - Setting next_dagrun for example_params_trigger_ui to None, run_after=None
[2025-12-04T19:34:14.280+0500] {processor.py:183} INFO - Processing /Library/Frameworks/Python.framework/Versions/3.11/lib/python3.11/site-packages/airflow/example_dags/example_params_trigger_ui.py took 0.330 seconds
[2025-12-04T19:37:19.286+0500] {processor.py:161} INFO - Started process (PID=14733) to work on /Library/Frameworks/Python.framework/Versions/3.11/lib/python3.11/site-packages/airflow/example_dags/example_params_trigger_ui.py
[2025-12-04T19:37:19.288+0500] {processor.py:830} INFO - Processing file /Library/Frameworks/Python.framework/Versions/3.11/lib/python3.11/site-packages/airflow/example_dags/example_params_trigger_ui.py for tasks to queue
[2025-12-04T19:37:19.289+0500] {logging_mixin.py:188} INFO - [2025-12-04T19:37:19.289+0500] {dagbag.py:545} INFO - Filling up the DagBag from /Library/Frameworks/Python.framework/Versions/3.11/lib/python3.11/site-packages/airflow/example_dags/example_params_trigger_ui.py
[2025-12-04T19:37:19.329+0500] {processor.py:840} INFO - DAG(s) 'example_params_trigger_ui' retrieved from /Library/Frameworks/Python.framework/Versions/3.11/lib/python3.11/site-packages/airflow/example_dags/example_params_trigger_ui.py
[2025-12-04T19:37:19.461+0500] {logging_mixin.py:188} INFO - [2025-12-04T19:37:19.460+0500] {dag.py:3089} INFO - Sync 1 DAGs
[2025-12-04T19:37:19.471+0500] {logging_mixin.py:188} INFO - [2025-12-04T19:37:19.471+0500] {dag.py:3947} INFO - Setting next_dagrun for example_params_trigger_ui to None, run_after=None
[2025-12-04T19:37:19.492+0500] {processor.py:183} INFO - Processing /Library/Frameworks/Python.framework/Versions/3.11/lib/python3.11/site-packages/airflow/example_dags/example_params_trigger_ui.py took 0.209 seconds
[2025-12-04T19:39:22.027+0500] {processor.py:161} INFO - Started process (PID=14804) to work on /Library/Frameworks/Python.framework/Versions/3.11/lib/python3.11/site-packages/airflow/example_dags/example_params_trigger_ui.py
[2025-12-04T19:39:22.029+0500] {processor.py:830} INFO - Processing file /Library/Frameworks/Python.framework/Versions/3.11/lib/python3.11/site-packages/airflow/example_dags/example_params_trigger_ui.py for tasks to queue
[2025-12-04T19:39:22.031+0500] {logging_mixin.py:188} INFO - [2025-12-04T19:39:22.030+0500] {dagbag.py:545} INFO - Filling up the DagBag from /Library/Frameworks/Python.framework/Versions/3.11/lib/python3.11/site-packages/airflow/example_dags/example_params_trigger_ui.py
[2025-12-04T19:39:22.070+0500] {processor.py:840} INFO - DAG(s) 'example_params_trigger_ui' retrieved from /Library/Frameworks/Python.framework/Versions/3.11/lib/python3.11/site-packages/airflow/example_dags/example_params_trigger_ui.py
[2025-12-04T19:39:22.210+0500] {logging_mixin.py:188} INFO - [2025-12-04T19:39:22.210+0500] {dag.py:3089} INFO - Sync 1 DAGs
[2025-12-04T19:39:22.221+0500] {logging_mixin.py:188} INFO - [2025-12-04T19:39:22.220+0500] {dag.py:3947} INFO - Setting next_dagrun for example_params_trigger_ui to None, run_after=None
[2025-12-04T19:39:22.247+0500] {processor.py:183} INFO - Processing /Library/Frameworks/Python.framework/Versions/3.11/lib/python3.11/site-packages/airflow/example_dags/example_params_trigger_ui.py took 0.222 seconds
[2025-12-04T19:43:53.097+0500] {processor.py:161} INFO - Started process (PID=14966) to work on /Library/Frameworks/Python.framework/Versions/3.11/lib/python3.11/site-packages/airflow/example_dags/example_params_trigger_ui.py
[2025-12-04T19:43:53.101+0500] {processor.py:830} INFO - Processing file /Library/Frameworks/Python.framework/Versions/3.11/lib/python3.11/site-packages/airflow/example_dags/example_params_trigger_ui.py for tasks to queue
[2025-12-04T19:43:53.102+0500] {logging_mixin.py:188} INFO - [2025-12-04T19:43:53.102+0500] {dagbag.py:545} INFO - Filling up the DagBag from /Library/Frameworks/Python.framework/Versions/3.11/lib/python3.11/site-packages/airflow/example_dags/example_params_trigger_ui.py
[2025-12-04T19:43:53.150+0500] {processor.py:840} INFO - DAG(s) 'example_params_trigger_ui' retrieved from /Library/Frameworks/Python.framework/Versions/3.11/lib/python3.11/site-packages/airflow/example_dags/example_params_trigger_ui.py
[2025-12-04T19:43:53.296+0500] {logging_mixin.py:188} INFO - [2025-12-04T19:43:53.295+0500] {dag.py:3089} INFO - Sync 1 DAGs
[2025-12-04T19:43:53.306+0500] {logging_mixin.py:188} INFO - [2025-12-04T19:43:53.306+0500] {dag.py:3947} INFO - Setting next_dagrun for example_params_trigger_ui to None, run_after=None
[2025-12-04T19:43:53.330+0500] {processor.py:183} INFO - Processing /Library/Frameworks/Python.framework/Versions/3.11/lib/python3.11/site-packages/airflow/example_dags/example_params_trigger_ui.py took 0.236 seconds
[2025-12-04T19:46:16.935+0500] {processor.py:161} INFO - Started process (PID=15044) to work on /Library/Frameworks/Python.framework/Versions/3.11/lib/python3.11/site-packages/airflow/example_dags/example_params_trigger_ui.py
[2025-12-04T19:46:16.938+0500] {processor.py:830} INFO - Processing file /Library/Frameworks/Python.framework/Versions/3.11/lib/python3.11/site-packages/airflow/example_dags/example_params_trigger_ui.py for tasks to queue
[2025-12-04T19:46:16.939+0500] {logging_mixin.py:188} INFO - [2025-12-04T19:46:16.938+0500] {dagbag.py:545} INFO - Filling up the DagBag from /Library/Frameworks/Python.framework/Versions/3.11/lib/python3.11/site-packages/airflow/example_dags/example_params_trigger_ui.py
[2025-12-04T19:46:17.009+0500] {processor.py:840} INFO - DAG(s) 'example_params_trigger_ui' retrieved from /Library/Frameworks/Python.framework/Versions/3.11/lib/python3.11/site-packages/airflow/example_dags/example_params_trigger_ui.py
[2025-12-04T19:46:17.260+0500] {logging_mixin.py:188} INFO - [2025-12-04T19:46:17.260+0500] {dag.py:3089} INFO - Sync 1 DAGs
[2025-12-04T19:46:17.275+0500] {logging_mixin.py:188} INFO - [2025-12-04T19:46:17.275+0500] {dag.py:3947} INFO - Setting next_dagrun for example_params_trigger_ui to None, run_after=None
[2025-12-04T19:46:17.308+0500] {processor.py:183} INFO - Processing /Library/Frameworks/Python.framework/Versions/3.11/lib/python3.11/site-packages/airflow/example_dags/example_params_trigger_ui.py took 0.377 seconds
[2025-12-04T19:48:36.136+0500] {processor.py:161} INFO - Started process (PID=15140) to work on /Library/Frameworks/Python.framework/Versions/3.11/lib/python3.11/site-packages/airflow/example_dags/example_params_trigger_ui.py
[2025-12-04T19:48:36.138+0500] {processor.py:830} INFO - Processing file /Library/Frameworks/Python.framework/Versions/3.11/lib/python3.11/site-packages/airflow/example_dags/example_params_trigger_ui.py for tasks to queue
[2025-12-04T19:48:36.139+0500] {logging_mixin.py:188} INFO - [2025-12-04T19:48:36.139+0500] {dagbag.py:545} INFO - Filling up the DagBag from /Library/Frameworks/Python.framework/Versions/3.11/lib/python3.11/site-packages/airflow/example_dags/example_params_trigger_ui.py
[2025-12-04T19:48:36.180+0500] {processor.py:840} INFO - DAG(s) 'example_params_trigger_ui' retrieved from /Library/Frameworks/Python.framework/Versions/3.11/lib/python3.11/site-packages/airflow/example_dags/example_params_trigger_ui.py
[2025-12-04T19:48:36.321+0500] {logging_mixin.py:188} INFO - [2025-12-04T19:48:36.320+0500] {dag.py:3089} INFO - Sync 1 DAGs
[2025-12-04T19:48:36.332+0500] {logging_mixin.py:188} INFO - [2025-12-04T19:48:36.332+0500] {dag.py:3947} INFO - Setting next_dagrun for example_params_trigger_ui to None, run_after=None
[2025-12-04T19:48:36.354+0500] {processor.py:183} INFO - Processing /Library/Frameworks/Python.framework/Versions/3.11/lib/python3.11/site-packages/airflow/example_dags/example_params_trigger_ui.py took 0.221 seconds
[2025-12-04T19:50:37.658+0500] {processor.py:161} INFO - Started process (PID=15207) to work on /Library/Frameworks/Python.framework/Versions/3.11/lib/python3.11/site-packages/airflow/example_dags/example_params_trigger_ui.py
[2025-12-04T19:50:37.660+0500] {processor.py:830} INFO - Processing file /Library/Frameworks/Python.framework/Versions/3.11/lib/python3.11/site-packages/airflow/example_dags/example_params_trigger_ui.py for tasks to queue
[2025-12-04T19:50:37.661+0500] {logging_mixin.py:188} INFO - [2025-12-04T19:50:37.661+0500] {dagbag.py:545} INFO - Filling up the DagBag from /Library/Frameworks/Python.framework/Versions/3.11/lib/python3.11/site-packages/airflow/example_dags/example_params_trigger_ui.py
[2025-12-04T19:50:37.706+0500] {processor.py:840} INFO - DAG(s) 'example_params_trigger_ui' retrieved from /Library/Frameworks/Python.framework/Versions/3.11/lib/python3.11/site-packages/airflow/example_dags/example_params_trigger_ui.py
[2025-12-04T19:50:37.843+0500] {logging_mixin.py:188} INFO - [2025-12-04T19:50:37.843+0500] {dag.py:3089} INFO - Sync 1 DAGs
[2025-12-04T19:50:37.854+0500] {logging_mixin.py:188} INFO - [2025-12-04T19:50:37.854+0500] {dag.py:3947} INFO - Setting next_dagrun for example_params_trigger_ui to None, run_after=None
[2025-12-04T19:50:37.874+0500] {processor.py:183} INFO - Processing /Library/Frameworks/Python.framework/Versions/3.11/lib/python3.11/site-packages/airflow/example_dags/example_params_trigger_ui.py took 0.222 seconds
[2025-12-04T19:54:34.729+0500] {processor.py:161} INFO - Started process (PID=15388) to work on /Library/Frameworks/Python.framework/Versions/3.11/lib/python3.11/site-packages/airflow/example_dags/example_params_trigger_ui.py
[2025-12-04T19:54:34.732+0500] {processor.py:830} INFO - Processing file /Library/Frameworks/Python.framework/Versions/3.11/lib/python3.11/site-packages/airflow/example_dags/example_params_trigger_ui.py for tasks to queue
[2025-12-04T19:54:34.733+0500] {logging_mixin.py:188} INFO - [2025-12-04T19:54:34.733+0500] {dagbag.py:545} INFO - Filling up the DagBag from /Library/Frameworks/Python.framework/Versions/3.11/lib/python3.11/site-packages/airflow/example_dags/example_params_trigger_ui.py
[2025-12-04T19:54:34.776+0500] {processor.py:840} INFO - DAG(s) 'example_params_trigger_ui' retrieved from /Library/Frameworks/Python.framework/Versions/3.11/lib/python3.11/site-packages/airflow/example_dags/example_params_trigger_ui.py
[2025-12-04T19:54:34.913+0500] {logging_mixin.py:188} INFO - [2025-12-04T19:54:34.912+0500] {dag.py:3089} INFO - Sync 1 DAGs
[2025-12-04T19:54:34.923+0500] {logging_mixin.py:188} INFO - [2025-12-04T19:54:34.923+0500] {dag.py:3947} INFO - Setting next_dagrun for example_params_trigger_ui to None, run_after=None
[2025-12-04T19:54:34.944+0500] {processor.py:183} INFO - Processing /Library/Frameworks/Python.framework/Versions/3.11/lib/python3.11/site-packages/airflow/example_dags/example_params_trigger_ui.py took 0.218 seconds
[2025-12-04T20:15:22.107+0500] {processor.py:161} INFO - Started process (PID=15518) to work on /Library/Frameworks/Python.framework/Versions/3.11/lib/python3.11/site-packages/airflow/example_dags/example_params_trigger_ui.py
[2025-12-04T20:15:22.109+0500] {processor.py:830} INFO - Processing file /Library/Frameworks/Python.framework/Versions/3.11/lib/python3.11/site-packages/airflow/example_dags/example_params_trigger_ui.py for tasks to queue
[2025-12-04T20:15:22.110+0500] {logging_mixin.py:188} INFO - [2025-12-04T20:15:22.109+0500] {dagbag.py:545} INFO - Filling up the DagBag from /Library/Frameworks/Python.framework/Versions/3.11/lib/python3.11/site-packages/airflow/example_dags/example_params_trigger_ui.py
[2025-12-04T20:15:22.193+0500] {processor.py:840} INFO - DAG(s) 'example_params_trigger_ui' retrieved from /Library/Frameworks/Python.framework/Versions/3.11/lib/python3.11/site-packages/airflow/example_dags/example_params_trigger_ui.py
[2025-12-04T20:15:22.472+0500] {logging_mixin.py:188} INFO - [2025-12-04T20:15:22.471+0500] {dag.py:3089} INFO - Sync 1 DAGs
[2025-12-04T20:15:22.524+0500] {logging_mixin.py:188} INFO - [2025-12-04T20:15:22.523+0500] {dag.py:3947} INFO - Setting next_dagrun for example_params_trigger_ui to None, run_after=None
[2025-12-04T20:15:22.557+0500] {processor.py:183} INFO - Processing /Library/Frameworks/Python.framework/Versions/3.11/lib/python3.11/site-packages/airflow/example_dags/example_params_trigger_ui.py took 0.453 seconds
[2025-12-04T20:42:34.248+0500] {processor.py:161} INFO - Started process (PID=15647) to work on /Library/Frameworks/Python.framework/Versions/3.11/lib/python3.11/site-packages/airflow/example_dags/example_params_trigger_ui.py
[2025-12-04T20:42:34.251+0500] {processor.py:830} INFO - Processing file /Library/Frameworks/Python.framework/Versions/3.11/lib/python3.11/site-packages/airflow/example_dags/example_params_trigger_ui.py for tasks to queue
[2025-12-04T20:42:34.253+0500] {logging_mixin.py:188} INFO - [2025-12-04T20:42:34.252+0500] {dagbag.py:545} INFO - Filling up the DagBag from /Library/Frameworks/Python.framework/Versions/3.11/lib/python3.11/site-packages/airflow/example_dags/example_params_trigger_ui.py
[2025-12-04T20:42:34.349+0500] {processor.py:840} INFO - DAG(s) 'example_params_trigger_ui' retrieved from /Library/Frameworks/Python.framework/Versions/3.11/lib/python3.11/site-packages/airflow/example_dags/example_params_trigger_ui.py
[2025-12-04T20:42:34.579+0500] {logging_mixin.py:188} INFO - [2025-12-04T20:42:34.579+0500] {dag.py:3089} INFO - Sync 1 DAGs
[2025-12-04T20:42:34.598+0500] {logging_mixin.py:188} INFO - [2025-12-04T20:42:34.597+0500] {dag.py:3947} INFO - Setting next_dagrun for example_params_trigger_ui to None, run_after=None
[2025-12-04T20:42:34.632+0500] {processor.py:183} INFO - Processing /Library/Frameworks/Python.framework/Versions/3.11/lib/python3.11/site-packages/airflow/example_dags/example_params_trigger_ui.py took 0.388 seconds
[2025-12-04T20:45:27.452+0500] {processor.py:161} INFO - Started process (PID=15794) to work on /Library/Frameworks/Python.framework/Versions/3.11/lib/python3.11/site-packages/airflow/example_dags/example_params_trigger_ui.py
[2025-12-04T20:45:27.454+0500] {processor.py:830} INFO - Processing file /Library/Frameworks/Python.framework/Versions/3.11/lib/python3.11/site-packages/airflow/example_dags/example_params_trigger_ui.py for tasks to queue
[2025-12-04T20:45:27.455+0500] {logging_mixin.py:188} INFO - [2025-12-04T20:45:27.455+0500] {dagbag.py:545} INFO - Filling up the DagBag from /Library/Frameworks/Python.framework/Versions/3.11/lib/python3.11/site-packages/airflow/example_dags/example_params_trigger_ui.py
[2025-12-04T20:45:27.527+0500] {processor.py:840} INFO - DAG(s) 'example_params_trigger_ui' retrieved from /Library/Frameworks/Python.framework/Versions/3.11/lib/python3.11/site-packages/airflow/example_dags/example_params_trigger_ui.py
[2025-12-04T20:45:27.683+0500] {logging_mixin.py:188} INFO - [2025-12-04T20:45:27.683+0500] {dag.py:3089} INFO - Sync 1 DAGs
[2025-12-04T20:45:27.695+0500] {logging_mixin.py:188} INFO - [2025-12-04T20:45:27.695+0500] {dag.py:3947} INFO - Setting next_dagrun for example_params_trigger_ui to None, run_after=None
[2025-12-04T20:45:27.717+0500] {processor.py:183} INFO - Processing /Library/Frameworks/Python.framework/Versions/3.11/lib/python3.11/site-packages/airflow/example_dags/example_params_trigger_ui.py took 0.269 seconds
[2025-12-04T20:47:55.223+0500] {processor.py:161} INFO - Started process (PID=15873) to work on /Library/Frameworks/Python.framework/Versions/3.11/lib/python3.11/site-packages/airflow/example_dags/example_params_trigger_ui.py
[2025-12-04T20:47:55.224+0500] {processor.py:830} INFO - Processing file /Library/Frameworks/Python.framework/Versions/3.11/lib/python3.11/site-packages/airflow/example_dags/example_params_trigger_ui.py for tasks to queue
[2025-12-04T20:47:55.225+0500] {logging_mixin.py:188} INFO - [2025-12-04T20:47:55.225+0500] {dagbag.py:545} INFO - Filling up the DagBag from /Library/Frameworks/Python.framework/Versions/3.11/lib/python3.11/site-packages/airflow/example_dags/example_params_trigger_ui.py
[2025-12-04T20:47:55.265+0500] {processor.py:840} INFO - DAG(s) 'example_params_trigger_ui' retrieved from /Library/Frameworks/Python.framework/Versions/3.11/lib/python3.11/site-packages/airflow/example_dags/example_params_trigger_ui.py
[2025-12-04T20:47:55.435+0500] {logging_mixin.py:188} INFO - [2025-12-04T20:47:55.435+0500] {dag.py:3089} INFO - Sync 1 DAGs
[2025-12-04T20:47:55.447+0500] {logging_mixin.py:188} INFO - [2025-12-04T20:47:55.447+0500] {dag.py:3947} INFO - Setting next_dagrun for example_params_trigger_ui to None, run_after=None
[2025-12-04T20:47:55.471+0500] {processor.py:183} INFO - Processing /Library/Frameworks/Python.framework/Versions/3.11/lib/python3.11/site-packages/airflow/example_dags/example_params_trigger_ui.py took 0.251 seconds
