[2025-12-04T18:18:33.182+0500] {processor.py:161} INFO - Started process (PID=11689) to work on /Library/Frameworks/Python.framework/Versions/3.11/lib/python3.11/site-packages/airflow/example_dags/example_trigger_target_dag.py
[2025-12-04T18:18:33.186+0500] {processor.py:830} INFO - Processing file /Library/Frameworks/Python.framework/Versions/3.11/lib/python3.11/site-packages/airflow/example_dags/example_trigger_target_dag.py for tasks to queue
[2025-12-04T18:18:33.187+0500] {logging_mixin.py:188} INFO - [2025-12-04T18:18:33.186+0500] {dagbag.py:545} INFO - Filling up the DagBag from /Library/Frameworks/Python.framework/Versions/3.11/lib/python3.11/site-packages/airflow/example_dags/example_trigger_target_dag.py
[2025-12-04T18:18:33.228+0500] {processor.py:840} INFO - DAG(s) 'example_trigger_target_dag' retrieved from /Library/Frameworks/Python.framework/Versions/3.11/lib/python3.11/site-packages/airflow/example_dags/example_trigger_target_dag.py
[2025-12-04T18:18:33.522+0500] {logging_mixin.py:188} INFO - [2025-12-04T18:18:33.521+0500] {override.py:1858} INFO - Created Permission View: can delete on DAG:example_trigger_target_dag
[2025-12-04T18:18:33.533+0500] {logging_mixin.py:188} INFO - [2025-12-04T18:18:33.532+0500] {override.py:1858} INFO - Created Permission View: can edit on DAG:example_trigger_target_dag
[2025-12-04T18:18:33.540+0500] {logging_mixin.py:188} INFO - [2025-12-04T18:18:33.540+0500] {override.py:1858} INFO - Created Permission View: can read on DAG:example_trigger_target_dag
[2025-12-04T18:18:33.541+0500] {logging_mixin.py:188} INFO - [2025-12-04T18:18:33.541+0500] {dag.py:3089} INFO - Sync 1 DAGs
[2025-12-04T18:18:33.552+0500] {logging_mixin.py:188} INFO - [2025-12-04T18:18:33.551+0500] {dag.py:3111} INFO - Creating ORM DAG for example_trigger_target_dag
[2025-12-04T18:18:33.552+0500] {logging_mixin.py:188} INFO - [2025-12-04T18:18:33.552+0500] {dag.py:3947} INFO - Setting next_dagrun for example_trigger_target_dag to None, run_after=None
[2025-12-04T18:18:33.578+0500] {processor.py:183} INFO - Processing /Library/Frameworks/Python.framework/Versions/3.11/lib/python3.11/site-packages/airflow/example_dags/example_trigger_target_dag.py took 0.400 seconds
[2025-12-04T18:21:25.972+0500] {processor.py:161} INFO - Started process (PID=11779) to work on /Library/Frameworks/Python.framework/Versions/3.11/lib/python3.11/site-packages/airflow/example_dags/example_trigger_target_dag.py
[2025-12-04T18:21:25.974+0500] {processor.py:830} INFO - Processing file /Library/Frameworks/Python.framework/Versions/3.11/lib/python3.11/site-packages/airflow/example_dags/example_trigger_target_dag.py for tasks to queue
[2025-12-04T18:21:25.975+0500] {logging_mixin.py:188} INFO - [2025-12-04T18:21:25.975+0500] {dagbag.py:545} INFO - Filling up the DagBag from /Library/Frameworks/Python.framework/Versions/3.11/lib/python3.11/site-packages/airflow/example_dags/example_trigger_target_dag.py
[2025-12-04T18:21:26.013+0500] {processor.py:840} INFO - DAG(s) 'example_trigger_target_dag' retrieved from /Library/Frameworks/Python.framework/Versions/3.11/lib/python3.11/site-packages/airflow/example_dags/example_trigger_target_dag.py
[2025-12-04T18:21:26.118+0500] {logging_mixin.py:188} INFO - [2025-12-04T18:21:26.118+0500] {dag.py:3089} INFO - Sync 1 DAGs
[2025-12-04T18:21:26.128+0500] {logging_mixin.py:188} INFO - [2025-12-04T18:21:26.128+0500] {dag.py:3947} INFO - Setting next_dagrun for example_trigger_target_dag to None, run_after=None
[2025-12-04T18:21:26.148+0500] {processor.py:183} INFO - Processing /Library/Frameworks/Python.framework/Versions/3.11/lib/python3.11/site-packages/airflow/example_dags/example_trigger_target_dag.py took 0.178 seconds
[2025-12-04T18:23:31.814+0500] {processor.py:161} INFO - Started process (PID=11867) to work on /Library/Frameworks/Python.framework/Versions/3.11/lib/python3.11/site-packages/airflow/example_dags/example_trigger_target_dag.py
[2025-12-04T18:23:31.816+0500] {processor.py:830} INFO - Processing file /Library/Frameworks/Python.framework/Versions/3.11/lib/python3.11/site-packages/airflow/example_dags/example_trigger_target_dag.py for tasks to queue
[2025-12-04T18:23:31.817+0500] {logging_mixin.py:188} INFO - [2025-12-04T18:23:31.817+0500] {dagbag.py:545} INFO - Filling up the DagBag from /Library/Frameworks/Python.framework/Versions/3.11/lib/python3.11/site-packages/airflow/example_dags/example_trigger_target_dag.py
[2025-12-04T18:23:31.856+0500] {processor.py:840} INFO - DAG(s) 'example_trigger_target_dag' retrieved from /Library/Frameworks/Python.framework/Versions/3.11/lib/python3.11/site-packages/airflow/example_dags/example_trigger_target_dag.py
[2025-12-04T18:23:31.967+0500] {logging_mixin.py:188} INFO - [2025-12-04T18:23:31.967+0500] {dag.py:3089} INFO - Sync 1 DAGs
[2025-12-04T18:23:31.978+0500] {logging_mixin.py:188} INFO - [2025-12-04T18:23:31.978+0500] {dag.py:3947} INFO - Setting next_dagrun for example_trigger_target_dag to None, run_after=None
[2025-12-04T18:23:31.999+0500] {processor.py:183} INFO - Processing /Library/Frameworks/Python.framework/Versions/3.11/lib/python3.11/site-packages/airflow/example_dags/example_trigger_target_dag.py took 0.188 seconds
[2025-12-04T18:25:34.495+0500] {processor.py:161} INFO - Started process (PID=11967) to work on /Library/Frameworks/Python.framework/Versions/3.11/lib/python3.11/site-packages/airflow/example_dags/example_trigger_target_dag.py
[2025-12-04T18:25:34.497+0500] {processor.py:830} INFO - Processing file /Library/Frameworks/Python.framework/Versions/3.11/lib/python3.11/site-packages/airflow/example_dags/example_trigger_target_dag.py for tasks to queue
[2025-12-04T18:25:34.498+0500] {logging_mixin.py:188} INFO - [2025-12-04T18:25:34.498+0500] {dagbag.py:545} INFO - Filling up the DagBag from /Library/Frameworks/Python.framework/Versions/3.11/lib/python3.11/site-packages/airflow/example_dags/example_trigger_target_dag.py
[2025-12-04T18:25:34.535+0500] {processor.py:840} INFO - DAG(s) 'example_trigger_target_dag' retrieved from /Library/Frameworks/Python.framework/Versions/3.11/lib/python3.11/site-packages/airflow/example_dags/example_trigger_target_dag.py
[2025-12-04T18:25:34.649+0500] {logging_mixin.py:188} INFO - [2025-12-04T18:25:34.648+0500] {dag.py:3089} INFO - Sync 1 DAGs
[2025-12-04T18:25:34.660+0500] {logging_mixin.py:188} INFO - [2025-12-04T18:25:34.660+0500] {dag.py:3947} INFO - Setting next_dagrun for example_trigger_target_dag to None, run_after=None
[2025-12-04T18:25:34.686+0500] {processor.py:183} INFO - Processing /Library/Frameworks/Python.framework/Versions/3.11/lib/python3.11/site-packages/airflow/example_dags/example_trigger_target_dag.py took 0.194 seconds
[2025-12-04T18:27:47.118+0500] {processor.py:161} INFO - Started process (PID=12075) to work on /Library/Frameworks/Python.framework/Versions/3.11/lib/python3.11/site-packages/airflow/example_dags/example_trigger_target_dag.py
[2025-12-04T18:27:47.124+0500] {processor.py:830} INFO - Processing file /Library/Frameworks/Python.framework/Versions/3.11/lib/python3.11/site-packages/airflow/example_dags/example_trigger_target_dag.py for tasks to queue
[2025-12-04T18:27:47.125+0500] {logging_mixin.py:188} INFO - [2025-12-04T18:27:47.125+0500] {dagbag.py:545} INFO - Filling up the DagBag from /Library/Frameworks/Python.framework/Versions/3.11/lib/python3.11/site-packages/airflow/example_dags/example_trigger_target_dag.py
[2025-12-04T18:27:47.171+0500] {processor.py:840} INFO - DAG(s) 'example_trigger_target_dag' retrieved from /Library/Frameworks/Python.framework/Versions/3.11/lib/python3.11/site-packages/airflow/example_dags/example_trigger_target_dag.py
[2025-12-04T18:27:47.314+0500] {logging_mixin.py:188} INFO - [2025-12-04T18:27:47.314+0500] {dag.py:3089} INFO - Sync 1 DAGs
[2025-12-04T18:27:47.332+0500] {logging_mixin.py:188} INFO - [2025-12-04T18:27:47.331+0500] {dag.py:3947} INFO - Setting next_dagrun for example_trigger_target_dag to None, run_after=None
[2025-12-04T18:27:47.365+0500] {processor.py:183} INFO - Processing /Library/Frameworks/Python.framework/Versions/3.11/lib/python3.11/site-packages/airflow/example_dags/example_trigger_target_dag.py took 0.252 seconds
[2025-12-04T18:30:17.323+0500] {processor.py:161} INFO - Started process (PID=12194) to work on /Library/Frameworks/Python.framework/Versions/3.11/lib/python3.11/site-packages/airflow/example_dags/example_trigger_target_dag.py
[2025-12-04T18:30:17.326+0500] {processor.py:830} INFO - Processing file /Library/Frameworks/Python.framework/Versions/3.11/lib/python3.11/site-packages/airflow/example_dags/example_trigger_target_dag.py for tasks to queue
[2025-12-04T18:30:17.327+0500] {logging_mixin.py:188} INFO - [2025-12-04T18:30:17.326+0500] {dagbag.py:545} INFO - Filling up the DagBag from /Library/Frameworks/Python.framework/Versions/3.11/lib/python3.11/site-packages/airflow/example_dags/example_trigger_target_dag.py
[2025-12-04T18:30:17.385+0500] {processor.py:840} INFO - DAG(s) 'example_trigger_target_dag' retrieved from /Library/Frameworks/Python.framework/Versions/3.11/lib/python3.11/site-packages/airflow/example_dags/example_trigger_target_dag.py
[2025-12-04T18:30:17.553+0500] {logging_mixin.py:188} INFO - [2025-12-04T18:30:17.553+0500] {dag.py:3089} INFO - Sync 1 DAGs
[2025-12-04T18:30:17.569+0500] {logging_mixin.py:188} INFO - [2025-12-04T18:30:17.569+0500] {dag.py:3947} INFO - Setting next_dagrun for example_trigger_target_dag to None, run_after=None
[2025-12-04T18:30:17.595+0500] {processor.py:183} INFO - Processing /Library/Frameworks/Python.framework/Versions/3.11/lib/python3.11/site-packages/airflow/example_dags/example_trigger_target_dag.py took 0.276 seconds
[2025-12-04T18:32:44.001+0500] {processor.py:161} INFO - Started process (PID=12286) to work on /Library/Frameworks/Python.framework/Versions/3.11/lib/python3.11/site-packages/airflow/example_dags/example_trigger_target_dag.py
[2025-12-04T18:32:44.004+0500] {processor.py:830} INFO - Processing file /Library/Frameworks/Python.framework/Versions/3.11/lib/python3.11/site-packages/airflow/example_dags/example_trigger_target_dag.py for tasks to queue
[2025-12-04T18:32:44.005+0500] {logging_mixin.py:188} INFO - [2025-12-04T18:32:44.005+0500] {dagbag.py:545} INFO - Filling up the DagBag from /Library/Frameworks/Python.framework/Versions/3.11/lib/python3.11/site-packages/airflow/example_dags/example_trigger_target_dag.py
[2025-12-04T18:32:44.050+0500] {processor.py:840} INFO - DAG(s) 'example_trigger_target_dag' retrieved from /Library/Frameworks/Python.framework/Versions/3.11/lib/python3.11/site-packages/airflow/example_dags/example_trigger_target_dag.py
[2025-12-04T18:32:44.171+0500] {logging_mixin.py:188} INFO - [2025-12-04T18:32:44.171+0500] {dag.py:3089} INFO - Sync 1 DAGs
[2025-12-04T18:32:44.183+0500] {logging_mixin.py:188} INFO - [2025-12-04T18:32:44.183+0500] {dag.py:3947} INFO - Setting next_dagrun for example_trigger_target_dag to None, run_after=None
[2025-12-04T18:32:44.205+0500] {processor.py:183} INFO - Processing /Library/Frameworks/Python.framework/Versions/3.11/lib/python3.11/site-packages/airflow/example_dags/example_trigger_target_dag.py took 0.207 seconds
[2025-12-04T18:35:01.397+0500] {processor.py:161} INFO - Started process (PID=12404) to work on /Library/Frameworks/Python.framework/Versions/3.11/lib/python3.11/site-packages/airflow/example_dags/example_trigger_target_dag.py
[2025-12-04T18:35:01.399+0500] {processor.py:830} INFO - Processing file /Library/Frameworks/Python.framework/Versions/3.11/lib/python3.11/site-packages/airflow/example_dags/example_trigger_target_dag.py for tasks to queue
[2025-12-04T18:35:01.400+0500] {logging_mixin.py:188} INFO - [2025-12-04T18:35:01.400+0500] {dagbag.py:545} INFO - Filling up the DagBag from /Library/Frameworks/Python.framework/Versions/3.11/lib/python3.11/site-packages/airflow/example_dags/example_trigger_target_dag.py
[2025-12-04T18:35:01.438+0500] {processor.py:840} INFO - DAG(s) 'example_trigger_target_dag' retrieved from /Library/Frameworks/Python.framework/Versions/3.11/lib/python3.11/site-packages/airflow/example_dags/example_trigger_target_dag.py
[2025-12-04T18:35:01.546+0500] {logging_mixin.py:188} INFO - [2025-12-04T18:35:01.545+0500] {dag.py:3089} INFO - Sync 1 DAGs
[2025-12-04T18:35:01.557+0500] {logging_mixin.py:188} INFO - [2025-12-04T18:35:01.556+0500] {dag.py:3947} INFO - Setting next_dagrun for example_trigger_target_dag to None, run_after=None
[2025-12-04T18:35:01.578+0500] {processor.py:183} INFO - Processing /Library/Frameworks/Python.framework/Versions/3.11/lib/python3.11/site-packages/airflow/example_dags/example_trigger_target_dag.py took 0.184 seconds
[2025-12-04T18:37:01.135+0500] {processor.py:161} INFO - Started process (PID=12470) to work on /Library/Frameworks/Python.framework/Versions/3.11/lib/python3.11/site-packages/airflow/example_dags/example_trigger_target_dag.py
[2025-12-04T18:37:01.137+0500] {processor.py:830} INFO - Processing file /Library/Frameworks/Python.framework/Versions/3.11/lib/python3.11/site-packages/airflow/example_dags/example_trigger_target_dag.py for tasks to queue
[2025-12-04T18:37:01.138+0500] {logging_mixin.py:188} INFO - [2025-12-04T18:37:01.138+0500] {dagbag.py:545} INFO - Filling up the DagBag from /Library/Frameworks/Python.framework/Versions/3.11/lib/python3.11/site-packages/airflow/example_dags/example_trigger_target_dag.py
[2025-12-04T18:37:01.175+0500] {processor.py:840} INFO - DAG(s) 'example_trigger_target_dag' retrieved from /Library/Frameworks/Python.framework/Versions/3.11/lib/python3.11/site-packages/airflow/example_dags/example_trigger_target_dag.py
[2025-12-04T18:37:01.282+0500] {logging_mixin.py:188} INFO - [2025-12-04T18:37:01.282+0500] {dag.py:3089} INFO - Sync 1 DAGs
[2025-12-04T18:37:01.293+0500] {logging_mixin.py:188} INFO - [2025-12-04T18:37:01.293+0500] {dag.py:3947} INFO - Setting next_dagrun for example_trigger_target_dag to None, run_after=None
[2025-12-04T18:37:01.314+0500] {processor.py:183} INFO - Processing /Library/Frameworks/Python.framework/Versions/3.11/lib/python3.11/site-packages/airflow/example_dags/example_trigger_target_dag.py took 0.182 seconds
[2025-12-04T18:38:52.535+0500] {processor.py:161} INFO - Started process (PID=12536) to work on /Library/Frameworks/Python.framework/Versions/3.11/lib/python3.11/site-packages/airflow/example_dags/example_trigger_target_dag.py
[2025-12-04T18:38:52.537+0500] {processor.py:830} INFO - Processing file /Library/Frameworks/Python.framework/Versions/3.11/lib/python3.11/site-packages/airflow/example_dags/example_trigger_target_dag.py for tasks to queue
[2025-12-04T18:38:52.538+0500] {logging_mixin.py:188} INFO - [2025-12-04T18:38:52.538+0500] {dagbag.py:545} INFO - Filling up the DagBag from /Library/Frameworks/Python.framework/Versions/3.11/lib/python3.11/site-packages/airflow/example_dags/example_trigger_target_dag.py
[2025-12-04T18:38:52.580+0500] {processor.py:840} INFO - DAG(s) 'example_trigger_target_dag' retrieved from /Library/Frameworks/Python.framework/Versions/3.11/lib/python3.11/site-packages/airflow/example_dags/example_trigger_target_dag.py
[2025-12-04T18:38:52.689+0500] {logging_mixin.py:188} INFO - [2025-12-04T18:38:52.689+0500] {dag.py:3089} INFO - Sync 1 DAGs
[2025-12-04T18:38:52.700+0500] {logging_mixin.py:188} INFO - [2025-12-04T18:38:52.700+0500] {dag.py:3947} INFO - Setting next_dagrun for example_trigger_target_dag to None, run_after=None
[2025-12-04T18:38:52.721+0500] {processor.py:183} INFO - Processing /Library/Frameworks/Python.framework/Versions/3.11/lib/python3.11/site-packages/airflow/example_dags/example_trigger_target_dag.py took 0.189 seconds
[2025-12-04T18:40:52.852+0500] {processor.py:161} INFO - Started process (PID=12630) to work on /Library/Frameworks/Python.framework/Versions/3.11/lib/python3.11/site-packages/airflow/example_dags/example_trigger_target_dag.py
[2025-12-04T18:40:52.854+0500] {processor.py:830} INFO - Processing file /Library/Frameworks/Python.framework/Versions/3.11/lib/python3.11/site-packages/airflow/example_dags/example_trigger_target_dag.py for tasks to queue
[2025-12-04T18:40:52.855+0500] {logging_mixin.py:188} INFO - [2025-12-04T18:40:52.855+0500] {dagbag.py:545} INFO - Filling up the DagBag from /Library/Frameworks/Python.framework/Versions/3.11/lib/python3.11/site-packages/airflow/example_dags/example_trigger_target_dag.py
[2025-12-04T18:40:52.892+0500] {processor.py:840} INFO - DAG(s) 'example_trigger_target_dag' retrieved from /Library/Frameworks/Python.framework/Versions/3.11/lib/python3.11/site-packages/airflow/example_dags/example_trigger_target_dag.py
[2025-12-04T18:40:52.999+0500] {logging_mixin.py:188} INFO - [2025-12-04T18:40:52.999+0500] {dag.py:3089} INFO - Sync 1 DAGs
[2025-12-04T18:40:53.010+0500] {logging_mixin.py:188} INFO - [2025-12-04T18:40:53.009+0500] {dag.py:3947} INFO - Setting next_dagrun for example_trigger_target_dag to None, run_after=None
[2025-12-04T18:40:53.030+0500] {processor.py:183} INFO - Processing /Library/Frameworks/Python.framework/Versions/3.11/lib/python3.11/site-packages/airflow/example_dags/example_trigger_target_dag.py took 0.181 seconds
[2025-12-04T18:43:04.476+0500] {processor.py:161} INFO - Started process (PID=12712) to work on /Library/Frameworks/Python.framework/Versions/3.11/lib/python3.11/site-packages/airflow/example_dags/example_trigger_target_dag.py
[2025-12-04T18:43:04.478+0500] {processor.py:830} INFO - Processing file /Library/Frameworks/Python.framework/Versions/3.11/lib/python3.11/site-packages/airflow/example_dags/example_trigger_target_dag.py for tasks to queue
[2025-12-04T18:43:04.479+0500] {logging_mixin.py:188} INFO - [2025-12-04T18:43:04.479+0500] {dagbag.py:545} INFO - Filling up the DagBag from /Library/Frameworks/Python.framework/Versions/3.11/lib/python3.11/site-packages/airflow/example_dags/example_trigger_target_dag.py
[2025-12-04T18:43:04.533+0500] {processor.py:840} INFO - DAG(s) 'example_trigger_target_dag' retrieved from /Library/Frameworks/Python.framework/Versions/3.11/lib/python3.11/site-packages/airflow/example_dags/example_trigger_target_dag.py
[2025-12-04T18:43:04.702+0500] {logging_mixin.py:188} INFO - [2025-12-04T18:43:04.701+0500] {dag.py:3089} INFO - Sync 1 DAGs
[2025-12-04T18:43:04.715+0500] {logging_mixin.py:188} INFO - [2025-12-04T18:43:04.714+0500] {dag.py:3947} INFO - Setting next_dagrun for example_trigger_target_dag to None, run_after=None
[2025-12-04T18:43:04.742+0500] {processor.py:183} INFO - Processing /Library/Frameworks/Python.framework/Versions/3.11/lib/python3.11/site-packages/airflow/example_dags/example_trigger_target_dag.py took 0.271 seconds
[2025-12-04T18:45:13.980+0500] {processor.py:161} INFO - Started process (PID=12800) to work on /Library/Frameworks/Python.framework/Versions/3.11/lib/python3.11/site-packages/airflow/example_dags/example_trigger_target_dag.py
[2025-12-04T18:45:13.982+0500] {processor.py:830} INFO - Processing file /Library/Frameworks/Python.framework/Versions/3.11/lib/python3.11/site-packages/airflow/example_dags/example_trigger_target_dag.py for tasks to queue
[2025-12-04T18:45:13.983+0500] {logging_mixin.py:188} INFO - [2025-12-04T18:45:13.983+0500] {dagbag.py:545} INFO - Filling up the DagBag from /Library/Frameworks/Python.framework/Versions/3.11/lib/python3.11/site-packages/airflow/example_dags/example_trigger_target_dag.py
[2025-12-04T18:45:14.021+0500] {processor.py:840} INFO - DAG(s) 'example_trigger_target_dag' retrieved from /Library/Frameworks/Python.framework/Versions/3.11/lib/python3.11/site-packages/airflow/example_dags/example_trigger_target_dag.py
[2025-12-04T18:45:14.128+0500] {logging_mixin.py:188} INFO - [2025-12-04T18:45:14.127+0500] {dag.py:3089} INFO - Sync 1 DAGs
[2025-12-04T18:45:14.138+0500] {logging_mixin.py:188} INFO - [2025-12-04T18:45:14.138+0500] {dag.py:3947} INFO - Setting next_dagrun for example_trigger_target_dag to None, run_after=None
[2025-12-04T18:45:14.158+0500] {processor.py:183} INFO - Processing /Library/Frameworks/Python.framework/Versions/3.11/lib/python3.11/site-packages/airflow/example_dags/example_trigger_target_dag.py took 0.181 seconds
[2025-12-04T18:47:12.243+0500] {processor.py:161} INFO - Started process (PID=12883) to work on /Library/Frameworks/Python.framework/Versions/3.11/lib/python3.11/site-packages/airflow/example_dags/example_trigger_target_dag.py
[2025-12-04T18:47:12.245+0500] {processor.py:830} INFO - Processing file /Library/Frameworks/Python.framework/Versions/3.11/lib/python3.11/site-packages/airflow/example_dags/example_trigger_target_dag.py for tasks to queue
[2025-12-04T18:47:12.247+0500] {logging_mixin.py:188} INFO - [2025-12-04T18:47:12.246+0500] {dagbag.py:545} INFO - Filling up the DagBag from /Library/Frameworks/Python.framework/Versions/3.11/lib/python3.11/site-packages/airflow/example_dags/example_trigger_target_dag.py
[2025-12-04T18:47:12.283+0500] {processor.py:840} INFO - DAG(s) 'example_trigger_target_dag' retrieved from /Library/Frameworks/Python.framework/Versions/3.11/lib/python3.11/site-packages/airflow/example_dags/example_trigger_target_dag.py
[2025-12-04T18:47:12.390+0500] {logging_mixin.py:188} INFO - [2025-12-04T18:47:12.390+0500] {dag.py:3089} INFO - Sync 1 DAGs
[2025-12-04T18:47:12.402+0500] {logging_mixin.py:188} INFO - [2025-12-04T18:47:12.402+0500] {dag.py:3947} INFO - Setting next_dagrun for example_trigger_target_dag to None, run_after=None
[2025-12-04T18:47:12.422+0500] {processor.py:183} INFO - Processing /Library/Frameworks/Python.framework/Versions/3.11/lib/python3.11/site-packages/airflow/example_dags/example_trigger_target_dag.py took 0.181 seconds
[2025-12-04T18:49:20.874+0500] {processor.py:161} INFO - Started process (PID=12953) to work on /Library/Frameworks/Python.framework/Versions/3.11/lib/python3.11/site-packages/airflow/example_dags/example_trigger_target_dag.py
[2025-12-04T18:49:20.876+0500] {processor.py:830} INFO - Processing file /Library/Frameworks/Python.framework/Versions/3.11/lib/python3.11/site-packages/airflow/example_dags/example_trigger_target_dag.py for tasks to queue
[2025-12-04T18:49:20.877+0500] {logging_mixin.py:188} INFO - [2025-12-04T18:49:20.876+0500] {dagbag.py:545} INFO - Filling up the DagBag from /Library/Frameworks/Python.framework/Versions/3.11/lib/python3.11/site-packages/airflow/example_dags/example_trigger_target_dag.py
[2025-12-04T18:49:20.913+0500] {processor.py:840} INFO - DAG(s) 'example_trigger_target_dag' retrieved from /Library/Frameworks/Python.framework/Versions/3.11/lib/python3.11/site-packages/airflow/example_dags/example_trigger_target_dag.py
[2025-12-04T18:49:21.025+0500] {logging_mixin.py:188} INFO - [2025-12-04T18:49:21.025+0500] {dag.py:3089} INFO - Sync 1 DAGs
[2025-12-04T18:49:21.036+0500] {logging_mixin.py:188} INFO - [2025-12-04T18:49:21.035+0500] {dag.py:3947} INFO - Setting next_dagrun for example_trigger_target_dag to None, run_after=None
[2025-12-04T18:49:21.058+0500] {processor.py:183} INFO - Processing /Library/Frameworks/Python.framework/Versions/3.11/lib/python3.11/site-packages/airflow/example_dags/example_trigger_target_dag.py took 0.187 seconds
[2025-12-04T18:51:37.845+0500] {processor.py:161} INFO - Started process (PID=13033) to work on /Library/Frameworks/Python.framework/Versions/3.11/lib/python3.11/site-packages/airflow/example_dags/example_trigger_target_dag.py
[2025-12-04T18:51:37.847+0500] {processor.py:830} INFO - Processing file /Library/Frameworks/Python.framework/Versions/3.11/lib/python3.11/site-packages/airflow/example_dags/example_trigger_target_dag.py for tasks to queue
[2025-12-04T18:51:37.848+0500] {logging_mixin.py:188} INFO - [2025-12-04T18:51:37.848+0500] {dagbag.py:545} INFO - Filling up the DagBag from /Library/Frameworks/Python.framework/Versions/3.11/lib/python3.11/site-packages/airflow/example_dags/example_trigger_target_dag.py
[2025-12-04T18:51:37.888+0500] {processor.py:840} INFO - DAG(s) 'example_trigger_target_dag' retrieved from /Library/Frameworks/Python.framework/Versions/3.11/lib/python3.11/site-packages/airflow/example_dags/example_trigger_target_dag.py
[2025-12-04T18:51:38.008+0500] {logging_mixin.py:188} INFO - [2025-12-04T18:51:38.007+0500] {dag.py:3089} INFO - Sync 1 DAGs
[2025-12-04T18:51:38.026+0500] {logging_mixin.py:188} INFO - [2025-12-04T18:51:38.026+0500] {dag.py:3947} INFO - Setting next_dagrun for example_trigger_target_dag to None, run_after=None
[2025-12-04T18:51:38.055+0500] {processor.py:183} INFO - Processing /Library/Frameworks/Python.framework/Versions/3.11/lib/python3.11/site-packages/airflow/example_dags/example_trigger_target_dag.py took 0.213 seconds
[2025-12-04T18:53:52.637+0500] {processor.py:161} INFO - Started process (PID=13125) to work on /Library/Frameworks/Python.framework/Versions/3.11/lib/python3.11/site-packages/airflow/example_dags/example_trigger_target_dag.py
[2025-12-04T18:53:52.639+0500] {processor.py:830} INFO - Processing file /Library/Frameworks/Python.framework/Versions/3.11/lib/python3.11/site-packages/airflow/example_dags/example_trigger_target_dag.py for tasks to queue
[2025-12-04T18:53:52.640+0500] {logging_mixin.py:188} INFO - [2025-12-04T18:53:52.639+0500] {dagbag.py:545} INFO - Filling up the DagBag from /Library/Frameworks/Python.framework/Versions/3.11/lib/python3.11/site-packages/airflow/example_dags/example_trigger_target_dag.py
[2025-12-04T18:53:52.680+0500] {processor.py:840} INFO - DAG(s) 'example_trigger_target_dag' retrieved from /Library/Frameworks/Python.framework/Versions/3.11/lib/python3.11/site-packages/airflow/example_dags/example_trigger_target_dag.py
[2025-12-04T18:53:52.807+0500] {logging_mixin.py:188} INFO - [2025-12-04T18:53:52.807+0500] {dag.py:3089} INFO - Sync 1 DAGs
[2025-12-04T18:53:52.820+0500] {logging_mixin.py:188} INFO - [2025-12-04T18:53:52.820+0500] {dag.py:3947} INFO - Setting next_dagrun for example_trigger_target_dag to None, run_after=None
[2025-12-04T18:53:52.843+0500] {processor.py:183} INFO - Processing /Library/Frameworks/Python.framework/Versions/3.11/lib/python3.11/site-packages/airflow/example_dags/example_trigger_target_dag.py took 0.209 seconds
[2025-12-04T18:56:09.863+0500] {processor.py:161} INFO - Started process (PID=13214) to work on /Library/Frameworks/Python.framework/Versions/3.11/lib/python3.11/site-packages/airflow/example_dags/example_trigger_target_dag.py
[2025-12-04T18:56:09.865+0500] {processor.py:830} INFO - Processing file /Library/Frameworks/Python.framework/Versions/3.11/lib/python3.11/site-packages/airflow/example_dags/example_trigger_target_dag.py for tasks to queue
[2025-12-04T18:56:09.866+0500] {logging_mixin.py:188} INFO - [2025-12-04T18:56:09.866+0500] {dagbag.py:545} INFO - Filling up the DagBag from /Library/Frameworks/Python.framework/Versions/3.11/lib/python3.11/site-packages/airflow/example_dags/example_trigger_target_dag.py
[2025-12-04T18:56:09.992+0500] {processor.py:840} INFO - DAG(s) 'example_trigger_target_dag' retrieved from /Library/Frameworks/Python.framework/Versions/3.11/lib/python3.11/site-packages/airflow/example_dags/example_trigger_target_dag.py
[2025-12-04T18:56:10.610+0500] {logging_mixin.py:188} INFO - [2025-12-04T18:56:10.610+0500] {dag.py:3089} INFO - Sync 1 DAGs
[2025-12-04T18:56:10.627+0500] {logging_mixin.py:188} INFO - [2025-12-04T18:56:10.627+0500] {dag.py:3947} INFO - Setting next_dagrun for example_trigger_target_dag to None, run_after=None
[2025-12-04T18:56:10.747+0500] {processor.py:183} INFO - Processing /Library/Frameworks/Python.framework/Versions/3.11/lib/python3.11/site-packages/airflow/example_dags/example_trigger_target_dag.py took 0.890 seconds
[2025-12-04T19:33:18.690+0500] {processor.py:161} INFO - Started process (PID=14556) to work on /Library/Frameworks/Python.framework/Versions/3.11/lib/python3.11/site-packages/airflow/example_dags/example_trigger_target_dag.py
[2025-12-04T19:33:18.692+0500] {processor.py:830} INFO - Processing file /Library/Frameworks/Python.framework/Versions/3.11/lib/python3.11/site-packages/airflow/example_dags/example_trigger_target_dag.py for tasks to queue
[2025-12-04T19:33:18.693+0500] {logging_mixin.py:188} INFO - [2025-12-04T19:33:18.693+0500] {dagbag.py:545} INFO - Filling up the DagBag from /Library/Frameworks/Python.framework/Versions/3.11/lib/python3.11/site-packages/airflow/example_dags/example_trigger_target_dag.py
[2025-12-04T19:33:18.739+0500] {processor.py:840} INFO - DAG(s) 'example_trigger_target_dag' retrieved from /Library/Frameworks/Python.framework/Versions/3.11/lib/python3.11/site-packages/airflow/example_dags/example_trigger_target_dag.py
[2025-12-04T19:33:18.880+0500] {logging_mixin.py:188} INFO - [2025-12-04T19:33:18.880+0500] {dag.py:3089} INFO - Sync 1 DAGs
[2025-12-04T19:33:18.895+0500] {logging_mixin.py:188} INFO - [2025-12-04T19:33:18.895+0500] {dag.py:3947} INFO - Setting next_dagrun for example_trigger_target_dag to None, run_after=None
[2025-12-04T19:33:18.921+0500] {processor.py:183} INFO - Processing /Library/Frameworks/Python.framework/Versions/3.11/lib/python3.11/site-packages/airflow/example_dags/example_trigger_target_dag.py took 0.235 seconds
[2025-12-04T19:36:21.917+0500] {processor.py:161} INFO - Started process (PID=14700) to work on /Library/Frameworks/Python.framework/Versions/3.11/lib/python3.11/site-packages/airflow/example_dags/example_trigger_target_dag.py
[2025-12-04T19:36:21.919+0500] {processor.py:830} INFO - Processing file /Library/Frameworks/Python.framework/Versions/3.11/lib/python3.11/site-packages/airflow/example_dags/example_trigger_target_dag.py for tasks to queue
[2025-12-04T19:36:21.920+0500] {logging_mixin.py:188} INFO - [2025-12-04T19:36:21.920+0500] {dagbag.py:545} INFO - Filling up the DagBag from /Library/Frameworks/Python.framework/Versions/3.11/lib/python3.11/site-packages/airflow/example_dags/example_trigger_target_dag.py
[2025-12-04T19:36:21.956+0500] {processor.py:840} INFO - DAG(s) 'example_trigger_target_dag' retrieved from /Library/Frameworks/Python.framework/Versions/3.11/lib/python3.11/site-packages/airflow/example_dags/example_trigger_target_dag.py
[2025-12-04T19:36:22.067+0500] {logging_mixin.py:188} INFO - [2025-12-04T19:36:22.067+0500] {dag.py:3089} INFO - Sync 1 DAGs
[2025-12-04T19:36:22.077+0500] {logging_mixin.py:188} INFO - [2025-12-04T19:36:22.077+0500] {dag.py:3947} INFO - Setting next_dagrun for example_trigger_target_dag to None, run_after=None
[2025-12-04T19:36:22.098+0500] {processor.py:183} INFO - Processing /Library/Frameworks/Python.framework/Versions/3.11/lib/python3.11/site-packages/airflow/example_dags/example_trigger_target_dag.py took 0.184 seconds
[2025-12-04T19:38:29.739+0500] {processor.py:161} INFO - Started process (PID=14774) to work on /Library/Frameworks/Python.framework/Versions/3.11/lib/python3.11/site-packages/airflow/example_dags/example_trigger_target_dag.py
[2025-12-04T19:38:29.741+0500] {processor.py:830} INFO - Processing file /Library/Frameworks/Python.framework/Versions/3.11/lib/python3.11/site-packages/airflow/example_dags/example_trigger_target_dag.py for tasks to queue
[2025-12-04T19:38:29.742+0500] {logging_mixin.py:188} INFO - [2025-12-04T19:38:29.742+0500] {dagbag.py:545} INFO - Filling up the DagBag from /Library/Frameworks/Python.framework/Versions/3.11/lib/python3.11/site-packages/airflow/example_dags/example_trigger_target_dag.py
[2025-12-04T19:38:29.779+0500] {processor.py:840} INFO - DAG(s) 'example_trigger_target_dag' retrieved from /Library/Frameworks/Python.framework/Versions/3.11/lib/python3.11/site-packages/airflow/example_dags/example_trigger_target_dag.py
[2025-12-04T19:38:29.890+0500] {logging_mixin.py:188} INFO - [2025-12-04T19:38:29.889+0500] {dag.py:3089} INFO - Sync 1 DAGs
[2025-12-04T19:38:29.904+0500] {logging_mixin.py:188} INFO - [2025-12-04T19:38:29.904+0500] {dag.py:3947} INFO - Setting next_dagrun for example_trigger_target_dag to None, run_after=None
[2025-12-04T19:38:29.925+0500] {processor.py:183} INFO - Processing /Library/Frameworks/Python.framework/Versions/3.11/lib/python3.11/site-packages/airflow/example_dags/example_trigger_target_dag.py took 0.189 seconds
[2025-12-04T19:40:37.216+0500] {processor.py:161} INFO - Started process (PID=14864) to work on /Library/Frameworks/Python.framework/Versions/3.11/lib/python3.11/site-packages/airflow/example_dags/example_trigger_target_dag.py
[2025-12-04T19:40:37.219+0500] {processor.py:830} INFO - Processing file /Library/Frameworks/Python.framework/Versions/3.11/lib/python3.11/site-packages/airflow/example_dags/example_trigger_target_dag.py for tasks to queue
[2025-12-04T19:40:37.220+0500] {logging_mixin.py:188} INFO - [2025-12-04T19:40:37.220+0500] {dagbag.py:545} INFO - Filling up the DagBag from /Library/Frameworks/Python.framework/Versions/3.11/lib/python3.11/site-packages/airflow/example_dags/example_trigger_target_dag.py
[2025-12-04T19:40:37.261+0500] {processor.py:840} INFO - DAG(s) 'example_trigger_target_dag' retrieved from /Library/Frameworks/Python.framework/Versions/3.11/lib/python3.11/site-packages/airflow/example_dags/example_trigger_target_dag.py
[2025-12-04T19:40:37.384+0500] {logging_mixin.py:188} INFO - [2025-12-04T19:40:37.383+0500] {dag.py:3089} INFO - Sync 1 DAGs
[2025-12-04T19:40:37.395+0500] {logging_mixin.py:188} INFO - [2025-12-04T19:40:37.395+0500] {dag.py:3947} INFO - Setting next_dagrun for example_trigger_target_dag to None, run_after=None
[2025-12-04T19:40:37.417+0500] {processor.py:183} INFO - Processing /Library/Frameworks/Python.framework/Versions/3.11/lib/python3.11/site-packages/airflow/example_dags/example_trigger_target_dag.py took 0.204 seconds
[2025-12-04T19:42:51.393+0500] {processor.py:161} INFO - Started process (PID=14936) to work on /Library/Frameworks/Python.framework/Versions/3.11/lib/python3.11/site-packages/airflow/example_dags/example_trigger_target_dag.py
[2025-12-04T19:42:51.395+0500] {processor.py:830} INFO - Processing file /Library/Frameworks/Python.framework/Versions/3.11/lib/python3.11/site-packages/airflow/example_dags/example_trigger_target_dag.py for tasks to queue
[2025-12-04T19:42:51.397+0500] {logging_mixin.py:188} INFO - [2025-12-04T19:42:51.397+0500] {dagbag.py:545} INFO - Filling up the DagBag from /Library/Frameworks/Python.framework/Versions/3.11/lib/python3.11/site-packages/airflow/example_dags/example_trigger_target_dag.py
[2025-12-04T19:42:51.433+0500] {processor.py:840} INFO - DAG(s) 'example_trigger_target_dag' retrieved from /Library/Frameworks/Python.framework/Versions/3.11/lib/python3.11/site-packages/airflow/example_dags/example_trigger_target_dag.py
[2025-12-04T19:42:51.548+0500] {logging_mixin.py:188} INFO - [2025-12-04T19:42:51.547+0500] {dag.py:3089} INFO - Sync 1 DAGs
[2025-12-04T19:42:51.560+0500] {logging_mixin.py:188} INFO - [2025-12-04T19:42:51.560+0500] {dag.py:3947} INFO - Setting next_dagrun for example_trigger_target_dag to None, run_after=None
[2025-12-04T19:42:51.586+0500] {processor.py:183} INFO - Processing /Library/Frameworks/Python.framework/Versions/3.11/lib/python3.11/site-packages/airflow/example_dags/example_trigger_target_dag.py took 0.196 seconds
[2025-12-04T19:45:16.659+0500] {processor.py:161} INFO - Started process (PID=15014) to work on /Library/Frameworks/Python.framework/Versions/3.11/lib/python3.11/site-packages/airflow/example_dags/example_trigger_target_dag.py
[2025-12-04T19:45:16.661+0500] {processor.py:830} INFO - Processing file /Library/Frameworks/Python.framework/Versions/3.11/lib/python3.11/site-packages/airflow/example_dags/example_trigger_target_dag.py for tasks to queue
[2025-12-04T19:45:16.663+0500] {logging_mixin.py:188} INFO - [2025-12-04T19:45:16.662+0500] {dagbag.py:545} INFO - Filling up the DagBag from /Library/Frameworks/Python.framework/Versions/3.11/lib/python3.11/site-packages/airflow/example_dags/example_trigger_target_dag.py
[2025-12-04T19:45:16.701+0500] {processor.py:840} INFO - DAG(s) 'example_trigger_target_dag' retrieved from /Library/Frameworks/Python.framework/Versions/3.11/lib/python3.11/site-packages/airflow/example_dags/example_trigger_target_dag.py
[2025-12-04T19:45:16.818+0500] {logging_mixin.py:188} INFO - [2025-12-04T19:45:16.818+0500] {dag.py:3089} INFO - Sync 1 DAGs
[2025-12-04T19:45:16.828+0500] {logging_mixin.py:188} INFO - [2025-12-04T19:45:16.828+0500] {dag.py:3947} INFO - Setting next_dagrun for example_trigger_target_dag to None, run_after=None
[2025-12-04T19:45:16.850+0500] {processor.py:183} INFO - Processing /Library/Frameworks/Python.framework/Versions/3.11/lib/python3.11/site-packages/airflow/example_dags/example_trigger_target_dag.py took 0.194 seconds
[2025-12-04T19:47:40.281+0500] {processor.py:161} INFO - Started process (PID=15112) to work on /Library/Frameworks/Python.framework/Versions/3.11/lib/python3.11/site-packages/airflow/example_dags/example_trigger_target_dag.py
[2025-12-04T19:47:40.283+0500] {processor.py:830} INFO - Processing file /Library/Frameworks/Python.framework/Versions/3.11/lib/python3.11/site-packages/airflow/example_dags/example_trigger_target_dag.py for tasks to queue
[2025-12-04T19:47:40.286+0500] {logging_mixin.py:188} INFO - [2025-12-04T19:47:40.286+0500] {dagbag.py:545} INFO - Filling up the DagBag from /Library/Frameworks/Python.framework/Versions/3.11/lib/python3.11/site-packages/airflow/example_dags/example_trigger_target_dag.py
[2025-12-04T19:47:40.342+0500] {processor.py:840} INFO - DAG(s) 'example_trigger_target_dag' retrieved from /Library/Frameworks/Python.framework/Versions/3.11/lib/python3.11/site-packages/airflow/example_dags/example_trigger_target_dag.py
[2025-12-04T19:47:40.503+0500] {logging_mixin.py:188} INFO - [2025-12-04T19:47:40.503+0500] {dag.py:3089} INFO - Sync 1 DAGs
[2025-12-04T19:47:40.519+0500] {logging_mixin.py:188} INFO - [2025-12-04T19:47:40.519+0500] {dag.py:3947} INFO - Setting next_dagrun for example_trigger_target_dag to None, run_after=None
[2025-12-04T19:47:40.549+0500] {processor.py:183} INFO - Processing /Library/Frameworks/Python.framework/Versions/3.11/lib/python3.11/site-packages/airflow/example_dags/example_trigger_target_dag.py took 0.276 seconds
[2025-12-04T19:49:47.164+0500] {processor.py:161} INFO - Started process (PID=15179) to work on /Library/Frameworks/Python.framework/Versions/3.11/lib/python3.11/site-packages/airflow/example_dags/example_trigger_target_dag.py
[2025-12-04T19:49:47.166+0500] {processor.py:830} INFO - Processing file /Library/Frameworks/Python.framework/Versions/3.11/lib/python3.11/site-packages/airflow/example_dags/example_trigger_target_dag.py for tasks to queue
[2025-12-04T19:49:47.167+0500] {logging_mixin.py:188} INFO - [2025-12-04T19:49:47.167+0500] {dagbag.py:545} INFO - Filling up the DagBag from /Library/Frameworks/Python.framework/Versions/3.11/lib/python3.11/site-packages/airflow/example_dags/example_trigger_target_dag.py
[2025-12-04T19:49:47.204+0500] {processor.py:840} INFO - DAG(s) 'example_trigger_target_dag' retrieved from /Library/Frameworks/Python.framework/Versions/3.11/lib/python3.11/site-packages/airflow/example_dags/example_trigger_target_dag.py
[2025-12-04T19:49:47.321+0500] {logging_mixin.py:188} INFO - [2025-12-04T19:49:47.321+0500] {dag.py:3089} INFO - Sync 1 DAGs
[2025-12-04T19:49:47.332+0500] {logging_mixin.py:188} INFO - [2025-12-04T19:49:47.332+0500] {dag.py:3947} INFO - Setting next_dagrun for example_trigger_target_dag to None, run_after=None
[2025-12-04T19:49:47.352+0500] {processor.py:183} INFO - Processing /Library/Frameworks/Python.framework/Versions/3.11/lib/python3.11/site-packages/airflow/example_dags/example_trigger_target_dag.py took 0.191 seconds
[2025-12-04T19:51:44.031+0500] {processor.py:161} INFO - Started process (PID=15244) to work on /Library/Frameworks/Python.framework/Versions/3.11/lib/python3.11/site-packages/airflow/example_dags/example_trigger_target_dag.py
[2025-12-04T19:51:44.034+0500] {processor.py:830} INFO - Processing file /Library/Frameworks/Python.framework/Versions/3.11/lib/python3.11/site-packages/airflow/example_dags/example_trigger_target_dag.py for tasks to queue
[2025-12-04T19:51:44.035+0500] {logging_mixin.py:188} INFO - [2025-12-04T19:51:44.034+0500] {dagbag.py:545} INFO - Filling up the DagBag from /Library/Frameworks/Python.framework/Versions/3.11/lib/python3.11/site-packages/airflow/example_dags/example_trigger_target_dag.py
[2025-12-04T19:51:44.072+0500] {processor.py:840} INFO - DAG(s) 'example_trigger_target_dag' retrieved from /Library/Frameworks/Python.framework/Versions/3.11/lib/python3.11/site-packages/airflow/example_dags/example_trigger_target_dag.py
[2025-12-04T19:51:44.180+0500] {logging_mixin.py:188} INFO - [2025-12-04T19:51:44.179+0500] {dag.py:3089} INFO - Sync 1 DAGs
[2025-12-04T19:51:44.190+0500] {logging_mixin.py:188} INFO - [2025-12-04T19:51:44.190+0500] {dag.py:3947} INFO - Setting next_dagrun for example_trigger_target_dag to None, run_after=None
[2025-12-04T19:51:44.211+0500] {processor.py:183} INFO - Processing /Library/Frameworks/Python.framework/Versions/3.11/lib/python3.11/site-packages/airflow/example_dags/example_trigger_target_dag.py took 0.183 seconds
[2025-12-04T19:53:43.663+0500] {processor.py:161} INFO - Started process (PID=15360) to work on /Library/Frameworks/Python.framework/Versions/3.11/lib/python3.11/site-packages/airflow/example_dags/example_trigger_target_dag.py
[2025-12-04T19:53:43.666+0500] {processor.py:830} INFO - Processing file /Library/Frameworks/Python.framework/Versions/3.11/lib/python3.11/site-packages/airflow/example_dags/example_trigger_target_dag.py for tasks to queue
[2025-12-04T19:53:43.667+0500] {logging_mixin.py:188} INFO - [2025-12-04T19:53:43.666+0500] {dagbag.py:545} INFO - Filling up the DagBag from /Library/Frameworks/Python.framework/Versions/3.11/lib/python3.11/site-packages/airflow/example_dags/example_trigger_target_dag.py
[2025-12-04T19:53:43.703+0500] {processor.py:840} INFO - DAG(s) 'example_trigger_target_dag' retrieved from /Library/Frameworks/Python.framework/Versions/3.11/lib/python3.11/site-packages/airflow/example_dags/example_trigger_target_dag.py
[2025-12-04T19:53:43.823+0500] {logging_mixin.py:188} INFO - [2025-12-04T19:53:43.823+0500] {dag.py:3089} INFO - Sync 1 DAGs
[2025-12-04T19:53:43.834+0500] {logging_mixin.py:188} INFO - [2025-12-04T19:53:43.834+0500] {dag.py:3947} INFO - Setting next_dagrun for example_trigger_target_dag to None, run_after=None
[2025-12-04T19:53:43.855+0500] {processor.py:183} INFO - Processing /Library/Frameworks/Python.framework/Versions/3.11/lib/python3.11/site-packages/airflow/example_dags/example_trigger_target_dag.py took 0.195 seconds
[2025-12-04T19:55:38.397+0500] {processor.py:161} INFO - Started process (PID=15423) to work on /Library/Frameworks/Python.framework/Versions/3.11/lib/python3.11/site-packages/airflow/example_dags/example_trigger_target_dag.py
[2025-12-04T19:55:38.400+0500] {processor.py:830} INFO - Processing file /Library/Frameworks/Python.framework/Versions/3.11/lib/python3.11/site-packages/airflow/example_dags/example_trigger_target_dag.py for tasks to queue
[2025-12-04T19:55:38.401+0500] {logging_mixin.py:188} INFO - [2025-12-04T19:55:38.401+0500] {dagbag.py:545} INFO - Filling up the DagBag from /Library/Frameworks/Python.framework/Versions/3.11/lib/python3.11/site-packages/airflow/example_dags/example_trigger_target_dag.py
[2025-12-04T19:55:38.438+0500] {processor.py:840} INFO - DAG(s) 'example_trigger_target_dag' retrieved from /Library/Frameworks/Python.framework/Versions/3.11/lib/python3.11/site-packages/airflow/example_dags/example_trigger_target_dag.py
[2025-12-04T19:55:38.550+0500] {logging_mixin.py:188} INFO - [2025-12-04T19:55:38.550+0500] {dag.py:3089} INFO - Sync 1 DAGs
[2025-12-04T19:55:38.560+0500] {logging_mixin.py:188} INFO - [2025-12-04T19:55:38.560+0500] {dag.py:3947} INFO - Setting next_dagrun for example_trigger_target_dag to None, run_after=None
[2025-12-04T19:55:38.581+0500] {processor.py:183} INFO - Processing /Library/Frameworks/Python.framework/Versions/3.11/lib/python3.11/site-packages/airflow/example_dags/example_trigger_target_dag.py took 0.187 seconds
[2025-12-04T19:57:30.778+0500] {processor.py:161} INFO - Started process (PID=15485) to work on /Library/Frameworks/Python.framework/Versions/3.11/lib/python3.11/site-packages/airflow/example_dags/example_trigger_target_dag.py
[2025-12-04T19:57:30.780+0500] {processor.py:830} INFO - Processing file /Library/Frameworks/Python.framework/Versions/3.11/lib/python3.11/site-packages/airflow/example_dags/example_trigger_target_dag.py for tasks to queue
[2025-12-04T19:57:30.781+0500] {logging_mixin.py:188} INFO - [2025-12-04T19:57:30.781+0500] {dagbag.py:545} INFO - Filling up the DagBag from /Library/Frameworks/Python.framework/Versions/3.11/lib/python3.11/site-packages/airflow/example_dags/example_trigger_target_dag.py
[2025-12-04T19:57:30.819+0500] {processor.py:840} INFO - DAG(s) 'example_trigger_target_dag' retrieved from /Library/Frameworks/Python.framework/Versions/3.11/lib/python3.11/site-packages/airflow/example_dags/example_trigger_target_dag.py
[2025-12-04T19:57:30.929+0500] {logging_mixin.py:188} INFO - [2025-12-04T19:57:30.929+0500] {dag.py:3089} INFO - Sync 1 DAGs
[2025-12-04T19:57:30.940+0500] {logging_mixin.py:188} INFO - [2025-12-04T19:57:30.939+0500] {dag.py:3947} INFO - Setting next_dagrun for example_trigger_target_dag to None, run_after=None
[2025-12-04T19:57:30.961+0500] {processor.py:183} INFO - Processing /Library/Frameworks/Python.framework/Versions/3.11/lib/python3.11/site-packages/airflow/example_dags/example_trigger_target_dag.py took 0.185 seconds
[2025-12-04T20:41:24.979+0500] {processor.py:161} INFO - Started process (PID=15598) to work on /Library/Frameworks/Python.framework/Versions/3.11/lib/python3.11/site-packages/airflow/example_dags/example_trigger_target_dag.py
[2025-12-04T20:41:24.985+0500] {processor.py:830} INFO - Processing file /Library/Frameworks/Python.framework/Versions/3.11/lib/python3.11/site-packages/airflow/example_dags/example_trigger_target_dag.py for tasks to queue
[2025-12-04T20:41:24.987+0500] {logging_mixin.py:188} INFO - [2025-12-04T20:41:24.987+0500] {dagbag.py:545} INFO - Filling up the DagBag from /Library/Frameworks/Python.framework/Versions/3.11/lib/python3.11/site-packages/airflow/example_dags/example_trigger_target_dag.py
[2025-12-04T20:41:25.059+0500] {processor.py:840} INFO - DAG(s) 'example_trigger_target_dag' retrieved from /Library/Frameworks/Python.framework/Versions/3.11/lib/python3.11/site-packages/airflow/example_dags/example_trigger_target_dag.py
[2025-12-04T20:41:25.330+0500] {logging_mixin.py:188} INFO - [2025-12-04T20:41:25.330+0500] {dag.py:3089} INFO - Sync 1 DAGs
[2025-12-04T20:41:25.370+0500] {logging_mixin.py:188} INFO - [2025-12-04T20:41:25.366+0500] {dag.py:3947} INFO - Setting next_dagrun for example_trigger_target_dag to None, run_after=None
[2025-12-04T20:41:25.427+0500] {processor.py:183} INFO - Processing /Library/Frameworks/Python.framework/Versions/3.11/lib/python3.11/site-packages/airflow/example_dags/example_trigger_target_dag.py took 0.452 seconds
[2025-12-04T20:44:26.150+0500] {processor.py:161} INFO - Started process (PID=15764) to work on /Library/Frameworks/Python.framework/Versions/3.11/lib/python3.11/site-packages/airflow/example_dags/example_trigger_target_dag.py
[2025-12-04T20:44:26.152+0500] {processor.py:830} INFO - Processing file /Library/Frameworks/Python.framework/Versions/3.11/lib/python3.11/site-packages/airflow/example_dags/example_trigger_target_dag.py for tasks to queue
[2025-12-04T20:44:26.153+0500] {logging_mixin.py:188} INFO - [2025-12-04T20:44:26.153+0500] {dagbag.py:545} INFO - Filling up the DagBag from /Library/Frameworks/Python.framework/Versions/3.11/lib/python3.11/site-packages/airflow/example_dags/example_trigger_target_dag.py
[2025-12-04T20:44:26.196+0500] {processor.py:840} INFO - DAG(s) 'example_trigger_target_dag' retrieved from /Library/Frameworks/Python.framework/Versions/3.11/lib/python3.11/site-packages/airflow/example_dags/example_trigger_target_dag.py
[2025-12-04T20:44:26.322+0500] {logging_mixin.py:188} INFO - [2025-12-04T20:44:26.322+0500] {dag.py:3089} INFO - Sync 1 DAGs
[2025-12-04T20:44:26.335+0500] {logging_mixin.py:188} INFO - [2025-12-04T20:44:26.335+0500] {dag.py:3947} INFO - Setting next_dagrun for example_trigger_target_dag to None, run_after=None
[2025-12-04T20:44:26.362+0500] {processor.py:183} INFO - Processing /Library/Frameworks/Python.framework/Versions/3.11/lib/python3.11/site-packages/airflow/example_dags/example_trigger_target_dag.py took 0.215 seconds
[2025-12-04T20:46:59.522+0500] {processor.py:161} INFO - Started process (PID=15843) to work on /Library/Frameworks/Python.framework/Versions/3.11/lib/python3.11/site-packages/airflow/example_dags/example_trigger_target_dag.py
[2025-12-04T20:46:59.524+0500] {processor.py:830} INFO - Processing file /Library/Frameworks/Python.framework/Versions/3.11/lib/python3.11/site-packages/airflow/example_dags/example_trigger_target_dag.py for tasks to queue
[2025-12-04T20:46:59.525+0500] {logging_mixin.py:188} INFO - [2025-12-04T20:46:59.524+0500] {dagbag.py:545} INFO - Filling up the DagBag from /Library/Frameworks/Python.framework/Versions/3.11/lib/python3.11/site-packages/airflow/example_dags/example_trigger_target_dag.py
[2025-12-04T20:46:59.584+0500] {processor.py:840} INFO - DAG(s) 'example_trigger_target_dag' retrieved from /Library/Frameworks/Python.framework/Versions/3.11/lib/python3.11/site-packages/airflow/example_dags/example_trigger_target_dag.py
[2025-12-04T20:46:59.740+0500] {logging_mixin.py:188} INFO - [2025-12-04T20:46:59.739+0500] {dag.py:3089} INFO - Sync 1 DAGs
[2025-12-04T20:46:59.755+0500] {logging_mixin.py:188} INFO - [2025-12-04T20:46:59.755+0500] {dag.py:3947} INFO - Setting next_dagrun for example_trigger_target_dag to None, run_after=None
[2025-12-04T20:46:59.785+0500] {processor.py:183} INFO - Processing /Library/Frameworks/Python.framework/Versions/3.11/lib/python3.11/site-packages/airflow/example_dags/example_trigger_target_dag.py took 0.266 seconds
[2025-12-04T20:49:15.481+0500] {processor.py:161} INFO - Started process (PID=15924) to work on /Library/Frameworks/Python.framework/Versions/3.11/lib/python3.11/site-packages/airflow/example_dags/example_trigger_target_dag.py
[2025-12-04T20:49:15.485+0500] {processor.py:830} INFO - Processing file /Library/Frameworks/Python.framework/Versions/3.11/lib/python3.11/site-packages/airflow/example_dags/example_trigger_target_dag.py for tasks to queue
[2025-12-04T20:49:15.486+0500] {logging_mixin.py:188} INFO - [2025-12-04T20:49:15.486+0500] {dagbag.py:545} INFO - Filling up the DagBag from /Library/Frameworks/Python.framework/Versions/3.11/lib/python3.11/site-packages/airflow/example_dags/example_trigger_target_dag.py
[2025-12-04T20:49:15.554+0500] {processor.py:840} INFO - DAG(s) 'example_trigger_target_dag' retrieved from /Library/Frameworks/Python.framework/Versions/3.11/lib/python3.11/site-packages/airflow/example_dags/example_trigger_target_dag.py
[2025-12-04T20:49:15.709+0500] {logging_mixin.py:188} INFO - [2025-12-04T20:49:15.709+0500] {dag.py:3089} INFO - Sync 1 DAGs
[2025-12-04T20:49:15.723+0500] {logging_mixin.py:188} INFO - [2025-12-04T20:49:15.722+0500] {dag.py:3947} INFO - Setting next_dagrun for example_trigger_target_dag to None, run_after=None
[2025-12-04T20:49:15.749+0500] {processor.py:183} INFO - Processing /Library/Frameworks/Python.framework/Versions/3.11/lib/python3.11/site-packages/airflow/example_dags/example_trigger_target_dag.py took 0.272 seconds
