[2025-12-04T18:20:08.941+0500] {processor.py:161} INFO - Started process (PID=11739) to work on /Library/Frameworks/Python.framework/Versions/3.11/lib/python3.11/site-packages/airflow/example_dags/example_display_name.py
[2025-12-04T18:20:08.942+0500] {processor.py:830} INFO - Processing file /Library/Frameworks/Python.framework/Versions/3.11/lib/python3.11/site-packages/airflow/example_dags/example_display_name.py for tasks to queue
[2025-12-04T18:20:08.943+0500] {logging_mixin.py:188} INFO - [2025-12-04T18:20:08.942+0500] {dagbag.py:545} INFO - Filling up the DagBag from /Library/Frameworks/Python.framework/Versions/3.11/lib/python3.11/site-packages/airflow/example_dags/example_display_name.py
[2025-12-04T18:20:09.129+0500] {processor.py:840} INFO - DAG(s) 'example_display_name' retrieved from /Library/Frameworks/Python.framework/Versions/3.11/lib/python3.11/site-packages/airflow/example_dags/example_display_name.py
[2025-12-04T18:20:09.479+0500] {logging_mixin.py:188} INFO - [2025-12-04T18:20:09.478+0500] {override.py:1858} INFO - Created Permission View: can read on DAG:example_display_name
[2025-12-04T18:20:09.493+0500] {logging_mixin.py:188} INFO - [2025-12-04T18:20:09.493+0500] {override.py:1858} INFO - Created Permission View: can edit on DAG:example_display_name
[2025-12-04T18:20:09.502+0500] {logging_mixin.py:188} INFO - [2025-12-04T18:20:09.501+0500] {override.py:1858} INFO - Created Permission View: can delete on DAG:example_display_name
[2025-12-04T18:20:09.504+0500] {logging_mixin.py:188} INFO - [2025-12-04T18:20:09.502+0500] {dag.py:3089} INFO - Sync 1 DAGs
[2025-12-04T18:20:09.531+0500] {logging_mixin.py:188} INFO - [2025-12-04T18:20:09.531+0500] {dag.py:3111} INFO - Creating ORM DAG for example_display_name
[2025-12-04T18:20:09.531+0500] {logging_mixin.py:188} INFO - [2025-12-04T18:20:09.531+0500] {dag.py:3947} INFO - Setting next_dagrun for example_display_name to None, run_after=None
[2025-12-04T18:20:09.562+0500] {processor.py:183} INFO - Processing /Library/Frameworks/Python.framework/Versions/3.11/lib/python3.11/site-packages/airflow/example_dags/example_display_name.py took 0.627 seconds
[2025-12-04T18:22:47.635+0500] {processor.py:161} INFO - Started process (PID=11842) to work on /Library/Frameworks/Python.framework/Versions/3.11/lib/python3.11/site-packages/airflow/example_dags/example_display_name.py
[2025-12-04T18:22:47.637+0500] {processor.py:830} INFO - Processing file /Library/Frameworks/Python.framework/Versions/3.11/lib/python3.11/site-packages/airflow/example_dags/example_display_name.py for tasks to queue
[2025-12-04T18:22:47.638+0500] {logging_mixin.py:188} INFO - [2025-12-04T18:22:47.637+0500] {dagbag.py:545} INFO - Filling up the DagBag from /Library/Frameworks/Python.framework/Versions/3.11/lib/python3.11/site-packages/airflow/example_dags/example_display_name.py
[2025-12-04T18:22:47.676+0500] {processor.py:840} INFO - DAG(s) 'example_display_name' retrieved from /Library/Frameworks/Python.framework/Versions/3.11/lib/python3.11/site-packages/airflow/example_dags/example_display_name.py
[2025-12-04T18:22:47.783+0500] {logging_mixin.py:188} INFO - [2025-12-04T18:22:47.782+0500] {dag.py:3089} INFO - Sync 1 DAGs
[2025-12-04T18:22:47.793+0500] {logging_mixin.py:188} INFO - [2025-12-04T18:22:47.793+0500] {dag.py:3947} INFO - Setting next_dagrun for example_display_name to None, run_after=None
[2025-12-04T18:22:47.815+0500] {processor.py:183} INFO - Processing /Library/Frameworks/Python.framework/Versions/3.11/lib/python3.11/site-packages/airflow/example_dags/example_display_name.py took 0.183 seconds
[2025-12-04T18:26:55.283+0500] {processor.py:161} INFO - Started process (PID=12018) to work on /Library/Frameworks/Python.framework/Versions/3.11/lib/python3.11/site-packages/airflow/example_dags/example_display_name.py
[2025-12-04T18:26:55.286+0500] {processor.py:830} INFO - Processing file /Library/Frameworks/Python.framework/Versions/3.11/lib/python3.11/site-packages/airflow/example_dags/example_display_name.py for tasks to queue
[2025-12-04T18:26:55.287+0500] {logging_mixin.py:188} INFO - [2025-12-04T18:26:55.286+0500] {dagbag.py:545} INFO - Filling up the DagBag from /Library/Frameworks/Python.framework/Versions/3.11/lib/python3.11/site-packages/airflow/example_dags/example_display_name.py
[2025-12-04T18:26:55.324+0500] {processor.py:840} INFO - DAG(s) 'example_display_name' retrieved from /Library/Frameworks/Python.framework/Versions/3.11/lib/python3.11/site-packages/airflow/example_dags/example_display_name.py
[2025-12-04T18:26:55.434+0500] {logging_mixin.py:188} INFO - [2025-12-04T18:26:55.433+0500] {dag.py:3089} INFO - Sync 1 DAGs
[2025-12-04T18:26:55.444+0500] {logging_mixin.py:188} INFO - [2025-12-04T18:26:55.444+0500] {dag.py:3947} INFO - Setting next_dagrun for example_display_name to None, run_after=None
[2025-12-04T18:26:55.472+0500] {processor.py:183} INFO - Processing /Library/Frameworks/Python.framework/Versions/3.11/lib/python3.11/site-packages/airflow/example_dags/example_display_name.py took 0.192 seconds
[2025-12-04T18:31:49.370+0500] {processor.py:161} INFO - Started process (PID=12239) to work on /Library/Frameworks/Python.framework/Versions/3.11/lib/python3.11/site-packages/airflow/example_dags/example_display_name.py
[2025-12-04T18:31:49.372+0500] {processor.py:830} INFO - Processing file /Library/Frameworks/Python.framework/Versions/3.11/lib/python3.11/site-packages/airflow/example_dags/example_display_name.py for tasks to queue
[2025-12-04T18:31:49.373+0500] {logging_mixin.py:188} INFO - [2025-12-04T18:31:49.372+0500] {dagbag.py:545} INFO - Filling up the DagBag from /Library/Frameworks/Python.framework/Versions/3.11/lib/python3.11/site-packages/airflow/example_dags/example_display_name.py
[2025-12-04T18:31:49.434+0500] {processor.py:840} INFO - DAG(s) 'example_display_name' retrieved from /Library/Frameworks/Python.framework/Versions/3.11/lib/python3.11/site-packages/airflow/example_dags/example_display_name.py
[2025-12-04T18:31:49.591+0500] {logging_mixin.py:188} INFO - [2025-12-04T18:31:49.590+0500] {dag.py:3089} INFO - Sync 1 DAGs
[2025-12-04T18:31:49.604+0500] {logging_mixin.py:188} INFO - [2025-12-04T18:31:49.604+0500] {dag.py:3947} INFO - Setting next_dagrun for example_display_name to None, run_after=None
[2025-12-04T18:31:49.631+0500] {processor.py:183} INFO - Processing /Library/Frameworks/Python.framework/Versions/3.11/lib/python3.11/site-packages/airflow/example_dags/example_display_name.py took 0.265 seconds
[2025-12-04T18:36:18.457+0500] {processor.py:161} INFO - Started process (PID=12447) to work on /Library/Frameworks/Python.framework/Versions/3.11/lib/python3.11/site-packages/airflow/example_dags/example_display_name.py
[2025-12-04T18:36:18.459+0500] {processor.py:830} INFO - Processing file /Library/Frameworks/Python.framework/Versions/3.11/lib/python3.11/site-packages/airflow/example_dags/example_display_name.py for tasks to queue
[2025-12-04T18:36:18.460+0500] {logging_mixin.py:188} INFO - [2025-12-04T18:36:18.460+0500] {dagbag.py:545} INFO - Filling up the DagBag from /Library/Frameworks/Python.framework/Versions/3.11/lib/python3.11/site-packages/airflow/example_dags/example_display_name.py
[2025-12-04T18:36:18.497+0500] {processor.py:840} INFO - DAG(s) 'example_display_name' retrieved from /Library/Frameworks/Python.framework/Versions/3.11/lib/python3.11/site-packages/airflow/example_dags/example_display_name.py
[2025-12-04T18:36:18.609+0500] {logging_mixin.py:188} INFO - [2025-12-04T18:36:18.609+0500] {dag.py:3089} INFO - Sync 1 DAGs
[2025-12-04T18:36:18.620+0500] {logging_mixin.py:188} INFO - [2025-12-04T18:36:18.619+0500] {dag.py:3947} INFO - Setting next_dagrun for example_display_name to None, run_after=None
[2025-12-04T18:36:18.641+0500] {processor.py:183} INFO - Processing /Library/Frameworks/Python.framework/Versions/3.11/lib/python3.11/site-packages/airflow/example_dags/example_display_name.py took 0.186 seconds
[2025-12-04T18:40:03.178+0500] {processor.py:161} INFO - Started process (PID=12575) to work on /Library/Frameworks/Python.framework/Versions/3.11/lib/python3.11/site-packages/airflow/example_dags/example_display_name.py
[2025-12-04T18:40:03.180+0500] {processor.py:830} INFO - Processing file /Library/Frameworks/Python.framework/Versions/3.11/lib/python3.11/site-packages/airflow/example_dags/example_display_name.py for tasks to queue
[2025-12-04T18:40:03.181+0500] {logging_mixin.py:188} INFO - [2025-12-04T18:40:03.181+0500] {dagbag.py:545} INFO - Filling up the DagBag from /Library/Frameworks/Python.framework/Versions/3.11/lib/python3.11/site-packages/airflow/example_dags/example_display_name.py
[2025-12-04T18:40:03.228+0500] {processor.py:840} INFO - DAG(s) 'example_display_name' retrieved from /Library/Frameworks/Python.framework/Versions/3.11/lib/python3.11/site-packages/airflow/example_dags/example_display_name.py
[2025-12-04T18:40:03.347+0500] {logging_mixin.py:188} INFO - [2025-12-04T18:40:03.346+0500] {dag.py:3089} INFO - Sync 1 DAGs
[2025-12-04T18:40:03.357+0500] {logging_mixin.py:188} INFO - [2025-12-04T18:40:03.357+0500] {dag.py:3947} INFO - Setting next_dagrun for example_display_name to None, run_after=None
[2025-12-04T18:40:03.379+0500] {processor.py:183} INFO - Processing /Library/Frameworks/Python.framework/Versions/3.11/lib/python3.11/site-packages/airflow/example_dags/example_display_name.py took 0.204 seconds
[2025-12-04T18:44:31.900+0500] {processor.py:161} INFO - Started process (PID=12777) to work on /Library/Frameworks/Python.framework/Versions/3.11/lib/python3.11/site-packages/airflow/example_dags/example_display_name.py
[2025-12-04T18:44:31.902+0500] {processor.py:830} INFO - Processing file /Library/Frameworks/Python.framework/Versions/3.11/lib/python3.11/site-packages/airflow/example_dags/example_display_name.py for tasks to queue
[2025-12-04T18:44:31.903+0500] {logging_mixin.py:188} INFO - [2025-12-04T18:44:31.903+0500] {dagbag.py:545} INFO - Filling up the DagBag from /Library/Frameworks/Python.framework/Versions/3.11/lib/python3.11/site-packages/airflow/example_dags/example_display_name.py
[2025-12-04T18:44:31.940+0500] {processor.py:840} INFO - DAG(s) 'example_display_name' retrieved from /Library/Frameworks/Python.framework/Versions/3.11/lib/python3.11/site-packages/airflow/example_dags/example_display_name.py
[2025-12-04T18:44:32.050+0500] {logging_mixin.py:188} INFO - [2025-12-04T18:44:32.050+0500] {dag.py:3089} INFO - Sync 1 DAGs
[2025-12-04T18:44:32.061+0500] {logging_mixin.py:188} INFO - [2025-12-04T18:44:32.061+0500] {dag.py:3947} INFO - Setting next_dagrun for example_display_name to None, run_after=None
[2025-12-04T18:44:32.082+0500] {processor.py:183} INFO - Processing /Library/Frameworks/Python.framework/Versions/3.11/lib/python3.11/site-packages/airflow/example_dags/example_display_name.py took 0.185 seconds
[2025-12-04T18:48:31.455+0500] {processor.py:161} INFO - Started process (PID=12927) to work on /Library/Frameworks/Python.framework/Versions/3.11/lib/python3.11/site-packages/airflow/example_dags/example_display_name.py
[2025-12-04T18:48:31.457+0500] {processor.py:830} INFO - Processing file /Library/Frameworks/Python.framework/Versions/3.11/lib/python3.11/site-packages/airflow/example_dags/example_display_name.py for tasks to queue
[2025-12-04T18:48:31.458+0500] {logging_mixin.py:188} INFO - [2025-12-04T18:48:31.458+0500] {dagbag.py:545} INFO - Filling up the DagBag from /Library/Frameworks/Python.framework/Versions/3.11/lib/python3.11/site-packages/airflow/example_dags/example_display_name.py
[2025-12-04T18:48:31.496+0500] {processor.py:840} INFO - DAG(s) 'example_display_name' retrieved from /Library/Frameworks/Python.framework/Versions/3.11/lib/python3.11/site-packages/airflow/example_dags/example_display_name.py
[2025-12-04T18:48:31.605+0500] {logging_mixin.py:188} INFO - [2025-12-04T18:48:31.604+0500] {dag.py:3089} INFO - Sync 1 DAGs
[2025-12-04T18:48:31.616+0500] {logging_mixin.py:188} INFO - [2025-12-04T18:48:31.616+0500] {dag.py:3947} INFO - Setting next_dagrun for example_display_name to None, run_after=None
[2025-12-04T18:48:31.643+0500] {processor.py:183} INFO - Processing /Library/Frameworks/Python.framework/Versions/3.11/lib/python3.11/site-packages/airflow/example_dags/example_display_name.py took 0.191 seconds
[2025-12-04T18:53:09.803+0500] {processor.py:161} INFO - Started process (PID=13101) to work on /Library/Frameworks/Python.framework/Versions/3.11/lib/python3.11/site-packages/airflow/example_dags/example_display_name.py
[2025-12-04T18:53:09.805+0500] {processor.py:830} INFO - Processing file /Library/Frameworks/Python.framework/Versions/3.11/lib/python3.11/site-packages/airflow/example_dags/example_display_name.py for tasks to queue
[2025-12-04T18:53:09.806+0500] {logging_mixin.py:188} INFO - [2025-12-04T18:53:09.806+0500] {dagbag.py:545} INFO - Filling up the DagBag from /Library/Frameworks/Python.framework/Versions/3.11/lib/python3.11/site-packages/airflow/example_dags/example_display_name.py
[2025-12-04T18:53:09.841+0500] {processor.py:840} INFO - DAG(s) 'example_display_name' retrieved from /Library/Frameworks/Python.framework/Versions/3.11/lib/python3.11/site-packages/airflow/example_dags/example_display_name.py
[2025-12-04T18:53:09.947+0500] {logging_mixin.py:188} INFO - [2025-12-04T18:53:09.947+0500] {dag.py:3089} INFO - Sync 1 DAGs
[2025-12-04T18:53:09.958+0500] {logging_mixin.py:188} INFO - [2025-12-04T18:53:09.958+0500] {dag.py:3947} INFO - Setting next_dagrun for example_display_name to None, run_after=None
[2025-12-04T18:53:09.985+0500] {processor.py:183} INFO - Processing /Library/Frameworks/Python.framework/Versions/3.11/lib/python3.11/site-packages/airflow/example_dags/example_display_name.py took 0.185 seconds
[2025-12-04T19:34:43.967+0500] {processor.py:161} INFO - Started process (PID=14629) to work on /Library/Frameworks/Python.framework/Versions/3.11/lib/python3.11/site-packages/airflow/example_dags/example_display_name.py
[2025-12-04T19:34:43.969+0500] {processor.py:830} INFO - Processing file /Library/Frameworks/Python.framework/Versions/3.11/lib/python3.11/site-packages/airflow/example_dags/example_display_name.py for tasks to queue
[2025-12-04T19:34:43.970+0500] {logging_mixin.py:188} INFO - [2025-12-04T19:34:43.970+0500] {dagbag.py:545} INFO - Filling up the DagBag from /Library/Frameworks/Python.framework/Versions/3.11/lib/python3.11/site-packages/airflow/example_dags/example_display_name.py
[2025-12-04T19:34:44.009+0500] {processor.py:840} INFO - DAG(s) 'example_display_name' retrieved from /Library/Frameworks/Python.framework/Versions/3.11/lib/python3.11/site-packages/airflow/example_dags/example_display_name.py
[2025-12-04T19:34:44.129+0500] {logging_mixin.py:188} INFO - [2025-12-04T19:34:44.128+0500] {dag.py:3089} INFO - Sync 1 DAGs
[2025-12-04T19:34:44.141+0500] {logging_mixin.py:188} INFO - [2025-12-04T19:34:44.140+0500] {dag.py:3947} INFO - Setting next_dagrun for example_display_name to None, run_after=None
[2025-12-04T19:34:44.162+0500] {processor.py:183} INFO - Processing /Library/Frameworks/Python.framework/Versions/3.11/lib/python3.11/site-packages/airflow/example_dags/example_display_name.py took 0.199 seconds
[2025-12-04T19:37:44.448+0500] {processor.py:161} INFO - Started process (PID=14749) to work on /Library/Frameworks/Python.framework/Versions/3.11/lib/python3.11/site-packages/airflow/example_dags/example_display_name.py
[2025-12-04T19:37:44.451+0500] {processor.py:830} INFO - Processing file /Library/Frameworks/Python.framework/Versions/3.11/lib/python3.11/site-packages/airflow/example_dags/example_display_name.py for tasks to queue
[2025-12-04T19:37:44.452+0500] {logging_mixin.py:188} INFO - [2025-12-04T19:37:44.451+0500] {dagbag.py:545} INFO - Filling up the DagBag from /Library/Frameworks/Python.framework/Versions/3.11/lib/python3.11/site-packages/airflow/example_dags/example_display_name.py
[2025-12-04T19:37:44.487+0500] {processor.py:840} INFO - DAG(s) 'example_display_name' retrieved from /Library/Frameworks/Python.framework/Versions/3.11/lib/python3.11/site-packages/airflow/example_dags/example_display_name.py
[2025-12-04T19:37:44.599+0500] {logging_mixin.py:188} INFO - [2025-12-04T19:37:44.598+0500] {dag.py:3089} INFO - Sync 1 DAGs
[2025-12-04T19:37:44.609+0500] {logging_mixin.py:188} INFO - [2025-12-04T19:37:44.609+0500] {dag.py:3947} INFO - Setting next_dagrun for example_display_name to None, run_after=None
[2025-12-04T19:37:44.629+0500] {processor.py:183} INFO - Processing /Library/Frameworks/Python.framework/Versions/3.11/lib/python3.11/site-packages/airflow/example_dags/example_display_name.py took 0.184 seconds
[2025-12-04T19:42:03.408+0500] {processor.py:161} INFO - Started process (PID=14909) to work on /Library/Frameworks/Python.framework/Versions/3.11/lib/python3.11/site-packages/airflow/example_dags/example_display_name.py
[2025-12-04T19:42:03.410+0500] {processor.py:830} INFO - Processing file /Library/Frameworks/Python.framework/Versions/3.11/lib/python3.11/site-packages/airflow/example_dags/example_display_name.py for tasks to queue
[2025-12-04T19:42:03.412+0500] {logging_mixin.py:188} INFO - [2025-12-04T19:42:03.411+0500] {dagbag.py:545} INFO - Filling up the DagBag from /Library/Frameworks/Python.framework/Versions/3.11/lib/python3.11/site-packages/airflow/example_dags/example_display_name.py
[2025-12-04T19:42:03.452+0500] {processor.py:840} INFO - DAG(s) 'example_display_name' retrieved from /Library/Frameworks/Python.framework/Versions/3.11/lib/python3.11/site-packages/airflow/example_dags/example_display_name.py
[2025-12-04T19:42:03.567+0500] {logging_mixin.py:188} INFO - [2025-12-04T19:42:03.566+0500] {dag.py:3089} INFO - Sync 1 DAGs
[2025-12-04T19:42:03.579+0500] {logging_mixin.py:188} INFO - [2025-12-04T19:42:03.579+0500] {dag.py:3947} INFO - Setting next_dagrun for example_display_name to None, run_after=None
[2025-12-04T19:42:03.600+0500] {processor.py:183} INFO - Processing /Library/Frameworks/Python.framework/Versions/3.11/lib/python3.11/site-packages/airflow/example_dags/example_display_name.py took 0.194 seconds
[2025-12-04T19:46:44.970+0500] {processor.py:161} INFO - Started process (PID=15070) to work on /Library/Frameworks/Python.framework/Versions/3.11/lib/python3.11/site-packages/airflow/example_dags/example_display_name.py
[2025-12-04T19:46:44.972+0500] {processor.py:830} INFO - Processing file /Library/Frameworks/Python.framework/Versions/3.11/lib/python3.11/site-packages/airflow/example_dags/example_display_name.py for tasks to queue
[2025-12-04T19:46:44.973+0500] {logging_mixin.py:188} INFO - [2025-12-04T19:46:44.973+0500] {dagbag.py:545} INFO - Filling up the DagBag from /Library/Frameworks/Python.framework/Versions/3.11/lib/python3.11/site-packages/airflow/example_dags/example_display_name.py
[2025-12-04T19:46:45.020+0500] {processor.py:840} INFO - DAG(s) 'example_display_name' retrieved from /Library/Frameworks/Python.framework/Versions/3.11/lib/python3.11/site-packages/airflow/example_dags/example_display_name.py
[2025-12-04T19:46:45.161+0500] {logging_mixin.py:188} INFO - [2025-12-04T19:46:45.161+0500] {dag.py:3089} INFO - Sync 1 DAGs
[2025-12-04T19:46:45.174+0500] {logging_mixin.py:188} INFO - [2025-12-04T19:46:45.174+0500] {dag.py:3947} INFO - Setting next_dagrun for example_display_name to None, run_after=None
[2025-12-04T19:46:45.199+0500] {processor.py:183} INFO - Processing /Library/Frameworks/Python.framework/Versions/3.11/lib/python3.11/site-packages/airflow/example_dags/example_display_name.py took 0.232 seconds
[2025-12-04T19:50:58.098+0500] {processor.py:161} INFO - Started process (PID=15218) to work on /Library/Frameworks/Python.framework/Versions/3.11/lib/python3.11/site-packages/airflow/example_dags/example_display_name.py
[2025-12-04T19:50:58.100+0500] {processor.py:830} INFO - Processing file /Library/Frameworks/Python.framework/Versions/3.11/lib/python3.11/site-packages/airflow/example_dags/example_display_name.py for tasks to queue
[2025-12-04T19:50:58.101+0500] {logging_mixin.py:188} INFO - [2025-12-04T19:50:58.101+0500] {dagbag.py:545} INFO - Filling up the DagBag from /Library/Frameworks/Python.framework/Versions/3.11/lib/python3.11/site-packages/airflow/example_dags/example_display_name.py
[2025-12-04T19:50:58.140+0500] {processor.py:840} INFO - DAG(s) 'example_display_name' retrieved from /Library/Frameworks/Python.framework/Versions/3.11/lib/python3.11/site-packages/airflow/example_dags/example_display_name.py
[2025-12-04T19:50:58.249+0500] {logging_mixin.py:188} INFO - [2025-12-04T19:50:58.249+0500] {dag.py:3089} INFO - Sync 1 DAGs
[2025-12-04T19:50:58.260+0500] {logging_mixin.py:188} INFO - [2025-12-04T19:50:58.260+0500] {dag.py:3947} INFO - Setting next_dagrun for example_display_name to None, run_after=None
[2025-12-04T19:50:58.281+0500] {processor.py:183} INFO - Processing /Library/Frameworks/Python.framework/Versions/3.11/lib/python3.11/site-packages/airflow/example_dags/example_display_name.py took 0.185 seconds
[2025-12-04T19:54:51.625+0500] {processor.py:161} INFO - Started process (PID=15398) to work on /Library/Frameworks/Python.framework/Versions/3.11/lib/python3.11/site-packages/airflow/example_dags/example_display_name.py
[2025-12-04T19:54:51.627+0500] {processor.py:830} INFO - Processing file /Library/Frameworks/Python.framework/Versions/3.11/lib/python3.11/site-packages/airflow/example_dags/example_display_name.py for tasks to queue
[2025-12-04T19:54:51.628+0500] {logging_mixin.py:188} INFO - [2025-12-04T19:54:51.628+0500] {dagbag.py:545} INFO - Filling up the DagBag from /Library/Frameworks/Python.framework/Versions/3.11/lib/python3.11/site-packages/airflow/example_dags/example_display_name.py
[2025-12-04T19:54:51.664+0500] {processor.py:840} INFO - DAG(s) 'example_display_name' retrieved from /Library/Frameworks/Python.framework/Versions/3.11/lib/python3.11/site-packages/airflow/example_dags/example_display_name.py
[2025-12-04T19:54:51.773+0500] {logging_mixin.py:188} INFO - [2025-12-04T19:54:51.773+0500] {dag.py:3089} INFO - Sync 1 DAGs
[2025-12-04T19:54:51.784+0500] {logging_mixin.py:188} INFO - [2025-12-04T19:54:51.783+0500] {dag.py:3947} INFO - Setting next_dagrun for example_display_name to None, run_after=None
[2025-12-04T19:54:51.805+0500] {processor.py:183} INFO - Processing /Library/Frameworks/Python.framework/Versions/3.11/lib/python3.11/site-packages/airflow/example_dags/example_display_name.py took 0.183 seconds
[2025-12-04T20:15:44.892+0500] {processor.py:161} INFO - Started process (PID=15542) to work on /Library/Frameworks/Python.framework/Versions/3.11/lib/python3.11/site-packages/airflow/example_dags/example_display_name.py
[2025-12-04T20:15:44.895+0500] {processor.py:830} INFO - Processing file /Library/Frameworks/Python.framework/Versions/3.11/lib/python3.11/site-packages/airflow/example_dags/example_display_name.py for tasks to queue
[2025-12-04T20:15:44.896+0500] {logging_mixin.py:188} INFO - [2025-12-04T20:15:44.896+0500] {dagbag.py:545} INFO - Filling up the DagBag from /Library/Frameworks/Python.framework/Versions/3.11/lib/python3.11/site-packages/airflow/example_dags/example_display_name.py
[2025-12-04T20:15:44.940+0500] {processor.py:840} INFO - DAG(s) 'example_display_name' retrieved from /Library/Frameworks/Python.framework/Versions/3.11/lib/python3.11/site-packages/airflow/example_dags/example_display_name.py
[2025-12-04T20:15:45.065+0500] {logging_mixin.py:188} INFO - [2025-12-04T20:15:45.064+0500] {dag.py:3089} INFO - Sync 1 DAGs
[2025-12-04T20:15:45.078+0500] {logging_mixin.py:188} INFO - [2025-12-04T20:15:45.078+0500] {dag.py:3947} INFO - Setting next_dagrun for example_display_name to None, run_after=None
[2025-12-04T20:15:45.102+0500] {processor.py:183} INFO - Processing /Library/Frameworks/Python.framework/Versions/3.11/lib/python3.11/site-packages/airflow/example_dags/example_display_name.py took 0.214 seconds
[2025-12-04T20:45:57.004+0500] {processor.py:161} INFO - Started process (PID=15809) to work on /Library/Frameworks/Python.framework/Versions/3.11/lib/python3.11/site-packages/airflow/example_dags/example_display_name.py
[2025-12-04T20:45:57.007+0500] {processor.py:830} INFO - Processing file /Library/Frameworks/Python.framework/Versions/3.11/lib/python3.11/site-packages/airflow/example_dags/example_display_name.py for tasks to queue
[2025-12-04T20:45:57.007+0500] {logging_mixin.py:188} INFO - [2025-12-04T20:45:57.007+0500] {dagbag.py:545} INFO - Filling up the DagBag from /Library/Frameworks/Python.framework/Versions/3.11/lib/python3.11/site-packages/airflow/example_dags/example_display_name.py
[2025-12-04T20:45:57.054+0500] {processor.py:840} INFO - DAG(s) 'example_display_name' retrieved from /Library/Frameworks/Python.framework/Versions/3.11/lib/python3.11/site-packages/airflow/example_dags/example_display_name.py
[2025-12-04T20:45:57.190+0500] {logging_mixin.py:188} INFO - [2025-12-04T20:45:57.190+0500] {dag.py:3089} INFO - Sync 1 DAGs
[2025-12-04T20:45:57.203+0500] {logging_mixin.py:188} INFO - [2025-12-04T20:45:57.203+0500] {dag.py:3947} INFO - Setting next_dagrun for example_display_name to None, run_after=None
[2025-12-04T20:45:57.227+0500] {processor.py:183} INFO - Processing /Library/Frameworks/Python.framework/Versions/3.11/lib/python3.11/site-packages/airflow/example_dags/example_display_name.py took 0.226 seconds
