[2025-12-04T18:19:05.944+0500] {processor.py:161} INFO - Started process (PID=11708) to work on /Library/Frameworks/Python.framework/Versions/3.11/lib/python3.11/site-packages/airflow/example_dags/example_short_circuit_decorator.py
[2025-12-04T18:19:05.945+0500] {processor.py:830} INFO - Processing file /Library/Frameworks/Python.framework/Versions/3.11/lib/python3.11/site-packages/airflow/example_dags/example_short_circuit_decorator.py for tasks to queue
[2025-12-04T18:19:05.946+0500] {logging_mixin.py:188} INFO - [2025-12-04T18:19:05.946+0500] {dagbag.py:545} INFO - Filling up the DagBag from /Library/Frameworks/Python.framework/Versions/3.11/lib/python3.11/site-packages/airflow/example_dags/example_short_circuit_decorator.py
[2025-12-04T18:19:05.988+0500] {processor.py:840} INFO - DAG(s) 'example_short_circuit_decorator' retrieved from /Library/Frameworks/Python.framework/Versions/3.11/lib/python3.11/site-packages/airflow/example_dags/example_short_circuit_decorator.py
[2025-12-04T18:19:06.250+0500] {logging_mixin.py:188} INFO - [2025-12-04T18:19:06.249+0500] {override.py:1858} INFO - Created Permission View: can edit on DAG:example_short_circuit_decorator
[2025-12-04T18:19:06.261+0500] {logging_mixin.py:188} INFO - [2025-12-04T18:19:06.260+0500] {override.py:1858} INFO - Created Permission View: can read on DAG:example_short_circuit_decorator
[2025-12-04T18:19:06.268+0500] {logging_mixin.py:188} INFO - [2025-12-04T18:19:06.268+0500] {override.py:1858} INFO - Created Permission View: can delete on DAG:example_short_circuit_decorator
[2025-12-04T18:19:06.269+0500] {logging_mixin.py:188} INFO - [2025-12-04T18:19:06.269+0500] {dag.py:3089} INFO - Sync 1 DAGs
[2025-12-04T18:19:06.279+0500] {logging_mixin.py:188} INFO - [2025-12-04T18:19:06.279+0500] {dag.py:3111} INFO - Creating ORM DAG for example_short_circuit_decorator
[2025-12-04T18:19:06.287+0500] {logging_mixin.py:188} INFO - [2025-12-04T18:19:06.286+0500] {dag.py:3947} INFO - Setting next_dagrun for example_short_circuit_decorator to 2025-12-03 00:00:00+00:00, run_after=2025-12-04 00:00:00+00:00
[2025-12-04T18:19:06.305+0500] {processor.py:183} INFO - Processing /Library/Frameworks/Python.framework/Versions/3.11/lib/python3.11/site-packages/airflow/example_dags/example_short_circuit_decorator.py took 0.365 seconds
[2025-12-04T18:21:52.876+0500] {processor.py:161} INFO - Started process (PID=11805) to work on /Library/Frameworks/Python.framework/Versions/3.11/lib/python3.11/site-packages/airflow/example_dags/example_short_circuit_decorator.py
[2025-12-04T18:21:52.879+0500] {processor.py:830} INFO - Processing file /Library/Frameworks/Python.framework/Versions/3.11/lib/python3.11/site-packages/airflow/example_dags/example_short_circuit_decorator.py for tasks to queue
[2025-12-04T18:21:52.880+0500] {logging_mixin.py:188} INFO - [2025-12-04T18:21:52.880+0500] {dagbag.py:545} INFO - Filling up the DagBag from /Library/Frameworks/Python.framework/Versions/3.11/lib/python3.11/site-packages/airflow/example_dags/example_short_circuit_decorator.py
[2025-12-04T18:21:52.927+0500] {processor.py:840} INFO - DAG(s) 'example_short_circuit_decorator' retrieved from /Library/Frameworks/Python.framework/Versions/3.11/lib/python3.11/site-packages/airflow/example_dags/example_short_circuit_decorator.py
[2025-12-04T18:21:53.059+0500] {logging_mixin.py:188} INFO - [2025-12-04T18:21:53.059+0500] {dag.py:3089} INFO - Sync 1 DAGs
[2025-12-04T18:21:53.079+0500] {logging_mixin.py:188} INFO - [2025-12-04T18:21:53.078+0500] {dag.py:3947} INFO - Setting next_dagrun for example_short_circuit_decorator to 2025-12-03 00:00:00+00:00, run_after=2025-12-04 00:00:00+00:00
[2025-12-04T18:21:53.102+0500] {processor.py:183} INFO - Processing /Library/Frameworks/Python.framework/Versions/3.11/lib/python3.11/site-packages/airflow/example_dags/example_short_circuit_decorator.py took 0.232 seconds
[2025-12-04T18:23:56.862+0500] {processor.py:161} INFO - Started process (PID=11882) to work on /Library/Frameworks/Python.framework/Versions/3.11/lib/python3.11/site-packages/airflow/example_dags/example_short_circuit_decorator.py
[2025-12-04T18:23:56.864+0500] {processor.py:830} INFO - Processing file /Library/Frameworks/Python.framework/Versions/3.11/lib/python3.11/site-packages/airflow/example_dags/example_short_circuit_decorator.py for tasks to queue
[2025-12-04T18:23:56.865+0500] {logging_mixin.py:188} INFO - [2025-12-04T18:23:56.865+0500] {dagbag.py:545} INFO - Filling up the DagBag from /Library/Frameworks/Python.framework/Versions/3.11/lib/python3.11/site-packages/airflow/example_dags/example_short_circuit_decorator.py
[2025-12-04T18:23:56.906+0500] {processor.py:840} INFO - DAG(s) 'example_short_circuit_decorator' retrieved from /Library/Frameworks/Python.framework/Versions/3.11/lib/python3.11/site-packages/airflow/example_dags/example_short_circuit_decorator.py
[2025-12-04T18:23:57.023+0500] {logging_mixin.py:188} INFO - [2025-12-04T18:23:57.023+0500] {dag.py:3089} INFO - Sync 1 DAGs
[2025-12-04T18:23:57.040+0500] {logging_mixin.py:188} INFO - [2025-12-04T18:23:57.040+0500] {dag.py:3947} INFO - Setting next_dagrun for example_short_circuit_decorator to 2025-12-03 00:00:00+00:00, run_after=2025-12-04 00:00:00+00:00
[2025-12-04T18:23:57.064+0500] {processor.py:183} INFO - Processing /Library/Frameworks/Python.framework/Versions/3.11/lib/python3.11/site-packages/airflow/example_dags/example_short_circuit_decorator.py took 0.205 seconds
[2025-12-04T18:26:02.585+0500] {processor.py:161} INFO - Started process (PID=11981) to work on /Library/Frameworks/Python.framework/Versions/3.11/lib/python3.11/site-packages/airflow/example_dags/example_short_circuit_decorator.py
[2025-12-04T18:26:02.587+0500] {processor.py:830} INFO - Processing file /Library/Frameworks/Python.framework/Versions/3.11/lib/python3.11/site-packages/airflow/example_dags/example_short_circuit_decorator.py for tasks to queue
[2025-12-04T18:26:02.588+0500] {logging_mixin.py:188} INFO - [2025-12-04T18:26:02.588+0500] {dagbag.py:545} INFO - Filling up the DagBag from /Library/Frameworks/Python.framework/Versions/3.11/lib/python3.11/site-packages/airflow/example_dags/example_short_circuit_decorator.py
[2025-12-04T18:26:02.726+0500] {processor.py:840} INFO - DAG(s) 'example_short_circuit_decorator' retrieved from /Library/Frameworks/Python.framework/Versions/3.11/lib/python3.11/site-packages/airflow/example_dags/example_short_circuit_decorator.py
[2025-12-04T18:26:02.872+0500] {logging_mixin.py:188} INFO - [2025-12-04T18:26:02.872+0500] {dag.py:3089} INFO - Sync 1 DAGs
[2025-12-04T18:26:02.898+0500] {logging_mixin.py:188} INFO - [2025-12-04T18:26:02.898+0500] {dag.py:3947} INFO - Setting next_dagrun for example_short_circuit_decorator to 2025-12-03 00:00:00+00:00, run_after=2025-12-04 00:00:00+00:00
[2025-12-04T18:26:02.986+0500] {processor.py:183} INFO - Processing /Library/Frameworks/Python.framework/Versions/3.11/lib/python3.11/site-packages/airflow/example_dags/example_short_circuit_decorator.py took 0.404 seconds
[2025-12-04T18:28:18.917+0500] {processor.py:161} INFO - Started process (PID=12104) to work on /Library/Frameworks/Python.framework/Versions/3.11/lib/python3.11/site-packages/airflow/example_dags/example_short_circuit_decorator.py
[2025-12-04T18:28:18.919+0500] {processor.py:830} INFO - Processing file /Library/Frameworks/Python.framework/Versions/3.11/lib/python3.11/site-packages/airflow/example_dags/example_short_circuit_decorator.py for tasks to queue
[2025-12-04T18:28:18.920+0500] {logging_mixin.py:188} INFO - [2025-12-04T18:28:18.920+0500] {dagbag.py:545} INFO - Filling up the DagBag from /Library/Frameworks/Python.framework/Versions/3.11/lib/python3.11/site-packages/airflow/example_dags/example_short_circuit_decorator.py
[2025-12-04T18:28:18.967+0500] {processor.py:840} INFO - DAG(s) 'example_short_circuit_decorator' retrieved from /Library/Frameworks/Python.framework/Versions/3.11/lib/python3.11/site-packages/airflow/example_dags/example_short_circuit_decorator.py
[2025-12-04T18:28:19.103+0500] {logging_mixin.py:188} INFO - [2025-12-04T18:28:19.102+0500] {dag.py:3089} INFO - Sync 1 DAGs
[2025-12-04T18:28:19.123+0500] {logging_mixin.py:188} INFO - [2025-12-04T18:28:19.123+0500] {dag.py:3947} INFO - Setting next_dagrun for example_short_circuit_decorator to 2025-12-03 00:00:00+00:00, run_after=2025-12-04 00:00:00+00:00
[2025-12-04T18:28:19.149+0500] {processor.py:183} INFO - Processing /Library/Frameworks/Python.framework/Versions/3.11/lib/python3.11/site-packages/airflow/example_dags/example_short_circuit_decorator.py took 0.235 seconds
[2025-12-04T18:30:50.513+0500] {processor.py:161} INFO - Started process (PID=12210) to work on /Library/Frameworks/Python.framework/Versions/3.11/lib/python3.11/site-packages/airflow/example_dags/example_short_circuit_decorator.py
[2025-12-04T18:30:50.515+0500] {processor.py:830} INFO - Processing file /Library/Frameworks/Python.framework/Versions/3.11/lib/python3.11/site-packages/airflow/example_dags/example_short_circuit_decorator.py for tasks to queue
[2025-12-04T18:30:50.516+0500] {logging_mixin.py:188} INFO - [2025-12-04T18:30:50.516+0500] {dagbag.py:545} INFO - Filling up the DagBag from /Library/Frameworks/Python.framework/Versions/3.11/lib/python3.11/site-packages/airflow/example_dags/example_short_circuit_decorator.py
[2025-12-04T18:30:50.586+0500] {processor.py:840} INFO - DAG(s) 'example_short_circuit_decorator' retrieved from /Library/Frameworks/Python.framework/Versions/3.11/lib/python3.11/site-packages/airflow/example_dags/example_short_circuit_decorator.py
[2025-12-04T18:30:50.714+0500] {logging_mixin.py:188} INFO - [2025-12-04T18:30:50.714+0500] {dag.py:3089} INFO - Sync 1 DAGs
[2025-12-04T18:30:50.740+0500] {logging_mixin.py:188} INFO - [2025-12-04T18:30:50.740+0500] {dag.py:3947} INFO - Setting next_dagrun for example_short_circuit_decorator to 2025-12-03 00:00:00+00:00, run_after=2025-12-04 00:00:00+00:00
[2025-12-04T18:30:50.770+0500] {processor.py:183} INFO - Processing /Library/Frameworks/Python.framework/Versions/3.11/lib/python3.11/site-packages/airflow/example_dags/example_short_circuit_decorator.py took 0.260 seconds
[2025-12-04T18:33:14.832+0500] {processor.py:161} INFO - Started process (PID=12321) to work on /Library/Frameworks/Python.framework/Versions/3.11/lib/python3.11/site-packages/airflow/example_dags/example_short_circuit_decorator.py
[2025-12-04T18:33:14.836+0500] {processor.py:830} INFO - Processing file /Library/Frameworks/Python.framework/Versions/3.11/lib/python3.11/site-packages/airflow/example_dags/example_short_circuit_decorator.py for tasks to queue
[2025-12-04T18:33:14.837+0500] {logging_mixin.py:188} INFO - [2025-12-04T18:33:14.837+0500] {dagbag.py:545} INFO - Filling up the DagBag from /Library/Frameworks/Python.framework/Versions/3.11/lib/python3.11/site-packages/airflow/example_dags/example_short_circuit_decorator.py
[2025-12-04T18:33:14.884+0500] {processor.py:840} INFO - DAG(s) 'example_short_circuit_decorator' retrieved from /Library/Frameworks/Python.framework/Versions/3.11/lib/python3.11/site-packages/airflow/example_dags/example_short_circuit_decorator.py
[2025-12-04T18:33:15.008+0500] {logging_mixin.py:188} INFO - [2025-12-04T18:33:15.007+0500] {dag.py:3089} INFO - Sync 1 DAGs
[2025-12-04T18:33:15.027+0500] {logging_mixin.py:188} INFO - [2025-12-04T18:33:15.026+0500] {dag.py:3947} INFO - Setting next_dagrun for example_short_circuit_decorator to 2025-12-03 00:00:00+00:00, run_after=2025-12-04 00:00:00+00:00
[2025-12-04T18:33:15.048+0500] {processor.py:183} INFO - Processing /Library/Frameworks/Python.framework/Versions/3.11/lib/python3.11/site-packages/airflow/example_dags/example_short_circuit_decorator.py took 0.219 seconds
[2025-12-04T18:35:26.557+0500] {processor.py:161} INFO - Started process (PID=12419) to work on /Library/Frameworks/Python.framework/Versions/3.11/lib/python3.11/site-packages/airflow/example_dags/example_short_circuit_decorator.py
[2025-12-04T18:35:26.559+0500] {processor.py:830} INFO - Processing file /Library/Frameworks/Python.framework/Versions/3.11/lib/python3.11/site-packages/airflow/example_dags/example_short_circuit_decorator.py for tasks to queue
[2025-12-04T18:35:26.560+0500] {logging_mixin.py:188} INFO - [2025-12-04T18:35:26.560+0500] {dagbag.py:545} INFO - Filling up the DagBag from /Library/Frameworks/Python.framework/Versions/3.11/lib/python3.11/site-packages/airflow/example_dags/example_short_circuit_decorator.py
[2025-12-04T18:35:26.601+0500] {processor.py:840} INFO - DAG(s) 'example_short_circuit_decorator' retrieved from /Library/Frameworks/Python.framework/Versions/3.11/lib/python3.11/site-packages/airflow/example_dags/example_short_circuit_decorator.py
[2025-12-04T18:35:26.713+0500] {logging_mixin.py:188} INFO - [2025-12-04T18:35:26.713+0500] {dag.py:3089} INFO - Sync 1 DAGs
[2025-12-04T18:35:26.730+0500] {logging_mixin.py:188} INFO - [2025-12-04T18:35:26.730+0500] {dag.py:3947} INFO - Setting next_dagrun for example_short_circuit_decorator to 2025-12-03 00:00:00+00:00, run_after=2025-12-04 00:00:00+00:00
[2025-12-04T18:35:26.751+0500] {processor.py:183} INFO - Processing /Library/Frameworks/Python.framework/Versions/3.11/lib/python3.11/site-packages/airflow/example_dags/example_short_circuit_decorator.py took 0.198 seconds
[2025-12-04T18:37:25.363+0500] {processor.py:161} INFO - Started process (PID=12485) to work on /Library/Frameworks/Python.framework/Versions/3.11/lib/python3.11/site-packages/airflow/example_dags/example_short_circuit_decorator.py
[2025-12-04T18:37:25.365+0500] {processor.py:830} INFO - Processing file /Library/Frameworks/Python.framework/Versions/3.11/lib/python3.11/site-packages/airflow/example_dags/example_short_circuit_decorator.py for tasks to queue
[2025-12-04T18:37:25.366+0500] {logging_mixin.py:188} INFO - [2025-12-04T18:37:25.366+0500] {dagbag.py:545} INFO - Filling up the DagBag from /Library/Frameworks/Python.framework/Versions/3.11/lib/python3.11/site-packages/airflow/example_dags/example_short_circuit_decorator.py
[2025-12-04T18:37:25.414+0500] {processor.py:840} INFO - DAG(s) 'example_short_circuit_decorator' retrieved from /Library/Frameworks/Python.framework/Versions/3.11/lib/python3.11/site-packages/airflow/example_dags/example_short_circuit_decorator.py
[2025-12-04T18:37:25.547+0500] {logging_mixin.py:188} INFO - [2025-12-04T18:37:25.546+0500] {dag.py:3089} INFO - Sync 1 DAGs
[2025-12-04T18:37:25.567+0500] {logging_mixin.py:188} INFO - [2025-12-04T18:37:25.566+0500] {dag.py:3947} INFO - Setting next_dagrun for example_short_circuit_decorator to 2025-12-03 00:00:00+00:00, run_after=2025-12-04 00:00:00+00:00
[2025-12-04T18:37:25.588+0500] {processor.py:183} INFO - Processing /Library/Frameworks/Python.framework/Versions/3.11/lib/python3.11/site-packages/airflow/example_dags/example_short_circuit_decorator.py took 0.228 seconds
[2025-12-04T18:39:17.597+0500] {processor.py:161} INFO - Started process (PID=12551) to work on /Library/Frameworks/Python.framework/Versions/3.11/lib/python3.11/site-packages/airflow/example_dags/example_short_circuit_decorator.py
[2025-12-04T18:39:17.599+0500] {processor.py:830} INFO - Processing file /Library/Frameworks/Python.framework/Versions/3.11/lib/python3.11/site-packages/airflow/example_dags/example_short_circuit_decorator.py for tasks to queue
[2025-12-04T18:39:17.600+0500] {logging_mixin.py:188} INFO - [2025-12-04T18:39:17.600+0500] {dagbag.py:545} INFO - Filling up the DagBag from /Library/Frameworks/Python.framework/Versions/3.11/lib/python3.11/site-packages/airflow/example_dags/example_short_circuit_decorator.py
[2025-12-04T18:39:17.640+0500] {processor.py:840} INFO - DAG(s) 'example_short_circuit_decorator' retrieved from /Library/Frameworks/Python.framework/Versions/3.11/lib/python3.11/site-packages/airflow/example_dags/example_short_circuit_decorator.py
[2025-12-04T18:39:17.759+0500] {logging_mixin.py:188} INFO - [2025-12-04T18:39:17.759+0500] {dag.py:3089} INFO - Sync 1 DAGs
[2025-12-04T18:39:17.778+0500] {logging_mixin.py:188} INFO - [2025-12-04T18:39:17.778+0500] {dag.py:3947} INFO - Setting next_dagrun for example_short_circuit_decorator to 2025-12-03 00:00:00+00:00, run_after=2025-12-04 00:00:00+00:00
[2025-12-04T18:39:17.802+0500] {processor.py:183} INFO - Processing /Library/Frameworks/Python.framework/Versions/3.11/lib/python3.11/site-packages/airflow/example_dags/example_short_circuit_decorator.py took 0.207 seconds
[2025-12-04T18:41:21.035+0500] {processor.py:161} INFO - Started process (PID=12658) to work on /Library/Frameworks/Python.framework/Versions/3.11/lib/python3.11/site-packages/airflow/example_dags/example_short_circuit_decorator.py
[2025-12-04T18:41:21.038+0500] {processor.py:830} INFO - Processing file /Library/Frameworks/Python.framework/Versions/3.11/lib/python3.11/site-packages/airflow/example_dags/example_short_circuit_decorator.py for tasks to queue
[2025-12-04T18:41:21.039+0500] {logging_mixin.py:188} INFO - [2025-12-04T18:41:21.038+0500] {dagbag.py:545} INFO - Filling up the DagBag from /Library/Frameworks/Python.framework/Versions/3.11/lib/python3.11/site-packages/airflow/example_dags/example_short_circuit_decorator.py
[2025-12-04T18:41:21.087+0500] {processor.py:840} INFO - DAG(s) 'example_short_circuit_decorator' retrieved from /Library/Frameworks/Python.framework/Versions/3.11/lib/python3.11/site-packages/airflow/example_dags/example_short_circuit_decorator.py
[2025-12-04T18:41:21.389+0500] {logging_mixin.py:188} INFO - [2025-12-04T18:41:21.389+0500] {dag.py:3089} INFO - Sync 1 DAGs
[2025-12-04T18:41:21.410+0500] {logging_mixin.py:188} INFO - [2025-12-04T18:41:21.409+0500] {dag.py:3947} INFO - Setting next_dagrun for example_short_circuit_decorator to 2025-12-03 00:00:00+00:00, run_after=2025-12-04 00:00:00+00:00
[2025-12-04T18:41:21.474+0500] {processor.py:183} INFO - Processing /Library/Frameworks/Python.framework/Versions/3.11/lib/python3.11/site-packages/airflow/example_dags/example_short_circuit_decorator.py took 0.446 seconds
[2025-12-04T18:43:35.379+0500] {processor.py:161} INFO - Started process (PID=12727) to work on /Library/Frameworks/Python.framework/Versions/3.11/lib/python3.11/site-packages/airflow/example_dags/example_short_circuit_decorator.py
[2025-12-04T18:43:35.381+0500] {processor.py:830} INFO - Processing file /Library/Frameworks/Python.framework/Versions/3.11/lib/python3.11/site-packages/airflow/example_dags/example_short_circuit_decorator.py for tasks to queue
[2025-12-04T18:43:35.382+0500] {logging_mixin.py:188} INFO - [2025-12-04T18:43:35.382+0500] {dagbag.py:545} INFO - Filling up the DagBag from /Library/Frameworks/Python.framework/Versions/3.11/lib/python3.11/site-packages/airflow/example_dags/example_short_circuit_decorator.py
[2025-12-04T18:43:35.476+0500] {processor.py:840} INFO - DAG(s) 'example_short_circuit_decorator' retrieved from /Library/Frameworks/Python.framework/Versions/3.11/lib/python3.11/site-packages/airflow/example_dags/example_short_circuit_decorator.py
[2025-12-04T18:43:35.644+0500] {logging_mixin.py:188} INFO - [2025-12-04T18:43:35.643+0500] {dag.py:3089} INFO - Sync 1 DAGs
[2025-12-04T18:43:35.668+0500] {logging_mixin.py:188} INFO - [2025-12-04T18:43:35.668+0500] {dag.py:3947} INFO - Setting next_dagrun for example_short_circuit_decorator to 2025-12-03 00:00:00+00:00, run_after=2025-12-04 00:00:00+00:00
[2025-12-04T18:43:35.701+0500] {processor.py:183} INFO - Processing /Library/Frameworks/Python.framework/Versions/3.11/lib/python3.11/site-packages/airflow/example_dags/example_short_circuit_decorator.py took 0.327 seconds
[2025-12-04T18:45:39.038+0500] {processor.py:161} INFO - Started process (PID=12814) to work on /Library/Frameworks/Python.framework/Versions/3.11/lib/python3.11/site-packages/airflow/example_dags/example_short_circuit_decorator.py
[2025-12-04T18:45:39.040+0500] {processor.py:830} INFO - Processing file /Library/Frameworks/Python.framework/Versions/3.11/lib/python3.11/site-packages/airflow/example_dags/example_short_circuit_decorator.py for tasks to queue
[2025-12-04T18:45:39.041+0500] {logging_mixin.py:188} INFO - [2025-12-04T18:45:39.041+0500] {dagbag.py:545} INFO - Filling up the DagBag from /Library/Frameworks/Python.framework/Versions/3.11/lib/python3.11/site-packages/airflow/example_dags/example_short_circuit_decorator.py
[2025-12-04T18:45:39.081+0500] {processor.py:840} INFO - DAG(s) 'example_short_circuit_decorator' retrieved from /Library/Frameworks/Python.framework/Versions/3.11/lib/python3.11/site-packages/airflow/example_dags/example_short_circuit_decorator.py
[2025-12-04T18:45:39.199+0500] {logging_mixin.py:188} INFO - [2025-12-04T18:45:39.199+0500] {dag.py:3089} INFO - Sync 1 DAGs
[2025-12-04T18:45:39.217+0500] {logging_mixin.py:188} INFO - [2025-12-04T18:45:39.216+0500] {dag.py:3947} INFO - Setting next_dagrun for example_short_circuit_decorator to 2025-12-03 00:00:00+00:00, run_after=2025-12-04 00:00:00+00:00
[2025-12-04T18:45:39.238+0500] {processor.py:183} INFO - Processing /Library/Frameworks/Python.framework/Versions/3.11/lib/python3.11/site-packages/airflow/example_dags/example_short_circuit_decorator.py took 0.203 seconds
[2025-12-04T18:47:39.085+0500] {processor.py:161} INFO - Started process (PID=12898) to work on /Library/Frameworks/Python.framework/Versions/3.11/lib/python3.11/site-packages/airflow/example_dags/example_short_circuit_decorator.py
[2025-12-04T18:47:39.087+0500] {processor.py:830} INFO - Processing file /Library/Frameworks/Python.framework/Versions/3.11/lib/python3.11/site-packages/airflow/example_dags/example_short_circuit_decorator.py for tasks to queue
[2025-12-04T18:47:39.088+0500] {logging_mixin.py:188} INFO - [2025-12-04T18:47:39.088+0500] {dagbag.py:545} INFO - Filling up the DagBag from /Library/Frameworks/Python.framework/Versions/3.11/lib/python3.11/site-packages/airflow/example_dags/example_short_circuit_decorator.py
[2025-12-04T18:47:39.138+0500] {processor.py:840} INFO - DAG(s) 'example_short_circuit_decorator' retrieved from /Library/Frameworks/Python.framework/Versions/3.11/lib/python3.11/site-packages/airflow/example_dags/example_short_circuit_decorator.py
[2025-12-04T18:47:39.269+0500] {logging_mixin.py:188} INFO - [2025-12-04T18:47:39.269+0500] {dag.py:3089} INFO - Sync 1 DAGs
[2025-12-04T18:47:39.290+0500] {logging_mixin.py:188} INFO - [2025-12-04T18:47:39.289+0500] {dag.py:3947} INFO - Setting next_dagrun for example_short_circuit_decorator to 2025-12-03 00:00:00+00:00, run_after=2025-12-04 00:00:00+00:00
[2025-12-04T18:47:39.315+0500] {processor.py:183} INFO - Processing /Library/Frameworks/Python.framework/Versions/3.11/lib/python3.11/site-packages/airflow/example_dags/example_short_circuit_decorator.py took 0.233 seconds
[2025-12-04T18:49:47.478+0500] {processor.py:161} INFO - Started process (PID=12967) to work on /Library/Frameworks/Python.framework/Versions/3.11/lib/python3.11/site-packages/airflow/example_dags/example_short_circuit_decorator.py
[2025-12-04T18:49:47.480+0500] {processor.py:830} INFO - Processing file /Library/Frameworks/Python.framework/Versions/3.11/lib/python3.11/site-packages/airflow/example_dags/example_short_circuit_decorator.py for tasks to queue
[2025-12-04T18:49:47.481+0500] {logging_mixin.py:188} INFO - [2025-12-04T18:49:47.481+0500] {dagbag.py:545} INFO - Filling up the DagBag from /Library/Frameworks/Python.framework/Versions/3.11/lib/python3.11/site-packages/airflow/example_dags/example_short_circuit_decorator.py
[2025-12-04T18:49:47.555+0500] {processor.py:840} INFO - DAG(s) 'example_short_circuit_decorator' retrieved from /Library/Frameworks/Python.framework/Versions/3.11/lib/python3.11/site-packages/airflow/example_dags/example_short_circuit_decorator.py
[2025-12-04T18:49:47.714+0500] {logging_mixin.py:188} INFO - [2025-12-04T18:49:47.714+0500] {dag.py:3089} INFO - Sync 1 DAGs
[2025-12-04T18:49:47.733+0500] {logging_mixin.py:188} INFO - [2025-12-04T18:49:47.733+0500] {dag.py:3947} INFO - Setting next_dagrun for example_short_circuit_decorator to 2025-12-03 00:00:00+00:00, run_after=2025-12-04 00:00:00+00:00
[2025-12-04T18:49:47.762+0500] {processor.py:183} INFO - Processing /Library/Frameworks/Python.framework/Versions/3.11/lib/python3.11/site-packages/airflow/example_dags/example_short_circuit_decorator.py took 0.287 seconds
[2025-12-04T18:52:10.145+0500] {processor.py:161} INFO - Started process (PID=13059) to work on /Library/Frameworks/Python.framework/Versions/3.11/lib/python3.11/site-packages/airflow/example_dags/example_short_circuit_decorator.py
[2025-12-04T18:52:10.147+0500] {processor.py:830} INFO - Processing file /Library/Frameworks/Python.framework/Versions/3.11/lib/python3.11/site-packages/airflow/example_dags/example_short_circuit_decorator.py for tasks to queue
[2025-12-04T18:52:10.148+0500] {logging_mixin.py:188} INFO - [2025-12-04T18:52:10.148+0500] {dagbag.py:545} INFO - Filling up the DagBag from /Library/Frameworks/Python.framework/Versions/3.11/lib/python3.11/site-packages/airflow/example_dags/example_short_circuit_decorator.py
[2025-12-04T18:52:10.213+0500] {processor.py:840} INFO - DAG(s) 'example_short_circuit_decorator' retrieved from /Library/Frameworks/Python.framework/Versions/3.11/lib/python3.11/site-packages/airflow/example_dags/example_short_circuit_decorator.py
[2025-12-04T18:52:10.357+0500] {logging_mixin.py:188} INFO - [2025-12-04T18:52:10.357+0500] {dag.py:3089} INFO - Sync 1 DAGs
[2025-12-04T18:52:10.377+0500] {logging_mixin.py:188} INFO - [2025-12-04T18:52:10.377+0500] {dag.py:3947} INFO - Setting next_dagrun for example_short_circuit_decorator to 2025-12-03 00:00:00+00:00, run_after=2025-12-04 00:00:00+00:00
[2025-12-04T18:52:10.400+0500] {processor.py:183} INFO - Processing /Library/Frameworks/Python.framework/Versions/3.11/lib/python3.11/site-packages/airflow/example_dags/example_short_circuit_decorator.py took 0.259 seconds
[2025-12-04T18:54:17.839+0500] {processor.py:161} INFO - Started process (PID=13138) to work on /Library/Frameworks/Python.framework/Versions/3.11/lib/python3.11/site-packages/airflow/example_dags/example_short_circuit_decorator.py
[2025-12-04T18:54:17.841+0500] {processor.py:830} INFO - Processing file /Library/Frameworks/Python.framework/Versions/3.11/lib/python3.11/site-packages/airflow/example_dags/example_short_circuit_decorator.py for tasks to queue
[2025-12-04T18:54:17.842+0500] {logging_mixin.py:188} INFO - [2025-12-04T18:54:17.842+0500] {dagbag.py:545} INFO - Filling up the DagBag from /Library/Frameworks/Python.framework/Versions/3.11/lib/python3.11/site-packages/airflow/example_dags/example_short_circuit_decorator.py
[2025-12-04T18:54:17.890+0500] {processor.py:840} INFO - DAG(s) 'example_short_circuit_decorator' retrieved from /Library/Frameworks/Python.framework/Versions/3.11/lib/python3.11/site-packages/airflow/example_dags/example_short_circuit_decorator.py
[2025-12-04T18:54:18.074+0500] {logging_mixin.py:188} INFO - [2025-12-04T18:54:18.073+0500] {dag.py:3089} INFO - Sync 1 DAGs
[2025-12-04T18:54:18.094+0500] {logging_mixin.py:188} INFO - [2025-12-04T18:54:18.094+0500] {dag.py:3947} INFO - Setting next_dagrun for example_short_circuit_decorator to 2025-12-03 00:00:00+00:00, run_after=2025-12-04 00:00:00+00:00
[2025-12-04T18:54:18.116+0500] {processor.py:183} INFO - Processing /Library/Frameworks/Python.framework/Versions/3.11/lib/python3.11/site-packages/airflow/example_dags/example_short_circuit_decorator.py took 0.280 seconds
[2025-12-04T19:33:45.772+0500] {processor.py:161} INFO - Started process (PID=14571) to work on /Library/Frameworks/Python.framework/Versions/3.11/lib/python3.11/site-packages/airflow/example_dags/example_short_circuit_decorator.py
[2025-12-04T19:33:45.775+0500] {processor.py:830} INFO - Processing file /Library/Frameworks/Python.framework/Versions/3.11/lib/python3.11/site-packages/airflow/example_dags/example_short_circuit_decorator.py for tasks to queue
[2025-12-04T19:33:45.775+0500] {logging_mixin.py:188} INFO - [2025-12-04T19:33:45.775+0500] {dagbag.py:545} INFO - Filling up the DagBag from /Library/Frameworks/Python.framework/Versions/3.11/lib/python3.11/site-packages/airflow/example_dags/example_short_circuit_decorator.py
[2025-12-04T19:33:45.816+0500] {processor.py:840} INFO - DAG(s) 'example_short_circuit_decorator' retrieved from /Library/Frameworks/Python.framework/Versions/3.11/lib/python3.11/site-packages/airflow/example_dags/example_short_circuit_decorator.py
[2025-12-04T19:33:45.931+0500] {logging_mixin.py:188} INFO - [2025-12-04T19:33:45.931+0500] {dag.py:3089} INFO - Sync 1 DAGs
[2025-12-04T19:33:45.949+0500] {logging_mixin.py:188} INFO - [2025-12-04T19:33:45.949+0500] {dag.py:3947} INFO - Setting next_dagrun for example_short_circuit_decorator to 2025-12-03 00:00:00+00:00, run_after=2025-12-04 00:00:00+00:00
[2025-12-04T19:33:45.971+0500] {processor.py:183} INFO - Processing /Library/Frameworks/Python.framework/Versions/3.11/lib/python3.11/site-packages/airflow/example_dags/example_short_circuit_decorator.py took 0.202 seconds
[2025-12-04T19:36:50.899+0500] {processor.py:161} INFO - Started process (PID=14718) to work on /Library/Frameworks/Python.framework/Versions/3.11/lib/python3.11/site-packages/airflow/example_dags/example_short_circuit_decorator.py
[2025-12-04T19:36:50.901+0500] {processor.py:830} INFO - Processing file /Library/Frameworks/Python.framework/Versions/3.11/lib/python3.11/site-packages/airflow/example_dags/example_short_circuit_decorator.py for tasks to queue
[2025-12-04T19:36:50.902+0500] {logging_mixin.py:188} INFO - [2025-12-04T19:36:50.902+0500] {dagbag.py:545} INFO - Filling up the DagBag from /Library/Frameworks/Python.framework/Versions/3.11/lib/python3.11/site-packages/airflow/example_dags/example_short_circuit_decorator.py
[2025-12-04T19:36:50.952+0500] {processor.py:840} INFO - DAG(s) 'example_short_circuit_decorator' retrieved from /Library/Frameworks/Python.framework/Versions/3.11/lib/python3.11/site-packages/airflow/example_dags/example_short_circuit_decorator.py
[2025-12-04T19:36:51.076+0500] {logging_mixin.py:188} INFO - [2025-12-04T19:36:51.076+0500] {dag.py:3089} INFO - Sync 1 DAGs
[2025-12-04T19:36:51.096+0500] {logging_mixin.py:188} INFO - [2025-12-04T19:36:51.096+0500] {dag.py:3947} INFO - Setting next_dagrun for example_short_circuit_decorator to 2025-12-03 00:00:00+00:00, run_after=2025-12-04 00:00:00+00:00
[2025-12-04T19:36:51.119+0500] {processor.py:183} INFO - Processing /Library/Frameworks/Python.framework/Versions/3.11/lib/python3.11/site-packages/airflow/example_dags/example_short_circuit_decorator.py took 0.224 seconds
[2025-12-04T19:38:55.221+0500] {processor.py:161} INFO - Started process (PID=14788) to work on /Library/Frameworks/Python.framework/Versions/3.11/lib/python3.11/site-packages/airflow/example_dags/example_short_circuit_decorator.py
[2025-12-04T19:38:55.222+0500] {processor.py:830} INFO - Processing file /Library/Frameworks/Python.framework/Versions/3.11/lib/python3.11/site-packages/airflow/example_dags/example_short_circuit_decorator.py for tasks to queue
[2025-12-04T19:38:55.223+0500] {logging_mixin.py:188} INFO - [2025-12-04T19:38:55.223+0500] {dagbag.py:545} INFO - Filling up the DagBag from /Library/Frameworks/Python.framework/Versions/3.11/lib/python3.11/site-packages/airflow/example_dags/example_short_circuit_decorator.py
[2025-12-04T19:38:55.263+0500] {processor.py:840} INFO - DAG(s) 'example_short_circuit_decorator' retrieved from /Library/Frameworks/Python.framework/Versions/3.11/lib/python3.11/site-packages/airflow/example_dags/example_short_circuit_decorator.py
[2025-12-04T19:38:55.374+0500] {logging_mixin.py:188} INFO - [2025-12-04T19:38:55.373+0500] {dag.py:3089} INFO - Sync 1 DAGs
[2025-12-04T19:38:55.391+0500] {logging_mixin.py:188} INFO - [2025-12-04T19:38:55.391+0500] {dag.py:3947} INFO - Setting next_dagrun for example_short_circuit_decorator to 2025-12-03 00:00:00+00:00, run_after=2025-12-04 00:00:00+00:00
[2025-12-04T19:38:55.413+0500] {processor.py:183} INFO - Processing /Library/Frameworks/Python.framework/Versions/3.11/lib/python3.11/site-packages/airflow/example_dags/example_short_circuit_decorator.py took 0.195 seconds
[2025-12-04T19:41:08.841+0500] {processor.py:161} INFO - Started process (PID=14881) to work on /Library/Frameworks/Python.framework/Versions/3.11/lib/python3.11/site-packages/airflow/example_dags/example_short_circuit_decorator.py
[2025-12-04T19:41:08.843+0500] {processor.py:830} INFO - Processing file /Library/Frameworks/Python.framework/Versions/3.11/lib/python3.11/site-packages/airflow/example_dags/example_short_circuit_decorator.py for tasks to queue
[2025-12-04T19:41:08.844+0500] {logging_mixin.py:188} INFO - [2025-12-04T19:41:08.844+0500] {dagbag.py:545} INFO - Filling up the DagBag from /Library/Frameworks/Python.framework/Versions/3.11/lib/python3.11/site-packages/airflow/example_dags/example_short_circuit_decorator.py
[2025-12-04T19:41:08.885+0500] {processor.py:840} INFO - DAG(s) 'example_short_circuit_decorator' retrieved from /Library/Frameworks/Python.framework/Versions/3.11/lib/python3.11/site-packages/airflow/example_dags/example_short_circuit_decorator.py
[2025-12-04T19:41:08.997+0500] {logging_mixin.py:188} INFO - [2025-12-04T19:41:08.997+0500] {dag.py:3089} INFO - Sync 1 DAGs
[2025-12-04T19:41:09.015+0500] {logging_mixin.py:188} INFO - [2025-12-04T19:41:09.014+0500] {dag.py:3947} INFO - Setting next_dagrun for example_short_circuit_decorator to 2025-12-03 00:00:00+00:00, run_after=2025-12-04 00:00:00+00:00
[2025-12-04T19:41:09.037+0500] {processor.py:183} INFO - Processing /Library/Frameworks/Python.framework/Versions/3.11/lib/python3.11/site-packages/airflow/example_dags/example_short_circuit_decorator.py took 0.198 seconds
[2025-12-04T19:43:22.463+0500] {processor.py:161} INFO - Started process (PID=14951) to work on /Library/Frameworks/Python.framework/Versions/3.11/lib/python3.11/site-packages/airflow/example_dags/example_short_circuit_decorator.py
[2025-12-04T19:43:22.465+0500] {processor.py:830} INFO - Processing file /Library/Frameworks/Python.framework/Versions/3.11/lib/python3.11/site-packages/airflow/example_dags/example_short_circuit_decorator.py for tasks to queue
[2025-12-04T19:43:22.467+0500] {logging_mixin.py:188} INFO - [2025-12-04T19:43:22.467+0500] {dagbag.py:545} INFO - Filling up the DagBag from /Library/Frameworks/Python.framework/Versions/3.11/lib/python3.11/site-packages/airflow/example_dags/example_short_circuit_decorator.py
[2025-12-04T19:43:22.511+0500] {processor.py:840} INFO - DAG(s) 'example_short_circuit_decorator' retrieved from /Library/Frameworks/Python.framework/Versions/3.11/lib/python3.11/site-packages/airflow/example_dags/example_short_circuit_decorator.py
[2025-12-04T19:43:22.655+0500] {logging_mixin.py:188} INFO - [2025-12-04T19:43:22.654+0500] {dag.py:3089} INFO - Sync 1 DAGs
[2025-12-04T19:43:22.676+0500] {logging_mixin.py:188} INFO - [2025-12-04T19:43:22.676+0500] {dag.py:3947} INFO - Setting next_dagrun for example_short_circuit_decorator to 2025-12-03 00:00:00+00:00, run_after=2025-12-04 00:00:00+00:00
[2025-12-04T19:43:22.701+0500] {processor.py:183} INFO - Processing /Library/Frameworks/Python.framework/Versions/3.11/lib/python3.11/site-packages/airflow/example_dags/example_short_circuit_decorator.py took 0.242 seconds
[2025-12-04T19:45:43.885+0500] {processor.py:161} INFO - Started process (PID=15028) to work on /Library/Frameworks/Python.framework/Versions/3.11/lib/python3.11/site-packages/airflow/example_dags/example_short_circuit_decorator.py
[2025-12-04T19:45:43.887+0500] {processor.py:830} INFO - Processing file /Library/Frameworks/Python.framework/Versions/3.11/lib/python3.11/site-packages/airflow/example_dags/example_short_circuit_decorator.py for tasks to queue
[2025-12-04T19:45:43.888+0500] {logging_mixin.py:188} INFO - [2025-12-04T19:45:43.888+0500] {dagbag.py:545} INFO - Filling up the DagBag from /Library/Frameworks/Python.framework/Versions/3.11/lib/python3.11/site-packages/airflow/example_dags/example_short_circuit_decorator.py
[2025-12-04T19:45:43.928+0500] {processor.py:840} INFO - DAG(s) 'example_short_circuit_decorator' retrieved from /Library/Frameworks/Python.framework/Versions/3.11/lib/python3.11/site-packages/airflow/example_dags/example_short_circuit_decorator.py
[2025-12-04T19:45:44.041+0500] {logging_mixin.py:188} INFO - [2025-12-04T19:45:44.040+0500] {dag.py:3089} INFO - Sync 1 DAGs
[2025-12-04T19:45:44.058+0500] {logging_mixin.py:188} INFO - [2025-12-04T19:45:44.058+0500] {dag.py:3947} INFO - Setting next_dagrun for example_short_circuit_decorator to 2025-12-03 00:00:00+00:00, run_after=2025-12-04 00:00:00+00:00
[2025-12-04T19:45:44.079+0500] {processor.py:183} INFO - Processing /Library/Frameworks/Python.framework/Versions/3.11/lib/python3.11/site-packages/airflow/example_dags/example_short_circuit_decorator.py took 0.196 seconds
[2025-12-04T19:48:10.216+0500] {processor.py:161} INFO - Started process (PID=15127) to work on /Library/Frameworks/Python.framework/Versions/3.11/lib/python3.11/site-packages/airflow/example_dags/example_short_circuit_decorator.py
[2025-12-04T19:48:10.218+0500] {processor.py:830} INFO - Processing file /Library/Frameworks/Python.framework/Versions/3.11/lib/python3.11/site-packages/airflow/example_dags/example_short_circuit_decorator.py for tasks to queue
[2025-12-04T19:48:10.219+0500] {logging_mixin.py:188} INFO - [2025-12-04T19:48:10.219+0500] {dagbag.py:545} INFO - Filling up the DagBag from /Library/Frameworks/Python.framework/Versions/3.11/lib/python3.11/site-packages/airflow/example_dags/example_short_circuit_decorator.py
[2025-12-04T19:48:10.264+0500] {processor.py:840} INFO - DAG(s) 'example_short_circuit_decorator' retrieved from /Library/Frameworks/Python.framework/Versions/3.11/lib/python3.11/site-packages/airflow/example_dags/example_short_circuit_decorator.py
[2025-12-04T19:48:10.379+0500] {logging_mixin.py:188} INFO - [2025-12-04T19:48:10.378+0500] {dag.py:3089} INFO - Sync 1 DAGs
[2025-12-04T19:48:10.396+0500] {logging_mixin.py:188} INFO - [2025-12-04T19:48:10.396+0500] {dag.py:3947} INFO - Setting next_dagrun for example_short_circuit_decorator to 2025-12-03 00:00:00+00:00, run_after=2025-12-04 00:00:00+00:00
[2025-12-04T19:48:10.418+0500] {processor.py:183} INFO - Processing /Library/Frameworks/Python.framework/Versions/3.11/lib/python3.11/site-packages/airflow/example_dags/example_short_circuit_decorator.py took 0.205 seconds
[2025-12-04T19:50:13.190+0500] {processor.py:161} INFO - Started process (PID=15194) to work on /Library/Frameworks/Python.framework/Versions/3.11/lib/python3.11/site-packages/airflow/example_dags/example_short_circuit_decorator.py
[2025-12-04T19:50:13.192+0500] {processor.py:830} INFO - Processing file /Library/Frameworks/Python.framework/Versions/3.11/lib/python3.11/site-packages/airflow/example_dags/example_short_circuit_decorator.py for tasks to queue
[2025-12-04T19:50:13.193+0500] {logging_mixin.py:188} INFO - [2025-12-04T19:50:13.193+0500] {dagbag.py:545} INFO - Filling up the DagBag from /Library/Frameworks/Python.framework/Versions/3.11/lib/python3.11/site-packages/airflow/example_dags/example_short_circuit_decorator.py
[2025-12-04T19:50:13.236+0500] {processor.py:840} INFO - DAG(s) 'example_short_circuit_decorator' retrieved from /Library/Frameworks/Python.framework/Versions/3.11/lib/python3.11/site-packages/airflow/example_dags/example_short_circuit_decorator.py
[2025-12-04T19:50:13.351+0500] {logging_mixin.py:188} INFO - [2025-12-04T19:50:13.350+0500] {dag.py:3089} INFO - Sync 1 DAGs
[2025-12-04T19:50:13.368+0500] {logging_mixin.py:188} INFO - [2025-12-04T19:50:13.367+0500] {dag.py:3947} INFO - Setting next_dagrun for example_short_circuit_decorator to 2025-12-03 00:00:00+00:00, run_after=2025-12-04 00:00:00+00:00
[2025-12-04T19:50:13.388+0500] {processor.py:183} INFO - Processing /Library/Frameworks/Python.framework/Versions/3.11/lib/python3.11/site-packages/airflow/example_dags/example_short_circuit_decorator.py took 0.201 seconds
[2025-12-04T19:52:10.297+0500] {processor.py:161} INFO - Started process (PID=15298) to work on /Library/Frameworks/Python.framework/Versions/3.11/lib/python3.11/site-packages/airflow/example_dags/example_short_circuit_decorator.py
[2025-12-04T19:52:10.299+0500] {processor.py:830} INFO - Processing file /Library/Frameworks/Python.framework/Versions/3.11/lib/python3.11/site-packages/airflow/example_dags/example_short_circuit_decorator.py for tasks to queue
[2025-12-04T19:52:10.300+0500] {logging_mixin.py:188} INFO - [2025-12-04T19:52:10.300+0500] {dagbag.py:545} INFO - Filling up the DagBag from /Library/Frameworks/Python.framework/Versions/3.11/lib/python3.11/site-packages/airflow/example_dags/example_short_circuit_decorator.py
[2025-12-04T19:52:10.344+0500] {processor.py:840} INFO - DAG(s) 'example_short_circuit_decorator' retrieved from /Library/Frameworks/Python.framework/Versions/3.11/lib/python3.11/site-packages/airflow/example_dags/example_short_circuit_decorator.py
[2025-12-04T19:52:10.466+0500] {logging_mixin.py:188} INFO - [2025-12-04T19:52:10.466+0500] {dag.py:3089} INFO - Sync 1 DAGs
[2025-12-04T19:52:10.485+0500] {logging_mixin.py:188} INFO - [2025-12-04T19:52:10.485+0500] {dag.py:3947} INFO - Setting next_dagrun for example_short_circuit_decorator to 2025-12-03 00:00:00+00:00, run_after=2025-12-04 00:00:00+00:00
[2025-12-04T19:52:10.514+0500] {processor.py:183} INFO - Processing /Library/Frameworks/Python.framework/Versions/3.11/lib/python3.11/site-packages/airflow/example_dags/example_short_circuit_decorator.py took 0.220 seconds
[2025-12-04T19:54:08.611+0500] {processor.py:161} INFO - Started process (PID=15373) to work on /Library/Frameworks/Python.framework/Versions/3.11/lib/python3.11/site-packages/airflow/example_dags/example_short_circuit_decorator.py
[2025-12-04T19:54:08.612+0500] {processor.py:830} INFO - Processing file /Library/Frameworks/Python.framework/Versions/3.11/lib/python3.11/site-packages/airflow/example_dags/example_short_circuit_decorator.py for tasks to queue
[2025-12-04T19:54:08.613+0500] {logging_mixin.py:188} INFO - [2025-12-04T19:54:08.613+0500] {dagbag.py:545} INFO - Filling up the DagBag from /Library/Frameworks/Python.framework/Versions/3.11/lib/python3.11/site-packages/airflow/example_dags/example_short_circuit_decorator.py
[2025-12-04T19:54:08.652+0500] {processor.py:840} INFO - DAG(s) 'example_short_circuit_decorator' retrieved from /Library/Frameworks/Python.framework/Versions/3.11/lib/python3.11/site-packages/airflow/example_dags/example_short_circuit_decorator.py
[2025-12-04T19:54:08.766+0500] {logging_mixin.py:188} INFO - [2025-12-04T19:54:08.765+0500] {dag.py:3089} INFO - Sync 1 DAGs
[2025-12-04T19:54:08.783+0500] {logging_mixin.py:188} INFO - [2025-12-04T19:54:08.783+0500] {dag.py:3947} INFO - Setting next_dagrun for example_short_circuit_decorator to 2025-12-03 00:00:00+00:00, run_after=2025-12-04 00:00:00+00:00
[2025-12-04T19:54:08.804+0500] {processor.py:183} INFO - Processing /Library/Frameworks/Python.framework/Versions/3.11/lib/python3.11/site-packages/airflow/example_dags/example_short_circuit_decorator.py took 0.195 seconds
[2025-12-04T19:56:03.444+0500] {processor.py:161} INFO - Started process (PID=15438) to work on /Library/Frameworks/Python.framework/Versions/3.11/lib/python3.11/site-packages/airflow/example_dags/example_short_circuit_decorator.py
[2025-12-04T19:56:03.446+0500] {processor.py:830} INFO - Processing file /Library/Frameworks/Python.framework/Versions/3.11/lib/python3.11/site-packages/airflow/example_dags/example_short_circuit_decorator.py for tasks to queue
[2025-12-04T19:56:03.447+0500] {logging_mixin.py:188} INFO - [2025-12-04T19:56:03.447+0500] {dagbag.py:545} INFO - Filling up the DagBag from /Library/Frameworks/Python.framework/Versions/3.11/lib/python3.11/site-packages/airflow/example_dags/example_short_circuit_decorator.py
[2025-12-04T19:56:03.488+0500] {processor.py:840} INFO - DAG(s) 'example_short_circuit_decorator' retrieved from /Library/Frameworks/Python.framework/Versions/3.11/lib/python3.11/site-packages/airflow/example_dags/example_short_circuit_decorator.py
[2025-12-04T19:56:03.605+0500] {logging_mixin.py:188} INFO - [2025-12-04T19:56:03.604+0500] {dag.py:3089} INFO - Sync 1 DAGs
[2025-12-04T19:56:03.623+0500] {logging_mixin.py:188} INFO - [2025-12-04T19:56:03.623+0500] {dag.py:3947} INFO - Setting next_dagrun for example_short_circuit_decorator to 2025-12-03 00:00:00+00:00, run_after=2025-12-04 00:00:00+00:00
[2025-12-04T19:56:03.645+0500] {processor.py:183} INFO - Processing /Library/Frameworks/Python.framework/Versions/3.11/lib/python3.11/site-packages/airflow/example_dags/example_short_circuit_decorator.py took 0.204 seconds
[2025-12-04T19:57:57.926+0500] {processor.py:161} INFO - Started process (PID=15502) to work on /Library/Frameworks/Python.framework/Versions/3.11/lib/python3.11/site-packages/airflow/example_dags/example_short_circuit_decorator.py
[2025-12-04T19:57:57.929+0500] {processor.py:830} INFO - Processing file /Library/Frameworks/Python.framework/Versions/3.11/lib/python3.11/site-packages/airflow/example_dags/example_short_circuit_decorator.py for tasks to queue
[2025-12-04T19:57:57.930+0500] {logging_mixin.py:188} INFO - [2025-12-04T19:57:57.929+0500] {dagbag.py:545} INFO - Filling up the DagBag from /Library/Frameworks/Python.framework/Versions/3.11/lib/python3.11/site-packages/airflow/example_dags/example_short_circuit_decorator.py
[2025-12-04T19:57:57.968+0500] {processor.py:840} INFO - DAG(s) 'example_short_circuit_decorator' retrieved from /Library/Frameworks/Python.framework/Versions/3.11/lib/python3.11/site-packages/airflow/example_dags/example_short_circuit_decorator.py
[2025-12-04T19:57:58.086+0500] {logging_mixin.py:188} INFO - [2025-12-04T19:57:58.085+0500] {dag.py:3089} INFO - Sync 1 DAGs
[2025-12-04T19:57:58.103+0500] {logging_mixin.py:188} INFO - [2025-12-04T19:57:58.103+0500] {dag.py:3947} INFO - Setting next_dagrun for example_short_circuit_decorator to 2025-12-03 00:00:00+00:00, run_after=2025-12-04 00:00:00+00:00
[2025-12-04T19:57:58.130+0500] {processor.py:183} INFO - Processing /Library/Frameworks/Python.framework/Versions/3.11/lib/python3.11/site-packages/airflow/example_dags/example_short_circuit_decorator.py took 0.206 seconds
[2025-12-04T20:41:59.096+0500] {processor.py:161} INFO - Started process (PID=15622) to work on /Library/Frameworks/Python.framework/Versions/3.11/lib/python3.11/site-packages/airflow/example_dags/example_short_circuit_decorator.py
[2025-12-04T20:41:59.099+0500] {processor.py:830} INFO - Processing file /Library/Frameworks/Python.framework/Versions/3.11/lib/python3.11/site-packages/airflow/example_dags/example_short_circuit_decorator.py for tasks to queue
[2025-12-04T20:41:59.100+0500] {logging_mixin.py:188} INFO - [2025-12-04T20:41:59.099+0500] {dagbag.py:545} INFO - Filling up the DagBag from /Library/Frameworks/Python.framework/Versions/3.11/lib/python3.11/site-packages/airflow/example_dags/example_short_circuit_decorator.py
[2025-12-04T20:41:59.167+0500] {processor.py:840} INFO - DAG(s) 'example_short_circuit_decorator' retrieved from /Library/Frameworks/Python.framework/Versions/3.11/lib/python3.11/site-packages/airflow/example_dags/example_short_circuit_decorator.py
[2025-12-04T20:41:59.293+0500] {logging_mixin.py:188} INFO - [2025-12-04T20:41:59.292+0500] {dag.py:3089} INFO - Sync 1 DAGs
[2025-12-04T20:41:59.314+0500] {logging_mixin.py:188} INFO - [2025-12-04T20:41:59.314+0500] {dag.py:3947} INFO - Setting next_dagrun for example_short_circuit_decorator to 2025-12-03 00:00:00+00:00, run_after=2025-12-04 00:00:00+00:00
[2025-12-04T20:41:59.341+0500] {processor.py:183} INFO - Processing /Library/Frameworks/Python.framework/Versions/3.11/lib/python3.11/site-packages/airflow/example_dags/example_short_circuit_decorator.py took 0.248 seconds
[2025-12-04T20:44:57.691+0500] {processor.py:161} INFO - Started process (PID=15780) to work on /Library/Frameworks/Python.framework/Versions/3.11/lib/python3.11/site-packages/airflow/example_dags/example_short_circuit_decorator.py
[2025-12-04T20:44:57.693+0500] {processor.py:830} INFO - Processing file /Library/Frameworks/Python.framework/Versions/3.11/lib/python3.11/site-packages/airflow/example_dags/example_short_circuit_decorator.py for tasks to queue
[2025-12-04T20:44:57.694+0500] {logging_mixin.py:188} INFO - [2025-12-04T20:44:57.694+0500] {dagbag.py:545} INFO - Filling up the DagBag from /Library/Frameworks/Python.framework/Versions/3.11/lib/python3.11/site-packages/airflow/example_dags/example_short_circuit_decorator.py
[2025-12-04T20:44:57.740+0500] {processor.py:840} INFO - DAG(s) 'example_short_circuit_decorator' retrieved from /Library/Frameworks/Python.framework/Versions/3.11/lib/python3.11/site-packages/airflow/example_dags/example_short_circuit_decorator.py
[2025-12-04T20:44:57.863+0500] {logging_mixin.py:188} INFO - [2025-12-04T20:44:57.862+0500] {dag.py:3089} INFO - Sync 1 DAGs
[2025-12-04T20:44:57.883+0500] {logging_mixin.py:188} INFO - [2025-12-04T20:44:57.883+0500] {dag.py:3947} INFO - Setting next_dagrun for example_short_circuit_decorator to 2025-12-03 00:00:00+00:00, run_after=2025-12-04 00:00:00+00:00
[2025-12-04T20:44:57.905+0500] {processor.py:183} INFO - Processing /Library/Frameworks/Python.framework/Versions/3.11/lib/python3.11/site-packages/airflow/example_dags/example_short_circuit_decorator.py took 0.218 seconds
[2025-12-04T20:47:27.167+0500] {processor.py:161} INFO - Started process (PID=15857) to work on /Library/Frameworks/Python.framework/Versions/3.11/lib/python3.11/site-packages/airflow/example_dags/example_short_circuit_decorator.py
[2025-12-04T20:47:27.169+0500] {processor.py:830} INFO - Processing file /Library/Frameworks/Python.framework/Versions/3.11/lib/python3.11/site-packages/airflow/example_dags/example_short_circuit_decorator.py for tasks to queue
[2025-12-04T20:47:27.170+0500] {logging_mixin.py:188} INFO - [2025-12-04T20:47:27.170+0500] {dagbag.py:545} INFO - Filling up the DagBag from /Library/Frameworks/Python.framework/Versions/3.11/lib/python3.11/site-packages/airflow/example_dags/example_short_circuit_decorator.py
[2025-12-04T20:47:27.216+0500] {processor.py:840} INFO - DAG(s) 'example_short_circuit_decorator' retrieved from /Library/Frameworks/Python.framework/Versions/3.11/lib/python3.11/site-packages/airflow/example_dags/example_short_circuit_decorator.py
[2025-12-04T20:47:27.355+0500] {logging_mixin.py:188} INFO - [2025-12-04T20:47:27.354+0500] {dag.py:3089} INFO - Sync 1 DAGs
[2025-12-04T20:47:27.374+0500] {logging_mixin.py:188} INFO - [2025-12-04T20:47:27.373+0500] {dag.py:3947} INFO - Setting next_dagrun for example_short_circuit_decorator to 2025-12-03 00:00:00+00:00, run_after=2025-12-04 00:00:00+00:00
[2025-12-04T20:47:27.395+0500] {processor.py:183} INFO - Processing /Library/Frameworks/Python.framework/Versions/3.11/lib/python3.11/site-packages/airflow/example_dags/example_short_circuit_decorator.py took 0.231 seconds
