[2025-12-04T18:20:05.162+0500] {processor.py:161} INFO - Started process (PID=11738) to work on /Library/Frameworks/Python.framework/Versions/3.11/lib/python3.11/site-packages/airflow/example_dags/example_dynamic_task_mapping.py
[2025-12-04T18:20:05.163+0500] {processor.py:830} INFO - Processing file /Library/Frameworks/Python.framework/Versions/3.11/lib/python3.11/site-packages/airflow/example_dags/example_dynamic_task_mapping.py for tasks to queue
[2025-12-04T18:20:05.163+0500] {logging_mixin.py:188} INFO - [2025-12-04T18:20:05.163+0500] {dagbag.py:545} INFO - Filling up the DagBag from /Library/Frameworks/Python.framework/Versions/3.11/lib/python3.11/site-packages/airflow/example_dags/example_dynamic_task_mapping.py
[2025-12-04T18:20:05.208+0500] {processor.py:840} INFO - DAG(s) 'example_dynamic_task_mapping' retrieved from /Library/Frameworks/Python.framework/Versions/3.11/lib/python3.11/site-packages/airflow/example_dags/example_dynamic_task_mapping.py
[2025-12-04T18:20:05.538+0500] {logging_mixin.py:188} INFO - [2025-12-04T18:20:05.537+0500] {override.py:1858} INFO - Created Permission View: can edit on DAG:example_dynamic_task_mapping
[2025-12-04T18:20:05.550+0500] {logging_mixin.py:188} INFO - [2025-12-04T18:20:05.549+0500] {override.py:1858} INFO - Created Permission View: can delete on DAG:example_dynamic_task_mapping
[2025-12-04T18:20:05.558+0500] {logging_mixin.py:188} INFO - [2025-12-04T18:20:05.558+0500] {override.py:1858} INFO - Created Permission View: can read on DAG:example_dynamic_task_mapping
[2025-12-04T18:20:05.559+0500] {logging_mixin.py:188} INFO - [2025-12-04T18:20:05.559+0500] {dag.py:3089} INFO - Sync 1 DAGs
[2025-12-04T18:20:05.570+0500] {logging_mixin.py:188} INFO - [2025-12-04T18:20:05.570+0500] {dag.py:3111} INFO - Creating ORM DAG for example_dynamic_task_mapping
[2025-12-04T18:20:05.581+0500] {logging_mixin.py:188} INFO - [2025-12-04T18:20:05.581+0500] {dag.py:3947} INFO - Setting next_dagrun for example_dynamic_task_mapping to 2022-03-04 00:00:00+00:00, run_after=2022-03-05 00:00:00+00:00
[2025-12-04T18:20:05.599+0500] {processor.py:183} INFO - Processing /Library/Frameworks/Python.framework/Versions/3.11/lib/python3.11/site-packages/airflow/example_dags/example_dynamic_task_mapping.py took 0.440 seconds
[2025-12-04T18:22:44.701+0500] {processor.py:161} INFO - Started process (PID=11840) to work on /Library/Frameworks/Python.framework/Versions/3.11/lib/python3.11/site-packages/airflow/example_dags/example_dynamic_task_mapping.py
[2025-12-04T18:22:44.703+0500] {processor.py:830} INFO - Processing file /Library/Frameworks/Python.framework/Versions/3.11/lib/python3.11/site-packages/airflow/example_dags/example_dynamic_task_mapping.py for tasks to queue
[2025-12-04T18:22:44.704+0500] {logging_mixin.py:188} INFO - [2025-12-04T18:22:44.703+0500] {dagbag.py:545} INFO - Filling up the DagBag from /Library/Frameworks/Python.framework/Versions/3.11/lib/python3.11/site-packages/airflow/example_dags/example_dynamic_task_mapping.py
[2025-12-04T18:22:44.744+0500] {processor.py:840} INFO - DAG(s) 'example_dynamic_task_mapping' retrieved from /Library/Frameworks/Python.framework/Versions/3.11/lib/python3.11/site-packages/airflow/example_dags/example_dynamic_task_mapping.py
[2025-12-04T18:22:44.854+0500] {logging_mixin.py:188} INFO - [2025-12-04T18:22:44.853+0500] {dag.py:3089} INFO - Sync 1 DAGs
[2025-12-04T18:22:44.871+0500] {logging_mixin.py:188} INFO - [2025-12-04T18:22:44.871+0500] {dag.py:3947} INFO - Setting next_dagrun for example_dynamic_task_mapping to 2022-03-04 00:00:00+00:00, run_after=2022-03-05 00:00:00+00:00
[2025-12-04T18:22:44.891+0500] {processor.py:183} INFO - Processing /Library/Frameworks/Python.framework/Versions/3.11/lib/python3.11/site-packages/airflow/example_dags/example_dynamic_task_mapping.py took 0.193 seconds
[2025-12-04T18:26:51.811+0500] {processor.py:161} INFO - Started process (PID=12015) to work on /Library/Frameworks/Python.framework/Versions/3.11/lib/python3.11/site-packages/airflow/example_dags/example_dynamic_task_mapping.py
[2025-12-04T18:26:51.813+0500] {processor.py:830} INFO - Processing file /Library/Frameworks/Python.framework/Versions/3.11/lib/python3.11/site-packages/airflow/example_dags/example_dynamic_task_mapping.py for tasks to queue
[2025-12-04T18:26:51.814+0500] {logging_mixin.py:188} INFO - [2025-12-04T18:26:51.814+0500] {dagbag.py:545} INFO - Filling up the DagBag from /Library/Frameworks/Python.framework/Versions/3.11/lib/python3.11/site-packages/airflow/example_dags/example_dynamic_task_mapping.py
[2025-12-04T18:26:51.853+0500] {processor.py:840} INFO - DAG(s) 'example_dynamic_task_mapping' retrieved from /Library/Frameworks/Python.framework/Versions/3.11/lib/python3.11/site-packages/airflow/example_dags/example_dynamic_task_mapping.py
[2025-12-04T18:26:51.989+0500] {logging_mixin.py:188} INFO - [2025-12-04T18:26:51.988+0500] {dag.py:3089} INFO - Sync 1 DAGs
[2025-12-04T18:26:52.017+0500] {logging_mixin.py:188} INFO - [2025-12-04T18:26:52.016+0500] {dag.py:3947} INFO - Setting next_dagrun for example_dynamic_task_mapping to 2022-03-04 00:00:00+00:00, run_after=2022-03-05 00:00:00+00:00
[2025-12-04T18:26:52.040+0500] {processor.py:183} INFO - Processing /Library/Frameworks/Python.framework/Versions/3.11/lib/python3.11/site-packages/airflow/example_dags/example_dynamic_task_mapping.py took 0.232 seconds
[2025-12-04T18:31:45.946+0500] {processor.py:161} INFO - Started process (PID=12238) to work on /Library/Frameworks/Python.framework/Versions/3.11/lib/python3.11/site-packages/airflow/example_dags/example_dynamic_task_mapping.py
[2025-12-04T18:31:45.948+0500] {processor.py:830} INFO - Processing file /Library/Frameworks/Python.framework/Versions/3.11/lib/python3.11/site-packages/airflow/example_dags/example_dynamic_task_mapping.py for tasks to queue
[2025-12-04T18:31:45.949+0500] {logging_mixin.py:188} INFO - [2025-12-04T18:31:45.949+0500] {dagbag.py:545} INFO - Filling up the DagBag from /Library/Frameworks/Python.framework/Versions/3.11/lib/python3.11/site-packages/airflow/example_dags/example_dynamic_task_mapping.py
[2025-12-04T18:31:45.987+0500] {processor.py:840} INFO - DAG(s) 'example_dynamic_task_mapping' retrieved from /Library/Frameworks/Python.framework/Versions/3.11/lib/python3.11/site-packages/airflow/example_dags/example_dynamic_task_mapping.py
[2025-12-04T18:31:46.099+0500] {logging_mixin.py:188} INFO - [2025-12-04T18:31:46.098+0500] {dag.py:3089} INFO - Sync 1 DAGs
[2025-12-04T18:31:46.116+0500] {logging_mixin.py:188} INFO - [2025-12-04T18:31:46.116+0500] {dag.py:3947} INFO - Setting next_dagrun for example_dynamic_task_mapping to 2022-03-04 00:00:00+00:00, run_after=2022-03-05 00:00:00+00:00
[2025-12-04T18:31:46.136+0500] {processor.py:183} INFO - Processing /Library/Frameworks/Python.framework/Versions/3.11/lib/python3.11/site-packages/airflow/example_dags/example_dynamic_task_mapping.py took 0.193 seconds
[2025-12-04T18:36:15.578+0500] {processor.py:161} INFO - Started process (PID=12446) to work on /Library/Frameworks/Python.framework/Versions/3.11/lib/python3.11/site-packages/airflow/example_dags/example_dynamic_task_mapping.py
[2025-12-04T18:36:15.580+0500] {processor.py:830} INFO - Processing file /Library/Frameworks/Python.framework/Versions/3.11/lib/python3.11/site-packages/airflow/example_dags/example_dynamic_task_mapping.py for tasks to queue
[2025-12-04T18:36:15.581+0500] {logging_mixin.py:188} INFO - [2025-12-04T18:36:15.581+0500] {dagbag.py:545} INFO - Filling up the DagBag from /Library/Frameworks/Python.framework/Versions/3.11/lib/python3.11/site-packages/airflow/example_dags/example_dynamic_task_mapping.py
[2025-12-04T18:36:15.619+0500] {processor.py:840} INFO - DAG(s) 'example_dynamic_task_mapping' retrieved from /Library/Frameworks/Python.framework/Versions/3.11/lib/python3.11/site-packages/airflow/example_dags/example_dynamic_task_mapping.py
[2025-12-04T18:36:15.727+0500] {logging_mixin.py:188} INFO - [2025-12-04T18:36:15.727+0500] {dag.py:3089} INFO - Sync 1 DAGs
[2025-12-04T18:36:15.746+0500] {logging_mixin.py:188} INFO - [2025-12-04T18:36:15.746+0500] {dag.py:3947} INFO - Setting next_dagrun for example_dynamic_task_mapping to 2022-03-04 00:00:00+00:00, run_after=2022-03-05 00:00:00+00:00
[2025-12-04T18:36:15.766+0500] {processor.py:183} INFO - Processing /Library/Frameworks/Python.framework/Versions/3.11/lib/python3.11/site-packages/airflow/example_dags/example_dynamic_task_mapping.py took 0.191 seconds
[2025-12-04T18:40:00.224+0500] {processor.py:161} INFO - Started process (PID=12574) to work on /Library/Frameworks/Python.framework/Versions/3.11/lib/python3.11/site-packages/airflow/example_dags/example_dynamic_task_mapping.py
[2025-12-04T18:40:00.226+0500] {processor.py:830} INFO - Processing file /Library/Frameworks/Python.framework/Versions/3.11/lib/python3.11/site-packages/airflow/example_dags/example_dynamic_task_mapping.py for tasks to queue
[2025-12-04T18:40:00.227+0500] {logging_mixin.py:188} INFO - [2025-12-04T18:40:00.227+0500] {dagbag.py:545} INFO - Filling up the DagBag from /Library/Frameworks/Python.framework/Versions/3.11/lib/python3.11/site-packages/airflow/example_dags/example_dynamic_task_mapping.py
[2025-12-04T18:40:00.266+0500] {processor.py:840} INFO - DAG(s) 'example_dynamic_task_mapping' retrieved from /Library/Frameworks/Python.framework/Versions/3.11/lib/python3.11/site-packages/airflow/example_dags/example_dynamic_task_mapping.py
[2025-12-04T18:40:00.375+0500] {logging_mixin.py:188} INFO - [2025-12-04T18:40:00.374+0500] {dag.py:3089} INFO - Sync 1 DAGs
[2025-12-04T18:40:00.393+0500] {logging_mixin.py:188} INFO - [2025-12-04T18:40:00.392+0500] {dag.py:3947} INFO - Setting next_dagrun for example_dynamic_task_mapping to 2022-03-04 00:00:00+00:00, run_after=2022-03-05 00:00:00+00:00
[2025-12-04T18:40:00.413+0500] {processor.py:183} INFO - Processing /Library/Frameworks/Python.framework/Versions/3.11/lib/python3.11/site-packages/airflow/example_dags/example_dynamic_task_mapping.py took 0.192 seconds
[2025-12-04T18:44:28.946+0500] {processor.py:161} INFO - Started process (PID=12775) to work on /Library/Frameworks/Python.framework/Versions/3.11/lib/python3.11/site-packages/airflow/example_dags/example_dynamic_task_mapping.py
[2025-12-04T18:44:28.948+0500] {processor.py:830} INFO - Processing file /Library/Frameworks/Python.framework/Versions/3.11/lib/python3.11/site-packages/airflow/example_dags/example_dynamic_task_mapping.py for tasks to queue
[2025-12-04T18:44:28.949+0500] {logging_mixin.py:188} INFO - [2025-12-04T18:44:28.948+0500] {dagbag.py:545} INFO - Filling up the DagBag from /Library/Frameworks/Python.framework/Versions/3.11/lib/python3.11/site-packages/airflow/example_dags/example_dynamic_task_mapping.py
[2025-12-04T18:44:28.988+0500] {processor.py:840} INFO - DAG(s) 'example_dynamic_task_mapping' retrieved from /Library/Frameworks/Python.framework/Versions/3.11/lib/python3.11/site-packages/airflow/example_dags/example_dynamic_task_mapping.py
[2025-12-04T18:44:29.098+0500] {logging_mixin.py:188} INFO - [2025-12-04T18:44:29.097+0500] {dag.py:3089} INFO - Sync 1 DAGs
[2025-12-04T18:44:29.115+0500] {logging_mixin.py:188} INFO - [2025-12-04T18:44:29.115+0500] {dag.py:3947} INFO - Setting next_dagrun for example_dynamic_task_mapping to 2022-03-04 00:00:00+00:00, run_after=2022-03-05 00:00:00+00:00
[2025-12-04T18:44:29.135+0500] {processor.py:183} INFO - Processing /Library/Frameworks/Python.framework/Versions/3.11/lib/python3.11/site-packages/airflow/example_dags/example_dynamic_task_mapping.py took 0.193 seconds
[2025-12-04T18:48:28.515+0500] {processor.py:161} INFO - Started process (PID=12925) to work on /Library/Frameworks/Python.framework/Versions/3.11/lib/python3.11/site-packages/airflow/example_dags/example_dynamic_task_mapping.py
[2025-12-04T18:48:28.518+0500] {processor.py:830} INFO - Processing file /Library/Frameworks/Python.framework/Versions/3.11/lib/python3.11/site-packages/airflow/example_dags/example_dynamic_task_mapping.py for tasks to queue
[2025-12-04T18:48:28.519+0500] {logging_mixin.py:188} INFO - [2025-12-04T18:48:28.519+0500] {dagbag.py:545} INFO - Filling up the DagBag from /Library/Frameworks/Python.framework/Versions/3.11/lib/python3.11/site-packages/airflow/example_dags/example_dynamic_task_mapping.py
[2025-12-04T18:48:28.557+0500] {processor.py:840} INFO - DAG(s) 'example_dynamic_task_mapping' retrieved from /Library/Frameworks/Python.framework/Versions/3.11/lib/python3.11/site-packages/airflow/example_dags/example_dynamic_task_mapping.py
[2025-12-04T18:48:28.669+0500] {logging_mixin.py:188} INFO - [2025-12-04T18:48:28.669+0500] {dag.py:3089} INFO - Sync 1 DAGs
[2025-12-04T18:48:28.686+0500] {logging_mixin.py:188} INFO - [2025-12-04T18:48:28.686+0500] {dag.py:3947} INFO - Setting next_dagrun for example_dynamic_task_mapping to 2022-03-04 00:00:00+00:00, run_after=2022-03-05 00:00:00+00:00
[2025-12-04T18:48:28.706+0500] {processor.py:183} INFO - Processing /Library/Frameworks/Python.framework/Versions/3.11/lib/python3.11/site-packages/airflow/example_dags/example_dynamic_task_mapping.py took 0.194 seconds
[2025-12-04T18:53:06.901+0500] {processor.py:161} INFO - Started process (PID=13099) to work on /Library/Frameworks/Python.framework/Versions/3.11/lib/python3.11/site-packages/airflow/example_dags/example_dynamic_task_mapping.py
[2025-12-04T18:53:06.903+0500] {processor.py:830} INFO - Processing file /Library/Frameworks/Python.framework/Versions/3.11/lib/python3.11/site-packages/airflow/example_dags/example_dynamic_task_mapping.py for tasks to queue
[2025-12-04T18:53:06.904+0500] {logging_mixin.py:188} INFO - [2025-12-04T18:53:06.904+0500] {dagbag.py:545} INFO - Filling up the DagBag from /Library/Frameworks/Python.framework/Versions/3.11/lib/python3.11/site-packages/airflow/example_dags/example_dynamic_task_mapping.py
[2025-12-04T18:53:06.941+0500] {processor.py:840} INFO - DAG(s) 'example_dynamic_task_mapping' retrieved from /Library/Frameworks/Python.framework/Versions/3.11/lib/python3.11/site-packages/airflow/example_dags/example_dynamic_task_mapping.py
[2025-12-04T18:53:07.050+0500] {logging_mixin.py:188} INFO - [2025-12-04T18:53:07.049+0500] {dag.py:3089} INFO - Sync 1 DAGs
[2025-12-04T18:53:07.074+0500] {logging_mixin.py:188} INFO - [2025-12-04T18:53:07.073+0500] {dag.py:3947} INFO - Setting next_dagrun for example_dynamic_task_mapping to 2022-03-04 00:00:00+00:00, run_after=2022-03-05 00:00:00+00:00
[2025-12-04T18:53:07.099+0500] {processor.py:183} INFO - Processing /Library/Frameworks/Python.framework/Versions/3.11/lib/python3.11/site-packages/airflow/example_dags/example_dynamic_task_mapping.py took 0.201 seconds
[2025-12-04T19:34:40.716+0500] {processor.py:161} INFO - Started process (PID=14627) to work on /Library/Frameworks/Python.framework/Versions/3.11/lib/python3.11/site-packages/airflow/example_dags/example_dynamic_task_mapping.py
[2025-12-04T19:34:40.718+0500] {processor.py:830} INFO - Processing file /Library/Frameworks/Python.framework/Versions/3.11/lib/python3.11/site-packages/airflow/example_dags/example_dynamic_task_mapping.py for tasks to queue
[2025-12-04T19:34:40.719+0500] {logging_mixin.py:188} INFO - [2025-12-04T19:34:40.719+0500] {dagbag.py:545} INFO - Filling up the DagBag from /Library/Frameworks/Python.framework/Versions/3.11/lib/python3.11/site-packages/airflow/example_dags/example_dynamic_task_mapping.py
[2025-12-04T19:34:40.825+0500] {processor.py:840} INFO - DAG(s) 'example_dynamic_task_mapping' retrieved from /Library/Frameworks/Python.framework/Versions/3.11/lib/python3.11/site-packages/airflow/example_dags/example_dynamic_task_mapping.py
[2025-12-04T19:34:40.989+0500] {logging_mixin.py:188} INFO - [2025-12-04T19:34:40.989+0500] {dag.py:3089} INFO - Sync 1 DAGs
[2025-12-04T19:34:41.016+0500] {logging_mixin.py:188} INFO - [2025-12-04T19:34:41.016+0500] {dag.py:3947} INFO - Setting next_dagrun for example_dynamic_task_mapping to 2022-03-04 00:00:00+00:00, run_after=2022-03-05 00:00:00+00:00
[2025-12-04T19:34:41.045+0500] {processor.py:183} INFO - Processing /Library/Frameworks/Python.framework/Versions/3.11/lib/python3.11/site-packages/airflow/example_dags/example_dynamic_task_mapping.py took 0.332 seconds
[2025-12-04T19:37:41.479+0500] {processor.py:161} INFO - Started process (PID=14747) to work on /Library/Frameworks/Python.framework/Versions/3.11/lib/python3.11/site-packages/airflow/example_dags/example_dynamic_task_mapping.py
[2025-12-04T19:37:41.482+0500] {processor.py:830} INFO - Processing file /Library/Frameworks/Python.framework/Versions/3.11/lib/python3.11/site-packages/airflow/example_dags/example_dynamic_task_mapping.py for tasks to queue
[2025-12-04T19:37:41.484+0500] {logging_mixin.py:188} INFO - [2025-12-04T19:37:41.483+0500] {dagbag.py:545} INFO - Filling up the DagBag from /Library/Frameworks/Python.framework/Versions/3.11/lib/python3.11/site-packages/airflow/example_dags/example_dynamic_task_mapping.py
[2025-12-04T19:37:41.526+0500] {processor.py:840} INFO - DAG(s) 'example_dynamic_task_mapping' retrieved from /Library/Frameworks/Python.framework/Versions/3.11/lib/python3.11/site-packages/airflow/example_dags/example_dynamic_task_mapping.py
[2025-12-04T19:37:41.639+0500] {logging_mixin.py:188} INFO - [2025-12-04T19:37:41.638+0500] {dag.py:3089} INFO - Sync 1 DAGs
[2025-12-04T19:37:41.659+0500] {logging_mixin.py:188} INFO - [2025-12-04T19:37:41.659+0500] {dag.py:3947} INFO - Setting next_dagrun for example_dynamic_task_mapping to 2022-03-04 00:00:00+00:00, run_after=2022-03-05 00:00:00+00:00
[2025-12-04T19:37:41.680+0500] {processor.py:183} INFO - Processing /Library/Frameworks/Python.framework/Versions/3.11/lib/python3.11/site-packages/airflow/example_dags/example_dynamic_task_mapping.py took 0.204 seconds
[2025-12-04T19:42:00.383+0500] {processor.py:161} INFO - Started process (PID=14907) to work on /Library/Frameworks/Python.framework/Versions/3.11/lib/python3.11/site-packages/airflow/example_dags/example_dynamic_task_mapping.py
[2025-12-04T19:42:00.385+0500] {processor.py:830} INFO - Processing file /Library/Frameworks/Python.framework/Versions/3.11/lib/python3.11/site-packages/airflow/example_dags/example_dynamic_task_mapping.py for tasks to queue
[2025-12-04T19:42:00.386+0500] {logging_mixin.py:188} INFO - [2025-12-04T19:42:00.386+0500] {dagbag.py:545} INFO - Filling up the DagBag from /Library/Frameworks/Python.framework/Versions/3.11/lib/python3.11/site-packages/airflow/example_dags/example_dynamic_task_mapping.py
[2025-12-04T19:42:00.431+0500] {processor.py:840} INFO - DAG(s) 'example_dynamic_task_mapping' retrieved from /Library/Frameworks/Python.framework/Versions/3.11/lib/python3.11/site-packages/airflow/example_dags/example_dynamic_task_mapping.py
[2025-12-04T19:42:00.565+0500] {logging_mixin.py:188} INFO - [2025-12-04T19:42:00.564+0500] {dag.py:3089} INFO - Sync 1 DAGs
[2025-12-04T19:42:00.586+0500] {logging_mixin.py:188} INFO - [2025-12-04T19:42:00.586+0500] {dag.py:3947} INFO - Setting next_dagrun for example_dynamic_task_mapping to 2022-03-04 00:00:00+00:00, run_after=2022-03-05 00:00:00+00:00
[2025-12-04T19:42:00.612+0500] {processor.py:183} INFO - Processing /Library/Frameworks/Python.framework/Versions/3.11/lib/python3.11/site-packages/airflow/example_dags/example_dynamic_task_mapping.py took 0.232 seconds
[2025-12-04T19:46:41.513+0500] {processor.py:161} INFO - Started process (PID=15068) to work on /Library/Frameworks/Python.framework/Versions/3.11/lib/python3.11/site-packages/airflow/example_dags/example_dynamic_task_mapping.py
[2025-12-04T19:46:41.517+0500] {processor.py:830} INFO - Processing file /Library/Frameworks/Python.framework/Versions/3.11/lib/python3.11/site-packages/airflow/example_dags/example_dynamic_task_mapping.py for tasks to queue
[2025-12-04T19:46:41.521+0500] {logging_mixin.py:188} INFO - [2025-12-04T19:46:41.520+0500] {dagbag.py:545} INFO - Filling up the DagBag from /Library/Frameworks/Python.framework/Versions/3.11/lib/python3.11/site-packages/airflow/example_dags/example_dynamic_task_mapping.py
[2025-12-04T19:46:41.564+0500] {processor.py:840} INFO - DAG(s) 'example_dynamic_task_mapping' retrieved from /Library/Frameworks/Python.framework/Versions/3.11/lib/python3.11/site-packages/airflow/example_dags/example_dynamic_task_mapping.py
[2025-12-04T19:46:41.726+0500] {logging_mixin.py:188} INFO - [2025-12-04T19:46:41.726+0500] {dag.py:3089} INFO - Sync 1 DAGs
[2025-12-04T19:46:41.756+0500] {logging_mixin.py:188} INFO - [2025-12-04T19:46:41.755+0500] {dag.py:3947} INFO - Setting next_dagrun for example_dynamic_task_mapping to 2022-03-04 00:00:00+00:00, run_after=2022-03-05 00:00:00+00:00
[2025-12-04T19:46:41.782+0500] {processor.py:183} INFO - Processing /Library/Frameworks/Python.framework/Versions/3.11/lib/python3.11/site-packages/airflow/example_dags/example_dynamic_task_mapping.py took 0.272 seconds
[2025-12-04T19:50:55.097+0500] {processor.py:161} INFO - Started process (PID=15217) to work on /Library/Frameworks/Python.framework/Versions/3.11/lib/python3.11/site-packages/airflow/example_dags/example_dynamic_task_mapping.py
[2025-12-04T19:50:55.099+0500] {processor.py:830} INFO - Processing file /Library/Frameworks/Python.framework/Versions/3.11/lib/python3.11/site-packages/airflow/example_dags/example_dynamic_task_mapping.py for tasks to queue
[2025-12-04T19:50:55.100+0500] {logging_mixin.py:188} INFO - [2025-12-04T19:50:55.100+0500] {dagbag.py:545} INFO - Filling up the DagBag from /Library/Frameworks/Python.framework/Versions/3.11/lib/python3.11/site-packages/airflow/example_dags/example_dynamic_task_mapping.py
[2025-12-04T19:50:55.141+0500] {processor.py:840} INFO - DAG(s) 'example_dynamic_task_mapping' retrieved from /Library/Frameworks/Python.framework/Versions/3.11/lib/python3.11/site-packages/airflow/example_dags/example_dynamic_task_mapping.py
[2025-12-04T19:50:55.259+0500] {logging_mixin.py:188} INFO - [2025-12-04T19:50:55.258+0500] {dag.py:3089} INFO - Sync 1 DAGs
[2025-12-04T19:50:55.276+0500] {logging_mixin.py:188} INFO - [2025-12-04T19:50:55.276+0500] {dag.py:3947} INFO - Setting next_dagrun for example_dynamic_task_mapping to 2022-03-04 00:00:00+00:00, run_after=2022-03-05 00:00:00+00:00
[2025-12-04T19:50:55.296+0500] {processor.py:183} INFO - Processing /Library/Frameworks/Python.framework/Versions/3.11/lib/python3.11/site-packages/airflow/example_dags/example_dynamic_task_mapping.py took 0.203 seconds
[2025-12-04T19:54:48.629+0500] {processor.py:161} INFO - Started process (PID=15396) to work on /Library/Frameworks/Python.framework/Versions/3.11/lib/python3.11/site-packages/airflow/example_dags/example_dynamic_task_mapping.py
[2025-12-04T19:54:48.631+0500] {processor.py:830} INFO - Processing file /Library/Frameworks/Python.framework/Versions/3.11/lib/python3.11/site-packages/airflow/example_dags/example_dynamic_task_mapping.py for tasks to queue
[2025-12-04T19:54:48.632+0500] {logging_mixin.py:188} INFO - [2025-12-04T19:54:48.632+0500] {dagbag.py:545} INFO - Filling up the DagBag from /Library/Frameworks/Python.framework/Versions/3.11/lib/python3.11/site-packages/airflow/example_dags/example_dynamic_task_mapping.py
[2025-12-04T19:54:48.668+0500] {processor.py:840} INFO - DAG(s) 'example_dynamic_task_mapping' retrieved from /Library/Frameworks/Python.framework/Versions/3.11/lib/python3.11/site-packages/airflow/example_dags/example_dynamic_task_mapping.py
[2025-12-04T19:54:48.782+0500] {logging_mixin.py:188} INFO - [2025-12-04T19:54:48.781+0500] {dag.py:3089} INFO - Sync 1 DAGs
[2025-12-04T19:54:48.800+0500] {logging_mixin.py:188} INFO - [2025-12-04T19:54:48.800+0500] {dag.py:3947} INFO - Setting next_dagrun for example_dynamic_task_mapping to 2022-03-04 00:00:00+00:00, run_after=2022-03-05 00:00:00+00:00
[2025-12-04T19:54:48.820+0500] {processor.py:183} INFO - Processing /Library/Frameworks/Python.framework/Versions/3.11/lib/python3.11/site-packages/airflow/example_dags/example_dynamic_task_mapping.py took 0.195 seconds
[2025-12-04T20:15:41.616+0500] {processor.py:161} INFO - Started process (PID=15541) to work on /Library/Frameworks/Python.framework/Versions/3.11/lib/python3.11/site-packages/airflow/example_dags/example_dynamic_task_mapping.py
[2025-12-04T20:15:41.619+0500] {processor.py:830} INFO - Processing file /Library/Frameworks/Python.framework/Versions/3.11/lib/python3.11/site-packages/airflow/example_dags/example_dynamic_task_mapping.py for tasks to queue
[2025-12-04T20:15:41.620+0500] {logging_mixin.py:188} INFO - [2025-12-04T20:15:41.620+0500] {dagbag.py:545} INFO - Filling up the DagBag from /Library/Frameworks/Python.framework/Versions/3.11/lib/python3.11/site-packages/airflow/example_dags/example_dynamic_task_mapping.py
[2025-12-04T20:15:41.662+0500] {processor.py:840} INFO - DAG(s) 'example_dynamic_task_mapping' retrieved from /Library/Frameworks/Python.framework/Versions/3.11/lib/python3.11/site-packages/airflow/example_dags/example_dynamic_task_mapping.py
[2025-12-04T20:15:41.772+0500] {logging_mixin.py:188} INFO - [2025-12-04T20:15:41.772+0500] {dag.py:3089} INFO - Sync 1 DAGs
[2025-12-04T20:15:41.793+0500] {logging_mixin.py:188} INFO - [2025-12-04T20:15:41.792+0500] {dag.py:3947} INFO - Setting next_dagrun for example_dynamic_task_mapping to 2022-03-04 00:00:00+00:00, run_after=2022-03-05 00:00:00+00:00
[2025-12-04T20:15:41.830+0500] {processor.py:183} INFO - Processing /Library/Frameworks/Python.framework/Versions/3.11/lib/python3.11/site-packages/airflow/example_dags/example_dynamic_task_mapping.py took 0.218 seconds
[2025-12-04T20:45:53.818+0500] {processor.py:161} INFO - Started process (PID=15808) to work on /Library/Frameworks/Python.framework/Versions/3.11/lib/python3.11/site-packages/airflow/example_dags/example_dynamic_task_mapping.py
[2025-12-04T20:45:53.820+0500] {processor.py:830} INFO - Processing file /Library/Frameworks/Python.framework/Versions/3.11/lib/python3.11/site-packages/airflow/example_dags/example_dynamic_task_mapping.py for tasks to queue
[2025-12-04T20:45:53.822+0500] {logging_mixin.py:188} INFO - [2025-12-04T20:45:53.821+0500] {dagbag.py:545} INFO - Filling up the DagBag from /Library/Frameworks/Python.framework/Versions/3.11/lib/python3.11/site-packages/airflow/example_dags/example_dynamic_task_mapping.py
[2025-12-04T20:45:53.858+0500] {processor.py:840} INFO - DAG(s) 'example_dynamic_task_mapping' retrieved from /Library/Frameworks/Python.framework/Versions/3.11/lib/python3.11/site-packages/airflow/example_dags/example_dynamic_task_mapping.py
[2025-12-04T20:45:53.972+0500] {logging_mixin.py:188} INFO - [2025-12-04T20:45:53.972+0500] {dag.py:3089} INFO - Sync 1 DAGs
[2025-12-04T20:45:53.990+0500] {logging_mixin.py:188} INFO - [2025-12-04T20:45:53.990+0500] {dag.py:3947} INFO - Setting next_dagrun for example_dynamic_task_mapping to 2022-03-04 00:00:00+00:00, run_after=2022-03-05 00:00:00+00:00
[2025-12-04T20:45:54.012+0500] {processor.py:183} INFO - Processing /Library/Frameworks/Python.framework/Versions/3.11/lib/python3.11/site-packages/airflow/example_dags/example_dynamic_task_mapping.py took 0.196 seconds
