[2025-12-04T18:19:33.172+0500] {processor.py:161} INFO - Started process (PID=11722) to work on /Library/Frameworks/Python.framework/Versions/3.11/lib/python3.11/site-packages/airflow/example_dags/example_params_ui_tutorial.py
[2025-12-04T18:19:33.173+0500] {processor.py:830} INFO - Processing file /Library/Frameworks/Python.framework/Versions/3.11/lib/python3.11/site-packages/airflow/example_dags/example_params_ui_tutorial.py for tasks to queue
[2025-12-04T18:19:33.174+0500] {logging_mixin.py:188} INFO - [2025-12-04T18:19:33.174+0500] {dagbag.py:545} INFO - Filling up the DagBag from /Library/Frameworks/Python.framework/Versions/3.11/lib/python3.11/site-packages/airflow/example_dags/example_params_ui_tutorial.py
[2025-12-04T18:19:33.228+0500] {processor.py:840} INFO - DAG(s) 'example_params_ui_tutorial' retrieved from /Library/Frameworks/Python.framework/Versions/3.11/lib/python3.11/site-packages/airflow/example_dags/example_params_ui_tutorial.py
[2025-12-04T18:19:33.583+0500] {logging_mixin.py:188} INFO - [2025-12-04T18:19:33.582+0500] {override.py:1858} INFO - Created Permission View: can edit on DAG:example_params_ui_tutorial
[2025-12-04T18:19:33.593+0500] {logging_mixin.py:188} INFO - [2025-12-04T18:19:33.593+0500] {override.py:1858} INFO - Created Permission View: can read on DAG:example_params_ui_tutorial
[2025-12-04T18:19:33.601+0500] {logging_mixin.py:188} INFO - [2025-12-04T18:19:33.600+0500] {override.py:1858} INFO - Created Permission View: can delete on DAG:example_params_ui_tutorial
[2025-12-04T18:19:33.601+0500] {logging_mixin.py:188} INFO - [2025-12-04T18:19:33.601+0500] {dag.py:3089} INFO - Sync 1 DAGs
[2025-12-04T18:19:33.611+0500] {logging_mixin.py:188} INFO - [2025-12-04T18:19:33.611+0500] {dag.py:3111} INFO - Creating ORM DAG for example_params_ui_tutorial
[2025-12-04T18:19:33.611+0500] {logging_mixin.py:188} INFO - [2025-12-04T18:19:33.611+0500] {dag.py:3947} INFO - Setting next_dagrun for example_params_ui_tutorial to None, run_after=None
[2025-12-04T18:19:33.632+0500] {processor.py:183} INFO - Processing /Library/Frameworks/Python.framework/Versions/3.11/lib/python3.11/site-packages/airflow/example_dags/example_params_ui_tutorial.py took 0.463 seconds
[2025-12-04T18:22:15.926+0500] {processor.py:161} INFO - Started process (PID=11826) to work on /Library/Frameworks/Python.framework/Versions/3.11/lib/python3.11/site-packages/airflow/example_dags/example_params_ui_tutorial.py
[2025-12-04T18:22:15.928+0500] {processor.py:830} INFO - Processing file /Library/Frameworks/Python.framework/Versions/3.11/lib/python3.11/site-packages/airflow/example_dags/example_params_ui_tutorial.py for tasks to queue
[2025-12-04T18:22:15.929+0500] {logging_mixin.py:188} INFO - [2025-12-04T18:22:15.929+0500] {dagbag.py:545} INFO - Filling up the DagBag from /Library/Frameworks/Python.framework/Versions/3.11/lib/python3.11/site-packages/airflow/example_dags/example_params_ui_tutorial.py
[2025-12-04T18:22:15.967+0500] {processor.py:840} INFO - DAG(s) 'example_params_ui_tutorial' retrieved from /Library/Frameworks/Python.framework/Versions/3.11/lib/python3.11/site-packages/airflow/example_dags/example_params_ui_tutorial.py
[2025-12-04T18:22:16.105+0500] {logging_mixin.py:188} INFO - [2025-12-04T18:22:16.104+0500] {dag.py:3089} INFO - Sync 1 DAGs
[2025-12-04T18:22:16.115+0500] {logging_mixin.py:188} INFO - [2025-12-04T18:22:16.115+0500] {dag.py:3947} INFO - Setting next_dagrun for example_params_ui_tutorial to None, run_after=None
[2025-12-04T18:22:16.138+0500] {processor.py:183} INFO - Processing /Library/Frameworks/Python.framework/Versions/3.11/lib/python3.11/site-packages/airflow/example_dags/example_params_ui_tutorial.py took 0.216 seconds
[2025-12-04T18:24:20.011+0500] {processor.py:161} INFO - Started process (PID=11894) to work on /Library/Frameworks/Python.framework/Versions/3.11/lib/python3.11/site-packages/airflow/example_dags/example_params_ui_tutorial.py
[2025-12-04T18:24:20.013+0500] {processor.py:830} INFO - Processing file /Library/Frameworks/Python.framework/Versions/3.11/lib/python3.11/site-packages/airflow/example_dags/example_params_ui_tutorial.py for tasks to queue
[2025-12-04T18:24:20.014+0500] {logging_mixin.py:188} INFO - [2025-12-04T18:24:20.014+0500] {dagbag.py:545} INFO - Filling up the DagBag from /Library/Frameworks/Python.framework/Versions/3.11/lib/python3.11/site-packages/airflow/example_dags/example_params_ui_tutorial.py
[2025-12-04T18:24:20.053+0500] {processor.py:840} INFO - DAG(s) 'example_params_ui_tutorial' retrieved from /Library/Frameworks/Python.framework/Versions/3.11/lib/python3.11/site-packages/airflow/example_dags/example_params_ui_tutorial.py
[2025-12-04T18:24:20.198+0500] {logging_mixin.py:188} INFO - [2025-12-04T18:24:20.198+0500] {dag.py:3089} INFO - Sync 1 DAGs
[2025-12-04T18:24:20.209+0500] {logging_mixin.py:188} INFO - [2025-12-04T18:24:20.208+0500] {dag.py:3947} INFO - Setting next_dagrun for example_params_ui_tutorial to None, run_after=None
[2025-12-04T18:24:20.230+0500] {processor.py:183} INFO - Processing /Library/Frameworks/Python.framework/Versions/3.11/lib/python3.11/site-packages/airflow/example_dags/example_params_ui_tutorial.py took 0.222 seconds
[2025-12-04T18:26:28.701+0500] {processor.py:161} INFO - Started process (PID=11995) to work on /Library/Frameworks/Python.framework/Versions/3.11/lib/python3.11/site-packages/airflow/example_dags/example_params_ui_tutorial.py
[2025-12-04T18:26:28.704+0500] {processor.py:830} INFO - Processing file /Library/Frameworks/Python.framework/Versions/3.11/lib/python3.11/site-packages/airflow/example_dags/example_params_ui_tutorial.py for tasks to queue
[2025-12-04T18:26:28.711+0500] {logging_mixin.py:188} INFO - [2025-12-04T18:26:28.706+0500] {dagbag.py:545} INFO - Filling up the DagBag from /Library/Frameworks/Python.framework/Versions/3.11/lib/python3.11/site-packages/airflow/example_dags/example_params_ui_tutorial.py
[2025-12-04T18:26:28.832+0500] {processor.py:840} INFO - DAG(s) 'example_params_ui_tutorial' retrieved from /Library/Frameworks/Python.framework/Versions/3.11/lib/python3.11/site-packages/airflow/example_dags/example_params_ui_tutorial.py
[2025-12-04T18:26:29.015+0500] {logging_mixin.py:188} INFO - [2025-12-04T18:26:29.015+0500] {dag.py:3089} INFO - Sync 1 DAGs
[2025-12-04T18:26:29.026+0500] {logging_mixin.py:188} INFO - [2025-12-04T18:26:29.026+0500] {dag.py:3947} INFO - Setting next_dagrun for example_params_ui_tutorial to None, run_after=None
[2025-12-04T18:26:29.057+0500] {processor.py:183} INFO - Processing /Library/Frameworks/Python.framework/Versions/3.11/lib/python3.11/site-packages/airflow/example_dags/example_params_ui_tutorial.py took 0.361 seconds
[2025-12-04T18:28:49.515+0500] {processor.py:161} INFO - Started process (PID=12118) to work on /Library/Frameworks/Python.framework/Versions/3.11/lib/python3.11/site-packages/airflow/example_dags/example_params_ui_tutorial.py
[2025-12-04T18:28:49.517+0500] {processor.py:830} INFO - Processing file /Library/Frameworks/Python.framework/Versions/3.11/lib/python3.11/site-packages/airflow/example_dags/example_params_ui_tutorial.py for tasks to queue
[2025-12-04T18:28:49.519+0500] {logging_mixin.py:188} INFO - [2025-12-04T18:28:49.518+0500] {dagbag.py:545} INFO - Filling up the DagBag from /Library/Frameworks/Python.framework/Versions/3.11/lib/python3.11/site-packages/airflow/example_dags/example_params_ui_tutorial.py
[2025-12-04T18:28:49.598+0500] {processor.py:840} INFO - DAG(s) 'example_params_ui_tutorial' retrieved from /Library/Frameworks/Python.framework/Versions/3.11/lib/python3.11/site-packages/airflow/example_dags/example_params_ui_tutorial.py
[2025-12-04T18:28:49.819+0500] {logging_mixin.py:188} INFO - [2025-12-04T18:28:49.818+0500] {dag.py:3089} INFO - Sync 1 DAGs
[2025-12-04T18:28:49.837+0500] {logging_mixin.py:188} INFO - [2025-12-04T18:28:49.836+0500] {dag.py:3947} INFO - Setting next_dagrun for example_params_ui_tutorial to None, run_after=None
[2025-12-04T18:28:49.868+0500] {processor.py:183} INFO - Processing /Library/Frameworks/Python.framework/Versions/3.11/lib/python3.11/site-packages/airflow/example_dags/example_params_ui_tutorial.py took 0.360 seconds
[2025-12-04T18:31:16.637+0500] {processor.py:161} INFO - Started process (PID=12223) to work on /Library/Frameworks/Python.framework/Versions/3.11/lib/python3.11/site-packages/airflow/example_dags/example_params_ui_tutorial.py
[2025-12-04T18:31:16.639+0500] {processor.py:830} INFO - Processing file /Library/Frameworks/Python.framework/Versions/3.11/lib/python3.11/site-packages/airflow/example_dags/example_params_ui_tutorial.py for tasks to queue
[2025-12-04T18:31:16.640+0500] {logging_mixin.py:188} INFO - [2025-12-04T18:31:16.639+0500] {dagbag.py:545} INFO - Filling up the DagBag from /Library/Frameworks/Python.framework/Versions/3.11/lib/python3.11/site-packages/airflow/example_dags/example_params_ui_tutorial.py
[2025-12-04T18:31:16.679+0500] {processor.py:840} INFO - DAG(s) 'example_params_ui_tutorial' retrieved from /Library/Frameworks/Python.framework/Versions/3.11/lib/python3.11/site-packages/airflow/example_dags/example_params_ui_tutorial.py
[2025-12-04T18:31:17.151+0500] {logging_mixin.py:188} INFO - [2025-12-04T18:31:17.150+0500] {dag.py:3089} INFO - Sync 1 DAGs
[2025-12-04T18:31:17.163+0500] {logging_mixin.py:188} INFO - [2025-12-04T18:31:17.163+0500] {dag.py:3947} INFO - Setting next_dagrun for example_params_ui_tutorial to None, run_after=None
[2025-12-04T18:31:17.189+0500] {processor.py:183} INFO - Processing /Library/Frameworks/Python.framework/Versions/3.11/lib/python3.11/site-packages/airflow/example_dags/example_params_ui_tutorial.py took 0.555 seconds
[2025-12-04T18:33:41.540+0500] {processor.py:161} INFO - Started process (PID=12342) to work on /Library/Frameworks/Python.framework/Versions/3.11/lib/python3.11/site-packages/airflow/example_dags/example_params_ui_tutorial.py
[2025-12-04T18:33:41.542+0500] {processor.py:830} INFO - Processing file /Library/Frameworks/Python.framework/Versions/3.11/lib/python3.11/site-packages/airflow/example_dags/example_params_ui_tutorial.py for tasks to queue
[2025-12-04T18:33:41.544+0500] {logging_mixin.py:188} INFO - [2025-12-04T18:33:41.543+0500] {dagbag.py:545} INFO - Filling up the DagBag from /Library/Frameworks/Python.framework/Versions/3.11/lib/python3.11/site-packages/airflow/example_dags/example_params_ui_tutorial.py
[2025-12-04T18:33:41.602+0500] {processor.py:840} INFO - DAG(s) 'example_params_ui_tutorial' retrieved from /Library/Frameworks/Python.framework/Versions/3.11/lib/python3.11/site-packages/airflow/example_dags/example_params_ui_tutorial.py
[2025-12-04T18:33:41.838+0500] {logging_mixin.py:188} INFO - [2025-12-04T18:33:41.837+0500] {dag.py:3089} INFO - Sync 1 DAGs
[2025-12-04T18:33:41.853+0500] {logging_mixin.py:188} INFO - [2025-12-04T18:33:41.853+0500] {dag.py:3947} INFO - Setting next_dagrun for example_params_ui_tutorial to None, run_after=None
[2025-12-04T18:33:41.887+0500] {processor.py:183} INFO - Processing /Library/Frameworks/Python.framework/Versions/3.11/lib/python3.11/site-packages/airflow/example_dags/example_params_ui_tutorial.py took 0.352 seconds
[2025-12-04T18:35:49.556+0500] {processor.py:161} INFO - Started process (PID=12431) to work on /Library/Frameworks/Python.framework/Versions/3.11/lib/python3.11/site-packages/airflow/example_dags/example_params_ui_tutorial.py
[2025-12-04T18:35:49.558+0500] {processor.py:830} INFO - Processing file /Library/Frameworks/Python.framework/Versions/3.11/lib/python3.11/site-packages/airflow/example_dags/example_params_ui_tutorial.py for tasks to queue
[2025-12-04T18:35:49.560+0500] {logging_mixin.py:188} INFO - [2025-12-04T18:35:49.559+0500] {dagbag.py:545} INFO - Filling up the DagBag from /Library/Frameworks/Python.framework/Versions/3.11/lib/python3.11/site-packages/airflow/example_dags/example_params_ui_tutorial.py
[2025-12-04T18:35:49.604+0500] {processor.py:840} INFO - DAG(s) 'example_params_ui_tutorial' retrieved from /Library/Frameworks/Python.framework/Versions/3.11/lib/python3.11/site-packages/airflow/example_dags/example_params_ui_tutorial.py
[2025-12-04T18:35:49.746+0500] {logging_mixin.py:188} INFO - [2025-12-04T18:35:49.745+0500] {dag.py:3089} INFO - Sync 1 DAGs
[2025-12-04T18:35:49.756+0500] {logging_mixin.py:188} INFO - [2025-12-04T18:35:49.756+0500] {dag.py:3947} INFO - Setting next_dagrun for example_params_ui_tutorial to None, run_after=None
[2025-12-04T18:35:49.777+0500] {processor.py:183} INFO - Processing /Library/Frameworks/Python.framework/Versions/3.11/lib/python3.11/site-packages/airflow/example_dags/example_params_ui_tutorial.py took 0.223 seconds
[2025-12-04T18:37:49.098+0500] {processor.py:161} INFO - Started process (PID=12498) to work on /Library/Frameworks/Python.framework/Versions/3.11/lib/python3.11/site-packages/airflow/example_dags/example_params_ui_tutorial.py
[2025-12-04T18:37:49.100+0500] {processor.py:830} INFO - Processing file /Library/Frameworks/Python.framework/Versions/3.11/lib/python3.11/site-packages/airflow/example_dags/example_params_ui_tutorial.py for tasks to queue
[2025-12-04T18:37:49.101+0500] {logging_mixin.py:188} INFO - [2025-12-04T18:37:49.101+0500] {dagbag.py:545} INFO - Filling up the DagBag from /Library/Frameworks/Python.framework/Versions/3.11/lib/python3.11/site-packages/airflow/example_dags/example_params_ui_tutorial.py
[2025-12-04T18:37:49.140+0500] {processor.py:840} INFO - DAG(s) 'example_params_ui_tutorial' retrieved from /Library/Frameworks/Python.framework/Versions/3.11/lib/python3.11/site-packages/airflow/example_dags/example_params_ui_tutorial.py
[2025-12-04T18:37:49.279+0500] {logging_mixin.py:188} INFO - [2025-12-04T18:37:49.279+0500] {dag.py:3089} INFO - Sync 1 DAGs
[2025-12-04T18:37:49.292+0500] {logging_mixin.py:188} INFO - [2025-12-04T18:37:49.291+0500] {dag.py:3947} INFO - Setting next_dagrun for example_params_ui_tutorial to None, run_after=None
[2025-12-04T18:37:49.313+0500] {processor.py:183} INFO - Processing /Library/Frameworks/Python.framework/Versions/3.11/lib/python3.11/site-packages/airflow/example_dags/example_params_ui_tutorial.py took 0.219 seconds
[2025-12-04T18:41:45.034+0500] {processor.py:161} INFO - Started process (PID=12670) to work on /Library/Frameworks/Python.framework/Versions/3.11/lib/python3.11/site-packages/airflow/example_dags/example_params_ui_tutorial.py
[2025-12-04T18:41:45.036+0500] {processor.py:830} INFO - Processing file /Library/Frameworks/Python.framework/Versions/3.11/lib/python3.11/site-packages/airflow/example_dags/example_params_ui_tutorial.py for tasks to queue
[2025-12-04T18:41:45.037+0500] {logging_mixin.py:188} INFO - [2025-12-04T18:41:45.037+0500] {dagbag.py:545} INFO - Filling up the DagBag from /Library/Frameworks/Python.framework/Versions/3.11/lib/python3.11/site-packages/airflow/example_dags/example_params_ui_tutorial.py
[2025-12-04T18:41:45.077+0500] {processor.py:840} INFO - DAG(s) 'example_params_ui_tutorial' retrieved from /Library/Frameworks/Python.framework/Versions/3.11/lib/python3.11/site-packages/airflow/example_dags/example_params_ui_tutorial.py
[2025-12-04T18:41:45.222+0500] {logging_mixin.py:188} INFO - [2025-12-04T18:41:45.222+0500] {dag.py:3089} INFO - Sync 1 DAGs
[2025-12-04T18:41:45.233+0500] {logging_mixin.py:188} INFO - [2025-12-04T18:41:45.233+0500] {dag.py:3947} INFO - Setting next_dagrun for example_params_ui_tutorial to None, run_after=None
[2025-12-04T18:41:45.254+0500] {processor.py:183} INFO - Processing /Library/Frameworks/Python.framework/Versions/3.11/lib/python3.11/site-packages/airflow/example_dags/example_params_ui_tutorial.py took 0.223 seconds
[2025-12-04T18:44:03.110+0500] {processor.py:161} INFO - Started process (PID=12761) to work on /Library/Frameworks/Python.framework/Versions/3.11/lib/python3.11/site-packages/airflow/example_dags/example_params_ui_tutorial.py
[2025-12-04T18:44:03.112+0500] {processor.py:830} INFO - Processing file /Library/Frameworks/Python.framework/Versions/3.11/lib/python3.11/site-packages/airflow/example_dags/example_params_ui_tutorial.py for tasks to queue
[2025-12-04T18:44:03.113+0500] {logging_mixin.py:188} INFO - [2025-12-04T18:44:03.113+0500] {dagbag.py:545} INFO - Filling up the DagBag from /Library/Frameworks/Python.framework/Versions/3.11/lib/python3.11/site-packages/airflow/example_dags/example_params_ui_tutorial.py
[2025-12-04T18:44:03.152+0500] {processor.py:840} INFO - DAG(s) 'example_params_ui_tutorial' retrieved from /Library/Frameworks/Python.framework/Versions/3.11/lib/python3.11/site-packages/airflow/example_dags/example_params_ui_tutorial.py
[2025-12-04T18:44:03.293+0500] {logging_mixin.py:188} INFO - [2025-12-04T18:44:03.293+0500] {dag.py:3089} INFO - Sync 1 DAGs
[2025-12-04T18:44:03.304+0500] {logging_mixin.py:188} INFO - [2025-12-04T18:44:03.304+0500] {dag.py:3947} INFO - Setting next_dagrun for example_params_ui_tutorial to None, run_after=None
[2025-12-04T18:44:03.324+0500] {processor.py:183} INFO - Processing /Library/Frameworks/Python.framework/Versions/3.11/lib/python3.11/site-packages/airflow/example_dags/example_params_ui_tutorial.py took 0.217 seconds
[2025-12-04T18:46:03.566+0500] {processor.py:161} INFO - Started process (PID=12838) to work on /Library/Frameworks/Python.framework/Versions/3.11/lib/python3.11/site-packages/airflow/example_dags/example_params_ui_tutorial.py
[2025-12-04T18:46:03.568+0500] {processor.py:830} INFO - Processing file /Library/Frameworks/Python.framework/Versions/3.11/lib/python3.11/site-packages/airflow/example_dags/example_params_ui_tutorial.py for tasks to queue
[2025-12-04T18:46:03.569+0500] {logging_mixin.py:188} INFO - [2025-12-04T18:46:03.569+0500] {dagbag.py:545} INFO - Filling up the DagBag from /Library/Frameworks/Python.framework/Versions/3.11/lib/python3.11/site-packages/airflow/example_dags/example_params_ui_tutorial.py
[2025-12-04T18:46:03.608+0500] {processor.py:840} INFO - DAG(s) 'example_params_ui_tutorial' retrieved from /Library/Frameworks/Python.framework/Versions/3.11/lib/python3.11/site-packages/airflow/example_dags/example_params_ui_tutorial.py
[2025-12-04T18:46:03.756+0500] {logging_mixin.py:188} INFO - [2025-12-04T18:46:03.755+0500] {dag.py:3089} INFO - Sync 1 DAGs
[2025-12-04T18:46:03.766+0500] {logging_mixin.py:188} INFO - [2025-12-04T18:46:03.766+0500] {dag.py:3947} INFO - Setting next_dagrun for example_params_ui_tutorial to None, run_after=None
[2025-12-04T18:46:03.788+0500] {processor.py:183} INFO - Processing /Library/Frameworks/Python.framework/Versions/3.11/lib/python3.11/site-packages/airflow/example_dags/example_params_ui_tutorial.py took 0.226 seconds
[2025-12-04T18:48:03.372+0500] {processor.py:161} INFO - Started process (PID=12910) to work on /Library/Frameworks/Python.framework/Versions/3.11/lib/python3.11/site-packages/airflow/example_dags/example_params_ui_tutorial.py
[2025-12-04T18:48:03.374+0500] {processor.py:830} INFO - Processing file /Library/Frameworks/Python.framework/Versions/3.11/lib/python3.11/site-packages/airflow/example_dags/example_params_ui_tutorial.py for tasks to queue
[2025-12-04T18:48:03.375+0500] {logging_mixin.py:188} INFO - [2025-12-04T18:48:03.375+0500] {dagbag.py:545} INFO - Filling up the DagBag from /Library/Frameworks/Python.framework/Versions/3.11/lib/python3.11/site-packages/airflow/example_dags/example_params_ui_tutorial.py
[2025-12-04T18:48:03.439+0500] {processor.py:840} INFO - DAG(s) 'example_params_ui_tutorial' retrieved from /Library/Frameworks/Python.framework/Versions/3.11/lib/python3.11/site-packages/airflow/example_dags/example_params_ui_tutorial.py
[2025-12-04T18:48:03.624+0500] {logging_mixin.py:188} INFO - [2025-12-04T18:48:03.624+0500] {dag.py:3089} INFO - Sync 1 DAGs
[2025-12-04T18:48:03.640+0500] {logging_mixin.py:188} INFO - [2025-12-04T18:48:03.640+0500] {dag.py:3947} INFO - Setting next_dagrun for example_params_ui_tutorial to None, run_after=None
[2025-12-04T18:48:03.664+0500] {processor.py:183} INFO - Processing /Library/Frameworks/Python.framework/Versions/3.11/lib/python3.11/site-packages/airflow/example_dags/example_params_ui_tutorial.py took 0.296 seconds
[2025-12-04T18:50:13.803+0500] {processor.py:161} INFO - Started process (PID=12980) to work on /Library/Frameworks/Python.framework/Versions/3.11/lib/python3.11/site-packages/airflow/example_dags/example_params_ui_tutorial.py
[2025-12-04T18:50:13.807+0500] {processor.py:830} INFO - Processing file /Library/Frameworks/Python.framework/Versions/3.11/lib/python3.11/site-packages/airflow/example_dags/example_params_ui_tutorial.py for tasks to queue
[2025-12-04T18:50:13.807+0500] {logging_mixin.py:188} INFO - [2025-12-04T18:50:13.807+0500] {dagbag.py:545} INFO - Filling up the DagBag from /Library/Frameworks/Python.framework/Versions/3.11/lib/python3.11/site-packages/airflow/example_dags/example_params_ui_tutorial.py
[2025-12-04T18:50:13.850+0500] {processor.py:840} INFO - DAG(s) 'example_params_ui_tutorial' retrieved from /Library/Frameworks/Python.framework/Versions/3.11/lib/python3.11/site-packages/airflow/example_dags/example_params_ui_tutorial.py
[2025-12-04T18:50:14.014+0500] {logging_mixin.py:188} INFO - [2025-12-04T18:50:14.014+0500] {dag.py:3089} INFO - Sync 1 DAGs
[2025-12-04T18:50:14.026+0500] {logging_mixin.py:188} INFO - [2025-12-04T18:50:14.026+0500] {dag.py:3947} INFO - Setting next_dagrun for example_params_ui_tutorial to None, run_after=None
[2025-12-04T18:50:14.053+0500] {processor.py:183} INFO - Processing /Library/Frameworks/Python.framework/Versions/3.11/lib/python3.11/site-packages/airflow/example_dags/example_params_ui_tutorial.py took 0.253 seconds
[2025-12-04T18:52:38.350+0500] {processor.py:161} INFO - Started process (PID=13073) to work on /Library/Frameworks/Python.framework/Versions/3.11/lib/python3.11/site-packages/airflow/example_dags/example_params_ui_tutorial.py
[2025-12-04T18:52:38.353+0500] {processor.py:830} INFO - Processing file /Library/Frameworks/Python.framework/Versions/3.11/lib/python3.11/site-packages/airflow/example_dags/example_params_ui_tutorial.py for tasks to queue
[2025-12-04T18:52:38.354+0500] {logging_mixin.py:188} INFO - [2025-12-04T18:52:38.354+0500] {dagbag.py:545} INFO - Filling up the DagBag from /Library/Frameworks/Python.framework/Versions/3.11/lib/python3.11/site-packages/airflow/example_dags/example_params_ui_tutorial.py
[2025-12-04T18:52:38.417+0500] {processor.py:840} INFO - DAG(s) 'example_params_ui_tutorial' retrieved from /Library/Frameworks/Python.framework/Versions/3.11/lib/python3.11/site-packages/airflow/example_dags/example_params_ui_tutorial.py
[2025-12-04T18:52:38.634+0500] {logging_mixin.py:188} INFO - [2025-12-04T18:52:38.634+0500] {dag.py:3089} INFO - Sync 1 DAGs
[2025-12-04T18:52:38.652+0500] {logging_mixin.py:188} INFO - [2025-12-04T18:52:38.651+0500] {dag.py:3947} INFO - Setting next_dagrun for example_params_ui_tutorial to None, run_after=None
[2025-12-04T18:52:38.684+0500] {processor.py:183} INFO - Processing /Library/Frameworks/Python.framework/Versions/3.11/lib/python3.11/site-packages/airflow/example_dags/example_params_ui_tutorial.py took 0.337 seconds
[2025-12-04T18:54:45.064+0500] {processor.py:161} INFO - Started process (PID=13165) to work on /Library/Frameworks/Python.framework/Versions/3.11/lib/python3.11/site-packages/airflow/example_dags/example_params_ui_tutorial.py
[2025-12-04T18:54:45.066+0500] {processor.py:830} INFO - Processing file /Library/Frameworks/Python.framework/Versions/3.11/lib/python3.11/site-packages/airflow/example_dags/example_params_ui_tutorial.py for tasks to queue
[2025-12-04T18:54:45.067+0500] {logging_mixin.py:188} INFO - [2025-12-04T18:54:45.067+0500] {dagbag.py:545} INFO - Filling up the DagBag from /Library/Frameworks/Python.framework/Versions/3.11/lib/python3.11/site-packages/airflow/example_dags/example_params_ui_tutorial.py
[2025-12-04T18:54:45.114+0500] {processor.py:840} INFO - DAG(s) 'example_params_ui_tutorial' retrieved from /Library/Frameworks/Python.framework/Versions/3.11/lib/python3.11/site-packages/airflow/example_dags/example_params_ui_tutorial.py
[2025-12-04T18:54:45.304+0500] {logging_mixin.py:188} INFO - [2025-12-04T18:54:45.303+0500] {dag.py:3089} INFO - Sync 1 DAGs
[2025-12-04T18:54:45.314+0500] {logging_mixin.py:188} INFO - [2025-12-04T18:54:45.314+0500] {dag.py:3947} INFO - Setting next_dagrun for example_params_ui_tutorial to None, run_after=None
[2025-12-04T18:54:45.336+0500] {processor.py:183} INFO - Processing /Library/Frameworks/Python.framework/Versions/3.11/lib/python3.11/site-packages/airflow/example_dags/example_params_ui_tutorial.py took 0.275 seconds
[2025-12-04T19:34:10.101+0500] {processor.py:161} INFO - Started process (PID=14603) to work on /Library/Frameworks/Python.framework/Versions/3.11/lib/python3.11/site-packages/airflow/example_dags/example_params_ui_tutorial.py
[2025-12-04T19:34:10.104+0500] {processor.py:830} INFO - Processing file /Library/Frameworks/Python.framework/Versions/3.11/lib/python3.11/site-packages/airflow/example_dags/example_params_ui_tutorial.py for tasks to queue
[2025-12-04T19:34:10.105+0500] {logging_mixin.py:188} INFO - [2025-12-04T19:34:10.105+0500] {dagbag.py:545} INFO - Filling up the DagBag from /Library/Frameworks/Python.framework/Versions/3.11/lib/python3.11/site-packages/airflow/example_dags/example_params_ui_tutorial.py
[2025-12-04T19:34:10.154+0500] {processor.py:840} INFO - DAG(s) 'example_params_ui_tutorial' retrieved from /Library/Frameworks/Python.framework/Versions/3.11/lib/python3.11/site-packages/airflow/example_dags/example_params_ui_tutorial.py
[2025-12-04T19:34:10.292+0500] {logging_mixin.py:188} INFO - [2025-12-04T19:34:10.292+0500] {dag.py:3089} INFO - Sync 1 DAGs
[2025-12-04T19:34:10.303+0500] {logging_mixin.py:188} INFO - [2025-12-04T19:34:10.303+0500] {dag.py:3947} INFO - Setting next_dagrun for example_params_ui_tutorial to None, run_after=None
[2025-12-04T19:34:10.331+0500] {processor.py:183} INFO - Processing /Library/Frameworks/Python.framework/Versions/3.11/lib/python3.11/site-packages/airflow/example_dags/example_params_ui_tutorial.py took 0.233 seconds
[2025-12-04T19:37:16.321+0500] {processor.py:161} INFO - Started process (PID=14731) to work on /Library/Frameworks/Python.framework/Versions/3.11/lib/python3.11/site-packages/airflow/example_dags/example_params_ui_tutorial.py
[2025-12-04T19:37:16.323+0500] {processor.py:830} INFO - Processing file /Library/Frameworks/Python.framework/Versions/3.11/lib/python3.11/site-packages/airflow/example_dags/example_params_ui_tutorial.py for tasks to queue
[2025-12-04T19:37:16.324+0500] {logging_mixin.py:188} INFO - [2025-12-04T19:37:16.324+0500] {dagbag.py:545} INFO - Filling up the DagBag from /Library/Frameworks/Python.framework/Versions/3.11/lib/python3.11/site-packages/airflow/example_dags/example_params_ui_tutorial.py
[2025-12-04T19:37:16.365+0500] {processor.py:840} INFO - DAG(s) 'example_params_ui_tutorial' retrieved from /Library/Frameworks/Python.framework/Versions/3.11/lib/python3.11/site-packages/airflow/example_dags/example_params_ui_tutorial.py
[2025-12-04T19:37:16.516+0500] {logging_mixin.py:188} INFO - [2025-12-04T19:37:16.516+0500] {dag.py:3089} INFO - Sync 1 DAGs
[2025-12-04T19:37:16.528+0500] {logging_mixin.py:188} INFO - [2025-12-04T19:37:16.527+0500] {dag.py:3947} INFO - Setting next_dagrun for example_params_ui_tutorial to None, run_after=None
[2025-12-04T19:37:16.551+0500] {processor.py:183} INFO - Processing /Library/Frameworks/Python.framework/Versions/3.11/lib/python3.11/site-packages/airflow/example_dags/example_params_ui_tutorial.py took 0.233 seconds
[2025-12-04T19:39:20.011+0500] {processor.py:161} INFO - Started process (PID=14803) to work on /Library/Frameworks/Python.framework/Versions/3.11/lib/python3.11/site-packages/airflow/example_dags/example_params_ui_tutorial.py
[2025-12-04T19:39:20.013+0500] {processor.py:830} INFO - Processing file /Library/Frameworks/Python.framework/Versions/3.11/lib/python3.11/site-packages/airflow/example_dags/example_params_ui_tutorial.py for tasks to queue
[2025-12-04T19:39:20.014+0500] {logging_mixin.py:188} INFO - [2025-12-04T19:39:20.013+0500] {dagbag.py:545} INFO - Filling up the DagBag from /Library/Frameworks/Python.framework/Versions/3.11/lib/python3.11/site-packages/airflow/example_dags/example_params_ui_tutorial.py
[2025-12-04T19:39:20.052+0500] {processor.py:840} INFO - DAG(s) 'example_params_ui_tutorial' retrieved from /Library/Frameworks/Python.framework/Versions/3.11/lib/python3.11/site-packages/airflow/example_dags/example_params_ui_tutorial.py
[2025-12-04T19:39:20.194+0500] {logging_mixin.py:188} INFO - [2025-12-04T19:39:20.194+0500] {dag.py:3089} INFO - Sync 1 DAGs
[2025-12-04T19:39:20.205+0500] {logging_mixin.py:188} INFO - [2025-12-04T19:39:20.205+0500] {dag.py:3947} INFO - Setting next_dagrun for example_params_ui_tutorial to None, run_after=None
[2025-12-04T19:39:20.226+0500] {processor.py:183} INFO - Processing /Library/Frameworks/Python.framework/Versions/3.11/lib/python3.11/site-packages/airflow/example_dags/example_params_ui_tutorial.py took 0.218 seconds
[2025-12-04T19:41:35.767+0500] {processor.py:161} INFO - Started process (PID=14895) to work on /Library/Frameworks/Python.framework/Versions/3.11/lib/python3.11/site-packages/airflow/example_dags/example_params_ui_tutorial.py
[2025-12-04T19:41:35.770+0500] {processor.py:830} INFO - Processing file /Library/Frameworks/Python.framework/Versions/3.11/lib/python3.11/site-packages/airflow/example_dags/example_params_ui_tutorial.py for tasks to queue
[2025-12-04T19:41:35.771+0500] {logging_mixin.py:188} INFO - [2025-12-04T19:41:35.770+0500] {dagbag.py:545} INFO - Filling up the DagBag from /Library/Frameworks/Python.framework/Versions/3.11/lib/python3.11/site-packages/airflow/example_dags/example_params_ui_tutorial.py
[2025-12-04T19:41:35.813+0500] {processor.py:840} INFO - DAG(s) 'example_params_ui_tutorial' retrieved from /Library/Frameworks/Python.framework/Versions/3.11/lib/python3.11/site-packages/airflow/example_dags/example_params_ui_tutorial.py
[2025-12-04T19:41:35.956+0500] {logging_mixin.py:188} INFO - [2025-12-04T19:41:35.956+0500] {dag.py:3089} INFO - Sync 1 DAGs
[2025-12-04T19:41:35.967+0500] {logging_mixin.py:188} INFO - [2025-12-04T19:41:35.967+0500] {dag.py:3947} INFO - Setting next_dagrun for example_params_ui_tutorial to None, run_after=None
[2025-12-04T19:41:35.990+0500] {processor.py:183} INFO - Processing /Library/Frameworks/Python.framework/Versions/3.11/lib/python3.11/site-packages/airflow/example_dags/example_params_ui_tutorial.py took 0.225 seconds
[2025-12-04T19:43:50.396+0500] {processor.py:161} INFO - Started process (PID=14965) to work on /Library/Frameworks/Python.framework/Versions/3.11/lib/python3.11/site-packages/airflow/example_dags/example_params_ui_tutorial.py
[2025-12-04T19:43:50.398+0500] {processor.py:830} INFO - Processing file /Library/Frameworks/Python.framework/Versions/3.11/lib/python3.11/site-packages/airflow/example_dags/example_params_ui_tutorial.py for tasks to queue
[2025-12-04T19:43:50.400+0500] {logging_mixin.py:188} INFO - [2025-12-04T19:43:50.399+0500] {dagbag.py:545} INFO - Filling up the DagBag from /Library/Frameworks/Python.framework/Versions/3.11/lib/python3.11/site-packages/airflow/example_dags/example_params_ui_tutorial.py
[2025-12-04T19:43:50.449+0500] {processor.py:840} INFO - DAG(s) 'example_params_ui_tutorial' retrieved from /Library/Frameworks/Python.framework/Versions/3.11/lib/python3.11/site-packages/airflow/example_dags/example_params_ui_tutorial.py
[2025-12-04T19:43:50.609+0500] {logging_mixin.py:188} INFO - [2025-12-04T19:43:50.609+0500] {dag.py:3089} INFO - Sync 1 DAGs
[2025-12-04T19:43:50.622+0500] {logging_mixin.py:188} INFO - [2025-12-04T19:43:50.622+0500] {dag.py:3947} INFO - Setting next_dagrun for example_params_ui_tutorial to None, run_after=None
[2025-12-04T19:43:50.645+0500] {processor.py:183} INFO - Processing /Library/Frameworks/Python.framework/Versions/3.11/lib/python3.11/site-packages/airflow/example_dags/example_params_ui_tutorial.py took 0.253 seconds
[2025-12-04T19:46:13.032+0500] {processor.py:161} INFO - Started process (PID=15042) to work on /Library/Frameworks/Python.framework/Versions/3.11/lib/python3.11/site-packages/airflow/example_dags/example_params_ui_tutorial.py
[2025-12-04T19:46:13.033+0500] {processor.py:830} INFO - Processing file /Library/Frameworks/Python.framework/Versions/3.11/lib/python3.11/site-packages/airflow/example_dags/example_params_ui_tutorial.py for tasks to queue
[2025-12-04T19:46:13.034+0500] {logging_mixin.py:188} INFO - [2025-12-04T19:46:13.034+0500] {dagbag.py:545} INFO - Filling up the DagBag from /Library/Frameworks/Python.framework/Versions/3.11/lib/python3.11/site-packages/airflow/example_dags/example_params_ui_tutorial.py
[2025-12-04T19:46:13.074+0500] {processor.py:840} INFO - DAG(s) 'example_params_ui_tutorial' retrieved from /Library/Frameworks/Python.framework/Versions/3.11/lib/python3.11/site-packages/airflow/example_dags/example_params_ui_tutorial.py
[2025-12-04T19:46:13.212+0500] {logging_mixin.py:188} INFO - [2025-12-04T19:46:13.211+0500] {dag.py:3089} INFO - Sync 1 DAGs
[2025-12-04T19:46:13.222+0500] {logging_mixin.py:188} INFO - [2025-12-04T19:46:13.222+0500] {dag.py:3947} INFO - Setting next_dagrun for example_params_ui_tutorial to None, run_after=None
[2025-12-04T19:46:13.243+0500] {processor.py:183} INFO - Processing /Library/Frameworks/Python.framework/Versions/3.11/lib/python3.11/site-packages/airflow/example_dags/example_params_ui_tutorial.py took 0.214 seconds
[2025-12-04T19:48:33.585+0500] {processor.py:161} INFO - Started process (PID=15139) to work on /Library/Frameworks/Python.framework/Versions/3.11/lib/python3.11/site-packages/airflow/example_dags/example_params_ui_tutorial.py
[2025-12-04T19:48:33.587+0500] {processor.py:830} INFO - Processing file /Library/Frameworks/Python.framework/Versions/3.11/lib/python3.11/site-packages/airflow/example_dags/example_params_ui_tutorial.py for tasks to queue
[2025-12-04T19:48:33.588+0500] {logging_mixin.py:188} INFO - [2025-12-04T19:48:33.588+0500] {dagbag.py:545} INFO - Filling up the DagBag from /Library/Frameworks/Python.framework/Versions/3.11/lib/python3.11/site-packages/airflow/example_dags/example_params_ui_tutorial.py
[2025-12-04T19:48:33.627+0500] {processor.py:840} INFO - DAG(s) 'example_params_ui_tutorial' retrieved from /Library/Frameworks/Python.framework/Versions/3.11/lib/python3.11/site-packages/airflow/example_dags/example_params_ui_tutorial.py
[2025-12-04T19:48:33.767+0500] {logging_mixin.py:188} INFO - [2025-12-04T19:48:33.766+0500] {dag.py:3089} INFO - Sync 1 DAGs
[2025-12-04T19:48:33.778+0500] {logging_mixin.py:188} INFO - [2025-12-04T19:48:33.777+0500] {dag.py:3947} INFO - Setting next_dagrun for example_params_ui_tutorial to None, run_after=None
[2025-12-04T19:48:33.798+0500] {processor.py:183} INFO - Processing /Library/Frameworks/Python.framework/Versions/3.11/lib/python3.11/site-packages/airflow/example_dags/example_params_ui_tutorial.py took 0.215 seconds
[2025-12-04T19:50:35.543+0500] {processor.py:161} INFO - Started process (PID=15206) to work on /Library/Frameworks/Python.framework/Versions/3.11/lib/python3.11/site-packages/airflow/example_dags/example_params_ui_tutorial.py
[2025-12-04T19:50:35.545+0500] {processor.py:830} INFO - Processing file /Library/Frameworks/Python.framework/Versions/3.11/lib/python3.11/site-packages/airflow/example_dags/example_params_ui_tutorial.py for tasks to queue
[2025-12-04T19:50:35.546+0500] {logging_mixin.py:188} INFO - [2025-12-04T19:50:35.545+0500] {dagbag.py:545} INFO - Filling up the DagBag from /Library/Frameworks/Python.framework/Versions/3.11/lib/python3.11/site-packages/airflow/example_dags/example_params_ui_tutorial.py
[2025-12-04T19:50:35.588+0500] {processor.py:840} INFO - DAG(s) 'example_params_ui_tutorial' retrieved from /Library/Frameworks/Python.framework/Versions/3.11/lib/python3.11/site-packages/airflow/example_dags/example_params_ui_tutorial.py
[2025-12-04T19:50:35.725+0500] {logging_mixin.py:188} INFO - [2025-12-04T19:50:35.725+0500] {dag.py:3089} INFO - Sync 1 DAGs
[2025-12-04T19:50:35.738+0500] {logging_mixin.py:188} INFO - [2025-12-04T19:50:35.737+0500] {dag.py:3947} INFO - Setting next_dagrun for example_params_ui_tutorial to None, run_after=None
[2025-12-04T19:50:35.758+0500] {processor.py:183} INFO - Processing /Library/Frameworks/Python.framework/Versions/3.11/lib/python3.11/site-packages/airflow/example_dags/example_params_ui_tutorial.py took 0.218 seconds
[2025-12-04T19:52:35.210+0500] {processor.py:161} INFO - Started process (PID=15320) to work on /Library/Frameworks/Python.framework/Versions/3.11/lib/python3.11/site-packages/airflow/example_dags/example_params_ui_tutorial.py
[2025-12-04T19:52:35.212+0500] {processor.py:830} INFO - Processing file /Library/Frameworks/Python.framework/Versions/3.11/lib/python3.11/site-packages/airflow/example_dags/example_params_ui_tutorial.py for tasks to queue
[2025-12-04T19:52:35.214+0500] {logging_mixin.py:188} INFO - [2025-12-04T19:52:35.213+0500] {dagbag.py:545} INFO - Filling up the DagBag from /Library/Frameworks/Python.framework/Versions/3.11/lib/python3.11/site-packages/airflow/example_dags/example_params_ui_tutorial.py
[2025-12-04T19:52:35.262+0500] {processor.py:840} INFO - DAG(s) 'example_params_ui_tutorial' retrieved from /Library/Frameworks/Python.framework/Versions/3.11/lib/python3.11/site-packages/airflow/example_dags/example_params_ui_tutorial.py
[2025-12-04T19:52:35.420+0500] {logging_mixin.py:188} INFO - [2025-12-04T19:52:35.419+0500] {dag.py:3089} INFO - Sync 1 DAGs
[2025-12-04T19:52:35.431+0500] {logging_mixin.py:188} INFO - [2025-12-04T19:52:35.431+0500] {dag.py:3947} INFO - Setting next_dagrun for example_params_ui_tutorial to None, run_after=None
[2025-12-04T19:52:35.455+0500] {processor.py:183} INFO - Processing /Library/Frameworks/Python.framework/Versions/3.11/lib/python3.11/site-packages/airflow/example_dags/example_params_ui_tutorial.py took 0.248 seconds
[2025-12-04T19:54:31.845+0500] {processor.py:161} INFO - Started process (PID=15386) to work on /Library/Frameworks/Python.framework/Versions/3.11/lib/python3.11/site-packages/airflow/example_dags/example_params_ui_tutorial.py
[2025-12-04T19:54:31.846+0500] {processor.py:830} INFO - Processing file /Library/Frameworks/Python.framework/Versions/3.11/lib/python3.11/site-packages/airflow/example_dags/example_params_ui_tutorial.py for tasks to queue
[2025-12-04T19:54:31.847+0500] {logging_mixin.py:188} INFO - [2025-12-04T19:54:31.847+0500] {dagbag.py:545} INFO - Filling up the DagBag from /Library/Frameworks/Python.framework/Versions/3.11/lib/python3.11/site-packages/airflow/example_dags/example_params_ui_tutorial.py
[2025-12-04T19:54:31.885+0500] {processor.py:840} INFO - DAG(s) 'example_params_ui_tutorial' retrieved from /Library/Frameworks/Python.framework/Versions/3.11/lib/python3.11/site-packages/airflow/example_dags/example_params_ui_tutorial.py
[2025-12-04T19:54:32.022+0500] {logging_mixin.py:188} INFO - [2025-12-04T19:54:32.022+0500] {dag.py:3089} INFO - Sync 1 DAGs
[2025-12-04T19:54:32.033+0500] {logging_mixin.py:188} INFO - [2025-12-04T19:54:32.033+0500] {dag.py:3947} INFO - Setting next_dagrun for example_params_ui_tutorial to None, run_after=None
[2025-12-04T19:54:32.054+0500] {processor.py:183} INFO - Processing /Library/Frameworks/Python.framework/Versions/3.11/lib/python3.11/site-packages/airflow/example_dags/example_params_ui_tutorial.py took 0.212 seconds
[2025-12-04T19:58:20.921+0500] {processor.py:161} INFO - Started process (PID=15515) to work on /Library/Frameworks/Python.framework/Versions/3.11/lib/python3.11/site-packages/airflow/example_dags/example_params_ui_tutorial.py
[2025-12-04T19:58:20.923+0500] {processor.py:830} INFO - Processing file /Library/Frameworks/Python.framework/Versions/3.11/lib/python3.11/site-packages/airflow/example_dags/example_params_ui_tutorial.py for tasks to queue
[2025-12-04T19:58:20.924+0500] {logging_mixin.py:188} INFO - [2025-12-04T19:58:20.924+0500] {dagbag.py:545} INFO - Filling up the DagBag from /Library/Frameworks/Python.framework/Versions/3.11/lib/python3.11/site-packages/airflow/example_dags/example_params_ui_tutorial.py
[2025-12-04T19:58:20.961+0500] {processor.py:840} INFO - DAG(s) 'example_params_ui_tutorial' retrieved from /Library/Frameworks/Python.framework/Versions/3.11/lib/python3.11/site-packages/airflow/example_dags/example_params_ui_tutorial.py
[2025-12-04T19:58:21.093+0500] {logging_mixin.py:188} INFO - [2025-12-04T19:58:21.093+0500] {dag.py:3089} INFO - Sync 1 DAGs
[2025-12-04T19:58:21.104+0500] {logging_mixin.py:188} INFO - [2025-12-04T19:58:21.104+0500] {dag.py:3947} INFO - Setting next_dagrun for example_params_ui_tutorial to None, run_after=None
[2025-12-04T19:58:21.124+0500] {processor.py:183} INFO - Processing /Library/Frameworks/Python.framework/Versions/3.11/lib/python3.11/site-packages/airflow/example_dags/example_params_ui_tutorial.py took 0.206 seconds
[2025-12-04T20:42:29.524+0500] {processor.py:161} INFO - Started process (PID=15646) to work on /Library/Frameworks/Python.framework/Versions/3.11/lib/python3.11/site-packages/airflow/example_dags/example_params_ui_tutorial.py
[2025-12-04T20:42:29.526+0500] {processor.py:830} INFO - Processing file /Library/Frameworks/Python.framework/Versions/3.11/lib/python3.11/site-packages/airflow/example_dags/example_params_ui_tutorial.py for tasks to queue
[2025-12-04T20:42:29.527+0500] {logging_mixin.py:188} INFO - [2025-12-04T20:42:29.527+0500] {dagbag.py:545} INFO - Filling up the DagBag from /Library/Frameworks/Python.framework/Versions/3.11/lib/python3.11/site-packages/airflow/example_dags/example_params_ui_tutorial.py
[2025-12-04T20:42:29.595+0500] {processor.py:840} INFO - DAG(s) 'example_params_ui_tutorial' retrieved from /Library/Frameworks/Python.framework/Versions/3.11/lib/python3.11/site-packages/airflow/example_dags/example_params_ui_tutorial.py
[2025-12-04T20:42:29.799+0500] {logging_mixin.py:188} INFO - [2025-12-04T20:42:29.799+0500] {dag.py:3089} INFO - Sync 1 DAGs
[2025-12-04T20:42:29.817+0500] {logging_mixin.py:188} INFO - [2025-12-04T20:42:29.817+0500] {dag.py:3947} INFO - Setting next_dagrun for example_params_ui_tutorial to None, run_after=None
[2025-12-04T20:42:29.857+0500] {processor.py:183} INFO - Processing /Library/Frameworks/Python.framework/Versions/3.11/lib/python3.11/site-packages/airflow/example_dags/example_params_ui_tutorial.py took 0.339 seconds
[2025-12-04T20:45:24.042+0500] {processor.py:161} INFO - Started process (PID=15793) to work on /Library/Frameworks/Python.framework/Versions/3.11/lib/python3.11/site-packages/airflow/example_dags/example_params_ui_tutorial.py
[2025-12-04T20:45:24.044+0500] {processor.py:830} INFO - Processing file /Library/Frameworks/Python.framework/Versions/3.11/lib/python3.11/site-packages/airflow/example_dags/example_params_ui_tutorial.py for tasks to queue
[2025-12-04T20:45:24.045+0500] {logging_mixin.py:188} INFO - [2025-12-04T20:45:24.045+0500] {dagbag.py:545} INFO - Filling up the DagBag from /Library/Frameworks/Python.framework/Versions/3.11/lib/python3.11/site-packages/airflow/example_dags/example_params_ui_tutorial.py
[2025-12-04T20:45:24.096+0500] {processor.py:840} INFO - DAG(s) 'example_params_ui_tutorial' retrieved from /Library/Frameworks/Python.framework/Versions/3.11/lib/python3.11/site-packages/airflow/example_dags/example_params_ui_tutorial.py
[2025-12-04T20:45:24.264+0500] {logging_mixin.py:188} INFO - [2025-12-04T20:45:24.264+0500] {dag.py:3089} INFO - Sync 1 DAGs
[2025-12-04T20:45:24.277+0500] {logging_mixin.py:188} INFO - [2025-12-04T20:45:24.276+0500] {dag.py:3947} INFO - Setting next_dagrun for example_params_ui_tutorial to None, run_after=None
[2025-12-04T20:45:24.299+0500] {processor.py:183} INFO - Processing /Library/Frameworks/Python.framework/Versions/3.11/lib/python3.11/site-packages/airflow/example_dags/example_params_ui_tutorial.py took 0.262 seconds
[2025-12-04T20:47:51.909+0500] {processor.py:161} INFO - Started process (PID=15872) to work on /Library/Frameworks/Python.framework/Versions/3.11/lib/python3.11/site-packages/airflow/example_dags/example_params_ui_tutorial.py
[2025-12-04T20:47:51.910+0500] {processor.py:830} INFO - Processing file /Library/Frameworks/Python.framework/Versions/3.11/lib/python3.11/site-packages/airflow/example_dags/example_params_ui_tutorial.py for tasks to queue
[2025-12-04T20:47:51.911+0500] {logging_mixin.py:188} INFO - [2025-12-04T20:47:51.911+0500] {dagbag.py:545} INFO - Filling up the DagBag from /Library/Frameworks/Python.framework/Versions/3.11/lib/python3.11/site-packages/airflow/example_dags/example_params_ui_tutorial.py
[2025-12-04T20:47:51.955+0500] {processor.py:840} INFO - DAG(s) 'example_params_ui_tutorial' retrieved from /Library/Frameworks/Python.framework/Versions/3.11/lib/python3.11/site-packages/airflow/example_dags/example_params_ui_tutorial.py
[2025-12-04T20:47:52.136+0500] {logging_mixin.py:188} INFO - [2025-12-04T20:47:52.135+0500] {dag.py:3089} INFO - Sync 1 DAGs
[2025-12-04T20:47:52.151+0500] {logging_mixin.py:188} INFO - [2025-12-04T20:47:52.151+0500] {dag.py:3947} INFO - Setting next_dagrun for example_params_ui_tutorial to None, run_after=None
[2025-12-04T20:47:52.176+0500] {processor.py:183} INFO - Processing /Library/Frameworks/Python.framework/Versions/3.11/lib/python3.11/site-packages/airflow/example_dags/example_params_ui_tutorial.py took 0.271 seconds
