[2025-12-04T18:18:52.368+0500] {processor.py:161} INFO - Started process (PID=11699) to work on /Library/Frameworks/Python.framework/Versions/3.11/lib/python3.11/site-packages/airflow/example_dags/example_subdag_operator.py
[2025-12-04T18:18:52.369+0500] {processor.py:830} INFO - Processing file /Library/Frameworks/Python.framework/Versions/3.11/lib/python3.11/site-packages/airflow/example_dags/example_subdag_operator.py for tasks to queue
[2025-12-04T18:18:52.370+0500] {logging_mixin.py:188} INFO - [2025-12-04T18:18:52.370+0500] {dagbag.py:545} INFO - Filling up the DagBag from /Library/Frameworks/Python.framework/Versions/3.11/lib/python3.11/site-packages/airflow/example_dags/example_subdag_operator.py
[2025-12-04T18:18:52.476+0500] {processor.py:840} INFO - DAG(s) 'example_subdag_operator.section-1', 'example_subdag_operator.section-2', 'example_subdag_operator' retrieved from /Library/Frameworks/Python.framework/Versions/3.11/lib/python3.11/site-packages/airflow/example_dags/example_subdag_operator.py
[2025-12-04T18:18:52.624+0500] {logging_mixin.py:188} INFO - [2025-12-04T18:18:52.622+0500] {override.py:1858} INFO - Created Permission View: can edit on DAG:example_subdag_operator
[2025-12-04T18:18:52.638+0500] {logging_mixin.py:188} INFO - [2025-12-04T18:18:52.637+0500] {override.py:1858} INFO - Created Permission View: can delete on DAG:example_subdag_operator
[2025-12-04T18:18:52.649+0500] {logging_mixin.py:188} INFO - [2025-12-04T18:18:52.648+0500] {override.py:1858} INFO - Created Permission View: can read on DAG:example_subdag_operator
[2025-12-04T18:18:52.649+0500] {logging_mixin.py:188} INFO - [2025-12-04T18:18:52.649+0500] {dag.py:3089} INFO - Sync 3 DAGs
[2025-12-04T18:18:52.719+0500] {logging_mixin.py:188} INFO - [2025-12-04T18:18:52.718+0500] {dag.py:3111} INFO - Creating ORM DAG for example_subdag_operator
[2025-12-04T18:18:52.719+0500] {logging_mixin.py:188} INFO - [2025-12-04T18:18:52.719+0500] {dag.py:3111} INFO - Creating ORM DAG for example_subdag_operator.section-1
[2025-12-04T18:18:52.720+0500] {logging_mixin.py:188} INFO - [2025-12-04T18:18:52.720+0500] {dag.py:3111} INFO - Creating ORM DAG for example_subdag_operator.section-2
[2025-12-04T18:18:52.727+0500] {logging_mixin.py:188} INFO - [2025-12-04T18:18:52.727+0500] {dag.py:3947} INFO - Setting next_dagrun for example_subdag_operator to 2022-01-01 00:00:00+00:00, run_after=2022-01-01 00:00:00+00:00
[2025-12-04T18:18:52.727+0500] {logging_mixin.py:188} INFO - [2025-12-04T18:18:52.727+0500] {dag.py:3947} INFO - Setting next_dagrun for example_subdag_operator.section-1 to None, run_after=None
[2025-12-04T18:18:52.728+0500] {logging_mixin.py:188} INFO - [2025-12-04T18:18:52.728+0500] {dag.py:3947} INFO - Setting next_dagrun for example_subdag_operator.section-2 to None, run_after=None
[2025-12-04T18:18:52.737+0500] {logging_mixin.py:188} INFO - [2025-12-04T18:18:52.737+0500] {dag.py:3089} INFO - Sync 2 DAGs
[2025-12-04T18:18:52.744+0500] {logging_mixin.py:188} INFO - [2025-12-04T18:18:52.744+0500] {dag.py:3947} INFO - Setting next_dagrun for example_subdag_operator.section-1 to None, run_after=None
[2025-12-04T18:18:52.746+0500] {logging_mixin.py:188} INFO - [2025-12-04T18:18:52.746+0500] {dag.py:3947} INFO - Setting next_dagrun for example_subdag_operator.section-2 to None, run_after=None
[2025-12-04T18:18:52.761+0500] {processor.py:183} INFO - Processing /Library/Frameworks/Python.framework/Versions/3.11/lib/python3.11/site-packages/airflow/example_dags/example_subdag_operator.py took 0.396 seconds
[2025-12-04T18:21:40.756+0500] {processor.py:161} INFO - Started process (PID=11798) to work on /Library/Frameworks/Python.framework/Versions/3.11/lib/python3.11/site-packages/airflow/example_dags/example_subdag_operator.py
[2025-12-04T18:21:40.757+0500] {processor.py:830} INFO - Processing file /Library/Frameworks/Python.framework/Versions/3.11/lib/python3.11/site-packages/airflow/example_dags/example_subdag_operator.py for tasks to queue
[2025-12-04T18:21:40.758+0500] {logging_mixin.py:188} INFO - [2025-12-04T18:21:40.758+0500] {dagbag.py:545} INFO - Filling up the DagBag from /Library/Frameworks/Python.framework/Versions/3.11/lib/python3.11/site-packages/airflow/example_dags/example_subdag_operator.py
[2025-12-04T18:21:40.874+0500] {processor.py:840} INFO - DAG(s) 'example_subdag_operator.section-1', 'example_subdag_operator.section-2', 'example_subdag_operator' retrieved from /Library/Frameworks/Python.framework/Versions/3.11/lib/python3.11/site-packages/airflow/example_dags/example_subdag_operator.py
[2025-12-04T18:21:40.927+0500] {logging_mixin.py:188} INFO - [2025-12-04T18:21:40.926+0500] {dag.py:3089} INFO - Sync 3 DAGs
[2025-12-04T18:21:40.944+0500] {logging_mixin.py:188} INFO - [2025-12-04T18:21:40.944+0500] {dag.py:3947} INFO - Setting next_dagrun for example_subdag_operator to 2022-01-01 00:00:00+00:00, run_after=2022-01-01 00:00:00+00:00
[2025-12-04T18:21:40.947+0500] {logging_mixin.py:188} INFO - [2025-12-04T18:21:40.947+0500] {dag.py:3947} INFO - Setting next_dagrun for example_subdag_operator.section-1 to None, run_after=None
[2025-12-04T18:21:40.948+0500] {logging_mixin.py:188} INFO - [2025-12-04T18:21:40.948+0500] {dag.py:3947} INFO - Setting next_dagrun for example_subdag_operator.section-2 to None, run_after=None
[2025-12-04T18:21:40.954+0500] {logging_mixin.py:188} INFO - [2025-12-04T18:21:40.954+0500] {dag.py:3089} INFO - Sync 2 DAGs
[2025-12-04T18:21:40.958+0500] {logging_mixin.py:188} INFO - [2025-12-04T18:21:40.958+0500] {dag.py:3947} INFO - Setting next_dagrun for example_subdag_operator.section-1 to None, run_after=None
[2025-12-04T18:21:40.958+0500] {logging_mixin.py:188} INFO - [2025-12-04T18:21:40.958+0500] {dag.py:3947} INFO - Setting next_dagrun for example_subdag_operator.section-2 to None, run_after=None
[2025-12-04T18:21:40.972+0500] {processor.py:183} INFO - Processing /Library/Frameworks/Python.framework/Versions/3.11/lib/python3.11/site-packages/airflow/example_dags/example_subdag_operator.py took 0.220 seconds
[2025-12-04T18:23:45.753+0500] {processor.py:161} INFO - Started process (PID=11875) to work on /Library/Frameworks/Python.framework/Versions/3.11/lib/python3.11/site-packages/airflow/example_dags/example_subdag_operator.py
[2025-12-04T18:23:45.755+0500] {processor.py:830} INFO - Processing file /Library/Frameworks/Python.framework/Versions/3.11/lib/python3.11/site-packages/airflow/example_dags/example_subdag_operator.py for tasks to queue
[2025-12-04T18:23:45.756+0500] {logging_mixin.py:188} INFO - [2025-12-04T18:23:45.756+0500] {dagbag.py:545} INFO - Filling up the DagBag from /Library/Frameworks/Python.framework/Versions/3.11/lib/python3.11/site-packages/airflow/example_dags/example_subdag_operator.py
[2025-12-04T18:23:45.878+0500] {processor.py:840} INFO - DAG(s) 'example_subdag_operator.section-1', 'example_subdag_operator.section-2', 'example_subdag_operator' retrieved from /Library/Frameworks/Python.framework/Versions/3.11/lib/python3.11/site-packages/airflow/example_dags/example_subdag_operator.py
[2025-12-04T18:23:45.934+0500] {logging_mixin.py:188} INFO - [2025-12-04T18:23:45.933+0500] {dag.py:3089} INFO - Sync 3 DAGs
[2025-12-04T18:23:45.952+0500] {logging_mixin.py:188} INFO - [2025-12-04T18:23:45.952+0500] {dag.py:3947} INFO - Setting next_dagrun for example_subdag_operator to 2022-01-01 00:00:00+00:00, run_after=2022-01-01 00:00:00+00:00
[2025-12-04T18:23:45.955+0500] {logging_mixin.py:188} INFO - [2025-12-04T18:23:45.955+0500] {dag.py:3947} INFO - Setting next_dagrun for example_subdag_operator.section-1 to None, run_after=None
[2025-12-04T18:23:45.956+0500] {logging_mixin.py:188} INFO - [2025-12-04T18:23:45.956+0500] {dag.py:3947} INFO - Setting next_dagrun for example_subdag_operator.section-2 to None, run_after=None
[2025-12-04T18:23:45.962+0500] {logging_mixin.py:188} INFO - [2025-12-04T18:23:45.961+0500] {dag.py:3089} INFO - Sync 2 DAGs
[2025-12-04T18:23:45.965+0500] {logging_mixin.py:188} INFO - [2025-12-04T18:23:45.965+0500] {dag.py:3947} INFO - Setting next_dagrun for example_subdag_operator.section-1 to None, run_after=None
[2025-12-04T18:23:45.966+0500] {logging_mixin.py:188} INFO - [2025-12-04T18:23:45.966+0500] {dag.py:3947} INFO - Setting next_dagrun for example_subdag_operator.section-2 to None, run_after=None
[2025-12-04T18:23:45.982+0500] {processor.py:183} INFO - Processing /Library/Frameworks/Python.framework/Versions/3.11/lib/python3.11/site-packages/airflow/example_dags/example_subdag_operator.py took 0.231 seconds
[2025-12-04T18:25:50.887+0500] {processor.py:161} INFO - Started process (PID=11975) to work on /Library/Frameworks/Python.framework/Versions/3.11/lib/python3.11/site-packages/airflow/example_dags/example_subdag_operator.py
[2025-12-04T18:25:50.890+0500] {processor.py:830} INFO - Processing file /Library/Frameworks/Python.framework/Versions/3.11/lib/python3.11/site-packages/airflow/example_dags/example_subdag_operator.py for tasks to queue
[2025-12-04T18:25:50.891+0500] {logging_mixin.py:188} INFO - [2025-12-04T18:25:50.890+0500] {dagbag.py:545} INFO - Filling up the DagBag from /Library/Frameworks/Python.framework/Versions/3.11/lib/python3.11/site-packages/airflow/example_dags/example_subdag_operator.py
[2025-12-04T18:25:51.001+0500] {processor.py:840} INFO - DAG(s) 'example_subdag_operator.section-1', 'example_subdag_operator.section-2', 'example_subdag_operator' retrieved from /Library/Frameworks/Python.framework/Versions/3.11/lib/python3.11/site-packages/airflow/example_dags/example_subdag_operator.py
[2025-12-04T18:25:51.058+0500] {logging_mixin.py:188} INFO - [2025-12-04T18:25:51.058+0500] {dag.py:3089} INFO - Sync 3 DAGs
[2025-12-04T18:25:51.074+0500] {logging_mixin.py:188} INFO - [2025-12-04T18:25:51.074+0500] {dag.py:3947} INFO - Setting next_dagrun for example_subdag_operator to 2022-01-01 00:00:00+00:00, run_after=2022-01-01 00:00:00+00:00
[2025-12-04T18:25:51.078+0500] {logging_mixin.py:188} INFO - [2025-12-04T18:25:51.078+0500] {dag.py:3947} INFO - Setting next_dagrun for example_subdag_operator.section-1 to None, run_after=None
[2025-12-04T18:25:51.079+0500] {logging_mixin.py:188} INFO - [2025-12-04T18:25:51.079+0500] {dag.py:3947} INFO - Setting next_dagrun for example_subdag_operator.section-2 to None, run_after=None
[2025-12-04T18:25:51.085+0500] {logging_mixin.py:188} INFO - [2025-12-04T18:25:51.084+0500] {dag.py:3089} INFO - Sync 2 DAGs
[2025-12-04T18:25:51.089+0500] {logging_mixin.py:188} INFO - [2025-12-04T18:25:51.088+0500] {dag.py:3947} INFO - Setting next_dagrun for example_subdag_operator.section-1 to None, run_after=None
[2025-12-04T18:25:51.089+0500] {logging_mixin.py:188} INFO - [2025-12-04T18:25:51.089+0500] {dag.py:3947} INFO - Setting next_dagrun for example_subdag_operator.section-2 to None, run_after=None
[2025-12-04T18:25:51.104+0500] {processor.py:183} INFO - Processing /Library/Frameworks/Python.framework/Versions/3.11/lib/python3.11/site-packages/airflow/example_dags/example_subdag_operator.py took 0.219 seconds
[2025-12-04T18:28:04.939+0500] {processor.py:161} INFO - Started process (PID=12093) to work on /Library/Frameworks/Python.framework/Versions/3.11/lib/python3.11/site-packages/airflow/example_dags/example_subdag_operator.py
[2025-12-04T18:28:04.941+0500] {processor.py:830} INFO - Processing file /Library/Frameworks/Python.framework/Versions/3.11/lib/python3.11/site-packages/airflow/example_dags/example_subdag_operator.py for tasks to queue
[2025-12-04T18:28:04.942+0500] {logging_mixin.py:188} INFO - [2025-12-04T18:28:04.942+0500] {dagbag.py:545} INFO - Filling up the DagBag from /Library/Frameworks/Python.framework/Versions/3.11/lib/python3.11/site-packages/airflow/example_dags/example_subdag_operator.py
[2025-12-04T18:28:05.056+0500] {processor.py:840} INFO - DAG(s) 'example_subdag_operator.section-1', 'example_subdag_operator.section-2', 'example_subdag_operator' retrieved from /Library/Frameworks/Python.framework/Versions/3.11/lib/python3.11/site-packages/airflow/example_dags/example_subdag_operator.py
[2025-12-04T18:28:05.132+0500] {logging_mixin.py:188} INFO - [2025-12-04T18:28:05.131+0500] {dag.py:3089} INFO - Sync 3 DAGs
[2025-12-04T18:28:05.159+0500] {logging_mixin.py:188} INFO - [2025-12-04T18:28:05.159+0500] {dag.py:3947} INFO - Setting next_dagrun for example_subdag_operator to 2022-01-01 00:00:00+00:00, run_after=2022-01-01 00:00:00+00:00
[2025-12-04T18:28:05.165+0500] {logging_mixin.py:188} INFO - [2025-12-04T18:28:05.164+0500] {dag.py:3947} INFO - Setting next_dagrun for example_subdag_operator.section-1 to None, run_after=None
[2025-12-04T18:28:05.167+0500] {logging_mixin.py:188} INFO - [2025-12-04T18:28:05.167+0500] {dag.py:3947} INFO - Setting next_dagrun for example_subdag_operator.section-2 to None, run_after=None
[2025-12-04T18:28:05.182+0500] {logging_mixin.py:188} INFO - [2025-12-04T18:28:05.182+0500] {dag.py:3089} INFO - Sync 2 DAGs
[2025-12-04T18:28:05.187+0500] {logging_mixin.py:188} INFO - [2025-12-04T18:28:05.187+0500] {dag.py:3947} INFO - Setting next_dagrun for example_subdag_operator.section-1 to None, run_after=None
[2025-12-04T18:28:05.188+0500] {logging_mixin.py:188} INFO - [2025-12-04T18:28:05.188+0500] {dag.py:3947} INFO - Setting next_dagrun for example_subdag_operator.section-2 to None, run_after=None
[2025-12-04T18:28:05.216+0500] {processor.py:183} INFO - Processing /Library/Frameworks/Python.framework/Versions/3.11/lib/python3.11/site-packages/airflow/example_dags/example_subdag_operator.py took 0.280 seconds
[2025-12-04T18:30:36.333+0500] {processor.py:161} INFO - Started process (PID=12203) to work on /Library/Frameworks/Python.framework/Versions/3.11/lib/python3.11/site-packages/airflow/example_dags/example_subdag_operator.py
[2025-12-04T18:30:36.335+0500] {processor.py:830} INFO - Processing file /Library/Frameworks/Python.framework/Versions/3.11/lib/python3.11/site-packages/airflow/example_dags/example_subdag_operator.py for tasks to queue
[2025-12-04T18:30:36.336+0500] {logging_mixin.py:188} INFO - [2025-12-04T18:30:36.336+0500] {dagbag.py:545} INFO - Filling up the DagBag from /Library/Frameworks/Python.framework/Versions/3.11/lib/python3.11/site-packages/airflow/example_dags/example_subdag_operator.py
[2025-12-04T18:30:36.470+0500] {processor.py:840} INFO - DAG(s) 'example_subdag_operator.section-1', 'example_subdag_operator.section-2', 'example_subdag_operator' retrieved from /Library/Frameworks/Python.framework/Versions/3.11/lib/python3.11/site-packages/airflow/example_dags/example_subdag_operator.py
[2025-12-04T18:30:36.527+0500] {logging_mixin.py:188} INFO - [2025-12-04T18:30:36.527+0500] {dag.py:3089} INFO - Sync 3 DAGs
[2025-12-04T18:30:36.545+0500] {logging_mixin.py:188} INFO - [2025-12-04T18:30:36.545+0500] {dag.py:3947} INFO - Setting next_dagrun for example_subdag_operator to 2022-01-01 00:00:00+00:00, run_after=2022-01-01 00:00:00+00:00
[2025-12-04T18:30:36.549+0500] {logging_mixin.py:188} INFO - [2025-12-04T18:30:36.549+0500] {dag.py:3947} INFO - Setting next_dagrun for example_subdag_operator.section-1 to None, run_after=None
[2025-12-04T18:30:36.550+0500] {logging_mixin.py:188} INFO - [2025-12-04T18:30:36.550+0500] {dag.py:3947} INFO - Setting next_dagrun for example_subdag_operator.section-2 to None, run_after=None
[2025-12-04T18:30:36.556+0500] {logging_mixin.py:188} INFO - [2025-12-04T18:30:36.556+0500] {dag.py:3089} INFO - Sync 2 DAGs
[2025-12-04T18:30:36.560+0500] {logging_mixin.py:188} INFO - [2025-12-04T18:30:36.560+0500] {dag.py:3947} INFO - Setting next_dagrun for example_subdag_operator.section-1 to None, run_after=None
[2025-12-04T18:30:36.561+0500] {logging_mixin.py:188} INFO - [2025-12-04T18:30:36.560+0500] {dag.py:3947} INFO - Setting next_dagrun for example_subdag_operator.section-2 to None, run_after=None
[2025-12-04T18:30:36.577+0500] {processor.py:183} INFO - Processing /Library/Frameworks/Python.framework/Versions/3.11/lib/python3.11/site-packages/airflow/example_dags/example_subdag_operator.py took 0.247 seconds
[2025-12-04T18:33:00.364+0500] {processor.py:161} INFO - Started process (PID=12308) to work on /Library/Frameworks/Python.framework/Versions/3.11/lib/python3.11/site-packages/airflow/example_dags/example_subdag_operator.py
[2025-12-04T18:33:00.366+0500] {processor.py:830} INFO - Processing file /Library/Frameworks/Python.framework/Versions/3.11/lib/python3.11/site-packages/airflow/example_dags/example_subdag_operator.py for tasks to queue
[2025-12-04T18:33:00.367+0500] {logging_mixin.py:188} INFO - [2025-12-04T18:33:00.367+0500] {dagbag.py:545} INFO - Filling up the DagBag from /Library/Frameworks/Python.framework/Versions/3.11/lib/python3.11/site-packages/airflow/example_dags/example_subdag_operator.py
[2025-12-04T18:33:00.478+0500] {processor.py:840} INFO - DAG(s) 'example_subdag_operator.section-1', 'example_subdag_operator.section-2', 'example_subdag_operator' retrieved from /Library/Frameworks/Python.framework/Versions/3.11/lib/python3.11/site-packages/airflow/example_dags/example_subdag_operator.py
[2025-12-04T18:33:00.548+0500] {logging_mixin.py:188} INFO - [2025-12-04T18:33:00.548+0500] {dag.py:3089} INFO - Sync 3 DAGs
[2025-12-04T18:33:00.565+0500] {logging_mixin.py:188} INFO - [2025-12-04T18:33:00.564+0500] {dag.py:3947} INFO - Setting next_dagrun for example_subdag_operator to 2022-01-01 00:00:00+00:00, run_after=2022-01-01 00:00:00+00:00
[2025-12-04T18:33:00.568+0500] {logging_mixin.py:188} INFO - [2025-12-04T18:33:00.568+0500] {dag.py:3947} INFO - Setting next_dagrun for example_subdag_operator.section-1 to None, run_after=None
[2025-12-04T18:33:00.569+0500] {logging_mixin.py:188} INFO - [2025-12-04T18:33:00.569+0500] {dag.py:3947} INFO - Setting next_dagrun for example_subdag_operator.section-2 to None, run_after=None
[2025-12-04T18:33:00.575+0500] {logging_mixin.py:188} INFO - [2025-12-04T18:33:00.575+0500] {dag.py:3089} INFO - Sync 2 DAGs
[2025-12-04T18:33:00.579+0500] {logging_mixin.py:188} INFO - [2025-12-04T18:33:00.579+0500] {dag.py:3947} INFO - Setting next_dagrun for example_subdag_operator.section-1 to None, run_after=None
[2025-12-04T18:33:00.580+0500] {logging_mixin.py:188} INFO - [2025-12-04T18:33:00.580+0500] {dag.py:3947} INFO - Setting next_dagrun for example_subdag_operator.section-2 to None, run_after=None
[2025-12-04T18:33:00.595+0500] {processor.py:183} INFO - Processing /Library/Frameworks/Python.framework/Versions/3.11/lib/python3.11/site-packages/airflow/example_dags/example_subdag_operator.py took 0.236 seconds
[2025-12-04T18:35:15.519+0500] {processor.py:161} INFO - Started process (PID=12413) to work on /Library/Frameworks/Python.framework/Versions/3.11/lib/python3.11/site-packages/airflow/example_dags/example_subdag_operator.py
[2025-12-04T18:35:15.521+0500] {processor.py:830} INFO - Processing file /Library/Frameworks/Python.framework/Versions/3.11/lib/python3.11/site-packages/airflow/example_dags/example_subdag_operator.py for tasks to queue
[2025-12-04T18:35:15.522+0500] {logging_mixin.py:188} INFO - [2025-12-04T18:35:15.522+0500] {dagbag.py:545} INFO - Filling up the DagBag from /Library/Frameworks/Python.framework/Versions/3.11/lib/python3.11/site-packages/airflow/example_dags/example_subdag_operator.py
[2025-12-04T18:35:15.629+0500] {processor.py:840} INFO - DAG(s) 'example_subdag_operator.section-1', 'example_subdag_operator.section-2', 'example_subdag_operator' retrieved from /Library/Frameworks/Python.framework/Versions/3.11/lib/python3.11/site-packages/airflow/example_dags/example_subdag_operator.py
[2025-12-04T18:35:15.686+0500] {logging_mixin.py:188} INFO - [2025-12-04T18:35:15.685+0500] {dag.py:3089} INFO - Sync 3 DAGs
[2025-12-04T18:35:15.702+0500] {logging_mixin.py:188} INFO - [2025-12-04T18:35:15.701+0500] {dag.py:3947} INFO - Setting next_dagrun for example_subdag_operator to 2022-01-01 00:00:00+00:00, run_after=2022-01-01 00:00:00+00:00
[2025-12-04T18:35:15.705+0500] {logging_mixin.py:188} INFO - [2025-12-04T18:35:15.705+0500] {dag.py:3947} INFO - Setting next_dagrun for example_subdag_operator.section-1 to None, run_after=None
[2025-12-04T18:35:15.706+0500] {logging_mixin.py:188} INFO - [2025-12-04T18:35:15.706+0500] {dag.py:3947} INFO - Setting next_dagrun for example_subdag_operator.section-2 to None, run_after=None
[2025-12-04T18:35:15.711+0500] {logging_mixin.py:188} INFO - [2025-12-04T18:35:15.711+0500] {dag.py:3089} INFO - Sync 2 DAGs
[2025-12-04T18:35:15.715+0500] {logging_mixin.py:188} INFO - [2025-12-04T18:35:15.715+0500] {dag.py:3947} INFO - Setting next_dagrun for example_subdag_operator.section-1 to None, run_after=None
[2025-12-04T18:35:15.716+0500] {logging_mixin.py:188} INFO - [2025-12-04T18:35:15.715+0500] {dag.py:3947} INFO - Setting next_dagrun for example_subdag_operator.section-2 to None, run_after=None
[2025-12-04T18:35:15.730+0500] {processor.py:183} INFO - Processing /Library/Frameworks/Python.framework/Versions/3.11/lib/python3.11/site-packages/airflow/example_dags/example_subdag_operator.py took 0.213 seconds
[2025-12-04T18:37:15.003+0500] {processor.py:161} INFO - Started process (PID=12479) to work on /Library/Frameworks/Python.framework/Versions/3.11/lib/python3.11/site-packages/airflow/example_dags/example_subdag_operator.py
[2025-12-04T18:37:15.005+0500] {processor.py:830} INFO - Processing file /Library/Frameworks/Python.framework/Versions/3.11/lib/python3.11/site-packages/airflow/example_dags/example_subdag_operator.py for tasks to queue
[2025-12-04T18:37:15.006+0500] {logging_mixin.py:188} INFO - [2025-12-04T18:37:15.006+0500] {dagbag.py:545} INFO - Filling up the DagBag from /Library/Frameworks/Python.framework/Versions/3.11/lib/python3.11/site-packages/airflow/example_dags/example_subdag_operator.py
[2025-12-04T18:37:15.105+0500] {processor.py:840} INFO - DAG(s) 'example_subdag_operator.section-1', 'example_subdag_operator.section-2', 'example_subdag_operator' retrieved from /Library/Frameworks/Python.framework/Versions/3.11/lib/python3.11/site-packages/airflow/example_dags/example_subdag_operator.py
[2025-12-04T18:37:15.161+0500] {logging_mixin.py:188} INFO - [2025-12-04T18:37:15.161+0500] {dag.py:3089} INFO - Sync 3 DAGs
[2025-12-04T18:37:15.177+0500] {logging_mixin.py:188} INFO - [2025-12-04T18:37:15.177+0500] {dag.py:3947} INFO - Setting next_dagrun for example_subdag_operator to 2022-01-01 00:00:00+00:00, run_after=2022-01-01 00:00:00+00:00
[2025-12-04T18:37:15.180+0500] {logging_mixin.py:188} INFO - [2025-12-04T18:37:15.180+0500] {dag.py:3947} INFO - Setting next_dagrun for example_subdag_operator.section-1 to None, run_after=None
[2025-12-04T18:37:15.181+0500] {logging_mixin.py:188} INFO - [2025-12-04T18:37:15.181+0500] {dag.py:3947} INFO - Setting next_dagrun for example_subdag_operator.section-2 to None, run_after=None
[2025-12-04T18:37:15.187+0500] {logging_mixin.py:188} INFO - [2025-12-04T18:37:15.186+0500] {dag.py:3089} INFO - Sync 2 DAGs
[2025-12-04T18:37:15.190+0500] {logging_mixin.py:188} INFO - [2025-12-04T18:37:15.190+0500] {dag.py:3947} INFO - Setting next_dagrun for example_subdag_operator.section-1 to None, run_after=None
[2025-12-04T18:37:15.191+0500] {logging_mixin.py:188} INFO - [2025-12-04T18:37:15.191+0500] {dag.py:3947} INFO - Setting next_dagrun for example_subdag_operator.section-2 to None, run_after=None
[2025-12-04T18:37:15.205+0500] {processor.py:183} INFO - Processing /Library/Frameworks/Python.framework/Versions/3.11/lib/python3.11/site-packages/airflow/example_dags/example_subdag_operator.py took 0.205 seconds
[2025-12-04T18:39:06.495+0500] {processor.py:161} INFO - Started process (PID=12545) to work on /Library/Frameworks/Python.framework/Versions/3.11/lib/python3.11/site-packages/airflow/example_dags/example_subdag_operator.py
[2025-12-04T18:39:06.497+0500] {processor.py:830} INFO - Processing file /Library/Frameworks/Python.framework/Versions/3.11/lib/python3.11/site-packages/airflow/example_dags/example_subdag_operator.py for tasks to queue
[2025-12-04T18:39:06.498+0500] {logging_mixin.py:188} INFO - [2025-12-04T18:39:06.498+0500] {dagbag.py:545} INFO - Filling up the DagBag from /Library/Frameworks/Python.framework/Versions/3.11/lib/python3.11/site-packages/airflow/example_dags/example_subdag_operator.py
[2025-12-04T18:39:06.600+0500] {processor.py:840} INFO - DAG(s) 'example_subdag_operator.section-1', 'example_subdag_operator.section-2', 'example_subdag_operator' retrieved from /Library/Frameworks/Python.framework/Versions/3.11/lib/python3.11/site-packages/airflow/example_dags/example_subdag_operator.py
[2025-12-04T18:39:06.650+0500] {logging_mixin.py:188} INFO - [2025-12-04T18:39:06.650+0500] {dag.py:3089} INFO - Sync 3 DAGs
[2025-12-04T18:39:06.666+0500] {logging_mixin.py:188} INFO - [2025-12-04T18:39:06.666+0500] {dag.py:3947} INFO - Setting next_dagrun for example_subdag_operator to 2022-01-01 00:00:00+00:00, run_after=2022-01-01 00:00:00+00:00
[2025-12-04T18:39:06.670+0500] {logging_mixin.py:188} INFO - [2025-12-04T18:39:06.669+0500] {dag.py:3947} INFO - Setting next_dagrun for example_subdag_operator.section-1 to None, run_after=None
[2025-12-04T18:39:06.671+0500] {logging_mixin.py:188} INFO - [2025-12-04T18:39:06.670+0500] {dag.py:3947} INFO - Setting next_dagrun for example_subdag_operator.section-2 to None, run_after=None
[2025-12-04T18:39:06.676+0500] {logging_mixin.py:188} INFO - [2025-12-04T18:39:06.676+0500] {dag.py:3089} INFO - Sync 2 DAGs
[2025-12-04T18:39:06.680+0500] {logging_mixin.py:188} INFO - [2025-12-04T18:39:06.680+0500] {dag.py:3947} INFO - Setting next_dagrun for example_subdag_operator.section-1 to None, run_after=None
[2025-12-04T18:39:06.680+0500] {logging_mixin.py:188} INFO - [2025-12-04T18:39:06.680+0500] {dag.py:3947} INFO - Setting next_dagrun for example_subdag_operator.section-2 to None, run_after=None
[2025-12-04T18:39:06.695+0500] {processor.py:183} INFO - Processing /Library/Frameworks/Python.framework/Versions/3.11/lib/python3.11/site-packages/airflow/example_dags/example_subdag_operator.py took 0.202 seconds
[2025-12-04T18:41:08.767+0500] {processor.py:161} INFO - Started process (PID=12651) to work on /Library/Frameworks/Python.framework/Versions/3.11/lib/python3.11/site-packages/airflow/example_dags/example_subdag_operator.py
[2025-12-04T18:41:08.769+0500] {processor.py:830} INFO - Processing file /Library/Frameworks/Python.framework/Versions/3.11/lib/python3.11/site-packages/airflow/example_dags/example_subdag_operator.py for tasks to queue
[2025-12-04T18:41:08.770+0500] {logging_mixin.py:188} INFO - [2025-12-04T18:41:08.769+0500] {dagbag.py:545} INFO - Filling up the DagBag from /Library/Frameworks/Python.framework/Versions/3.11/lib/python3.11/site-packages/airflow/example_dags/example_subdag_operator.py
[2025-12-04T18:41:08.921+0500] {processor.py:840} INFO - DAG(s) 'example_subdag_operator.section-1', 'example_subdag_operator.section-2', 'example_subdag_operator' retrieved from /Library/Frameworks/Python.framework/Versions/3.11/lib/python3.11/site-packages/airflow/example_dags/example_subdag_operator.py
[2025-12-04T18:41:09.000+0500] {logging_mixin.py:188} INFO - [2025-12-04T18:41:09.000+0500] {dag.py:3089} INFO - Sync 3 DAGs
[2025-12-04T18:41:09.021+0500] {logging_mixin.py:188} INFO - [2025-12-04T18:41:09.021+0500] {dag.py:3947} INFO - Setting next_dagrun for example_subdag_operator to 2022-01-01 00:00:00+00:00, run_after=2022-01-01 00:00:00+00:00
[2025-12-04T18:41:09.034+0500] {logging_mixin.py:188} INFO - [2025-12-04T18:41:09.034+0500] {dag.py:3947} INFO - Setting next_dagrun for example_subdag_operator.section-1 to None, run_after=None
[2025-12-04T18:41:09.035+0500] {logging_mixin.py:188} INFO - [2025-12-04T18:41:09.035+0500] {dag.py:3947} INFO - Setting next_dagrun for example_subdag_operator.section-2 to None, run_after=None
[2025-12-04T18:41:09.044+0500] {logging_mixin.py:188} INFO - [2025-12-04T18:41:09.043+0500] {dag.py:3089} INFO - Sync 2 DAGs
[2025-12-04T18:41:09.054+0500] {logging_mixin.py:188} INFO - [2025-12-04T18:41:09.054+0500] {dag.py:3947} INFO - Setting next_dagrun for example_subdag_operator.section-1 to None, run_after=None
[2025-12-04T18:41:09.055+0500] {logging_mixin.py:188} INFO - [2025-12-04T18:41:09.055+0500] {dag.py:3947} INFO - Setting next_dagrun for example_subdag_operator.section-2 to None, run_after=None
[2025-12-04T18:41:09.080+0500] {processor.py:183} INFO - Processing /Library/Frameworks/Python.framework/Versions/3.11/lib/python3.11/site-packages/airflow/example_dags/example_subdag_operator.py took 0.316 seconds
[2025-12-04T18:43:22.047+0500] {processor.py:161} INFO - Started process (PID=12721) to work on /Library/Frameworks/Python.framework/Versions/3.11/lib/python3.11/site-packages/airflow/example_dags/example_subdag_operator.py
[2025-12-04T18:43:22.049+0500] {processor.py:830} INFO - Processing file /Library/Frameworks/Python.framework/Versions/3.11/lib/python3.11/site-packages/airflow/example_dags/example_subdag_operator.py for tasks to queue
[2025-12-04T18:43:22.050+0500] {logging_mixin.py:188} INFO - [2025-12-04T18:43:22.050+0500] {dagbag.py:545} INFO - Filling up the DagBag from /Library/Frameworks/Python.framework/Versions/3.11/lib/python3.11/site-packages/airflow/example_dags/example_subdag_operator.py
[2025-12-04T18:43:22.202+0500] {processor.py:840} INFO - DAG(s) 'example_subdag_operator.section-1', 'example_subdag_operator.section-2', 'example_subdag_operator' retrieved from /Library/Frameworks/Python.framework/Versions/3.11/lib/python3.11/site-packages/airflow/example_dags/example_subdag_operator.py
[2025-12-04T18:43:22.268+0500] {logging_mixin.py:188} INFO - [2025-12-04T18:43:22.267+0500] {dag.py:3089} INFO - Sync 3 DAGs
[2025-12-04T18:43:22.290+0500] {logging_mixin.py:188} INFO - [2025-12-04T18:43:22.290+0500] {dag.py:3947} INFO - Setting next_dagrun for example_subdag_operator to 2022-01-01 00:00:00+00:00, run_after=2022-01-01 00:00:00+00:00
[2025-12-04T18:43:22.295+0500] {logging_mixin.py:188} INFO - [2025-12-04T18:43:22.295+0500] {dag.py:3947} INFO - Setting next_dagrun for example_subdag_operator.section-1 to None, run_after=None
[2025-12-04T18:43:22.296+0500] {logging_mixin.py:188} INFO - [2025-12-04T18:43:22.296+0500] {dag.py:3947} INFO - Setting next_dagrun for example_subdag_operator.section-2 to None, run_after=None
[2025-12-04T18:43:22.302+0500] {logging_mixin.py:188} INFO - [2025-12-04T18:43:22.301+0500] {dag.py:3089} INFO - Sync 2 DAGs
[2025-12-04T18:43:22.307+0500] {logging_mixin.py:188} INFO - [2025-12-04T18:43:22.307+0500] {dag.py:3947} INFO - Setting next_dagrun for example_subdag_operator.section-1 to None, run_after=None
[2025-12-04T18:43:22.307+0500] {logging_mixin.py:188} INFO - [2025-12-04T18:43:22.307+0500] {dag.py:3947} INFO - Setting next_dagrun for example_subdag_operator.section-2 to None, run_after=None
[2025-12-04T18:43:22.322+0500] {processor.py:183} INFO - Processing /Library/Frameworks/Python.framework/Versions/3.11/lib/python3.11/site-packages/airflow/example_dags/example_subdag_operator.py took 0.277 seconds
[2025-12-04T18:45:27.952+0500] {processor.py:161} INFO - Started process (PID=12808) to work on /Library/Frameworks/Python.framework/Versions/3.11/lib/python3.11/site-packages/airflow/example_dags/example_subdag_operator.py
[2025-12-04T18:45:27.954+0500] {processor.py:830} INFO - Processing file /Library/Frameworks/Python.framework/Versions/3.11/lib/python3.11/site-packages/airflow/example_dags/example_subdag_operator.py for tasks to queue
[2025-12-04T18:45:27.955+0500] {logging_mixin.py:188} INFO - [2025-12-04T18:45:27.955+0500] {dagbag.py:545} INFO - Filling up the DagBag from /Library/Frameworks/Python.framework/Versions/3.11/lib/python3.11/site-packages/airflow/example_dags/example_subdag_operator.py
[2025-12-04T18:45:28.059+0500] {processor.py:840} INFO - DAG(s) 'example_subdag_operator.section-1', 'example_subdag_operator.section-2', 'example_subdag_operator' retrieved from /Library/Frameworks/Python.framework/Versions/3.11/lib/python3.11/site-packages/airflow/example_dags/example_subdag_operator.py
[2025-12-04T18:45:28.109+0500] {logging_mixin.py:188} INFO - [2025-12-04T18:45:28.108+0500] {dag.py:3089} INFO - Sync 3 DAGs
[2025-12-04T18:45:28.124+0500] {logging_mixin.py:188} INFO - [2025-12-04T18:45:28.124+0500] {dag.py:3947} INFO - Setting next_dagrun for example_subdag_operator to 2022-01-01 00:00:00+00:00, run_after=2022-01-01 00:00:00+00:00
[2025-12-04T18:45:28.128+0500] {logging_mixin.py:188} INFO - [2025-12-04T18:45:28.127+0500] {dag.py:3947} INFO - Setting next_dagrun for example_subdag_operator.section-1 to None, run_after=None
[2025-12-04T18:45:28.129+0500] {logging_mixin.py:188} INFO - [2025-12-04T18:45:28.128+0500] {dag.py:3947} INFO - Setting next_dagrun for example_subdag_operator.section-2 to None, run_after=None
[2025-12-04T18:45:28.134+0500] {logging_mixin.py:188} INFO - [2025-12-04T18:45:28.134+0500] {dag.py:3089} INFO - Sync 2 DAGs
[2025-12-04T18:45:28.138+0500] {logging_mixin.py:188} INFO - [2025-12-04T18:45:28.138+0500] {dag.py:3947} INFO - Setting next_dagrun for example_subdag_operator.section-1 to None, run_after=None
[2025-12-04T18:45:28.138+0500] {logging_mixin.py:188} INFO - [2025-12-04T18:45:28.138+0500] {dag.py:3947} INFO - Setting next_dagrun for example_subdag_operator.section-2 to None, run_after=None
[2025-12-04T18:45:28.153+0500] {processor.py:183} INFO - Processing /Library/Frameworks/Python.framework/Versions/3.11/lib/python3.11/site-packages/airflow/example_dags/example_subdag_operator.py took 0.204 seconds
[2025-12-04T18:47:27.554+0500] {processor.py:161} INFO - Started process (PID=12891) to work on /Library/Frameworks/Python.framework/Versions/3.11/lib/python3.11/site-packages/airflow/example_dags/example_subdag_operator.py
[2025-12-04T18:47:27.556+0500] {processor.py:830} INFO - Processing file /Library/Frameworks/Python.framework/Versions/3.11/lib/python3.11/site-packages/airflow/example_dags/example_subdag_operator.py for tasks to queue
[2025-12-04T18:47:27.557+0500] {logging_mixin.py:188} INFO - [2025-12-04T18:47:27.557+0500] {dagbag.py:545} INFO - Filling up the DagBag from /Library/Frameworks/Python.framework/Versions/3.11/lib/python3.11/site-packages/airflow/example_dags/example_subdag_operator.py
[2025-12-04T18:47:27.666+0500] {processor.py:840} INFO - DAG(s) 'example_subdag_operator.section-1', 'example_subdag_operator.section-2', 'example_subdag_operator' retrieved from /Library/Frameworks/Python.framework/Versions/3.11/lib/python3.11/site-packages/airflow/example_dags/example_subdag_operator.py
[2025-12-04T18:47:27.724+0500] {logging_mixin.py:188} INFO - [2025-12-04T18:47:27.724+0500] {dag.py:3089} INFO - Sync 3 DAGs
[2025-12-04T18:47:27.744+0500] {logging_mixin.py:188} INFO - [2025-12-04T18:47:27.743+0500] {dag.py:3947} INFO - Setting next_dagrun for example_subdag_operator to 2022-01-01 00:00:00+00:00, run_after=2022-01-01 00:00:00+00:00
[2025-12-04T18:47:27.749+0500] {logging_mixin.py:188} INFO - [2025-12-04T18:47:27.748+0500] {dag.py:3947} INFO - Setting next_dagrun for example_subdag_operator.section-1 to None, run_after=None
[2025-12-04T18:47:27.750+0500] {logging_mixin.py:188} INFO - [2025-12-04T18:47:27.750+0500] {dag.py:3947} INFO - Setting next_dagrun for example_subdag_operator.section-2 to None, run_after=None
[2025-12-04T18:47:27.756+0500] {logging_mixin.py:188} INFO - [2025-12-04T18:47:27.755+0500] {dag.py:3089} INFO - Sync 2 DAGs
[2025-12-04T18:47:27.760+0500] {logging_mixin.py:188} INFO - [2025-12-04T18:47:27.759+0500] {dag.py:3947} INFO - Setting next_dagrun for example_subdag_operator.section-1 to None, run_after=None
[2025-12-04T18:47:27.763+0500] {logging_mixin.py:188} INFO - [2025-12-04T18:47:27.763+0500] {dag.py:3947} INFO - Setting next_dagrun for example_subdag_operator.section-2 to None, run_after=None
[2025-12-04T18:47:27.779+0500] {processor.py:183} INFO - Processing /Library/Frameworks/Python.framework/Versions/3.11/lib/python3.11/site-packages/airflow/example_dags/example_subdag_operator.py took 0.228 seconds
[2025-12-04T18:49:35.034+0500] {processor.py:161} INFO - Started process (PID=12960) to work on /Library/Frameworks/Python.framework/Versions/3.11/lib/python3.11/site-packages/airflow/example_dags/example_subdag_operator.py
[2025-12-04T18:49:35.037+0500] {processor.py:830} INFO - Processing file /Library/Frameworks/Python.framework/Versions/3.11/lib/python3.11/site-packages/airflow/example_dags/example_subdag_operator.py for tasks to queue
[2025-12-04T18:49:35.037+0500] {logging_mixin.py:188} INFO - [2025-12-04T18:49:35.037+0500] {dagbag.py:545} INFO - Filling up the DagBag from /Library/Frameworks/Python.framework/Versions/3.11/lib/python3.11/site-packages/airflow/example_dags/example_subdag_operator.py
[2025-12-04T18:49:35.154+0500] {processor.py:840} INFO - DAG(s) 'example_subdag_operator.section-1', 'example_subdag_operator.section-2', 'example_subdag_operator' retrieved from /Library/Frameworks/Python.framework/Versions/3.11/lib/python3.11/site-packages/airflow/example_dags/example_subdag_operator.py
[2025-12-04T18:49:35.213+0500] {logging_mixin.py:188} INFO - [2025-12-04T18:49:35.212+0500] {dag.py:3089} INFO - Sync 3 DAGs
[2025-12-04T18:49:35.229+0500] {logging_mixin.py:188} INFO - [2025-12-04T18:49:35.228+0500] {dag.py:3947} INFO - Setting next_dagrun for example_subdag_operator to 2022-01-01 00:00:00+00:00, run_after=2022-01-01 00:00:00+00:00
[2025-12-04T18:49:35.232+0500] {logging_mixin.py:188} INFO - [2025-12-04T18:49:35.232+0500] {dag.py:3947} INFO - Setting next_dagrun for example_subdag_operator.section-1 to None, run_after=None
[2025-12-04T18:49:35.233+0500] {logging_mixin.py:188} INFO - [2025-12-04T18:49:35.233+0500] {dag.py:3947} INFO - Setting next_dagrun for example_subdag_operator.section-2 to None, run_after=None
[2025-12-04T18:49:35.238+0500] {logging_mixin.py:188} INFO - [2025-12-04T18:49:35.238+0500] {dag.py:3089} INFO - Sync 2 DAGs
[2025-12-04T18:49:35.243+0500] {logging_mixin.py:188} INFO - [2025-12-04T18:49:35.242+0500] {dag.py:3947} INFO - Setting next_dagrun for example_subdag_operator.section-1 to None, run_after=None
[2025-12-04T18:49:35.243+0500] {logging_mixin.py:188} INFO - [2025-12-04T18:49:35.243+0500] {dag.py:3947} INFO - Setting next_dagrun for example_subdag_operator.section-2 to None, run_after=None
[2025-12-04T18:49:35.257+0500] {processor.py:183} INFO - Processing /Library/Frameworks/Python.framework/Versions/3.11/lib/python3.11/site-packages/airflow/example_dags/example_subdag_operator.py took 0.226 seconds
[2025-12-04T18:51:56.425+0500] {processor.py:161} INFO - Started process (PID=13051) to work on /Library/Frameworks/Python.framework/Versions/3.11/lib/python3.11/site-packages/airflow/example_dags/example_subdag_operator.py
[2025-12-04T18:51:56.427+0500] {processor.py:830} INFO - Processing file /Library/Frameworks/Python.framework/Versions/3.11/lib/python3.11/site-packages/airflow/example_dags/example_subdag_operator.py for tasks to queue
[2025-12-04T18:51:56.428+0500] {logging_mixin.py:188} INFO - [2025-12-04T18:51:56.427+0500] {dagbag.py:545} INFO - Filling up the DagBag from /Library/Frameworks/Python.framework/Versions/3.11/lib/python3.11/site-packages/airflow/example_dags/example_subdag_operator.py
[2025-12-04T18:51:56.541+0500] {processor.py:840} INFO - DAG(s) 'example_subdag_operator.section-1', 'example_subdag_operator.section-2', 'example_subdag_operator' retrieved from /Library/Frameworks/Python.framework/Versions/3.11/lib/python3.11/site-packages/airflow/example_dags/example_subdag_operator.py
[2025-12-04T18:51:56.597+0500] {logging_mixin.py:188} INFO - [2025-12-04T18:51:56.596+0500] {dag.py:3089} INFO - Sync 3 DAGs
[2025-12-04T18:51:56.614+0500] {logging_mixin.py:188} INFO - [2025-12-04T18:51:56.614+0500] {dag.py:3947} INFO - Setting next_dagrun for example_subdag_operator to 2022-01-01 00:00:00+00:00, run_after=2022-01-01 00:00:00+00:00
[2025-12-04T18:51:56.618+0500] {logging_mixin.py:188} INFO - [2025-12-04T18:51:56.618+0500] {dag.py:3947} INFO - Setting next_dagrun for example_subdag_operator.section-1 to None, run_after=None
[2025-12-04T18:51:56.619+0500] {logging_mixin.py:188} INFO - [2025-12-04T18:51:56.619+0500] {dag.py:3947} INFO - Setting next_dagrun for example_subdag_operator.section-2 to None, run_after=None
[2025-12-04T18:51:56.626+0500] {logging_mixin.py:188} INFO - [2025-12-04T18:51:56.625+0500] {dag.py:3089} INFO - Sync 2 DAGs
[2025-12-04T18:51:56.630+0500] {logging_mixin.py:188} INFO - [2025-12-04T18:51:56.629+0500] {dag.py:3947} INFO - Setting next_dagrun for example_subdag_operator.section-1 to None, run_after=None
[2025-12-04T18:51:56.630+0500] {logging_mixin.py:188} INFO - [2025-12-04T18:51:56.630+0500] {dag.py:3947} INFO - Setting next_dagrun for example_subdag_operator.section-2 to None, run_after=None
[2025-12-04T18:51:56.645+0500] {processor.py:183} INFO - Processing /Library/Frameworks/Python.framework/Versions/3.11/lib/python3.11/site-packages/airflow/example_dags/example_subdag_operator.py took 0.223 seconds
[2025-12-04T18:54:06.649+0500] {processor.py:161} INFO - Started process (PID=13132) to work on /Library/Frameworks/Python.framework/Versions/3.11/lib/python3.11/site-packages/airflow/example_dags/example_subdag_operator.py
[2025-12-04T18:54:06.652+0500] {processor.py:830} INFO - Processing file /Library/Frameworks/Python.framework/Versions/3.11/lib/python3.11/site-packages/airflow/example_dags/example_subdag_operator.py for tasks to queue
[2025-12-04T18:54:06.653+0500] {logging_mixin.py:188} INFO - [2025-12-04T18:54:06.652+0500] {dagbag.py:545} INFO - Filling up the DagBag from /Library/Frameworks/Python.framework/Versions/3.11/lib/python3.11/site-packages/airflow/example_dags/example_subdag_operator.py
[2025-12-04T18:54:06.748+0500] {processor.py:840} INFO - DAG(s) 'example_subdag_operator.section-1', 'example_subdag_operator.section-2', 'example_subdag_operator' retrieved from /Library/Frameworks/Python.framework/Versions/3.11/lib/python3.11/site-packages/airflow/example_dags/example_subdag_operator.py
[2025-12-04T18:54:06.807+0500] {logging_mixin.py:188} INFO - [2025-12-04T18:54:06.807+0500] {dag.py:3089} INFO - Sync 3 DAGs
[2025-12-04T18:54:06.823+0500] {logging_mixin.py:188} INFO - [2025-12-04T18:54:06.823+0500] {dag.py:3947} INFO - Setting next_dagrun for example_subdag_operator to 2022-01-01 00:00:00+00:00, run_after=2022-01-01 00:00:00+00:00
[2025-12-04T18:54:06.827+0500] {logging_mixin.py:188} INFO - [2025-12-04T18:54:06.826+0500] {dag.py:3947} INFO - Setting next_dagrun for example_subdag_operator.section-1 to None, run_after=None
[2025-12-04T18:54:06.828+0500] {logging_mixin.py:188} INFO - [2025-12-04T18:54:06.827+0500] {dag.py:3947} INFO - Setting next_dagrun for example_subdag_operator.section-2 to None, run_after=None
[2025-12-04T18:54:06.833+0500] {logging_mixin.py:188} INFO - [2025-12-04T18:54:06.833+0500] {dag.py:3089} INFO - Sync 2 DAGs
[2025-12-04T18:54:06.837+0500] {logging_mixin.py:188} INFO - [2025-12-04T18:54:06.837+0500] {dag.py:3947} INFO - Setting next_dagrun for example_subdag_operator.section-1 to None, run_after=None
[2025-12-04T18:54:06.838+0500] {logging_mixin.py:188} INFO - [2025-12-04T18:54:06.838+0500] {dag.py:3947} INFO - Setting next_dagrun for example_subdag_operator.section-2 to None, run_after=None
[2025-12-04T18:54:06.853+0500] {processor.py:183} INFO - Processing /Library/Frameworks/Python.framework/Versions/3.11/lib/python3.11/site-packages/airflow/example_dags/example_subdag_operator.py took 0.206 seconds
[2025-12-04T19:33:33.764+0500] {processor.py:161} INFO - Started process (PID=14564) to work on /Library/Frameworks/Python.framework/Versions/3.11/lib/python3.11/site-packages/airflow/example_dags/example_subdag_operator.py
[2025-12-04T19:33:33.766+0500] {processor.py:830} INFO - Processing file /Library/Frameworks/Python.framework/Versions/3.11/lib/python3.11/site-packages/airflow/example_dags/example_subdag_operator.py for tasks to queue
[2025-12-04T19:33:33.767+0500] {logging_mixin.py:188} INFO - [2025-12-04T19:33:33.766+0500] {dagbag.py:545} INFO - Filling up the DagBag from /Library/Frameworks/Python.framework/Versions/3.11/lib/python3.11/site-packages/airflow/example_dags/example_subdag_operator.py
[2025-12-04T19:33:33.871+0500] {processor.py:840} INFO - DAG(s) 'example_subdag_operator.section-1', 'example_subdag_operator.section-2', 'example_subdag_operator' retrieved from /Library/Frameworks/Python.framework/Versions/3.11/lib/python3.11/site-packages/airflow/example_dags/example_subdag_operator.py
[2025-12-04T19:33:33.930+0500] {logging_mixin.py:188} INFO - [2025-12-04T19:33:33.929+0500] {dag.py:3089} INFO - Sync 3 DAGs
[2025-12-04T19:33:33.946+0500] {logging_mixin.py:188} INFO - [2025-12-04T19:33:33.946+0500] {dag.py:3947} INFO - Setting next_dagrun for example_subdag_operator to 2022-01-01 00:00:00+00:00, run_after=2022-01-01 00:00:00+00:00
[2025-12-04T19:33:33.949+0500] {logging_mixin.py:188} INFO - [2025-12-04T19:33:33.949+0500] {dag.py:3947} INFO - Setting next_dagrun for example_subdag_operator.section-1 to None, run_after=None
[2025-12-04T19:33:33.950+0500] {logging_mixin.py:188} INFO - [2025-12-04T19:33:33.950+0500] {dag.py:3947} INFO - Setting next_dagrun for example_subdag_operator.section-2 to None, run_after=None
[2025-12-04T19:33:33.957+0500] {logging_mixin.py:188} INFO - [2025-12-04T19:33:33.957+0500] {dag.py:3089} INFO - Sync 2 DAGs
[2025-12-04T19:33:33.961+0500] {logging_mixin.py:188} INFO - [2025-12-04T19:33:33.961+0500] {dag.py:3947} INFO - Setting next_dagrun for example_subdag_operator.section-1 to None, run_after=None
[2025-12-04T19:33:33.961+0500] {logging_mixin.py:188} INFO - [2025-12-04T19:33:33.961+0500] {dag.py:3947} INFO - Setting next_dagrun for example_subdag_operator.section-2 to None, run_after=None
[2025-12-04T19:33:33.976+0500] {processor.py:183} INFO - Processing /Library/Frameworks/Python.framework/Versions/3.11/lib/python3.11/site-packages/airflow/example_dags/example_subdag_operator.py took 0.216 seconds
[2025-12-04T19:36:37.882+0500] {processor.py:161} INFO - Started process (PID=14712) to work on /Library/Frameworks/Python.framework/Versions/3.11/lib/python3.11/site-packages/airflow/example_dags/example_subdag_operator.py
[2025-12-04T19:36:37.884+0500] {processor.py:830} INFO - Processing file /Library/Frameworks/Python.framework/Versions/3.11/lib/python3.11/site-packages/airflow/example_dags/example_subdag_operator.py for tasks to queue
[2025-12-04T19:36:37.885+0500] {logging_mixin.py:188} INFO - [2025-12-04T19:36:37.885+0500] {dagbag.py:545} INFO - Filling up the DagBag from /Library/Frameworks/Python.framework/Versions/3.11/lib/python3.11/site-packages/airflow/example_dags/example_subdag_operator.py
[2025-12-04T19:36:37.990+0500] {processor.py:840} INFO - DAG(s) 'example_subdag_operator.section-1', 'example_subdag_operator.section-2', 'example_subdag_operator' retrieved from /Library/Frameworks/Python.framework/Versions/3.11/lib/python3.11/site-packages/airflow/example_dags/example_subdag_operator.py
[2025-12-04T19:36:38.045+0500] {logging_mixin.py:188} INFO - [2025-12-04T19:36:38.045+0500] {dag.py:3089} INFO - Sync 3 DAGs
[2025-12-04T19:36:38.062+0500] {logging_mixin.py:188} INFO - [2025-12-04T19:36:38.061+0500] {dag.py:3947} INFO - Setting next_dagrun for example_subdag_operator to 2022-01-01 00:00:00+00:00, run_after=2022-01-01 00:00:00+00:00
[2025-12-04T19:36:38.065+0500] {logging_mixin.py:188} INFO - [2025-12-04T19:36:38.065+0500] {dag.py:3947} INFO - Setting next_dagrun for example_subdag_operator.section-1 to None, run_after=None
[2025-12-04T19:36:38.066+0500] {logging_mixin.py:188} INFO - [2025-12-04T19:36:38.066+0500] {dag.py:3947} INFO - Setting next_dagrun for example_subdag_operator.section-2 to None, run_after=None
[2025-12-04T19:36:38.072+0500] {logging_mixin.py:188} INFO - [2025-12-04T19:36:38.072+0500] {dag.py:3089} INFO - Sync 2 DAGs
[2025-12-04T19:36:38.076+0500] {logging_mixin.py:188} INFO - [2025-12-04T19:36:38.076+0500] {dag.py:3947} INFO - Setting next_dagrun for example_subdag_operator.section-1 to None, run_after=None
[2025-12-04T19:36:38.076+0500] {logging_mixin.py:188} INFO - [2025-12-04T19:36:38.076+0500] {dag.py:3947} INFO - Setting next_dagrun for example_subdag_operator.section-2 to None, run_after=None
[2025-12-04T19:36:38.091+0500] {processor.py:183} INFO - Processing /Library/Frameworks/Python.framework/Versions/3.11/lib/python3.11/site-packages/airflow/example_dags/example_subdag_operator.py took 0.212 seconds
[2025-12-04T19:38:44.025+0500] {processor.py:161} INFO - Started process (PID=14782) to work on /Library/Frameworks/Python.framework/Versions/3.11/lib/python3.11/site-packages/airflow/example_dags/example_subdag_operator.py
[2025-12-04T19:38:44.026+0500] {processor.py:830} INFO - Processing file /Library/Frameworks/Python.framework/Versions/3.11/lib/python3.11/site-packages/airflow/example_dags/example_subdag_operator.py for tasks to queue
[2025-12-04T19:38:44.026+0500] {logging_mixin.py:188} INFO - [2025-12-04T19:38:44.026+0500] {dagbag.py:545} INFO - Filling up the DagBag from /Library/Frameworks/Python.framework/Versions/3.11/lib/python3.11/site-packages/airflow/example_dags/example_subdag_operator.py
[2025-12-04T19:38:44.120+0500] {processor.py:840} INFO - DAG(s) 'example_subdag_operator.section-1', 'example_subdag_operator.section-2', 'example_subdag_operator' retrieved from /Library/Frameworks/Python.framework/Versions/3.11/lib/python3.11/site-packages/airflow/example_dags/example_subdag_operator.py
[2025-12-04T19:38:44.170+0500] {logging_mixin.py:188} INFO - [2025-12-04T19:38:44.169+0500] {dag.py:3089} INFO - Sync 3 DAGs
[2025-12-04T19:38:44.187+0500] {logging_mixin.py:188} INFO - [2025-12-04T19:38:44.186+0500] {dag.py:3947} INFO - Setting next_dagrun for example_subdag_operator to 2022-01-01 00:00:00+00:00, run_after=2022-01-01 00:00:00+00:00
[2025-12-04T19:38:44.190+0500] {logging_mixin.py:188} INFO - [2025-12-04T19:38:44.190+0500] {dag.py:3947} INFO - Setting next_dagrun for example_subdag_operator.section-1 to None, run_after=None
[2025-12-04T19:38:44.191+0500] {logging_mixin.py:188} INFO - [2025-12-04T19:38:44.191+0500] {dag.py:3947} INFO - Setting next_dagrun for example_subdag_operator.section-2 to None, run_after=None
[2025-12-04T19:38:44.197+0500] {logging_mixin.py:188} INFO - [2025-12-04T19:38:44.197+0500] {dag.py:3089} INFO - Sync 2 DAGs
[2025-12-04T19:38:44.201+0500] {logging_mixin.py:188} INFO - [2025-12-04T19:38:44.201+0500] {dag.py:3947} INFO - Setting next_dagrun for example_subdag_operator.section-1 to None, run_after=None
[2025-12-04T19:38:44.201+0500] {logging_mixin.py:188} INFO - [2025-12-04T19:38:44.201+0500] {dag.py:3947} INFO - Setting next_dagrun for example_subdag_operator.section-2 to None, run_after=None
[2025-12-04T19:38:44.215+0500] {processor.py:183} INFO - Processing /Library/Frameworks/Python.framework/Versions/3.11/lib/python3.11/site-packages/airflow/example_dags/example_subdag_operator.py took 0.194 seconds
[2025-12-04T19:40:56.488+0500] {processor.py:161} INFO - Started process (PID=14873) to work on /Library/Frameworks/Python.framework/Versions/3.11/lib/python3.11/site-packages/airflow/example_dags/example_subdag_operator.py
[2025-12-04T19:40:56.491+0500] {processor.py:830} INFO - Processing file /Library/Frameworks/Python.framework/Versions/3.11/lib/python3.11/site-packages/airflow/example_dags/example_subdag_operator.py for tasks to queue
[2025-12-04T19:40:56.492+0500] {logging_mixin.py:188} INFO - [2025-12-04T19:40:56.492+0500] {dagbag.py:545} INFO - Filling up the DagBag from /Library/Frameworks/Python.framework/Versions/3.11/lib/python3.11/site-packages/airflow/example_dags/example_subdag_operator.py
[2025-12-04T19:40:56.643+0500] {processor.py:840} INFO - DAG(s) 'example_subdag_operator.section-1', 'example_subdag_operator.section-2', 'example_subdag_operator' retrieved from /Library/Frameworks/Python.framework/Versions/3.11/lib/python3.11/site-packages/airflow/example_dags/example_subdag_operator.py
[2025-12-04T19:40:56.718+0500] {logging_mixin.py:188} INFO - [2025-12-04T19:40:56.717+0500] {dag.py:3089} INFO - Sync 3 DAGs
[2025-12-04T19:40:56.741+0500] {logging_mixin.py:188} INFO - [2025-12-04T19:40:56.741+0500] {dag.py:3947} INFO - Setting next_dagrun for example_subdag_operator to 2022-01-01 00:00:00+00:00, run_after=2022-01-01 00:00:00+00:00
[2025-12-04T19:40:56.745+0500] {logging_mixin.py:188} INFO - [2025-12-04T19:40:56.745+0500] {dag.py:3947} INFO - Setting next_dagrun for example_subdag_operator.section-1 to None, run_after=None
[2025-12-04T19:40:56.747+0500] {logging_mixin.py:188} INFO - [2025-12-04T19:40:56.747+0500] {dag.py:3947} INFO - Setting next_dagrun for example_subdag_operator.section-2 to None, run_after=None
[2025-12-04T19:40:56.755+0500] {logging_mixin.py:188} INFO - [2025-12-04T19:40:56.755+0500] {dag.py:3089} INFO - Sync 2 DAGs
[2025-12-04T19:40:56.760+0500] {logging_mixin.py:188} INFO - [2025-12-04T19:40:56.760+0500] {dag.py:3947} INFO - Setting next_dagrun for example_subdag_operator.section-1 to None, run_after=None
[2025-12-04T19:40:56.761+0500] {logging_mixin.py:188} INFO - [2025-12-04T19:40:56.760+0500] {dag.py:3947} INFO - Setting next_dagrun for example_subdag_operator.section-2 to None, run_after=None
[2025-12-04T19:40:56.783+0500] {processor.py:183} INFO - Processing /Library/Frameworks/Python.framework/Versions/3.11/lib/python3.11/site-packages/airflow/example_dags/example_subdag_operator.py took 0.299 seconds
[2025-12-04T19:43:08.112+0500] {processor.py:161} INFO - Started process (PID=14945) to work on /Library/Frameworks/Python.framework/Versions/3.11/lib/python3.11/site-packages/airflow/example_dags/example_subdag_operator.py
[2025-12-04T19:43:08.115+0500] {processor.py:830} INFO - Processing file /Library/Frameworks/Python.framework/Versions/3.11/lib/python3.11/site-packages/airflow/example_dags/example_subdag_operator.py for tasks to queue
[2025-12-04T19:43:08.116+0500] {logging_mixin.py:188} INFO - [2025-12-04T19:43:08.115+0500] {dagbag.py:545} INFO - Filling up the DagBag from /Library/Frameworks/Python.framework/Versions/3.11/lib/python3.11/site-packages/airflow/example_dags/example_subdag_operator.py
[2025-12-04T19:43:08.286+0500] {processor.py:840} INFO - DAG(s) 'example_subdag_operator.section-1', 'example_subdag_operator.section-2', 'example_subdag_operator' retrieved from /Library/Frameworks/Python.framework/Versions/3.11/lib/python3.11/site-packages/airflow/example_dags/example_subdag_operator.py
[2025-12-04T19:43:08.377+0500] {logging_mixin.py:188} INFO - [2025-12-04T19:43:08.376+0500] {dag.py:3089} INFO - Sync 3 DAGs
[2025-12-04T19:43:08.400+0500] {logging_mixin.py:188} INFO - [2025-12-04T19:43:08.400+0500] {dag.py:3947} INFO - Setting next_dagrun for example_subdag_operator to 2022-01-01 00:00:00+00:00, run_after=2022-01-01 00:00:00+00:00
[2025-12-04T19:43:08.403+0500] {logging_mixin.py:188} INFO - [2025-12-04T19:43:08.403+0500] {dag.py:3947} INFO - Setting next_dagrun for example_subdag_operator.section-1 to None, run_after=None
[2025-12-04T19:43:08.407+0500] {logging_mixin.py:188} INFO - [2025-12-04T19:43:08.406+0500] {dag.py:3947} INFO - Setting next_dagrun for example_subdag_operator.section-2 to None, run_after=None
[2025-12-04T19:43:08.414+0500] {logging_mixin.py:188} INFO - [2025-12-04T19:43:08.413+0500] {dag.py:3089} INFO - Sync 2 DAGs
[2025-12-04T19:43:08.418+0500] {logging_mixin.py:188} INFO - [2025-12-04T19:43:08.418+0500] {dag.py:3947} INFO - Setting next_dagrun for example_subdag_operator.section-1 to None, run_after=None
[2025-12-04T19:43:08.419+0500] {logging_mixin.py:188} INFO - [2025-12-04T19:43:08.419+0500] {dag.py:3947} INFO - Setting next_dagrun for example_subdag_operator.section-2 to None, run_after=None
[2025-12-04T19:43:08.446+0500] {processor.py:183} INFO - Processing /Library/Frameworks/Python.framework/Versions/3.11/lib/python3.11/site-packages/airflow/example_dags/example_subdag_operator.py took 0.347 seconds
[2025-12-04T19:45:31.863+0500] {processor.py:161} INFO - Started process (PID=15022) to work on /Library/Frameworks/Python.framework/Versions/3.11/lib/python3.11/site-packages/airflow/example_dags/example_subdag_operator.py
[2025-12-04T19:45:31.865+0500] {processor.py:830} INFO - Processing file /Library/Frameworks/Python.framework/Versions/3.11/lib/python3.11/site-packages/airflow/example_dags/example_subdag_operator.py for tasks to queue
[2025-12-04T19:45:31.866+0500] {logging_mixin.py:188} INFO - [2025-12-04T19:45:31.866+0500] {dagbag.py:545} INFO - Filling up the DagBag from /Library/Frameworks/Python.framework/Versions/3.11/lib/python3.11/site-packages/airflow/example_dags/example_subdag_operator.py
[2025-12-04T19:45:31.979+0500] {processor.py:840} INFO - DAG(s) 'example_subdag_operator.section-1', 'example_subdag_operator.section-2', 'example_subdag_operator' retrieved from /Library/Frameworks/Python.framework/Versions/3.11/lib/python3.11/site-packages/airflow/example_dags/example_subdag_operator.py
[2025-12-04T19:45:32.034+0500] {logging_mixin.py:188} INFO - [2025-12-04T19:45:32.033+0500] {dag.py:3089} INFO - Sync 3 DAGs
[2025-12-04T19:45:32.051+0500] {logging_mixin.py:188} INFO - [2025-12-04T19:45:32.050+0500] {dag.py:3947} INFO - Setting next_dagrun for example_subdag_operator to 2022-01-01 00:00:00+00:00, run_after=2022-01-01 00:00:00+00:00
[2025-12-04T19:45:32.054+0500] {logging_mixin.py:188} INFO - [2025-12-04T19:45:32.054+0500] {dag.py:3947} INFO - Setting next_dagrun for example_subdag_operator.section-1 to None, run_after=None
[2025-12-04T19:45:32.055+0500] {logging_mixin.py:188} INFO - [2025-12-04T19:45:32.055+0500] {dag.py:3947} INFO - Setting next_dagrun for example_subdag_operator.section-2 to None, run_after=None
[2025-12-04T19:45:32.061+0500] {logging_mixin.py:188} INFO - [2025-12-04T19:45:32.061+0500] {dag.py:3089} INFO - Sync 2 DAGs
[2025-12-04T19:45:32.065+0500] {logging_mixin.py:188} INFO - [2025-12-04T19:45:32.065+0500] {dag.py:3947} INFO - Setting next_dagrun for example_subdag_operator.section-1 to None, run_after=None
[2025-12-04T19:45:32.066+0500] {logging_mixin.py:188} INFO - [2025-12-04T19:45:32.065+0500] {dag.py:3947} INFO - Setting next_dagrun for example_subdag_operator.section-2 to None, run_after=None
[2025-12-04T19:45:32.081+0500] {processor.py:183} INFO - Processing /Library/Frameworks/Python.framework/Versions/3.11/lib/python3.11/site-packages/airflow/example_dags/example_subdag_operator.py took 0.221 seconds
[2025-12-04T19:47:56.898+0500] {processor.py:161} INFO - Started process (PID=15119) to work on /Library/Frameworks/Python.framework/Versions/3.11/lib/python3.11/site-packages/airflow/example_dags/example_subdag_operator.py
[2025-12-04T19:47:56.900+0500] {processor.py:830} INFO - Processing file /Library/Frameworks/Python.framework/Versions/3.11/lib/python3.11/site-packages/airflow/example_dags/example_subdag_operator.py for tasks to queue
[2025-12-04T19:47:56.901+0500] {logging_mixin.py:188} INFO - [2025-12-04T19:47:56.901+0500] {dagbag.py:545} INFO - Filling up the DagBag from /Library/Frameworks/Python.framework/Versions/3.11/lib/python3.11/site-packages/airflow/example_dags/example_subdag_operator.py
[2025-12-04T19:47:57.010+0500] {processor.py:840} INFO - DAG(s) 'example_subdag_operator.section-1', 'example_subdag_operator.section-2', 'example_subdag_operator' retrieved from /Library/Frameworks/Python.framework/Versions/3.11/lib/python3.11/site-packages/airflow/example_dags/example_subdag_operator.py
[2025-12-04T19:47:57.079+0500] {logging_mixin.py:188} INFO - [2025-12-04T19:47:57.078+0500] {dag.py:3089} INFO - Sync 3 DAGs
[2025-12-04T19:47:57.097+0500] {logging_mixin.py:188} INFO - [2025-12-04T19:47:57.096+0500] {dag.py:3947} INFO - Setting next_dagrun for example_subdag_operator to 2022-01-01 00:00:00+00:00, run_after=2022-01-01 00:00:00+00:00
[2025-12-04T19:47:57.100+0500] {logging_mixin.py:188} INFO - [2025-12-04T19:47:57.100+0500] {dag.py:3947} INFO - Setting next_dagrun for example_subdag_operator.section-1 to None, run_after=None
[2025-12-04T19:47:57.101+0500] {logging_mixin.py:188} INFO - [2025-12-04T19:47:57.101+0500] {dag.py:3947} INFO - Setting next_dagrun for example_subdag_operator.section-2 to None, run_after=None
[2025-12-04T19:47:57.107+0500] {logging_mixin.py:188} INFO - [2025-12-04T19:47:57.107+0500] {dag.py:3089} INFO - Sync 2 DAGs
[2025-12-04T19:47:57.111+0500] {logging_mixin.py:188} INFO - [2025-12-04T19:47:57.111+0500] {dag.py:3947} INFO - Setting next_dagrun for example_subdag_operator.section-1 to None, run_after=None
[2025-12-04T19:47:57.112+0500] {logging_mixin.py:188} INFO - [2025-12-04T19:47:57.112+0500] {dag.py:3947} INFO - Setting next_dagrun for example_subdag_operator.section-2 to None, run_after=None
[2025-12-04T19:47:57.127+0500] {processor.py:183} INFO - Processing /Library/Frameworks/Python.framework/Versions/3.11/lib/python3.11/site-packages/airflow/example_dags/example_subdag_operator.py took 0.231 seconds
[2025-12-04T19:50:01.374+0500] {processor.py:161} INFO - Started process (PID=15188) to work on /Library/Frameworks/Python.framework/Versions/3.11/lib/python3.11/site-packages/airflow/example_dags/example_subdag_operator.py
[2025-12-04T19:50:01.377+0500] {processor.py:830} INFO - Processing file /Library/Frameworks/Python.framework/Versions/3.11/lib/python3.11/site-packages/airflow/example_dags/example_subdag_operator.py for tasks to queue
[2025-12-04T19:50:01.378+0500] {logging_mixin.py:188} INFO - [2025-12-04T19:50:01.377+0500] {dagbag.py:545} INFO - Filling up the DagBag from /Library/Frameworks/Python.framework/Versions/3.11/lib/python3.11/site-packages/airflow/example_dags/example_subdag_operator.py
[2025-12-04T19:50:01.486+0500] {processor.py:840} INFO - DAG(s) 'example_subdag_operator.section-1', 'example_subdag_operator.section-2', 'example_subdag_operator' retrieved from /Library/Frameworks/Python.framework/Versions/3.11/lib/python3.11/site-packages/airflow/example_dags/example_subdag_operator.py
[2025-12-04T19:50:01.537+0500] {logging_mixin.py:188} INFO - [2025-12-04T19:50:01.537+0500] {dag.py:3089} INFO - Sync 3 DAGs
[2025-12-04T19:50:01.555+0500] {logging_mixin.py:188} INFO - [2025-12-04T19:50:01.554+0500] {dag.py:3947} INFO - Setting next_dagrun for example_subdag_operator to 2022-01-01 00:00:00+00:00, run_after=2022-01-01 00:00:00+00:00
[2025-12-04T19:50:01.558+0500] {logging_mixin.py:188} INFO - [2025-12-04T19:50:01.558+0500] {dag.py:3947} INFO - Setting next_dagrun for example_subdag_operator.section-1 to None, run_after=None
[2025-12-04T19:50:01.559+0500] {logging_mixin.py:188} INFO - [2025-12-04T19:50:01.559+0500] {dag.py:3947} INFO - Setting next_dagrun for example_subdag_operator.section-2 to None, run_after=None
[2025-12-04T19:50:01.565+0500] {logging_mixin.py:188} INFO - [2025-12-04T19:50:01.565+0500] {dag.py:3089} INFO - Sync 2 DAGs
[2025-12-04T19:50:01.569+0500] {logging_mixin.py:188} INFO - [2025-12-04T19:50:01.569+0500] {dag.py:3947} INFO - Setting next_dagrun for example_subdag_operator.section-1 to None, run_after=None
[2025-12-04T19:50:01.570+0500] {logging_mixin.py:188} INFO - [2025-12-04T19:50:01.570+0500] {dag.py:3947} INFO - Setting next_dagrun for example_subdag_operator.section-2 to None, run_after=None
[2025-12-04T19:50:01.584+0500] {processor.py:183} INFO - Processing /Library/Frameworks/Python.framework/Versions/3.11/lib/python3.11/site-packages/airflow/example_dags/example_subdag_operator.py took 0.213 seconds
[2025-12-04T19:51:59.167+0500] {processor.py:161} INFO - Started process (PID=15275) to work on /Library/Frameworks/Python.framework/Versions/3.11/lib/python3.11/site-packages/airflow/example_dags/example_subdag_operator.py
[2025-12-04T19:51:59.169+0500] {processor.py:830} INFO - Processing file /Library/Frameworks/Python.framework/Versions/3.11/lib/python3.11/site-packages/airflow/example_dags/example_subdag_operator.py for tasks to queue
[2025-12-04T19:51:59.170+0500] {logging_mixin.py:188} INFO - [2025-12-04T19:51:59.170+0500] {dagbag.py:545} INFO - Filling up the DagBag from /Library/Frameworks/Python.framework/Versions/3.11/lib/python3.11/site-packages/airflow/example_dags/example_subdag_operator.py
[2025-12-04T19:51:59.288+0500] {processor.py:840} INFO - DAG(s) 'example_subdag_operator.section-1', 'example_subdag_operator.section-2', 'example_subdag_operator' retrieved from /Library/Frameworks/Python.framework/Versions/3.11/lib/python3.11/site-packages/airflow/example_dags/example_subdag_operator.py
[2025-12-04T19:51:59.349+0500] {logging_mixin.py:188} INFO - [2025-12-04T19:51:59.348+0500] {dag.py:3089} INFO - Sync 3 DAGs
[2025-12-04T19:51:59.372+0500] {logging_mixin.py:188} INFO - [2025-12-04T19:51:59.372+0500] {dag.py:3947} INFO - Setting next_dagrun for example_subdag_operator to 2022-01-01 00:00:00+00:00, run_after=2022-01-01 00:00:00+00:00
[2025-12-04T19:51:59.376+0500] {logging_mixin.py:188} INFO - [2025-12-04T19:51:59.375+0500] {dag.py:3947} INFO - Setting next_dagrun for example_subdag_operator.section-1 to None, run_after=None
[2025-12-04T19:51:59.377+0500] {logging_mixin.py:188} INFO - [2025-12-04T19:51:59.377+0500] {dag.py:3947} INFO - Setting next_dagrun for example_subdag_operator.section-2 to None, run_after=None
[2025-12-04T19:51:59.384+0500] {logging_mixin.py:188} INFO - [2025-12-04T19:51:59.384+0500] {dag.py:3089} INFO - Sync 2 DAGs
[2025-12-04T19:51:59.389+0500] {logging_mixin.py:188} INFO - [2025-12-04T19:51:59.388+0500] {dag.py:3947} INFO - Setting next_dagrun for example_subdag_operator.section-1 to None, run_after=None
[2025-12-04T19:51:59.389+0500] {logging_mixin.py:188} INFO - [2025-12-04T19:51:59.389+0500] {dag.py:3947} INFO - Setting next_dagrun for example_subdag_operator.section-2 to None, run_after=None
[2025-12-04T19:51:59.406+0500] {processor.py:183} INFO - Processing /Library/Frameworks/Python.framework/Versions/3.11/lib/python3.11/site-packages/airflow/example_dags/example_subdag_operator.py took 0.242 seconds
[2025-12-04T19:53:57.584+0500] {processor.py:161} INFO - Started process (PID=15367) to work on /Library/Frameworks/Python.framework/Versions/3.11/lib/python3.11/site-packages/airflow/example_dags/example_subdag_operator.py
[2025-12-04T19:53:57.587+0500] {processor.py:830} INFO - Processing file /Library/Frameworks/Python.framework/Versions/3.11/lib/python3.11/site-packages/airflow/example_dags/example_subdag_operator.py for tasks to queue
[2025-12-04T19:53:57.588+0500] {logging_mixin.py:188} INFO - [2025-12-04T19:53:57.587+0500] {dagbag.py:545} INFO - Filling up the DagBag from /Library/Frameworks/Python.framework/Versions/3.11/lib/python3.11/site-packages/airflow/example_dags/example_subdag_operator.py
[2025-12-04T19:53:57.683+0500] {processor.py:840} INFO - DAG(s) 'example_subdag_operator.section-1', 'example_subdag_operator.section-2', 'example_subdag_operator' retrieved from /Library/Frameworks/Python.framework/Versions/3.11/lib/python3.11/site-packages/airflow/example_dags/example_subdag_operator.py
[2025-12-04T19:53:57.731+0500] {logging_mixin.py:188} INFO - [2025-12-04T19:53:57.731+0500] {dag.py:3089} INFO - Sync 3 DAGs
[2025-12-04T19:53:57.751+0500] {logging_mixin.py:188} INFO - [2025-12-04T19:53:57.750+0500] {dag.py:3947} INFO - Setting next_dagrun for example_subdag_operator to 2022-01-01 00:00:00+00:00, run_after=2022-01-01 00:00:00+00:00
[2025-12-04T19:53:57.754+0500] {logging_mixin.py:188} INFO - [2025-12-04T19:53:57.754+0500] {dag.py:3947} INFO - Setting next_dagrun for example_subdag_operator.section-1 to None, run_after=None
[2025-12-04T19:53:57.755+0500] {logging_mixin.py:188} INFO - [2025-12-04T19:53:57.755+0500] {dag.py:3947} INFO - Setting next_dagrun for example_subdag_operator.section-2 to None, run_after=None
[2025-12-04T19:53:57.761+0500] {logging_mixin.py:188} INFO - [2025-12-04T19:53:57.761+0500] {dag.py:3089} INFO - Sync 2 DAGs
[2025-12-04T19:53:57.766+0500] {logging_mixin.py:188} INFO - [2025-12-04T19:53:57.765+0500] {dag.py:3947} INFO - Setting next_dagrun for example_subdag_operator.section-1 to None, run_after=None
[2025-12-04T19:53:57.766+0500] {logging_mixin.py:188} INFO - [2025-12-04T19:53:57.766+0500] {dag.py:3947} INFO - Setting next_dagrun for example_subdag_operator.section-2 to None, run_after=None
[2025-12-04T19:53:57.781+0500] {processor.py:183} INFO - Processing /Library/Frameworks/Python.framework/Versions/3.11/lib/python3.11/site-packages/airflow/example_dags/example_subdag_operator.py took 0.200 seconds
[2025-12-04T19:55:52.419+0500] {processor.py:161} INFO - Started process (PID=15431) to work on /Library/Frameworks/Python.framework/Versions/3.11/lib/python3.11/site-packages/airflow/example_dags/example_subdag_operator.py
[2025-12-04T19:55:52.421+0500] {processor.py:830} INFO - Processing file /Library/Frameworks/Python.framework/Versions/3.11/lib/python3.11/site-packages/airflow/example_dags/example_subdag_operator.py for tasks to queue
[2025-12-04T19:55:52.422+0500] {logging_mixin.py:188} INFO - [2025-12-04T19:55:52.422+0500] {dagbag.py:545} INFO - Filling up the DagBag from /Library/Frameworks/Python.framework/Versions/3.11/lib/python3.11/site-packages/airflow/example_dags/example_subdag_operator.py
[2025-12-04T19:55:52.520+0500] {processor.py:840} INFO - DAG(s) 'example_subdag_operator.section-1', 'example_subdag_operator.section-2', 'example_subdag_operator' retrieved from /Library/Frameworks/Python.framework/Versions/3.11/lib/python3.11/site-packages/airflow/example_dags/example_subdag_operator.py
[2025-12-04T19:55:52.572+0500] {logging_mixin.py:188} INFO - [2025-12-04T19:55:52.571+0500] {dag.py:3089} INFO - Sync 3 DAGs
[2025-12-04T19:55:52.590+0500] {logging_mixin.py:188} INFO - [2025-12-04T19:55:52.590+0500] {dag.py:3947} INFO - Setting next_dagrun for example_subdag_operator to 2022-01-01 00:00:00+00:00, run_after=2022-01-01 00:00:00+00:00
[2025-12-04T19:55:52.593+0500] {logging_mixin.py:188} INFO - [2025-12-04T19:55:52.593+0500] {dag.py:3947} INFO - Setting next_dagrun for example_subdag_operator.section-1 to None, run_after=None
[2025-12-04T19:55:52.594+0500] {logging_mixin.py:188} INFO - [2025-12-04T19:55:52.594+0500] {dag.py:3947} INFO - Setting next_dagrun for example_subdag_operator.section-2 to None, run_after=None
[2025-12-04T19:55:52.600+0500] {logging_mixin.py:188} INFO - [2025-12-04T19:55:52.600+0500] {dag.py:3089} INFO - Sync 2 DAGs
[2025-12-04T19:55:52.604+0500] {logging_mixin.py:188} INFO - [2025-12-04T19:55:52.604+0500] {dag.py:3947} INFO - Setting next_dagrun for example_subdag_operator.section-1 to None, run_after=None
[2025-12-04T19:55:52.605+0500] {logging_mixin.py:188} INFO - [2025-12-04T19:55:52.605+0500] {dag.py:3947} INFO - Setting next_dagrun for example_subdag_operator.section-2 to None, run_after=None
[2025-12-04T19:55:52.620+0500] {processor.py:183} INFO - Processing /Library/Frameworks/Python.framework/Versions/3.11/lib/python3.11/site-packages/airflow/example_dags/example_subdag_operator.py took 0.203 seconds
[2025-12-04T19:57:45.593+0500] {processor.py:161} INFO - Started process (PID=15496) to work on /Library/Frameworks/Python.framework/Versions/3.11/lib/python3.11/site-packages/airflow/example_dags/example_subdag_operator.py
[2025-12-04T19:57:45.595+0500] {processor.py:830} INFO - Processing file /Library/Frameworks/Python.framework/Versions/3.11/lib/python3.11/site-packages/airflow/example_dags/example_subdag_operator.py for tasks to queue
[2025-12-04T19:57:45.596+0500] {logging_mixin.py:188} INFO - [2025-12-04T19:57:45.596+0500] {dagbag.py:545} INFO - Filling up the DagBag from /Library/Frameworks/Python.framework/Versions/3.11/lib/python3.11/site-packages/airflow/example_dags/example_subdag_operator.py
[2025-12-04T19:57:45.694+0500] {processor.py:840} INFO - DAG(s) 'example_subdag_operator.section-1', 'example_subdag_operator.section-2', 'example_subdag_operator' retrieved from /Library/Frameworks/Python.framework/Versions/3.11/lib/python3.11/site-packages/airflow/example_dags/example_subdag_operator.py
[2025-12-04T19:57:45.749+0500] {logging_mixin.py:188} INFO - [2025-12-04T19:57:45.748+0500] {dag.py:3089} INFO - Sync 3 DAGs
[2025-12-04T19:57:45.766+0500] {logging_mixin.py:188} INFO - [2025-12-04T19:57:45.765+0500] {dag.py:3947} INFO - Setting next_dagrun for example_subdag_operator to 2022-01-01 00:00:00+00:00, run_after=2022-01-01 00:00:00+00:00
[2025-12-04T19:57:45.769+0500] {logging_mixin.py:188} INFO - [2025-12-04T19:57:45.768+0500] {dag.py:3947} INFO - Setting next_dagrun for example_subdag_operator.section-1 to None, run_after=None
[2025-12-04T19:57:45.770+0500] {logging_mixin.py:188} INFO - [2025-12-04T19:57:45.770+0500] {dag.py:3947} INFO - Setting next_dagrun for example_subdag_operator.section-2 to None, run_after=None
[2025-12-04T19:57:45.776+0500] {logging_mixin.py:188} INFO - [2025-12-04T19:57:45.776+0500] {dag.py:3089} INFO - Sync 2 DAGs
[2025-12-04T19:57:45.780+0500] {logging_mixin.py:188} INFO - [2025-12-04T19:57:45.780+0500] {dag.py:3947} INFO - Setting next_dagrun for example_subdag_operator.section-1 to None, run_after=None
[2025-12-04T19:57:45.780+0500] {logging_mixin.py:188} INFO - [2025-12-04T19:57:45.780+0500] {dag.py:3947} INFO - Setting next_dagrun for example_subdag_operator.section-2 to None, run_after=None
[2025-12-04T19:57:45.795+0500] {processor.py:183} INFO - Processing /Library/Frameworks/Python.framework/Versions/3.11/lib/python3.11/site-packages/airflow/example_dags/example_subdag_operator.py took 0.205 seconds
[2025-12-04T20:41:45.204+0500] {processor.py:161} INFO - Started process (PID=15613) to work on /Library/Frameworks/Python.framework/Versions/3.11/lib/python3.11/site-packages/airflow/example_dags/example_subdag_operator.py
[2025-12-04T20:41:45.206+0500] {processor.py:830} INFO - Processing file /Library/Frameworks/Python.framework/Versions/3.11/lib/python3.11/site-packages/airflow/example_dags/example_subdag_operator.py for tasks to queue
[2025-12-04T20:41:45.207+0500] {logging_mixin.py:188} INFO - [2025-12-04T20:41:45.207+0500] {dagbag.py:545} INFO - Filling up the DagBag from /Library/Frameworks/Python.framework/Versions/3.11/lib/python3.11/site-packages/airflow/example_dags/example_subdag_operator.py
[2025-12-04T20:41:45.321+0500] {processor.py:840} INFO - DAG(s) 'example_subdag_operator.section-1', 'example_subdag_operator.section-2', 'example_subdag_operator' retrieved from /Library/Frameworks/Python.framework/Versions/3.11/lib/python3.11/site-packages/airflow/example_dags/example_subdag_operator.py
[2025-12-04T20:41:45.370+0500] {logging_mixin.py:188} INFO - [2025-12-04T20:41:45.369+0500] {dag.py:3089} INFO - Sync 3 DAGs
[2025-12-04T20:41:45.390+0500] {logging_mixin.py:188} INFO - [2025-12-04T20:41:45.389+0500] {dag.py:3947} INFO - Setting next_dagrun for example_subdag_operator to 2022-01-01 00:00:00+00:00, run_after=2022-01-01 00:00:00+00:00
[2025-12-04T20:41:45.393+0500] {logging_mixin.py:188} INFO - [2025-12-04T20:41:45.393+0500] {dag.py:3947} INFO - Setting next_dagrun for example_subdag_operator.section-1 to None, run_after=None
[2025-12-04T20:41:45.395+0500] {logging_mixin.py:188} INFO - [2025-12-04T20:41:45.394+0500] {dag.py:3947} INFO - Setting next_dagrun for example_subdag_operator.section-2 to None, run_after=None
[2025-12-04T20:41:45.402+0500] {logging_mixin.py:188} INFO - [2025-12-04T20:41:45.402+0500] {dag.py:3089} INFO - Sync 2 DAGs
[2025-12-04T20:41:45.406+0500] {logging_mixin.py:188} INFO - [2025-12-04T20:41:45.406+0500] {dag.py:3947} INFO - Setting next_dagrun for example_subdag_operator.section-1 to None, run_after=None
[2025-12-04T20:41:45.407+0500] {logging_mixin.py:188} INFO - [2025-12-04T20:41:45.407+0500] {dag.py:3947} INFO - Setting next_dagrun for example_subdag_operator.section-2 to None, run_after=None
[2025-12-04T20:41:45.421+0500] {processor.py:183} INFO - Processing /Library/Frameworks/Python.framework/Versions/3.11/lib/python3.11/site-packages/airflow/example_dags/example_subdag_operator.py took 0.221 seconds
[2025-12-04T20:44:43.859+0500] {processor.py:161} INFO - Started process (PID=15773) to work on /Library/Frameworks/Python.framework/Versions/3.11/lib/python3.11/site-packages/airflow/example_dags/example_subdag_operator.py
[2025-12-04T20:44:43.861+0500] {processor.py:830} INFO - Processing file /Library/Frameworks/Python.framework/Versions/3.11/lib/python3.11/site-packages/airflow/example_dags/example_subdag_operator.py for tasks to queue
[2025-12-04T20:44:43.862+0500] {logging_mixin.py:188} INFO - [2025-12-04T20:44:43.862+0500] {dagbag.py:545} INFO - Filling up the DagBag from /Library/Frameworks/Python.framework/Versions/3.11/lib/python3.11/site-packages/airflow/example_dags/example_subdag_operator.py
[2025-12-04T20:44:43.994+0500] {processor.py:840} INFO - DAG(s) 'example_subdag_operator.section-1', 'example_subdag_operator.section-2', 'example_subdag_operator' retrieved from /Library/Frameworks/Python.framework/Versions/3.11/lib/python3.11/site-packages/airflow/example_dags/example_subdag_operator.py
[2025-12-04T20:44:44.061+0500] {logging_mixin.py:188} INFO - [2025-12-04T20:44:44.061+0500] {dag.py:3089} INFO - Sync 3 DAGs
[2025-12-04T20:44:44.103+0500] {logging_mixin.py:188} INFO - [2025-12-04T20:44:44.103+0500] {dag.py:3947} INFO - Setting next_dagrun for example_subdag_operator to 2022-01-01 00:00:00+00:00, run_after=2022-01-01 00:00:00+00:00
[2025-12-04T20:44:44.107+0500] {logging_mixin.py:188} INFO - [2025-12-04T20:44:44.106+0500] {dag.py:3947} INFO - Setting next_dagrun for example_subdag_operator.section-1 to None, run_after=None
[2025-12-04T20:44:44.109+0500] {logging_mixin.py:188} INFO - [2025-12-04T20:44:44.108+0500] {dag.py:3947} INFO - Setting next_dagrun for example_subdag_operator.section-2 to None, run_after=None
[2025-12-04T20:44:44.118+0500] {logging_mixin.py:188} INFO - [2025-12-04T20:44:44.118+0500] {dag.py:3089} INFO - Sync 2 DAGs
[2025-12-04T20:44:44.122+0500] {logging_mixin.py:188} INFO - [2025-12-04T20:44:44.122+0500] {dag.py:3947} INFO - Setting next_dagrun for example_subdag_operator.section-1 to None, run_after=None
[2025-12-04T20:44:44.123+0500] {logging_mixin.py:188} INFO - [2025-12-04T20:44:44.123+0500] {dag.py:3947} INFO - Setting next_dagrun for example_subdag_operator.section-2 to None, run_after=None
[2025-12-04T20:44:44.143+0500] {processor.py:183} INFO - Processing /Library/Frameworks/Python.framework/Versions/3.11/lib/python3.11/site-packages/airflow/example_dags/example_subdag_operator.py took 0.287 seconds
[2025-12-04T20:47:14.805+0500] {processor.py:161} INFO - Started process (PID=15851) to work on /Library/Frameworks/Python.framework/Versions/3.11/lib/python3.11/site-packages/airflow/example_dags/example_subdag_operator.py
[2025-12-04T20:47:14.806+0500] {processor.py:830} INFO - Processing file /Library/Frameworks/Python.framework/Versions/3.11/lib/python3.11/site-packages/airflow/example_dags/example_subdag_operator.py for tasks to queue
[2025-12-04T20:47:14.807+0500] {logging_mixin.py:188} INFO - [2025-12-04T20:47:14.807+0500] {dagbag.py:545} INFO - Filling up the DagBag from /Library/Frameworks/Python.framework/Versions/3.11/lib/python3.11/site-packages/airflow/example_dags/example_subdag_operator.py
[2025-12-04T20:47:14.946+0500] {processor.py:840} INFO - DAG(s) 'example_subdag_operator.section-1', 'example_subdag_operator.section-2', 'example_subdag_operator' retrieved from /Library/Frameworks/Python.framework/Versions/3.11/lib/python3.11/site-packages/airflow/example_dags/example_subdag_operator.py
[2025-12-04T20:47:15.008+0500] {logging_mixin.py:188} INFO - [2025-12-04T20:47:15.007+0500] {dag.py:3089} INFO - Sync 3 DAGs
[2025-12-04T20:47:15.030+0500] {logging_mixin.py:188} INFO - [2025-12-04T20:47:15.030+0500] {dag.py:3947} INFO - Setting next_dagrun for example_subdag_operator to 2022-01-01 00:00:00+00:00, run_after=2022-01-01 00:00:00+00:00
[2025-12-04T20:47:15.034+0500] {logging_mixin.py:188} INFO - [2025-12-04T20:47:15.034+0500] {dag.py:3947} INFO - Setting next_dagrun for example_subdag_operator.section-1 to None, run_after=None
[2025-12-04T20:47:15.035+0500] {logging_mixin.py:188} INFO - [2025-12-04T20:47:15.035+0500] {dag.py:3947} INFO - Setting next_dagrun for example_subdag_operator.section-2 to None, run_after=None
[2025-12-04T20:47:15.041+0500] {logging_mixin.py:188} INFO - [2025-12-04T20:47:15.041+0500] {dag.py:3089} INFO - Sync 2 DAGs
[2025-12-04T20:47:15.048+0500] {logging_mixin.py:188} INFO - [2025-12-04T20:47:15.047+0500] {dag.py:3947} INFO - Setting next_dagrun for example_subdag_operator.section-1 to None, run_after=None
[2025-12-04T20:47:15.048+0500] {logging_mixin.py:188} INFO - [2025-12-04T20:47:15.048+0500] {dag.py:3947} INFO - Setting next_dagrun for example_subdag_operator.section-2 to None, run_after=None
[2025-12-04T20:47:15.072+0500] {processor.py:183} INFO - Processing /Library/Frameworks/Python.framework/Versions/3.11/lib/python3.11/site-packages/airflow/example_dags/example_subdag_operator.py took 0.269 seconds
[2025-12-04T20:49:33.828+0500] {processor.py:161} INFO - Started process (PID=15936) to work on /Library/Frameworks/Python.framework/Versions/3.11/lib/python3.11/site-packages/airflow/example_dags/example_subdag_operator.py
[2025-12-04T20:49:33.831+0500] {processor.py:830} INFO - Processing file /Library/Frameworks/Python.framework/Versions/3.11/lib/python3.11/site-packages/airflow/example_dags/example_subdag_operator.py for tasks to queue
[2025-12-04T20:49:33.832+0500] {logging_mixin.py:188} INFO - [2025-12-04T20:49:33.832+0500] {dagbag.py:545} INFO - Filling up the DagBag from /Library/Frameworks/Python.framework/Versions/3.11/lib/python3.11/site-packages/airflow/example_dags/example_subdag_operator.py
[2025-12-04T20:49:33.985+0500] {processor.py:840} INFO - DAG(s) 'example_subdag_operator.section-1', 'example_subdag_operator.section-2', 'example_subdag_operator' retrieved from /Library/Frameworks/Python.framework/Versions/3.11/lib/python3.11/site-packages/airflow/example_dags/example_subdag_operator.py
[2025-12-04T20:49:34.059+0500] {logging_mixin.py:188} INFO - [2025-12-04T20:49:34.058+0500] {dag.py:3089} INFO - Sync 3 DAGs
[2025-12-04T20:49:34.080+0500] {logging_mixin.py:188} INFO - [2025-12-04T20:49:34.079+0500] {dag.py:3947} INFO - Setting next_dagrun for example_subdag_operator to 2022-01-01 00:00:00+00:00, run_after=2022-01-01 00:00:00+00:00
[2025-12-04T20:49:34.086+0500] {logging_mixin.py:188} INFO - [2025-12-04T20:49:34.085+0500] {dag.py:3947} INFO - Setting next_dagrun for example_subdag_operator.section-1 to None, run_after=None
[2025-12-04T20:49:34.087+0500] {logging_mixin.py:188} INFO - [2025-12-04T20:49:34.087+0500] {dag.py:3947} INFO - Setting next_dagrun for example_subdag_operator.section-2 to None, run_after=None
[2025-12-04T20:49:34.095+0500] {logging_mixin.py:188} INFO - [2025-12-04T20:49:34.094+0500] {dag.py:3089} INFO - Sync 2 DAGs
[2025-12-04T20:49:34.100+0500] {logging_mixin.py:188} INFO - [2025-12-04T20:49:34.099+0500] {dag.py:3947} INFO - Setting next_dagrun for example_subdag_operator.section-1 to None, run_after=None
[2025-12-04T20:49:34.100+0500] {logging_mixin.py:188} INFO - [2025-12-04T20:49:34.100+0500] {dag.py:3947} INFO - Setting next_dagrun for example_subdag_operator.section-2 to None, run_after=None
[2025-12-04T20:49:34.119+0500] {processor.py:183} INFO - Processing /Library/Frameworks/Python.framework/Versions/3.11/lib/python3.11/site-packages/airflow/example_dags/example_subdag_operator.py took 0.294 seconds
