[2025-12-04T18:19:44.170+0500] {processor.py:161} INFO - Started process (PID=11728) to work on /Library/Frameworks/Python.framework/Versions/3.11/lib/python3.11/site-packages/airflow/example_dags/example_local_kubernetes_executor.py
[2025-12-04T18:19:44.171+0500] {processor.py:830} INFO - Processing file /Library/Frameworks/Python.framework/Versions/3.11/lib/python3.11/site-packages/airflow/example_dags/example_local_kubernetes_executor.py for tasks to queue
[2025-12-04T18:19:44.172+0500] {logging_mixin.py:188} INFO - [2025-12-04T18:19:44.171+0500] {dagbag.py:545} INFO - Filling up the DagBag from /Library/Frameworks/Python.framework/Versions/3.11/lib/python3.11/site-packages/airflow/example_dags/example_local_kubernetes_executor.py
[2025-12-04T18:19:44.210+0500] {logging_mixin.py:188} INFO - [2025-12-04T18:19:44.210+0500] {example_local_kubernetes_executor.py:40} WARNING - Could not import DAGs in example_local_kubernetes_executor.py
Traceback (most recent call last):
  File "/Library/Frameworks/Python.framework/Versions/3.11/lib/python3.11/site-packages/airflow/example_dags/example_local_kubernetes_executor.py", line 38, in <module>
    from kubernetes.client import models as k8s
ModuleNotFoundError: No module named 'kubernetes'
[2025-12-04T18:19:44.211+0500] {logging_mixin.py:188} INFO - [2025-12-04T18:19:44.211+0500] {example_local_kubernetes_executor.py:41} WARNING - Install Kubernetes dependencies with: pip install apache-airflow[cncf.kubernetes]
[2025-12-04T18:19:44.211+0500] {processor.py:842} WARNING - No viable dags retrieved from /Library/Frameworks/Python.framework/Versions/3.11/lib/python3.11/site-packages/airflow/example_dags/example_local_kubernetes_executor.py
[2025-12-04T18:19:44.295+0500] {processor.py:183} INFO - Processing /Library/Frameworks/Python.framework/Versions/3.11/lib/python3.11/site-packages/airflow/example_dags/example_local_kubernetes_executor.py took 0.128 seconds
[2025-12-04T18:22:25.385+0500] {processor.py:161} INFO - Started process (PID=11830) to work on /Library/Frameworks/Python.framework/Versions/3.11/lib/python3.11/site-packages/airflow/example_dags/example_local_kubernetes_executor.py
[2025-12-04T18:22:25.387+0500] {processor.py:830} INFO - Processing file /Library/Frameworks/Python.framework/Versions/3.11/lib/python3.11/site-packages/airflow/example_dags/example_local_kubernetes_executor.py for tasks to queue
[2025-12-04T18:22:25.388+0500] {logging_mixin.py:188} INFO - [2025-12-04T18:22:25.388+0500] {dagbag.py:545} INFO - Filling up the DagBag from /Library/Frameworks/Python.framework/Versions/3.11/lib/python3.11/site-packages/airflow/example_dags/example_local_kubernetes_executor.py
[2025-12-04T18:22:25.453+0500] {logging_mixin.py:188} INFO - [2025-12-04T18:22:25.453+0500] {example_local_kubernetes_executor.py:40} WARNING - Could not import DAGs in example_local_kubernetes_executor.py
Traceback (most recent call last):
  File "/Library/Frameworks/Python.framework/Versions/3.11/lib/python3.11/site-packages/airflow/example_dags/example_local_kubernetes_executor.py", line 38, in <module>
    from kubernetes.client import models as k8s
ModuleNotFoundError: No module named 'kubernetes'
[2025-12-04T18:22:25.454+0500] {logging_mixin.py:188} INFO - [2025-12-04T18:22:25.454+0500] {example_local_kubernetes_executor.py:41} WARNING - Install Kubernetes dependencies with: pip install apache-airflow[cncf.kubernetes]
[2025-12-04T18:22:25.455+0500] {processor.py:842} WARNING - No viable dags retrieved from /Library/Frameworks/Python.framework/Versions/3.11/lib/python3.11/site-packages/airflow/example_dags/example_local_kubernetes_executor.py
[2025-12-04T18:22:25.583+0500] {processor.py:183} INFO - Processing /Library/Frameworks/Python.framework/Versions/3.11/lib/python3.11/site-packages/airflow/example_dags/example_local_kubernetes_executor.py took 0.202 seconds
[2025-12-04T18:26:32.172+0500] {processor.py:161} INFO - Started process (PID=11996) to work on /Library/Frameworks/Python.framework/Versions/3.11/lib/python3.11/site-packages/airflow/example_dags/example_local_kubernetes_executor.py
[2025-12-04T18:26:32.175+0500] {processor.py:830} INFO - Processing file /Library/Frameworks/Python.framework/Versions/3.11/lib/python3.11/site-packages/airflow/example_dags/example_local_kubernetes_executor.py for tasks to queue
[2025-12-04T18:26:32.176+0500] {logging_mixin.py:188} INFO - [2025-12-04T18:26:32.176+0500] {dagbag.py:545} INFO - Filling up the DagBag from /Library/Frameworks/Python.framework/Versions/3.11/lib/python3.11/site-packages/airflow/example_dags/example_local_kubernetes_executor.py
[2025-12-04T18:26:32.231+0500] {logging_mixin.py:188} INFO - [2025-12-04T18:26:32.230+0500] {example_local_kubernetes_executor.py:40} WARNING - Could not import DAGs in example_local_kubernetes_executor.py
Traceback (most recent call last):
  File "/Library/Frameworks/Python.framework/Versions/3.11/lib/python3.11/site-packages/airflow/example_dags/example_local_kubernetes_executor.py", line 38, in <module>
    from kubernetes.client import models as k8s
ModuleNotFoundError: No module named 'kubernetes'
[2025-12-04T18:26:32.231+0500] {logging_mixin.py:188} INFO - [2025-12-04T18:26:32.231+0500] {example_local_kubernetes_executor.py:41} WARNING - Install Kubernetes dependencies with: pip install apache-airflow[cncf.kubernetes]
[2025-12-04T18:26:32.232+0500] {processor.py:842} WARNING - No viable dags retrieved from /Library/Frameworks/Python.framework/Versions/3.11/lib/python3.11/site-packages/airflow/example_dags/example_local_kubernetes_executor.py
[2025-12-04T18:26:32.326+0500] {processor.py:183} INFO - Processing /Library/Frameworks/Python.framework/Versions/3.11/lib/python3.11/site-packages/airflow/example_dags/example_local_kubernetes_executor.py took 0.157 seconds
[2025-12-04T18:28:59.790+0500] {processor.py:161} INFO - Started process (PID=12124) to work on /Library/Frameworks/Python.framework/Versions/3.11/lib/python3.11/site-packages/airflow/example_dags/example_local_kubernetes_executor.py
[2025-12-04T18:28:59.793+0500] {processor.py:830} INFO - Processing file /Library/Frameworks/Python.framework/Versions/3.11/lib/python3.11/site-packages/airflow/example_dags/example_local_kubernetes_executor.py for tasks to queue
[2025-12-04T18:28:59.794+0500] {logging_mixin.py:188} INFO - [2025-12-04T18:28:59.793+0500] {dagbag.py:545} INFO - Filling up the DagBag from /Library/Frameworks/Python.framework/Versions/3.11/lib/python3.11/site-packages/airflow/example_dags/example_local_kubernetes_executor.py
[2025-12-04T18:28:59.834+0500] {logging_mixin.py:188} INFO - [2025-12-04T18:28:59.833+0500] {example_local_kubernetes_executor.py:40} WARNING - Could not import DAGs in example_local_kubernetes_executor.py
Traceback (most recent call last):
  File "/Library/Frameworks/Python.framework/Versions/3.11/lib/python3.11/site-packages/airflow/example_dags/example_local_kubernetes_executor.py", line 38, in <module>
    from kubernetes.client import models as k8s
ModuleNotFoundError: No module named 'kubernetes'
[2025-12-04T18:28:59.835+0500] {logging_mixin.py:188} INFO - [2025-12-04T18:28:59.835+0500] {example_local_kubernetes_executor.py:41} WARNING - Install Kubernetes dependencies with: pip install apache-airflow[cncf.kubernetes]
[2025-12-04T18:28:59.835+0500] {processor.py:842} WARNING - No viable dags retrieved from /Library/Frameworks/Python.framework/Versions/3.11/lib/python3.11/site-packages/airflow/example_dags/example_local_kubernetes_executor.py
[2025-12-04T18:28:59.926+0500] {processor.py:183} INFO - Processing /Library/Frameworks/Python.framework/Versions/3.11/lib/python3.11/site-packages/airflow/example_dags/example_local_kubernetes_executor.py took 0.139 seconds
[2025-12-04T18:31:27.786+0500] {processor.py:161} INFO - Started process (PID=12228) to work on /Library/Frameworks/Python.framework/Versions/3.11/lib/python3.11/site-packages/airflow/example_dags/example_local_kubernetes_executor.py
[2025-12-04T18:31:27.788+0500] {processor.py:830} INFO - Processing file /Library/Frameworks/Python.framework/Versions/3.11/lib/python3.11/site-packages/airflow/example_dags/example_local_kubernetes_executor.py for tasks to queue
[2025-12-04T18:31:27.789+0500] {logging_mixin.py:188} INFO - [2025-12-04T18:31:27.789+0500] {dagbag.py:545} INFO - Filling up the DagBag from /Library/Frameworks/Python.framework/Versions/3.11/lib/python3.11/site-packages/airflow/example_dags/example_local_kubernetes_executor.py
[2025-12-04T18:31:27.834+0500] {logging_mixin.py:188} INFO - [2025-12-04T18:31:27.833+0500] {example_local_kubernetes_executor.py:40} WARNING - Could not import DAGs in example_local_kubernetes_executor.py
Traceback (most recent call last):
  File "/Library/Frameworks/Python.framework/Versions/3.11/lib/python3.11/site-packages/airflow/example_dags/example_local_kubernetes_executor.py", line 38, in <module>
    from kubernetes.client import models as k8s
ModuleNotFoundError: No module named 'kubernetes'
[2025-12-04T18:31:27.835+0500] {logging_mixin.py:188} INFO - [2025-12-04T18:31:27.834+0500] {example_local_kubernetes_executor.py:41} WARNING - Install Kubernetes dependencies with: pip install apache-airflow[cncf.kubernetes]
[2025-12-04T18:31:27.835+0500] {processor.py:842} WARNING - No viable dags retrieved from /Library/Frameworks/Python.framework/Versions/3.11/lib/python3.11/site-packages/airflow/example_dags/example_local_kubernetes_executor.py
[2025-12-04T18:31:27.914+0500] {processor.py:183} INFO - Processing /Library/Frameworks/Python.framework/Versions/3.11/lib/python3.11/site-packages/airflow/example_dags/example_local_kubernetes_executor.py took 0.132 seconds
[2025-12-04T18:35:58.634+0500] {processor.py:161} INFO - Started process (PID=12436) to work on /Library/Frameworks/Python.framework/Versions/3.11/lib/python3.11/site-packages/airflow/example_dags/example_local_kubernetes_executor.py
[2025-12-04T18:35:58.637+0500] {processor.py:830} INFO - Processing file /Library/Frameworks/Python.framework/Versions/3.11/lib/python3.11/site-packages/airflow/example_dags/example_local_kubernetes_executor.py for tasks to queue
[2025-12-04T18:35:58.638+0500] {logging_mixin.py:188} INFO - [2025-12-04T18:35:58.637+0500] {dagbag.py:545} INFO - Filling up the DagBag from /Library/Frameworks/Python.framework/Versions/3.11/lib/python3.11/site-packages/airflow/example_dags/example_local_kubernetes_executor.py
[2025-12-04T18:35:58.678+0500] {logging_mixin.py:188} INFO - [2025-12-04T18:35:58.677+0500] {example_local_kubernetes_executor.py:40} WARNING - Could not import DAGs in example_local_kubernetes_executor.py
Traceback (most recent call last):
  File "/Library/Frameworks/Python.framework/Versions/3.11/lib/python3.11/site-packages/airflow/example_dags/example_local_kubernetes_executor.py", line 38, in <module>
    from kubernetes.client import models as k8s
ModuleNotFoundError: No module named 'kubernetes'
[2025-12-04T18:35:58.679+0500] {logging_mixin.py:188} INFO - [2025-12-04T18:35:58.678+0500] {example_local_kubernetes_executor.py:41} WARNING - Install Kubernetes dependencies with: pip install apache-airflow[cncf.kubernetes]
[2025-12-04T18:35:58.679+0500] {processor.py:842} WARNING - No viable dags retrieved from /Library/Frameworks/Python.framework/Versions/3.11/lib/python3.11/site-packages/airflow/example_dags/example_local_kubernetes_executor.py
[2025-12-04T18:35:58.759+0500] {processor.py:183} INFO - Processing /Library/Frameworks/Python.framework/Versions/3.11/lib/python3.11/site-packages/airflow/example_dags/example_local_kubernetes_executor.py took 0.128 seconds
[2025-12-04T18:39:43.502+0500] {processor.py:161} INFO - Started process (PID=12564) to work on /Library/Frameworks/Python.framework/Versions/3.11/lib/python3.11/site-packages/airflow/example_dags/example_local_kubernetes_executor.py
[2025-12-04T18:39:43.504+0500] {processor.py:830} INFO - Processing file /Library/Frameworks/Python.framework/Versions/3.11/lib/python3.11/site-packages/airflow/example_dags/example_local_kubernetes_executor.py for tasks to queue
[2025-12-04T18:39:43.505+0500] {logging_mixin.py:188} INFO - [2025-12-04T18:39:43.505+0500] {dagbag.py:545} INFO - Filling up the DagBag from /Library/Frameworks/Python.framework/Versions/3.11/lib/python3.11/site-packages/airflow/example_dags/example_local_kubernetes_executor.py
[2025-12-04T18:39:43.544+0500] {logging_mixin.py:188} INFO - [2025-12-04T18:39:43.543+0500] {example_local_kubernetes_executor.py:40} WARNING - Could not import DAGs in example_local_kubernetes_executor.py
Traceback (most recent call last):
  File "/Library/Frameworks/Python.framework/Versions/3.11/lib/python3.11/site-packages/airflow/example_dags/example_local_kubernetes_executor.py", line 38, in <module>
    from kubernetes.client import models as k8s
ModuleNotFoundError: No module named 'kubernetes'
[2025-12-04T18:39:43.544+0500] {logging_mixin.py:188} INFO - [2025-12-04T18:39:43.544+0500] {example_local_kubernetes_executor.py:41} WARNING - Install Kubernetes dependencies with: pip install apache-airflow[cncf.kubernetes]
[2025-12-04T18:39:43.545+0500] {processor.py:842} WARNING - No viable dags retrieved from /Library/Frameworks/Python.framework/Versions/3.11/lib/python3.11/site-packages/airflow/example_dags/example_local_kubernetes_executor.py
[2025-12-04T18:39:43.624+0500] {processor.py:183} INFO - Processing /Library/Frameworks/Python.framework/Versions/3.11/lib/python3.11/site-packages/airflow/example_dags/example_local_kubernetes_executor.py took 0.125 seconds
[2025-12-04T18:44:11.900+0500] {processor.py:161} INFO - Started process (PID=12766) to work on /Library/Frameworks/Python.framework/Versions/3.11/lib/python3.11/site-packages/airflow/example_dags/example_local_kubernetes_executor.py
[2025-12-04T18:44:11.902+0500] {processor.py:830} INFO - Processing file /Library/Frameworks/Python.framework/Versions/3.11/lib/python3.11/site-packages/airflow/example_dags/example_local_kubernetes_executor.py for tasks to queue
[2025-12-04T18:44:11.903+0500] {logging_mixin.py:188} INFO - [2025-12-04T18:44:11.903+0500] {dagbag.py:545} INFO - Filling up the DagBag from /Library/Frameworks/Python.framework/Versions/3.11/lib/python3.11/site-packages/airflow/example_dags/example_local_kubernetes_executor.py
[2025-12-04T18:44:11.945+0500] {logging_mixin.py:188} INFO - [2025-12-04T18:44:11.944+0500] {example_local_kubernetes_executor.py:40} WARNING - Could not import DAGs in example_local_kubernetes_executor.py
Traceback (most recent call last):
  File "/Library/Frameworks/Python.framework/Versions/3.11/lib/python3.11/site-packages/airflow/example_dags/example_local_kubernetes_executor.py", line 38, in <module>
    from kubernetes.client import models as k8s
ModuleNotFoundError: No module named 'kubernetes'
[2025-12-04T18:44:11.946+0500] {logging_mixin.py:188} INFO - [2025-12-04T18:44:11.946+0500] {example_local_kubernetes_executor.py:41} WARNING - Install Kubernetes dependencies with: pip install apache-airflow[cncf.kubernetes]
[2025-12-04T18:44:11.946+0500] {processor.py:842} WARNING - No viable dags retrieved from /Library/Frameworks/Python.framework/Versions/3.11/lib/python3.11/site-packages/airflow/example_dags/example_local_kubernetes_executor.py
[2025-12-04T18:44:12.027+0500] {processor.py:183} INFO - Processing /Library/Frameworks/Python.framework/Versions/3.11/lib/python3.11/site-packages/airflow/example_dags/example_local_kubernetes_executor.py took 0.130 seconds
[2025-12-04T18:48:09.709+0500] {processor.py:161} INFO - Started process (PID=12916) to work on /Library/Frameworks/Python.framework/Versions/3.11/lib/python3.11/site-packages/airflow/example_dags/example_local_kubernetes_executor.py
[2025-12-04T18:48:09.711+0500] {processor.py:830} INFO - Processing file /Library/Frameworks/Python.framework/Versions/3.11/lib/python3.11/site-packages/airflow/example_dags/example_local_kubernetes_executor.py for tasks to queue
[2025-12-04T18:48:09.712+0500] {logging_mixin.py:188} INFO - [2025-12-04T18:48:09.712+0500] {dagbag.py:545} INFO - Filling up the DagBag from /Library/Frameworks/Python.framework/Versions/3.11/lib/python3.11/site-packages/airflow/example_dags/example_local_kubernetes_executor.py
[2025-12-04T18:48:09.752+0500] {logging_mixin.py:188} INFO - [2025-12-04T18:48:09.751+0500] {example_local_kubernetes_executor.py:40} WARNING - Could not import DAGs in example_local_kubernetes_executor.py
Traceback (most recent call last):
  File "/Library/Frameworks/Python.framework/Versions/3.11/lib/python3.11/site-packages/airflow/example_dags/example_local_kubernetes_executor.py", line 38, in <module>
    from kubernetes.client import models as k8s
ModuleNotFoundError: No module named 'kubernetes'
[2025-12-04T18:48:09.752+0500] {logging_mixin.py:188} INFO - [2025-12-04T18:48:09.752+0500] {example_local_kubernetes_executor.py:41} WARNING - Install Kubernetes dependencies with: pip install apache-airflow[cncf.kubernetes]
[2025-12-04T18:48:09.752+0500] {processor.py:842} WARNING - No viable dags retrieved from /Library/Frameworks/Python.framework/Versions/3.11/lib/python3.11/site-packages/airflow/example_dags/example_local_kubernetes_executor.py
[2025-12-04T18:48:09.847+0500] {processor.py:183} INFO - Processing /Library/Frameworks/Python.framework/Versions/3.11/lib/python3.11/site-packages/airflow/example_dags/example_local_kubernetes_executor.py took 0.140 seconds
[2025-12-04T18:50:24.308+0500] {processor.py:161} INFO - Started process (PID=12985) to work on /Library/Frameworks/Python.framework/Versions/3.11/lib/python3.11/site-packages/airflow/example_dags/example_local_kubernetes_executor.py
[2025-12-04T18:50:24.311+0500] {processor.py:830} INFO - Processing file /Library/Frameworks/Python.framework/Versions/3.11/lib/python3.11/site-packages/airflow/example_dags/example_local_kubernetes_executor.py for tasks to queue
[2025-12-04T18:50:24.313+0500] {logging_mixin.py:188} INFO - [2025-12-04T18:50:24.312+0500] {dagbag.py:545} INFO - Filling up the DagBag from /Library/Frameworks/Python.framework/Versions/3.11/lib/python3.11/site-packages/airflow/example_dags/example_local_kubernetes_executor.py
[2025-12-04T18:50:24.358+0500] {logging_mixin.py:188} INFO - [2025-12-04T18:50:24.357+0500] {example_local_kubernetes_executor.py:40} WARNING - Could not import DAGs in example_local_kubernetes_executor.py
Traceback (most recent call last):
  File "/Library/Frameworks/Python.framework/Versions/3.11/lib/python3.11/site-packages/airflow/example_dags/example_local_kubernetes_executor.py", line 38, in <module>
    from kubernetes.client import models as k8s
ModuleNotFoundError: No module named 'kubernetes'
[2025-12-04T18:50:24.358+0500] {logging_mixin.py:188} INFO - [2025-12-04T18:50:24.358+0500] {example_local_kubernetes_executor.py:41} WARNING - Install Kubernetes dependencies with: pip install apache-airflow[cncf.kubernetes]
[2025-12-04T18:50:24.358+0500] {processor.py:842} WARNING - No viable dags retrieved from /Library/Frameworks/Python.framework/Versions/3.11/lib/python3.11/site-packages/airflow/example_dags/example_local_kubernetes_executor.py
[2025-12-04T18:50:24.479+0500] {processor.py:183} INFO - Processing /Library/Frameworks/Python.framework/Versions/3.11/lib/python3.11/site-packages/airflow/example_dags/example_local_kubernetes_executor.py took 0.191 seconds
[2025-12-04T18:52:49.192+0500] {processor.py:161} INFO - Started process (PID=13086) to work on /Library/Frameworks/Python.framework/Versions/3.11/lib/python3.11/site-packages/airflow/example_dags/example_local_kubernetes_executor.py
[2025-12-04T18:52:49.195+0500] {processor.py:830} INFO - Processing file /Library/Frameworks/Python.framework/Versions/3.11/lib/python3.11/site-packages/airflow/example_dags/example_local_kubernetes_executor.py for tasks to queue
[2025-12-04T18:52:49.196+0500] {logging_mixin.py:188} INFO - [2025-12-04T18:52:49.196+0500] {dagbag.py:545} INFO - Filling up the DagBag from /Library/Frameworks/Python.framework/Versions/3.11/lib/python3.11/site-packages/airflow/example_dags/example_local_kubernetes_executor.py
[2025-12-04T18:52:49.239+0500] {logging_mixin.py:188} INFO - [2025-12-04T18:52:49.238+0500] {example_local_kubernetes_executor.py:40} WARNING - Could not import DAGs in example_local_kubernetes_executor.py
Traceback (most recent call last):
  File "/Library/Frameworks/Python.framework/Versions/3.11/lib/python3.11/site-packages/airflow/example_dags/example_local_kubernetes_executor.py", line 38, in <module>
    from kubernetes.client import models as k8s
ModuleNotFoundError: No module named 'kubernetes'
[2025-12-04T18:52:49.239+0500] {logging_mixin.py:188} INFO - [2025-12-04T18:52:49.239+0500] {example_local_kubernetes_executor.py:41} WARNING - Install Kubernetes dependencies with: pip install apache-airflow[cncf.kubernetes]
[2025-12-04T18:52:49.240+0500] {processor.py:842} WARNING - No viable dags retrieved from /Library/Frameworks/Python.framework/Versions/3.11/lib/python3.11/site-packages/airflow/example_dags/example_local_kubernetes_executor.py
[2025-12-04T18:52:49.333+0500] {processor.py:183} INFO - Processing /Library/Frameworks/Python.framework/Versions/3.11/lib/python3.11/site-packages/airflow/example_dags/example_local_kubernetes_executor.py took 0.144 seconds
[2025-12-04T19:34:21.157+0500] {processor.py:161} INFO - Started process (PID=14611) to work on /Library/Frameworks/Python.framework/Versions/3.11/lib/python3.11/site-packages/airflow/example_dags/example_local_kubernetes_executor.py
[2025-12-04T19:34:21.200+0500] {processor.py:830} INFO - Processing file /Library/Frameworks/Python.framework/Versions/3.11/lib/python3.11/site-packages/airflow/example_dags/example_local_kubernetes_executor.py for tasks to queue
[2025-12-04T19:34:21.203+0500] {logging_mixin.py:188} INFO - [2025-12-04T19:34:21.202+0500] {dagbag.py:545} INFO - Filling up the DagBag from /Library/Frameworks/Python.framework/Versions/3.11/lib/python3.11/site-packages/airflow/example_dags/example_local_kubernetes_executor.py
[2025-12-04T19:34:21.253+0500] {logging_mixin.py:188} INFO - [2025-12-04T19:34:21.252+0500] {example_local_kubernetes_executor.py:40} WARNING - Could not import DAGs in example_local_kubernetes_executor.py
Traceback (most recent call last):
  File "/Library/Frameworks/Python.framework/Versions/3.11/lib/python3.11/site-packages/airflow/example_dags/example_local_kubernetes_executor.py", line 38, in <module>
    from kubernetes.client import models as k8s
ModuleNotFoundError: No module named 'kubernetes'
[2025-12-04T19:34:21.254+0500] {logging_mixin.py:188} INFO - [2025-12-04T19:34:21.253+0500] {example_local_kubernetes_executor.py:41} WARNING - Install Kubernetes dependencies with: pip install apache-airflow[cncf.kubernetes]
[2025-12-04T19:34:21.255+0500] {processor.py:842} WARNING - No viable dags retrieved from /Library/Frameworks/Python.framework/Versions/3.11/lib/python3.11/site-packages/airflow/example_dags/example_local_kubernetes_executor.py
[2025-12-04T19:34:21.385+0500] {processor.py:183} INFO - Processing /Library/Frameworks/Python.framework/Versions/3.11/lib/python3.11/site-packages/airflow/example_dags/example_local_kubernetes_executor.py took 0.232 seconds
[2025-12-04T19:37:24.616+0500] {processor.py:161} INFO - Started process (PID=14736) to work on /Library/Frameworks/Python.framework/Versions/3.11/lib/python3.11/site-packages/airflow/example_dags/example_local_kubernetes_executor.py
[2025-12-04T19:37:24.618+0500] {processor.py:830} INFO - Processing file /Library/Frameworks/Python.framework/Versions/3.11/lib/python3.11/site-packages/airflow/example_dags/example_local_kubernetes_executor.py for tasks to queue
[2025-12-04T19:37:24.619+0500] {logging_mixin.py:188} INFO - [2025-12-04T19:37:24.619+0500] {dagbag.py:545} INFO - Filling up the DagBag from /Library/Frameworks/Python.framework/Versions/3.11/lib/python3.11/site-packages/airflow/example_dags/example_local_kubernetes_executor.py
[2025-12-04T19:37:24.662+0500] {logging_mixin.py:188} INFO - [2025-12-04T19:37:24.660+0500] {example_local_kubernetes_executor.py:40} WARNING - Could not import DAGs in example_local_kubernetes_executor.py
Traceback (most recent call last):
  File "/Library/Frameworks/Python.framework/Versions/3.11/lib/python3.11/site-packages/airflow/example_dags/example_local_kubernetes_executor.py", line 38, in <module>
    from kubernetes.client import models as k8s
ModuleNotFoundError: No module named 'kubernetes'
[2025-12-04T19:37:24.662+0500] {logging_mixin.py:188} INFO - [2025-12-04T19:37:24.662+0500] {example_local_kubernetes_executor.py:41} WARNING - Install Kubernetes dependencies with: pip install apache-airflow[cncf.kubernetes]
[2025-12-04T19:37:24.662+0500] {processor.py:842} WARNING - No viable dags retrieved from /Library/Frameworks/Python.framework/Versions/3.11/lib/python3.11/site-packages/airflow/example_dags/example_local_kubernetes_executor.py
[2025-12-04T19:37:24.742+0500] {processor.py:183} INFO - Processing /Library/Frameworks/Python.framework/Versions/3.11/lib/python3.11/site-packages/airflow/example_dags/example_local_kubernetes_executor.py took 0.129 seconds
[2025-12-04T19:41:41.632+0500] {processor.py:161} INFO - Started process (PID=14898) to work on /Library/Frameworks/Python.framework/Versions/3.11/lib/python3.11/site-packages/airflow/example_dags/example_local_kubernetes_executor.py
[2025-12-04T19:41:41.634+0500] {processor.py:830} INFO - Processing file /Library/Frameworks/Python.framework/Versions/3.11/lib/python3.11/site-packages/airflow/example_dags/example_local_kubernetes_executor.py for tasks to queue
[2025-12-04T19:41:41.635+0500] {logging_mixin.py:188} INFO - [2025-12-04T19:41:41.635+0500] {dagbag.py:545} INFO - Filling up the DagBag from /Library/Frameworks/Python.framework/Versions/3.11/lib/python3.11/site-packages/airflow/example_dags/example_local_kubernetes_executor.py
[2025-12-04T19:41:41.679+0500] {logging_mixin.py:188} INFO - [2025-12-04T19:41:41.679+0500] {example_local_kubernetes_executor.py:40} WARNING - Could not import DAGs in example_local_kubernetes_executor.py
Traceback (most recent call last):
  File "/Library/Frameworks/Python.framework/Versions/3.11/lib/python3.11/site-packages/airflow/example_dags/example_local_kubernetes_executor.py", line 38, in <module>
    from kubernetes.client import models as k8s
ModuleNotFoundError: No module named 'kubernetes'
[2025-12-04T19:41:41.680+0500] {logging_mixin.py:188} INFO - [2025-12-04T19:41:41.680+0500] {example_local_kubernetes_executor.py:41} WARNING - Install Kubernetes dependencies with: pip install apache-airflow[cncf.kubernetes]
[2025-12-04T19:41:41.680+0500] {processor.py:842} WARNING - No viable dags retrieved from /Library/Frameworks/Python.framework/Versions/3.11/lib/python3.11/site-packages/airflow/example_dags/example_local_kubernetes_executor.py
[2025-12-04T19:41:41.775+0500] {processor.py:183} INFO - Processing /Library/Frameworks/Python.framework/Versions/3.11/lib/python3.11/site-packages/airflow/example_dags/example_local_kubernetes_executor.py took 0.147 seconds
[2025-12-04T19:46:20.357+0500] {processor.py:161} INFO - Started process (PID=15046) to work on /Library/Frameworks/Python.framework/Versions/3.11/lib/python3.11/site-packages/airflow/example_dags/example_local_kubernetes_executor.py
[2025-12-04T19:46:20.363+0500] {processor.py:830} INFO - Processing file /Library/Frameworks/Python.framework/Versions/3.11/lib/python3.11/site-packages/airflow/example_dags/example_local_kubernetes_executor.py for tasks to queue
[2025-12-04T19:46:20.364+0500] {logging_mixin.py:188} INFO - [2025-12-04T19:46:20.364+0500] {dagbag.py:545} INFO - Filling up the DagBag from /Library/Frameworks/Python.framework/Versions/3.11/lib/python3.11/site-packages/airflow/example_dags/example_local_kubernetes_executor.py
[2025-12-04T19:46:20.417+0500] {logging_mixin.py:188} INFO - [2025-12-04T19:46:20.416+0500] {example_local_kubernetes_executor.py:40} WARNING - Could not import DAGs in example_local_kubernetes_executor.py
Traceback (most recent call last):
  File "/Library/Frameworks/Python.framework/Versions/3.11/lib/python3.11/site-packages/airflow/example_dags/example_local_kubernetes_executor.py", line 38, in <module>
    from kubernetes.client import models as k8s
ModuleNotFoundError: No module named 'kubernetes'
[2025-12-04T19:46:20.417+0500] {logging_mixin.py:188} INFO - [2025-12-04T19:46:20.417+0500] {example_local_kubernetes_executor.py:41} WARNING - Install Kubernetes dependencies with: pip install apache-airflow[cncf.kubernetes]
[2025-12-04T19:46:20.418+0500] {processor.py:842} WARNING - No viable dags retrieved from /Library/Frameworks/Python.framework/Versions/3.11/lib/python3.11/site-packages/airflow/example_dags/example_local_kubernetes_executor.py
[2025-12-04T19:46:20.514+0500] {processor.py:183} INFO - Processing /Library/Frameworks/Python.framework/Versions/3.11/lib/python3.11/site-packages/airflow/example_dags/example_local_kubernetes_executor.py took 0.161 seconds
[2025-12-04T19:48:42.072+0500] {processor.py:161} INFO - Started process (PID=15144) to work on /Library/Frameworks/Python.framework/Versions/3.11/lib/python3.11/site-packages/airflow/example_dags/example_local_kubernetes_executor.py
[2025-12-04T19:48:42.074+0500] {processor.py:830} INFO - Processing file /Library/Frameworks/Python.framework/Versions/3.11/lib/python3.11/site-packages/airflow/example_dags/example_local_kubernetes_executor.py for tasks to queue
[2025-12-04T19:48:42.075+0500] {logging_mixin.py:188} INFO - [2025-12-04T19:48:42.075+0500] {dagbag.py:545} INFO - Filling up the DagBag from /Library/Frameworks/Python.framework/Versions/3.11/lib/python3.11/site-packages/airflow/example_dags/example_local_kubernetes_executor.py
[2025-12-04T19:48:42.113+0500] {logging_mixin.py:188} INFO - [2025-12-04T19:48:42.112+0500] {example_local_kubernetes_executor.py:40} WARNING - Could not import DAGs in example_local_kubernetes_executor.py
Traceback (most recent call last):
  File "/Library/Frameworks/Python.framework/Versions/3.11/lib/python3.11/site-packages/airflow/example_dags/example_local_kubernetes_executor.py", line 38, in <module>
    from kubernetes.client import models as k8s
ModuleNotFoundError: No module named 'kubernetes'
[2025-12-04T19:48:42.114+0500] {logging_mixin.py:188} INFO - [2025-12-04T19:48:42.114+0500] {example_local_kubernetes_executor.py:41} WARNING - Install Kubernetes dependencies with: pip install apache-airflow[cncf.kubernetes]
[2025-12-04T19:48:42.114+0500] {processor.py:842} WARNING - No viable dags retrieved from /Library/Frameworks/Python.framework/Versions/3.11/lib/python3.11/site-packages/airflow/example_dags/example_local_kubernetes_executor.py
[2025-12-04T19:48:42.196+0500] {processor.py:183} INFO - Processing /Library/Frameworks/Python.framework/Versions/3.11/lib/python3.11/site-packages/airflow/example_dags/example_local_kubernetes_executor.py took 0.127 seconds
[2025-12-04T19:52:40.536+0500] {processor.py:161} INFO - Started process (PID=15324) to work on /Library/Frameworks/Python.framework/Versions/3.11/lib/python3.11/site-packages/airflow/example_dags/example_local_kubernetes_executor.py
[2025-12-04T19:52:40.538+0500] {processor.py:830} INFO - Processing file /Library/Frameworks/Python.framework/Versions/3.11/lib/python3.11/site-packages/airflow/example_dags/example_local_kubernetes_executor.py for tasks to queue
[2025-12-04T19:52:40.539+0500] {logging_mixin.py:188} INFO - [2025-12-04T19:52:40.539+0500] {dagbag.py:545} INFO - Filling up the DagBag from /Library/Frameworks/Python.framework/Versions/3.11/lib/python3.11/site-packages/airflow/example_dags/example_local_kubernetes_executor.py
[2025-12-04T19:52:40.573+0500] {logging_mixin.py:188} INFO - [2025-12-04T19:52:40.572+0500] {example_local_kubernetes_executor.py:40} WARNING - Could not import DAGs in example_local_kubernetes_executor.py
Traceback (most recent call last):
  File "/Library/Frameworks/Python.framework/Versions/3.11/lib/python3.11/site-packages/airflow/example_dags/example_local_kubernetes_executor.py", line 38, in <module>
    from kubernetes.client import models as k8s
ModuleNotFoundError: No module named 'kubernetes'
[2025-12-04T19:52:40.573+0500] {logging_mixin.py:188} INFO - [2025-12-04T19:52:40.573+0500] {example_local_kubernetes_executor.py:41} WARNING - Install Kubernetes dependencies with: pip install apache-airflow[cncf.kubernetes]
[2025-12-04T19:52:40.574+0500] {processor.py:842} WARNING - No viable dags retrieved from /Library/Frameworks/Python.framework/Versions/3.11/lib/python3.11/site-packages/airflow/example_dags/example_local_kubernetes_executor.py
[2025-12-04T19:52:40.656+0500] {processor.py:183} INFO - Processing /Library/Frameworks/Python.framework/Versions/3.11/lib/python3.11/site-packages/airflow/example_dags/example_local_kubernetes_executor.py took 0.122 seconds
[2025-12-04T19:56:26.624+0500] {processor.py:161} INFO - Started process (PID=15450) to work on /Library/Frameworks/Python.framework/Versions/3.11/lib/python3.11/site-packages/airflow/example_dags/example_local_kubernetes_executor.py
[2025-12-04T19:56:26.626+0500] {processor.py:830} INFO - Processing file /Library/Frameworks/Python.framework/Versions/3.11/lib/python3.11/site-packages/airflow/example_dags/example_local_kubernetes_executor.py for tasks to queue
[2025-12-04T19:56:26.627+0500] {logging_mixin.py:188} INFO - [2025-12-04T19:56:26.627+0500] {dagbag.py:545} INFO - Filling up the DagBag from /Library/Frameworks/Python.framework/Versions/3.11/lib/python3.11/site-packages/airflow/example_dags/example_local_kubernetes_executor.py
[2025-12-04T19:56:26.661+0500] {logging_mixin.py:188} INFO - [2025-12-04T19:56:26.660+0500] {example_local_kubernetes_executor.py:40} WARNING - Could not import DAGs in example_local_kubernetes_executor.py
Traceback (most recent call last):
  File "/Library/Frameworks/Python.framework/Versions/3.11/lib/python3.11/site-packages/airflow/example_dags/example_local_kubernetes_executor.py", line 38, in <module>
    from kubernetes.client import models as k8s
ModuleNotFoundError: No module named 'kubernetes'
[2025-12-04T19:56:26.661+0500] {logging_mixin.py:188} INFO - [2025-12-04T19:56:26.661+0500] {example_local_kubernetes_executor.py:41} WARNING - Install Kubernetes dependencies with: pip install apache-airflow[cncf.kubernetes]
[2025-12-04T19:56:26.662+0500] {processor.py:842} WARNING - No viable dags retrieved from /Library/Frameworks/Python.framework/Versions/3.11/lib/python3.11/site-packages/airflow/example_dags/example_local_kubernetes_executor.py
[2025-12-04T19:56:26.746+0500] {processor.py:183} INFO - Processing /Library/Frameworks/Python.framework/Versions/3.11/lib/python3.11/site-packages/airflow/example_dags/example_local_kubernetes_executor.py took 0.124 seconds
[2025-12-04T20:42:41.698+0500] {processor.py:161} INFO - Started process (PID=15651) to work on /Library/Frameworks/Python.framework/Versions/3.11/lib/python3.11/site-packages/airflow/example_dags/example_local_kubernetes_executor.py
[2025-12-04T20:42:41.700+0500] {processor.py:830} INFO - Processing file /Library/Frameworks/Python.framework/Versions/3.11/lib/python3.11/site-packages/airflow/example_dags/example_local_kubernetes_executor.py for tasks to queue
[2025-12-04T20:42:41.701+0500] {logging_mixin.py:188} INFO - [2025-12-04T20:42:41.701+0500] {dagbag.py:545} INFO - Filling up the DagBag from /Library/Frameworks/Python.framework/Versions/3.11/lib/python3.11/site-packages/airflow/example_dags/example_local_kubernetes_executor.py
[2025-12-04T20:42:41.760+0500] {logging_mixin.py:188} INFO - [2025-12-04T20:42:41.759+0500] {example_local_kubernetes_executor.py:40} WARNING - Could not import DAGs in example_local_kubernetes_executor.py
Traceback (most recent call last):
  File "/Library/Frameworks/Python.framework/Versions/3.11/lib/python3.11/site-packages/airflow/example_dags/example_local_kubernetes_executor.py", line 38, in <module>
    from kubernetes.client import models as k8s
ModuleNotFoundError: No module named 'kubernetes'
[2025-12-04T20:42:41.760+0500] {logging_mixin.py:188} INFO - [2025-12-04T20:42:41.760+0500] {example_local_kubernetes_executor.py:41} WARNING - Install Kubernetes dependencies with: pip install apache-airflow[cncf.kubernetes]
[2025-12-04T20:42:41.760+0500] {processor.py:842} WARNING - No viable dags retrieved from /Library/Frameworks/Python.framework/Versions/3.11/lib/python3.11/site-packages/airflow/example_dags/example_local_kubernetes_executor.py
[2025-12-04T20:42:41.962+0500] {processor.py:183} INFO - Processing /Library/Frameworks/Python.framework/Versions/3.11/lib/python3.11/site-packages/airflow/example_dags/example_local_kubernetes_executor.py took 0.267 seconds
[2025-12-04T20:45:34.867+0500] {processor.py:161} INFO - Started process (PID=15798) to work on /Library/Frameworks/Python.framework/Versions/3.11/lib/python3.11/site-packages/airflow/example_dags/example_local_kubernetes_executor.py
[2025-12-04T20:45:34.870+0500] {processor.py:830} INFO - Processing file /Library/Frameworks/Python.framework/Versions/3.11/lib/python3.11/site-packages/airflow/example_dags/example_local_kubernetes_executor.py for tasks to queue
[2025-12-04T20:45:34.871+0500] {logging_mixin.py:188} INFO - [2025-12-04T20:45:34.871+0500] {dagbag.py:545} INFO - Filling up the DagBag from /Library/Frameworks/Python.framework/Versions/3.11/lib/python3.11/site-packages/airflow/example_dags/example_local_kubernetes_executor.py
[2025-12-04T20:45:34.914+0500] {logging_mixin.py:188} INFO - [2025-12-04T20:45:34.914+0500] {example_local_kubernetes_executor.py:40} WARNING - Could not import DAGs in example_local_kubernetes_executor.py
Traceback (most recent call last):
  File "/Library/Frameworks/Python.framework/Versions/3.11/lib/python3.11/site-packages/airflow/example_dags/example_local_kubernetes_executor.py", line 38, in <module>
    from kubernetes.client import models as k8s
ModuleNotFoundError: No module named 'kubernetes'
[2025-12-04T20:45:34.915+0500] {logging_mixin.py:188} INFO - [2025-12-04T20:45:34.915+0500] {example_local_kubernetes_executor.py:41} WARNING - Install Kubernetes dependencies with: pip install apache-airflow[cncf.kubernetes]
[2025-12-04T20:45:34.915+0500] {processor.py:842} WARNING - No viable dags retrieved from /Library/Frameworks/Python.framework/Versions/3.11/lib/python3.11/site-packages/airflow/example_dags/example_local_kubernetes_executor.py
[2025-12-04T20:45:35.025+0500] {processor.py:183} INFO - Processing /Library/Frameworks/Python.framework/Versions/3.11/lib/python3.11/site-packages/airflow/example_dags/example_local_kubernetes_executor.py took 0.161 seconds
[2025-12-04T20:48:02.536+0500] {processor.py:161} INFO - Started process (PID=15877) to work on /Library/Frameworks/Python.framework/Versions/3.11/lib/python3.11/site-packages/airflow/example_dags/example_local_kubernetes_executor.py
[2025-12-04T20:48:02.538+0500] {processor.py:830} INFO - Processing file /Library/Frameworks/Python.framework/Versions/3.11/lib/python3.11/site-packages/airflow/example_dags/example_local_kubernetes_executor.py for tasks to queue
[2025-12-04T20:48:02.539+0500] {logging_mixin.py:188} INFO - [2025-12-04T20:48:02.538+0500] {dagbag.py:545} INFO - Filling up the DagBag from /Library/Frameworks/Python.framework/Versions/3.11/lib/python3.11/site-packages/airflow/example_dags/example_local_kubernetes_executor.py
[2025-12-04T20:48:02.589+0500] {logging_mixin.py:188} INFO - [2025-12-04T20:48:02.588+0500] {example_local_kubernetes_executor.py:40} WARNING - Could not import DAGs in example_local_kubernetes_executor.py
Traceback (most recent call last):
  File "/Library/Frameworks/Python.framework/Versions/3.11/lib/python3.11/site-packages/airflow/example_dags/example_local_kubernetes_executor.py", line 38, in <module>
    from kubernetes.client import models as k8s
ModuleNotFoundError: No module named 'kubernetes'
[2025-12-04T20:48:02.590+0500] {logging_mixin.py:188} INFO - [2025-12-04T20:48:02.590+0500] {example_local_kubernetes_executor.py:41} WARNING - Install Kubernetes dependencies with: pip install apache-airflow[cncf.kubernetes]
[2025-12-04T20:48:02.590+0500] {processor.py:842} WARNING - No viable dags retrieved from /Library/Frameworks/Python.framework/Versions/3.11/lib/python3.11/site-packages/airflow/example_dags/example_local_kubernetes_executor.py
[2025-12-04T20:48:02.682+0500] {processor.py:183} INFO - Processing /Library/Frameworks/Python.framework/Versions/3.11/lib/python3.11/site-packages/airflow/example_dags/example_local_kubernetes_executor.py took 0.152 seconds
