[2025-12-04T18:19:23.737+0500] {processor.py:161} INFO - Started process (PID=11717) to work on /Library/Frameworks/Python.framework/Versions/3.11/lib/python3.11/site-packages/airflow/example_dags/example_python_operator.py
[2025-12-04T18:19:23.738+0500] {processor.py:830} INFO - Processing file /Library/Frameworks/Python.framework/Versions/3.11/lib/python3.11/site-packages/airflow/example_dags/example_python_operator.py for tasks to queue
[2025-12-04T18:19:23.739+0500] {logging_mixin.py:188} INFO - [2025-12-04T18:19:23.739+0500] {dagbag.py:545} INFO - Filling up the DagBag from /Library/Frameworks/Python.framework/Versions/3.11/lib/python3.11/site-packages/airflow/example_dags/example_python_operator.py
[2025-12-04T18:19:23.770+0500] {processor.py:840} INFO - DAG(s) 'example_python_operator' retrieved from /Library/Frameworks/Python.framework/Versions/3.11/lib/python3.11/site-packages/airflow/example_dags/example_python_operator.py
[2025-12-04T18:19:24.025+0500] {logging_mixin.py:188} INFO - [2025-12-04T18:19:24.024+0500] {override.py:1858} INFO - Created Permission View: can read on DAG:example_python_operator
[2025-12-04T18:19:24.036+0500] {logging_mixin.py:188} INFO - [2025-12-04T18:19:24.036+0500] {override.py:1858} INFO - Created Permission View: can delete on DAG:example_python_operator
[2025-12-04T18:19:24.044+0500] {logging_mixin.py:188} INFO - [2025-12-04T18:19:24.043+0500] {override.py:1858} INFO - Created Permission View: can edit on DAG:example_python_operator
[2025-12-04T18:19:24.044+0500] {logging_mixin.py:188} INFO - [2025-12-04T18:19:24.044+0500] {dag.py:3089} INFO - Sync 1 DAGs
[2025-12-04T18:19:24.054+0500] {logging_mixin.py:188} INFO - [2025-12-04T18:19:24.054+0500] {dag.py:3111} INFO - Creating ORM DAG for example_python_operator
[2025-12-04T18:19:24.054+0500] {logging_mixin.py:188} INFO - [2025-12-04T18:19:24.054+0500] {dag.py:3947} INFO - Setting next_dagrun for example_python_operator to None, run_after=None
[2025-12-04T18:19:24.074+0500] {processor.py:183} INFO - Processing /Library/Frameworks/Python.framework/Versions/3.11/lib/python3.11/site-packages/airflow/example_dags/example_python_operator.py took 0.340 seconds
[2025-12-04T18:22:08.082+0500] {processor.py:161} INFO - Started process (PID=11821) to work on /Library/Frameworks/Python.framework/Versions/3.11/lib/python3.11/site-packages/airflow/example_dags/example_python_operator.py
[2025-12-04T18:22:08.084+0500] {processor.py:830} INFO - Processing file /Library/Frameworks/Python.framework/Versions/3.11/lib/python3.11/site-packages/airflow/example_dags/example_python_operator.py for tasks to queue
[2025-12-04T18:22:08.085+0500] {logging_mixin.py:188} INFO - [2025-12-04T18:22:08.085+0500] {dagbag.py:545} INFO - Filling up the DagBag from /Library/Frameworks/Python.framework/Versions/3.11/lib/python3.11/site-packages/airflow/example_dags/example_python_operator.py
[2025-12-04T18:22:08.116+0500] {processor.py:840} INFO - DAG(s) 'example_python_operator' retrieved from /Library/Frameworks/Python.framework/Versions/3.11/lib/python3.11/site-packages/airflow/example_dags/example_python_operator.py
[2025-12-04T18:22:08.626+0500] {logging_mixin.py:188} INFO - [2025-12-04T18:22:08.625+0500] {dag.py:3089} INFO - Sync 1 DAGs
[2025-12-04T18:22:08.635+0500] {logging_mixin.py:188} INFO - [2025-12-04T18:22:08.634+0500] {dag.py:3947} INFO - Setting next_dagrun for example_python_operator to None, run_after=None
[2025-12-04T18:22:08.657+0500] {processor.py:183} INFO - Processing /Library/Frameworks/Python.framework/Versions/3.11/lib/python3.11/site-packages/airflow/example_dags/example_python_operator.py took 0.578 seconds
[2025-12-04T18:24:10.808+0500] {processor.py:161} INFO - Started process (PID=11889) to work on /Library/Frameworks/Python.framework/Versions/3.11/lib/python3.11/site-packages/airflow/example_dags/example_python_operator.py
[2025-12-04T18:24:10.810+0500] {processor.py:830} INFO - Processing file /Library/Frameworks/Python.framework/Versions/3.11/lib/python3.11/site-packages/airflow/example_dags/example_python_operator.py for tasks to queue
[2025-12-04T18:24:10.811+0500] {logging_mixin.py:188} INFO - [2025-12-04T18:24:10.811+0500] {dagbag.py:545} INFO - Filling up the DagBag from /Library/Frameworks/Python.framework/Versions/3.11/lib/python3.11/site-packages/airflow/example_dags/example_python_operator.py
[2025-12-04T18:24:10.840+0500] {processor.py:840} INFO - DAG(s) 'example_python_operator' retrieved from /Library/Frameworks/Python.framework/Versions/3.11/lib/python3.11/site-packages/airflow/example_dags/example_python_operator.py
[2025-12-04T18:24:11.125+0500] {logging_mixin.py:188} INFO - [2025-12-04T18:24:11.124+0500] {dag.py:3089} INFO - Sync 1 DAGs
[2025-12-04T18:24:11.133+0500] {logging_mixin.py:188} INFO - [2025-12-04T18:24:11.133+0500] {dag.py:3947} INFO - Setting next_dagrun for example_python_operator to None, run_after=None
[2025-12-04T18:24:11.158+0500] {processor.py:183} INFO - Processing /Library/Frameworks/Python.framework/Versions/3.11/lib/python3.11/site-packages/airflow/example_dags/example_python_operator.py took 0.352 seconds
[2025-12-04T18:26:18.292+0500] {processor.py:161} INFO - Started process (PID=11990) to work on /Library/Frameworks/Python.framework/Versions/3.11/lib/python3.11/site-packages/airflow/example_dags/example_python_operator.py
[2025-12-04T18:26:18.296+0500] {processor.py:830} INFO - Processing file /Library/Frameworks/Python.framework/Versions/3.11/lib/python3.11/site-packages/airflow/example_dags/example_python_operator.py for tasks to queue
[2025-12-04T18:26:18.297+0500] {logging_mixin.py:188} INFO - [2025-12-04T18:26:18.296+0500] {dagbag.py:545} INFO - Filling up the DagBag from /Library/Frameworks/Python.framework/Versions/3.11/lib/python3.11/site-packages/airflow/example_dags/example_python_operator.py
[2025-12-04T18:26:18.334+0500] {processor.py:840} INFO - DAG(s) 'example_python_operator' retrieved from /Library/Frameworks/Python.framework/Versions/3.11/lib/python3.11/site-packages/airflow/example_dags/example_python_operator.py
[2025-12-04T18:26:18.896+0500] {logging_mixin.py:188} INFO - [2025-12-04T18:26:18.895+0500] {dag.py:3089} INFO - Sync 1 DAGs
[2025-12-04T18:26:18.905+0500] {logging_mixin.py:188} INFO - [2025-12-04T18:26:18.904+0500] {dag.py:3947} INFO - Setting next_dagrun for example_python_operator to None, run_after=None
[2025-12-04T18:26:18.929+0500] {processor.py:183} INFO - Processing /Library/Frameworks/Python.framework/Versions/3.11/lib/python3.11/site-packages/airflow/example_dags/example_python_operator.py took 0.640 seconds
[2025-12-04T18:28:37.488+0500] {processor.py:161} INFO - Started process (PID=12113) to work on /Library/Frameworks/Python.framework/Versions/3.11/lib/python3.11/site-packages/airflow/example_dags/example_python_operator.py
[2025-12-04T18:28:37.491+0500] {processor.py:830} INFO - Processing file /Library/Frameworks/Python.framework/Versions/3.11/lib/python3.11/site-packages/airflow/example_dags/example_python_operator.py for tasks to queue
[2025-12-04T18:28:37.494+0500] {logging_mixin.py:188} INFO - [2025-12-04T18:28:37.494+0500] {dagbag.py:545} INFO - Filling up the DagBag from /Library/Frameworks/Python.framework/Versions/3.11/lib/python3.11/site-packages/airflow/example_dags/example_python_operator.py
[2025-12-04T18:28:37.569+0500] {processor.py:840} INFO - DAG(s) 'example_python_operator' retrieved from /Library/Frameworks/Python.framework/Versions/3.11/lib/python3.11/site-packages/airflow/example_dags/example_python_operator.py
[2025-12-04T18:28:38.104+0500] {logging_mixin.py:188} INFO - [2025-12-04T18:28:38.104+0500] {dag.py:3089} INFO - Sync 1 DAGs
[2025-12-04T18:28:38.117+0500] {logging_mixin.py:188} INFO - [2025-12-04T18:28:38.117+0500] {dag.py:3947} INFO - Setting next_dagrun for example_python_operator to None, run_after=None
[2025-12-04T18:28:38.153+0500] {processor.py:183} INFO - Processing /Library/Frameworks/Python.framework/Versions/3.11/lib/python3.11/site-packages/airflow/example_dags/example_python_operator.py took 0.670 seconds
[2025-12-04T18:31:05.581+0500] {processor.py:161} INFO - Started process (PID=12218) to work on /Library/Frameworks/Python.framework/Versions/3.11/lib/python3.11/site-packages/airflow/example_dags/example_python_operator.py
[2025-12-04T18:31:05.584+0500] {processor.py:830} INFO - Processing file /Library/Frameworks/Python.framework/Versions/3.11/lib/python3.11/site-packages/airflow/example_dags/example_python_operator.py for tasks to queue
[2025-12-04T18:31:05.585+0500] {logging_mixin.py:188} INFO - [2025-12-04T18:31:05.584+0500] {dagbag.py:545} INFO - Filling up the DagBag from /Library/Frameworks/Python.framework/Versions/3.11/lib/python3.11/site-packages/airflow/example_dags/example_python_operator.py
[2025-12-04T18:31:05.617+0500] {processor.py:840} INFO - DAG(s) 'example_python_operator' retrieved from /Library/Frameworks/Python.framework/Versions/3.11/lib/python3.11/site-packages/airflow/example_dags/example_python_operator.py
[2025-12-04T18:31:06.320+0500] {logging_mixin.py:188} INFO - [2025-12-04T18:31:06.319+0500] {dag.py:3089} INFO - Sync 1 DAGs
[2025-12-04T18:31:06.343+0500] {logging_mixin.py:188} INFO - [2025-12-04T18:31:06.343+0500] {dag.py:3947} INFO - Setting next_dagrun for example_python_operator to None, run_after=None
[2025-12-04T18:31:06.398+0500] {processor.py:183} INFO - Processing /Library/Frameworks/Python.framework/Versions/3.11/lib/python3.11/site-packages/airflow/example_dags/example_python_operator.py took 0.820 seconds
[2025-12-04T18:33:30.760+0500] {processor.py:161} INFO - Started process (PID=12330) to work on /Library/Frameworks/Python.framework/Versions/3.11/lib/python3.11/site-packages/airflow/example_dags/example_python_operator.py
[2025-12-04T18:33:30.763+0500] {processor.py:830} INFO - Processing file /Library/Frameworks/Python.framework/Versions/3.11/lib/python3.11/site-packages/airflow/example_dags/example_python_operator.py for tasks to queue
[2025-12-04T18:33:30.764+0500] {logging_mixin.py:188} INFO - [2025-12-04T18:33:30.763+0500] {dagbag.py:545} INFO - Filling up the DagBag from /Library/Frameworks/Python.framework/Versions/3.11/lib/python3.11/site-packages/airflow/example_dags/example_python_operator.py
[2025-12-04T18:33:30.801+0500] {processor.py:840} INFO - DAG(s) 'example_python_operator' retrieved from /Library/Frameworks/Python.framework/Versions/3.11/lib/python3.11/site-packages/airflow/example_dags/example_python_operator.py
[2025-12-04T18:33:31.288+0500] {logging_mixin.py:188} INFO - [2025-12-04T18:33:31.287+0500] {dag.py:3089} INFO - Sync 1 DAGs
[2025-12-04T18:33:31.297+0500] {logging_mixin.py:188} INFO - [2025-12-04T18:33:31.297+0500] {dag.py:3947} INFO - Setting next_dagrun for example_python_operator to None, run_after=None
[2025-12-04T18:33:31.322+0500] {processor.py:183} INFO - Processing /Library/Frameworks/Python.framework/Versions/3.11/lib/python3.11/site-packages/airflow/example_dags/example_python_operator.py took 0.566 seconds
[2025-12-04T18:35:40.540+0500] {processor.py:161} INFO - Started process (PID=12426) to work on /Library/Frameworks/Python.framework/Versions/3.11/lib/python3.11/site-packages/airflow/example_dags/example_python_operator.py
[2025-12-04T18:35:40.542+0500] {processor.py:830} INFO - Processing file /Library/Frameworks/Python.framework/Versions/3.11/lib/python3.11/site-packages/airflow/example_dags/example_python_operator.py for tasks to queue
[2025-12-04T18:35:40.543+0500] {logging_mixin.py:188} INFO - [2025-12-04T18:35:40.543+0500] {dagbag.py:545} INFO - Filling up the DagBag from /Library/Frameworks/Python.framework/Versions/3.11/lib/python3.11/site-packages/airflow/example_dags/example_python_operator.py
[2025-12-04T18:35:40.575+0500] {processor.py:840} INFO - DAG(s) 'example_python_operator' retrieved from /Library/Frameworks/Python.framework/Versions/3.11/lib/python3.11/site-packages/airflow/example_dags/example_python_operator.py
[2025-12-04T18:35:40.826+0500] {logging_mixin.py:188} INFO - [2025-12-04T18:35:40.825+0500] {dag.py:3089} INFO - Sync 1 DAGs
[2025-12-04T18:35:40.834+0500] {logging_mixin.py:188} INFO - [2025-12-04T18:35:40.834+0500] {dag.py:3947} INFO - Setting next_dagrun for example_python_operator to None, run_after=None
[2025-12-04T18:35:40.864+0500] {processor.py:183} INFO - Processing /Library/Frameworks/Python.framework/Versions/3.11/lib/python3.11/site-packages/airflow/example_dags/example_python_operator.py took 0.327 seconds
[2025-12-04T18:37:40.020+0500] {processor.py:161} INFO - Started process (PID=12492) to work on /Library/Frameworks/Python.framework/Versions/3.11/lib/python3.11/site-packages/airflow/example_dags/example_python_operator.py
[2025-12-04T18:37:40.022+0500] {processor.py:830} INFO - Processing file /Library/Frameworks/Python.framework/Versions/3.11/lib/python3.11/site-packages/airflow/example_dags/example_python_operator.py for tasks to queue
[2025-12-04T18:37:40.022+0500] {logging_mixin.py:188} INFO - [2025-12-04T18:37:40.022+0500] {dagbag.py:545} INFO - Filling up the DagBag from /Library/Frameworks/Python.framework/Versions/3.11/lib/python3.11/site-packages/airflow/example_dags/example_python_operator.py
[2025-12-04T18:37:40.052+0500] {processor.py:840} INFO - DAG(s) 'example_python_operator' retrieved from /Library/Frameworks/Python.framework/Versions/3.11/lib/python3.11/site-packages/airflow/example_dags/example_python_operator.py
[2025-12-04T18:37:40.305+0500] {logging_mixin.py:188} INFO - [2025-12-04T18:37:40.304+0500] {dag.py:3089} INFO - Sync 1 DAGs
[2025-12-04T18:37:40.314+0500] {logging_mixin.py:188} INFO - [2025-12-04T18:37:40.314+0500] {dag.py:3947} INFO - Setting next_dagrun for example_python_operator to None, run_after=None
[2025-12-04T18:37:40.342+0500] {processor.py:183} INFO - Processing /Library/Frameworks/Python.framework/Versions/3.11/lib/python3.11/site-packages/airflow/example_dags/example_python_operator.py took 0.326 seconds
[2025-12-04T18:39:32.065+0500] {processor.py:161} INFO - Started process (PID=12558) to work on /Library/Frameworks/Python.framework/Versions/3.11/lib/python3.11/site-packages/airflow/example_dags/example_python_operator.py
[2025-12-04T18:39:32.067+0500] {processor.py:830} INFO - Processing file /Library/Frameworks/Python.framework/Versions/3.11/lib/python3.11/site-packages/airflow/example_dags/example_python_operator.py for tasks to queue
[2025-12-04T18:39:32.068+0500] {logging_mixin.py:188} INFO - [2025-12-04T18:39:32.068+0500] {dagbag.py:545} INFO - Filling up the DagBag from /Library/Frameworks/Python.framework/Versions/3.11/lib/python3.11/site-packages/airflow/example_dags/example_python_operator.py
[2025-12-04T18:39:32.102+0500] {processor.py:840} INFO - DAG(s) 'example_python_operator' retrieved from /Library/Frameworks/Python.framework/Versions/3.11/lib/python3.11/site-packages/airflow/example_dags/example_python_operator.py
[2025-12-04T18:39:32.348+0500] {logging_mixin.py:188} INFO - [2025-12-04T18:39:32.347+0500] {dag.py:3089} INFO - Sync 1 DAGs
[2025-12-04T18:39:32.357+0500] {logging_mixin.py:188} INFO - [2025-12-04T18:39:32.356+0500] {dag.py:3947} INFO - Setting next_dagrun for example_python_operator to None, run_after=None
[2025-12-04T18:39:32.385+0500] {processor.py:183} INFO - Processing /Library/Frameworks/Python.framework/Versions/3.11/lib/python3.11/site-packages/airflow/example_dags/example_python_operator.py took 0.323 seconds
[2025-12-04T18:41:35.594+0500] {processor.py:161} INFO - Started process (PID=12665) to work on /Library/Frameworks/Python.framework/Versions/3.11/lib/python3.11/site-packages/airflow/example_dags/example_python_operator.py
[2025-12-04T18:41:35.596+0500] {processor.py:830} INFO - Processing file /Library/Frameworks/Python.framework/Versions/3.11/lib/python3.11/site-packages/airflow/example_dags/example_python_operator.py for tasks to queue
[2025-12-04T18:41:35.597+0500] {logging_mixin.py:188} INFO - [2025-12-04T18:41:35.597+0500] {dagbag.py:545} INFO - Filling up the DagBag from /Library/Frameworks/Python.framework/Versions/3.11/lib/python3.11/site-packages/airflow/example_dags/example_python_operator.py
[2025-12-04T18:41:35.628+0500] {processor.py:840} INFO - DAG(s) 'example_python_operator' retrieved from /Library/Frameworks/Python.framework/Versions/3.11/lib/python3.11/site-packages/airflow/example_dags/example_python_operator.py
[2025-12-04T18:41:36.172+0500] {logging_mixin.py:188} INFO - [2025-12-04T18:41:36.172+0500] {dag.py:3089} INFO - Sync 1 DAGs
[2025-12-04T18:41:36.190+0500] {logging_mixin.py:188} INFO - [2025-12-04T18:41:36.190+0500] {dag.py:3947} INFO - Setting next_dagrun for example_python_operator to None, run_after=None
[2025-12-04T18:41:36.217+0500] {processor.py:183} INFO - Processing /Library/Frameworks/Python.framework/Versions/3.11/lib/python3.11/site-packages/airflow/example_dags/example_python_operator.py took 0.626 seconds
[2025-12-04T18:43:52.069+0500] {processor.py:161} INFO - Started process (PID=12752) to work on /Library/Frameworks/Python.framework/Versions/3.11/lib/python3.11/site-packages/airflow/example_dags/example_python_operator.py
[2025-12-04T18:43:52.071+0500] {processor.py:830} INFO - Processing file /Library/Frameworks/Python.framework/Versions/3.11/lib/python3.11/site-packages/airflow/example_dags/example_python_operator.py for tasks to queue
[2025-12-04T18:43:52.073+0500] {logging_mixin.py:188} INFO - [2025-12-04T18:43:52.072+0500] {dagbag.py:545} INFO - Filling up the DagBag from /Library/Frameworks/Python.framework/Versions/3.11/lib/python3.11/site-packages/airflow/example_dags/example_python_operator.py
[2025-12-04T18:43:52.113+0500] {processor.py:840} INFO - DAG(s) 'example_python_operator' retrieved from /Library/Frameworks/Python.framework/Versions/3.11/lib/python3.11/site-packages/airflow/example_dags/example_python_operator.py
[2025-12-04T18:43:52.727+0500] {logging_mixin.py:188} INFO - [2025-12-04T18:43:52.726+0500] {dag.py:3089} INFO - Sync 1 DAGs
[2025-12-04T18:43:52.737+0500] {logging_mixin.py:188} INFO - [2025-12-04T18:43:52.737+0500] {dag.py:3947} INFO - Setting next_dagrun for example_python_operator to None, run_after=None
[2025-12-04T18:43:52.765+0500] {processor.py:183} INFO - Processing /Library/Frameworks/Python.framework/Versions/3.11/lib/python3.11/site-packages/airflow/example_dags/example_python_operator.py took 0.703 seconds
[2025-12-04T18:45:53.625+0500] {processor.py:161} INFO - Started process (PID=12831) to work on /Library/Frameworks/Python.framework/Versions/3.11/lib/python3.11/site-packages/airflow/example_dags/example_python_operator.py
[2025-12-04T18:45:53.627+0500] {processor.py:830} INFO - Processing file /Library/Frameworks/Python.framework/Versions/3.11/lib/python3.11/site-packages/airflow/example_dags/example_python_operator.py for tasks to queue
[2025-12-04T18:45:53.628+0500] {logging_mixin.py:188} INFO - [2025-12-04T18:45:53.628+0500] {dagbag.py:545} INFO - Filling up the DagBag from /Library/Frameworks/Python.framework/Versions/3.11/lib/python3.11/site-packages/airflow/example_dags/example_python_operator.py
[2025-12-04T18:45:53.663+0500] {processor.py:840} INFO - DAG(s) 'example_python_operator' retrieved from /Library/Frameworks/Python.framework/Versions/3.11/lib/python3.11/site-packages/airflow/example_dags/example_python_operator.py
[2025-12-04T18:45:54.182+0500] {logging_mixin.py:188} INFO - [2025-12-04T18:45:54.182+0500] {dag.py:3089} INFO - Sync 1 DAGs
[2025-12-04T18:45:54.191+0500] {logging_mixin.py:188} INFO - [2025-12-04T18:45:54.191+0500] {dag.py:3947} INFO - Setting next_dagrun for example_python_operator to None, run_after=None
[2025-12-04T18:45:54.215+0500] {processor.py:183} INFO - Processing /Library/Frameworks/Python.framework/Versions/3.11/lib/python3.11/site-packages/airflow/example_dags/example_python_operator.py took 0.593 seconds
[2025-12-04T18:47:53.367+0500] {processor.py:161} INFO - Started process (PID=12905) to work on /Library/Frameworks/Python.framework/Versions/3.11/lib/python3.11/site-packages/airflow/example_dags/example_python_operator.py
[2025-12-04T18:47:53.369+0500] {processor.py:830} INFO - Processing file /Library/Frameworks/Python.framework/Versions/3.11/lib/python3.11/site-packages/airflow/example_dags/example_python_operator.py for tasks to queue
[2025-12-04T18:47:53.370+0500] {logging_mixin.py:188} INFO - [2025-12-04T18:47:53.370+0500] {dagbag.py:545} INFO - Filling up the DagBag from /Library/Frameworks/Python.framework/Versions/3.11/lib/python3.11/site-packages/airflow/example_dags/example_python_operator.py
[2025-12-04T18:47:53.399+0500] {processor.py:840} INFO - DAG(s) 'example_python_operator' retrieved from /Library/Frameworks/Python.framework/Versions/3.11/lib/python3.11/site-packages/airflow/example_dags/example_python_operator.py
[2025-12-04T18:47:53.654+0500] {logging_mixin.py:188} INFO - [2025-12-04T18:47:53.654+0500] {dag.py:3089} INFO - Sync 1 DAGs
[2025-12-04T18:47:53.665+0500] {logging_mixin.py:188} INFO - [2025-12-04T18:47:53.664+0500] {dag.py:3947} INFO - Setting next_dagrun for example_python_operator to None, run_after=None
[2025-12-04T18:47:53.689+0500] {processor.py:183} INFO - Processing /Library/Frameworks/Python.framework/Versions/3.11/lib/python3.11/site-packages/airflow/example_dags/example_python_operator.py took 0.324 seconds
[2025-12-04T18:50:02.171+0500] {processor.py:161} INFO - Started process (PID=12975) to work on /Library/Frameworks/Python.framework/Versions/3.11/lib/python3.11/site-packages/airflow/example_dags/example_python_operator.py
[2025-12-04T18:50:02.173+0500] {processor.py:830} INFO - Processing file /Library/Frameworks/Python.framework/Versions/3.11/lib/python3.11/site-packages/airflow/example_dags/example_python_operator.py for tasks to queue
[2025-12-04T18:50:02.174+0500] {logging_mixin.py:188} INFO - [2025-12-04T18:50:02.174+0500] {dagbag.py:545} INFO - Filling up the DagBag from /Library/Frameworks/Python.framework/Versions/3.11/lib/python3.11/site-packages/airflow/example_dags/example_python_operator.py
[2025-12-04T18:50:02.207+0500] {processor.py:840} INFO - DAG(s) 'example_python_operator' retrieved from /Library/Frameworks/Python.framework/Versions/3.11/lib/python3.11/site-packages/airflow/example_dags/example_python_operator.py
[2025-12-04T18:50:02.833+0500] {logging_mixin.py:188} INFO - [2025-12-04T18:50:02.832+0500] {dag.py:3089} INFO - Sync 1 DAGs
[2025-12-04T18:50:02.843+0500] {logging_mixin.py:188} INFO - [2025-12-04T18:50:02.843+0500] {dag.py:3947} INFO - Setting next_dagrun for example_python_operator to None, run_after=None
[2025-12-04T18:50:02.869+0500] {processor.py:183} INFO - Processing /Library/Frameworks/Python.framework/Versions/3.11/lib/python3.11/site-packages/airflow/example_dags/example_python_operator.py took 0.701 seconds
[2025-12-04T18:52:25.953+0500] {processor.py:161} INFO - Started process (PID=13067) to work on /Library/Frameworks/Python.framework/Versions/3.11/lib/python3.11/site-packages/airflow/example_dags/example_python_operator.py
[2025-12-04T18:52:25.955+0500] {processor.py:830} INFO - Processing file /Library/Frameworks/Python.framework/Versions/3.11/lib/python3.11/site-packages/airflow/example_dags/example_python_operator.py for tasks to queue
[2025-12-04T18:52:25.956+0500] {logging_mixin.py:188} INFO - [2025-12-04T18:52:25.955+0500] {dagbag.py:545} INFO - Filling up the DagBag from /Library/Frameworks/Python.framework/Versions/3.11/lib/python3.11/site-packages/airflow/example_dags/example_python_operator.py
[2025-12-04T18:52:25.987+0500] {processor.py:840} INFO - DAG(s) 'example_python_operator' retrieved from /Library/Frameworks/Python.framework/Versions/3.11/lib/python3.11/site-packages/airflow/example_dags/example_python_operator.py
[2025-12-04T18:52:26.471+0500] {logging_mixin.py:188} INFO - [2025-12-04T18:52:26.471+0500] {dag.py:3089} INFO - Sync 1 DAGs
[2025-12-04T18:52:26.483+0500] {logging_mixin.py:188} INFO - [2025-12-04T18:52:26.483+0500] {dag.py:3947} INFO - Setting next_dagrun for example_python_operator to None, run_after=None
[2025-12-04T18:52:26.514+0500] {processor.py:183} INFO - Processing /Library/Frameworks/Python.framework/Versions/3.11/lib/python3.11/site-packages/airflow/example_dags/example_python_operator.py took 0.565 seconds
[2025-12-04T18:54:34.665+0500] {processor.py:161} INFO - Started process (PID=13158) to work on /Library/Frameworks/Python.framework/Versions/3.11/lib/python3.11/site-packages/airflow/example_dags/example_python_operator.py
[2025-12-04T18:54:34.667+0500] {processor.py:830} INFO - Processing file /Library/Frameworks/Python.framework/Versions/3.11/lib/python3.11/site-packages/airflow/example_dags/example_python_operator.py for tasks to queue
[2025-12-04T18:54:34.670+0500] {logging_mixin.py:188} INFO - [2025-12-04T18:54:34.670+0500] {dagbag.py:545} INFO - Filling up the DagBag from /Library/Frameworks/Python.framework/Versions/3.11/lib/python3.11/site-packages/airflow/example_dags/example_python_operator.py
[2025-12-04T18:54:34.714+0500] {processor.py:840} INFO - DAG(s) 'example_python_operator' retrieved from /Library/Frameworks/Python.framework/Versions/3.11/lib/python3.11/site-packages/airflow/example_dags/example_python_operator.py
[2025-12-04T18:54:35.046+0500] {logging_mixin.py:188} INFO - [2025-12-04T18:54:35.045+0500] {dag.py:3089} INFO - Sync 1 DAGs
[2025-12-04T18:54:35.063+0500] {logging_mixin.py:188} INFO - [2025-12-04T18:54:35.062+0500] {dag.py:3947} INFO - Setting next_dagrun for example_python_operator to None, run_after=None
[2025-12-04T18:54:35.106+0500] {processor.py:183} INFO - Processing /Library/Frameworks/Python.framework/Versions/3.11/lib/python3.11/site-packages/airflow/example_dags/example_python_operator.py took 0.444 seconds
[2025-12-04T19:34:00.596+0500] {processor.py:161} INFO - Started process (PID=14587) to work on /Library/Frameworks/Python.framework/Versions/3.11/lib/python3.11/site-packages/airflow/example_dags/example_python_operator.py
[2025-12-04T19:34:00.598+0500] {processor.py:830} INFO - Processing file /Library/Frameworks/Python.framework/Versions/3.11/lib/python3.11/site-packages/airflow/example_dags/example_python_operator.py for tasks to queue
[2025-12-04T19:34:00.599+0500] {logging_mixin.py:188} INFO - [2025-12-04T19:34:00.599+0500] {dagbag.py:545} INFO - Filling up the DagBag from /Library/Frameworks/Python.framework/Versions/3.11/lib/python3.11/site-packages/airflow/example_dags/example_python_operator.py
[2025-12-04T19:34:00.642+0500] {processor.py:840} INFO - DAG(s) 'example_python_operator' retrieved from /Library/Frameworks/Python.framework/Versions/3.11/lib/python3.11/site-packages/airflow/example_dags/example_python_operator.py
[2025-12-04T19:34:01.237+0500] {logging_mixin.py:188} INFO - [2025-12-04T19:34:01.237+0500] {dag.py:3089} INFO - Sync 1 DAGs
[2025-12-04T19:34:01.248+0500] {logging_mixin.py:188} INFO - [2025-12-04T19:34:01.247+0500] {dag.py:3947} INFO - Setting next_dagrun for example_python_operator to None, run_after=None
[2025-12-04T19:34:01.283+0500] {processor.py:183} INFO - Processing /Library/Frameworks/Python.framework/Versions/3.11/lib/python3.11/site-packages/airflow/example_dags/example_python_operator.py took 0.690 seconds
[2025-12-04T19:37:07.463+0500] {processor.py:161} INFO - Started process (PID=14727) to work on /Library/Frameworks/Python.framework/Versions/3.11/lib/python3.11/site-packages/airflow/example_dags/example_python_operator.py
[2025-12-04T19:37:07.465+0500] {processor.py:830} INFO - Processing file /Library/Frameworks/Python.framework/Versions/3.11/lib/python3.11/site-packages/airflow/example_dags/example_python_operator.py for tasks to queue
[2025-12-04T19:37:07.466+0500] {logging_mixin.py:188} INFO - [2025-12-04T19:37:07.466+0500] {dagbag.py:545} INFO - Filling up the DagBag from /Library/Frameworks/Python.framework/Versions/3.11/lib/python3.11/site-packages/airflow/example_dags/example_python_operator.py
[2025-12-04T19:37:07.502+0500] {processor.py:840} INFO - DAG(s) 'example_python_operator' retrieved from /Library/Frameworks/Python.framework/Versions/3.11/lib/python3.11/site-packages/airflow/example_dags/example_python_operator.py
[2025-12-04T19:37:07.999+0500] {logging_mixin.py:188} INFO - [2025-12-04T19:37:07.999+0500] {dag.py:3089} INFO - Sync 1 DAGs
[2025-12-04T19:37:08.008+0500] {logging_mixin.py:188} INFO - [2025-12-04T19:37:08.008+0500] {dag.py:3947} INFO - Setting next_dagrun for example_python_operator to None, run_after=None
[2025-12-04T19:37:08.031+0500] {processor.py:183} INFO - Processing /Library/Frameworks/Python.framework/Versions/3.11/lib/python3.11/site-packages/airflow/example_dags/example_python_operator.py took 0.571 seconds
[2025-12-04T19:39:11.385+0500] {processor.py:161} INFO - Started process (PID=14798) to work on /Library/Frameworks/Python.framework/Versions/3.11/lib/python3.11/site-packages/airflow/example_dags/example_python_operator.py
[2025-12-04T19:39:11.388+0500] {processor.py:830} INFO - Processing file /Library/Frameworks/Python.framework/Versions/3.11/lib/python3.11/site-packages/airflow/example_dags/example_python_operator.py for tasks to queue
[2025-12-04T19:39:11.389+0500] {logging_mixin.py:188} INFO - [2025-12-04T19:39:11.388+0500] {dagbag.py:545} INFO - Filling up the DagBag from /Library/Frameworks/Python.framework/Versions/3.11/lib/python3.11/site-packages/airflow/example_dags/example_python_operator.py
[2025-12-04T19:39:11.422+0500] {processor.py:840} INFO - DAG(s) 'example_python_operator' retrieved from /Library/Frameworks/Python.framework/Versions/3.11/lib/python3.11/site-packages/airflow/example_dags/example_python_operator.py
[2025-12-04T19:39:11.938+0500] {logging_mixin.py:188} INFO - [2025-12-04T19:39:11.938+0500] {dag.py:3089} INFO - Sync 1 DAGs
[2025-12-04T19:39:11.949+0500] {logging_mixin.py:188} INFO - [2025-12-04T19:39:11.949+0500] {dag.py:3947} INFO - Setting next_dagrun for example_python_operator to None, run_after=None
[2025-12-04T19:39:11.977+0500] {processor.py:183} INFO - Processing /Library/Frameworks/Python.framework/Versions/3.11/lib/python3.11/site-packages/airflow/example_dags/example_python_operator.py took 0.596 seconds
[2025-12-04T19:41:24.856+0500] {processor.py:161} INFO - Started process (PID=14889) to work on /Library/Frameworks/Python.framework/Versions/3.11/lib/python3.11/site-packages/airflow/example_dags/example_python_operator.py
[2025-12-04T19:41:24.858+0500] {processor.py:830} INFO - Processing file /Library/Frameworks/Python.framework/Versions/3.11/lib/python3.11/site-packages/airflow/example_dags/example_python_operator.py for tasks to queue
[2025-12-04T19:41:24.859+0500] {logging_mixin.py:188} INFO - [2025-12-04T19:41:24.859+0500] {dagbag.py:545} INFO - Filling up the DagBag from /Library/Frameworks/Python.framework/Versions/3.11/lib/python3.11/site-packages/airflow/example_dags/example_python_operator.py
[2025-12-04T19:41:24.891+0500] {processor.py:840} INFO - DAG(s) 'example_python_operator' retrieved from /Library/Frameworks/Python.framework/Versions/3.11/lib/python3.11/site-packages/airflow/example_dags/example_python_operator.py
[2025-12-04T19:41:25.376+0500] {logging_mixin.py:188} INFO - [2025-12-04T19:41:25.376+0500] {dag.py:3089} INFO - Sync 1 DAGs
[2025-12-04T19:41:25.387+0500] {logging_mixin.py:188} INFO - [2025-12-04T19:41:25.386+0500] {dag.py:3947} INFO - Setting next_dagrun for example_python_operator to None, run_after=None
[2025-12-04T19:41:25.416+0500] {processor.py:183} INFO - Processing /Library/Frameworks/Python.framework/Versions/3.11/lib/python3.11/site-packages/airflow/example_dags/example_python_operator.py took 0.564 seconds
[2025-12-04T19:43:40.242+0500] {processor.py:161} INFO - Started process (PID=14960) to work on /Library/Frameworks/Python.framework/Versions/3.11/lib/python3.11/site-packages/airflow/example_dags/example_python_operator.py
[2025-12-04T19:43:40.244+0500] {processor.py:830} INFO - Processing file /Library/Frameworks/Python.framework/Versions/3.11/lib/python3.11/site-packages/airflow/example_dags/example_python_operator.py for tasks to queue
[2025-12-04T19:43:40.245+0500] {logging_mixin.py:188} INFO - [2025-12-04T19:43:40.245+0500] {dagbag.py:545} INFO - Filling up the DagBag from /Library/Frameworks/Python.framework/Versions/3.11/lib/python3.11/site-packages/airflow/example_dags/example_python_operator.py
[2025-12-04T19:43:40.279+0500] {processor.py:840} INFO - DAG(s) 'example_python_operator' retrieved from /Library/Frameworks/Python.framework/Versions/3.11/lib/python3.11/site-packages/airflow/example_dags/example_python_operator.py
[2025-12-04T19:43:40.616+0500] {logging_mixin.py:188} INFO - [2025-12-04T19:43:40.616+0500] {dag.py:3089} INFO - Sync 1 DAGs
[2025-12-04T19:43:40.626+0500] {logging_mixin.py:188} INFO - [2025-12-04T19:43:40.626+0500] {dag.py:3947} INFO - Setting next_dagrun for example_python_operator to None, run_after=None
[2025-12-04T19:43:40.650+0500] {processor.py:183} INFO - Processing /Library/Frameworks/Python.framework/Versions/3.11/lib/python3.11/site-packages/airflow/example_dags/example_python_operator.py took 0.411 seconds
[2025-12-04T19:46:01.175+0500] {processor.py:161} INFO - Started process (PID=15037) to work on /Library/Frameworks/Python.framework/Versions/3.11/lib/python3.11/site-packages/airflow/example_dags/example_python_operator.py
[2025-12-04T19:46:01.178+0500] {processor.py:830} INFO - Processing file /Library/Frameworks/Python.framework/Versions/3.11/lib/python3.11/site-packages/airflow/example_dags/example_python_operator.py for tasks to queue
[2025-12-04T19:46:01.179+0500] {logging_mixin.py:188} INFO - [2025-12-04T19:46:01.178+0500] {dagbag.py:545} INFO - Filling up the DagBag from /Library/Frameworks/Python.framework/Versions/3.11/lib/python3.11/site-packages/airflow/example_dags/example_python_operator.py
[2025-12-04T19:46:01.223+0500] {processor.py:840} INFO - DAG(s) 'example_python_operator' retrieved from /Library/Frameworks/Python.framework/Versions/3.11/lib/python3.11/site-packages/airflow/example_dags/example_python_operator.py
[2025-12-04T19:46:01.762+0500] {logging_mixin.py:188} INFO - [2025-12-04T19:46:01.761+0500] {dag.py:3089} INFO - Sync 1 DAGs
[2025-12-04T19:46:01.771+0500] {logging_mixin.py:188} INFO - [2025-12-04T19:46:01.770+0500] {dag.py:3947} INFO - Setting next_dagrun for example_python_operator to None, run_after=None
[2025-12-04T19:46:01.794+0500] {processor.py:183} INFO - Processing /Library/Frameworks/Python.framework/Versions/3.11/lib/python3.11/site-packages/airflow/example_dags/example_python_operator.py took 0.624 seconds
[2025-12-04T19:48:25.024+0500] {processor.py:161} INFO - Started process (PID=15134) to work on /Library/Frameworks/Python.framework/Versions/3.11/lib/python3.11/site-packages/airflow/example_dags/example_python_operator.py
[2025-12-04T19:48:25.026+0500] {processor.py:830} INFO - Processing file /Library/Frameworks/Python.framework/Versions/3.11/lib/python3.11/site-packages/airflow/example_dags/example_python_operator.py for tasks to queue
[2025-12-04T19:48:25.027+0500] {logging_mixin.py:188} INFO - [2025-12-04T19:48:25.027+0500] {dagbag.py:545} INFO - Filling up the DagBag from /Library/Frameworks/Python.framework/Versions/3.11/lib/python3.11/site-packages/airflow/example_dags/example_python_operator.py
[2025-12-04T19:48:25.059+0500] {processor.py:840} INFO - DAG(s) 'example_python_operator' retrieved from /Library/Frameworks/Python.framework/Versions/3.11/lib/python3.11/site-packages/airflow/example_dags/example_python_operator.py
[2025-12-04T19:48:25.561+0500] {logging_mixin.py:188} INFO - [2025-12-04T19:48:25.561+0500] {dag.py:3089} INFO - Sync 1 DAGs
[2025-12-04T19:48:25.570+0500] {logging_mixin.py:188} INFO - [2025-12-04T19:48:25.570+0500] {dag.py:3947} INFO - Setting next_dagrun for example_python_operator to None, run_after=None
[2025-12-04T19:48:25.592+0500] {processor.py:183} INFO - Processing /Library/Frameworks/Python.framework/Versions/3.11/lib/python3.11/site-packages/airflow/example_dags/example_python_operator.py took 0.573 seconds
[2025-12-04T19:50:27.213+0500] {processor.py:161} INFO - Started process (PID=15201) to work on /Library/Frameworks/Python.framework/Versions/3.11/lib/python3.11/site-packages/airflow/example_dags/example_python_operator.py
[2025-12-04T19:50:27.216+0500] {processor.py:830} INFO - Processing file /Library/Frameworks/Python.framework/Versions/3.11/lib/python3.11/site-packages/airflow/example_dags/example_python_operator.py for tasks to queue
[2025-12-04T19:50:27.217+0500] {logging_mixin.py:188} INFO - [2025-12-04T19:50:27.216+0500] {dagbag.py:545} INFO - Filling up the DagBag from /Library/Frameworks/Python.framework/Versions/3.11/lib/python3.11/site-packages/airflow/example_dags/example_python_operator.py
[2025-12-04T19:50:27.250+0500] {processor.py:840} INFO - DAG(s) 'example_python_operator' retrieved from /Library/Frameworks/Python.framework/Versions/3.11/lib/python3.11/site-packages/airflow/example_dags/example_python_operator.py
[2025-12-04T19:50:27.672+0500] {logging_mixin.py:188} INFO - [2025-12-04T19:50:27.671+0500] {dag.py:3089} INFO - Sync 1 DAGs
[2025-12-04T19:50:27.680+0500] {logging_mixin.py:188} INFO - [2025-12-04T19:50:27.680+0500] {dag.py:3947} INFO - Setting next_dagrun for example_python_operator to None, run_after=None
[2025-12-04T19:50:27.725+0500] {processor.py:183} INFO - Processing /Library/Frameworks/Python.framework/Versions/3.11/lib/python3.11/site-packages/airflow/example_dags/example_python_operator.py took 0.514 seconds
[2025-12-04T19:52:24.984+0500] {processor.py:161} INFO - Started process (PID=15313) to work on /Library/Frameworks/Python.framework/Versions/3.11/lib/python3.11/site-packages/airflow/example_dags/example_python_operator.py
[2025-12-04T19:52:24.986+0500] {processor.py:830} INFO - Processing file /Library/Frameworks/Python.framework/Versions/3.11/lib/python3.11/site-packages/airflow/example_dags/example_python_operator.py for tasks to queue
[2025-12-04T19:52:24.987+0500] {logging_mixin.py:188} INFO - [2025-12-04T19:52:24.986+0500] {dagbag.py:545} INFO - Filling up the DagBag from /Library/Frameworks/Python.framework/Versions/3.11/lib/python3.11/site-packages/airflow/example_dags/example_python_operator.py
[2025-12-04T19:52:25.021+0500] {processor.py:840} INFO - DAG(s) 'example_python_operator' retrieved from /Library/Frameworks/Python.framework/Versions/3.11/lib/python3.11/site-packages/airflow/example_dags/example_python_operator.py
[2025-12-04T19:52:25.570+0500] {logging_mixin.py:188} INFO - [2025-12-04T19:52:25.570+0500] {dag.py:3089} INFO - Sync 1 DAGs
[2025-12-04T19:52:25.579+0500] {logging_mixin.py:188} INFO - [2025-12-04T19:52:25.579+0500] {dag.py:3947} INFO - Setting next_dagrun for example_python_operator to None, run_after=None
[2025-12-04T19:52:25.603+0500] {processor.py:183} INFO - Processing /Library/Frameworks/Python.framework/Versions/3.11/lib/python3.11/site-packages/airflow/example_dags/example_python_operator.py took 0.622 seconds
[2025-12-04T19:54:22.636+0500] {processor.py:161} INFO - Started process (PID=15382) to work on /Library/Frameworks/Python.framework/Versions/3.11/lib/python3.11/site-packages/airflow/example_dags/example_python_operator.py
[2025-12-04T19:54:22.637+0500] {processor.py:830} INFO - Processing file /Library/Frameworks/Python.framework/Versions/3.11/lib/python3.11/site-packages/airflow/example_dags/example_python_operator.py for tasks to queue
[2025-12-04T19:54:22.637+0500] {logging_mixin.py:188} INFO - [2025-12-04T19:54:22.637+0500] {dagbag.py:545} INFO - Filling up the DagBag from /Library/Frameworks/Python.framework/Versions/3.11/lib/python3.11/site-packages/airflow/example_dags/example_python_operator.py
[2025-12-04T19:54:22.668+0500] {processor.py:840} INFO - DAG(s) 'example_python_operator' retrieved from /Library/Frameworks/Python.framework/Versions/3.11/lib/python3.11/site-packages/airflow/example_dags/example_python_operator.py
[2025-12-04T19:54:22.921+0500] {logging_mixin.py:188} INFO - [2025-12-04T19:54:22.920+0500] {dag.py:3089} INFO - Sync 1 DAGs
[2025-12-04T19:54:22.930+0500] {logging_mixin.py:188} INFO - [2025-12-04T19:54:22.929+0500] {dag.py:3947} INFO - Setting next_dagrun for example_python_operator to None, run_after=None
[2025-12-04T19:54:22.951+0500] {processor.py:183} INFO - Processing /Library/Frameworks/Python.framework/Versions/3.11/lib/python3.11/site-packages/airflow/example_dags/example_python_operator.py took 0.318 seconds
[2025-12-04T19:56:18.348+0500] {processor.py:161} INFO - Started process (PID=15445) to work on /Library/Frameworks/Python.framework/Versions/3.11/lib/python3.11/site-packages/airflow/example_dags/example_python_operator.py
[2025-12-04T19:56:18.350+0500] {processor.py:830} INFO - Processing file /Library/Frameworks/Python.framework/Versions/3.11/lib/python3.11/site-packages/airflow/example_dags/example_python_operator.py for tasks to queue
[2025-12-04T19:56:18.351+0500] {logging_mixin.py:188} INFO - [2025-12-04T19:56:18.351+0500] {dagbag.py:545} INFO - Filling up the DagBag from /Library/Frameworks/Python.framework/Versions/3.11/lib/python3.11/site-packages/airflow/example_dags/example_python_operator.py
[2025-12-04T19:56:18.379+0500] {processor.py:840} INFO - DAG(s) 'example_python_operator' retrieved from /Library/Frameworks/Python.framework/Versions/3.11/lib/python3.11/site-packages/airflow/example_dags/example_python_operator.py
[2025-12-04T19:56:18.633+0500] {logging_mixin.py:188} INFO - [2025-12-04T19:56:18.632+0500] {dag.py:3089} INFO - Sync 1 DAGs
[2025-12-04T19:56:18.642+0500] {logging_mixin.py:188} INFO - [2025-12-04T19:56:18.642+0500] {dag.py:3947} INFO - Setting next_dagrun for example_python_operator to None, run_after=None
[2025-12-04T19:56:18.663+0500] {processor.py:183} INFO - Processing /Library/Frameworks/Python.framework/Versions/3.11/lib/python3.11/site-packages/airflow/example_dags/example_python_operator.py took 0.319 seconds
[2025-12-04T19:58:11.951+0500] {processor.py:161} INFO - Started process (PID=15511) to work on /Library/Frameworks/Python.framework/Versions/3.11/lib/python3.11/site-packages/airflow/example_dags/example_python_operator.py
[2025-12-04T19:58:11.953+0500] {processor.py:830} INFO - Processing file /Library/Frameworks/Python.framework/Versions/3.11/lib/python3.11/site-packages/airflow/example_dags/example_python_operator.py for tasks to queue
[2025-12-04T19:58:11.955+0500] {logging_mixin.py:188} INFO - [2025-12-04T19:58:11.954+0500] {dagbag.py:545} INFO - Filling up the DagBag from /Library/Frameworks/Python.framework/Versions/3.11/lib/python3.11/site-packages/airflow/example_dags/example_python_operator.py
[2025-12-04T19:58:11.983+0500] {processor.py:840} INFO - DAG(s) 'example_python_operator' retrieved from /Library/Frameworks/Python.framework/Versions/3.11/lib/python3.11/site-packages/airflow/example_dags/example_python_operator.py
[2025-12-04T19:58:12.229+0500] {logging_mixin.py:188} INFO - [2025-12-04T19:58:12.229+0500] {dag.py:3089} INFO - Sync 1 DAGs
[2025-12-04T19:58:12.238+0500] {logging_mixin.py:188} INFO - [2025-12-04T19:58:12.238+0500] {dag.py:3947} INFO - Setting next_dagrun for example_python_operator to None, run_after=None
[2025-12-04T19:58:12.259+0500] {processor.py:183} INFO - Processing /Library/Frameworks/Python.framework/Versions/3.11/lib/python3.11/site-packages/airflow/example_dags/example_python_operator.py took 0.310 seconds
[2025-12-04T20:42:14.555+0500] {processor.py:161} INFO - Started process (PID=15631) to work on /Library/Frameworks/Python.framework/Versions/3.11/lib/python3.11/site-packages/airflow/example_dags/example_python_operator.py
[2025-12-04T20:42:14.558+0500] {processor.py:830} INFO - Processing file /Library/Frameworks/Python.framework/Versions/3.11/lib/python3.11/site-packages/airflow/example_dags/example_python_operator.py for tasks to queue
[2025-12-04T20:42:14.559+0500] {logging_mixin.py:188} INFO - [2025-12-04T20:42:14.558+0500] {dagbag.py:545} INFO - Filling up the DagBag from /Library/Frameworks/Python.framework/Versions/3.11/lib/python3.11/site-packages/airflow/example_dags/example_python_operator.py
[2025-12-04T20:42:14.594+0500] {processor.py:840} INFO - DAG(s) 'example_python_operator' retrieved from /Library/Frameworks/Python.framework/Versions/3.11/lib/python3.11/site-packages/airflow/example_dags/example_python_operator.py
[2025-12-04T20:42:15.352+0500] {logging_mixin.py:188} INFO - [2025-12-04T20:42:15.351+0500] {dag.py:3089} INFO - Sync 1 DAGs
[2025-12-04T20:42:15.366+0500] {logging_mixin.py:188} INFO - [2025-12-04T20:42:15.365+0500] {dag.py:3947} INFO - Setting next_dagrun for example_python_operator to None, run_after=None
[2025-12-04T20:42:15.401+0500] {processor.py:183} INFO - Processing /Library/Frameworks/Python.framework/Versions/3.11/lib/python3.11/site-packages/airflow/example_dags/example_python_operator.py took 0.849 seconds
[2025-12-04T20:45:14.090+0500] {processor.py:161} INFO - Started process (PID=15788) to work on /Library/Frameworks/Python.framework/Versions/3.11/lib/python3.11/site-packages/airflow/example_dags/example_python_operator.py
[2025-12-04T20:45:14.092+0500] {processor.py:830} INFO - Processing file /Library/Frameworks/Python.framework/Versions/3.11/lib/python3.11/site-packages/airflow/example_dags/example_python_operator.py for tasks to queue
[2025-12-04T20:45:14.093+0500] {logging_mixin.py:188} INFO - [2025-12-04T20:45:14.093+0500] {dagbag.py:545} INFO - Filling up the DagBag from /Library/Frameworks/Python.framework/Versions/3.11/lib/python3.11/site-packages/airflow/example_dags/example_python_operator.py
[2025-12-04T20:45:14.134+0500] {processor.py:840} INFO - DAG(s) 'example_python_operator' retrieved from /Library/Frameworks/Python.framework/Versions/3.11/lib/python3.11/site-packages/airflow/example_dags/example_python_operator.py
[2025-12-04T20:45:14.683+0500] {logging_mixin.py:188} INFO - [2025-12-04T20:45:14.683+0500] {dag.py:3089} INFO - Sync 1 DAGs
[2025-12-04T20:45:14.695+0500] {logging_mixin.py:188} INFO - [2025-12-04T20:45:14.695+0500] {dag.py:3947} INFO - Setting next_dagrun for example_python_operator to None, run_after=None
[2025-12-04T20:45:14.724+0500] {processor.py:183} INFO - Processing /Library/Frameworks/Python.framework/Versions/3.11/lib/python3.11/site-packages/airflow/example_dags/example_python_operator.py took 0.639 seconds
[2025-12-04T20:47:42.407+0500] {processor.py:161} INFO - Started process (PID=15866) to work on /Library/Frameworks/Python.framework/Versions/3.11/lib/python3.11/site-packages/airflow/example_dags/example_python_operator.py
[2025-12-04T20:47:42.409+0500] {processor.py:830} INFO - Processing file /Library/Frameworks/Python.framework/Versions/3.11/lib/python3.11/site-packages/airflow/example_dags/example_python_operator.py for tasks to queue
[2025-12-04T20:47:42.410+0500] {logging_mixin.py:188} INFO - [2025-12-04T20:47:42.410+0500] {dagbag.py:545} INFO - Filling up the DagBag from /Library/Frameworks/Python.framework/Versions/3.11/lib/python3.11/site-packages/airflow/example_dags/example_python_operator.py
[2025-12-04T20:47:42.438+0500] {processor.py:840} INFO - DAG(s) 'example_python_operator' retrieved from /Library/Frameworks/Python.framework/Versions/3.11/lib/python3.11/site-packages/airflow/example_dags/example_python_operator.py
[2025-12-04T20:47:42.684+0500] {logging_mixin.py:188} INFO - [2025-12-04T20:47:42.683+0500] {dag.py:3089} INFO - Sync 1 DAGs
[2025-12-04T20:47:42.692+0500] {logging_mixin.py:188} INFO - [2025-12-04T20:47:42.692+0500] {dag.py:3947} INFO - Setting next_dagrun for example_python_operator to None, run_after=None
[2025-12-04T20:47:42.713+0500] {processor.py:183} INFO - Processing /Library/Frameworks/Python.framework/Versions/3.11/lib/python3.11/site-packages/airflow/example_dags/example_python_operator.py took 0.309 seconds
