[2025-12-04T18:19:02.517+0500] {processor.py:161} INFO - Started process (PID=11707) to work on /Library/Frameworks/Python.framework/Versions/3.11/lib/python3.11/site-packages/airflow/example_dags/example_short_circuit_operator.py
[2025-12-04T18:19:02.517+0500] {processor.py:830} INFO - Processing file /Library/Frameworks/Python.framework/Versions/3.11/lib/python3.11/site-packages/airflow/example_dags/example_short_circuit_operator.py for tasks to queue
[2025-12-04T18:19:02.518+0500] {logging_mixin.py:188} INFO - [2025-12-04T18:19:02.518+0500] {dagbag.py:545} INFO - Filling up the DagBag from /Library/Frameworks/Python.framework/Versions/3.11/lib/python3.11/site-packages/airflow/example_dags/example_short_circuit_operator.py
[2025-12-04T18:19:02.546+0500] {processor.py:840} INFO - DAG(s) 'example_short_circuit_operator' retrieved from /Library/Frameworks/Python.framework/Versions/3.11/lib/python3.11/site-packages/airflow/example_dags/example_short_circuit_operator.py
[2025-12-04T18:19:02.808+0500] {logging_mixin.py:188} INFO - [2025-12-04T18:19:02.808+0500] {override.py:1858} INFO - Created Permission View: can delete on DAG:example_short_circuit_operator
[2025-12-04T18:19:02.819+0500] {logging_mixin.py:188} INFO - [2025-12-04T18:19:02.819+0500] {override.py:1858} INFO - Created Permission View: can edit on DAG:example_short_circuit_operator
[2025-12-04T18:19:02.827+0500] {logging_mixin.py:188} INFO - [2025-12-04T18:19:02.826+0500] {override.py:1858} INFO - Created Permission View: can read on DAG:example_short_circuit_operator
[2025-12-04T18:19:02.828+0500] {logging_mixin.py:188} INFO - [2025-12-04T18:19:02.827+0500] {dag.py:3089} INFO - Sync 1 DAGs
[2025-12-04T18:19:02.837+0500] {logging_mixin.py:188} INFO - [2025-12-04T18:19:02.837+0500] {dag.py:3111} INFO - Creating ORM DAG for example_short_circuit_operator
[2025-12-04T18:19:02.845+0500] {logging_mixin.py:188} INFO - [2025-12-04T18:19:02.845+0500] {dag.py:3947} INFO - Setting next_dagrun for example_short_circuit_operator to 2025-12-03 00:00:00+00:00, run_after=2025-12-04 00:00:00+00:00
[2025-12-04T18:19:02.865+0500] {processor.py:183} INFO - Processing /Library/Frameworks/Python.framework/Versions/3.11/lib/python3.11/site-packages/airflow/example_dags/example_short_circuit_operator.py took 0.351 seconds
[2025-12-04T18:21:49.750+0500] {processor.py:161} INFO - Started process (PID=11803) to work on /Library/Frameworks/Python.framework/Versions/3.11/lib/python3.11/site-packages/airflow/example_dags/example_short_circuit_operator.py
[2025-12-04T18:21:49.752+0500] {processor.py:830} INFO - Processing file /Library/Frameworks/Python.framework/Versions/3.11/lib/python3.11/site-packages/airflow/example_dags/example_short_circuit_operator.py for tasks to queue
[2025-12-04T18:21:49.753+0500] {logging_mixin.py:188} INFO - [2025-12-04T18:21:49.753+0500] {dagbag.py:545} INFO - Filling up the DagBag from /Library/Frameworks/Python.framework/Versions/3.11/lib/python3.11/site-packages/airflow/example_dags/example_short_circuit_operator.py
[2025-12-04T18:21:49.781+0500] {processor.py:840} INFO - DAG(s) 'example_short_circuit_operator' retrieved from /Library/Frameworks/Python.framework/Versions/3.11/lib/python3.11/site-packages/airflow/example_dags/example_short_circuit_operator.py
[2025-12-04T18:21:49.897+0500] {logging_mixin.py:188} INFO - [2025-12-04T18:21:49.897+0500] {dag.py:3089} INFO - Sync 1 DAGs
[2025-12-04T18:21:49.916+0500] {logging_mixin.py:188} INFO - [2025-12-04T18:21:49.916+0500] {dag.py:3947} INFO - Setting next_dagrun for example_short_circuit_operator to 2025-12-03 00:00:00+00:00, run_after=2025-12-04 00:00:00+00:00
[2025-12-04T18:21:49.936+0500] {processor.py:183} INFO - Processing /Library/Frameworks/Python.framework/Versions/3.11/lib/python3.11/site-packages/airflow/example_dags/example_short_circuit_operator.py took 0.189 seconds
[2025-12-04T18:23:53.927+0500] {processor.py:161} INFO - Started process (PID=11880) to work on /Library/Frameworks/Python.framework/Versions/3.11/lib/python3.11/site-packages/airflow/example_dags/example_short_circuit_operator.py
[2025-12-04T18:23:53.928+0500] {processor.py:830} INFO - Processing file /Library/Frameworks/Python.framework/Versions/3.11/lib/python3.11/site-packages/airflow/example_dags/example_short_circuit_operator.py for tasks to queue
[2025-12-04T18:23:53.930+0500] {logging_mixin.py:188} INFO - [2025-12-04T18:23:53.929+0500] {dagbag.py:545} INFO - Filling up the DagBag from /Library/Frameworks/Python.framework/Versions/3.11/lib/python3.11/site-packages/airflow/example_dags/example_short_circuit_operator.py
[2025-12-04T18:23:53.958+0500] {processor.py:840} INFO - DAG(s) 'example_short_circuit_operator' retrieved from /Library/Frameworks/Python.framework/Versions/3.11/lib/python3.11/site-packages/airflow/example_dags/example_short_circuit_operator.py
[2025-12-04T18:23:54.072+0500] {logging_mixin.py:188} INFO - [2025-12-04T18:23:54.071+0500] {dag.py:3089} INFO - Sync 1 DAGs
[2025-12-04T18:23:54.089+0500] {logging_mixin.py:188} INFO - [2025-12-04T18:23:54.088+0500] {dag.py:3947} INFO - Setting next_dagrun for example_short_circuit_operator to 2025-12-03 00:00:00+00:00, run_after=2025-12-04 00:00:00+00:00
[2025-12-04T18:23:54.109+0500] {processor.py:183} INFO - Processing /Library/Frameworks/Python.framework/Versions/3.11/lib/python3.11/site-packages/airflow/example_dags/example_short_circuit_operator.py took 0.185 seconds
[2025-12-04T18:25:59.354+0500] {processor.py:161} INFO - Started process (PID=11980) to work on /Library/Frameworks/Python.framework/Versions/3.11/lib/python3.11/site-packages/airflow/example_dags/example_short_circuit_operator.py
[2025-12-04T18:25:59.356+0500] {processor.py:830} INFO - Processing file /Library/Frameworks/Python.framework/Versions/3.11/lib/python3.11/site-packages/airflow/example_dags/example_short_circuit_operator.py for tasks to queue
[2025-12-04T18:25:59.357+0500] {logging_mixin.py:188} INFO - [2025-12-04T18:25:59.357+0500] {dagbag.py:545} INFO - Filling up the DagBag from /Library/Frameworks/Python.framework/Versions/3.11/lib/python3.11/site-packages/airflow/example_dags/example_short_circuit_operator.py
[2025-12-04T18:25:59.390+0500] {processor.py:840} INFO - DAG(s) 'example_short_circuit_operator' retrieved from /Library/Frameworks/Python.framework/Versions/3.11/lib/python3.11/site-packages/airflow/example_dags/example_short_circuit_operator.py
[2025-12-04T18:25:59.530+0500] {logging_mixin.py:188} INFO - [2025-12-04T18:25:59.529+0500] {dag.py:3089} INFO - Sync 1 DAGs
[2025-12-04T18:25:59.551+0500] {logging_mixin.py:188} INFO - [2025-12-04T18:25:59.550+0500] {dag.py:3947} INFO - Setting next_dagrun for example_short_circuit_operator to 2025-12-03 00:00:00+00:00, run_after=2025-12-04 00:00:00+00:00
[2025-12-04T18:25:59.574+0500] {processor.py:183} INFO - Processing /Library/Frameworks/Python.framework/Versions/3.11/lib/python3.11/site-packages/airflow/example_dags/example_short_circuit_operator.py took 0.222 seconds
[2025-12-04T18:28:15.147+0500] {processor.py:161} INFO - Started process (PID=12102) to work on /Library/Frameworks/Python.framework/Versions/3.11/lib/python3.11/site-packages/airflow/example_dags/example_short_circuit_operator.py
[2025-12-04T18:28:15.149+0500] {processor.py:830} INFO - Processing file /Library/Frameworks/Python.framework/Versions/3.11/lib/python3.11/site-packages/airflow/example_dags/example_short_circuit_operator.py for tasks to queue
[2025-12-04T18:28:15.150+0500] {logging_mixin.py:188} INFO - [2025-12-04T18:28:15.150+0500] {dagbag.py:545} INFO - Filling up the DagBag from /Library/Frameworks/Python.framework/Versions/3.11/lib/python3.11/site-packages/airflow/example_dags/example_short_circuit_operator.py
[2025-12-04T18:28:15.179+0500] {processor.py:840} INFO - DAG(s) 'example_short_circuit_operator' retrieved from /Library/Frameworks/Python.framework/Versions/3.11/lib/python3.11/site-packages/airflow/example_dags/example_short_circuit_operator.py
[2025-12-04T18:28:15.299+0500] {logging_mixin.py:188} INFO - [2025-12-04T18:28:15.299+0500] {dag.py:3089} INFO - Sync 1 DAGs
[2025-12-04T18:28:15.317+0500] {logging_mixin.py:188} INFO - [2025-12-04T18:28:15.317+0500] {dag.py:3947} INFO - Setting next_dagrun for example_short_circuit_operator to 2025-12-03 00:00:00+00:00, run_after=2025-12-04 00:00:00+00:00
[2025-12-04T18:28:15.341+0500] {processor.py:183} INFO - Processing /Library/Frameworks/Python.framework/Versions/3.11/lib/python3.11/site-packages/airflow/example_dags/example_short_circuit_operator.py took 0.197 seconds
[2025-12-04T18:30:47.214+0500] {processor.py:161} INFO - Started process (PID=12208) to work on /Library/Frameworks/Python.framework/Versions/3.11/lib/python3.11/site-packages/airflow/example_dags/example_short_circuit_operator.py
[2025-12-04T18:30:47.216+0500] {processor.py:830} INFO - Processing file /Library/Frameworks/Python.framework/Versions/3.11/lib/python3.11/site-packages/airflow/example_dags/example_short_circuit_operator.py for tasks to queue
[2025-12-04T18:30:47.217+0500] {logging_mixin.py:188} INFO - [2025-12-04T18:30:47.216+0500] {dagbag.py:545} INFO - Filling up the DagBag from /Library/Frameworks/Python.framework/Versions/3.11/lib/python3.11/site-packages/airflow/example_dags/example_short_circuit_operator.py
[2025-12-04T18:30:47.282+0500] {processor.py:840} INFO - DAG(s) 'example_short_circuit_operator' retrieved from /Library/Frameworks/Python.framework/Versions/3.11/lib/python3.11/site-packages/airflow/example_dags/example_short_circuit_operator.py
[2025-12-04T18:30:47.499+0500] {logging_mixin.py:188} INFO - [2025-12-04T18:30:47.499+0500] {dag.py:3089} INFO - Sync 1 DAGs
[2025-12-04T18:30:47.539+0500] {logging_mixin.py:188} INFO - [2025-12-04T18:30:47.538+0500] {dag.py:3947} INFO - Setting next_dagrun for example_short_circuit_operator to 2025-12-03 00:00:00+00:00, run_after=2025-12-04 00:00:00+00:00
[2025-12-04T18:30:47.581+0500] {processor.py:183} INFO - Processing /Library/Frameworks/Python.framework/Versions/3.11/lib/python3.11/site-packages/airflow/example_dags/example_short_circuit_operator.py took 0.371 seconds
[2025-12-04T18:33:11.235+0500] {processor.py:161} INFO - Started process (PID=12318) to work on /Library/Frameworks/Python.framework/Versions/3.11/lib/python3.11/site-packages/airflow/example_dags/example_short_circuit_operator.py
[2025-12-04T18:33:11.236+0500] {processor.py:830} INFO - Processing file /Library/Frameworks/Python.framework/Versions/3.11/lib/python3.11/site-packages/airflow/example_dags/example_short_circuit_operator.py for tasks to queue
[2025-12-04T18:33:11.242+0500] {logging_mixin.py:188} INFO - [2025-12-04T18:33:11.242+0500] {dagbag.py:545} INFO - Filling up the DagBag from /Library/Frameworks/Python.framework/Versions/3.11/lib/python3.11/site-packages/airflow/example_dags/example_short_circuit_operator.py
[2025-12-04T18:33:11.288+0500] {processor.py:840} INFO - DAG(s) 'example_short_circuit_operator' retrieved from /Library/Frameworks/Python.framework/Versions/3.11/lib/python3.11/site-packages/airflow/example_dags/example_short_circuit_operator.py
[2025-12-04T18:33:11.443+0500] {logging_mixin.py:188} INFO - [2025-12-04T18:33:11.443+0500] {dag.py:3089} INFO - Sync 1 DAGs
[2025-12-04T18:33:11.467+0500] {logging_mixin.py:188} INFO - [2025-12-04T18:33:11.467+0500] {dag.py:3947} INFO - Setting next_dagrun for example_short_circuit_operator to 2025-12-03 00:00:00+00:00, run_after=2025-12-04 00:00:00+00:00
[2025-12-04T18:33:11.514+0500] {processor.py:183} INFO - Processing /Library/Frameworks/Python.framework/Versions/3.11/lib/python3.11/site-packages/airflow/example_dags/example_short_circuit_operator.py took 0.284 seconds
[2025-12-04T18:35:23.614+0500] {processor.py:161} INFO - Started process (PID=12418) to work on /Library/Frameworks/Python.framework/Versions/3.11/lib/python3.11/site-packages/airflow/example_dags/example_short_circuit_operator.py
[2025-12-04T18:35:23.616+0500] {processor.py:830} INFO - Processing file /Library/Frameworks/Python.framework/Versions/3.11/lib/python3.11/site-packages/airflow/example_dags/example_short_circuit_operator.py for tasks to queue
[2025-12-04T18:35:23.617+0500] {logging_mixin.py:188} INFO - [2025-12-04T18:35:23.617+0500] {dagbag.py:545} INFO - Filling up the DagBag from /Library/Frameworks/Python.framework/Versions/3.11/lib/python3.11/site-packages/airflow/example_dags/example_short_circuit_operator.py
[2025-12-04T18:35:23.645+0500] {processor.py:840} INFO - DAG(s) 'example_short_circuit_operator' retrieved from /Library/Frameworks/Python.framework/Versions/3.11/lib/python3.11/site-packages/airflow/example_dags/example_short_circuit_operator.py
[2025-12-04T18:35:23.758+0500] {logging_mixin.py:188} INFO - [2025-12-04T18:35:23.758+0500] {dag.py:3089} INFO - Sync 1 DAGs
[2025-12-04T18:35:23.776+0500] {logging_mixin.py:188} INFO - [2025-12-04T18:35:23.775+0500] {dag.py:3947} INFO - Setting next_dagrun for example_short_circuit_operator to 2025-12-03 00:00:00+00:00, run_after=2025-12-04 00:00:00+00:00
[2025-12-04T18:35:23.797+0500] {processor.py:183} INFO - Processing /Library/Frameworks/Python.framework/Versions/3.11/lib/python3.11/site-packages/airflow/example_dags/example_short_circuit_operator.py took 0.186 seconds
[2025-12-04T18:37:22.417+0500] {processor.py:161} INFO - Started process (PID=12482) to work on /Library/Frameworks/Python.framework/Versions/3.11/lib/python3.11/site-packages/airflow/example_dags/example_short_circuit_operator.py
[2025-12-04T18:37:22.419+0500] {processor.py:830} INFO - Processing file /Library/Frameworks/Python.framework/Versions/3.11/lib/python3.11/site-packages/airflow/example_dags/example_short_circuit_operator.py for tasks to queue
[2025-12-04T18:37:22.420+0500] {logging_mixin.py:188} INFO - [2025-12-04T18:37:22.420+0500] {dagbag.py:545} INFO - Filling up the DagBag from /Library/Frameworks/Python.framework/Versions/3.11/lib/python3.11/site-packages/airflow/example_dags/example_short_circuit_operator.py
[2025-12-04T18:37:22.448+0500] {processor.py:840} INFO - DAG(s) 'example_short_circuit_operator' retrieved from /Library/Frameworks/Python.framework/Versions/3.11/lib/python3.11/site-packages/airflow/example_dags/example_short_circuit_operator.py
[2025-12-04T18:37:22.569+0500] {logging_mixin.py:188} INFO - [2025-12-04T18:37:22.568+0500] {dag.py:3089} INFO - Sync 1 DAGs
[2025-12-04T18:37:22.586+0500] {logging_mixin.py:188} INFO - [2025-12-04T18:37:22.586+0500] {dag.py:3947} INFO - Setting next_dagrun for example_short_circuit_operator to 2025-12-03 00:00:00+00:00, run_after=2025-12-04 00:00:00+00:00
[2025-12-04T18:37:22.607+0500] {processor.py:183} INFO - Processing /Library/Frameworks/Python.framework/Versions/3.11/lib/python3.11/site-packages/airflow/example_dags/example_short_circuit_operator.py took 0.193 seconds
[2025-12-04T18:39:15.297+0500] {processor.py:161} INFO - Started process (PID=12549) to work on /Library/Frameworks/Python.framework/Versions/3.11/lib/python3.11/site-packages/airflow/example_dags/example_short_circuit_operator.py
[2025-12-04T18:39:15.299+0500] {processor.py:830} INFO - Processing file /Library/Frameworks/Python.framework/Versions/3.11/lib/python3.11/site-packages/airflow/example_dags/example_short_circuit_operator.py for tasks to queue
[2025-12-04T18:39:15.300+0500] {logging_mixin.py:188} INFO - [2025-12-04T18:39:15.300+0500] {dagbag.py:545} INFO - Filling up the DagBag from /Library/Frameworks/Python.framework/Versions/3.11/lib/python3.11/site-packages/airflow/example_dags/example_short_circuit_operator.py
[2025-12-04T18:39:15.328+0500] {processor.py:840} INFO - DAG(s) 'example_short_circuit_operator' retrieved from /Library/Frameworks/Python.framework/Versions/3.11/lib/python3.11/site-packages/airflow/example_dags/example_short_circuit_operator.py
[2025-12-04T18:39:15.440+0500] {logging_mixin.py:188} INFO - [2025-12-04T18:39:15.440+0500] {dag.py:3089} INFO - Sync 1 DAGs
[2025-12-04T18:39:15.458+0500] {logging_mixin.py:188} INFO - [2025-12-04T18:39:15.457+0500] {dag.py:3947} INFO - Setting next_dagrun for example_short_circuit_operator to 2025-12-03 00:00:00+00:00, run_after=2025-12-04 00:00:00+00:00
[2025-12-04T18:39:15.478+0500] {processor.py:183} INFO - Processing /Library/Frameworks/Python.framework/Versions/3.11/lib/python3.11/site-packages/airflow/example_dags/example_short_circuit_operator.py took 0.184 seconds
[2025-12-04T18:41:18.524+0500] {processor.py:161} INFO - Started process (PID=12657) to work on /Library/Frameworks/Python.framework/Versions/3.11/lib/python3.11/site-packages/airflow/example_dags/example_short_circuit_operator.py
[2025-12-04T18:41:18.526+0500] {processor.py:830} INFO - Processing file /Library/Frameworks/Python.framework/Versions/3.11/lib/python3.11/site-packages/airflow/example_dags/example_short_circuit_operator.py for tasks to queue
[2025-12-04T18:41:18.528+0500] {logging_mixin.py:188} INFO - [2025-12-04T18:41:18.527+0500] {dagbag.py:545} INFO - Filling up the DagBag from /Library/Frameworks/Python.framework/Versions/3.11/lib/python3.11/site-packages/airflow/example_dags/example_short_circuit_operator.py
[2025-12-04T18:41:18.562+0500] {processor.py:840} INFO - DAG(s) 'example_short_circuit_operator' retrieved from /Library/Frameworks/Python.framework/Versions/3.11/lib/python3.11/site-packages/airflow/example_dags/example_short_circuit_operator.py
[2025-12-04T18:41:18.749+0500] {logging_mixin.py:188} INFO - [2025-12-04T18:41:18.749+0500] {dag.py:3089} INFO - Sync 1 DAGs
[2025-12-04T18:41:18.770+0500] {logging_mixin.py:188} INFO - [2025-12-04T18:41:18.769+0500] {dag.py:3947} INFO - Setting next_dagrun for example_short_circuit_operator to 2025-12-03 00:00:00+00:00, run_after=2025-12-04 00:00:00+00:00
[2025-12-04T18:41:18.795+0500] {processor.py:183} INFO - Processing /Library/Frameworks/Python.framework/Versions/3.11/lib/python3.11/site-packages/airflow/example_dags/example_short_circuit_operator.py took 0.274 seconds
[2025-12-04T18:43:32.244+0500] {processor.py:161} INFO - Started process (PID=12726) to work on /Library/Frameworks/Python.framework/Versions/3.11/lib/python3.11/site-packages/airflow/example_dags/example_short_circuit_operator.py
[2025-12-04T18:43:32.247+0500] {processor.py:830} INFO - Processing file /Library/Frameworks/Python.framework/Versions/3.11/lib/python3.11/site-packages/airflow/example_dags/example_short_circuit_operator.py for tasks to queue
[2025-12-04T18:43:32.248+0500] {logging_mixin.py:188} INFO - [2025-12-04T18:43:32.247+0500] {dagbag.py:545} INFO - Filling up the DagBag from /Library/Frameworks/Python.framework/Versions/3.11/lib/python3.11/site-packages/airflow/example_dags/example_short_circuit_operator.py
[2025-12-04T18:43:32.282+0500] {processor.py:840} INFO - DAG(s) 'example_short_circuit_operator' retrieved from /Library/Frameworks/Python.framework/Versions/3.11/lib/python3.11/site-packages/airflow/example_dags/example_short_circuit_operator.py
[2025-12-04T18:43:32.399+0500] {logging_mixin.py:188} INFO - [2025-12-04T18:43:32.398+0500] {dag.py:3089} INFO - Sync 1 DAGs
[2025-12-04T18:43:32.419+0500] {logging_mixin.py:188} INFO - [2025-12-04T18:43:32.419+0500] {dag.py:3947} INFO - Setting next_dagrun for example_short_circuit_operator to 2025-12-03 00:00:00+00:00, run_after=2025-12-04 00:00:00+00:00
[2025-12-04T18:43:32.442+0500] {processor.py:183} INFO - Processing /Library/Frameworks/Python.framework/Versions/3.11/lib/python3.11/site-packages/airflow/example_dags/example_short_circuit_operator.py took 0.204 seconds
[2025-12-04T18:45:36.097+0500] {processor.py:161} INFO - Started process (PID=12812) to work on /Library/Frameworks/Python.framework/Versions/3.11/lib/python3.11/site-packages/airflow/example_dags/example_short_circuit_operator.py
[2025-12-04T18:45:36.099+0500] {processor.py:830} INFO - Processing file /Library/Frameworks/Python.framework/Versions/3.11/lib/python3.11/site-packages/airflow/example_dags/example_short_circuit_operator.py for tasks to queue
[2025-12-04T18:45:36.100+0500] {logging_mixin.py:188} INFO - [2025-12-04T18:45:36.100+0500] {dagbag.py:545} INFO - Filling up the DagBag from /Library/Frameworks/Python.framework/Versions/3.11/lib/python3.11/site-packages/airflow/example_dags/example_short_circuit_operator.py
[2025-12-04T18:45:36.129+0500] {processor.py:840} INFO - DAG(s) 'example_short_circuit_operator' retrieved from /Library/Frameworks/Python.framework/Versions/3.11/lib/python3.11/site-packages/airflow/example_dags/example_short_circuit_operator.py
[2025-12-04T18:45:36.260+0500] {logging_mixin.py:188} INFO - [2025-12-04T18:45:36.260+0500] {dag.py:3089} INFO - Sync 1 DAGs
[2025-12-04T18:45:36.278+0500] {logging_mixin.py:188} INFO - [2025-12-04T18:45:36.278+0500] {dag.py:3947} INFO - Setting next_dagrun for example_short_circuit_operator to 2025-12-03 00:00:00+00:00, run_after=2025-12-04 00:00:00+00:00
[2025-12-04T18:45:36.299+0500] {processor.py:183} INFO - Processing /Library/Frameworks/Python.framework/Versions/3.11/lib/python3.11/site-packages/airflow/example_dags/example_short_circuit_operator.py took 0.205 seconds
[2025-12-04T18:47:36.324+0500] {processor.py:161} INFO - Started process (PID=12896) to work on /Library/Frameworks/Python.framework/Versions/3.11/lib/python3.11/site-packages/airflow/example_dags/example_short_circuit_operator.py
[2025-12-04T18:47:36.326+0500] {processor.py:830} INFO - Processing file /Library/Frameworks/Python.framework/Versions/3.11/lib/python3.11/site-packages/airflow/example_dags/example_short_circuit_operator.py for tasks to queue
[2025-12-04T18:47:36.327+0500] {logging_mixin.py:188} INFO - [2025-12-04T18:47:36.327+0500] {dagbag.py:545} INFO - Filling up the DagBag from /Library/Frameworks/Python.framework/Versions/3.11/lib/python3.11/site-packages/airflow/example_dags/example_short_circuit_operator.py
[2025-12-04T18:47:36.355+0500] {processor.py:840} INFO - DAG(s) 'example_short_circuit_operator' retrieved from /Library/Frameworks/Python.framework/Versions/3.11/lib/python3.11/site-packages/airflow/example_dags/example_short_circuit_operator.py
[2025-12-04T18:47:36.474+0500] {logging_mixin.py:188} INFO - [2025-12-04T18:47:36.474+0500] {dag.py:3089} INFO - Sync 1 DAGs
[2025-12-04T18:47:36.492+0500] {logging_mixin.py:188} INFO - [2025-12-04T18:47:36.491+0500] {dag.py:3947} INFO - Setting next_dagrun for example_short_circuit_operator to 2025-12-03 00:00:00+00:00, run_after=2025-12-04 00:00:00+00:00
[2025-12-04T18:47:36.518+0500] {processor.py:183} INFO - Processing /Library/Frameworks/Python.framework/Versions/3.11/lib/python3.11/site-packages/airflow/example_dags/example_short_circuit_operator.py took 0.197 seconds
[2025-12-04T18:49:44.212+0500] {processor.py:161} INFO - Started process (PID=12965) to work on /Library/Frameworks/Python.framework/Versions/3.11/lib/python3.11/site-packages/airflow/example_dags/example_short_circuit_operator.py
[2025-12-04T18:49:44.214+0500] {processor.py:830} INFO - Processing file /Library/Frameworks/Python.framework/Versions/3.11/lib/python3.11/site-packages/airflow/example_dags/example_short_circuit_operator.py for tasks to queue
[2025-12-04T18:49:44.215+0500] {logging_mixin.py:188} INFO - [2025-12-04T18:49:44.215+0500] {dagbag.py:545} INFO - Filling up the DagBag from /Library/Frameworks/Python.framework/Versions/3.11/lib/python3.11/site-packages/airflow/example_dags/example_short_circuit_operator.py
[2025-12-04T18:49:44.244+0500] {processor.py:840} INFO - DAG(s) 'example_short_circuit_operator' retrieved from /Library/Frameworks/Python.framework/Versions/3.11/lib/python3.11/site-packages/airflow/example_dags/example_short_circuit_operator.py
[2025-12-04T18:49:44.364+0500] {logging_mixin.py:188} INFO - [2025-12-04T18:49:44.363+0500] {dag.py:3089} INFO - Sync 1 DAGs
[2025-12-04T18:49:44.388+0500] {logging_mixin.py:188} INFO - [2025-12-04T18:49:44.388+0500] {dag.py:3947} INFO - Setting next_dagrun for example_short_circuit_operator to 2025-12-03 00:00:00+00:00, run_after=2025-12-04 00:00:00+00:00
[2025-12-04T18:49:44.414+0500] {processor.py:183} INFO - Processing /Library/Frameworks/Python.framework/Versions/3.11/lib/python3.11/site-packages/airflow/example_dags/example_short_circuit_operator.py took 0.205 seconds
[2025-12-04T18:52:06.721+0500] {processor.py:161} INFO - Started process (PID=13057) to work on /Library/Frameworks/Python.framework/Versions/3.11/lib/python3.11/site-packages/airflow/example_dags/example_short_circuit_operator.py
[2025-12-04T18:52:06.723+0500] {processor.py:830} INFO - Processing file /Library/Frameworks/Python.framework/Versions/3.11/lib/python3.11/site-packages/airflow/example_dags/example_short_circuit_operator.py for tasks to queue
[2025-12-04T18:52:06.724+0500] {logging_mixin.py:188} INFO - [2025-12-04T18:52:06.724+0500] {dagbag.py:545} INFO - Filling up the DagBag from /Library/Frameworks/Python.framework/Versions/3.11/lib/python3.11/site-packages/airflow/example_dags/example_short_circuit_operator.py
[2025-12-04T18:52:06.759+0500] {processor.py:840} INFO - DAG(s) 'example_short_circuit_operator' retrieved from /Library/Frameworks/Python.framework/Versions/3.11/lib/python3.11/site-packages/airflow/example_dags/example_short_circuit_operator.py
[2025-12-04T18:52:06.909+0500] {logging_mixin.py:188} INFO - [2025-12-04T18:52:06.908+0500] {dag.py:3089} INFO - Sync 1 DAGs
[2025-12-04T18:52:06.930+0500] {logging_mixin.py:188} INFO - [2025-12-04T18:52:06.930+0500] {dag.py:3947} INFO - Setting next_dagrun for example_short_circuit_operator to 2025-12-03 00:00:00+00:00, run_after=2025-12-04 00:00:00+00:00
[2025-12-04T18:52:06.955+0500] {processor.py:183} INFO - Processing /Library/Frameworks/Python.framework/Versions/3.11/lib/python3.11/site-packages/airflow/example_dags/example_short_circuit_operator.py took 0.238 seconds
[2025-12-04T18:54:14.721+0500] {processor.py:161} INFO - Started process (PID=13137) to work on /Library/Frameworks/Python.framework/Versions/3.11/lib/python3.11/site-packages/airflow/example_dags/example_short_circuit_operator.py
[2025-12-04T18:54:14.723+0500] {processor.py:830} INFO - Processing file /Library/Frameworks/Python.framework/Versions/3.11/lib/python3.11/site-packages/airflow/example_dags/example_short_circuit_operator.py for tasks to queue
[2025-12-04T18:54:14.724+0500] {logging_mixin.py:188} INFO - [2025-12-04T18:54:14.724+0500] {dagbag.py:545} INFO - Filling up the DagBag from /Library/Frameworks/Python.framework/Versions/3.11/lib/python3.11/site-packages/airflow/example_dags/example_short_circuit_operator.py
[2025-12-04T18:54:14.750+0500] {processor.py:840} INFO - DAG(s) 'example_short_circuit_operator' retrieved from /Library/Frameworks/Python.framework/Versions/3.11/lib/python3.11/site-packages/airflow/example_dags/example_short_circuit_operator.py
[2025-12-04T18:54:14.861+0500] {logging_mixin.py:188} INFO - [2025-12-04T18:54:14.860+0500] {dag.py:3089} INFO - Sync 1 DAGs
[2025-12-04T18:54:14.878+0500] {logging_mixin.py:188} INFO - [2025-12-04T18:54:14.877+0500] {dag.py:3947} INFO - Setting next_dagrun for example_short_circuit_operator to 2025-12-03 00:00:00+00:00, run_after=2025-12-04 00:00:00+00:00
[2025-12-04T18:54:14.897+0500] {processor.py:183} INFO - Processing /Library/Frameworks/Python.framework/Versions/3.11/lib/python3.11/site-packages/airflow/example_dags/example_short_circuit_operator.py took 0.180 seconds
[2025-12-04T19:33:43.181+0500] {processor.py:161} INFO - Started process (PID=14569) to work on /Library/Frameworks/Python.framework/Versions/3.11/lib/python3.11/site-packages/airflow/example_dags/example_short_circuit_operator.py
[2025-12-04T19:33:43.184+0500] {processor.py:830} INFO - Processing file /Library/Frameworks/Python.framework/Versions/3.11/lib/python3.11/site-packages/airflow/example_dags/example_short_circuit_operator.py for tasks to queue
[2025-12-04T19:33:43.185+0500] {logging_mixin.py:188} INFO - [2025-12-04T19:33:43.185+0500] {dagbag.py:545} INFO - Filling up the DagBag from /Library/Frameworks/Python.framework/Versions/3.11/lib/python3.11/site-packages/airflow/example_dags/example_short_circuit_operator.py
[2025-12-04T19:33:43.217+0500] {processor.py:840} INFO - DAG(s) 'example_short_circuit_operator' retrieved from /Library/Frameworks/Python.framework/Versions/3.11/lib/python3.11/site-packages/airflow/example_dags/example_short_circuit_operator.py
[2025-12-04T19:33:43.339+0500] {logging_mixin.py:188} INFO - [2025-12-04T19:33:43.338+0500] {dag.py:3089} INFO - Sync 1 DAGs
[2025-12-04T19:33:43.356+0500] {logging_mixin.py:188} INFO - [2025-12-04T19:33:43.356+0500] {dag.py:3947} INFO - Setting next_dagrun for example_short_circuit_operator to 2025-12-03 00:00:00+00:00, run_after=2025-12-04 00:00:00+00:00
[2025-12-04T19:33:43.379+0500] {processor.py:183} INFO - Processing /Library/Frameworks/Python.framework/Versions/3.11/lib/python3.11/site-packages/airflow/example_dags/example_short_circuit_operator.py took 0.201 seconds
[2025-12-04T19:36:47.394+0500] {processor.py:161} INFO - Started process (PID=14716) to work on /Library/Frameworks/Python.framework/Versions/3.11/lib/python3.11/site-packages/airflow/example_dags/example_short_circuit_operator.py
[2025-12-04T19:36:47.396+0500] {processor.py:830} INFO - Processing file /Library/Frameworks/Python.framework/Versions/3.11/lib/python3.11/site-packages/airflow/example_dags/example_short_circuit_operator.py for tasks to queue
[2025-12-04T19:36:47.397+0500] {logging_mixin.py:188} INFO - [2025-12-04T19:36:47.397+0500] {dagbag.py:545} INFO - Filling up the DagBag from /Library/Frameworks/Python.framework/Versions/3.11/lib/python3.11/site-packages/airflow/example_dags/example_short_circuit_operator.py
[2025-12-04T19:36:47.429+0500] {processor.py:840} INFO - DAG(s) 'example_short_circuit_operator' retrieved from /Library/Frameworks/Python.framework/Versions/3.11/lib/python3.11/site-packages/airflow/example_dags/example_short_circuit_operator.py
[2025-12-04T19:36:47.573+0500] {logging_mixin.py:188} INFO - [2025-12-04T19:36:47.572+0500] {dag.py:3089} INFO - Sync 1 DAGs
[2025-12-04T19:36:47.597+0500] {logging_mixin.py:188} INFO - [2025-12-04T19:36:47.597+0500] {dag.py:3947} INFO - Setting next_dagrun for example_short_circuit_operator to 2025-12-03 00:00:00+00:00, run_after=2025-12-04 00:00:00+00:00
[2025-12-04T19:36:47.627+0500] {processor.py:183} INFO - Processing /Library/Frameworks/Python.framework/Versions/3.11/lib/python3.11/site-packages/airflow/example_dags/example_short_circuit_operator.py took 0.236 seconds
[2025-12-04T19:38:52.266+0500] {processor.py:161} INFO - Started process (PID=14786) to work on /Library/Frameworks/Python.framework/Versions/3.11/lib/python3.11/site-packages/airflow/example_dags/example_short_circuit_operator.py
[2025-12-04T19:38:52.266+0500] {processor.py:830} INFO - Processing file /Library/Frameworks/Python.framework/Versions/3.11/lib/python3.11/site-packages/airflow/example_dags/example_short_circuit_operator.py for tasks to queue
[2025-12-04T19:38:52.267+0500] {logging_mixin.py:188} INFO - [2025-12-04T19:38:52.267+0500] {dagbag.py:545} INFO - Filling up the DagBag from /Library/Frameworks/Python.framework/Versions/3.11/lib/python3.11/site-packages/airflow/example_dags/example_short_circuit_operator.py
[2025-12-04T19:38:52.294+0500] {processor.py:840} INFO - DAG(s) 'example_short_circuit_operator' retrieved from /Library/Frameworks/Python.framework/Versions/3.11/lib/python3.11/site-packages/airflow/example_dags/example_short_circuit_operator.py
[2025-12-04T19:38:52.408+0500] {logging_mixin.py:188} INFO - [2025-12-04T19:38:52.407+0500] {dag.py:3089} INFO - Sync 1 DAGs
[2025-12-04T19:38:52.426+0500] {logging_mixin.py:188} INFO - [2025-12-04T19:38:52.426+0500] {dag.py:3947} INFO - Setting next_dagrun for example_short_circuit_operator to 2025-12-03 00:00:00+00:00, run_after=2025-12-04 00:00:00+00:00
[2025-12-04T19:38:52.446+0500] {processor.py:183} INFO - Processing /Library/Frameworks/Python.framework/Versions/3.11/lib/python3.11/site-packages/airflow/example_dags/example_short_circuit_operator.py took 0.183 seconds
[2025-12-04T19:41:05.906+0500] {processor.py:161} INFO - Started process (PID=14880) to work on /Library/Frameworks/Python.framework/Versions/3.11/lib/python3.11/site-packages/airflow/example_dags/example_short_circuit_operator.py
[2025-12-04T19:41:05.908+0500] {processor.py:830} INFO - Processing file /Library/Frameworks/Python.framework/Versions/3.11/lib/python3.11/site-packages/airflow/example_dags/example_short_circuit_operator.py for tasks to queue
[2025-12-04T19:41:05.909+0500] {logging_mixin.py:188} INFO - [2025-12-04T19:41:05.909+0500] {dagbag.py:545} INFO - Filling up the DagBag from /Library/Frameworks/Python.framework/Versions/3.11/lib/python3.11/site-packages/airflow/example_dags/example_short_circuit_operator.py
[2025-12-04T19:41:05.938+0500] {processor.py:840} INFO - DAG(s) 'example_short_circuit_operator' retrieved from /Library/Frameworks/Python.framework/Versions/3.11/lib/python3.11/site-packages/airflow/example_dags/example_short_circuit_operator.py
[2025-12-04T19:41:06.057+0500] {logging_mixin.py:188} INFO - [2025-12-04T19:41:06.056+0500] {dag.py:3089} INFO - Sync 1 DAGs
[2025-12-04T19:41:06.076+0500] {logging_mixin.py:188} INFO - [2025-12-04T19:41:06.075+0500] {dag.py:3947} INFO - Setting next_dagrun for example_short_circuit_operator to 2025-12-03 00:00:00+00:00, run_after=2025-12-04 00:00:00+00:00
[2025-12-04T19:41:06.098+0500] {processor.py:183} INFO - Processing /Library/Frameworks/Python.framework/Versions/3.11/lib/python3.11/site-packages/airflow/example_dags/example_short_circuit_operator.py took 0.194 seconds
[2025-12-04T19:43:19.189+0500] {processor.py:161} INFO - Started process (PID=14950) to work on /Library/Frameworks/Python.framework/Versions/3.11/lib/python3.11/site-packages/airflow/example_dags/example_short_circuit_operator.py
[2025-12-04T19:43:19.191+0500] {processor.py:830} INFO - Processing file /Library/Frameworks/Python.framework/Versions/3.11/lib/python3.11/site-packages/airflow/example_dags/example_short_circuit_operator.py for tasks to queue
[2025-12-04T19:43:19.192+0500] {logging_mixin.py:188} INFO - [2025-12-04T19:43:19.192+0500] {dagbag.py:545} INFO - Filling up the DagBag from /Library/Frameworks/Python.framework/Versions/3.11/lib/python3.11/site-packages/airflow/example_dags/example_short_circuit_operator.py
[2025-12-04T19:43:19.219+0500] {processor.py:840} INFO - DAG(s) 'example_short_circuit_operator' retrieved from /Library/Frameworks/Python.framework/Versions/3.11/lib/python3.11/site-packages/airflow/example_dags/example_short_circuit_operator.py
[2025-12-04T19:43:19.336+0500] {logging_mixin.py:188} INFO - [2025-12-04T19:43:19.335+0500] {dag.py:3089} INFO - Sync 1 DAGs
[2025-12-04T19:43:19.354+0500] {logging_mixin.py:188} INFO - [2025-12-04T19:43:19.354+0500] {dag.py:3947} INFO - Setting next_dagrun for example_short_circuit_operator to 2025-12-03 00:00:00+00:00, run_after=2025-12-04 00:00:00+00:00
[2025-12-04T19:43:19.378+0500] {processor.py:183} INFO - Processing /Library/Frameworks/Python.framework/Versions/3.11/lib/python3.11/site-packages/airflow/example_dags/example_short_circuit_operator.py took 0.191 seconds
[2025-12-04T19:45:40.823+0500] {processor.py:161} INFO - Started process (PID=15027) to work on /Library/Frameworks/Python.framework/Versions/3.11/lib/python3.11/site-packages/airflow/example_dags/example_short_circuit_operator.py
[2025-12-04T19:45:40.825+0500] {processor.py:830} INFO - Processing file /Library/Frameworks/Python.framework/Versions/3.11/lib/python3.11/site-packages/airflow/example_dags/example_short_circuit_operator.py for tasks to queue
[2025-12-04T19:45:40.826+0500] {logging_mixin.py:188} INFO - [2025-12-04T19:45:40.826+0500] {dagbag.py:545} INFO - Filling up the DagBag from /Library/Frameworks/Python.framework/Versions/3.11/lib/python3.11/site-packages/airflow/example_dags/example_short_circuit_operator.py
[2025-12-04T19:45:40.855+0500] {processor.py:840} INFO - DAG(s) 'example_short_circuit_operator' retrieved from /Library/Frameworks/Python.framework/Versions/3.11/lib/python3.11/site-packages/airflow/example_dags/example_short_circuit_operator.py
[2025-12-04T19:45:40.968+0500] {logging_mixin.py:188} INFO - [2025-12-04T19:45:40.967+0500] {dag.py:3089} INFO - Sync 1 DAGs
[2025-12-04T19:45:40.985+0500] {logging_mixin.py:188} INFO - [2025-12-04T19:45:40.985+0500] {dag.py:3947} INFO - Setting next_dagrun for example_short_circuit_operator to 2025-12-03 00:00:00+00:00, run_after=2025-12-04 00:00:00+00:00
[2025-12-04T19:45:41.007+0500] {processor.py:183} INFO - Processing /Library/Frameworks/Python.framework/Versions/3.11/lib/python3.11/site-packages/airflow/example_dags/example_short_circuit_operator.py took 0.187 seconds
[2025-12-04T19:48:07.192+0500] {processor.py:161} INFO - Started process (PID=15124) to work on /Library/Frameworks/Python.framework/Versions/3.11/lib/python3.11/site-packages/airflow/example_dags/example_short_circuit_operator.py
[2025-12-04T19:48:07.195+0500] {processor.py:830} INFO - Processing file /Library/Frameworks/Python.framework/Versions/3.11/lib/python3.11/site-packages/airflow/example_dags/example_short_circuit_operator.py for tasks to queue
[2025-12-04T19:48:07.196+0500] {logging_mixin.py:188} INFO - [2025-12-04T19:48:07.195+0500] {dagbag.py:545} INFO - Filling up the DagBag from /Library/Frameworks/Python.framework/Versions/3.11/lib/python3.11/site-packages/airflow/example_dags/example_short_circuit_operator.py
[2025-12-04T19:48:07.230+0500] {processor.py:840} INFO - DAG(s) 'example_short_circuit_operator' retrieved from /Library/Frameworks/Python.framework/Versions/3.11/lib/python3.11/site-packages/airflow/example_dags/example_short_circuit_operator.py
[2025-12-04T19:48:07.356+0500] {logging_mixin.py:188} INFO - [2025-12-04T19:48:07.355+0500] {dag.py:3089} INFO - Sync 1 DAGs
[2025-12-04T19:48:07.376+0500] {logging_mixin.py:188} INFO - [2025-12-04T19:48:07.375+0500] {dag.py:3947} INFO - Setting next_dagrun for example_short_circuit_operator to 2025-12-03 00:00:00+00:00, run_after=2025-12-04 00:00:00+00:00
[2025-12-04T19:48:07.398+0500] {processor.py:183} INFO - Processing /Library/Frameworks/Python.framework/Versions/3.11/lib/python3.11/site-packages/airflow/example_dags/example_short_circuit_operator.py took 0.209 seconds
[2025-12-04T19:50:10.276+0500] {processor.py:161} INFO - Started process (PID=15193) to work on /Library/Frameworks/Python.framework/Versions/3.11/lib/python3.11/site-packages/airflow/example_dags/example_short_circuit_operator.py
[2025-12-04T19:50:10.279+0500] {processor.py:830} INFO - Processing file /Library/Frameworks/Python.framework/Versions/3.11/lib/python3.11/site-packages/airflow/example_dags/example_short_circuit_operator.py for tasks to queue
[2025-12-04T19:50:10.280+0500] {logging_mixin.py:188} INFO - [2025-12-04T19:50:10.279+0500] {dagbag.py:545} INFO - Filling up the DagBag from /Library/Frameworks/Python.framework/Versions/3.11/lib/python3.11/site-packages/airflow/example_dags/example_short_circuit_operator.py
[2025-12-04T19:50:10.309+0500] {processor.py:840} INFO - DAG(s) 'example_short_circuit_operator' retrieved from /Library/Frameworks/Python.framework/Versions/3.11/lib/python3.11/site-packages/airflow/example_dags/example_short_circuit_operator.py
[2025-12-04T19:50:10.421+0500] {logging_mixin.py:188} INFO - [2025-12-04T19:50:10.421+0500] {dag.py:3089} INFO - Sync 1 DAGs
[2025-12-04T19:50:10.439+0500] {logging_mixin.py:188} INFO - [2025-12-04T19:50:10.439+0500] {dag.py:3947} INFO - Setting next_dagrun for example_short_circuit_operator to 2025-12-03 00:00:00+00:00, run_after=2025-12-04 00:00:00+00:00
[2025-12-04T19:50:10.459+0500] {processor.py:183} INFO - Processing /Library/Frameworks/Python.framework/Versions/3.11/lib/python3.11/site-packages/airflow/example_dags/example_short_circuit_operator.py took 0.186 seconds
[2025-12-04T19:52:08.119+0500] {processor.py:161} INFO - Started process (PID=15291) to work on /Library/Frameworks/Python.framework/Versions/3.11/lib/python3.11/site-packages/airflow/example_dags/example_short_circuit_operator.py
[2025-12-04T19:52:08.122+0500] {processor.py:830} INFO - Processing file /Library/Frameworks/Python.framework/Versions/3.11/lib/python3.11/site-packages/airflow/example_dags/example_short_circuit_operator.py for tasks to queue
[2025-12-04T19:52:08.123+0500] {logging_mixin.py:188} INFO - [2025-12-04T19:52:08.122+0500] {dagbag.py:545} INFO - Filling up the DagBag from /Library/Frameworks/Python.framework/Versions/3.11/lib/python3.11/site-packages/airflow/example_dags/example_short_circuit_operator.py
[2025-12-04T19:52:08.157+0500] {processor.py:840} INFO - DAG(s) 'example_short_circuit_operator' retrieved from /Library/Frameworks/Python.framework/Versions/3.11/lib/python3.11/site-packages/airflow/example_dags/example_short_circuit_operator.py
[2025-12-04T19:52:08.282+0500] {logging_mixin.py:188} INFO - [2025-12-04T19:52:08.281+0500] {dag.py:3089} INFO - Sync 1 DAGs
[2025-12-04T19:52:08.300+0500] {logging_mixin.py:188} INFO - [2025-12-04T19:52:08.300+0500] {dag.py:3947} INFO - Setting next_dagrun for example_short_circuit_operator to 2025-12-03 00:00:00+00:00, run_after=2025-12-04 00:00:00+00:00
[2025-12-04T19:52:08.321+0500] {processor.py:183} INFO - Processing /Library/Frameworks/Python.framework/Versions/3.11/lib/python3.11/site-packages/airflow/example_dags/example_short_circuit_operator.py took 0.206 seconds
[2025-12-04T19:54:05.700+0500] {processor.py:161} INFO - Started process (PID=15372) to work on /Library/Frameworks/Python.framework/Versions/3.11/lib/python3.11/site-packages/airflow/example_dags/example_short_circuit_operator.py
[2025-12-04T19:54:05.701+0500] {processor.py:830} INFO - Processing file /Library/Frameworks/Python.framework/Versions/3.11/lib/python3.11/site-packages/airflow/example_dags/example_short_circuit_operator.py for tasks to queue
[2025-12-04T19:54:05.702+0500] {logging_mixin.py:188} INFO - [2025-12-04T19:54:05.701+0500] {dagbag.py:545} INFO - Filling up the DagBag from /Library/Frameworks/Python.framework/Versions/3.11/lib/python3.11/site-packages/airflow/example_dags/example_short_circuit_operator.py
[2025-12-04T19:54:05.730+0500] {processor.py:840} INFO - DAG(s) 'example_short_circuit_operator' retrieved from /Library/Frameworks/Python.framework/Versions/3.11/lib/python3.11/site-packages/airflow/example_dags/example_short_circuit_operator.py
[2025-12-04T19:54:05.847+0500] {logging_mixin.py:188} INFO - [2025-12-04T19:54:05.846+0500] {dag.py:3089} INFO - Sync 1 DAGs
[2025-12-04T19:54:05.864+0500] {logging_mixin.py:188} INFO - [2025-12-04T19:54:05.864+0500] {dag.py:3947} INFO - Setting next_dagrun for example_short_circuit_operator to 2025-12-03 00:00:00+00:00, run_after=2025-12-04 00:00:00+00:00
[2025-12-04T19:54:05.885+0500] {processor.py:183} INFO - Processing /Library/Frameworks/Python.framework/Versions/3.11/lib/python3.11/site-packages/airflow/example_dags/example_short_circuit_operator.py took 0.188 seconds
[2025-12-04T19:56:01.357+0500] {processor.py:161} INFO - Started process (PID=15436) to work on /Library/Frameworks/Python.framework/Versions/3.11/lib/python3.11/site-packages/airflow/example_dags/example_short_circuit_operator.py
[2025-12-04T19:56:01.359+0500] {processor.py:830} INFO - Processing file /Library/Frameworks/Python.framework/Versions/3.11/lib/python3.11/site-packages/airflow/example_dags/example_short_circuit_operator.py for tasks to queue
[2025-12-04T19:56:01.360+0500] {logging_mixin.py:188} INFO - [2025-12-04T19:56:01.360+0500] {dagbag.py:545} INFO - Filling up the DagBag from /Library/Frameworks/Python.framework/Versions/3.11/lib/python3.11/site-packages/airflow/example_dags/example_short_circuit_operator.py
[2025-12-04T19:56:01.387+0500] {processor.py:840} INFO - DAG(s) 'example_short_circuit_operator' retrieved from /Library/Frameworks/Python.framework/Versions/3.11/lib/python3.11/site-packages/airflow/example_dags/example_short_circuit_operator.py
[2025-12-04T19:56:01.503+0500] {logging_mixin.py:188} INFO - [2025-12-04T19:56:01.503+0500] {dag.py:3089} INFO - Sync 1 DAGs
[2025-12-04T19:56:01.522+0500] {logging_mixin.py:188} INFO - [2025-12-04T19:56:01.522+0500] {dag.py:3947} INFO - Setting next_dagrun for example_short_circuit_operator to 2025-12-03 00:00:00+00:00, run_after=2025-12-04 00:00:00+00:00
[2025-12-04T19:56:01.543+0500] {processor.py:183} INFO - Processing /Library/Frameworks/Python.framework/Versions/3.11/lib/python3.11/site-packages/airflow/example_dags/example_short_circuit_operator.py took 0.189 seconds
[2025-12-04T19:57:55.021+0500] {processor.py:161} INFO - Started process (PID=15501) to work on /Library/Frameworks/Python.framework/Versions/3.11/lib/python3.11/site-packages/airflow/example_dags/example_short_circuit_operator.py
[2025-12-04T19:57:55.024+0500] {processor.py:830} INFO - Processing file /Library/Frameworks/Python.framework/Versions/3.11/lib/python3.11/site-packages/airflow/example_dags/example_short_circuit_operator.py for tasks to queue
[2025-12-04T19:57:55.025+0500] {logging_mixin.py:188} INFO - [2025-12-04T19:57:55.024+0500] {dagbag.py:545} INFO - Filling up the DagBag from /Library/Frameworks/Python.framework/Versions/3.11/lib/python3.11/site-packages/airflow/example_dags/example_short_circuit_operator.py
[2025-12-04T19:57:55.052+0500] {processor.py:840} INFO - DAG(s) 'example_short_circuit_operator' retrieved from /Library/Frameworks/Python.framework/Versions/3.11/lib/python3.11/site-packages/airflow/example_dags/example_short_circuit_operator.py
[2025-12-04T19:57:55.163+0500] {logging_mixin.py:188} INFO - [2025-12-04T19:57:55.163+0500] {dag.py:3089} INFO - Sync 1 DAGs
[2025-12-04T19:57:55.181+0500] {logging_mixin.py:188} INFO - [2025-12-04T19:57:55.181+0500] {dag.py:3947} INFO - Setting next_dagrun for example_short_circuit_operator to 2025-12-03 00:00:00+00:00, run_after=2025-12-04 00:00:00+00:00
[2025-12-04T19:57:55.203+0500] {processor.py:183} INFO - Processing /Library/Frameworks/Python.framework/Versions/3.11/lib/python3.11/site-packages/airflow/example_dags/example_short_circuit_operator.py took 0.185 seconds
[2025-12-04T20:41:55.886+0500] {processor.py:161} INFO - Started process (PID=15621) to work on /Library/Frameworks/Python.framework/Versions/3.11/lib/python3.11/site-packages/airflow/example_dags/example_short_circuit_operator.py
[2025-12-04T20:41:55.888+0500] {processor.py:830} INFO - Processing file /Library/Frameworks/Python.framework/Versions/3.11/lib/python3.11/site-packages/airflow/example_dags/example_short_circuit_operator.py for tasks to queue
[2025-12-04T20:41:55.889+0500] {logging_mixin.py:188} INFO - [2025-12-04T20:41:55.889+0500] {dagbag.py:545} INFO - Filling up the DagBag from /Library/Frameworks/Python.framework/Versions/3.11/lib/python3.11/site-packages/airflow/example_dags/example_short_circuit_operator.py
[2025-12-04T20:41:55.943+0500] {processor.py:840} INFO - DAG(s) 'example_short_circuit_operator' retrieved from /Library/Frameworks/Python.framework/Versions/3.11/lib/python3.11/site-packages/airflow/example_dags/example_short_circuit_operator.py
[2025-12-04T20:41:56.061+0500] {logging_mixin.py:188} INFO - [2025-12-04T20:41:56.061+0500] {dag.py:3089} INFO - Sync 1 DAGs
[2025-12-04T20:41:56.080+0500] {logging_mixin.py:188} INFO - [2025-12-04T20:41:56.080+0500] {dag.py:3947} INFO - Setting next_dagrun for example_short_circuit_operator to 2025-12-03 00:00:00+00:00, run_after=2025-12-04 00:00:00+00:00
[2025-12-04T20:41:56.101+0500] {processor.py:183} INFO - Processing /Library/Frameworks/Python.framework/Versions/3.11/lib/python3.11/site-packages/airflow/example_dags/example_short_circuit_operator.py took 0.217 seconds
[2025-12-04T20:44:54.465+0500] {processor.py:161} INFO - Started process (PID=15778) to work on /Library/Frameworks/Python.framework/Versions/3.11/lib/python3.11/site-packages/airflow/example_dags/example_short_circuit_operator.py
[2025-12-04T20:44:54.467+0500] {processor.py:830} INFO - Processing file /Library/Frameworks/Python.framework/Versions/3.11/lib/python3.11/site-packages/airflow/example_dags/example_short_circuit_operator.py for tasks to queue
[2025-12-04T20:44:54.468+0500] {logging_mixin.py:188} INFO - [2025-12-04T20:44:54.468+0500] {dagbag.py:545} INFO - Filling up the DagBag from /Library/Frameworks/Python.framework/Versions/3.11/lib/python3.11/site-packages/airflow/example_dags/example_short_circuit_operator.py
[2025-12-04T20:44:54.500+0500] {processor.py:840} INFO - DAG(s) 'example_short_circuit_operator' retrieved from /Library/Frameworks/Python.framework/Versions/3.11/lib/python3.11/site-packages/airflow/example_dags/example_short_circuit_operator.py
[2025-12-04T20:44:54.616+0500] {logging_mixin.py:188} INFO - [2025-12-04T20:44:54.616+0500] {dag.py:3089} INFO - Sync 1 DAGs
[2025-12-04T20:44:54.637+0500] {logging_mixin.py:188} INFO - [2025-12-04T20:44:54.636+0500] {dag.py:3947} INFO - Setting next_dagrun for example_short_circuit_operator to 2025-12-03 00:00:00+00:00, run_after=2025-12-04 00:00:00+00:00
[2025-12-04T20:44:54.660+0500] {processor.py:183} INFO - Processing /Library/Frameworks/Python.framework/Versions/3.11/lib/python3.11/site-packages/airflow/example_dags/example_short_circuit_operator.py took 0.198 seconds
[2025-12-04T20:47:24.420+0500] {processor.py:161} INFO - Started process (PID=15856) to work on /Library/Frameworks/Python.framework/Versions/3.11/lib/python3.11/site-packages/airflow/example_dags/example_short_circuit_operator.py
[2025-12-04T20:47:24.422+0500] {processor.py:830} INFO - Processing file /Library/Frameworks/Python.framework/Versions/3.11/lib/python3.11/site-packages/airflow/example_dags/example_short_circuit_operator.py for tasks to queue
[2025-12-04T20:47:24.423+0500] {logging_mixin.py:188} INFO - [2025-12-04T20:47:24.423+0500] {dagbag.py:545} INFO - Filling up the DagBag from /Library/Frameworks/Python.framework/Versions/3.11/lib/python3.11/site-packages/airflow/example_dags/example_short_circuit_operator.py
[2025-12-04T20:47:24.457+0500] {processor.py:840} INFO - DAG(s) 'example_short_circuit_operator' retrieved from /Library/Frameworks/Python.framework/Versions/3.11/lib/python3.11/site-packages/airflow/example_dags/example_short_circuit_operator.py
[2025-12-04T20:47:24.596+0500] {logging_mixin.py:188} INFO - [2025-12-04T20:47:24.595+0500] {dag.py:3089} INFO - Sync 1 DAGs
[2025-12-04T20:47:24.617+0500] {logging_mixin.py:188} INFO - [2025-12-04T20:47:24.616+0500] {dag.py:3947} INFO - Setting next_dagrun for example_short_circuit_operator to 2025-12-03 00:00:00+00:00, run_after=2025-12-04 00:00:00+00:00
[2025-12-04T20:47:24.641+0500] {processor.py:183} INFO - Processing /Library/Frameworks/Python.framework/Versions/3.11/lib/python3.11/site-packages/airflow/example_dags/example_short_circuit_operator.py took 0.224 seconds
