[2025-12-04T18:20:02.130+0500] {processor.py:161} INFO - Started process (PID=11736) to work on /Library/Frameworks/Python.framework/Versions/3.11/lib/python3.11/site-packages/airflow/example_dags/example_dynamic_task_mapping_with_no_taskflow_operators.py
[2025-12-04T18:20:02.131+0500] {processor.py:830} INFO - Processing file /Library/Frameworks/Python.framework/Versions/3.11/lib/python3.11/site-packages/airflow/example_dags/example_dynamic_task_mapping_with_no_taskflow_operators.py for tasks to queue
[2025-12-04T18:20:02.132+0500] {logging_mixin.py:188} INFO - [2025-12-04T18:20:02.131+0500] {dagbag.py:545} INFO - Filling up the DagBag from /Library/Frameworks/Python.framework/Versions/3.11/lib/python3.11/site-packages/airflow/example_dags/example_dynamic_task_mapping_with_no_taskflow_operators.py
[2025-12-04T18:20:02.144+0500] {processor.py:840} INFO - DAG(s) 'example_dynamic_task_mapping_with_no_taskflow_operators' retrieved from /Library/Frameworks/Python.framework/Versions/3.11/lib/python3.11/site-packages/airflow/example_dags/example_dynamic_task_mapping_with_no_taskflow_operators.py
[2025-12-04T18:20:02.379+0500] {logging_mixin.py:188} INFO - [2025-12-04T18:20:02.378+0500] {override.py:1858} INFO - Created Permission View: can edit on DAG:example_dynamic_task_mapping_with_no_taskflow_operators
[2025-12-04T18:20:02.390+0500] {logging_mixin.py:188} INFO - [2025-12-04T18:20:02.389+0500] {override.py:1858} INFO - Created Permission View: can delete on DAG:example_dynamic_task_mapping_with_no_taskflow_operators
[2025-12-04T18:20:02.398+0500] {logging_mixin.py:188} INFO - [2025-12-04T18:20:02.398+0500] {override.py:1858} INFO - Created Permission View: can read on DAG:example_dynamic_task_mapping_with_no_taskflow_operators
[2025-12-04T18:20:02.399+0500] {logging_mixin.py:188} INFO - [2025-12-04T18:20:02.399+0500] {dag.py:3089} INFO - Sync 1 DAGs
[2025-12-04T18:20:02.479+0500] {logging_mixin.py:188} INFO - [2025-12-04T18:20:02.478+0500] {dag.py:3111} INFO - Creating ORM DAG for example_dynamic_task_mapping_with_no_taskflow_operators
[2025-12-04T18:20:02.490+0500] {logging_mixin.py:188} INFO - [2025-12-04T18:20:02.489+0500] {dag.py:3947} INFO - Setting next_dagrun for example_dynamic_task_mapping_with_no_taskflow_operators to 2025-12-03 00:00:00+00:00, run_after=2025-12-04 00:00:00+00:00
[2025-12-04T18:20:02.524+0500] {processor.py:183} INFO - Processing /Library/Frameworks/Python.framework/Versions/3.11/lib/python3.11/site-packages/airflow/example_dags/example_dynamic_task_mapping_with_no_taskflow_operators.py took 0.397 seconds
[2025-12-04T18:22:41.616+0500] {processor.py:161} INFO - Started process (PID=11839) to work on /Library/Frameworks/Python.framework/Versions/3.11/lib/python3.11/site-packages/airflow/example_dags/example_dynamic_task_mapping_with_no_taskflow_operators.py
[2025-12-04T18:22:41.618+0500] {processor.py:830} INFO - Processing file /Library/Frameworks/Python.framework/Versions/3.11/lib/python3.11/site-packages/airflow/example_dags/example_dynamic_task_mapping_with_no_taskflow_operators.py for tasks to queue
[2025-12-04T18:22:41.619+0500] {logging_mixin.py:188} INFO - [2025-12-04T18:22:41.619+0500] {dagbag.py:545} INFO - Filling up the DagBag from /Library/Frameworks/Python.framework/Versions/3.11/lib/python3.11/site-packages/airflow/example_dags/example_dynamic_task_mapping_with_no_taskflow_operators.py
[2025-12-04T18:22:41.630+0500] {processor.py:840} INFO - DAG(s) 'example_dynamic_task_mapping_with_no_taskflow_operators' retrieved from /Library/Frameworks/Python.framework/Versions/3.11/lib/python3.11/site-packages/airflow/example_dags/example_dynamic_task_mapping_with_no_taskflow_operators.py
[2025-12-04T18:22:41.754+0500] {logging_mixin.py:188} INFO - [2025-12-04T18:22:41.754+0500] {dag.py:3089} INFO - Sync 1 DAGs
[2025-12-04T18:22:41.774+0500] {logging_mixin.py:188} INFO - [2025-12-04T18:22:41.773+0500] {dag.py:3947} INFO - Setting next_dagrun for example_dynamic_task_mapping_with_no_taskflow_operators to 2025-12-03 00:00:00+00:00, run_after=2025-12-04 00:00:00+00:00
[2025-12-04T18:22:41.800+0500] {processor.py:183} INFO - Processing /Library/Frameworks/Python.framework/Versions/3.11/lib/python3.11/site-packages/airflow/example_dags/example_dynamic_task_mapping_with_no_taskflow_operators.py took 0.187 seconds
[2025-12-04T18:26:48.728+0500] {processor.py:161} INFO - Started process (PID=12014) to work on /Library/Frameworks/Python.framework/Versions/3.11/lib/python3.11/site-packages/airflow/example_dags/example_dynamic_task_mapping_with_no_taskflow_operators.py
[2025-12-04T18:26:48.730+0500] {processor.py:830} INFO - Processing file /Library/Frameworks/Python.framework/Versions/3.11/lib/python3.11/site-packages/airflow/example_dags/example_dynamic_task_mapping_with_no_taskflow_operators.py for tasks to queue
[2025-12-04T18:26:48.732+0500] {logging_mixin.py:188} INFO - [2025-12-04T18:26:48.731+0500] {dagbag.py:545} INFO - Filling up the DagBag from /Library/Frameworks/Python.framework/Versions/3.11/lib/python3.11/site-packages/airflow/example_dags/example_dynamic_task_mapping_with_no_taskflow_operators.py
[2025-12-04T18:26:48.746+0500] {processor.py:840} INFO - DAG(s) 'example_dynamic_task_mapping_with_no_taskflow_operators' retrieved from /Library/Frameworks/Python.framework/Versions/3.11/lib/python3.11/site-packages/airflow/example_dags/example_dynamic_task_mapping_with_no_taskflow_operators.py
[2025-12-04T18:26:48.885+0500] {logging_mixin.py:188} INFO - [2025-12-04T18:26:48.884+0500] {dag.py:3089} INFO - Sync 1 DAGs
[2025-12-04T18:26:48.905+0500] {logging_mixin.py:188} INFO - [2025-12-04T18:26:48.905+0500] {dag.py:3947} INFO - Setting next_dagrun for example_dynamic_task_mapping_with_no_taskflow_operators to 2025-12-03 00:00:00+00:00, run_after=2025-12-04 00:00:00+00:00
[2025-12-04T18:26:48.930+0500] {processor.py:183} INFO - Processing /Library/Frameworks/Python.framework/Versions/3.11/lib/python3.11/site-packages/airflow/example_dags/example_dynamic_task_mapping_with_no_taskflow_operators.py took 0.205 seconds
[2025-12-04T18:31:43.024+0500] {processor.py:161} INFO - Started process (PID=12237) to work on /Library/Frameworks/Python.framework/Versions/3.11/lib/python3.11/site-packages/airflow/example_dags/example_dynamic_task_mapping_with_no_taskflow_operators.py
[2025-12-04T18:31:43.027+0500] {processor.py:830} INFO - Processing file /Library/Frameworks/Python.framework/Versions/3.11/lib/python3.11/site-packages/airflow/example_dags/example_dynamic_task_mapping_with_no_taskflow_operators.py for tasks to queue
[2025-12-04T18:31:43.028+0500] {logging_mixin.py:188} INFO - [2025-12-04T18:31:43.027+0500] {dagbag.py:545} INFO - Filling up the DagBag from /Library/Frameworks/Python.framework/Versions/3.11/lib/python3.11/site-packages/airflow/example_dags/example_dynamic_task_mapping_with_no_taskflow_operators.py
[2025-12-04T18:31:43.038+0500] {processor.py:840} INFO - DAG(s) 'example_dynamic_task_mapping_with_no_taskflow_operators' retrieved from /Library/Frameworks/Python.framework/Versions/3.11/lib/python3.11/site-packages/airflow/example_dags/example_dynamic_task_mapping_with_no_taskflow_operators.py
[2025-12-04T18:31:43.151+0500] {logging_mixin.py:188} INFO - [2025-12-04T18:31:43.151+0500] {dag.py:3089} INFO - Sync 1 DAGs
[2025-12-04T18:31:43.167+0500] {logging_mixin.py:188} INFO - [2025-12-04T18:31:43.167+0500] {dag.py:3947} INFO - Setting next_dagrun for example_dynamic_task_mapping_with_no_taskflow_operators to 2025-12-03 00:00:00+00:00, run_after=2025-12-04 00:00:00+00:00
[2025-12-04T18:31:43.187+0500] {processor.py:183} INFO - Processing /Library/Frameworks/Python.framework/Versions/3.11/lib/python3.11/site-packages/airflow/example_dags/example_dynamic_task_mapping_with_no_taskflow_operators.py took 0.166 seconds
[2025-12-04T18:36:12.668+0500] {processor.py:161} INFO - Started process (PID=12443) to work on /Library/Frameworks/Python.framework/Versions/3.11/lib/python3.11/site-packages/airflow/example_dags/example_dynamic_task_mapping_with_no_taskflow_operators.py
[2025-12-04T18:36:12.670+0500] {processor.py:830} INFO - Processing file /Library/Frameworks/Python.framework/Versions/3.11/lib/python3.11/site-packages/airflow/example_dags/example_dynamic_task_mapping_with_no_taskflow_operators.py for tasks to queue
[2025-12-04T18:36:12.670+0500] {logging_mixin.py:188} INFO - [2025-12-04T18:36:12.670+0500] {dagbag.py:545} INFO - Filling up the DagBag from /Library/Frameworks/Python.framework/Versions/3.11/lib/python3.11/site-packages/airflow/example_dags/example_dynamic_task_mapping_with_no_taskflow_operators.py
[2025-12-04T18:36:12.681+0500] {processor.py:840} INFO - DAG(s) 'example_dynamic_task_mapping_with_no_taskflow_operators' retrieved from /Library/Frameworks/Python.framework/Versions/3.11/lib/python3.11/site-packages/airflow/example_dags/example_dynamic_task_mapping_with_no_taskflow_operators.py
[2025-12-04T18:36:12.789+0500] {logging_mixin.py:188} INFO - [2025-12-04T18:36:12.788+0500] {dag.py:3089} INFO - Sync 1 DAGs
[2025-12-04T18:36:12.804+0500] {logging_mixin.py:188} INFO - [2025-12-04T18:36:12.804+0500] {dag.py:3947} INFO - Setting next_dagrun for example_dynamic_task_mapping_with_no_taskflow_operators to 2025-12-03 00:00:00+00:00, run_after=2025-12-04 00:00:00+00:00
[2025-12-04T18:36:12.824+0500] {processor.py:183} INFO - Processing /Library/Frameworks/Python.framework/Versions/3.11/lib/python3.11/site-packages/airflow/example_dags/example_dynamic_task_mapping_with_no_taskflow_operators.py took 0.160 seconds
[2025-12-04T18:39:57.334+0500] {processor.py:161} INFO - Started process (PID=12573) to work on /Library/Frameworks/Python.framework/Versions/3.11/lib/python3.11/site-packages/airflow/example_dags/example_dynamic_task_mapping_with_no_taskflow_operators.py
[2025-12-04T18:39:57.336+0500] {processor.py:830} INFO - Processing file /Library/Frameworks/Python.framework/Versions/3.11/lib/python3.11/site-packages/airflow/example_dags/example_dynamic_task_mapping_with_no_taskflow_operators.py for tasks to queue
[2025-12-04T18:39:57.337+0500] {logging_mixin.py:188} INFO - [2025-12-04T18:39:57.337+0500] {dagbag.py:545} INFO - Filling up the DagBag from /Library/Frameworks/Python.framework/Versions/3.11/lib/python3.11/site-packages/airflow/example_dags/example_dynamic_task_mapping_with_no_taskflow_operators.py
[2025-12-04T18:39:57.347+0500] {processor.py:840} INFO - DAG(s) 'example_dynamic_task_mapping_with_no_taskflow_operators' retrieved from /Library/Frameworks/Python.framework/Versions/3.11/lib/python3.11/site-packages/airflow/example_dags/example_dynamic_task_mapping_with_no_taskflow_operators.py
[2025-12-04T18:39:57.456+0500] {logging_mixin.py:188} INFO - [2025-12-04T18:39:57.456+0500] {dag.py:3089} INFO - Sync 1 DAGs
[2025-12-04T18:39:57.472+0500] {logging_mixin.py:188} INFO - [2025-12-04T18:39:57.472+0500] {dag.py:3947} INFO - Setting next_dagrun for example_dynamic_task_mapping_with_no_taskflow_operators to 2025-12-03 00:00:00+00:00, run_after=2025-12-04 00:00:00+00:00
[2025-12-04T18:39:57.493+0500] {processor.py:183} INFO - Processing /Library/Frameworks/Python.framework/Versions/3.11/lib/python3.11/site-packages/airflow/example_dags/example_dynamic_task_mapping_with_no_taskflow_operators.py took 0.162 seconds
[2025-12-04T18:44:26.041+0500] {processor.py:161} INFO - Started process (PID=12773) to work on /Library/Frameworks/Python.framework/Versions/3.11/lib/python3.11/site-packages/airflow/example_dags/example_dynamic_task_mapping_with_no_taskflow_operators.py
[2025-12-04T18:44:26.043+0500] {processor.py:830} INFO - Processing file /Library/Frameworks/Python.framework/Versions/3.11/lib/python3.11/site-packages/airflow/example_dags/example_dynamic_task_mapping_with_no_taskflow_operators.py for tasks to queue
[2025-12-04T18:44:26.044+0500] {logging_mixin.py:188} INFO - [2025-12-04T18:44:26.044+0500] {dagbag.py:545} INFO - Filling up the DagBag from /Library/Frameworks/Python.framework/Versions/3.11/lib/python3.11/site-packages/airflow/example_dags/example_dynamic_task_mapping_with_no_taskflow_operators.py
[2025-12-04T18:44:26.054+0500] {processor.py:840} INFO - DAG(s) 'example_dynamic_task_mapping_with_no_taskflow_operators' retrieved from /Library/Frameworks/Python.framework/Versions/3.11/lib/python3.11/site-packages/airflow/example_dags/example_dynamic_task_mapping_with_no_taskflow_operators.py
[2025-12-04T18:44:26.163+0500] {logging_mixin.py:188} INFO - [2025-12-04T18:44:26.162+0500] {dag.py:3089} INFO - Sync 1 DAGs
[2025-12-04T18:44:26.178+0500] {logging_mixin.py:188} INFO - [2025-12-04T18:44:26.178+0500] {dag.py:3947} INFO - Setting next_dagrun for example_dynamic_task_mapping_with_no_taskflow_operators to 2025-12-03 00:00:00+00:00, run_after=2025-12-04 00:00:00+00:00
[2025-12-04T18:44:26.198+0500] {processor.py:183} INFO - Processing /Library/Frameworks/Python.framework/Versions/3.11/lib/python3.11/site-packages/airflow/example_dags/example_dynamic_task_mapping_with_no_taskflow_operators.py took 0.159 seconds
[2025-12-04T18:48:25.649+0500] {processor.py:161} INFO - Started process (PID=12924) to work on /Library/Frameworks/Python.framework/Versions/3.11/lib/python3.11/site-packages/airflow/example_dags/example_dynamic_task_mapping_with_no_taskflow_operators.py
[2025-12-04T18:48:25.651+0500] {processor.py:830} INFO - Processing file /Library/Frameworks/Python.framework/Versions/3.11/lib/python3.11/site-packages/airflow/example_dags/example_dynamic_task_mapping_with_no_taskflow_operators.py for tasks to queue
[2025-12-04T18:48:25.652+0500] {logging_mixin.py:188} INFO - [2025-12-04T18:48:25.652+0500] {dagbag.py:545} INFO - Filling up the DagBag from /Library/Frameworks/Python.framework/Versions/3.11/lib/python3.11/site-packages/airflow/example_dags/example_dynamic_task_mapping_with_no_taskflow_operators.py
[2025-12-04T18:48:25.661+0500] {processor.py:840} INFO - DAG(s) 'example_dynamic_task_mapping_with_no_taskflow_operators' retrieved from /Library/Frameworks/Python.framework/Versions/3.11/lib/python3.11/site-packages/airflow/example_dags/example_dynamic_task_mapping_with_no_taskflow_operators.py
[2025-12-04T18:48:25.773+0500] {logging_mixin.py:188} INFO - [2025-12-04T18:48:25.772+0500] {dag.py:3089} INFO - Sync 1 DAGs
[2025-12-04T18:48:25.789+0500] {logging_mixin.py:188} INFO - [2025-12-04T18:48:25.788+0500] {dag.py:3947} INFO - Setting next_dagrun for example_dynamic_task_mapping_with_no_taskflow_operators to 2025-12-03 00:00:00+00:00, run_after=2025-12-04 00:00:00+00:00
[2025-12-04T18:48:25.815+0500] {processor.py:183} INFO - Processing /Library/Frameworks/Python.framework/Versions/3.11/lib/python3.11/site-packages/airflow/example_dags/example_dynamic_task_mapping_with_no_taskflow_operators.py took 0.170 seconds
[2025-12-04T18:53:03.808+0500] {processor.py:161} INFO - Started process (PID=13096) to work on /Library/Frameworks/Python.framework/Versions/3.11/lib/python3.11/site-packages/airflow/example_dags/example_dynamic_task_mapping_with_no_taskflow_operators.py
[2025-12-04T18:53:03.810+0500] {processor.py:830} INFO - Processing file /Library/Frameworks/Python.framework/Versions/3.11/lib/python3.11/site-packages/airflow/example_dags/example_dynamic_task_mapping_with_no_taskflow_operators.py for tasks to queue
[2025-12-04T18:53:03.811+0500] {logging_mixin.py:188} INFO - [2025-12-04T18:53:03.811+0500] {dagbag.py:545} INFO - Filling up the DagBag from /Library/Frameworks/Python.framework/Versions/3.11/lib/python3.11/site-packages/airflow/example_dags/example_dynamic_task_mapping_with_no_taskflow_operators.py
[2025-12-04T18:53:03.827+0500] {processor.py:840} INFO - DAG(s) 'example_dynamic_task_mapping_with_no_taskflow_operators' retrieved from /Library/Frameworks/Python.framework/Versions/3.11/lib/python3.11/site-packages/airflow/example_dags/example_dynamic_task_mapping_with_no_taskflow_operators.py
[2025-12-04T18:53:03.935+0500] {logging_mixin.py:188} INFO - [2025-12-04T18:53:03.935+0500] {dag.py:3089} INFO - Sync 1 DAGs
[2025-12-04T18:53:03.951+0500] {logging_mixin.py:188} INFO - [2025-12-04T18:53:03.951+0500] {dag.py:3947} INFO - Setting next_dagrun for example_dynamic_task_mapping_with_no_taskflow_operators to 2025-12-03 00:00:00+00:00, run_after=2025-12-04 00:00:00+00:00
[2025-12-04T18:53:03.971+0500] {processor.py:183} INFO - Processing /Library/Frameworks/Python.framework/Versions/3.11/lib/python3.11/site-packages/airflow/example_dags/example_dynamic_task_mapping_with_no_taskflow_operators.py took 0.166 seconds
[2025-12-04T19:34:36.974+0500] {processor.py:161} INFO - Started process (PID=14626) to work on /Library/Frameworks/Python.framework/Versions/3.11/lib/python3.11/site-packages/airflow/example_dags/example_dynamic_task_mapping_with_no_taskflow_operators.py
[2025-12-04T19:34:36.976+0500] {processor.py:830} INFO - Processing file /Library/Frameworks/Python.framework/Versions/3.11/lib/python3.11/site-packages/airflow/example_dags/example_dynamic_task_mapping_with_no_taskflow_operators.py for tasks to queue
[2025-12-04T19:34:36.977+0500] {logging_mixin.py:188} INFO - [2025-12-04T19:34:36.977+0500] {dagbag.py:545} INFO - Filling up the DagBag from /Library/Frameworks/Python.framework/Versions/3.11/lib/python3.11/site-packages/airflow/example_dags/example_dynamic_task_mapping_with_no_taskflow_operators.py
[2025-12-04T19:34:36.992+0500] {processor.py:840} INFO - DAG(s) 'example_dynamic_task_mapping_with_no_taskflow_operators' retrieved from /Library/Frameworks/Python.framework/Versions/3.11/lib/python3.11/site-packages/airflow/example_dags/example_dynamic_task_mapping_with_no_taskflow_operators.py
[2025-12-04T19:34:37.174+0500] {logging_mixin.py:188} INFO - [2025-12-04T19:34:37.174+0500] {dag.py:3089} INFO - Sync 1 DAGs
[2025-12-04T19:34:37.263+0500] {logging_mixin.py:188} INFO - [2025-12-04T19:34:37.261+0500] {dag.py:3947} INFO - Setting next_dagrun for example_dynamic_task_mapping_with_no_taskflow_operators to 2025-12-03 00:00:00+00:00, run_after=2025-12-04 00:00:00+00:00
[2025-12-04T19:34:37.385+0500] {processor.py:183} INFO - Processing /Library/Frameworks/Python.framework/Versions/3.11/lib/python3.11/site-packages/airflow/example_dags/example_dynamic_task_mapping_with_no_taskflow_operators.py took 0.416 seconds
[2025-12-04T19:37:39.203+0500] {processor.py:161} INFO - Started process (PID=14746) to work on /Library/Frameworks/Python.framework/Versions/3.11/lib/python3.11/site-packages/airflow/example_dags/example_dynamic_task_mapping_with_no_taskflow_operators.py
[2025-12-04T19:37:39.205+0500] {processor.py:830} INFO - Processing file /Library/Frameworks/Python.framework/Versions/3.11/lib/python3.11/site-packages/airflow/example_dags/example_dynamic_task_mapping_with_no_taskflow_operators.py for tasks to queue
[2025-12-04T19:37:39.207+0500] {logging_mixin.py:188} INFO - [2025-12-04T19:37:39.206+0500] {dagbag.py:545} INFO - Filling up the DagBag from /Library/Frameworks/Python.framework/Versions/3.11/lib/python3.11/site-packages/airflow/example_dags/example_dynamic_task_mapping_with_no_taskflow_operators.py
[2025-12-04T19:37:39.216+0500] {processor.py:840} INFO - DAG(s) 'example_dynamic_task_mapping_with_no_taskflow_operators' retrieved from /Library/Frameworks/Python.framework/Versions/3.11/lib/python3.11/site-packages/airflow/example_dags/example_dynamic_task_mapping_with_no_taskflow_operators.py
[2025-12-04T19:37:39.328+0500] {logging_mixin.py:188} INFO - [2025-12-04T19:37:39.327+0500] {dag.py:3089} INFO - Sync 1 DAGs
[2025-12-04T19:37:39.347+0500] {logging_mixin.py:188} INFO - [2025-12-04T19:37:39.347+0500] {dag.py:3947} INFO - Setting next_dagrun for example_dynamic_task_mapping_with_no_taskflow_operators to 2025-12-03 00:00:00+00:00, run_after=2025-12-04 00:00:00+00:00
[2025-12-04T19:37:39.412+0500] {processor.py:183} INFO - Processing /Library/Frameworks/Python.framework/Versions/3.11/lib/python3.11/site-packages/airflow/example_dags/example_dynamic_task_mapping_with_no_taskflow_operators.py took 0.211 seconds
[2025-12-04T19:41:57.897+0500] {processor.py:161} INFO - Started process (PID=14906) to work on /Library/Frameworks/Python.framework/Versions/3.11/lib/python3.11/site-packages/airflow/example_dags/example_dynamic_task_mapping_with_no_taskflow_operators.py
[2025-12-04T19:41:57.899+0500] {processor.py:830} INFO - Processing file /Library/Frameworks/Python.framework/Versions/3.11/lib/python3.11/site-packages/airflow/example_dags/example_dynamic_task_mapping_with_no_taskflow_operators.py for tasks to queue
[2025-12-04T19:41:57.900+0500] {logging_mixin.py:188} INFO - [2025-12-04T19:41:57.900+0500] {dagbag.py:545} INFO - Filling up the DagBag from /Library/Frameworks/Python.framework/Versions/3.11/lib/python3.11/site-packages/airflow/example_dags/example_dynamic_task_mapping_with_no_taskflow_operators.py
[2025-12-04T19:41:57.911+0500] {processor.py:840} INFO - DAG(s) 'example_dynamic_task_mapping_with_no_taskflow_operators' retrieved from /Library/Frameworks/Python.framework/Versions/3.11/lib/python3.11/site-packages/airflow/example_dags/example_dynamic_task_mapping_with_no_taskflow_operators.py
[2025-12-04T19:41:58.053+0500] {logging_mixin.py:188} INFO - [2025-12-04T19:41:58.052+0500] {dag.py:3089} INFO - Sync 1 DAGs
[2025-12-04T19:41:58.074+0500] {logging_mixin.py:188} INFO - [2025-12-04T19:41:58.073+0500] {dag.py:3947} INFO - Setting next_dagrun for example_dynamic_task_mapping_with_no_taskflow_operators to 2025-12-03 00:00:00+00:00, run_after=2025-12-04 00:00:00+00:00
[2025-12-04T19:41:58.098+0500] {processor.py:183} INFO - Processing /Library/Frameworks/Python.framework/Versions/3.11/lib/python3.11/site-packages/airflow/example_dags/example_dynamic_task_mapping_with_no_taskflow_operators.py took 0.205 seconds
[2025-12-04T19:46:38.166+0500] {processor.py:161} INFO - Started process (PID=15066) to work on /Library/Frameworks/Python.framework/Versions/3.11/lib/python3.11/site-packages/airflow/example_dags/example_dynamic_task_mapping_with_no_taskflow_operators.py
[2025-12-04T19:46:38.168+0500] {processor.py:830} INFO - Processing file /Library/Frameworks/Python.framework/Versions/3.11/lib/python3.11/site-packages/airflow/example_dags/example_dynamic_task_mapping_with_no_taskflow_operators.py for tasks to queue
[2025-12-04T19:46:38.169+0500] {logging_mixin.py:188} INFO - [2025-12-04T19:46:38.169+0500] {dagbag.py:545} INFO - Filling up the DagBag from /Library/Frameworks/Python.framework/Versions/3.11/lib/python3.11/site-packages/airflow/example_dags/example_dynamic_task_mapping_with_no_taskflow_operators.py
[2025-12-04T19:46:38.184+0500] {processor.py:840} INFO - DAG(s) 'example_dynamic_task_mapping_with_no_taskflow_operators' retrieved from /Library/Frameworks/Python.framework/Versions/3.11/lib/python3.11/site-packages/airflow/example_dags/example_dynamic_task_mapping_with_no_taskflow_operators.py
[2025-12-04T19:46:38.312+0500] {logging_mixin.py:188} INFO - [2025-12-04T19:46:38.312+0500] {dag.py:3089} INFO - Sync 1 DAGs
[2025-12-04T19:46:38.331+0500] {logging_mixin.py:188} INFO - [2025-12-04T19:46:38.331+0500] {dag.py:3947} INFO - Setting next_dagrun for example_dynamic_task_mapping_with_no_taskflow_operators to 2025-12-03 00:00:00+00:00, run_after=2025-12-04 00:00:00+00:00
[2025-12-04T19:46:38.360+0500] {processor.py:183} INFO - Processing /Library/Frameworks/Python.framework/Versions/3.11/lib/python3.11/site-packages/airflow/example_dags/example_dynamic_task_mapping_with_no_taskflow_operators.py took 0.197 seconds
[2025-12-04T19:50:52.121+0500] {processor.py:161} INFO - Started process (PID=15216) to work on /Library/Frameworks/Python.framework/Versions/3.11/lib/python3.11/site-packages/airflow/example_dags/example_dynamic_task_mapping_with_no_taskflow_operators.py
[2025-12-04T19:50:52.123+0500] {processor.py:830} INFO - Processing file /Library/Frameworks/Python.framework/Versions/3.11/lib/python3.11/site-packages/airflow/example_dags/example_dynamic_task_mapping_with_no_taskflow_operators.py for tasks to queue
[2025-12-04T19:50:52.124+0500] {logging_mixin.py:188} INFO - [2025-12-04T19:50:52.124+0500] {dagbag.py:545} INFO - Filling up the DagBag from /Library/Frameworks/Python.framework/Versions/3.11/lib/python3.11/site-packages/airflow/example_dags/example_dynamic_task_mapping_with_no_taskflow_operators.py
[2025-12-04T19:50:52.136+0500] {processor.py:840} INFO - DAG(s) 'example_dynamic_task_mapping_with_no_taskflow_operators' retrieved from /Library/Frameworks/Python.framework/Versions/3.11/lib/python3.11/site-packages/airflow/example_dags/example_dynamic_task_mapping_with_no_taskflow_operators.py
[2025-12-04T19:50:52.251+0500] {logging_mixin.py:188} INFO - [2025-12-04T19:50:52.251+0500] {dag.py:3089} INFO - Sync 1 DAGs
[2025-12-04T19:50:52.269+0500] {logging_mixin.py:188} INFO - [2025-12-04T19:50:52.269+0500] {dag.py:3947} INFO - Setting next_dagrun for example_dynamic_task_mapping_with_no_taskflow_operators to 2025-12-03 00:00:00+00:00, run_after=2025-12-04 00:00:00+00:00
[2025-12-04T19:50:52.304+0500] {processor.py:183} INFO - Processing /Library/Frameworks/Python.framework/Versions/3.11/lib/python3.11/site-packages/airflow/example_dags/example_dynamic_task_mapping_with_no_taskflow_operators.py took 0.185 seconds
[2025-12-04T19:54:46.686+0500] {processor.py:161} INFO - Started process (PID=15395) to work on /Library/Frameworks/Python.framework/Versions/3.11/lib/python3.11/site-packages/airflow/example_dags/example_dynamic_task_mapping_with_no_taskflow_operators.py
[2025-12-04T19:54:46.688+0500] {processor.py:830} INFO - Processing file /Library/Frameworks/Python.framework/Versions/3.11/lib/python3.11/site-packages/airflow/example_dags/example_dynamic_task_mapping_with_no_taskflow_operators.py for tasks to queue
[2025-12-04T19:54:46.689+0500] {logging_mixin.py:188} INFO - [2025-12-04T19:54:46.688+0500] {dagbag.py:545} INFO - Filling up the DagBag from /Library/Frameworks/Python.framework/Versions/3.11/lib/python3.11/site-packages/airflow/example_dags/example_dynamic_task_mapping_with_no_taskflow_operators.py
[2025-12-04T19:54:46.698+0500] {processor.py:840} INFO - DAG(s) 'example_dynamic_task_mapping_with_no_taskflow_operators' retrieved from /Library/Frameworks/Python.framework/Versions/3.11/lib/python3.11/site-packages/airflow/example_dags/example_dynamic_task_mapping_with_no_taskflow_operators.py
[2025-12-04T19:54:46.810+0500] {logging_mixin.py:188} INFO - [2025-12-04T19:54:46.809+0500] {dag.py:3089} INFO - Sync 1 DAGs
[2025-12-04T19:54:46.825+0500] {logging_mixin.py:188} INFO - [2025-12-04T19:54:46.825+0500] {dag.py:3947} INFO - Setting next_dagrun for example_dynamic_task_mapping_with_no_taskflow_operators to 2025-12-03 00:00:00+00:00, run_after=2025-12-04 00:00:00+00:00
[2025-12-04T19:54:46.846+0500] {processor.py:183} INFO - Processing /Library/Frameworks/Python.framework/Versions/3.11/lib/python3.11/site-packages/airflow/example_dags/example_dynamic_task_mapping_with_no_taskflow_operators.py took 0.163 seconds
[2025-12-04T20:15:38.438+0500] {processor.py:161} INFO - Started process (PID=15539) to work on /Library/Frameworks/Python.framework/Versions/3.11/lib/python3.11/site-packages/airflow/example_dags/example_dynamic_task_mapping_with_no_taskflow_operators.py
[2025-12-04T20:15:38.440+0500] {processor.py:830} INFO - Processing file /Library/Frameworks/Python.framework/Versions/3.11/lib/python3.11/site-packages/airflow/example_dags/example_dynamic_task_mapping_with_no_taskflow_operators.py for tasks to queue
[2025-12-04T20:15:38.441+0500] {logging_mixin.py:188} INFO - [2025-12-04T20:15:38.441+0500] {dagbag.py:545} INFO - Filling up the DagBag from /Library/Frameworks/Python.framework/Versions/3.11/lib/python3.11/site-packages/airflow/example_dags/example_dynamic_task_mapping_with_no_taskflow_operators.py
[2025-12-04T20:15:38.452+0500] {processor.py:840} INFO - DAG(s) 'example_dynamic_task_mapping_with_no_taskflow_operators' retrieved from /Library/Frameworks/Python.framework/Versions/3.11/lib/python3.11/site-packages/airflow/example_dags/example_dynamic_task_mapping_with_no_taskflow_operators.py
[2025-12-04T20:15:38.609+0500] {logging_mixin.py:188} INFO - [2025-12-04T20:15:38.608+0500] {dag.py:3089} INFO - Sync 1 DAGs
[2025-12-04T20:15:38.629+0500] {logging_mixin.py:188} INFO - [2025-12-04T20:15:38.628+0500] {dag.py:3947} INFO - Setting next_dagrun for example_dynamic_task_mapping_with_no_taskflow_operators to 2025-12-03 00:00:00+00:00, run_after=2025-12-04 00:00:00+00:00
[2025-12-04T20:15:38.651+0500] {processor.py:183} INFO - Processing /Library/Frameworks/Python.framework/Versions/3.11/lib/python3.11/site-packages/airflow/example_dags/example_dynamic_task_mapping_with_no_taskflow_operators.py took 0.217 seconds
[2025-12-04T20:45:51.266+0500] {processor.py:161} INFO - Started process (PID=15807) to work on /Library/Frameworks/Python.framework/Versions/3.11/lib/python3.11/site-packages/airflow/example_dags/example_dynamic_task_mapping_with_no_taskflow_operators.py
[2025-12-04T20:45:51.269+0500] {processor.py:830} INFO - Processing file /Library/Frameworks/Python.framework/Versions/3.11/lib/python3.11/site-packages/airflow/example_dags/example_dynamic_task_mapping_with_no_taskflow_operators.py for tasks to queue
[2025-12-04T20:45:51.270+0500] {logging_mixin.py:188} INFO - [2025-12-04T20:45:51.269+0500] {dagbag.py:545} INFO - Filling up the DagBag from /Library/Frameworks/Python.framework/Versions/3.11/lib/python3.11/site-packages/airflow/example_dags/example_dynamic_task_mapping_with_no_taskflow_operators.py
[2025-12-04T20:45:51.280+0500] {processor.py:840} INFO - DAG(s) 'example_dynamic_task_mapping_with_no_taskflow_operators' retrieved from /Library/Frameworks/Python.framework/Versions/3.11/lib/python3.11/site-packages/airflow/example_dags/example_dynamic_task_mapping_with_no_taskflow_operators.py
[2025-12-04T20:45:51.422+0500] {logging_mixin.py:188} INFO - [2025-12-04T20:45:51.421+0500] {dag.py:3089} INFO - Sync 1 DAGs
[2025-12-04T20:45:51.438+0500] {logging_mixin.py:188} INFO - [2025-12-04T20:45:51.438+0500] {dag.py:3947} INFO - Setting next_dagrun for example_dynamic_task_mapping_with_no_taskflow_operators to 2025-12-03 00:00:00+00:00, run_after=2025-12-04 00:00:00+00:00
[2025-12-04T20:45:51.463+0500] {processor.py:183} INFO - Processing /Library/Frameworks/Python.framework/Versions/3.11/lib/python3.11/site-packages/airflow/example_dags/example_dynamic_task_mapping_with_no_taskflow_operators.py took 0.201 seconds
