[2025-12-04T18:20:17.207+0500] {processor.py:161} INFO - Started process (PID=11743) to work on /Library/Frameworks/Python.framework/Versions/3.11/lib/python3.11/site-packages/airflow/example_dags/example_dag_decorator.py
[2025-12-04T18:20:17.209+0500] {processor.py:830} INFO - Processing file /Library/Frameworks/Python.framework/Versions/3.11/lib/python3.11/site-packages/airflow/example_dags/example_dag_decorator.py for tasks to queue
[2025-12-04T18:20:17.210+0500] {logging_mixin.py:188} INFO - [2025-12-04T18:20:17.210+0500] {dagbag.py:545} INFO - Filling up the DagBag from /Library/Frameworks/Python.framework/Versions/3.11/lib/python3.11/site-packages/airflow/example_dags/example_dag_decorator.py
[2025-12-04T18:20:17.889+0500] {processor.py:840} INFO - DAG(s) 'example_dag_decorator' retrieved from /Library/Frameworks/Python.framework/Versions/3.11/lib/python3.11/site-packages/airflow/example_dags/example_dag_decorator.py
[2025-12-04T18:20:18.296+0500] {logging_mixin.py:188} INFO - [2025-12-04T18:20:18.296+0500] {override.py:1858} INFO - Created Permission View: can delete on DAG:example_dag_decorator
[2025-12-04T18:20:18.312+0500] {logging_mixin.py:188} INFO - [2025-12-04T18:20:18.312+0500] {override.py:1858} INFO - Created Permission View: can read on DAG:example_dag_decorator
[2025-12-04T18:20:18.327+0500] {logging_mixin.py:188} INFO - [2025-12-04T18:20:18.326+0500] {override.py:1858} INFO - Created Permission View: can edit on DAG:example_dag_decorator
[2025-12-04T18:20:18.327+0500] {logging_mixin.py:188} INFO - [2025-12-04T18:20:18.327+0500] {dag.py:3089} INFO - Sync 1 DAGs
[2025-12-04T18:20:18.343+0500] {logging_mixin.py:188} INFO - [2025-12-04T18:20:18.343+0500] {dag.py:3111} INFO - Creating ORM DAG for example_dag_decorator
[2025-12-04T18:20:18.344+0500] {logging_mixin.py:188} INFO - [2025-12-04T18:20:18.344+0500] {dag.py:3947} INFO - Setting next_dagrun for example_dag_decorator to None, run_after=None
[2025-12-04T18:20:18.389+0500] {processor.py:183} INFO - Processing /Library/Frameworks/Python.framework/Versions/3.11/lib/python3.11/site-packages/airflow/example_dags/example_dag_decorator.py took 1.186 seconds
[2025-12-04T18:22:52.795+0500] {processor.py:161} INFO - Started process (PID=11845) to work on /Library/Frameworks/Python.framework/Versions/3.11/lib/python3.11/site-packages/airflow/example_dags/example_dag_decorator.py
[2025-12-04T18:22:52.797+0500] {processor.py:830} INFO - Processing file /Library/Frameworks/Python.framework/Versions/3.11/lib/python3.11/site-packages/airflow/example_dags/example_dag_decorator.py for tasks to queue
[2025-12-04T18:22:52.798+0500] {logging_mixin.py:188} INFO - [2025-12-04T18:22:52.798+0500] {dagbag.py:545} INFO - Filling up the DagBag from /Library/Frameworks/Python.framework/Versions/3.11/lib/python3.11/site-packages/airflow/example_dags/example_dag_decorator.py
[2025-12-04T18:22:53.316+0500] {processor.py:840} INFO - DAG(s) 'example_dag_decorator' retrieved from /Library/Frameworks/Python.framework/Versions/3.11/lib/python3.11/site-packages/airflow/example_dags/example_dag_decorator.py
[2025-12-04T18:22:53.786+0500] {logging_mixin.py:188} INFO - [2025-12-04T18:22:53.786+0500] {dag.py:3089} INFO - Sync 1 DAGs
[2025-12-04T18:22:53.796+0500] {logging_mixin.py:188} INFO - [2025-12-04T18:22:53.795+0500] {dag.py:3947} INFO - Setting next_dagrun for example_dag_decorator to None, run_after=None
[2025-12-04T18:22:53.821+0500] {processor.py:183} INFO - Processing /Library/Frameworks/Python.framework/Versions/3.11/lib/python3.11/site-packages/airflow/example_dags/example_dag_decorator.py took 1.028 seconds
[2025-12-04T18:27:02.032+0500] {processor.py:161} INFO - Started process (PID=12031) to work on /Library/Frameworks/Python.framework/Versions/3.11/lib/python3.11/site-packages/airflow/example_dags/example_dag_decorator.py
[2025-12-04T18:27:02.034+0500] {processor.py:830} INFO - Processing file /Library/Frameworks/Python.framework/Versions/3.11/lib/python3.11/site-packages/airflow/example_dags/example_dag_decorator.py for tasks to queue
[2025-12-04T18:27:02.035+0500] {logging_mixin.py:188} INFO - [2025-12-04T18:27:02.035+0500] {dagbag.py:545} INFO - Filling up the DagBag from /Library/Frameworks/Python.framework/Versions/3.11/lib/python3.11/site-packages/airflow/example_dags/example_dag_decorator.py
[2025-12-04T18:27:02.566+0500] {processor.py:840} INFO - DAG(s) 'example_dag_decorator' retrieved from /Library/Frameworks/Python.framework/Versions/3.11/lib/python3.11/site-packages/airflow/example_dags/example_dag_decorator.py
[2025-12-04T18:27:03.026+0500] {logging_mixin.py:188} INFO - [2025-12-04T18:27:03.025+0500] {dag.py:3089} INFO - Sync 1 DAGs
[2025-12-04T18:27:03.036+0500] {logging_mixin.py:188} INFO - [2025-12-04T18:27:03.036+0500] {dag.py:3947} INFO - Setting next_dagrun for example_dag_decorator to None, run_after=None
[2025-12-04T18:27:03.060+0500] {processor.py:183} INFO - Processing /Library/Frameworks/Python.framework/Versions/3.11/lib/python3.11/site-packages/airflow/example_dags/example_dag_decorator.py took 1.031 seconds
[2025-12-04T18:31:55.010+0500] {processor.py:161} INFO - Started process (PID=12243) to work on /Library/Frameworks/Python.framework/Versions/3.11/lib/python3.11/site-packages/airflow/example_dags/example_dag_decorator.py
[2025-12-04T18:31:55.012+0500] {processor.py:830} INFO - Processing file /Library/Frameworks/Python.framework/Versions/3.11/lib/python3.11/site-packages/airflow/example_dags/example_dag_decorator.py for tasks to queue
[2025-12-04T18:31:55.014+0500] {logging_mixin.py:188} INFO - [2025-12-04T18:31:55.013+0500] {dagbag.py:545} INFO - Filling up the DagBag from /Library/Frameworks/Python.framework/Versions/3.11/lib/python3.11/site-packages/airflow/example_dags/example_dag_decorator.py
[2025-12-04T18:31:55.539+0500] {processor.py:840} INFO - DAG(s) 'example_dag_decorator' retrieved from /Library/Frameworks/Python.framework/Versions/3.11/lib/python3.11/site-packages/airflow/example_dags/example_dag_decorator.py
[2025-12-04T18:31:56.135+0500] {logging_mixin.py:188} INFO - [2025-12-04T18:31:56.134+0500] {dag.py:3089} INFO - Sync 1 DAGs
[2025-12-04T18:31:56.148+0500] {logging_mixin.py:188} INFO - [2025-12-04T18:31:56.148+0500] {dag.py:3947} INFO - Setting next_dagrun for example_dag_decorator to None, run_after=None
[2025-12-04T18:31:56.183+0500] {processor.py:183} INFO - Processing /Library/Frameworks/Python.framework/Versions/3.11/lib/python3.11/site-packages/airflow/example_dags/example_dag_decorator.py took 1.178 seconds
[2025-12-04T18:36:23.471+0500] {processor.py:161} INFO - Started process (PID=12449) to work on /Library/Frameworks/Python.framework/Versions/3.11/lib/python3.11/site-packages/airflow/example_dags/example_dag_decorator.py
[2025-12-04T18:36:23.473+0500] {processor.py:830} INFO - Processing file /Library/Frameworks/Python.framework/Versions/3.11/lib/python3.11/site-packages/airflow/example_dags/example_dag_decorator.py for tasks to queue
[2025-12-04T18:36:23.474+0500] {logging_mixin.py:188} INFO - [2025-12-04T18:36:23.474+0500] {dagbag.py:545} INFO - Filling up the DagBag from /Library/Frameworks/Python.framework/Versions/3.11/lib/python3.11/site-packages/airflow/example_dags/example_dag_decorator.py
[2025-12-04T18:36:24.023+0500] {processor.py:840} INFO - DAG(s) 'example_dag_decorator' retrieved from /Library/Frameworks/Python.framework/Versions/3.11/lib/python3.11/site-packages/airflow/example_dags/example_dag_decorator.py
[2025-12-04T18:36:24.450+0500] {logging_mixin.py:188} INFO - [2025-12-04T18:36:24.450+0500] {dag.py:3089} INFO - Sync 1 DAGs
[2025-12-04T18:36:24.459+0500] {logging_mixin.py:188} INFO - [2025-12-04T18:36:24.459+0500] {dag.py:3947} INFO - Setting next_dagrun for example_dag_decorator to None, run_after=None
[2025-12-04T18:36:24.482+0500] {processor.py:183} INFO - Processing /Library/Frameworks/Python.framework/Versions/3.11/lib/python3.11/site-packages/airflow/example_dags/example_dag_decorator.py took 1.014 seconds
[2025-12-04T18:40:08.966+0500] {processor.py:161} INFO - Started process (PID=12579) to work on /Library/Frameworks/Python.framework/Versions/3.11/lib/python3.11/site-packages/airflow/example_dags/example_dag_decorator.py
[2025-12-04T18:40:08.967+0500] {processor.py:830} INFO - Processing file /Library/Frameworks/Python.framework/Versions/3.11/lib/python3.11/site-packages/airflow/example_dags/example_dag_decorator.py for tasks to queue
[2025-12-04T18:40:08.968+0500] {logging_mixin.py:188} INFO - [2025-12-04T18:40:08.968+0500] {dagbag.py:545} INFO - Filling up the DagBag from /Library/Frameworks/Python.framework/Versions/3.11/lib/python3.11/site-packages/airflow/example_dags/example_dag_decorator.py
[2025-12-04T18:40:09.336+0500] {processor.py:840} INFO - DAG(s) 'example_dag_decorator' retrieved from /Library/Frameworks/Python.framework/Versions/3.11/lib/python3.11/site-packages/airflow/example_dags/example_dag_decorator.py
[2025-12-04T18:40:09.735+0500] {logging_mixin.py:188} INFO - [2025-12-04T18:40:09.734+0500] {dag.py:3089} INFO - Sync 1 DAGs
[2025-12-04T18:40:09.745+0500] {logging_mixin.py:188} INFO - [2025-12-04T18:40:09.745+0500] {dag.py:3947} INFO - Setting next_dagrun for example_dag_decorator to None, run_after=None
[2025-12-04T18:40:09.769+0500] {processor.py:183} INFO - Processing /Library/Frameworks/Python.framework/Versions/3.11/lib/python3.11/site-packages/airflow/example_dags/example_dag_decorator.py took 0.807 seconds
[2025-12-04T18:44:37.234+0500] {processor.py:161} INFO - Started process (PID=12780) to work on /Library/Frameworks/Python.framework/Versions/3.11/lib/python3.11/site-packages/airflow/example_dags/example_dag_decorator.py
[2025-12-04T18:44:37.236+0500] {processor.py:830} INFO - Processing file /Library/Frameworks/Python.framework/Versions/3.11/lib/python3.11/site-packages/airflow/example_dags/example_dag_decorator.py for tasks to queue
[2025-12-04T18:44:37.237+0500] {logging_mixin.py:188} INFO - [2025-12-04T18:44:37.237+0500] {dagbag.py:545} INFO - Filling up the DagBag from /Library/Frameworks/Python.framework/Versions/3.11/lib/python3.11/site-packages/airflow/example_dags/example_dag_decorator.py
[2025-12-04T18:44:37.734+0500] {processor.py:840} INFO - DAG(s) 'example_dag_decorator' retrieved from /Library/Frameworks/Python.framework/Versions/3.11/lib/python3.11/site-packages/airflow/example_dags/example_dag_decorator.py
[2025-12-04T18:44:37.978+0500] {logging_mixin.py:188} INFO - [2025-12-04T18:44:37.978+0500] {dag.py:3089} INFO - Sync 1 DAGs
[2025-12-04T18:44:37.987+0500] {logging_mixin.py:188} INFO - [2025-12-04T18:44:37.987+0500] {dag.py:3947} INFO - Setting next_dagrun for example_dag_decorator to None, run_after=None
[2025-12-04T18:44:38.011+0500] {processor.py:183} INFO - Processing /Library/Frameworks/Python.framework/Versions/3.11/lib/python3.11/site-packages/airflow/example_dags/example_dag_decorator.py took 0.780 seconds
[2025-12-04T18:48:38.254+0500] {processor.py:161} INFO - Started process (PID=12930) to work on /Library/Frameworks/Python.framework/Versions/3.11/lib/python3.11/site-packages/airflow/example_dags/example_dag_decorator.py
[2025-12-04T18:48:38.257+0500] {processor.py:830} INFO - Processing file /Library/Frameworks/Python.framework/Versions/3.11/lib/python3.11/site-packages/airflow/example_dags/example_dag_decorator.py for tasks to queue
[2025-12-04T18:48:38.258+0500] {logging_mixin.py:188} INFO - [2025-12-04T18:48:38.258+0500] {dagbag.py:545} INFO - Filling up the DagBag from /Library/Frameworks/Python.framework/Versions/3.11/lib/python3.11/site-packages/airflow/example_dags/example_dag_decorator.py
[2025-12-04T18:48:38.857+0500] {processor.py:840} INFO - DAG(s) 'example_dag_decorator' retrieved from /Library/Frameworks/Python.framework/Versions/3.11/lib/python3.11/site-packages/airflow/example_dags/example_dag_decorator.py
[2025-12-04T18:48:39.500+0500] {logging_mixin.py:188} INFO - [2025-12-04T18:48:39.499+0500] {dag.py:3089} INFO - Sync 1 DAGs
[2025-12-04T18:48:39.516+0500] {logging_mixin.py:188} INFO - [2025-12-04T18:48:39.516+0500] {dag.py:3947} INFO - Setting next_dagrun for example_dag_decorator to None, run_after=None
[2025-12-04T18:48:39.563+0500] {processor.py:183} INFO - Processing /Library/Frameworks/Python.framework/Versions/3.11/lib/python3.11/site-packages/airflow/example_dags/example_dag_decorator.py took 1.315 seconds
[2025-12-04T18:53:15.573+0500] {processor.py:161} INFO - Started process (PID=13104) to work on /Library/Frameworks/Python.framework/Versions/3.11/lib/python3.11/site-packages/airflow/example_dags/example_dag_decorator.py
[2025-12-04T18:53:15.575+0500] {processor.py:830} INFO - Processing file /Library/Frameworks/Python.framework/Versions/3.11/lib/python3.11/site-packages/airflow/example_dags/example_dag_decorator.py for tasks to queue
[2025-12-04T18:53:15.576+0500] {logging_mixin.py:188} INFO - [2025-12-04T18:53:15.576+0500] {dagbag.py:545} INFO - Filling up the DagBag from /Library/Frameworks/Python.framework/Versions/3.11/lib/python3.11/site-packages/airflow/example_dags/example_dag_decorator.py
[2025-12-04T18:53:16.068+0500] {processor.py:840} INFO - DAG(s) 'example_dag_decorator' retrieved from /Library/Frameworks/Python.framework/Versions/3.11/lib/python3.11/site-packages/airflow/example_dags/example_dag_decorator.py
[2025-12-04T18:53:16.310+0500] {logging_mixin.py:188} INFO - [2025-12-04T18:53:16.310+0500] {dag.py:3089} INFO - Sync 1 DAGs
[2025-12-04T18:53:16.323+0500] {logging_mixin.py:188} INFO - [2025-12-04T18:53:16.322+0500] {dag.py:3947} INFO - Setting next_dagrun for example_dag_decorator to None, run_after=None
[2025-12-04T18:53:16.354+0500] {processor.py:183} INFO - Processing /Library/Frameworks/Python.framework/Versions/3.11/lib/python3.11/site-packages/airflow/example_dags/example_dag_decorator.py took 0.783 seconds
[2025-12-04T19:34:50.496+0500] {processor.py:161} INFO - Started process (PID=14632) to work on /Library/Frameworks/Python.framework/Versions/3.11/lib/python3.11/site-packages/airflow/example_dags/example_dag_decorator.py
[2025-12-04T19:34:50.499+0500] {processor.py:830} INFO - Processing file /Library/Frameworks/Python.framework/Versions/3.11/lib/python3.11/site-packages/airflow/example_dags/example_dag_decorator.py for tasks to queue
[2025-12-04T19:34:50.500+0500] {logging_mixin.py:188} INFO - [2025-12-04T19:34:50.499+0500] {dagbag.py:545} INFO - Filling up the DagBag from /Library/Frameworks/Python.framework/Versions/3.11/lib/python3.11/site-packages/airflow/example_dags/example_dag_decorator.py
[2025-12-04T19:34:51.061+0500] {processor.py:840} INFO - DAG(s) 'example_dag_decorator' retrieved from /Library/Frameworks/Python.framework/Versions/3.11/lib/python3.11/site-packages/airflow/example_dags/example_dag_decorator.py
[2025-12-04T19:34:51.523+0500] {logging_mixin.py:188} INFO - [2025-12-04T19:34:51.522+0500] {dag.py:3089} INFO - Sync 1 DAGs
[2025-12-04T19:34:51.532+0500] {logging_mixin.py:188} INFO - [2025-12-04T19:34:51.532+0500] {dag.py:3947} INFO - Setting next_dagrun for example_dag_decorator to None, run_after=None
[2025-12-04T19:34:51.556+0500] {processor.py:183} INFO - Processing /Library/Frameworks/Python.framework/Versions/3.11/lib/python3.11/site-packages/airflow/example_dags/example_dag_decorator.py took 1.063 seconds
[2025-12-04T19:37:50.488+0500] {processor.py:161} INFO - Started process (PID=14752) to work on /Library/Frameworks/Python.framework/Versions/3.11/lib/python3.11/site-packages/airflow/example_dags/example_dag_decorator.py
[2025-12-04T19:37:50.490+0500] {processor.py:830} INFO - Processing file /Library/Frameworks/Python.framework/Versions/3.11/lib/python3.11/site-packages/airflow/example_dags/example_dag_decorator.py for tasks to queue
[2025-12-04T19:37:50.491+0500] {logging_mixin.py:188} INFO - [2025-12-04T19:37:50.491+0500] {dagbag.py:545} INFO - Filling up the DagBag from /Library/Frameworks/Python.framework/Versions/3.11/lib/python3.11/site-packages/airflow/example_dags/example_dag_decorator.py
[2025-12-04T19:37:50.955+0500] {processor.py:840} INFO - DAG(s) 'example_dag_decorator' retrieved from /Library/Frameworks/Python.framework/Versions/3.11/lib/python3.11/site-packages/airflow/example_dags/example_dag_decorator.py
[2025-12-04T19:37:51.200+0500] {logging_mixin.py:188} INFO - [2025-12-04T19:37:51.200+0500] {dag.py:3089} INFO - Sync 1 DAGs
[2025-12-04T19:37:51.209+0500] {logging_mixin.py:188} INFO - [2025-12-04T19:37:51.209+0500] {dag.py:3947} INFO - Setting next_dagrun for example_dag_decorator to None, run_after=None
[2025-12-04T19:37:51.233+0500] {processor.py:183} INFO - Processing /Library/Frameworks/Python.framework/Versions/3.11/lib/python3.11/site-packages/airflow/example_dags/example_dag_decorator.py took 0.747 seconds
[2025-12-04T19:42:09.539+0500] {processor.py:161} INFO - Started process (PID=14912) to work on /Library/Frameworks/Python.framework/Versions/3.11/lib/python3.11/site-packages/airflow/example_dags/example_dag_decorator.py
[2025-12-04T19:42:09.541+0500] {processor.py:830} INFO - Processing file /Library/Frameworks/Python.framework/Versions/3.11/lib/python3.11/site-packages/airflow/example_dags/example_dag_decorator.py for tasks to queue
[2025-12-04T19:42:09.542+0500] {logging_mixin.py:188} INFO - [2025-12-04T19:42:09.542+0500] {dagbag.py:545} INFO - Filling up the DagBag from /Library/Frameworks/Python.framework/Versions/3.11/lib/python3.11/site-packages/airflow/example_dags/example_dag_decorator.py
[2025-12-04T19:42:10.012+0500] {processor.py:840} INFO - DAG(s) 'example_dag_decorator' retrieved from /Library/Frameworks/Python.framework/Versions/3.11/lib/python3.11/site-packages/airflow/example_dags/example_dag_decorator.py
[2025-12-04T19:42:10.306+0500] {logging_mixin.py:188} INFO - [2025-12-04T19:42:10.306+0500] {dag.py:3089} INFO - Sync 1 DAGs
[2025-12-04T19:42:10.318+0500] {logging_mixin.py:188} INFO - [2025-12-04T19:42:10.318+0500] {dag.py:3947} INFO - Setting next_dagrun for example_dag_decorator to None, run_after=None
[2025-12-04T19:42:10.345+0500] {processor.py:183} INFO - Processing /Library/Frameworks/Python.framework/Versions/3.11/lib/python3.11/site-packages/airflow/example_dags/example_dag_decorator.py took 0.809 seconds
[2025-12-04T19:46:52.298+0500] {processor.py:161} INFO - Started process (PID=15074) to work on /Library/Frameworks/Python.framework/Versions/3.11/lib/python3.11/site-packages/airflow/example_dags/example_dag_decorator.py
[2025-12-04T19:46:52.301+0500] {processor.py:830} INFO - Processing file /Library/Frameworks/Python.framework/Versions/3.11/lib/python3.11/site-packages/airflow/example_dags/example_dag_decorator.py for tasks to queue
[2025-12-04T19:46:52.303+0500] {logging_mixin.py:188} INFO - [2025-12-04T19:46:52.302+0500] {dagbag.py:545} INFO - Filling up the DagBag from /Library/Frameworks/Python.framework/Versions/3.11/lib/python3.11/site-packages/airflow/example_dags/example_dag_decorator.py
[2025-12-04T19:46:52.853+0500] {processor.py:840} INFO - DAG(s) 'example_dag_decorator' retrieved from /Library/Frameworks/Python.framework/Versions/3.11/lib/python3.11/site-packages/airflow/example_dags/example_dag_decorator.py
[2025-12-04T19:46:53.355+0500] {logging_mixin.py:188} INFO - [2025-12-04T19:46:53.355+0500] {dag.py:3089} INFO - Sync 1 DAGs
[2025-12-04T19:46:53.365+0500] {logging_mixin.py:188} INFO - [2025-12-04T19:46:53.365+0500] {dag.py:3947} INFO - Setting next_dagrun for example_dag_decorator to None, run_after=None
[2025-12-04T19:46:53.389+0500] {processor.py:183} INFO - Processing /Library/Frameworks/Python.framework/Versions/3.11/lib/python3.11/site-packages/airflow/example_dags/example_dag_decorator.py took 1.100 seconds
[2025-12-04T19:51:04.112+0500] {processor.py:161} INFO - Started process (PID=15222) to work on /Library/Frameworks/Python.framework/Versions/3.11/lib/python3.11/site-packages/airflow/example_dags/example_dag_decorator.py
[2025-12-04T19:51:04.114+0500] {processor.py:830} INFO - Processing file /Library/Frameworks/Python.framework/Versions/3.11/lib/python3.11/site-packages/airflow/example_dags/example_dag_decorator.py for tasks to queue
[2025-12-04T19:51:04.115+0500] {logging_mixin.py:188} INFO - [2025-12-04T19:51:04.115+0500] {dagbag.py:545} INFO - Filling up the DagBag from /Library/Frameworks/Python.framework/Versions/3.11/lib/python3.11/site-packages/airflow/example_dags/example_dag_decorator.py
[2025-12-04T19:51:04.620+0500] {processor.py:840} INFO - DAG(s) 'example_dag_decorator' retrieved from /Library/Frameworks/Python.framework/Versions/3.11/lib/python3.11/site-packages/airflow/example_dags/example_dag_decorator.py
[2025-12-04T19:51:04.869+0500] {logging_mixin.py:188} INFO - [2025-12-04T19:51:04.869+0500] {dag.py:3089} INFO - Sync 1 DAGs
[2025-12-04T19:51:04.878+0500] {logging_mixin.py:188} INFO - [2025-12-04T19:51:04.878+0500] {dag.py:3947} INFO - Setting next_dagrun for example_dag_decorator to None, run_after=None
[2025-12-04T19:51:04.901+0500] {processor.py:183} INFO - Processing /Library/Frameworks/Python.framework/Versions/3.11/lib/python3.11/site-packages/airflow/example_dags/example_dag_decorator.py took 0.792 seconds
[2025-12-04T19:54:56.861+0500] {processor.py:161} INFO - Started process (PID=15401) to work on /Library/Frameworks/Python.framework/Versions/3.11/lib/python3.11/site-packages/airflow/example_dags/example_dag_decorator.py
[2025-12-04T19:54:56.863+0500] {processor.py:830} INFO - Processing file /Library/Frameworks/Python.framework/Versions/3.11/lib/python3.11/site-packages/airflow/example_dags/example_dag_decorator.py for tasks to queue
[2025-12-04T19:54:56.864+0500] {logging_mixin.py:188} INFO - [2025-12-04T19:54:56.864+0500] {dagbag.py:545} INFO - Filling up the DagBag from /Library/Frameworks/Python.framework/Versions/3.11/lib/python3.11/site-packages/airflow/example_dags/example_dag_decorator.py
[2025-12-04T19:54:57.483+0500] {processor.py:840} INFO - DAG(s) 'example_dag_decorator' retrieved from /Library/Frameworks/Python.framework/Versions/3.11/lib/python3.11/site-packages/airflow/example_dags/example_dag_decorator.py
[2025-12-04T19:54:57.781+0500] {logging_mixin.py:188} INFO - [2025-12-04T19:54:57.781+0500] {dag.py:3089} INFO - Sync 1 DAGs
[2025-12-04T19:54:57.790+0500] {logging_mixin.py:188} INFO - [2025-12-04T19:54:57.790+0500] {dag.py:3947} INFO - Setting next_dagrun for example_dag_decorator to None, run_after=None
[2025-12-04T19:54:57.814+0500] {processor.py:183} INFO - Processing /Library/Frameworks/Python.framework/Versions/3.11/lib/python3.11/site-packages/airflow/example_dags/example_dag_decorator.py took 0.957 seconds
[2025-12-04T20:15:51.658+0500] {processor.py:161} INFO - Started process (PID=15547) to work on /Library/Frameworks/Python.framework/Versions/3.11/lib/python3.11/site-packages/airflow/example_dags/example_dag_decorator.py
[2025-12-04T20:15:51.660+0500] {processor.py:830} INFO - Processing file /Library/Frameworks/Python.framework/Versions/3.11/lib/python3.11/site-packages/airflow/example_dags/example_dag_decorator.py for tasks to queue
[2025-12-04T20:15:51.661+0500] {logging_mixin.py:188} INFO - [2025-12-04T20:15:51.661+0500] {dagbag.py:545} INFO - Filling up the DagBag from /Library/Frameworks/Python.framework/Versions/3.11/lib/python3.11/site-packages/airflow/example_dags/example_dag_decorator.py
[2025-12-04T20:15:52.028+0500] {processor.py:840} INFO - DAG(s) 'example_dag_decorator' retrieved from /Library/Frameworks/Python.framework/Versions/3.11/lib/python3.11/site-packages/airflow/example_dags/example_dag_decorator.py
[2025-12-04T20:15:52.369+0500] {logging_mixin.py:188} INFO - [2025-12-04T20:15:52.369+0500] {dag.py:3089} INFO - Sync 1 DAGs
[2025-12-04T20:15:52.379+0500] {logging_mixin.py:188} INFO - [2025-12-04T20:15:52.379+0500] {dag.py:3947} INFO - Setting next_dagrun for example_dag_decorator to None, run_after=None
[2025-12-04T20:15:52.403+0500] {processor.py:183} INFO - Processing /Library/Frameworks/Python.framework/Versions/3.11/lib/python3.11/site-packages/airflow/example_dags/example_dag_decorator.py took 0.748 seconds
[2025-12-04T20:46:03.667+0500] {processor.py:161} INFO - Started process (PID=15814) to work on /Library/Frameworks/Python.framework/Versions/3.11/lib/python3.11/site-packages/airflow/example_dags/example_dag_decorator.py
[2025-12-04T20:46:03.669+0500] {processor.py:830} INFO - Processing file /Library/Frameworks/Python.framework/Versions/3.11/lib/python3.11/site-packages/airflow/example_dags/example_dag_decorator.py for tasks to queue
[2025-12-04T20:46:03.670+0500] {logging_mixin.py:188} INFO - [2025-12-04T20:46:03.670+0500] {dagbag.py:545} INFO - Filling up the DagBag from /Library/Frameworks/Python.framework/Versions/3.11/lib/python3.11/site-packages/airflow/example_dags/example_dag_decorator.py
[2025-12-04T20:46:04.284+0500] {processor.py:840} INFO - DAG(s) 'example_dag_decorator' retrieved from /Library/Frameworks/Python.framework/Versions/3.11/lib/python3.11/site-packages/airflow/example_dags/example_dag_decorator.py
[2025-12-04T20:46:04.532+0500] {logging_mixin.py:188} INFO - [2025-12-04T20:46:04.532+0500] {dag.py:3089} INFO - Sync 1 DAGs
[2025-12-04T20:46:04.541+0500] {logging_mixin.py:188} INFO - [2025-12-04T20:46:04.541+0500] {dag.py:3947} INFO - Setting next_dagrun for example_dag_decorator to None, run_after=None
[2025-12-04T20:46:04.565+0500] {processor.py:183} INFO - Processing /Library/Frameworks/Python.framework/Versions/3.11/lib/python3.11/site-packages/airflow/example_dags/example_dag_decorator.py took 0.901 seconds
