[2025-12-04T18:20:44.452+0500] {processor.py:161} INFO - Started process (PID=11756) to work on /Library/Frameworks/Python.framework/Versions/3.11/lib/python3.11/site-packages/airflow/example_dags/example_bash_operator.py
[2025-12-04T18:20:44.454+0500] {processor.py:830} INFO - Processing file /Library/Frameworks/Python.framework/Versions/3.11/lib/python3.11/site-packages/airflow/example_dags/example_bash_operator.py for tasks to queue
[2025-12-04T18:20:44.454+0500] {logging_mixin.py:188} INFO - [2025-12-04T18:20:44.454+0500] {dagbag.py:545} INFO - Filling up the DagBag from /Library/Frameworks/Python.framework/Versions/3.11/lib/python3.11/site-packages/airflow/example_dags/example_bash_operator.py
[2025-12-04T18:20:44.472+0500] {processor.py:840} INFO - DAG(s) 'example_bash_operator' retrieved from /Library/Frameworks/Python.framework/Versions/3.11/lib/python3.11/site-packages/airflow/example_dags/example_bash_operator.py
[2025-12-04T18:20:44.724+0500] {logging_mixin.py:188} INFO - [2025-12-04T18:20:44.721+0500] {override.py:1858} INFO - Created Permission View: can edit on DAG:example_bash_operator
[2025-12-04T18:20:44.737+0500] {logging_mixin.py:188} INFO - [2025-12-04T18:20:44.736+0500] {override.py:1858} INFO - Created Permission View: can read on DAG:example_bash_operator
[2025-12-04T18:20:44.750+0500] {logging_mixin.py:188} INFO - [2025-12-04T18:20:44.750+0500] {override.py:1858} INFO - Created Permission View: can delete on DAG:example_bash_operator
[2025-12-04T18:20:44.750+0500] {logging_mixin.py:188} INFO - [2025-12-04T18:20:44.750+0500] {dag.py:3089} INFO - Sync 1 DAGs
[2025-12-04T18:20:44.843+0500] {logging_mixin.py:188} INFO - [2025-12-04T18:20:44.843+0500] {dag.py:3111} INFO - Creating ORM DAG for example_bash_operator
[2025-12-04T18:20:44.853+0500] {logging_mixin.py:188} INFO - [2025-12-04T18:20:44.852+0500] {dag.py:3947} INFO - Setting next_dagrun for example_bash_operator to 2025-12-03 00:00:00+00:00, run_after=2025-12-04 00:00:00+00:00
[2025-12-04T18:20:44.891+0500] {processor.py:183} INFO - Processing /Library/Frameworks/Python.framework/Versions/3.11/lib/python3.11/site-packages/airflow/example_dags/example_bash_operator.py took 0.442 seconds
[2025-12-04T18:24:47.728+0500] {processor.py:161} INFO - Started process (PID=11910) to work on /Library/Frameworks/Python.framework/Versions/3.11/lib/python3.11/site-packages/airflow/example_dags/example_bash_operator.py
[2025-12-04T18:24:47.730+0500] {processor.py:830} INFO - Processing file /Library/Frameworks/Python.framework/Versions/3.11/lib/python3.11/site-packages/airflow/example_dags/example_bash_operator.py for tasks to queue
[2025-12-04T18:24:47.731+0500] {logging_mixin.py:188} INFO - [2025-12-04T18:24:47.731+0500] {dagbag.py:545} INFO - Filling up the DagBag from /Library/Frameworks/Python.framework/Versions/3.11/lib/python3.11/site-packages/airflow/example_dags/example_bash_operator.py
[2025-12-04T18:24:47.748+0500] {processor.py:840} INFO - DAG(s) 'example_bash_operator' retrieved from /Library/Frameworks/Python.framework/Versions/3.11/lib/python3.11/site-packages/airflow/example_dags/example_bash_operator.py
[2025-12-04T18:24:47.870+0500] {logging_mixin.py:188} INFO - [2025-12-04T18:24:47.870+0500] {dag.py:3089} INFO - Sync 1 DAGs
[2025-12-04T18:24:47.887+0500] {logging_mixin.py:188} INFO - [2025-12-04T18:24:47.887+0500] {dag.py:3947} INFO - Setting next_dagrun for example_bash_operator to 2025-12-03 00:00:00+00:00, run_after=2025-12-04 00:00:00+00:00
[2025-12-04T18:24:47.908+0500] {processor.py:183} INFO - Processing /Library/Frameworks/Python.framework/Versions/3.11/lib/python3.11/site-packages/airflow/example_dags/example_bash_operator.py took 0.183 seconds
[2025-12-04T18:29:27.017+0500] {processor.py:161} INFO - Started process (PID=12147) to work on /Library/Frameworks/Python.framework/Versions/3.11/lib/python3.11/site-packages/airflow/example_dags/example_bash_operator.py
[2025-12-04T18:29:27.019+0500] {processor.py:830} INFO - Processing file /Library/Frameworks/Python.framework/Versions/3.11/lib/python3.11/site-packages/airflow/example_dags/example_bash_operator.py for tasks to queue
[2025-12-04T18:29:27.020+0500] {logging_mixin.py:188} INFO - [2025-12-04T18:29:27.020+0500] {dagbag.py:545} INFO - Filling up the DagBag from /Library/Frameworks/Python.framework/Versions/3.11/lib/python3.11/site-packages/airflow/example_dags/example_bash_operator.py
[2025-12-04T18:29:27.039+0500] {processor.py:840} INFO - DAG(s) 'example_bash_operator' retrieved from /Library/Frameworks/Python.framework/Versions/3.11/lib/python3.11/site-packages/airflow/example_dags/example_bash_operator.py
[2025-12-04T18:29:27.176+0500] {logging_mixin.py:188} INFO - [2025-12-04T18:29:27.176+0500] {dag.py:3089} INFO - Sync 1 DAGs
[2025-12-04T18:29:27.194+0500] {logging_mixin.py:188} INFO - [2025-12-04T18:29:27.194+0500] {dag.py:3947} INFO - Setting next_dagrun for example_bash_operator to 2025-12-03 00:00:00+00:00, run_after=2025-12-04 00:00:00+00:00
[2025-12-04T18:29:27.215+0500] {processor.py:183} INFO - Processing /Library/Frameworks/Python.framework/Versions/3.11/lib/python3.11/site-packages/airflow/example_dags/example_bash_operator.py took 0.201 seconds
[2025-12-04T18:34:19.365+0500] {processor.py:161} INFO - Started process (PID=12363) to work on /Library/Frameworks/Python.framework/Versions/3.11/lib/python3.11/site-packages/airflow/example_dags/example_bash_operator.py
[2025-12-04T18:34:19.368+0500] {processor.py:830} INFO - Processing file /Library/Frameworks/Python.framework/Versions/3.11/lib/python3.11/site-packages/airflow/example_dags/example_bash_operator.py for tasks to queue
[2025-12-04T18:34:19.369+0500] {logging_mixin.py:188} INFO - [2025-12-04T18:34:19.369+0500] {dagbag.py:545} INFO - Filling up the DagBag from /Library/Frameworks/Python.framework/Versions/3.11/lib/python3.11/site-packages/airflow/example_dags/example_bash_operator.py
[2025-12-04T18:34:19.385+0500] {processor.py:840} INFO - DAG(s) 'example_bash_operator' retrieved from /Library/Frameworks/Python.framework/Versions/3.11/lib/python3.11/site-packages/airflow/example_dags/example_bash_operator.py
[2025-12-04T18:34:19.514+0500] {logging_mixin.py:188} INFO - [2025-12-04T18:34:19.514+0500] {dag.py:3089} INFO - Sync 1 DAGs
[2025-12-04T18:34:19.535+0500] {logging_mixin.py:188} INFO - [2025-12-04T18:34:19.534+0500] {dag.py:3947} INFO - Setting next_dagrun for example_bash_operator to 2025-12-03 00:00:00+00:00, run_after=2025-12-04 00:00:00+00:00
[2025-12-04T18:34:19.557+0500] {processor.py:183} INFO - Processing /Library/Frameworks/Python.framework/Versions/3.11/lib/python3.11/site-packages/airflow/example_dags/example_bash_operator.py took 0.195 seconds
[2025-12-04T18:38:12.997+0500] {processor.py:161} INFO - Started process (PID=12513) to work on /Library/Frameworks/Python.framework/Versions/3.11/lib/python3.11/site-packages/airflow/example_dags/example_bash_operator.py
[2025-12-04T18:38:13.000+0500] {processor.py:830} INFO - Processing file /Library/Frameworks/Python.framework/Versions/3.11/lib/python3.11/site-packages/airflow/example_dags/example_bash_operator.py for tasks to queue
[2025-12-04T18:38:13.001+0500] {logging_mixin.py:188} INFO - [2025-12-04T18:38:13.000+0500] {dagbag.py:545} INFO - Filling up the DagBag from /Library/Frameworks/Python.framework/Versions/3.11/lib/python3.11/site-packages/airflow/example_dags/example_bash_operator.py
[2025-12-04T18:38:13.014+0500] {processor.py:840} INFO - DAG(s) 'example_bash_operator' retrieved from /Library/Frameworks/Python.framework/Versions/3.11/lib/python3.11/site-packages/airflow/example_dags/example_bash_operator.py
[2025-12-04T18:38:13.134+0500] {logging_mixin.py:188} INFO - [2025-12-04T18:38:13.134+0500] {dag.py:3089} INFO - Sync 1 DAGs
[2025-12-04T18:38:13.152+0500] {logging_mixin.py:188} INFO - [2025-12-04T18:38:13.151+0500] {dag.py:3947} INFO - Setting next_dagrun for example_bash_operator to 2025-12-03 00:00:00+00:00, run_after=2025-12-04 00:00:00+00:00
[2025-12-04T18:38:13.172+0500] {processor.py:183} INFO - Processing /Library/Frameworks/Python.framework/Versions/3.11/lib/python3.11/site-packages/airflow/example_dags/example_bash_operator.py took 0.177 seconds
[2025-12-04T18:42:17.388+0500] {processor.py:161} INFO - Started process (PID=12687) to work on /Library/Frameworks/Python.framework/Versions/3.11/lib/python3.11/site-packages/airflow/example_dags/example_bash_operator.py
[2025-12-04T18:42:17.390+0500] {processor.py:830} INFO - Processing file /Library/Frameworks/Python.framework/Versions/3.11/lib/python3.11/site-packages/airflow/example_dags/example_bash_operator.py for tasks to queue
[2025-12-04T18:42:17.391+0500] {logging_mixin.py:188} INFO - [2025-12-04T18:42:17.391+0500] {dagbag.py:545} INFO - Filling up the DagBag from /Library/Frameworks/Python.framework/Versions/3.11/lib/python3.11/site-packages/airflow/example_dags/example_bash_operator.py
[2025-12-04T18:42:17.410+0500] {processor.py:840} INFO - DAG(s) 'example_bash_operator' retrieved from /Library/Frameworks/Python.framework/Versions/3.11/lib/python3.11/site-packages/airflow/example_dags/example_bash_operator.py
[2025-12-04T18:42:17.595+0500] {logging_mixin.py:188} INFO - [2025-12-04T18:42:17.595+0500] {dag.py:3089} INFO - Sync 1 DAGs
[2025-12-04T18:42:17.625+0500] {logging_mixin.py:188} INFO - [2025-12-04T18:42:17.625+0500] {dag.py:3947} INFO - Setting next_dagrun for example_bash_operator to 2025-12-03 00:00:00+00:00, run_after=2025-12-04 00:00:00+00:00
[2025-12-04T18:42:17.656+0500] {processor.py:183} INFO - Processing /Library/Frameworks/Python.framework/Versions/3.11/lib/python3.11/site-packages/airflow/example_dags/example_bash_operator.py took 0.273 seconds
[2025-12-04T18:46:30.854+0500] {processor.py:161} INFO - Started process (PID=12861) to work on /Library/Frameworks/Python.framework/Versions/3.11/lib/python3.11/site-packages/airflow/example_dags/example_bash_operator.py
[2025-12-04T18:46:30.856+0500] {processor.py:830} INFO - Processing file /Library/Frameworks/Python.framework/Versions/3.11/lib/python3.11/site-packages/airflow/example_dags/example_bash_operator.py for tasks to queue
[2025-12-04T18:46:30.857+0500] {logging_mixin.py:188} INFO - [2025-12-04T18:46:30.857+0500] {dagbag.py:545} INFO - Filling up the DagBag from /Library/Frameworks/Python.framework/Versions/3.11/lib/python3.11/site-packages/airflow/example_dags/example_bash_operator.py
[2025-12-04T18:46:30.873+0500] {processor.py:840} INFO - DAG(s) 'example_bash_operator' retrieved from /Library/Frameworks/Python.framework/Versions/3.11/lib/python3.11/site-packages/airflow/example_dags/example_bash_operator.py
[2025-12-04T18:46:31.072+0500] {logging_mixin.py:188} INFO - [2025-12-04T18:46:31.071+0500] {dag.py:3089} INFO - Sync 1 DAGs
[2025-12-04T18:46:31.106+0500] {logging_mixin.py:188} INFO - [2025-12-04T18:46:31.105+0500] {dag.py:3947} INFO - Setting next_dagrun for example_bash_operator to 2025-12-03 00:00:00+00:00, run_after=2025-12-04 00:00:00+00:00
[2025-12-04T18:46:31.164+0500] {processor.py:183} INFO - Processing /Library/Frameworks/Python.framework/Versions/3.11/lib/python3.11/site-packages/airflow/example_dags/example_bash_operator.py took 0.313 seconds
[2025-12-04T18:50:52.478+0500] {processor.py:161} INFO - Started process (PID=12999) to work on /Library/Frameworks/Python.framework/Versions/3.11/lib/python3.11/site-packages/airflow/example_dags/example_bash_operator.py
[2025-12-04T18:50:52.480+0500] {processor.py:830} INFO - Processing file /Library/Frameworks/Python.framework/Versions/3.11/lib/python3.11/site-packages/airflow/example_dags/example_bash_operator.py for tasks to queue
[2025-12-04T18:50:52.481+0500] {logging_mixin.py:188} INFO - [2025-12-04T18:50:52.481+0500] {dagbag.py:545} INFO - Filling up the DagBag from /Library/Frameworks/Python.framework/Versions/3.11/lib/python3.11/site-packages/airflow/example_dags/example_bash_operator.py
[2025-12-04T18:50:52.496+0500] {processor.py:840} INFO - DAG(s) 'example_bash_operator' retrieved from /Library/Frameworks/Python.framework/Versions/3.11/lib/python3.11/site-packages/airflow/example_dags/example_bash_operator.py
[2025-12-04T18:50:52.617+0500] {logging_mixin.py:188} INFO - [2025-12-04T18:50:52.616+0500] {dag.py:3089} INFO - Sync 1 DAGs
[2025-12-04T18:50:52.634+0500] {logging_mixin.py:188} INFO - [2025-12-04T18:50:52.634+0500] {dag.py:3947} INFO - Setting next_dagrun for example_bash_operator to 2025-12-03 00:00:00+00:00, run_after=2025-12-04 00:00:00+00:00
[2025-12-04T18:50:52.655+0500] {processor.py:183} INFO - Processing /Library/Frameworks/Python.framework/Versions/3.11/lib/python3.11/site-packages/airflow/example_dags/example_bash_operator.py took 0.180 seconds
[2025-12-04T18:55:21.546+0500] {processor.py:161} INFO - Started process (PID=13181) to work on /Library/Frameworks/Python.framework/Versions/3.11/lib/python3.11/site-packages/airflow/example_dags/example_bash_operator.py
[2025-12-04T18:55:21.549+0500] {processor.py:830} INFO - Processing file /Library/Frameworks/Python.framework/Versions/3.11/lib/python3.11/site-packages/airflow/example_dags/example_bash_operator.py for tasks to queue
[2025-12-04T18:55:21.550+0500] {logging_mixin.py:188} INFO - [2025-12-04T18:55:21.550+0500] {dagbag.py:545} INFO - Filling up the DagBag from /Library/Frameworks/Python.framework/Versions/3.11/lib/python3.11/site-packages/airflow/example_dags/example_bash_operator.py
[2025-12-04T18:55:21.653+0500] {processor.py:840} INFO - DAG(s) 'example_bash_operator' retrieved from /Library/Frameworks/Python.framework/Versions/3.11/lib/python3.11/site-packages/airflow/example_dags/example_bash_operator.py
[2025-12-04T18:55:21.887+0500] {logging_mixin.py:188} INFO - [2025-12-04T18:55:21.887+0500] {dag.py:3089} INFO - Sync 1 DAGs
[2025-12-04T18:55:21.934+0500] {logging_mixin.py:188} INFO - [2025-12-04T18:55:21.934+0500] {dag.py:3947} INFO - Setting next_dagrun for example_bash_operator to 2025-12-03 00:00:00+00:00, run_after=2025-12-04 00:00:00+00:00
[2025-12-04T18:55:21.995+0500] {processor.py:183} INFO - Processing /Library/Frameworks/Python.framework/Versions/3.11/lib/python3.11/site-packages/airflow/example_dags/example_bash_operator.py took 0.452 seconds
[2025-12-04T19:35:19.833+0500] {processor.py:161} INFO - Started process (PID=14648) to work on /Library/Frameworks/Python.framework/Versions/3.11/lib/python3.11/site-packages/airflow/example_dags/example_bash_operator.py
[2025-12-04T19:35:19.835+0500] {processor.py:830} INFO - Processing file /Library/Frameworks/Python.framework/Versions/3.11/lib/python3.11/site-packages/airflow/example_dags/example_bash_operator.py for tasks to queue
[2025-12-04T19:35:19.836+0500] {logging_mixin.py:188} INFO - [2025-12-04T19:35:19.836+0500] {dagbag.py:545} INFO - Filling up the DagBag from /Library/Frameworks/Python.framework/Versions/3.11/lib/python3.11/site-packages/airflow/example_dags/example_bash_operator.py
[2025-12-04T19:35:19.852+0500] {processor.py:840} INFO - DAG(s) 'example_bash_operator' retrieved from /Library/Frameworks/Python.framework/Versions/3.11/lib/python3.11/site-packages/airflow/example_dags/example_bash_operator.py
[2025-12-04T19:35:19.982+0500] {logging_mixin.py:188} INFO - [2025-12-04T19:35:19.982+0500] {dag.py:3089} INFO - Sync 1 DAGs
[2025-12-04T19:35:20.000+0500] {logging_mixin.py:188} INFO - [2025-12-04T19:35:20.000+0500] {dag.py:3947} INFO - Setting next_dagrun for example_bash_operator to 2025-12-03 00:00:00+00:00, run_after=2025-12-04 00:00:00+00:00
[2025-12-04T19:35:20.023+0500] {processor.py:183} INFO - Processing /Library/Frameworks/Python.framework/Versions/3.11/lib/python3.11/site-packages/airflow/example_dags/example_bash_operator.py took 0.193 seconds
[2025-12-04T19:39:44.008+0500] {processor.py:161} INFO - Started process (PID=14817) to work on /Library/Frameworks/Python.framework/Versions/3.11/lib/python3.11/site-packages/airflow/example_dags/example_bash_operator.py
[2025-12-04T19:39:44.012+0500] {processor.py:830} INFO - Processing file /Library/Frameworks/Python.framework/Versions/3.11/lib/python3.11/site-packages/airflow/example_dags/example_bash_operator.py for tasks to queue
[2025-12-04T19:39:44.014+0500] {logging_mixin.py:188} INFO - [2025-12-04T19:39:44.013+0500] {dagbag.py:545} INFO - Filling up the DagBag from /Library/Frameworks/Python.framework/Versions/3.11/lib/python3.11/site-packages/airflow/example_dags/example_bash_operator.py
[2025-12-04T19:39:44.029+0500] {processor.py:840} INFO - DAG(s) 'example_bash_operator' retrieved from /Library/Frameworks/Python.framework/Versions/3.11/lib/python3.11/site-packages/airflow/example_dags/example_bash_operator.py
[2025-12-04T19:39:44.148+0500] {logging_mixin.py:188} INFO - [2025-12-04T19:39:44.147+0500] {dag.py:3089} INFO - Sync 1 DAGs
[2025-12-04T19:39:44.165+0500] {logging_mixin.py:188} INFO - [2025-12-04T19:39:44.164+0500] {dag.py:3947} INFO - Setting next_dagrun for example_bash_operator to 2025-12-03 00:00:00+00:00, run_after=2025-12-04 00:00:00+00:00
[2025-12-04T19:39:44.187+0500] {processor.py:183} INFO - Processing /Library/Frameworks/Python.framework/Versions/3.11/lib/python3.11/site-packages/airflow/example_dags/example_bash_operator.py took 0.182 seconds
[2025-12-04T19:44:21.061+0500] {processor.py:161} INFO - Started process (PID=14981) to work on /Library/Frameworks/Python.framework/Versions/3.11/lib/python3.11/site-packages/airflow/example_dags/example_bash_operator.py
[2025-12-04T19:44:21.063+0500] {processor.py:830} INFO - Processing file /Library/Frameworks/Python.framework/Versions/3.11/lib/python3.11/site-packages/airflow/example_dags/example_bash_operator.py for tasks to queue
[2025-12-04T19:44:21.064+0500] {logging_mixin.py:188} INFO - [2025-12-04T19:44:21.064+0500] {dagbag.py:545} INFO - Filling up the DagBag from /Library/Frameworks/Python.framework/Versions/3.11/lib/python3.11/site-packages/airflow/example_dags/example_bash_operator.py
[2025-12-04T19:44:21.081+0500] {processor.py:840} INFO - DAG(s) 'example_bash_operator' retrieved from /Library/Frameworks/Python.framework/Versions/3.11/lib/python3.11/site-packages/airflow/example_dags/example_bash_operator.py
[2025-12-04T19:44:21.234+0500] {logging_mixin.py:188} INFO - [2025-12-04T19:44:21.234+0500] {dag.py:3089} INFO - Sync 1 DAGs
[2025-12-04T19:44:21.252+0500] {logging_mixin.py:188} INFO - [2025-12-04T19:44:21.251+0500] {dag.py:3947} INFO - Setting next_dagrun for example_bash_operator to 2025-12-03 00:00:00+00:00, run_after=2025-12-04 00:00:00+00:00
[2025-12-04T19:44:21.273+0500] {processor.py:183} INFO - Processing /Library/Frameworks/Python.framework/Versions/3.11/lib/python3.11/site-packages/airflow/example_dags/example_bash_operator.py took 0.217 seconds
[2025-12-04T19:49:05.180+0500] {processor.py:161} INFO - Started process (PID=15156) to work on /Library/Frameworks/Python.framework/Versions/3.11/lib/python3.11/site-packages/airflow/example_dags/example_bash_operator.py
[2025-12-04T19:49:05.182+0500] {processor.py:830} INFO - Processing file /Library/Frameworks/Python.framework/Versions/3.11/lib/python3.11/site-packages/airflow/example_dags/example_bash_operator.py for tasks to queue
[2025-12-04T19:49:05.183+0500] {logging_mixin.py:188} INFO - [2025-12-04T19:49:05.183+0500] {dagbag.py:545} INFO - Filling up the DagBag from /Library/Frameworks/Python.framework/Versions/3.11/lib/python3.11/site-packages/airflow/example_dags/example_bash_operator.py
[2025-12-04T19:49:05.198+0500] {processor.py:840} INFO - DAG(s) 'example_bash_operator' retrieved from /Library/Frameworks/Python.framework/Versions/3.11/lib/python3.11/site-packages/airflow/example_dags/example_bash_operator.py
[2025-12-04T19:49:05.323+0500] {logging_mixin.py:188} INFO - [2025-12-04T19:49:05.323+0500] {dag.py:3089} INFO - Sync 1 DAGs
[2025-12-04T19:49:05.341+0500] {logging_mixin.py:188} INFO - [2025-12-04T19:49:05.341+0500] {dag.py:3947} INFO - Setting next_dagrun for example_bash_operator to 2025-12-03 00:00:00+00:00, run_after=2025-12-04 00:00:00+00:00
[2025-12-04T19:49:05.372+0500] {processor.py:183} INFO - Processing /Library/Frameworks/Python.framework/Versions/3.11/lib/python3.11/site-packages/airflow/example_dags/example_bash_operator.py took 0.194 seconds
[2025-12-04T19:53:02.269+0500] {processor.py:161} INFO - Started process (PID=15337) to work on /Library/Frameworks/Python.framework/Versions/3.11/lib/python3.11/site-packages/airflow/example_dags/example_bash_operator.py
[2025-12-04T19:53:02.271+0500] {processor.py:830} INFO - Processing file /Library/Frameworks/Python.framework/Versions/3.11/lib/python3.11/site-packages/airflow/example_dags/example_bash_operator.py for tasks to queue
[2025-12-04T19:53:02.272+0500] {logging_mixin.py:188} INFO - [2025-12-04T19:53:02.272+0500] {dagbag.py:545} INFO - Filling up the DagBag from /Library/Frameworks/Python.framework/Versions/3.11/lib/python3.11/site-packages/airflow/example_dags/example_bash_operator.py
[2025-12-04T19:53:02.285+0500] {processor.py:840} INFO - DAG(s) 'example_bash_operator' retrieved from /Library/Frameworks/Python.framework/Versions/3.11/lib/python3.11/site-packages/airflow/example_dags/example_bash_operator.py
[2025-12-04T19:53:02.407+0500] {logging_mixin.py:188} INFO - [2025-12-04T19:53:02.407+0500] {dag.py:3089} INFO - Sync 1 DAGs
[2025-12-04T19:53:02.425+0500] {logging_mixin.py:188} INFO - [2025-12-04T19:53:02.424+0500] {dag.py:3947} INFO - Setting next_dagrun for example_bash_operator to 2025-12-03 00:00:00+00:00, run_after=2025-12-04 00:00:00+00:00
[2025-12-04T19:53:02.446+0500] {processor.py:183} INFO - Processing /Library/Frameworks/Python.framework/Versions/3.11/lib/python3.11/site-packages/airflow/example_dags/example_bash_operator.py took 0.181 seconds
[2025-12-04T19:56:49.552+0500] {processor.py:161} INFO - Started process (PID=15462) to work on /Library/Frameworks/Python.framework/Versions/3.11/lib/python3.11/site-packages/airflow/example_dags/example_bash_operator.py
[2025-12-04T19:56:49.554+0500] {processor.py:830} INFO - Processing file /Library/Frameworks/Python.framework/Versions/3.11/lib/python3.11/site-packages/airflow/example_dags/example_bash_operator.py for tasks to queue
[2025-12-04T19:56:49.555+0500] {logging_mixin.py:188} INFO - [2025-12-04T19:56:49.555+0500] {dagbag.py:545} INFO - Filling up the DagBag from /Library/Frameworks/Python.framework/Versions/3.11/lib/python3.11/site-packages/airflow/example_dags/example_bash_operator.py
[2025-12-04T19:56:49.568+0500] {processor.py:840} INFO - DAG(s) 'example_bash_operator' retrieved from /Library/Frameworks/Python.framework/Versions/3.11/lib/python3.11/site-packages/airflow/example_dags/example_bash_operator.py
[2025-12-04T19:56:49.693+0500] {logging_mixin.py:188} INFO - [2025-12-04T19:56:49.693+0500] {dag.py:3089} INFO - Sync 1 DAGs
[2025-12-04T19:56:49.713+0500] {logging_mixin.py:188} INFO - [2025-12-04T19:56:49.712+0500] {dag.py:3947} INFO - Setting next_dagrun for example_bash_operator to 2025-12-03 00:00:00+00:00, run_after=2025-12-04 00:00:00+00:00
[2025-12-04T19:56:49.735+0500] {processor.py:183} INFO - Processing /Library/Frameworks/Python.framework/Versions/3.11/lib/python3.11/site-packages/airflow/example_dags/example_bash_operator.py took 0.186 seconds
[2025-12-04T20:43:18.329+0500] {processor.py:161} INFO - Started process (PID=15684) to work on /Library/Frameworks/Python.framework/Versions/3.11/lib/python3.11/site-packages/airflow/example_dags/example_bash_operator.py
[2025-12-04T20:43:18.342+0500] {processor.py:830} INFO - Processing file /Library/Frameworks/Python.framework/Versions/3.11/lib/python3.11/site-packages/airflow/example_dags/example_bash_operator.py for tasks to queue
[2025-12-04T20:43:18.344+0500] {logging_mixin.py:188} INFO - [2025-12-04T20:43:18.344+0500] {dagbag.py:545} INFO - Filling up the DagBag from /Library/Frameworks/Python.framework/Versions/3.11/lib/python3.11/site-packages/airflow/example_dags/example_bash_operator.py
[2025-12-04T20:43:18.382+0500] {processor.py:840} INFO - DAG(s) 'example_bash_operator' retrieved from /Library/Frameworks/Python.framework/Versions/3.11/lib/python3.11/site-packages/airflow/example_dags/example_bash_operator.py
[2025-12-04T20:43:18.575+0500] {logging_mixin.py:188} INFO - [2025-12-04T20:43:18.575+0500] {dag.py:3089} INFO - Sync 1 DAGs
[2025-12-04T20:43:18.598+0500] {logging_mixin.py:188} INFO - [2025-12-04T20:43:18.598+0500] {dag.py:3947} INFO - Setting next_dagrun for example_bash_operator to 2025-12-03 00:00:00+00:00, run_after=2025-12-04 00:00:00+00:00
[2025-12-04T20:48:24.287+0500] {processor.py:161} INFO - Started process (PID=15888) to work on /Library/Frameworks/Python.framework/Versions/3.11/lib/python3.11/site-packages/airflow/example_dags/example_bash_operator.py
[2025-12-04T20:48:24.289+0500] {processor.py:830} INFO - Processing file /Library/Frameworks/Python.framework/Versions/3.11/lib/python3.11/site-packages/airflow/example_dags/example_bash_operator.py for tasks to queue
[2025-12-04T20:48:24.290+0500] {logging_mixin.py:188} INFO - [2025-12-04T20:48:24.290+0500] {dagbag.py:545} INFO - Filling up the DagBag from /Library/Frameworks/Python.framework/Versions/3.11/lib/python3.11/site-packages/airflow/example_dags/example_bash_operator.py
[2025-12-04T20:48:24.304+0500] {processor.py:840} INFO - DAG(s) 'example_bash_operator' retrieved from /Library/Frameworks/Python.framework/Versions/3.11/lib/python3.11/site-packages/airflow/example_dags/example_bash_operator.py
[2025-12-04T20:48:24.520+0500] {logging_mixin.py:188} INFO - [2025-12-04T20:48:24.520+0500] {dag.py:3089} INFO - Sync 1 DAGs
[2025-12-04T20:48:24.598+0500] {logging_mixin.py:188} INFO - [2025-12-04T20:48:24.598+0500] {dag.py:3947} INFO - Setting next_dagrun for example_bash_operator to 2025-12-03 00:00:00+00:00, run_after=2025-12-04 00:00:00+00:00
[2025-12-04T20:48:24.621+0500] {processor.py:183} INFO - Processing /Library/Frameworks/Python.framework/Versions/3.11/lib/python3.11/site-packages/airflow/example_dags/example_bash_operator.py took 0.337 seconds
