[2025-12-04T18:18:56.117+0500] {processor.py:161} INFO - Started process (PID=11701) to work on /Library/Frameworks/Python.framework/Versions/3.11/lib/python3.11/site-packages/airflow/example_dags/example_sla_dag.py
[2025-12-04T18:18:56.118+0500] {processor.py:830} INFO - Processing file /Library/Frameworks/Python.framework/Versions/3.11/lib/python3.11/site-packages/airflow/example_dags/example_sla_dag.py for tasks to queue
[2025-12-04T18:18:56.119+0500] {logging_mixin.py:188} INFO - [2025-12-04T18:18:56.119+0500] {dagbag.py:545} INFO - Filling up the DagBag from /Library/Frameworks/Python.framework/Versions/3.11/lib/python3.11/site-packages/airflow/example_dags/example_sla_dag.py
[2025-12-04T18:18:56.161+0500] {processor.py:840} INFO - DAG(s) 'example_sla_dag' retrieved from /Library/Frameworks/Python.framework/Versions/3.11/lib/python3.11/site-packages/airflow/example_dags/example_sla_dag.py
[2025-12-04T18:18:56.633+0500] {logging_mixin.py:188} INFO - [2025-12-04T18:18:56.633+0500] {override.py:1858} INFO - Created Permission View: can delete on DAG:example_sla_dag
[2025-12-04T18:18:56.644+0500] {logging_mixin.py:188} INFO - [2025-12-04T18:18:56.644+0500] {override.py:1858} INFO - Created Permission View: can read on DAG:example_sla_dag
[2025-12-04T18:18:56.652+0500] {logging_mixin.py:188} INFO - [2025-12-04T18:18:56.652+0500] {override.py:1858} INFO - Created Permission View: can edit on DAG:example_sla_dag
[2025-12-04T18:18:56.653+0500] {logging_mixin.py:188} INFO - [2025-12-04T18:18:56.652+0500] {dag.py:3089} INFO - Sync 1 DAGs
[2025-12-04T18:18:56.662+0500] {logging_mixin.py:188} INFO - [2025-12-04T18:18:56.662+0500] {dag.py:3111} INFO - Creating ORM DAG for example_sla_dag
[2025-12-04T18:18:56.677+0500] {logging_mixin.py:188} INFO - [2025-12-04T18:18:56.677+0500] {dag.py:3947} INFO - Setting next_dagrun for example_sla_dag to 2025-12-04 13:16:00+00:00, run_after=2025-12-04 13:18:00+00:00
[2025-12-04T18:18:56.699+0500] {processor.py:183} INFO - Processing /Library/Frameworks/Python.framework/Versions/3.11/lib/python3.11/site-packages/airflow/example_dags/example_sla_dag.py took 0.585 seconds
[2025-12-04T18:21:43.862+0500] {processor.py:161} INFO - Started process (PID=11799) to work on /Library/Frameworks/Python.framework/Versions/3.11/lib/python3.11/site-packages/airflow/example_dags/example_sla_dag.py
[2025-12-04T18:21:43.866+0500] {processor.py:830} INFO - Processing file /Library/Frameworks/Python.framework/Versions/3.11/lib/python3.11/site-packages/airflow/example_dags/example_sla_dag.py for tasks to queue
[2025-12-04T18:21:43.867+0500] {logging_mixin.py:188} INFO - [2025-12-04T18:21:43.867+0500] {dagbag.py:545} INFO - Filling up the DagBag from /Library/Frameworks/Python.framework/Versions/3.11/lib/python3.11/site-packages/airflow/example_dags/example_sla_dag.py
[2025-12-04T18:21:43.908+0500] {processor.py:840} INFO - DAG(s) 'example_sla_dag' retrieved from /Library/Frameworks/Python.framework/Versions/3.11/lib/python3.11/site-packages/airflow/example_dags/example_sla_dag.py
[2025-12-04T18:21:44.020+0500] {logging_mixin.py:188} INFO - [2025-12-04T18:21:44.019+0500] {dag.py:3089} INFO - Sync 1 DAGs
[2025-12-04T18:21:44.042+0500] {logging_mixin.py:188} INFO - [2025-12-04T18:21:44.042+0500] {dag.py:3947} INFO - Setting next_dagrun for example_sla_dag to 2025-12-04 13:18:00+00:00, run_after=2025-12-04 13:20:00+00:00
[2025-12-04T18:21:44.064+0500] {processor.py:183} INFO - Processing /Library/Frameworks/Python.framework/Versions/3.11/lib/python3.11/site-packages/airflow/example_dags/example_sla_dag.py took 0.205 seconds
[2025-12-04T18:23:48.707+0500] {processor.py:161} INFO - Started process (PID=11877) to work on /Library/Frameworks/Python.framework/Versions/3.11/lib/python3.11/site-packages/airflow/example_dags/example_sla_dag.py
[2025-12-04T18:23:48.709+0500] {processor.py:830} INFO - Processing file /Library/Frameworks/Python.framework/Versions/3.11/lib/python3.11/site-packages/airflow/example_dags/example_sla_dag.py for tasks to queue
[2025-12-04T18:23:48.710+0500] {logging_mixin.py:188} INFO - [2025-12-04T18:23:48.710+0500] {dagbag.py:545} INFO - Filling up the DagBag from /Library/Frameworks/Python.framework/Versions/3.11/lib/python3.11/site-packages/airflow/example_dags/example_sla_dag.py
[2025-12-04T18:23:48.749+0500] {processor.py:840} INFO - DAG(s) 'example_sla_dag' retrieved from /Library/Frameworks/Python.framework/Versions/3.11/lib/python3.11/site-packages/airflow/example_dags/example_sla_dag.py
[2025-12-04T18:23:48.859+0500] {logging_mixin.py:188} INFO - [2025-12-04T18:23:48.859+0500] {dag.py:3089} INFO - Sync 1 DAGs
[2025-12-04T18:23:48.882+0500] {logging_mixin.py:188} INFO - [2025-12-04T18:23:48.881+0500] {dag.py:3947} INFO - Setting next_dagrun for example_sla_dag to 2025-12-04 13:20:00+00:00, run_after=2025-12-04 13:22:00+00:00
[2025-12-04T18:23:48.902+0500] {processor.py:183} INFO - Processing /Library/Frameworks/Python.framework/Versions/3.11/lib/python3.11/site-packages/airflow/example_dags/example_sla_dag.py took 0.197 seconds
[2025-12-04T18:25:53.880+0500] {processor.py:161} INFO - Started process (PID=11976) to work on /Library/Frameworks/Python.framework/Versions/3.11/lib/python3.11/site-packages/airflow/example_dags/example_sla_dag.py
[2025-12-04T18:25:53.882+0500] {processor.py:830} INFO - Processing file /Library/Frameworks/Python.framework/Versions/3.11/lib/python3.11/site-packages/airflow/example_dags/example_sla_dag.py for tasks to queue
[2025-12-04T18:25:53.883+0500] {logging_mixin.py:188} INFO - [2025-12-04T18:25:53.883+0500] {dagbag.py:545} INFO - Filling up the DagBag from /Library/Frameworks/Python.framework/Versions/3.11/lib/python3.11/site-packages/airflow/example_dags/example_sla_dag.py
[2025-12-04T18:25:54.032+0500] {processor.py:840} INFO - DAG(s) 'example_sla_dag' retrieved from /Library/Frameworks/Python.framework/Versions/3.11/lib/python3.11/site-packages/airflow/example_dags/example_sla_dag.py
[2025-12-04T18:25:54.190+0500] {logging_mixin.py:188} INFO - [2025-12-04T18:25:54.189+0500] {dag.py:3089} INFO - Sync 1 DAGs
[2025-12-04T18:25:54.220+0500] {logging_mixin.py:188} INFO - [2025-12-04T18:25:54.220+0500] {dag.py:3947} INFO - Setting next_dagrun for example_sla_dag to 2025-12-04 13:22:00+00:00, run_after=2025-12-04 13:24:00+00:00
[2025-12-04T18:25:54.249+0500] {processor.py:183} INFO - Processing /Library/Frameworks/Python.framework/Versions/3.11/lib/python3.11/site-packages/airflow/example_dags/example_sla_dag.py took 0.374 seconds
[2025-12-04T18:28:08.842+0500] {processor.py:161} INFO - Started process (PID=12097) to work on /Library/Frameworks/Python.framework/Versions/3.11/lib/python3.11/site-packages/airflow/example_dags/example_sla_dag.py
[2025-12-04T18:28:08.845+0500] {processor.py:830} INFO - Processing file /Library/Frameworks/Python.framework/Versions/3.11/lib/python3.11/site-packages/airflow/example_dags/example_sla_dag.py for tasks to queue
[2025-12-04T18:28:08.846+0500] {logging_mixin.py:188} INFO - [2025-12-04T18:28:08.845+0500] {dagbag.py:545} INFO - Filling up the DagBag from /Library/Frameworks/Python.framework/Versions/3.11/lib/python3.11/site-packages/airflow/example_dags/example_sla_dag.py
[2025-12-04T18:28:08.940+0500] {processor.py:840} INFO - DAG(s) 'example_sla_dag' retrieved from /Library/Frameworks/Python.framework/Versions/3.11/lib/python3.11/site-packages/airflow/example_dags/example_sla_dag.py
[2025-12-04T18:28:09.052+0500] {logging_mixin.py:188} INFO - [2025-12-04T18:28:09.052+0500] {dag.py:3089} INFO - Sync 1 DAGs
[2025-12-04T18:28:09.076+0500] {logging_mixin.py:188} INFO - [2025-12-04T18:28:09.076+0500] {dag.py:3947} INFO - Setting next_dagrun for example_sla_dag to 2025-12-04 13:26:00+00:00, run_after=2025-12-04 13:28:00+00:00
[2025-12-04T18:28:09.099+0500] {processor.py:183} INFO - Processing /Library/Frameworks/Python.framework/Versions/3.11/lib/python3.11/site-packages/airflow/example_dags/example_sla_dag.py took 0.260 seconds
[2025-12-04T18:30:39.902+0500] {processor.py:161} INFO - Started process (PID=12205) to work on /Library/Frameworks/Python.framework/Versions/3.11/lib/python3.11/site-packages/airflow/example_dags/example_sla_dag.py
[2025-12-04T18:30:39.904+0500] {processor.py:830} INFO - Processing file /Library/Frameworks/Python.framework/Versions/3.11/lib/python3.11/site-packages/airflow/example_dags/example_sla_dag.py for tasks to queue
[2025-12-04T18:30:39.905+0500] {logging_mixin.py:188} INFO - [2025-12-04T18:30:39.905+0500] {dagbag.py:545} INFO - Filling up the DagBag from /Library/Frameworks/Python.framework/Versions/3.11/lib/python3.11/site-packages/airflow/example_dags/example_sla_dag.py
[2025-12-04T18:30:40.004+0500] {processor.py:840} INFO - DAG(s) 'example_sla_dag' retrieved from /Library/Frameworks/Python.framework/Versions/3.11/lib/python3.11/site-packages/airflow/example_dags/example_sla_dag.py
[2025-12-04T18:30:40.130+0500] {logging_mixin.py:188} INFO - [2025-12-04T18:30:40.129+0500] {dag.py:3089} INFO - Sync 1 DAGs
[2025-12-04T18:30:40.152+0500] {logging_mixin.py:188} INFO - [2025-12-04T18:30:40.152+0500] {dag.py:3947} INFO - Setting next_dagrun for example_sla_dag to 2025-12-04 13:28:00+00:00, run_after=2025-12-04 13:30:00+00:00
[2025-12-04T18:30:40.175+0500] {processor.py:183} INFO - Processing /Library/Frameworks/Python.framework/Versions/3.11/lib/python3.11/site-packages/airflow/example_dags/example_sla_dag.py took 0.276 seconds
[2025-12-04T18:33:03.838+0500] {processor.py:161} INFO - Started process (PID=12314) to work on /Library/Frameworks/Python.framework/Versions/3.11/lib/python3.11/site-packages/airflow/example_dags/example_sla_dag.py
[2025-12-04T18:33:03.841+0500] {processor.py:830} INFO - Processing file /Library/Frameworks/Python.framework/Versions/3.11/lib/python3.11/site-packages/airflow/example_dags/example_sla_dag.py for tasks to queue
[2025-12-04T18:33:03.842+0500] {logging_mixin.py:188} INFO - [2025-12-04T18:33:03.841+0500] {dagbag.py:545} INFO - Filling up the DagBag from /Library/Frameworks/Python.framework/Versions/3.11/lib/python3.11/site-packages/airflow/example_dags/example_sla_dag.py
[2025-12-04T18:33:03.926+0500] {processor.py:840} INFO - DAG(s) 'example_sla_dag' retrieved from /Library/Frameworks/Python.framework/Versions/3.11/lib/python3.11/site-packages/airflow/example_dags/example_sla_dag.py
[2025-12-04T18:33:04.104+0500] {logging_mixin.py:188} INFO - [2025-12-04T18:33:04.103+0500] {dag.py:3089} INFO - Sync 1 DAGs
[2025-12-04T18:33:04.131+0500] {logging_mixin.py:188} INFO - [2025-12-04T18:33:04.131+0500] {dag.py:3947} INFO - Setting next_dagrun for example_sla_dag to 2025-12-04 13:30:00+00:00, run_after=2025-12-04 13:32:00+00:00
[2025-12-04T18:33:04.155+0500] {processor.py:183} INFO - Processing /Library/Frameworks/Python.framework/Versions/3.11/lib/python3.11/site-packages/airflow/example_dags/example_sla_dag.py took 0.320 seconds
[2025-12-04T18:35:18.455+0500] {processor.py:161} INFO - Started process (PID=12414) to work on /Library/Frameworks/Python.framework/Versions/3.11/lib/python3.11/site-packages/airflow/example_dags/example_sla_dag.py
[2025-12-04T18:35:18.457+0500] {processor.py:830} INFO - Processing file /Library/Frameworks/Python.framework/Versions/3.11/lib/python3.11/site-packages/airflow/example_dags/example_sla_dag.py for tasks to queue
[2025-12-04T18:35:18.458+0500] {logging_mixin.py:188} INFO - [2025-12-04T18:35:18.458+0500] {dagbag.py:545} INFO - Filling up the DagBag from /Library/Frameworks/Python.framework/Versions/3.11/lib/python3.11/site-packages/airflow/example_dags/example_sla_dag.py
[2025-12-04T18:35:18.496+0500] {processor.py:840} INFO - DAG(s) 'example_sla_dag' retrieved from /Library/Frameworks/Python.framework/Versions/3.11/lib/python3.11/site-packages/airflow/example_dags/example_sla_dag.py
[2025-12-04T18:35:18.606+0500] {logging_mixin.py:188} INFO - [2025-12-04T18:35:18.606+0500] {dag.py:3089} INFO - Sync 1 DAGs
[2025-12-04T18:35:18.631+0500] {logging_mixin.py:188} INFO - [2025-12-04T18:35:18.631+0500] {dag.py:3947} INFO - Setting next_dagrun for example_sla_dag to 2025-12-04 13:32:00+00:00, run_after=2025-12-04 13:34:00+00:00
[2025-12-04T18:35:18.655+0500] {processor.py:183} INFO - Processing /Library/Frameworks/Python.framework/Versions/3.11/lib/python3.11/site-packages/airflow/example_dags/example_sla_dag.py took 0.203 seconds
[2025-12-04T18:37:17.903+0500] {processor.py:161} INFO - Started process (PID=12480) to work on /Library/Frameworks/Python.framework/Versions/3.11/lib/python3.11/site-packages/airflow/example_dags/example_sla_dag.py
[2025-12-04T18:37:17.905+0500] {processor.py:830} INFO - Processing file /Library/Frameworks/Python.framework/Versions/3.11/lib/python3.11/site-packages/airflow/example_dags/example_sla_dag.py for tasks to queue
[2025-12-04T18:37:17.906+0500] {logging_mixin.py:188} INFO - [2025-12-04T18:37:17.906+0500] {dagbag.py:545} INFO - Filling up the DagBag from /Library/Frameworks/Python.framework/Versions/3.11/lib/python3.11/site-packages/airflow/example_dags/example_sla_dag.py
[2025-12-04T18:37:17.944+0500] {processor.py:840} INFO - DAG(s) 'example_sla_dag' retrieved from /Library/Frameworks/Python.framework/Versions/3.11/lib/python3.11/site-packages/airflow/example_dags/example_sla_dag.py
[2025-12-04T18:37:18.051+0500] {logging_mixin.py:188} INFO - [2025-12-04T18:37:18.051+0500] {dag.py:3089} INFO - Sync 1 DAGs
[2025-12-04T18:37:18.076+0500] {logging_mixin.py:188} INFO - [2025-12-04T18:37:18.075+0500] {dag.py:3947} INFO - Setting next_dagrun for example_sla_dag to 2025-12-04 13:34:00+00:00, run_after=2025-12-04 13:36:00+00:00
[2025-12-04T18:37:18.099+0500] {processor.py:183} INFO - Processing /Library/Frameworks/Python.framework/Versions/3.11/lib/python3.11/site-packages/airflow/example_dags/example_sla_dag.py took 0.199 seconds
[2025-12-04T18:39:09.402+0500] {processor.py:161} INFO - Started process (PID=12546) to work on /Library/Frameworks/Python.framework/Versions/3.11/lib/python3.11/site-packages/airflow/example_dags/example_sla_dag.py
[2025-12-04T18:39:09.404+0500] {processor.py:830} INFO - Processing file /Library/Frameworks/Python.framework/Versions/3.11/lib/python3.11/site-packages/airflow/example_dags/example_sla_dag.py for tasks to queue
[2025-12-04T18:39:09.405+0500] {logging_mixin.py:188} INFO - [2025-12-04T18:39:09.405+0500] {dagbag.py:545} INFO - Filling up the DagBag from /Library/Frameworks/Python.framework/Versions/3.11/lib/python3.11/site-packages/airflow/example_dags/example_sla_dag.py
[2025-12-04T18:39:09.444+0500] {processor.py:840} INFO - DAG(s) 'example_sla_dag' retrieved from /Library/Frameworks/Python.framework/Versions/3.11/lib/python3.11/site-packages/airflow/example_dags/example_sla_dag.py
[2025-12-04T18:39:09.552+0500] {logging_mixin.py:188} INFO - [2025-12-04T18:39:09.551+0500] {dag.py:3089} INFO - Sync 1 DAGs
[2025-12-04T18:39:09.576+0500] {logging_mixin.py:188} INFO - [2025-12-04T18:39:09.576+0500] {dag.py:3947} INFO - Setting next_dagrun for example_sla_dag to 2025-12-04 13:36:00+00:00, run_after=2025-12-04 13:38:00+00:00
[2025-12-04T18:39:09.596+0500] {processor.py:183} INFO - Processing /Library/Frameworks/Python.framework/Versions/3.11/lib/python3.11/site-packages/airflow/example_dags/example_sla_dag.py took 0.197 seconds
[2025-12-04T18:41:11.866+0500] {processor.py:161} INFO - Started process (PID=12653) to work on /Library/Frameworks/Python.framework/Versions/3.11/lib/python3.11/site-packages/airflow/example_dags/example_sla_dag.py
[2025-12-04T18:41:11.868+0500] {processor.py:830} INFO - Processing file /Library/Frameworks/Python.framework/Versions/3.11/lib/python3.11/site-packages/airflow/example_dags/example_sla_dag.py for tasks to queue
[2025-12-04T18:41:11.869+0500] {logging_mixin.py:188} INFO - [2025-12-04T18:41:11.869+0500] {dagbag.py:545} INFO - Filling up the DagBag from /Library/Frameworks/Python.framework/Versions/3.11/lib/python3.11/site-packages/airflow/example_dags/example_sla_dag.py
[2025-12-04T18:41:11.934+0500] {processor.py:840} INFO - DAG(s) 'example_sla_dag' retrieved from /Library/Frameworks/Python.framework/Versions/3.11/lib/python3.11/site-packages/airflow/example_dags/example_sla_dag.py
[2025-12-04T18:41:12.088+0500] {logging_mixin.py:188} INFO - [2025-12-04T18:41:12.088+0500] {dag.py:3089} INFO - Sync 1 DAGs
[2025-12-04T18:41:12.131+0500] {logging_mixin.py:188} INFO - [2025-12-04T18:41:12.131+0500] {dag.py:3947} INFO - Setting next_dagrun for example_sla_dag to 2025-12-04 13:38:00+00:00, run_after=2025-12-04 13:40:00+00:00
[2025-12-04T18:41:12.181+0500] {processor.py:183} INFO - Processing /Library/Frameworks/Python.framework/Versions/3.11/lib/python3.11/site-packages/airflow/example_dags/example_sla_dag.py took 0.322 seconds
[2025-12-04T18:43:25.688+0500] {processor.py:161} INFO - Started process (PID=12722) to work on /Library/Frameworks/Python.framework/Versions/3.11/lib/python3.11/site-packages/airflow/example_dags/example_sla_dag.py
[2025-12-04T18:43:25.690+0500] {processor.py:830} INFO - Processing file /Library/Frameworks/Python.framework/Versions/3.11/lib/python3.11/site-packages/airflow/example_dags/example_sla_dag.py for tasks to queue
[2025-12-04T18:43:25.691+0500] {logging_mixin.py:188} INFO - [2025-12-04T18:43:25.690+0500] {dagbag.py:545} INFO - Filling up the DagBag from /Library/Frameworks/Python.framework/Versions/3.11/lib/python3.11/site-packages/airflow/example_dags/example_sla_dag.py
[2025-12-04T18:43:25.735+0500] {processor.py:840} INFO - DAG(s) 'example_sla_dag' retrieved from /Library/Frameworks/Python.framework/Versions/3.11/lib/python3.11/site-packages/airflow/example_dags/example_sla_dag.py
[2025-12-04T18:43:25.891+0500] {logging_mixin.py:188} INFO - [2025-12-04T18:43:25.890+0500] {dag.py:3089} INFO - Sync 1 DAGs
[2025-12-04T18:43:25.918+0500] {logging_mixin.py:188} INFO - [2025-12-04T18:43:25.918+0500] {dag.py:3947} INFO - Setting next_dagrun for example_sla_dag to 2025-12-04 13:40:00+00:00, run_after=2025-12-04 13:42:00+00:00
[2025-12-04T18:43:25.950+0500] {processor.py:183} INFO - Processing /Library/Frameworks/Python.framework/Versions/3.11/lib/python3.11/site-packages/airflow/example_dags/example_sla_dag.py took 0.265 seconds
[2025-12-04T18:45:30.958+0500] {processor.py:161} INFO - Started process (PID=12809) to work on /Library/Frameworks/Python.framework/Versions/3.11/lib/python3.11/site-packages/airflow/example_dags/example_sla_dag.py
[2025-12-04T18:45:30.960+0500] {processor.py:830} INFO - Processing file /Library/Frameworks/Python.framework/Versions/3.11/lib/python3.11/site-packages/airflow/example_dags/example_sla_dag.py for tasks to queue
[2025-12-04T18:45:30.961+0500] {logging_mixin.py:188} INFO - [2025-12-04T18:45:30.961+0500] {dagbag.py:545} INFO - Filling up the DagBag from /Library/Frameworks/Python.framework/Versions/3.11/lib/python3.11/site-packages/airflow/example_dags/example_sla_dag.py
[2025-12-04T18:45:31.000+0500] {processor.py:840} INFO - DAG(s) 'example_sla_dag' retrieved from /Library/Frameworks/Python.framework/Versions/3.11/lib/python3.11/site-packages/airflow/example_dags/example_sla_dag.py
[2025-12-04T18:45:31.110+0500] {logging_mixin.py:188} INFO - [2025-12-04T18:45:31.109+0500] {dag.py:3089} INFO - Sync 1 DAGs
[2025-12-04T18:45:31.131+0500] {logging_mixin.py:188} INFO - [2025-12-04T18:45:31.131+0500] {dag.py:3947} INFO - Setting next_dagrun for example_sla_dag to 2025-12-04 13:42:00+00:00, run_after=2025-12-04 13:44:00+00:00
[2025-12-04T18:45:31.152+0500] {processor.py:183} INFO - Processing /Library/Frameworks/Python.framework/Versions/3.11/lib/python3.11/site-packages/airflow/example_dags/example_sla_dag.py took 0.196 seconds
[2025-12-04T18:47:30.207+0500] {processor.py:161} INFO - Started process (PID=12893) to work on /Library/Frameworks/Python.framework/Versions/3.11/lib/python3.11/site-packages/airflow/example_dags/example_sla_dag.py
[2025-12-04T18:47:30.209+0500] {processor.py:830} INFO - Processing file /Library/Frameworks/Python.framework/Versions/3.11/lib/python3.11/site-packages/airflow/example_dags/example_sla_dag.py for tasks to queue
[2025-12-04T18:47:30.210+0500] {logging_mixin.py:188} INFO - [2025-12-04T18:47:30.210+0500] {dagbag.py:545} INFO - Filling up the DagBag from /Library/Frameworks/Python.framework/Versions/3.11/lib/python3.11/site-packages/airflow/example_dags/example_sla_dag.py
[2025-12-04T18:47:30.249+0500] {processor.py:840} INFO - DAG(s) 'example_sla_dag' retrieved from /Library/Frameworks/Python.framework/Versions/3.11/lib/python3.11/site-packages/airflow/example_dags/example_sla_dag.py
[2025-12-04T18:47:30.359+0500] {logging_mixin.py:188} INFO - [2025-12-04T18:47:30.358+0500] {dag.py:3089} INFO - Sync 1 DAGs
[2025-12-04T18:47:30.382+0500] {logging_mixin.py:188} INFO - [2025-12-04T18:47:30.382+0500] {dag.py:3947} INFO - Setting next_dagrun for example_sla_dag to 2025-12-04 13:44:00+00:00, run_after=2025-12-04 13:46:00+00:00
[2025-12-04T18:47:30.402+0500] {processor.py:183} INFO - Processing /Library/Frameworks/Python.framework/Versions/3.11/lib/python3.11/site-packages/airflow/example_dags/example_sla_dag.py took 0.198 seconds
[2025-12-04T18:49:38.085+0500] {processor.py:161} INFO - Started process (PID=12962) to work on /Library/Frameworks/Python.framework/Versions/3.11/lib/python3.11/site-packages/airflow/example_dags/example_sla_dag.py
[2025-12-04T18:49:38.087+0500] {processor.py:830} INFO - Processing file /Library/Frameworks/Python.framework/Versions/3.11/lib/python3.11/site-packages/airflow/example_dags/example_sla_dag.py for tasks to queue
[2025-12-04T18:49:38.088+0500] {logging_mixin.py:188} INFO - [2025-12-04T18:49:38.088+0500] {dagbag.py:545} INFO - Filling up the DagBag from /Library/Frameworks/Python.framework/Versions/3.11/lib/python3.11/site-packages/airflow/example_dags/example_sla_dag.py
[2025-12-04T18:49:38.127+0500] {processor.py:840} INFO - DAG(s) 'example_sla_dag' retrieved from /Library/Frameworks/Python.framework/Versions/3.11/lib/python3.11/site-packages/airflow/example_dags/example_sla_dag.py
[2025-12-04T18:49:38.252+0500] {logging_mixin.py:188} INFO - [2025-12-04T18:49:38.252+0500] {dag.py:3089} INFO - Sync 1 DAGs
[2025-12-04T18:49:38.275+0500] {logging_mixin.py:188} INFO - [2025-12-04T18:49:38.275+0500] {dag.py:3947} INFO - Setting next_dagrun for example_sla_dag to 2025-12-04 13:46:00+00:00, run_after=2025-12-04 13:48:00+00:00
[2025-12-04T18:49:38.295+0500] {processor.py:183} INFO - Processing /Library/Frameworks/Python.framework/Versions/3.11/lib/python3.11/site-packages/airflow/example_dags/example_sla_dag.py took 0.213 seconds
[2025-12-04T18:51:59.885+0500] {processor.py:161} INFO - Started process (PID=13054) to work on /Library/Frameworks/Python.framework/Versions/3.11/lib/python3.11/site-packages/airflow/example_dags/example_sla_dag.py
[2025-12-04T18:51:59.888+0500] {processor.py:830} INFO - Processing file /Library/Frameworks/Python.framework/Versions/3.11/lib/python3.11/site-packages/airflow/example_dags/example_sla_dag.py for tasks to queue
[2025-12-04T18:51:59.889+0500] {logging_mixin.py:188} INFO - [2025-12-04T18:51:59.889+0500] {dagbag.py:545} INFO - Filling up the DagBag from /Library/Frameworks/Python.framework/Versions/3.11/lib/python3.11/site-packages/airflow/example_dags/example_sla_dag.py
[2025-12-04T18:51:59.975+0500] {processor.py:840} INFO - DAG(s) 'example_sla_dag' retrieved from /Library/Frameworks/Python.framework/Versions/3.11/lib/python3.11/site-packages/airflow/example_dags/example_sla_dag.py
[2025-12-04T18:52:00.123+0500] {logging_mixin.py:188} INFO - [2025-12-04T18:52:00.123+0500] {dag.py:3089} INFO - Sync 1 DAGs
[2025-12-04T18:52:00.147+0500] {logging_mixin.py:188} INFO - [2025-12-04T18:52:00.147+0500] {dag.py:3947} INFO - Setting next_dagrun for example_sla_dag to 2025-12-04 13:50:00+00:00, run_after=2025-12-04 13:52:00+00:00
[2025-12-04T18:52:00.168+0500] {processor.py:183} INFO - Processing /Library/Frameworks/Python.framework/Versions/3.11/lib/python3.11/site-packages/airflow/example_dags/example_sla_dag.py took 0.286 seconds
[2025-12-04T18:54:09.610+0500] {processor.py:161} INFO - Started process (PID=13134) to work on /Library/Frameworks/Python.framework/Versions/3.11/lib/python3.11/site-packages/airflow/example_dags/example_sla_dag.py
[2025-12-04T18:54:09.612+0500] {processor.py:830} INFO - Processing file /Library/Frameworks/Python.framework/Versions/3.11/lib/python3.11/site-packages/airflow/example_dags/example_sla_dag.py for tasks to queue
[2025-12-04T18:54:09.613+0500] {logging_mixin.py:188} INFO - [2025-12-04T18:54:09.613+0500] {dagbag.py:545} INFO - Filling up the DagBag from /Library/Frameworks/Python.framework/Versions/3.11/lib/python3.11/site-packages/airflow/example_dags/example_sla_dag.py
[2025-12-04T18:54:09.650+0500] {processor.py:840} INFO - DAG(s) 'example_sla_dag' retrieved from /Library/Frameworks/Python.framework/Versions/3.11/lib/python3.11/site-packages/airflow/example_dags/example_sla_dag.py
[2025-12-04T18:54:09.759+0500] {logging_mixin.py:188} INFO - [2025-12-04T18:54:09.759+0500] {dag.py:3089} INFO - Sync 1 DAGs
[2025-12-04T18:54:09.779+0500] {logging_mixin.py:188} INFO - [2025-12-04T18:54:09.779+0500] {dag.py:3947} INFO - Setting next_dagrun for example_sla_dag to 2025-12-04 13:52:00+00:00, run_after=2025-12-04 13:54:00+00:00
[2025-12-04T18:54:09.799+0500] {processor.py:183} INFO - Processing /Library/Frameworks/Python.framework/Versions/3.11/lib/python3.11/site-packages/airflow/example_dags/example_sla_dag.py took 0.192 seconds
[2025-12-04T19:33:36.944+0500] {processor.py:161} INFO - Started process (PID=14566) to work on /Library/Frameworks/Python.framework/Versions/3.11/lib/python3.11/site-packages/airflow/example_dags/example_sla_dag.py
[2025-12-04T19:33:36.946+0500] {processor.py:830} INFO - Processing file /Library/Frameworks/Python.framework/Versions/3.11/lib/python3.11/site-packages/airflow/example_dags/example_sla_dag.py for tasks to queue
[2025-12-04T19:33:36.947+0500] {logging_mixin.py:188} INFO - [2025-12-04T19:33:36.947+0500] {dagbag.py:545} INFO - Filling up the DagBag from /Library/Frameworks/Python.framework/Versions/3.11/lib/python3.11/site-packages/airflow/example_dags/example_sla_dag.py
[2025-12-04T19:33:36.992+0500] {processor.py:840} INFO - DAG(s) 'example_sla_dag' retrieved from /Library/Frameworks/Python.framework/Versions/3.11/lib/python3.11/site-packages/airflow/example_dags/example_sla_dag.py
[2025-12-04T19:33:37.127+0500] {logging_mixin.py:188} INFO - [2025-12-04T19:33:37.127+0500] {dag.py:3089} INFO - Sync 1 DAGs
[2025-12-04T19:33:37.153+0500] {logging_mixin.py:188} INFO - [2025-12-04T19:33:37.153+0500] {dag.py:3947} INFO - Setting next_dagrun for example_sla_dag to 2025-12-04 14:30:00+00:00, run_after=2025-12-04 14:32:00+00:00
[2025-12-04T19:33:37.180+0500] {processor.py:183} INFO - Processing /Library/Frameworks/Python.framework/Versions/3.11/lib/python3.11/site-packages/airflow/example_dags/example_sla_dag.py took 0.238 seconds
[2025-12-04T19:36:41.288+0500] {processor.py:161} INFO - Started process (PID=14713) to work on /Library/Frameworks/Python.framework/Versions/3.11/lib/python3.11/site-packages/airflow/example_dags/example_sla_dag.py
[2025-12-04T19:36:41.291+0500] {processor.py:830} INFO - Processing file /Library/Frameworks/Python.framework/Versions/3.11/lib/python3.11/site-packages/airflow/example_dags/example_sla_dag.py for tasks to queue
[2025-12-04T19:36:41.292+0500] {logging_mixin.py:188} INFO - [2025-12-04T19:36:41.291+0500] {dagbag.py:545} INFO - Filling up the DagBag from /Library/Frameworks/Python.framework/Versions/3.11/lib/python3.11/site-packages/airflow/example_dags/example_sla_dag.py
[2025-12-04T19:36:41.347+0500] {processor.py:840} INFO - DAG(s) 'example_sla_dag' retrieved from /Library/Frameworks/Python.framework/Versions/3.11/lib/python3.11/site-packages/airflow/example_dags/example_sla_dag.py
[2025-12-04T19:36:41.539+0500] {logging_mixin.py:188} INFO - [2025-12-04T19:36:41.538+0500] {dag.py:3089} INFO - Sync 1 DAGs
[2025-12-04T19:36:41.567+0500] {logging_mixin.py:188} INFO - [2025-12-04T19:36:41.567+0500] {dag.py:3947} INFO - Setting next_dagrun for example_sla_dag to 2025-12-04 14:34:00+00:00, run_after=2025-12-04 14:36:00+00:00
[2025-12-04T19:36:41.596+0500] {processor.py:183} INFO - Processing /Library/Frameworks/Python.framework/Versions/3.11/lib/python3.11/site-packages/airflow/example_dags/example_sla_dag.py took 0.313 seconds
[2025-12-04T19:38:46.909+0500] {processor.py:161} INFO - Started process (PID=14783) to work on /Library/Frameworks/Python.framework/Versions/3.11/lib/python3.11/site-packages/airflow/example_dags/example_sla_dag.py
[2025-12-04T19:38:46.910+0500] {processor.py:830} INFO - Processing file /Library/Frameworks/Python.framework/Versions/3.11/lib/python3.11/site-packages/airflow/example_dags/example_sla_dag.py for tasks to queue
[2025-12-04T19:38:46.911+0500] {logging_mixin.py:188} INFO - [2025-12-04T19:38:46.911+0500] {dagbag.py:545} INFO - Filling up the DagBag from /Library/Frameworks/Python.framework/Versions/3.11/lib/python3.11/site-packages/airflow/example_dags/example_sla_dag.py
[2025-12-04T19:38:46.951+0500] {processor.py:840} INFO - DAG(s) 'example_sla_dag' retrieved from /Library/Frameworks/Python.framework/Versions/3.11/lib/python3.11/site-packages/airflow/example_dags/example_sla_dag.py
[2025-12-04T19:38:47.060+0500] {logging_mixin.py:188} INFO - [2025-12-04T19:38:47.060+0500] {dag.py:3089} INFO - Sync 1 DAGs
[2025-12-04T19:38:47.087+0500] {logging_mixin.py:188} INFO - [2025-12-04T19:38:47.087+0500] {dag.py:3947} INFO - Setting next_dagrun for example_sla_dag to 2025-12-04 14:36:00+00:00, run_after=2025-12-04 14:38:00+00:00
[2025-12-04T19:38:47.117+0500] {processor.py:183} INFO - Processing /Library/Frameworks/Python.framework/Versions/3.11/lib/python3.11/site-packages/airflow/example_dags/example_sla_dag.py took 0.210 seconds
[2025-12-04T19:40:59.788+0500] {processor.py:161} INFO - Started process (PID=14876) to work on /Library/Frameworks/Python.framework/Versions/3.11/lib/python3.11/site-packages/airflow/example_dags/example_sla_dag.py
[2025-12-04T19:40:59.790+0500] {processor.py:830} INFO - Processing file /Library/Frameworks/Python.framework/Versions/3.11/lib/python3.11/site-packages/airflow/example_dags/example_sla_dag.py for tasks to queue
[2025-12-04T19:40:59.791+0500] {logging_mixin.py:188} INFO - [2025-12-04T19:40:59.790+0500] {dagbag.py:545} INFO - Filling up the DagBag from /Library/Frameworks/Python.framework/Versions/3.11/lib/python3.11/site-packages/airflow/example_dags/example_sla_dag.py
[2025-12-04T19:40:59.886+0500] {processor.py:840} INFO - DAG(s) 'example_sla_dag' retrieved from /Library/Frameworks/Python.framework/Versions/3.11/lib/python3.11/site-packages/airflow/example_dags/example_sla_dag.py
[2025-12-04T19:41:00.003+0500] {logging_mixin.py:188} INFO - [2025-12-04T19:41:00.003+0500] {dag.py:3089} INFO - Sync 1 DAGs
[2025-12-04T19:41:00.029+0500] {logging_mixin.py:188} INFO - [2025-12-04T19:41:00.028+0500] {dag.py:3947} INFO - Setting next_dagrun for example_sla_dag to 2025-12-04 14:38:00+00:00, run_after=2025-12-04 14:40:00+00:00
[2025-12-04T19:41:00.051+0500] {processor.py:183} INFO - Processing /Library/Frameworks/Python.framework/Versions/3.11/lib/python3.11/site-packages/airflow/example_dags/example_sla_dag.py took 0.267 seconds
[2025-12-04T19:43:12.657+0500] {processor.py:161} INFO - Started process (PID=14946) to work on /Library/Frameworks/Python.framework/Versions/3.11/lib/python3.11/site-packages/airflow/example_dags/example_sla_dag.py
[2025-12-04T19:43:12.659+0500] {processor.py:830} INFO - Processing file /Library/Frameworks/Python.framework/Versions/3.11/lib/python3.11/site-packages/airflow/example_dags/example_sla_dag.py for tasks to queue
[2025-12-04T19:43:12.660+0500] {logging_mixin.py:188} INFO - [2025-12-04T19:43:12.660+0500] {dagbag.py:545} INFO - Filling up the DagBag from /Library/Frameworks/Python.framework/Versions/3.11/lib/python3.11/site-packages/airflow/example_dags/example_sla_dag.py
[2025-12-04T19:43:12.700+0500] {processor.py:840} INFO - DAG(s) 'example_sla_dag' retrieved from /Library/Frameworks/Python.framework/Versions/3.11/lib/python3.11/site-packages/airflow/example_dags/example_sla_dag.py
[2025-12-04T19:43:12.816+0500] {logging_mixin.py:188} INFO - [2025-12-04T19:43:12.815+0500] {dag.py:3089} INFO - Sync 1 DAGs
[2025-12-04T19:43:12.839+0500] {logging_mixin.py:188} INFO - [2025-12-04T19:43:12.839+0500] {dag.py:3947} INFO - Setting next_dagrun for example_sla_dag to 2025-12-04 14:40:00+00:00, run_after=2025-12-04 14:42:00+00:00
[2025-12-04T19:43:12.861+0500] {processor.py:183} INFO - Processing /Library/Frameworks/Python.framework/Versions/3.11/lib/python3.11/site-packages/airflow/example_dags/example_sla_dag.py took 0.207 seconds
[2025-12-04T19:45:35.131+0500] {processor.py:161} INFO - Started process (PID=15024) to work on /Library/Frameworks/Python.framework/Versions/3.11/lib/python3.11/site-packages/airflow/example_dags/example_sla_dag.py
[2025-12-04T19:45:35.133+0500] {processor.py:830} INFO - Processing file /Library/Frameworks/Python.framework/Versions/3.11/lib/python3.11/site-packages/airflow/example_dags/example_sla_dag.py for tasks to queue
[2025-12-04T19:45:35.134+0500] {logging_mixin.py:188} INFO - [2025-12-04T19:45:35.134+0500] {dagbag.py:545} INFO - Filling up the DagBag from /Library/Frameworks/Python.framework/Versions/3.11/lib/python3.11/site-packages/airflow/example_dags/example_sla_dag.py
[2025-12-04T19:45:35.195+0500] {processor.py:840} INFO - DAG(s) 'example_sla_dag' retrieved from /Library/Frameworks/Python.framework/Versions/3.11/lib/python3.11/site-packages/airflow/example_dags/example_sla_dag.py
[2025-12-04T19:45:35.389+0500] {logging_mixin.py:188} INFO - [2025-12-04T19:45:35.388+0500] {dag.py:3089} INFO - Sync 1 DAGs
[2025-12-04T19:45:35.416+0500] {logging_mixin.py:188} INFO - [2025-12-04T19:45:35.416+0500] {dag.py:3947} INFO - Setting next_dagrun for example_sla_dag to 2025-12-04 14:42:00+00:00, run_after=2025-12-04 14:44:00+00:00
[2025-12-04T19:45:35.443+0500] {processor.py:183} INFO - Processing /Library/Frameworks/Python.framework/Versions/3.11/lib/python3.11/site-packages/airflow/example_dags/example_sla_dag.py took 0.314 seconds
[2025-12-04T19:48:00.363+0500] {processor.py:161} INFO - Started process (PID=15122) to work on /Library/Frameworks/Python.framework/Versions/3.11/lib/python3.11/site-packages/airflow/example_dags/example_sla_dag.py
[2025-12-04T19:48:00.365+0500] {processor.py:830} INFO - Processing file /Library/Frameworks/Python.framework/Versions/3.11/lib/python3.11/site-packages/airflow/example_dags/example_sla_dag.py for tasks to queue
[2025-12-04T19:48:00.366+0500] {logging_mixin.py:188} INFO - [2025-12-04T19:48:00.365+0500] {dagbag.py:545} INFO - Filling up the DagBag from /Library/Frameworks/Python.framework/Versions/3.11/lib/python3.11/site-packages/airflow/example_dags/example_sla_dag.py
[2025-12-04T19:48:00.410+0500] {processor.py:840} INFO - DAG(s) 'example_sla_dag' retrieved from /Library/Frameworks/Python.framework/Versions/3.11/lib/python3.11/site-packages/airflow/example_dags/example_sla_dag.py
[2025-12-04T19:48:00.540+0500] {logging_mixin.py:188} INFO - [2025-12-04T19:48:00.540+0500] {dag.py:3089} INFO - Sync 1 DAGs
[2025-12-04T19:48:00.577+0500] {logging_mixin.py:188} INFO - [2025-12-04T19:48:00.577+0500] {dag.py:3947} INFO - Setting next_dagrun for example_sla_dag to 2025-12-04 14:46:00+00:00, run_after=2025-12-04 14:48:00+00:00
[2025-12-04T19:48:00.606+0500] {processor.py:183} INFO - Processing /Library/Frameworks/Python.framework/Versions/3.11/lib/python3.11/site-packages/airflow/example_dags/example_sla_dag.py took 0.246 seconds
[2025-12-04T19:50:04.360+0500] {processor.py:161} INFO - Started process (PID=15189) to work on /Library/Frameworks/Python.framework/Versions/3.11/lib/python3.11/site-packages/airflow/example_dags/example_sla_dag.py
[2025-12-04T19:50:04.362+0500] {processor.py:830} INFO - Processing file /Library/Frameworks/Python.framework/Versions/3.11/lib/python3.11/site-packages/airflow/example_dags/example_sla_dag.py for tasks to queue
[2025-12-04T19:50:04.363+0500] {logging_mixin.py:188} INFO - [2025-12-04T19:50:04.363+0500] {dagbag.py:545} INFO - Filling up the DagBag from /Library/Frameworks/Python.framework/Versions/3.11/lib/python3.11/site-packages/airflow/example_dags/example_sla_dag.py
[2025-12-04T19:50:04.402+0500] {processor.py:840} INFO - DAG(s) 'example_sla_dag' retrieved from /Library/Frameworks/Python.framework/Versions/3.11/lib/python3.11/site-packages/airflow/example_dags/example_sla_dag.py
[2025-12-04T19:50:04.513+0500] {logging_mixin.py:188} INFO - [2025-12-04T19:50:04.513+0500] {dag.py:3089} INFO - Sync 1 DAGs
[2025-12-04T19:50:04.535+0500] {logging_mixin.py:188} INFO - [2025-12-04T19:50:04.535+0500] {dag.py:3947} INFO - Setting next_dagrun for example_sla_dag to 2025-12-04 14:48:00+00:00, run_after=2025-12-04 14:50:00+00:00
[2025-12-04T19:50:04.556+0500] {processor.py:183} INFO - Processing /Library/Frameworks/Python.framework/Versions/3.11/lib/python3.11/site-packages/airflow/example_dags/example_sla_dag.py took 0.198 seconds
[2025-12-04T19:52:02.296+0500] {processor.py:161} INFO - Started process (PID=15280) to work on /Library/Frameworks/Python.framework/Versions/3.11/lib/python3.11/site-packages/airflow/example_dags/example_sla_dag.py
[2025-12-04T19:52:02.298+0500] {processor.py:830} INFO - Processing file /Library/Frameworks/Python.framework/Versions/3.11/lib/python3.11/site-packages/airflow/example_dags/example_sla_dag.py for tasks to queue
[2025-12-04T19:52:02.299+0500] {logging_mixin.py:188} INFO - [2025-12-04T19:52:02.298+0500] {dagbag.py:545} INFO - Filling up the DagBag from /Library/Frameworks/Python.framework/Versions/3.11/lib/python3.11/site-packages/airflow/example_dags/example_sla_dag.py
[2025-12-04T19:52:02.343+0500] {processor.py:840} INFO - DAG(s) 'example_sla_dag' retrieved from /Library/Frameworks/Python.framework/Versions/3.11/lib/python3.11/site-packages/airflow/example_dags/example_sla_dag.py
[2025-12-04T19:52:02.471+0500] {logging_mixin.py:188} INFO - [2025-12-04T19:52:02.470+0500] {dag.py:3089} INFO - Sync 1 DAGs
[2025-12-04T19:52:02.495+0500] {logging_mixin.py:188} INFO - [2025-12-04T19:52:02.494+0500] {dag.py:3947} INFO - Setting next_dagrun for example_sla_dag to 2025-12-04 14:50:00+00:00, run_after=2025-12-04 14:52:00+00:00
[2025-12-04T19:52:02.518+0500] {processor.py:183} INFO - Processing /Library/Frameworks/Python.framework/Versions/3.11/lib/python3.11/site-packages/airflow/example_dags/example_sla_dag.py took 0.225 seconds
[2025-12-04T19:54:00.560+0500] {processor.py:161} INFO - Started process (PID=15369) to work on /Library/Frameworks/Python.framework/Versions/3.11/lib/python3.11/site-packages/airflow/example_dags/example_sla_dag.py
[2025-12-04T19:54:00.562+0500] {processor.py:830} INFO - Processing file /Library/Frameworks/Python.framework/Versions/3.11/lib/python3.11/site-packages/airflow/example_dags/example_sla_dag.py for tasks to queue
[2025-12-04T19:54:00.563+0500] {logging_mixin.py:188} INFO - [2025-12-04T19:54:00.563+0500] {dagbag.py:545} INFO - Filling up the DagBag from /Library/Frameworks/Python.framework/Versions/3.11/lib/python3.11/site-packages/airflow/example_dags/example_sla_dag.py
[2025-12-04T19:54:00.601+0500] {processor.py:840} INFO - DAG(s) 'example_sla_dag' retrieved from /Library/Frameworks/Python.framework/Versions/3.11/lib/python3.11/site-packages/airflow/example_dags/example_sla_dag.py
[2025-12-04T19:54:00.712+0500] {logging_mixin.py:188} INFO - [2025-12-04T19:54:00.712+0500] {dag.py:3089} INFO - Sync 1 DAGs
[2025-12-04T19:54:00.736+0500] {logging_mixin.py:188} INFO - [2025-12-04T19:54:00.736+0500] {dag.py:3947} INFO - Setting next_dagrun for example_sla_dag to 2025-12-04 14:52:00+00:00, run_after=2025-12-04 14:54:00+00:00
[2025-12-04T19:54:00.759+0500] {processor.py:183} INFO - Processing /Library/Frameworks/Python.framework/Versions/3.11/lib/python3.11/site-packages/airflow/example_dags/example_sla_dag.py took 0.202 seconds
[2025-12-04T19:55:55.414+0500] {processor.py:161} INFO - Started process (PID=15433) to work on /Library/Frameworks/Python.framework/Versions/3.11/lib/python3.11/site-packages/airflow/example_dags/example_sla_dag.py
[2025-12-04T19:55:55.417+0500] {processor.py:830} INFO - Processing file /Library/Frameworks/Python.framework/Versions/3.11/lib/python3.11/site-packages/airflow/example_dags/example_sla_dag.py for tasks to queue
[2025-12-04T19:55:55.418+0500] {logging_mixin.py:188} INFO - [2025-12-04T19:55:55.417+0500] {dagbag.py:545} INFO - Filling up the DagBag from /Library/Frameworks/Python.framework/Versions/3.11/lib/python3.11/site-packages/airflow/example_dags/example_sla_dag.py
[2025-12-04T19:55:55.456+0500] {processor.py:840} INFO - DAG(s) 'example_sla_dag' retrieved from /Library/Frameworks/Python.framework/Versions/3.11/lib/python3.11/site-packages/airflow/example_dags/example_sla_dag.py
[2025-12-04T19:55:55.583+0500] {logging_mixin.py:188} INFO - [2025-12-04T19:55:55.583+0500] {dag.py:3089} INFO - Sync 1 DAGs
[2025-12-04T19:55:55.603+0500] {logging_mixin.py:188} INFO - [2025-12-04T19:55:55.603+0500] {dag.py:3947} INFO - Setting next_dagrun for example_sla_dag to 2025-12-04 14:52:00+00:00, run_after=2025-12-04 14:54:00+00:00
[2025-12-04T19:55:55.624+0500] {processor.py:183} INFO - Processing /Library/Frameworks/Python.framework/Versions/3.11/lib/python3.11/site-packages/airflow/example_dags/example_sla_dag.py took 0.214 seconds
[2025-12-04T19:57:48.549+0500] {processor.py:161} INFO - Started process (PID=15497) to work on /Library/Frameworks/Python.framework/Versions/3.11/lib/python3.11/site-packages/airflow/example_dags/example_sla_dag.py
[2025-12-04T19:57:48.551+0500] {processor.py:830} INFO - Processing file /Library/Frameworks/Python.framework/Versions/3.11/lib/python3.11/site-packages/airflow/example_dags/example_sla_dag.py for tasks to queue
[2025-12-04T19:57:48.552+0500] {logging_mixin.py:188} INFO - [2025-12-04T19:57:48.552+0500] {dagbag.py:545} INFO - Filling up the DagBag from /Library/Frameworks/Python.framework/Versions/3.11/lib/python3.11/site-packages/airflow/example_dags/example_sla_dag.py
[2025-12-04T19:57:48.589+0500] {processor.py:840} INFO - DAG(s) 'example_sla_dag' retrieved from /Library/Frameworks/Python.framework/Versions/3.11/lib/python3.11/site-packages/airflow/example_dags/example_sla_dag.py
[2025-12-04T19:57:48.696+0500] {logging_mixin.py:188} INFO - [2025-12-04T19:57:48.696+0500] {dag.py:3089} INFO - Sync 1 DAGs
[2025-12-04T19:57:48.720+0500] {logging_mixin.py:188} INFO - [2025-12-04T19:57:48.720+0500] {dag.py:3947} INFO - Setting next_dagrun for example_sla_dag to 2025-12-04 14:54:00+00:00, run_after=2025-12-04 14:56:00+00:00
[2025-12-04T19:57:48.741+0500] {processor.py:183} INFO - Processing /Library/Frameworks/Python.framework/Versions/3.11/lib/python3.11/site-packages/airflow/example_dags/example_sla_dag.py took 0.195 seconds
[2025-12-04T20:41:49.100+0500] {processor.py:161} INFO - Started process (PID=15616) to work on /Library/Frameworks/Python.framework/Versions/3.11/lib/python3.11/site-packages/airflow/example_dags/example_sla_dag.py
[2025-12-04T20:41:49.103+0500] {processor.py:830} INFO - Processing file /Library/Frameworks/Python.framework/Versions/3.11/lib/python3.11/site-packages/airflow/example_dags/example_sla_dag.py for tasks to queue
[2025-12-04T20:41:49.104+0500] {logging_mixin.py:188} INFO - [2025-12-04T20:41:49.103+0500] {dagbag.py:545} INFO - Filling up the DagBag from /Library/Frameworks/Python.framework/Versions/3.11/lib/python3.11/site-packages/airflow/example_dags/example_sla_dag.py
[2025-12-04T20:41:49.174+0500] {processor.py:840} INFO - DAG(s) 'example_sla_dag' retrieved from /Library/Frameworks/Python.framework/Versions/3.11/lib/python3.11/site-packages/airflow/example_dags/example_sla_dag.py
[2025-12-04T20:41:49.292+0500] {logging_mixin.py:188} INFO - [2025-12-04T20:41:49.291+0500] {dag.py:3089} INFO - Sync 1 DAGs
[2025-12-04T20:41:49.316+0500] {logging_mixin.py:188} INFO - [2025-12-04T20:41:49.316+0500] {dag.py:3947} INFO - Setting next_dagrun for example_sla_dag to 2025-12-04 15:38:00+00:00, run_after=2025-12-04 15:40:00+00:00
[2025-12-04T20:41:49.338+0500] {processor.py:183} INFO - Processing /Library/Frameworks/Python.framework/Versions/3.11/lib/python3.11/site-packages/airflow/example_dags/example_sla_dag.py took 0.241 seconds
[2025-12-04T20:44:47.598+0500] {processor.py:161} INFO - Started process (PID=15774) to work on /Library/Frameworks/Python.framework/Versions/3.11/lib/python3.11/site-packages/airflow/example_dags/example_sla_dag.py
[2025-12-04T20:44:47.601+0500] {processor.py:830} INFO - Processing file /Library/Frameworks/Python.framework/Versions/3.11/lib/python3.11/site-packages/airflow/example_dags/example_sla_dag.py for tasks to queue
[2025-12-04T20:44:47.603+0500] {logging_mixin.py:188} INFO - [2025-12-04T20:44:47.603+0500] {dagbag.py:545} INFO - Filling up the DagBag from /Library/Frameworks/Python.framework/Versions/3.11/lib/python3.11/site-packages/airflow/example_dags/example_sla_dag.py
[2025-12-04T20:44:47.656+0500] {processor.py:840} INFO - DAG(s) 'example_sla_dag' retrieved from /Library/Frameworks/Python.framework/Versions/3.11/lib/python3.11/site-packages/airflow/example_dags/example_sla_dag.py
[2025-12-04T20:44:47.793+0500] {logging_mixin.py:188} INFO - [2025-12-04T20:44:47.792+0500] {dag.py:3089} INFO - Sync 1 DAGs
[2025-12-04T20:44:47.820+0500] {logging_mixin.py:188} INFO - [2025-12-04T20:44:47.819+0500] {dag.py:3947} INFO - Setting next_dagrun for example_sla_dag to 2025-12-04 15:42:00+00:00, run_after=2025-12-04 15:44:00+00:00
[2025-12-04T20:44:47.845+0500] {processor.py:183} INFO - Processing /Library/Frameworks/Python.framework/Versions/3.11/lib/python3.11/site-packages/airflow/example_dags/example_sla_dag.py took 0.251 seconds
[2025-12-04T20:47:18.159+0500] {processor.py:161} INFO - Started process (PID=15852) to work on /Library/Frameworks/Python.framework/Versions/3.11/lib/python3.11/site-packages/airflow/example_dags/example_sla_dag.py
[2025-12-04T20:47:18.161+0500] {processor.py:830} INFO - Processing file /Library/Frameworks/Python.framework/Versions/3.11/lib/python3.11/site-packages/airflow/example_dags/example_sla_dag.py for tasks to queue
[2025-12-04T20:47:18.161+0500] {logging_mixin.py:188} INFO - [2025-12-04T20:47:18.161+0500] {dagbag.py:545} INFO - Filling up the DagBag from /Library/Frameworks/Python.framework/Versions/3.11/lib/python3.11/site-packages/airflow/example_dags/example_sla_dag.py
[2025-12-04T20:47:18.206+0500] {processor.py:840} INFO - DAG(s) 'example_sla_dag' retrieved from /Library/Frameworks/Python.framework/Versions/3.11/lib/python3.11/site-packages/airflow/example_dags/example_sla_dag.py
[2025-12-04T20:47:18.354+0500] {logging_mixin.py:188} INFO - [2025-12-04T20:47:18.354+0500] {dag.py:3089} INFO - Sync 1 DAGs
[2025-12-04T20:47:18.387+0500] {logging_mixin.py:188} INFO - [2025-12-04T20:47:18.386+0500] {dag.py:3947} INFO - Setting next_dagrun for example_sla_dag to 2025-12-04 15:44:00+00:00, run_after=2025-12-04 15:46:00+00:00
[2025-12-04T20:47:18.418+0500] {processor.py:183} INFO - Processing /Library/Frameworks/Python.framework/Versions/3.11/lib/python3.11/site-packages/airflow/example_dags/example_sla_dag.py took 0.262 seconds
[2025-12-04T20:49:36.975+0500] {processor.py:161} INFO - Started process (PID=15945) to work on /Library/Frameworks/Python.framework/Versions/3.11/lib/python3.11/site-packages/airflow/example_dags/example_sla_dag.py
[2025-12-04T20:49:36.977+0500] {processor.py:830} INFO - Processing file /Library/Frameworks/Python.framework/Versions/3.11/lib/python3.11/site-packages/airflow/example_dags/example_sla_dag.py for tasks to queue
[2025-12-04T20:49:36.978+0500] {logging_mixin.py:188} INFO - [2025-12-04T20:49:36.978+0500] {dagbag.py:545} INFO - Filling up the DagBag from /Library/Frameworks/Python.framework/Versions/3.11/lib/python3.11/site-packages/airflow/example_dags/example_sla_dag.py
[2025-12-04T20:49:37.024+0500] {processor.py:840} INFO - DAG(s) 'example_sla_dag' retrieved from /Library/Frameworks/Python.framework/Versions/3.11/lib/python3.11/site-packages/airflow/example_dags/example_sla_dag.py
[2025-12-04T20:49:37.145+0500] {logging_mixin.py:188} INFO - [2025-12-04T20:49:37.144+0500] {dag.py:3089} INFO - Sync 1 DAGs
[2025-12-04T20:49:37.170+0500] {logging_mixin.py:188} INFO - [2025-12-04T20:49:37.169+0500] {dag.py:3947} INFO - Setting next_dagrun for example_sla_dag to 2025-12-04 15:46:00+00:00, run_after=2025-12-04 15:48:00+00:00
[2025-12-04T20:49:37.197+0500] {processor.py:183} INFO - Processing /Library/Frameworks/Python.framework/Versions/3.11/lib/python3.11/site-packages/airflow/example_dags/example_sla_dag.py took 0.226 seconds
