[2025-12-04T18:20:36.776+0500] {processor.py:161} INFO - Started process (PID=11753) to work on /Library/Frameworks/Python.framework/Versions/3.11/lib/python3.11/site-packages/airflow/example_dags/example_branch_day_of_week_operator.py
[2025-12-04T18:20:36.777+0500] {processor.py:830} INFO - Processing file /Library/Frameworks/Python.framework/Versions/3.11/lib/python3.11/site-packages/airflow/example_dags/example_branch_day_of_week_operator.py for tasks to queue
[2025-12-04T18:20:36.778+0500] {logging_mixin.py:188} INFO - [2025-12-04T18:20:36.777+0500] {dagbag.py:545} INFO - Filling up the DagBag from /Library/Frameworks/Python.framework/Versions/3.11/lib/python3.11/site-packages/airflow/example_dags/example_branch_day_of_week_operator.py
[2025-12-04T18:20:36.796+0500] {processor.py:840} INFO - DAG(s) 'example_weekday_branch_operator' retrieved from /Library/Frameworks/Python.framework/Versions/3.11/lib/python3.11/site-packages/airflow/example_dags/example_branch_day_of_week_operator.py
[2025-12-04T18:20:37.081+0500] {logging_mixin.py:188} INFO - [2025-12-04T18:20:37.080+0500] {override.py:1858} INFO - Created Permission View: can read on DAG:example_weekday_branch_operator
[2025-12-04T18:20:37.097+0500] {logging_mixin.py:188} INFO - [2025-12-04T18:20:37.096+0500] {override.py:1858} INFO - Created Permission View: can delete on DAG:example_weekday_branch_operator
[2025-12-04T18:20:37.108+0500] {logging_mixin.py:188} INFO - [2025-12-04T18:20:37.107+0500] {override.py:1858} INFO - Created Permission View: can edit on DAG:example_weekday_branch_operator
[2025-12-04T18:20:37.111+0500] {logging_mixin.py:188} INFO - [2025-12-04T18:20:37.110+0500] {dag.py:3089} INFO - Sync 1 DAGs
[2025-12-04T18:20:37.200+0500] {logging_mixin.py:188} INFO - [2025-12-04T18:20:37.200+0500] {dag.py:3111} INFO - Creating ORM DAG for example_weekday_branch_operator
[2025-12-04T18:20:37.215+0500] {logging_mixin.py:188} INFO - [2025-12-04T18:20:37.214+0500] {dag.py:3947} INFO - Setting next_dagrun for example_weekday_branch_operator to 2025-12-03 00:00:00+00:00, run_after=2025-12-04 00:00:00+00:00
[2025-12-04T18:20:37.247+0500] {processor.py:183} INFO - Processing /Library/Frameworks/Python.framework/Versions/3.11/lib/python3.11/site-packages/airflow/example_dags/example_branch_day_of_week_operator.py took 0.476 seconds
[2025-12-04T18:24:41.901+0500] {processor.py:161} INFO - Started process (PID=11906) to work on /Library/Frameworks/Python.framework/Versions/3.11/lib/python3.11/site-packages/airflow/example_dags/example_branch_day_of_week_operator.py
[2025-12-04T18:24:41.903+0500] {processor.py:830} INFO - Processing file /Library/Frameworks/Python.framework/Versions/3.11/lib/python3.11/site-packages/airflow/example_dags/example_branch_day_of_week_operator.py for tasks to queue
[2025-12-04T18:24:41.904+0500] {logging_mixin.py:188} INFO - [2025-12-04T18:24:41.903+0500] {dagbag.py:545} INFO - Filling up the DagBag from /Library/Frameworks/Python.framework/Versions/3.11/lib/python3.11/site-packages/airflow/example_dags/example_branch_day_of_week_operator.py
[2025-12-04T18:24:41.919+0500] {processor.py:840} INFO - DAG(s) 'example_weekday_branch_operator' retrieved from /Library/Frameworks/Python.framework/Versions/3.11/lib/python3.11/site-packages/airflow/example_dags/example_branch_day_of_week_operator.py
[2025-12-04T18:24:42.032+0500] {logging_mixin.py:188} INFO - [2025-12-04T18:24:42.031+0500] {dag.py:3089} INFO - Sync 1 DAGs
[2025-12-04T18:24:42.049+0500] {logging_mixin.py:188} INFO - [2025-12-04T18:24:42.048+0500] {dag.py:3947} INFO - Setting next_dagrun for example_weekday_branch_operator to 2025-12-03 00:00:00+00:00, run_after=2025-12-04 00:00:00+00:00
[2025-12-04T18:24:42.070+0500] {processor.py:183} INFO - Processing /Library/Frameworks/Python.framework/Versions/3.11/lib/python3.11/site-packages/airflow/example_dags/example_branch_day_of_week_operator.py took 0.172 seconds
[2025-12-04T18:29:20.003+0500] {processor.py:161} INFO - Started process (PID=12143) to work on /Library/Frameworks/Python.framework/Versions/3.11/lib/python3.11/site-packages/airflow/example_dags/example_branch_day_of_week_operator.py
[2025-12-04T18:29:20.006+0500] {processor.py:830} INFO - Processing file /Library/Frameworks/Python.framework/Versions/3.11/lib/python3.11/site-packages/airflow/example_dags/example_branch_day_of_week_operator.py for tasks to queue
[2025-12-04T18:29:20.006+0500] {logging_mixin.py:188} INFO - [2025-12-04T18:29:20.006+0500] {dagbag.py:545} INFO - Filling up the DagBag from /Library/Frameworks/Python.framework/Versions/3.11/lib/python3.11/site-packages/airflow/example_dags/example_branch_day_of_week_operator.py
[2025-12-04T18:29:20.025+0500] {processor.py:840} INFO - DAG(s) 'example_weekday_branch_operator' retrieved from /Library/Frameworks/Python.framework/Versions/3.11/lib/python3.11/site-packages/airflow/example_dags/example_branch_day_of_week_operator.py
[2025-12-04T18:29:20.159+0500] {logging_mixin.py:188} INFO - [2025-12-04T18:29:20.158+0500] {dag.py:3089} INFO - Sync 1 DAGs
[2025-12-04T18:29:20.177+0500] {logging_mixin.py:188} INFO - [2025-12-04T18:29:20.177+0500] {dag.py:3947} INFO - Setting next_dagrun for example_weekday_branch_operator to 2025-12-03 00:00:00+00:00, run_after=2025-12-04 00:00:00+00:00
[2025-12-04T18:29:20.198+0500] {processor.py:183} INFO - Processing /Library/Frameworks/Python.framework/Versions/3.11/lib/python3.11/site-packages/airflow/example_dags/example_branch_day_of_week_operator.py took 0.198 seconds
[2025-12-04T18:34:13.751+0500] {processor.py:161} INFO - Started process (PID=12359) to work on /Library/Frameworks/Python.framework/Versions/3.11/lib/python3.11/site-packages/airflow/example_dags/example_branch_day_of_week_operator.py
[2025-12-04T18:34:13.754+0500] {processor.py:830} INFO - Processing file /Library/Frameworks/Python.framework/Versions/3.11/lib/python3.11/site-packages/airflow/example_dags/example_branch_day_of_week_operator.py for tasks to queue
[2025-12-04T18:34:13.755+0500] {logging_mixin.py:188} INFO - [2025-12-04T18:34:13.754+0500] {dagbag.py:545} INFO - Filling up the DagBag from /Library/Frameworks/Python.framework/Versions/3.11/lib/python3.11/site-packages/airflow/example_dags/example_branch_day_of_week_operator.py
[2025-12-04T18:34:13.778+0500] {processor.py:840} INFO - DAG(s) 'example_weekday_branch_operator' retrieved from /Library/Frameworks/Python.framework/Versions/3.11/lib/python3.11/site-packages/airflow/example_dags/example_branch_day_of_week_operator.py
[2025-12-04T18:34:13.938+0500] {logging_mixin.py:188} INFO - [2025-12-04T18:34:13.938+0500] {dag.py:3089} INFO - Sync 1 DAGs
[2025-12-04T18:34:13.957+0500] {logging_mixin.py:188} INFO - [2025-12-04T18:34:13.957+0500] {dag.py:3947} INFO - Setting next_dagrun for example_weekday_branch_operator to 2025-12-03 00:00:00+00:00, run_after=2025-12-04 00:00:00+00:00
[2025-12-04T18:34:13.980+0500] {processor.py:183} INFO - Processing /Library/Frameworks/Python.framework/Versions/3.11/lib/python3.11/site-packages/airflow/example_dags/example_branch_day_of_week_operator.py took 0.233 seconds
[2025-12-04T18:38:07.305+0500] {processor.py:161} INFO - Started process (PID=12511) to work on /Library/Frameworks/Python.framework/Versions/3.11/lib/python3.11/site-packages/airflow/example_dags/example_branch_day_of_week_operator.py
[2025-12-04T18:38:07.307+0500] {processor.py:830} INFO - Processing file /Library/Frameworks/Python.framework/Versions/3.11/lib/python3.11/site-packages/airflow/example_dags/example_branch_day_of_week_operator.py for tasks to queue
[2025-12-04T18:38:07.308+0500] {logging_mixin.py:188} INFO - [2025-12-04T18:38:07.308+0500] {dagbag.py:545} INFO - Filling up the DagBag from /Library/Frameworks/Python.framework/Versions/3.11/lib/python3.11/site-packages/airflow/example_dags/example_branch_day_of_week_operator.py
[2025-12-04T18:38:07.322+0500] {processor.py:840} INFO - DAG(s) 'example_weekday_branch_operator' retrieved from /Library/Frameworks/Python.framework/Versions/3.11/lib/python3.11/site-packages/airflow/example_dags/example_branch_day_of_week_operator.py
[2025-12-04T18:38:07.432+0500] {logging_mixin.py:188} INFO - [2025-12-04T18:38:07.431+0500] {dag.py:3089} INFO - Sync 1 DAGs
[2025-12-04T18:38:07.451+0500] {logging_mixin.py:188} INFO - [2025-12-04T18:38:07.450+0500] {dag.py:3947} INFO - Setting next_dagrun for example_weekday_branch_operator to 2025-12-03 00:00:00+00:00, run_after=2025-12-04 00:00:00+00:00
[2025-12-04T18:38:07.471+0500] {processor.py:183} INFO - Processing /Library/Frameworks/Python.framework/Versions/3.11/lib/python3.11/site-packages/airflow/example_dags/example_branch_day_of_week_operator.py took 0.169 seconds
[2025-12-04T18:42:10.305+0500] {processor.py:161} INFO - Started process (PID=12684) to work on /Library/Frameworks/Python.framework/Versions/3.11/lib/python3.11/site-packages/airflow/example_dags/example_branch_day_of_week_operator.py
[2025-12-04T18:42:10.307+0500] {processor.py:830} INFO - Processing file /Library/Frameworks/Python.framework/Versions/3.11/lib/python3.11/site-packages/airflow/example_dags/example_branch_day_of_week_operator.py for tasks to queue
[2025-12-04T18:42:10.308+0500] {logging_mixin.py:188} INFO - [2025-12-04T18:42:10.308+0500] {dagbag.py:545} INFO - Filling up the DagBag from /Library/Frameworks/Python.framework/Versions/3.11/lib/python3.11/site-packages/airflow/example_dags/example_branch_day_of_week_operator.py
[2025-12-04T18:42:10.327+0500] {processor.py:840} INFO - DAG(s) 'example_weekday_branch_operator' retrieved from /Library/Frameworks/Python.framework/Versions/3.11/lib/python3.11/site-packages/airflow/example_dags/example_branch_day_of_week_operator.py
[2025-12-04T18:42:10.472+0500] {logging_mixin.py:188} INFO - [2025-12-04T18:42:10.471+0500] {dag.py:3089} INFO - Sync 1 DAGs
[2025-12-04T18:42:10.499+0500] {logging_mixin.py:188} INFO - [2025-12-04T18:42:10.498+0500] {dag.py:3947} INFO - Setting next_dagrun for example_weekday_branch_operator to 2025-12-03 00:00:00+00:00, run_after=2025-12-04 00:00:00+00:00
[2025-12-04T18:42:10.528+0500] {processor.py:183} INFO - Processing /Library/Frameworks/Python.framework/Versions/3.11/lib/python3.11/site-packages/airflow/example_dags/example_branch_day_of_week_operator.py took 0.225 seconds
[2025-12-04T18:46:25.118+0500] {processor.py:161} INFO - Started process (PID=12851) to work on /Library/Frameworks/Python.framework/Versions/3.11/lib/python3.11/site-packages/airflow/example_dags/example_branch_day_of_week_operator.py
[2025-12-04T18:46:25.120+0500] {processor.py:830} INFO - Processing file /Library/Frameworks/Python.framework/Versions/3.11/lib/python3.11/site-packages/airflow/example_dags/example_branch_day_of_week_operator.py for tasks to queue
[2025-12-04T18:46:25.121+0500] {logging_mixin.py:188} INFO - [2025-12-04T18:46:25.121+0500] {dagbag.py:545} INFO - Filling up the DagBag from /Library/Frameworks/Python.framework/Versions/3.11/lib/python3.11/site-packages/airflow/example_dags/example_branch_day_of_week_operator.py
[2025-12-04T18:46:25.139+0500] {processor.py:840} INFO - DAG(s) 'example_weekday_branch_operator' retrieved from /Library/Frameworks/Python.framework/Versions/3.11/lib/python3.11/site-packages/airflow/example_dags/example_branch_day_of_week_operator.py
[2025-12-04T18:46:25.283+0500] {logging_mixin.py:188} INFO - [2025-12-04T18:46:25.282+0500] {dag.py:3089} INFO - Sync 1 DAGs
[2025-12-04T18:46:25.302+0500] {logging_mixin.py:188} INFO - [2025-12-04T18:46:25.302+0500] {dag.py:3947} INFO - Setting next_dagrun for example_weekday_branch_operator to 2025-12-03 00:00:00+00:00, run_after=2025-12-04 00:00:00+00:00
[2025-12-04T18:46:25.328+0500] {processor.py:183} INFO - Processing /Library/Frameworks/Python.framework/Versions/3.11/lib/python3.11/site-packages/airflow/example_dags/example_branch_day_of_week_operator.py took 0.213 seconds
[2025-12-04T18:50:46.774+0500] {processor.py:161} INFO - Started process (PID=12996) to work on /Library/Frameworks/Python.framework/Versions/3.11/lib/python3.11/site-packages/airflow/example_dags/example_branch_day_of_week_operator.py
[2025-12-04T18:50:46.776+0500] {processor.py:830} INFO - Processing file /Library/Frameworks/Python.framework/Versions/3.11/lib/python3.11/site-packages/airflow/example_dags/example_branch_day_of_week_operator.py for tasks to queue
[2025-12-04T18:50:46.777+0500] {logging_mixin.py:188} INFO - [2025-12-04T18:50:46.776+0500] {dagbag.py:545} INFO - Filling up the DagBag from /Library/Frameworks/Python.framework/Versions/3.11/lib/python3.11/site-packages/airflow/example_dags/example_branch_day_of_week_operator.py
[2025-12-04T18:50:46.794+0500] {processor.py:840} INFO - DAG(s) 'example_weekday_branch_operator' retrieved from /Library/Frameworks/Python.framework/Versions/3.11/lib/python3.11/site-packages/airflow/example_dags/example_branch_day_of_week_operator.py
[2025-12-04T18:50:46.910+0500] {logging_mixin.py:188} INFO - [2025-12-04T18:50:46.909+0500] {dag.py:3089} INFO - Sync 1 DAGs
[2025-12-04T18:50:46.926+0500] {logging_mixin.py:188} INFO - [2025-12-04T18:50:46.926+0500] {dag.py:3947} INFO - Setting next_dagrun for example_weekday_branch_operator to 2025-12-03 00:00:00+00:00, run_after=2025-12-04 00:00:00+00:00
[2025-12-04T18:50:46.954+0500] {processor.py:183} INFO - Processing /Library/Frameworks/Python.framework/Versions/3.11/lib/python3.11/site-packages/airflow/example_dags/example_branch_day_of_week_operator.py took 0.183 seconds
[2025-12-04T18:55:13.225+0500] {processor.py:161} INFO - Started process (PID=13179) to work on /Library/Frameworks/Python.framework/Versions/3.11/lib/python3.11/site-packages/airflow/example_dags/example_branch_day_of_week_operator.py
[2025-12-04T18:55:13.227+0500] {processor.py:830} INFO - Processing file /Library/Frameworks/Python.framework/Versions/3.11/lib/python3.11/site-packages/airflow/example_dags/example_branch_day_of_week_operator.py for tasks to queue
[2025-12-04T18:55:13.228+0500] {logging_mixin.py:188} INFO - [2025-12-04T18:55:13.228+0500] {dagbag.py:545} INFO - Filling up the DagBag from /Library/Frameworks/Python.framework/Versions/3.11/lib/python3.11/site-packages/airflow/example_dags/example_branch_day_of_week_operator.py
[2025-12-04T18:55:13.245+0500] {processor.py:840} INFO - DAG(s) 'example_weekday_branch_operator' retrieved from /Library/Frameworks/Python.framework/Versions/3.11/lib/python3.11/site-packages/airflow/example_dags/example_branch_day_of_week_operator.py
[2025-12-04T18:55:13.385+0500] {logging_mixin.py:188} INFO - [2025-12-04T18:55:13.385+0500] {dag.py:3089} INFO - Sync 1 DAGs
[2025-12-04T18:55:13.406+0500] {logging_mixin.py:188} INFO - [2025-12-04T18:55:13.405+0500] {dag.py:3947} INFO - Setting next_dagrun for example_weekday_branch_operator to 2025-12-03 00:00:00+00:00, run_after=2025-12-04 00:00:00+00:00
[2025-12-04T18:55:13.437+0500] {processor.py:183} INFO - Processing /Library/Frameworks/Python.framework/Versions/3.11/lib/python3.11/site-packages/airflow/example_dags/example_branch_day_of_week_operator.py took 0.216 seconds
[2025-12-04T19:35:13.895+0500] {processor.py:161} INFO - Started process (PID=14645) to work on /Library/Frameworks/Python.framework/Versions/3.11/lib/python3.11/site-packages/airflow/example_dags/example_branch_day_of_week_operator.py
[2025-12-04T19:35:13.897+0500] {processor.py:830} INFO - Processing file /Library/Frameworks/Python.framework/Versions/3.11/lib/python3.11/site-packages/airflow/example_dags/example_branch_day_of_week_operator.py for tasks to queue
[2025-12-04T19:35:13.898+0500] {logging_mixin.py:188} INFO - [2025-12-04T19:35:13.898+0500] {dagbag.py:545} INFO - Filling up the DagBag from /Library/Frameworks/Python.framework/Versions/3.11/lib/python3.11/site-packages/airflow/example_dags/example_branch_day_of_week_operator.py
[2025-12-04T19:35:13.918+0500] {processor.py:840} INFO - DAG(s) 'example_weekday_branch_operator' retrieved from /Library/Frameworks/Python.framework/Versions/3.11/lib/python3.11/site-packages/airflow/example_dags/example_branch_day_of_week_operator.py
[2025-12-04T19:35:14.033+0500] {logging_mixin.py:188} INFO - [2025-12-04T19:35:14.032+0500] {dag.py:3089} INFO - Sync 1 DAGs
[2025-12-04T19:35:14.050+0500] {logging_mixin.py:188} INFO - [2025-12-04T19:35:14.050+0500] {dag.py:3947} INFO - Setting next_dagrun for example_weekday_branch_operator to 2025-12-03 00:00:00+00:00, run_after=2025-12-04 00:00:00+00:00
[2025-12-04T19:35:14.071+0500] {processor.py:183} INFO - Processing /Library/Frameworks/Python.framework/Versions/3.11/lib/python3.11/site-packages/airflow/example_dags/example_branch_day_of_week_operator.py took 0.179 seconds
[2025-12-04T19:39:38.215+0500] {processor.py:161} INFO - Started process (PID=14813) to work on /Library/Frameworks/Python.framework/Versions/3.11/lib/python3.11/site-packages/airflow/example_dags/example_branch_day_of_week_operator.py
[2025-12-04T19:39:38.217+0500] {processor.py:830} INFO - Processing file /Library/Frameworks/Python.framework/Versions/3.11/lib/python3.11/site-packages/airflow/example_dags/example_branch_day_of_week_operator.py for tasks to queue
[2025-12-04T19:39:38.218+0500] {logging_mixin.py:188} INFO - [2025-12-04T19:39:38.217+0500] {dagbag.py:545} INFO - Filling up the DagBag from /Library/Frameworks/Python.framework/Versions/3.11/lib/python3.11/site-packages/airflow/example_dags/example_branch_day_of_week_operator.py
[2025-12-04T19:39:38.240+0500] {processor.py:840} INFO - DAG(s) 'example_weekday_branch_operator' retrieved from /Library/Frameworks/Python.framework/Versions/3.11/lib/python3.11/site-packages/airflow/example_dags/example_branch_day_of_week_operator.py
[2025-12-04T19:39:38.351+0500] {logging_mixin.py:188} INFO - [2025-12-04T19:39:38.350+0500] {dag.py:3089} INFO - Sync 1 DAGs
[2025-12-04T19:39:38.368+0500] {logging_mixin.py:188} INFO - [2025-12-04T19:39:38.367+0500] {dag.py:3947} INFO - Setting next_dagrun for example_weekday_branch_operator to 2025-12-03 00:00:00+00:00, run_after=2025-12-04 00:00:00+00:00
[2025-12-04T19:39:38.389+0500] {processor.py:183} INFO - Processing /Library/Frameworks/Python.framework/Versions/3.11/lib/python3.11/site-packages/airflow/example_dags/example_branch_day_of_week_operator.py took 0.177 seconds
[2025-12-04T19:44:15.610+0500] {processor.py:161} INFO - Started process (PID=14978) to work on /Library/Frameworks/Python.framework/Versions/3.11/lib/python3.11/site-packages/airflow/example_dags/example_branch_day_of_week_operator.py
[2025-12-04T19:44:15.612+0500] {processor.py:830} INFO - Processing file /Library/Frameworks/Python.framework/Versions/3.11/lib/python3.11/site-packages/airflow/example_dags/example_branch_day_of_week_operator.py for tasks to queue
[2025-12-04T19:44:15.613+0500] {logging_mixin.py:188} INFO - [2025-12-04T19:44:15.612+0500] {dagbag.py:545} INFO - Filling up the DagBag from /Library/Frameworks/Python.framework/Versions/3.11/lib/python3.11/site-packages/airflow/example_dags/example_branch_day_of_week_operator.py
[2025-12-04T19:44:15.627+0500] {processor.py:840} INFO - DAG(s) 'example_weekday_branch_operator' retrieved from /Library/Frameworks/Python.framework/Versions/3.11/lib/python3.11/site-packages/airflow/example_dags/example_branch_day_of_week_operator.py
[2025-12-04T19:44:15.741+0500] {logging_mixin.py:188} INFO - [2025-12-04T19:44:15.741+0500] {dag.py:3089} INFO - Sync 1 DAGs
[2025-12-04T19:44:15.759+0500] {logging_mixin.py:188} INFO - [2025-12-04T19:44:15.758+0500] {dag.py:3947} INFO - Setting next_dagrun for example_weekday_branch_operator to 2025-12-03 00:00:00+00:00, run_after=2025-12-04 00:00:00+00:00
[2025-12-04T19:44:15.781+0500] {processor.py:183} INFO - Processing /Library/Frameworks/Python.framework/Versions/3.11/lib/python3.11/site-packages/airflow/example_dags/example_branch_day_of_week_operator.py took 0.174 seconds
[2025-12-04T19:48:59.258+0500] {processor.py:161} INFO - Started process (PID=15154) to work on /Library/Frameworks/Python.framework/Versions/3.11/lib/python3.11/site-packages/airflow/example_dags/example_branch_day_of_week_operator.py
[2025-12-04T19:48:59.260+0500] {processor.py:830} INFO - Processing file /Library/Frameworks/Python.framework/Versions/3.11/lib/python3.11/site-packages/airflow/example_dags/example_branch_day_of_week_operator.py for tasks to queue
[2025-12-04T19:48:59.261+0500] {logging_mixin.py:188} INFO - [2025-12-04T19:48:59.260+0500] {dagbag.py:545} INFO - Filling up the DagBag from /Library/Frameworks/Python.framework/Versions/3.11/lib/python3.11/site-packages/airflow/example_dags/example_branch_day_of_week_operator.py
[2025-12-04T19:48:59.279+0500] {processor.py:840} INFO - DAG(s) 'example_weekday_branch_operator' retrieved from /Library/Frameworks/Python.framework/Versions/3.11/lib/python3.11/site-packages/airflow/example_dags/example_branch_day_of_week_operator.py
[2025-12-04T19:48:59.393+0500] {logging_mixin.py:188} INFO - [2025-12-04T19:48:59.392+0500] {dag.py:3089} INFO - Sync 1 DAGs
[2025-12-04T19:48:59.410+0500] {logging_mixin.py:188} INFO - [2025-12-04T19:48:59.410+0500] {dag.py:3947} INFO - Setting next_dagrun for example_weekday_branch_operator to 2025-12-03 00:00:00+00:00, run_after=2025-12-04 00:00:00+00:00
[2025-12-04T19:48:59.436+0500] {processor.py:183} INFO - Processing /Library/Frameworks/Python.framework/Versions/3.11/lib/python3.11/site-packages/airflow/example_dags/example_branch_day_of_week_operator.py took 0.182 seconds
[2025-12-04T19:52:56.728+0500] {processor.py:161} INFO - Started process (PID=15333) to work on /Library/Frameworks/Python.framework/Versions/3.11/lib/python3.11/site-packages/airflow/example_dags/example_branch_day_of_week_operator.py
[2025-12-04T19:52:56.730+0500] {processor.py:830} INFO - Processing file /Library/Frameworks/Python.framework/Versions/3.11/lib/python3.11/site-packages/airflow/example_dags/example_branch_day_of_week_operator.py for tasks to queue
[2025-12-04T19:52:56.731+0500] {logging_mixin.py:188} INFO - [2025-12-04T19:52:56.731+0500] {dagbag.py:545} INFO - Filling up the DagBag from /Library/Frameworks/Python.framework/Versions/3.11/lib/python3.11/site-packages/airflow/example_dags/example_branch_day_of_week_operator.py
[2025-12-04T19:52:56.746+0500] {processor.py:840} INFO - DAG(s) 'example_weekday_branch_operator' retrieved from /Library/Frameworks/Python.framework/Versions/3.11/lib/python3.11/site-packages/airflow/example_dags/example_branch_day_of_week_operator.py
[2025-12-04T19:52:56.864+0500] {logging_mixin.py:188} INFO - [2025-12-04T19:52:56.863+0500] {dag.py:3089} INFO - Sync 1 DAGs
[2025-12-04T19:52:56.880+0500] {logging_mixin.py:188} INFO - [2025-12-04T19:52:56.880+0500] {dag.py:3947} INFO - Setting next_dagrun for example_weekday_branch_operator to 2025-12-03 00:00:00+00:00, run_after=2025-12-04 00:00:00+00:00
[2025-12-04T19:52:56.901+0500] {processor.py:183} INFO - Processing /Library/Frameworks/Python.framework/Versions/3.11/lib/python3.11/site-packages/airflow/example_dags/example_branch_day_of_week_operator.py took 0.176 seconds
[2025-12-04T19:56:43.631+0500] {processor.py:161} INFO - Started process (PID=15460) to work on /Library/Frameworks/Python.framework/Versions/3.11/lib/python3.11/site-packages/airflow/example_dags/example_branch_day_of_week_operator.py
[2025-12-04T19:56:43.634+0500] {processor.py:830} INFO - Processing file /Library/Frameworks/Python.framework/Versions/3.11/lib/python3.11/site-packages/airflow/example_dags/example_branch_day_of_week_operator.py for tasks to queue
[2025-12-04T19:56:43.635+0500] {logging_mixin.py:188} INFO - [2025-12-04T19:56:43.634+0500] {dagbag.py:545} INFO - Filling up the DagBag from /Library/Frameworks/Python.framework/Versions/3.11/lib/python3.11/site-packages/airflow/example_dags/example_branch_day_of_week_operator.py
[2025-12-04T19:56:43.650+0500] {processor.py:840} INFO - DAG(s) 'example_weekday_branch_operator' retrieved from /Library/Frameworks/Python.framework/Versions/3.11/lib/python3.11/site-packages/airflow/example_dags/example_branch_day_of_week_operator.py
[2025-12-04T19:56:43.769+0500] {logging_mixin.py:188} INFO - [2025-12-04T19:56:43.769+0500] {dag.py:3089} INFO - Sync 1 DAGs
[2025-12-04T19:56:43.787+0500] {logging_mixin.py:188} INFO - [2025-12-04T19:56:43.787+0500] {dag.py:3947} INFO - Setting next_dagrun for example_weekday_branch_operator to 2025-12-03 00:00:00+00:00, run_after=2025-12-04 00:00:00+00:00
[2025-12-04T19:56:43.813+0500] {processor.py:183} INFO - Processing /Library/Frameworks/Python.framework/Versions/3.11/lib/python3.11/site-packages/airflow/example_dags/example_branch_day_of_week_operator.py took 0.185 seconds
[2025-12-04T20:43:05.707+0500] {processor.py:161} INFO - Started process (PID=15673) to work on /Library/Frameworks/Python.framework/Versions/3.11/lib/python3.11/site-packages/airflow/example_dags/example_branch_day_of_week_operator.py
[2025-12-04T20:43:05.709+0500] {processor.py:830} INFO - Processing file /Library/Frameworks/Python.framework/Versions/3.11/lib/python3.11/site-packages/airflow/example_dags/example_branch_day_of_week_operator.py for tasks to queue
[2025-12-04T20:43:05.710+0500] {logging_mixin.py:188} INFO - [2025-12-04T20:43:05.710+0500] {dagbag.py:545} INFO - Filling up the DagBag from /Library/Frameworks/Python.framework/Versions/3.11/lib/python3.11/site-packages/airflow/example_dags/example_branch_day_of_week_operator.py
[2025-12-04T20:43:05.737+0500] {processor.py:840} INFO - DAG(s) 'example_weekday_branch_operator' retrieved from /Library/Frameworks/Python.framework/Versions/3.11/lib/python3.11/site-packages/airflow/example_dags/example_branch_day_of_week_operator.py
[2025-12-04T20:43:05.920+0500] {logging_mixin.py:188} INFO - [2025-12-04T20:43:05.920+0500] {dag.py:3089} INFO - Sync 1 DAGs
[2025-12-04T20:43:05.947+0500] {logging_mixin.py:188} INFO - [2025-12-04T20:43:05.946+0500] {dag.py:3947} INFO - Setting next_dagrun for example_weekday_branch_operator to 2025-12-03 00:00:00+00:00, run_after=2025-12-04 00:00:00+00:00
[2025-12-04T20:43:05.980+0500] {processor.py:183} INFO - Processing /Library/Frameworks/Python.framework/Versions/3.11/lib/python3.11/site-packages/airflow/example_dags/example_branch_day_of_week_operator.py took 0.278 seconds
[2025-12-04T20:48:17.919+0500] {processor.py:161} INFO - Started process (PID=15884) to work on /Library/Frameworks/Python.framework/Versions/3.11/lib/python3.11/site-packages/airflow/example_dags/example_branch_day_of_week_operator.py
[2025-12-04T20:48:17.922+0500] {processor.py:830} INFO - Processing file /Library/Frameworks/Python.framework/Versions/3.11/lib/python3.11/site-packages/airflow/example_dags/example_branch_day_of_week_operator.py for tasks to queue
[2025-12-04T20:48:17.922+0500] {logging_mixin.py:188} INFO - [2025-12-04T20:48:17.922+0500] {dagbag.py:545} INFO - Filling up the DagBag from /Library/Frameworks/Python.framework/Versions/3.11/lib/python3.11/site-packages/airflow/example_dags/example_branch_day_of_week_operator.py
[2025-12-04T20:48:17.942+0500] {processor.py:840} INFO - DAG(s) 'example_weekday_branch_operator' retrieved from /Library/Frameworks/Python.framework/Versions/3.11/lib/python3.11/site-packages/airflow/example_dags/example_branch_day_of_week_operator.py
[2025-12-04T20:48:18.079+0500] {logging_mixin.py:188} INFO - [2025-12-04T20:48:18.079+0500] {dag.py:3089} INFO - Sync 1 DAGs
[2025-12-04T20:48:18.097+0500] {logging_mixin.py:188} INFO - [2025-12-04T20:48:18.097+0500] {dag.py:3947} INFO - Setting next_dagrun for example_weekday_branch_operator to 2025-12-03 00:00:00+00:00, run_after=2025-12-04 00:00:00+00:00
[2025-12-04T20:48:18.121+0500] {processor.py:183} INFO - Processing /Library/Frameworks/Python.framework/Versions/3.11/lib/python3.11/site-packages/airflow/example_dags/example_branch_day_of_week_operator.py took 0.211 seconds
