[2025-12-04T18:18:10.734+0500] {processor.py:161} INFO - Started process (PID=11677) to work on /Library/Frameworks/Python.framework/Versions/3.11/lib/python3.11/site-packages/airflow/example_dags/tutorial_taskflow_api_virtualenv.py
[2025-12-04T18:18:10.735+0500] {processor.py:830} INFO - Processing file /Library/Frameworks/Python.framework/Versions/3.11/lib/python3.11/site-packages/airflow/example_dags/tutorial_taskflow_api_virtualenv.py for tasks to queue
[2025-12-04T18:18:10.736+0500] {logging_mixin.py:188} INFO - [2025-12-04T18:18:10.736+0500] {dagbag.py:545} INFO - Filling up the DagBag from /Library/Frameworks/Python.framework/Versions/3.11/lib/python3.11/site-packages/airflow/example_dags/tutorial_taskflow_api_virtualenv.py
[2025-12-04T18:18:10.817+0500] {processor.py:840} INFO - DAG(s) 'tutorial_taskflow_api_virtualenv' retrieved from /Library/Frameworks/Python.framework/Versions/3.11/lib/python3.11/site-packages/airflow/example_dags/tutorial_taskflow_api_virtualenv.py
[2025-12-04T18:18:11.451+0500] {logging_mixin.py:188} INFO - [2025-12-04T18:18:11.450+0500] {override.py:1858} INFO - Created Permission View: can delete on DAG:tutorial_taskflow_api_virtualenv
[2025-12-04T18:18:11.461+0500] {logging_mixin.py:188} INFO - [2025-12-04T18:18:11.461+0500] {override.py:1858} INFO - Created Permission View: can read on DAG:tutorial_taskflow_api_virtualenv
[2025-12-04T18:18:11.469+0500] {logging_mixin.py:188} INFO - [2025-12-04T18:18:11.469+0500] {override.py:1858} INFO - Created Permission View: can edit on DAG:tutorial_taskflow_api_virtualenv
[2025-12-04T18:18:11.470+0500] {logging_mixin.py:188} INFO - [2025-12-04T18:18:11.470+0500] {dag.py:3089} INFO - Sync 1 DAGs
[2025-12-04T18:18:11.487+0500] {logging_mixin.py:188} INFO - [2025-12-04T18:18:11.487+0500] {dag.py:3111} INFO - Creating ORM DAG for tutorial_taskflow_api_virtualenv
[2025-12-04T18:18:11.488+0500] {logging_mixin.py:188} INFO - [2025-12-04T18:18:11.488+0500] {dag.py:3947} INFO - Setting next_dagrun for tutorial_taskflow_api_virtualenv to None, run_after=None
[2025-12-04T18:18:11.517+0500] {processor.py:183} INFO - Processing /Library/Frameworks/Python.framework/Versions/3.11/lib/python3.11/site-packages/airflow/example_dags/tutorial_taskflow_api_virtualenv.py took 0.788 seconds
[2025-12-04T18:21:05.564+0500] {processor.py:161} INFO - Started process (PID=11768) to work on /Library/Frameworks/Python.framework/Versions/3.11/lib/python3.11/site-packages/airflow/example_dags/tutorial_taskflow_api_virtualenv.py
[2025-12-04T18:21:05.566+0500] {processor.py:830} INFO - Processing file /Library/Frameworks/Python.framework/Versions/3.11/lib/python3.11/site-packages/airflow/example_dags/tutorial_taskflow_api_virtualenv.py for tasks to queue
[2025-12-04T18:21:05.567+0500] {logging_mixin.py:188} INFO - [2025-12-04T18:21:05.567+0500] {dagbag.py:545} INFO - Filling up the DagBag from /Library/Frameworks/Python.framework/Versions/3.11/lib/python3.11/site-packages/airflow/example_dags/tutorial_taskflow_api_virtualenv.py
[2025-12-04T18:21:05.678+0500] {processor.py:840} INFO - DAG(s) 'tutorial_taskflow_api_virtualenv' retrieved from /Library/Frameworks/Python.framework/Versions/3.11/lib/python3.11/site-packages/airflow/example_dags/tutorial_taskflow_api_virtualenv.py
[2025-12-04T18:21:06.055+0500] {logging_mixin.py:188} INFO - [2025-12-04T18:21:06.055+0500] {dag.py:3089} INFO - Sync 1 DAGs
[2025-12-04T18:21:06.066+0500] {logging_mixin.py:188} INFO - [2025-12-04T18:21:06.066+0500] {dag.py:3947} INFO - Setting next_dagrun for tutorial_taskflow_api_virtualenv to None, run_after=None
[2025-12-04T18:21:06.089+0500] {processor.py:183} INFO - Processing /Library/Frameworks/Python.framework/Versions/3.11/lib/python3.11/site-packages/airflow/example_dags/tutorial_taskflow_api_virtualenv.py took 0.528 seconds
[2025-12-04T18:23:10.512+0500] {processor.py:161} INFO - Started process (PID=11856) to work on /Library/Frameworks/Python.framework/Versions/3.11/lib/python3.11/site-packages/airflow/example_dags/tutorial_taskflow_api_virtualenv.py
[2025-12-04T18:23:10.514+0500] {processor.py:830} INFO - Processing file /Library/Frameworks/Python.framework/Versions/3.11/lib/python3.11/site-packages/airflow/example_dags/tutorial_taskflow_api_virtualenv.py for tasks to queue
[2025-12-04T18:23:10.515+0500] {logging_mixin.py:188} INFO - [2025-12-04T18:23:10.515+0500] {dagbag.py:545} INFO - Filling up the DagBag from /Library/Frameworks/Python.framework/Versions/3.11/lib/python3.11/site-packages/airflow/example_dags/tutorial_taskflow_api_virtualenv.py
[2025-12-04T18:23:10.629+0500] {processor.py:840} INFO - DAG(s) 'tutorial_taskflow_api_virtualenv' retrieved from /Library/Frameworks/Python.framework/Versions/3.11/lib/python3.11/site-packages/airflow/example_dags/tutorial_taskflow_api_virtualenv.py
[2025-12-04T18:23:11.251+0500] {logging_mixin.py:188} INFO - [2025-12-04T18:23:11.251+0500] {dag.py:3089} INFO - Sync 1 DAGs
[2025-12-04T18:23:11.260+0500] {logging_mixin.py:188} INFO - [2025-12-04T18:23:11.260+0500] {dag.py:3947} INFO - Setting next_dagrun for tutorial_taskflow_api_virtualenv to None, run_after=None
[2025-12-04T18:23:11.282+0500] {processor.py:183} INFO - Processing /Library/Frameworks/Python.framework/Versions/3.11/lib/python3.11/site-packages/airflow/example_dags/tutorial_taskflow_api_virtualenv.py took 0.773 seconds
[2025-12-04T18:25:11.159+0500] {processor.py:161} INFO - Started process (PID=11921) to work on /Library/Frameworks/Python.framework/Versions/3.11/lib/python3.11/site-packages/airflow/example_dags/tutorial_taskflow_api_virtualenv.py
[2025-12-04T18:25:11.162+0500] {processor.py:830} INFO - Processing file /Library/Frameworks/Python.framework/Versions/3.11/lib/python3.11/site-packages/airflow/example_dags/tutorial_taskflow_api_virtualenv.py for tasks to queue
[2025-12-04T18:25:11.163+0500] {logging_mixin.py:188} INFO - [2025-12-04T18:25:11.162+0500] {dagbag.py:545} INFO - Filling up the DagBag from /Library/Frameworks/Python.framework/Versions/3.11/lib/python3.11/site-packages/airflow/example_dags/tutorial_taskflow_api_virtualenv.py
[2025-12-04T18:25:11.287+0500] {processor.py:840} INFO - DAG(s) 'tutorial_taskflow_api_virtualenv' retrieved from /Library/Frameworks/Python.framework/Versions/3.11/lib/python3.11/site-packages/airflow/example_dags/tutorial_taskflow_api_virtualenv.py
[2025-12-04T18:25:11.801+0500] {logging_mixin.py:188} INFO - [2025-12-04T18:25:11.801+0500] {dag.py:3089} INFO - Sync 1 DAGs
[2025-12-04T18:25:11.812+0500] {logging_mixin.py:188} INFO - [2025-12-04T18:25:11.812+0500] {dag.py:3947} INFO - Setting next_dagrun for tutorial_taskflow_api_virtualenv to None, run_after=None
[2025-12-04T18:25:11.838+0500] {processor.py:183} INFO - Processing /Library/Frameworks/Python.framework/Versions/3.11/lib/python3.11/site-packages/airflow/example_dags/tutorial_taskflow_api_virtualenv.py took 0.683 seconds
[2025-12-04T18:27:22.877+0500] {processor.py:161} INFO - Started process (PID=12054) to work on /Library/Frameworks/Python.framework/Versions/3.11/lib/python3.11/site-packages/airflow/example_dags/tutorial_taskflow_api_virtualenv.py
[2025-12-04T18:27:22.879+0500] {processor.py:830} INFO - Processing file /Library/Frameworks/Python.framework/Versions/3.11/lib/python3.11/site-packages/airflow/example_dags/tutorial_taskflow_api_virtualenv.py for tasks to queue
[2025-12-04T18:27:22.880+0500] {logging_mixin.py:188} INFO - [2025-12-04T18:27:22.879+0500] {dagbag.py:545} INFO - Filling up the DagBag from /Library/Frameworks/Python.framework/Versions/3.11/lib/python3.11/site-packages/airflow/example_dags/tutorial_taskflow_api_virtualenv.py
[2025-12-04T18:27:22.992+0500] {processor.py:840} INFO - DAG(s) 'tutorial_taskflow_api_virtualenv' retrieved from /Library/Frameworks/Python.framework/Versions/3.11/lib/python3.11/site-packages/airflow/example_dags/tutorial_taskflow_api_virtualenv.py
[2025-12-04T18:27:23.567+0500] {logging_mixin.py:188} INFO - [2025-12-04T18:27:23.566+0500] {dag.py:3089} INFO - Sync 1 DAGs
[2025-12-04T18:27:23.576+0500] {logging_mixin.py:188} INFO - [2025-12-04T18:27:23.575+0500] {dag.py:3947} INFO - Setting next_dagrun for tutorial_taskflow_api_virtualenv to None, run_after=None
[2025-12-04T18:27:23.603+0500] {processor.py:183} INFO - Processing /Library/Frameworks/Python.framework/Versions/3.11/lib/python3.11/site-packages/airflow/example_dags/tutorial_taskflow_api_virtualenv.py took 0.729 seconds
[2025-12-04T18:29:50.474+0500] {processor.py:161} INFO - Started process (PID=12170) to work on /Library/Frameworks/Python.framework/Versions/3.11/lib/python3.11/site-packages/airflow/example_dags/tutorial_taskflow_api_virtualenv.py
[2025-12-04T18:29:50.476+0500] {processor.py:830} INFO - Processing file /Library/Frameworks/Python.framework/Versions/3.11/lib/python3.11/site-packages/airflow/example_dags/tutorial_taskflow_api_virtualenv.py for tasks to queue
[2025-12-04T18:29:50.477+0500] {logging_mixin.py:188} INFO - [2025-12-04T18:29:50.477+0500] {dagbag.py:545} INFO - Filling up the DagBag from /Library/Frameworks/Python.framework/Versions/3.11/lib/python3.11/site-packages/airflow/example_dags/tutorial_taskflow_api_virtualenv.py
[2025-12-04T18:29:50.532+0500] {processor.py:840} INFO - DAG(s) 'tutorial_taskflow_api_virtualenv' retrieved from /Library/Frameworks/Python.framework/Versions/3.11/lib/python3.11/site-packages/airflow/example_dags/tutorial_taskflow_api_virtualenv.py
[2025-12-04T18:29:51.045+0500] {logging_mixin.py:188} INFO - [2025-12-04T18:29:51.045+0500] {dag.py:3089} INFO - Sync 1 DAGs
[2025-12-04T18:29:51.061+0500] {logging_mixin.py:188} INFO - [2025-12-04T18:29:51.060+0500] {dag.py:3947} INFO - Setting next_dagrun for tutorial_taskflow_api_virtualenv to None, run_after=None
[2025-12-04T18:29:51.095+0500] {processor.py:183} INFO - Processing /Library/Frameworks/Python.framework/Versions/3.11/lib/python3.11/site-packages/airflow/example_dags/tutorial_taskflow_api_virtualenv.py took 0.624 seconds
[2025-12-04T18:32:17.893+0500] {processor.py:161} INFO - Started process (PID=12265) to work on /Library/Frameworks/Python.framework/Versions/3.11/lib/python3.11/site-packages/airflow/example_dags/tutorial_taskflow_api_virtualenv.py
[2025-12-04T18:32:17.895+0500] {processor.py:830} INFO - Processing file /Library/Frameworks/Python.framework/Versions/3.11/lib/python3.11/site-packages/airflow/example_dags/tutorial_taskflow_api_virtualenv.py for tasks to queue
[2025-12-04T18:32:17.896+0500] {logging_mixin.py:188} INFO - [2025-12-04T18:32:17.896+0500] {dagbag.py:545} INFO - Filling up the DagBag from /Library/Frameworks/Python.framework/Versions/3.11/lib/python3.11/site-packages/airflow/example_dags/tutorial_taskflow_api_virtualenv.py
[2025-12-04T18:32:18.021+0500] {processor.py:840} INFO - DAG(s) 'tutorial_taskflow_api_virtualenv' retrieved from /Library/Frameworks/Python.framework/Versions/3.11/lib/python3.11/site-packages/airflow/example_dags/tutorial_taskflow_api_virtualenv.py
[2025-12-04T18:32:18.575+0500] {logging_mixin.py:188} INFO - [2025-12-04T18:32:18.574+0500] {dag.py:3089} INFO - Sync 1 DAGs
[2025-12-04T18:32:18.584+0500] {logging_mixin.py:188} INFO - [2025-12-04T18:32:18.584+0500] {dag.py:3947} INFO - Setting next_dagrun for tutorial_taskflow_api_virtualenv to None, run_after=None
[2025-12-04T18:32:18.652+0500] {processor.py:183} INFO - Processing /Library/Frameworks/Python.framework/Versions/3.11/lib/python3.11/site-packages/airflow/example_dags/tutorial_taskflow_api_virtualenv.py took 0.762 seconds
[2025-12-04T18:34:40.701+0500] {processor.py:161} INFO - Started process (PID=12392) to work on /Library/Frameworks/Python.framework/Versions/3.11/lib/python3.11/site-packages/airflow/example_dags/tutorial_taskflow_api_virtualenv.py
[2025-12-04T18:34:40.703+0500] {processor.py:830} INFO - Processing file /Library/Frameworks/Python.framework/Versions/3.11/lib/python3.11/site-packages/airflow/example_dags/tutorial_taskflow_api_virtualenv.py for tasks to queue
[2025-12-04T18:34:40.704+0500] {logging_mixin.py:188} INFO - [2025-12-04T18:34:40.704+0500] {dagbag.py:545} INFO - Filling up the DagBag from /Library/Frameworks/Python.framework/Versions/3.11/lib/python3.11/site-packages/airflow/example_dags/tutorial_taskflow_api_virtualenv.py
[2025-12-04T18:34:40.756+0500] {processor.py:840} INFO - DAG(s) 'tutorial_taskflow_api_virtualenv' retrieved from /Library/Frameworks/Python.framework/Versions/3.11/lib/python3.11/site-packages/airflow/example_dags/tutorial_taskflow_api_virtualenv.py
[2025-12-04T18:34:41.070+0500] {logging_mixin.py:188} INFO - [2025-12-04T18:34:41.069+0500] {dag.py:3089} INFO - Sync 1 DAGs
[2025-12-04T18:34:41.081+0500] {logging_mixin.py:188} INFO - [2025-12-04T18:34:41.081+0500] {dag.py:3947} INFO - Setting next_dagrun for tutorial_taskflow_api_virtualenv to None, run_after=None
[2025-12-04T18:34:41.108+0500] {processor.py:183} INFO - Processing /Library/Frameworks/Python.framework/Versions/3.11/lib/python3.11/site-packages/airflow/example_dags/tutorial_taskflow_api_virtualenv.py took 0.411 seconds
[2025-12-04T18:36:40.854+0500] {processor.py:161} INFO - Started process (PID=12459) to work on /Library/Frameworks/Python.framework/Versions/3.11/lib/python3.11/site-packages/airflow/example_dags/tutorial_taskflow_api_virtualenv.py
[2025-12-04T18:36:40.856+0500] {processor.py:830} INFO - Processing file /Library/Frameworks/Python.framework/Versions/3.11/lib/python3.11/site-packages/airflow/example_dags/tutorial_taskflow_api_virtualenv.py for tasks to queue
[2025-12-04T18:36:40.857+0500] {logging_mixin.py:188} INFO - [2025-12-04T18:36:40.857+0500] {dagbag.py:545} INFO - Filling up the DagBag from /Library/Frameworks/Python.framework/Versions/3.11/lib/python3.11/site-packages/airflow/example_dags/tutorial_taskflow_api_virtualenv.py
[2025-12-04T18:36:40.899+0500] {processor.py:840} INFO - DAG(s) 'tutorial_taskflow_api_virtualenv' retrieved from /Library/Frameworks/Python.framework/Versions/3.11/lib/python3.11/site-packages/airflow/example_dags/tutorial_taskflow_api_virtualenv.py
[2025-12-04T18:36:41.401+0500] {logging_mixin.py:188} INFO - [2025-12-04T18:36:41.400+0500] {dag.py:3089} INFO - Sync 1 DAGs
[2025-12-04T18:36:41.409+0500] {logging_mixin.py:188} INFO - [2025-12-04T18:36:41.409+0500] {dag.py:3947} INFO - Setting next_dagrun for tutorial_taskflow_api_virtualenv to None, run_after=None
[2025-12-04T18:36:41.437+0500] {processor.py:183} INFO - Processing /Library/Frameworks/Python.framework/Versions/3.11/lib/python3.11/site-packages/airflow/example_dags/tutorial_taskflow_api_virtualenv.py took 0.586 seconds
[2025-12-04T18:38:32.604+0500] {processor.py:161} INFO - Started process (PID=12525) to work on /Library/Frameworks/Python.framework/Versions/3.11/lib/python3.11/site-packages/airflow/example_dags/tutorial_taskflow_api_virtualenv.py
[2025-12-04T18:38:32.606+0500] {processor.py:830} INFO - Processing file /Library/Frameworks/Python.framework/Versions/3.11/lib/python3.11/site-packages/airflow/example_dags/tutorial_taskflow_api_virtualenv.py for tasks to queue
[2025-12-04T18:38:32.607+0500] {logging_mixin.py:188} INFO - [2025-12-04T18:38:32.606+0500] {dagbag.py:545} INFO - Filling up the DagBag from /Library/Frameworks/Python.framework/Versions/3.11/lib/python3.11/site-packages/airflow/example_dags/tutorial_taskflow_api_virtualenv.py
[2025-12-04T18:38:32.644+0500] {processor.py:840} INFO - DAG(s) 'tutorial_taskflow_api_virtualenv' retrieved from /Library/Frameworks/Python.framework/Versions/3.11/lib/python3.11/site-packages/airflow/example_dags/tutorial_taskflow_api_virtualenv.py
[2025-12-04T18:38:32.895+0500] {logging_mixin.py:188} INFO - [2025-12-04T18:38:32.894+0500] {dag.py:3089} INFO - Sync 1 DAGs
[2025-12-04T18:38:32.903+0500] {logging_mixin.py:188} INFO - [2025-12-04T18:38:32.903+0500] {dag.py:3947} INFO - Setting next_dagrun for tutorial_taskflow_api_virtualenv to None, run_after=None
[2025-12-04T18:38:32.925+0500] {processor.py:183} INFO - Processing /Library/Frameworks/Python.framework/Versions/3.11/lib/python3.11/site-packages/airflow/example_dags/tutorial_taskflow_api_virtualenv.py took 0.324 seconds
[2025-12-04T18:40:30.631+0500] {processor.py:161} INFO - Started process (PID=12601) to work on /Library/Frameworks/Python.framework/Versions/3.11/lib/python3.11/site-packages/airflow/example_dags/tutorial_taskflow_api_virtualenv.py
[2025-12-04T18:40:30.632+0500] {processor.py:830} INFO - Processing file /Library/Frameworks/Python.framework/Versions/3.11/lib/python3.11/site-packages/airflow/example_dags/tutorial_taskflow_api_virtualenv.py for tasks to queue
[2025-12-04T18:40:30.633+0500] {logging_mixin.py:188} INFO - [2025-12-04T18:40:30.633+0500] {dagbag.py:545} INFO - Filling up the DagBag from /Library/Frameworks/Python.framework/Versions/3.11/lib/python3.11/site-packages/airflow/example_dags/tutorial_taskflow_api_virtualenv.py
[2025-12-04T18:40:30.718+0500] {processor.py:840} INFO - DAG(s) 'tutorial_taskflow_api_virtualenv' retrieved from /Library/Frameworks/Python.framework/Versions/3.11/lib/python3.11/site-packages/airflow/example_dags/tutorial_taskflow_api_virtualenv.py
[2025-12-04T18:40:31.311+0500] {logging_mixin.py:188} INFO - [2025-12-04T18:40:31.310+0500] {dag.py:3089} INFO - Sync 1 DAGs
[2025-12-04T18:40:31.327+0500] {logging_mixin.py:188} INFO - [2025-12-04T18:40:31.326+0500] {dag.py:3947} INFO - Setting next_dagrun for tutorial_taskflow_api_virtualenv to None, run_after=None
[2025-12-04T18:40:31.362+0500] {processor.py:183} INFO - Processing /Library/Frameworks/Python.framework/Versions/3.11/lib/python3.11/site-packages/airflow/example_dags/tutorial_taskflow_api_virtualenv.py took 0.735 seconds
[2025-12-04T18:42:39.976+0500] {processor.py:161} INFO - Started process (PID=12698) to work on /Library/Frameworks/Python.framework/Versions/3.11/lib/python3.11/site-packages/airflow/example_dags/tutorial_taskflow_api_virtualenv.py
[2025-12-04T18:42:39.978+0500] {processor.py:830} INFO - Processing file /Library/Frameworks/Python.framework/Versions/3.11/lib/python3.11/site-packages/airflow/example_dags/tutorial_taskflow_api_virtualenv.py for tasks to queue
[2025-12-04T18:42:39.979+0500] {logging_mixin.py:188} INFO - [2025-12-04T18:42:39.978+0500] {dagbag.py:545} INFO - Filling up the DagBag from /Library/Frameworks/Python.framework/Versions/3.11/lib/python3.11/site-packages/airflow/example_dags/tutorial_taskflow_api_virtualenv.py
[2025-12-04T18:42:40.021+0500] {processor.py:840} INFO - DAG(s) 'tutorial_taskflow_api_virtualenv' retrieved from /Library/Frameworks/Python.framework/Versions/3.11/lib/python3.11/site-packages/airflow/example_dags/tutorial_taskflow_api_virtualenv.py
[2025-12-04T18:42:40.311+0500] {logging_mixin.py:188} INFO - [2025-12-04T18:42:40.311+0500] {dag.py:3089} INFO - Sync 1 DAGs
[2025-12-04T18:42:40.321+0500] {logging_mixin.py:188} INFO - [2025-12-04T18:42:40.321+0500] {dag.py:3947} INFO - Setting next_dagrun for tutorial_taskflow_api_virtualenv to None, run_after=None
[2025-12-04T18:42:40.346+0500] {processor.py:183} INFO - Processing /Library/Frameworks/Python.framework/Versions/3.11/lib/python3.11/site-packages/airflow/example_dags/tutorial_taskflow_api_virtualenv.py took 0.373 seconds
[2025-12-04T18:44:53.271+0500] {processor.py:161} INFO - Started process (PID=12789) to work on /Library/Frameworks/Python.framework/Versions/3.11/lib/python3.11/site-packages/airflow/example_dags/tutorial_taskflow_api_virtualenv.py
[2025-12-04T18:44:53.273+0500] {processor.py:830} INFO - Processing file /Library/Frameworks/Python.framework/Versions/3.11/lib/python3.11/site-packages/airflow/example_dags/tutorial_taskflow_api_virtualenv.py for tasks to queue
[2025-12-04T18:44:53.274+0500] {logging_mixin.py:188} INFO - [2025-12-04T18:44:53.274+0500] {dagbag.py:545} INFO - Filling up the DagBag from /Library/Frameworks/Python.framework/Versions/3.11/lib/python3.11/site-packages/airflow/example_dags/tutorial_taskflow_api_virtualenv.py
[2025-12-04T18:44:53.314+0500] {processor.py:840} INFO - DAG(s) 'tutorial_taskflow_api_virtualenv' retrieved from /Library/Frameworks/Python.framework/Versions/3.11/lib/python3.11/site-packages/airflow/example_dags/tutorial_taskflow_api_virtualenv.py
[2025-12-04T18:44:53.565+0500] {logging_mixin.py:188} INFO - [2025-12-04T18:44:53.564+0500] {dag.py:3089} INFO - Sync 1 DAGs
[2025-12-04T18:44:53.574+0500] {logging_mixin.py:188} INFO - [2025-12-04T18:44:53.574+0500] {dag.py:3947} INFO - Setting next_dagrun for tutorial_taskflow_api_virtualenv to None, run_after=None
[2025-12-04T18:44:53.596+0500] {processor.py:183} INFO - Processing /Library/Frameworks/Python.framework/Versions/3.11/lib/python3.11/site-packages/airflow/example_dags/tutorial_taskflow_api_virtualenv.py took 0.328 seconds
[2025-12-04T18:46:51.899+0500] {processor.py:161} INFO - Started process (PID=12872) to work on /Library/Frameworks/Python.framework/Versions/3.11/lib/python3.11/site-packages/airflow/example_dags/tutorial_taskflow_api_virtualenv.py
[2025-12-04T18:46:51.901+0500] {processor.py:830} INFO - Processing file /Library/Frameworks/Python.framework/Versions/3.11/lib/python3.11/site-packages/airflow/example_dags/tutorial_taskflow_api_virtualenv.py for tasks to queue
[2025-12-04T18:46:51.902+0500] {logging_mixin.py:188} INFO - [2025-12-04T18:46:51.902+0500] {dagbag.py:545} INFO - Filling up the DagBag from /Library/Frameworks/Python.framework/Versions/3.11/lib/python3.11/site-packages/airflow/example_dags/tutorial_taskflow_api_virtualenv.py
[2025-12-04T18:46:51.955+0500] {processor.py:840} INFO - DAG(s) 'tutorial_taskflow_api_virtualenv' retrieved from /Library/Frameworks/Python.framework/Versions/3.11/lib/python3.11/site-packages/airflow/example_dags/tutorial_taskflow_api_virtualenv.py
[2025-12-04T18:46:52.237+0500] {logging_mixin.py:188} INFO - [2025-12-04T18:46:52.236+0500] {dag.py:3089} INFO - Sync 1 DAGs
[2025-12-04T18:46:52.246+0500] {logging_mixin.py:188} INFO - [2025-12-04T18:46:52.246+0500] {dag.py:3947} INFO - Setting next_dagrun for tutorial_taskflow_api_virtualenv to None, run_after=None
[2025-12-04T18:46:52.276+0500] {processor.py:183} INFO - Processing /Library/Frameworks/Python.framework/Versions/3.11/lib/python3.11/site-packages/airflow/example_dags/tutorial_taskflow_api_virtualenv.py took 0.380 seconds
[2025-12-04T18:48:57.526+0500] {processor.py:161} INFO - Started process (PID=12940) to work on /Library/Frameworks/Python.framework/Versions/3.11/lib/python3.11/site-packages/airflow/example_dags/tutorial_taskflow_api_virtualenv.py
[2025-12-04T18:48:57.528+0500] {processor.py:830} INFO - Processing file /Library/Frameworks/Python.framework/Versions/3.11/lib/python3.11/site-packages/airflow/example_dags/tutorial_taskflow_api_virtualenv.py for tasks to queue
[2025-12-04T18:48:57.529+0500] {logging_mixin.py:188} INFO - [2025-12-04T18:48:57.528+0500] {dagbag.py:545} INFO - Filling up the DagBag from /Library/Frameworks/Python.framework/Versions/3.11/lib/python3.11/site-packages/airflow/example_dags/tutorial_taskflow_api_virtualenv.py
[2025-12-04T18:48:57.575+0500] {processor.py:840} INFO - DAG(s) 'tutorial_taskflow_api_virtualenv' retrieved from /Library/Frameworks/Python.framework/Versions/3.11/lib/python3.11/site-packages/airflow/example_dags/tutorial_taskflow_api_virtualenv.py
[2025-12-04T18:48:57.868+0500] {logging_mixin.py:188} INFO - [2025-12-04T18:48:57.867+0500] {dag.py:3089} INFO - Sync 1 DAGs
[2025-12-04T18:48:57.879+0500] {logging_mixin.py:188} INFO - [2025-12-04T18:48:57.879+0500] {dag.py:3947} INFO - Setting next_dagrun for tutorial_taskflow_api_virtualenv to None, run_after=None
[2025-12-04T18:48:57.906+0500] {processor.py:183} INFO - Processing /Library/Frameworks/Python.framework/Versions/3.11/lib/python3.11/site-packages/airflow/example_dags/tutorial_taskflow_api_virtualenv.py took 0.383 seconds
[2025-12-04T18:51:13.994+0500] {processor.py:161} INFO - Started process (PID=13010) to work on /Library/Frameworks/Python.framework/Versions/3.11/lib/python3.11/site-packages/airflow/example_dags/tutorial_taskflow_api_virtualenv.py
[2025-12-04T18:51:13.995+0500] {processor.py:830} INFO - Processing file /Library/Frameworks/Python.framework/Versions/3.11/lib/python3.11/site-packages/airflow/example_dags/tutorial_taskflow_api_virtualenv.py for tasks to queue
[2025-12-04T18:51:13.996+0500] {logging_mixin.py:188} INFO - [2025-12-04T18:51:13.996+0500] {dagbag.py:545} INFO - Filling up the DagBag from /Library/Frameworks/Python.framework/Versions/3.11/lib/python3.11/site-packages/airflow/example_dags/tutorial_taskflow_api_virtualenv.py
[2025-12-04T18:51:14.037+0500] {processor.py:840} INFO - DAG(s) 'tutorial_taskflow_api_virtualenv' retrieved from /Library/Frameworks/Python.framework/Versions/3.11/lib/python3.11/site-packages/airflow/example_dags/tutorial_taskflow_api_virtualenv.py
[2025-12-04T18:51:14.330+0500] {logging_mixin.py:188} INFO - [2025-12-04T18:51:14.329+0500] {dag.py:3089} INFO - Sync 1 DAGs
[2025-12-04T18:51:14.346+0500] {logging_mixin.py:188} INFO - [2025-12-04T18:51:14.345+0500] {dag.py:3947} INFO - Setting next_dagrun for tutorial_taskflow_api_virtualenv to None, run_after=None
[2025-12-04T18:51:14.390+0500] {processor.py:183} INFO - Processing /Library/Frameworks/Python.framework/Versions/3.11/lib/python3.11/site-packages/airflow/example_dags/tutorial_taskflow_api_virtualenv.py took 0.399 seconds
[2025-12-04T18:53:32.556+0500] {processor.py:161} INFO - Started process (PID=13114) to work on /Library/Frameworks/Python.framework/Versions/3.11/lib/python3.11/site-packages/airflow/example_dags/tutorial_taskflow_api_virtualenv.py
[2025-12-04T18:53:32.558+0500] {processor.py:830} INFO - Processing file /Library/Frameworks/Python.framework/Versions/3.11/lib/python3.11/site-packages/airflow/example_dags/tutorial_taskflow_api_virtualenv.py for tasks to queue
[2025-12-04T18:53:32.559+0500] {logging_mixin.py:188} INFO - [2025-12-04T18:53:32.559+0500] {dagbag.py:545} INFO - Filling up the DagBag from /Library/Frameworks/Python.framework/Versions/3.11/lib/python3.11/site-packages/airflow/example_dags/tutorial_taskflow_api_virtualenv.py
[2025-12-04T18:53:32.596+0500] {processor.py:840} INFO - DAG(s) 'tutorial_taskflow_api_virtualenv' retrieved from /Library/Frameworks/Python.framework/Versions/3.11/lib/python3.11/site-packages/airflow/example_dags/tutorial_taskflow_api_virtualenv.py
[2025-12-04T18:53:32.840+0500] {logging_mixin.py:188} INFO - [2025-12-04T18:53:32.840+0500] {dag.py:3089} INFO - Sync 1 DAGs
[2025-12-04T18:53:32.849+0500] {logging_mixin.py:188} INFO - [2025-12-04T18:53:32.848+0500] {dag.py:3947} INFO - Setting next_dagrun for tutorial_taskflow_api_virtualenv to None, run_after=None
[2025-12-04T18:53:32.870+0500] {processor.py:183} INFO - Processing /Library/Frameworks/Python.framework/Versions/3.11/lib/python3.11/site-packages/airflow/example_dags/tutorial_taskflow_api_virtualenv.py took 0.317 seconds
[2025-12-04T18:55:45.522+0500] {processor.py:161} INFO - Started process (PID=13203) to work on /Library/Frameworks/Python.framework/Versions/3.11/lib/python3.11/site-packages/airflow/example_dags/tutorial_taskflow_api_virtualenv.py
[2025-12-04T18:55:45.524+0500] {processor.py:830} INFO - Processing file /Library/Frameworks/Python.framework/Versions/3.11/lib/python3.11/site-packages/airflow/example_dags/tutorial_taskflow_api_virtualenv.py for tasks to queue
[2025-12-04T18:55:45.525+0500] {logging_mixin.py:188} INFO - [2025-12-04T18:55:45.525+0500] {dagbag.py:545} INFO - Filling up the DagBag from /Library/Frameworks/Python.framework/Versions/3.11/lib/python3.11/site-packages/airflow/example_dags/tutorial_taskflow_api_virtualenv.py
[2025-12-04T18:55:45.643+0500] {processor.py:840} INFO - DAG(s) 'tutorial_taskflow_api_virtualenv' retrieved from /Library/Frameworks/Python.framework/Versions/3.11/lib/python3.11/site-packages/airflow/example_dags/tutorial_taskflow_api_virtualenv.py
[2025-12-04T18:55:46.222+0500] {logging_mixin.py:188} INFO - [2025-12-04T18:55:46.222+0500] {dag.py:3089} INFO - Sync 1 DAGs
[2025-12-04T18:55:46.231+0500] {logging_mixin.py:188} INFO - [2025-12-04T18:55:46.231+0500] {dag.py:3947} INFO - Setting next_dagrun for tutorial_taskflow_api_virtualenv to None, run_after=None
[2025-12-04T18:55:46.255+0500] {processor.py:183} INFO - Processing /Library/Frameworks/Python.framework/Versions/3.11/lib/python3.11/site-packages/airflow/example_dags/tutorial_taskflow_api_virtualenv.py took 0.735 seconds
[2025-12-04T19:32:52.923+0500] {processor.py:161} INFO - Started process (PID=14544) to work on /Library/Frameworks/Python.framework/Versions/3.11/lib/python3.11/site-packages/airflow/example_dags/tutorial_taskflow_api_virtualenv.py
[2025-12-04T19:32:52.925+0500] {processor.py:830} INFO - Processing file /Library/Frameworks/Python.framework/Versions/3.11/lib/python3.11/site-packages/airflow/example_dags/tutorial_taskflow_api_virtualenv.py for tasks to queue
[2025-12-04T19:32:52.926+0500] {logging_mixin.py:188} INFO - [2025-12-04T19:32:52.926+0500] {dagbag.py:545} INFO - Filling up the DagBag from /Library/Frameworks/Python.framework/Versions/3.11/lib/python3.11/site-packages/airflow/example_dags/tutorial_taskflow_api_virtualenv.py
[2025-12-04T19:32:53.195+0500] {processor.py:840} INFO - DAG(s) 'tutorial_taskflow_api_virtualenv' retrieved from /Library/Frameworks/Python.framework/Versions/3.11/lib/python3.11/site-packages/airflow/example_dags/tutorial_taskflow_api_virtualenv.py
[2025-12-04T19:32:54.511+0500] {logging_mixin.py:188} INFO - [2025-12-04T19:32:54.510+0500] {dag.py:3089} INFO - Sync 1 DAGs
[2025-12-04T19:32:54.528+0500] {logging_mixin.py:188} INFO - [2025-12-04T19:32:54.527+0500] {dag.py:3947} INFO - Setting next_dagrun for tutorial_taskflow_api_virtualenv to None, run_after=None
[2025-12-04T19:32:54.565+0500] {processor.py:183} INFO - Processing /Library/Frameworks/Python.framework/Versions/3.11/lib/python3.11/site-packages/airflow/example_dags/tutorial_taskflow_api_virtualenv.py took 1.650 seconds
[2025-12-04T19:35:43.544+0500] {processor.py:161} INFO - Started process (PID=14661) to work on /Library/Frameworks/Python.framework/Versions/3.11/lib/python3.11/site-packages/airflow/example_dags/tutorial_taskflow_api_virtualenv.py
[2025-12-04T19:35:43.547+0500] {processor.py:830} INFO - Processing file /Library/Frameworks/Python.framework/Versions/3.11/lib/python3.11/site-packages/airflow/example_dags/tutorial_taskflow_api_virtualenv.py for tasks to queue
[2025-12-04T19:35:43.549+0500] {logging_mixin.py:188} INFO - [2025-12-04T19:35:43.548+0500] {dagbag.py:545} INFO - Filling up the DagBag from /Library/Frameworks/Python.framework/Versions/3.11/lib/python3.11/site-packages/airflow/example_dags/tutorial_taskflow_api_virtualenv.py
[2025-12-04T19:35:43.612+0500] {processor.py:840} INFO - DAG(s) 'tutorial_taskflow_api_virtualenv' retrieved from /Library/Frameworks/Python.framework/Versions/3.11/lib/python3.11/site-packages/airflow/example_dags/tutorial_taskflow_api_virtualenv.py
[2025-12-04T19:35:43.954+0500] {logging_mixin.py:188} INFO - [2025-12-04T19:35:43.954+0500] {dag.py:3089} INFO - Sync 1 DAGs
[2025-12-04T19:35:43.969+0500] {logging_mixin.py:188} INFO - [2025-12-04T19:35:43.969+0500] {dag.py:3947} INFO - Setting next_dagrun for tutorial_taskflow_api_virtualenv to None, run_after=None
[2025-12-04T19:35:44.006+0500] {processor.py:183} INFO - Processing /Library/Frameworks/Python.framework/Versions/3.11/lib/python3.11/site-packages/airflow/example_dags/tutorial_taskflow_api_virtualenv.py took 0.464 seconds
[2025-12-04T19:38:09.515+0500] {processor.py:161} INFO - Started process (PID=14763) to work on /Library/Frameworks/Python.framework/Versions/3.11/lib/python3.11/site-packages/airflow/example_dags/tutorial_taskflow_api_virtualenv.py
[2025-12-04T19:38:09.517+0500] {processor.py:830} INFO - Processing file /Library/Frameworks/Python.framework/Versions/3.11/lib/python3.11/site-packages/airflow/example_dags/tutorial_taskflow_api_virtualenv.py for tasks to queue
[2025-12-04T19:38:09.518+0500] {logging_mixin.py:188} INFO - [2025-12-04T19:38:09.518+0500] {dagbag.py:545} INFO - Filling up the DagBag from /Library/Frameworks/Python.framework/Versions/3.11/lib/python3.11/site-packages/airflow/example_dags/tutorial_taskflow_api_virtualenv.py
[2025-12-04T19:38:09.565+0500] {processor.py:840} INFO - DAG(s) 'tutorial_taskflow_api_virtualenv' retrieved from /Library/Frameworks/Python.framework/Versions/3.11/lib/python3.11/site-packages/airflow/example_dags/tutorial_taskflow_api_virtualenv.py
[2025-12-04T19:38:09.830+0500] {logging_mixin.py:188} INFO - [2025-12-04T19:38:09.829+0500] {dag.py:3089} INFO - Sync 1 DAGs
[2025-12-04T19:38:09.838+0500] {logging_mixin.py:188} INFO - [2025-12-04T19:38:09.838+0500] {dag.py:3947} INFO - Setting next_dagrun for tutorial_taskflow_api_virtualenv to None, run_after=None
[2025-12-04T19:38:09.862+0500] {processor.py:183} INFO - Processing /Library/Frameworks/Python.framework/Versions/3.11/lib/python3.11/site-packages/airflow/example_dags/tutorial_taskflow_api_virtualenv.py took 0.350 seconds
[2025-12-04T19:40:11.803+0500] {processor.py:161} INFO - Started process (PID=14844) to work on /Library/Frameworks/Python.framework/Versions/3.11/lib/python3.11/site-packages/airflow/example_dags/tutorial_taskflow_api_virtualenv.py
[2025-12-04T19:40:11.805+0500] {processor.py:830} INFO - Processing file /Library/Frameworks/Python.framework/Versions/3.11/lib/python3.11/site-packages/airflow/example_dags/tutorial_taskflow_api_virtualenv.py for tasks to queue
[2025-12-04T19:40:11.806+0500] {logging_mixin.py:188} INFO - [2025-12-04T19:40:11.806+0500] {dagbag.py:545} INFO - Filling up the DagBag from /Library/Frameworks/Python.framework/Versions/3.11/lib/python3.11/site-packages/airflow/example_dags/tutorial_taskflow_api_virtualenv.py
[2025-12-04T19:40:11.847+0500] {processor.py:840} INFO - DAG(s) 'tutorial_taskflow_api_virtualenv' retrieved from /Library/Frameworks/Python.framework/Versions/3.11/lib/python3.11/site-packages/airflow/example_dags/tutorial_taskflow_api_virtualenv.py
[2025-12-04T19:40:12.379+0500] {logging_mixin.py:188} INFO - [2025-12-04T19:40:12.378+0500] {dag.py:3089} INFO - Sync 1 DAGs
[2025-12-04T19:40:12.387+0500] {logging_mixin.py:188} INFO - [2025-12-04T19:40:12.387+0500] {dag.py:3947} INFO - Setting next_dagrun for tutorial_taskflow_api_virtualenv to None, run_after=None
[2025-12-04T19:40:12.409+0500] {processor.py:183} INFO - Processing /Library/Frameworks/Python.framework/Versions/3.11/lib/python3.11/site-packages/airflow/example_dags/tutorial_taskflow_api_virtualenv.py took 0.610 seconds
[2025-12-04T19:42:29.104+0500] {processor.py:161} INFO - Started process (PID=14923) to work on /Library/Frameworks/Python.framework/Versions/3.11/lib/python3.11/site-packages/airflow/example_dags/tutorial_taskflow_api_virtualenv.py
[2025-12-04T19:42:29.106+0500] {processor.py:830} INFO - Processing file /Library/Frameworks/Python.framework/Versions/3.11/lib/python3.11/site-packages/airflow/example_dags/tutorial_taskflow_api_virtualenv.py for tasks to queue
[2025-12-04T19:42:29.107+0500] {logging_mixin.py:188} INFO - [2025-12-04T19:42:29.107+0500] {dagbag.py:545} INFO - Filling up the DagBag from /Library/Frameworks/Python.framework/Versions/3.11/lib/python3.11/site-packages/airflow/example_dags/tutorial_taskflow_api_virtualenv.py
[2025-12-04T19:42:29.145+0500] {processor.py:840} INFO - DAG(s) 'tutorial_taskflow_api_virtualenv' retrieved from /Library/Frameworks/Python.framework/Versions/3.11/lib/python3.11/site-packages/airflow/example_dags/tutorial_taskflow_api_virtualenv.py
[2025-12-04T19:42:29.395+0500] {logging_mixin.py:188} INFO - [2025-12-04T19:42:29.395+0500] {dag.py:3089} INFO - Sync 1 DAGs
[2025-12-04T19:42:29.404+0500] {logging_mixin.py:188} INFO - [2025-12-04T19:42:29.404+0500] {dag.py:3947} INFO - Setting next_dagrun for tutorial_taskflow_api_virtualenv to None, run_after=None
[2025-12-04T19:42:29.425+0500] {processor.py:183} INFO - Processing /Library/Frameworks/Python.framework/Versions/3.11/lib/python3.11/site-packages/airflow/example_dags/tutorial_taskflow_api_virtualenv.py took 0.323 seconds
[2025-12-04T19:44:47.184+0500] {processor.py:161} INFO - Started process (PID=14997) to work on /Library/Frameworks/Python.framework/Versions/3.11/lib/python3.11/site-packages/airflow/example_dags/tutorial_taskflow_api_virtualenv.py
[2025-12-04T19:44:47.186+0500] {processor.py:830} INFO - Processing file /Library/Frameworks/Python.framework/Versions/3.11/lib/python3.11/site-packages/airflow/example_dags/tutorial_taskflow_api_virtualenv.py for tasks to queue
[2025-12-04T19:44:47.189+0500] {logging_mixin.py:188} INFO - [2025-12-04T19:44:47.187+0500] {dagbag.py:545} INFO - Filling up the DagBag from /Library/Frameworks/Python.framework/Versions/3.11/lib/python3.11/site-packages/airflow/example_dags/tutorial_taskflow_api_virtualenv.py
[2025-12-04T19:44:47.247+0500] {processor.py:840} INFO - DAG(s) 'tutorial_taskflow_api_virtualenv' retrieved from /Library/Frameworks/Python.framework/Versions/3.11/lib/python3.11/site-packages/airflow/example_dags/tutorial_taskflow_api_virtualenv.py
[2025-12-04T19:44:47.601+0500] {logging_mixin.py:188} INFO - [2025-12-04T19:44:47.601+0500] {dag.py:3089} INFO - Sync 1 DAGs
[2025-12-04T19:44:47.614+0500] {logging_mixin.py:188} INFO - [2025-12-04T19:44:47.614+0500] {dag.py:3947} INFO - Setting next_dagrun for tutorial_taskflow_api_virtualenv to None, run_after=None
[2025-12-04T19:44:47.647+0500] {processor.py:183} INFO - Processing /Library/Frameworks/Python.framework/Versions/3.11/lib/python3.11/site-packages/airflow/example_dags/tutorial_taskflow_api_virtualenv.py took 0.468 seconds
[2025-12-04T19:47:15.483+0500] {processor.py:161} INFO - Started process (PID=15097) to work on /Library/Frameworks/Python.framework/Versions/3.11/lib/python3.11/site-packages/airflow/example_dags/tutorial_taskflow_api_virtualenv.py
[2025-12-04T19:47:15.485+0500] {processor.py:830} INFO - Processing file /Library/Frameworks/Python.framework/Versions/3.11/lib/python3.11/site-packages/airflow/example_dags/tutorial_taskflow_api_virtualenv.py for tasks to queue
[2025-12-04T19:47:15.486+0500] {logging_mixin.py:188} INFO - [2025-12-04T19:47:15.486+0500] {dagbag.py:545} INFO - Filling up the DagBag from /Library/Frameworks/Python.framework/Versions/3.11/lib/python3.11/site-packages/airflow/example_dags/tutorial_taskflow_api_virtualenv.py
[2025-12-04T19:47:15.539+0500] {processor.py:840} INFO - DAG(s) 'tutorial_taskflow_api_virtualenv' retrieved from /Library/Frameworks/Python.framework/Versions/3.11/lib/python3.11/site-packages/airflow/example_dags/tutorial_taskflow_api_virtualenv.py
[2025-12-04T19:47:15.872+0500] {logging_mixin.py:188} INFO - [2025-12-04T19:47:15.871+0500] {dag.py:3089} INFO - Sync 1 DAGs
[2025-12-04T19:47:15.888+0500] {logging_mixin.py:188} INFO - [2025-12-04T19:47:15.888+0500] {dag.py:3947} INFO - Setting next_dagrun for tutorial_taskflow_api_virtualenv to None, run_after=None
[2025-12-04T19:47:15.922+0500] {processor.py:183} INFO - Processing /Library/Frameworks/Python.framework/Versions/3.11/lib/python3.11/site-packages/airflow/example_dags/tutorial_taskflow_api_virtualenv.py took 0.444 seconds
[2025-12-04T19:49:27.331+0500] {processor.py:161} INFO - Started process (PID=15168) to work on /Library/Frameworks/Python.framework/Versions/3.11/lib/python3.11/site-packages/airflow/example_dags/tutorial_taskflow_api_virtualenv.py
[2025-12-04T19:49:27.333+0500] {processor.py:830} INFO - Processing file /Library/Frameworks/Python.framework/Versions/3.11/lib/python3.11/site-packages/airflow/example_dags/tutorial_taskflow_api_virtualenv.py for tasks to queue
[2025-12-04T19:49:27.334+0500] {logging_mixin.py:188} INFO - [2025-12-04T19:49:27.334+0500] {dagbag.py:545} INFO - Filling up the DagBag from /Library/Frameworks/Python.framework/Versions/3.11/lib/python3.11/site-packages/airflow/example_dags/tutorial_taskflow_api_virtualenv.py
[2025-12-04T19:49:27.374+0500] {processor.py:840} INFO - DAG(s) 'tutorial_taskflow_api_virtualenv' retrieved from /Library/Frameworks/Python.framework/Versions/3.11/lib/python3.11/site-packages/airflow/example_dags/tutorial_taskflow_api_virtualenv.py
[2025-12-04T19:49:27.626+0500] {logging_mixin.py:188} INFO - [2025-12-04T19:49:27.625+0500] {dag.py:3089} INFO - Sync 1 DAGs
[2025-12-04T19:49:27.634+0500] {logging_mixin.py:188} INFO - [2025-12-04T19:49:27.634+0500] {dag.py:3947} INFO - Setting next_dagrun for tutorial_taskflow_api_virtualenv to None, run_after=None
[2025-12-04T19:49:27.655+0500] {processor.py:183} INFO - Processing /Library/Frameworks/Python.framework/Versions/3.11/lib/python3.11/site-packages/airflow/example_dags/tutorial_taskflow_api_virtualenv.py took 0.327 seconds
[2025-12-04T19:51:24.134+0500] {processor.py:161} INFO - Started process (PID=15233) to work on /Library/Frameworks/Python.framework/Versions/3.11/lib/python3.11/site-packages/airflow/example_dags/tutorial_taskflow_api_virtualenv.py
[2025-12-04T19:51:24.136+0500] {processor.py:830} INFO - Processing file /Library/Frameworks/Python.framework/Versions/3.11/lib/python3.11/site-packages/airflow/example_dags/tutorial_taskflow_api_virtualenv.py for tasks to queue
[2025-12-04T19:51:24.137+0500] {logging_mixin.py:188} INFO - [2025-12-04T19:51:24.137+0500] {dagbag.py:545} INFO - Filling up the DagBag from /Library/Frameworks/Python.framework/Versions/3.11/lib/python3.11/site-packages/airflow/example_dags/tutorial_taskflow_api_virtualenv.py
[2025-12-04T19:51:24.177+0500] {processor.py:840} INFO - DAG(s) 'tutorial_taskflow_api_virtualenv' retrieved from /Library/Frameworks/Python.framework/Versions/3.11/lib/python3.11/site-packages/airflow/example_dags/tutorial_taskflow_api_virtualenv.py
[2025-12-04T19:51:24.428+0500] {logging_mixin.py:188} INFO - [2025-12-04T19:51:24.427+0500] {dag.py:3089} INFO - Sync 1 DAGs
[2025-12-04T19:51:24.437+0500] {logging_mixin.py:188} INFO - [2025-12-04T19:51:24.436+0500] {dag.py:3947} INFO - Setting next_dagrun for tutorial_taskflow_api_virtualenv to None, run_after=None
[2025-12-04T19:51:24.458+0500] {processor.py:183} INFO - Processing /Library/Frameworks/Python.framework/Versions/3.11/lib/python3.11/site-packages/airflow/example_dags/tutorial_taskflow_api_virtualenv.py took 0.327 seconds
[2025-12-04T19:53:23.811+0500] {processor.py:161} INFO - Started process (PID=15349) to work on /Library/Frameworks/Python.framework/Versions/3.11/lib/python3.11/site-packages/airflow/example_dags/tutorial_taskflow_api_virtualenv.py
[2025-12-04T19:53:23.813+0500] {processor.py:830} INFO - Processing file /Library/Frameworks/Python.framework/Versions/3.11/lib/python3.11/site-packages/airflow/example_dags/tutorial_taskflow_api_virtualenv.py for tasks to queue
[2025-12-04T19:53:23.814+0500] {logging_mixin.py:188} INFO - [2025-12-04T19:53:23.814+0500] {dagbag.py:545} INFO - Filling up the DagBag from /Library/Frameworks/Python.framework/Versions/3.11/lib/python3.11/site-packages/airflow/example_dags/tutorial_taskflow_api_virtualenv.py
[2025-12-04T19:53:23.853+0500] {processor.py:840} INFO - DAG(s) 'tutorial_taskflow_api_virtualenv' retrieved from /Library/Frameworks/Python.framework/Versions/3.11/lib/python3.11/site-packages/airflow/example_dags/tutorial_taskflow_api_virtualenv.py
[2025-12-04T19:53:24.112+0500] {logging_mixin.py:188} INFO - [2025-12-04T19:53:24.112+0500] {dag.py:3089} INFO - Sync 1 DAGs
[2025-12-04T19:53:24.121+0500] {logging_mixin.py:188} INFO - [2025-12-04T19:53:24.121+0500] {dag.py:3947} INFO - Setting next_dagrun for tutorial_taskflow_api_virtualenv to None, run_after=None
[2025-12-04T19:53:24.143+0500] {processor.py:183} INFO - Processing /Library/Frameworks/Python.framework/Versions/3.11/lib/python3.11/site-packages/airflow/example_dags/tutorial_taskflow_api_virtualenv.py took 0.334 seconds
[2025-12-04T19:55:17.456+0500] {processor.py:161} INFO - Started process (PID=15412) to work on /Library/Frameworks/Python.framework/Versions/3.11/lib/python3.11/site-packages/airflow/example_dags/tutorial_taskflow_api_virtualenv.py
[2025-12-04T19:55:17.458+0500] {processor.py:830} INFO - Processing file /Library/Frameworks/Python.framework/Versions/3.11/lib/python3.11/site-packages/airflow/example_dags/tutorial_taskflow_api_virtualenv.py for tasks to queue
[2025-12-04T19:55:17.459+0500] {logging_mixin.py:188} INFO - [2025-12-04T19:55:17.459+0500] {dagbag.py:545} INFO - Filling up the DagBag from /Library/Frameworks/Python.framework/Versions/3.11/lib/python3.11/site-packages/airflow/example_dags/tutorial_taskflow_api_virtualenv.py
[2025-12-04T19:55:17.499+0500] {processor.py:840} INFO - DAG(s) 'tutorial_taskflow_api_virtualenv' retrieved from /Library/Frameworks/Python.framework/Versions/3.11/lib/python3.11/site-packages/airflow/example_dags/tutorial_taskflow_api_virtualenv.py
[2025-12-04T19:55:17.754+0500] {logging_mixin.py:188} INFO - [2025-12-04T19:55:17.754+0500] {dag.py:3089} INFO - Sync 1 DAGs
[2025-12-04T19:55:17.764+0500] {logging_mixin.py:188} INFO - [2025-12-04T19:55:17.764+0500] {dag.py:3947} INFO - Setting next_dagrun for tutorial_taskflow_api_virtualenv to None, run_after=None
[2025-12-04T19:55:17.786+0500] {processor.py:183} INFO - Processing /Library/Frameworks/Python.framework/Versions/3.11/lib/python3.11/site-packages/airflow/example_dags/tutorial_taskflow_api_virtualenv.py took 0.334 seconds
[2025-12-04T19:57:11.587+0500] {processor.py:161} INFO - Started process (PID=15475) to work on /Library/Frameworks/Python.framework/Versions/3.11/lib/python3.11/site-packages/airflow/example_dags/tutorial_taskflow_api_virtualenv.py
[2025-12-04T19:57:11.589+0500] {processor.py:830} INFO - Processing file /Library/Frameworks/Python.framework/Versions/3.11/lib/python3.11/site-packages/airflow/example_dags/tutorial_taskflow_api_virtualenv.py for tasks to queue
[2025-12-04T19:57:11.590+0500] {logging_mixin.py:188} INFO - [2025-12-04T19:57:11.590+0500] {dagbag.py:545} INFO - Filling up the DagBag from /Library/Frameworks/Python.framework/Versions/3.11/lib/python3.11/site-packages/airflow/example_dags/tutorial_taskflow_api_virtualenv.py
[2025-12-04T19:57:11.630+0500] {processor.py:840} INFO - DAG(s) 'tutorial_taskflow_api_virtualenv' retrieved from /Library/Frameworks/Python.framework/Versions/3.11/lib/python3.11/site-packages/airflow/example_dags/tutorial_taskflow_api_virtualenv.py
[2025-12-04T19:57:11.887+0500] {logging_mixin.py:188} INFO - [2025-12-04T19:57:11.887+0500] {dag.py:3089} INFO - Sync 1 DAGs
[2025-12-04T19:57:11.896+0500] {logging_mixin.py:188} INFO - [2025-12-04T19:57:11.896+0500] {dag.py:3947} INFO - Setting next_dagrun for tutorial_taskflow_api_virtualenv to None, run_after=None
[2025-12-04T19:57:11.917+0500] {processor.py:183} INFO - Processing /Library/Frameworks/Python.framework/Versions/3.11/lib/python3.11/site-packages/airflow/example_dags/tutorial_taskflow_api_virtualenv.py took 0.333 seconds
[2025-12-04T20:40:52.024+0500] {processor.py:161} INFO - Started process (PID=15570) to work on /Library/Frameworks/Python.framework/Versions/3.11/lib/python3.11/site-packages/airflow/example_dags/tutorial_taskflow_api_virtualenv.py
[2025-12-04T20:40:52.028+0500] {processor.py:830} INFO - Processing file /Library/Frameworks/Python.framework/Versions/3.11/lib/python3.11/site-packages/airflow/example_dags/tutorial_taskflow_api_virtualenv.py for tasks to queue
[2025-12-04T20:40:52.029+0500] {logging_mixin.py:188} INFO - [2025-12-04T20:40:52.029+0500] {dagbag.py:545} INFO - Filling up the DagBag from /Library/Frameworks/Python.framework/Versions/3.11/lib/python3.11/site-packages/airflow/example_dags/tutorial_taskflow_api_virtualenv.py
[2025-12-04T20:40:52.110+0500] {processor.py:840} INFO - DAG(s) 'tutorial_taskflow_api_virtualenv' retrieved from /Library/Frameworks/Python.framework/Versions/3.11/lib/python3.11/site-packages/airflow/example_dags/tutorial_taskflow_api_virtualenv.py
[2025-12-04T20:40:52.578+0500] {logging_mixin.py:188} INFO - [2025-12-04T20:40:52.578+0500] {dag.py:3089} INFO - Sync 1 DAGs
[2025-12-04T20:40:52.612+0500] {logging_mixin.py:188} INFO - [2025-12-04T20:40:52.611+0500] {dag.py:3947} INFO - Setting next_dagrun for tutorial_taskflow_api_virtualenv to None, run_after=None
[2025-12-04T20:40:52.657+0500] {processor.py:183} INFO - Processing /Library/Frameworks/Python.framework/Versions/3.11/lib/python3.11/site-packages/airflow/example_dags/tutorial_taskflow_api_virtualenv.py took 0.636 seconds
[2025-12-04T20:44:02.601+0500] {processor.py:161} INFO - Started process (PID=15746) to work on /Library/Frameworks/Python.framework/Versions/3.11/lib/python3.11/site-packages/airflow/example_dags/tutorial_taskflow_api_virtualenv.py
[2025-12-04T20:44:02.604+0500] {processor.py:830} INFO - Processing file /Library/Frameworks/Python.framework/Versions/3.11/lib/python3.11/site-packages/airflow/example_dags/tutorial_taskflow_api_virtualenv.py for tasks to queue
[2025-12-04T20:44:02.605+0500] {logging_mixin.py:188} INFO - [2025-12-04T20:44:02.604+0500] {dagbag.py:545} INFO - Filling up the DagBag from /Library/Frameworks/Python.framework/Versions/3.11/lib/python3.11/site-packages/airflow/example_dags/tutorial_taskflow_api_virtualenv.py
[2025-12-04T20:44:02.725+0500] {processor.py:840} INFO - DAG(s) 'tutorial_taskflow_api_virtualenv' retrieved from /Library/Frameworks/Python.framework/Versions/3.11/lib/python3.11/site-packages/airflow/example_dags/tutorial_taskflow_api_virtualenv.py
[2025-12-04T20:44:03.353+0500] {logging_mixin.py:188} INFO - [2025-12-04T20:44:03.353+0500] {dag.py:3089} INFO - Sync 1 DAGs
[2025-12-04T20:44:03.368+0500] {logging_mixin.py:188} INFO - [2025-12-04T20:44:03.368+0500] {dag.py:3947} INFO - Setting next_dagrun for tutorial_taskflow_api_virtualenv to None, run_after=None
[2025-12-04T20:44:03.400+0500] {processor.py:183} INFO - Processing /Library/Frameworks/Python.framework/Versions/3.11/lib/python3.11/site-packages/airflow/example_dags/tutorial_taskflow_api_virtualenv.py took 0.802 seconds
[2025-12-04T20:46:38.158+0500] {processor.py:161} INFO - Started process (PID=15831) to work on /Library/Frameworks/Python.framework/Versions/3.11/lib/python3.11/site-packages/airflow/example_dags/tutorial_taskflow_api_virtualenv.py
[2025-12-04T20:46:38.160+0500] {processor.py:830} INFO - Processing file /Library/Frameworks/Python.framework/Versions/3.11/lib/python3.11/site-packages/airflow/example_dags/tutorial_taskflow_api_virtualenv.py for tasks to queue
[2025-12-04T20:46:38.161+0500] {logging_mixin.py:188} INFO - [2025-12-04T20:46:38.161+0500] {dagbag.py:545} INFO - Filling up the DagBag from /Library/Frameworks/Python.framework/Versions/3.11/lib/python3.11/site-packages/airflow/example_dags/tutorial_taskflow_api_virtualenv.py
[2025-12-04T20:46:38.209+0500] {processor.py:840} INFO - DAG(s) 'tutorial_taskflow_api_virtualenv' retrieved from /Library/Frameworks/Python.framework/Versions/3.11/lib/python3.11/site-packages/airflow/example_dags/tutorial_taskflow_api_virtualenv.py
[2025-12-04T20:46:38.540+0500] {logging_mixin.py:188} INFO - [2025-12-04T20:46:38.539+0500] {dag.py:3089} INFO - Sync 1 DAGs
[2025-12-04T20:46:38.554+0500] {logging_mixin.py:188} INFO - [2025-12-04T20:46:38.554+0500] {dag.py:3947} INFO - Setting next_dagrun for tutorial_taskflow_api_virtualenv to None, run_after=None
[2025-12-04T20:46:38.581+0500] {processor.py:183} INFO - Processing /Library/Frameworks/Python.framework/Versions/3.11/lib/python3.11/site-packages/airflow/example_dags/tutorial_taskflow_api_virtualenv.py took 0.427 seconds
[2025-12-04T20:48:47.573+0500] {processor.py:161} INFO - Started process (PID=15900) to work on /Library/Frameworks/Python.framework/Versions/3.11/lib/python3.11/site-packages/airflow/example_dags/tutorial_taskflow_api_virtualenv.py
[2025-12-04T20:48:47.575+0500] {processor.py:830} INFO - Processing file /Library/Frameworks/Python.framework/Versions/3.11/lib/python3.11/site-packages/airflow/example_dags/tutorial_taskflow_api_virtualenv.py for tasks to queue
[2025-12-04T20:48:47.576+0500] {logging_mixin.py:188} INFO - [2025-12-04T20:48:47.576+0500] {dagbag.py:545} INFO - Filling up the DagBag from /Library/Frameworks/Python.framework/Versions/3.11/lib/python3.11/site-packages/airflow/example_dags/tutorial_taskflow_api_virtualenv.py
[2025-12-04T20:48:47.615+0500] {processor.py:840} INFO - DAG(s) 'tutorial_taskflow_api_virtualenv' retrieved from /Library/Frameworks/Python.framework/Versions/3.11/lib/python3.11/site-packages/airflow/example_dags/tutorial_taskflow_api_virtualenv.py
[2025-12-04T20:48:47.875+0500] {logging_mixin.py:188} INFO - [2025-12-04T20:48:47.875+0500] {dag.py:3089} INFO - Sync 1 DAGs
[2025-12-04T20:48:47.884+0500] {logging_mixin.py:188} INFO - [2025-12-04T20:48:47.884+0500] {dag.py:3947} INFO - Setting next_dagrun for tutorial_taskflow_api_virtualenv to None, run_after=None
[2025-12-04T20:48:47.905+0500] {processor.py:183} INFO - Processing /Library/Frameworks/Python.framework/Versions/3.11/lib/python3.11/site-packages/airflow/example_dags/tutorial_taskflow_api_virtualenv.py took 0.335 seconds
