[2025-12-04T18:18:23.828+0500] {processor.py:161} INFO - Started process (PID=11684) to work on /Library/Frameworks/Python.framework/Versions/3.11/lib/python3.11/site-packages/airflow/example_dags/tutorial.py
[2025-12-04T18:18:23.829+0500] {processor.py:830} INFO - Processing file /Library/Frameworks/Python.framework/Versions/3.11/lib/python3.11/site-packages/airflow/example_dags/tutorial.py for tasks to queue
[2025-12-04T18:18:23.829+0500] {logging_mixin.py:188} INFO - [2025-12-04T18:18:23.829+0500] {dagbag.py:545} INFO - Filling up the DagBag from /Library/Frameworks/Python.framework/Versions/3.11/lib/python3.11/site-packages/airflow/example_dags/tutorial.py
[2025-12-04T18:18:23.840+0500] {processor.py:840} INFO - DAG(s) 'tutorial' retrieved from /Library/Frameworks/Python.framework/Versions/3.11/lib/python3.11/site-packages/airflow/example_dags/tutorial.py
[2025-12-04T18:18:24.049+0500] {logging_mixin.py:188} INFO - [2025-12-04T18:18:24.049+0500] {override.py:1858} INFO - Created Permission View: can edit on DAG:tutorial
[2025-12-04T18:18:24.063+0500] {logging_mixin.py:188} INFO - [2025-12-04T18:18:24.063+0500] {override.py:1858} INFO - Created Permission View: can read on DAG:tutorial
[2025-12-04T18:18:24.075+0500] {logging_mixin.py:188} INFO - [2025-12-04T18:18:24.075+0500] {override.py:1858} INFO - Created Permission View: can delete on DAG:tutorial
[2025-12-04T18:18:24.076+0500] {logging_mixin.py:188} INFO - [2025-12-04T18:18:24.076+0500] {dag.py:3089} INFO - Sync 1 DAGs
[2025-12-04T18:18:24.143+0500] {logging_mixin.py:188} INFO - [2025-12-04T18:18:24.142+0500] {dag.py:3111} INFO - Creating ORM DAG for tutorial
[2025-12-04T18:18:24.158+0500] {logging_mixin.py:188} INFO - [2025-12-04T18:18:24.158+0500] {dag.py:3947} INFO - Setting next_dagrun for tutorial to 2025-12-03 00:00:00+00:00, run_after=2025-12-04 00:00:00+00:00
[2025-12-04T18:18:24.188+0500] {processor.py:183} INFO - Processing /Library/Frameworks/Python.framework/Versions/3.11/lib/python3.11/site-packages/airflow/example_dags/tutorial.py took 0.363 seconds
[2025-12-04T18:21:17.097+0500] {processor.py:161} INFO - Started process (PID=11774) to work on /Library/Frameworks/Python.framework/Versions/3.11/lib/python3.11/site-packages/airflow/example_dags/tutorial.py
[2025-12-04T18:21:17.099+0500] {processor.py:830} INFO - Processing file /Library/Frameworks/Python.framework/Versions/3.11/lib/python3.11/site-packages/airflow/example_dags/tutorial.py for tasks to queue
[2025-12-04T18:21:17.100+0500] {logging_mixin.py:188} INFO - [2025-12-04T18:21:17.100+0500] {dagbag.py:545} INFO - Filling up the DagBag from /Library/Frameworks/Python.framework/Versions/3.11/lib/python3.11/site-packages/airflow/example_dags/tutorial.py
[2025-12-04T18:21:17.111+0500] {processor.py:840} INFO - DAG(s) 'tutorial' retrieved from /Library/Frameworks/Python.framework/Versions/3.11/lib/python3.11/site-packages/airflow/example_dags/tutorial.py
[2025-12-04T18:21:17.223+0500] {logging_mixin.py:188} INFO - [2025-12-04T18:21:17.222+0500] {dag.py:3089} INFO - Sync 1 DAGs
[2025-12-04T18:21:17.246+0500] {logging_mixin.py:188} INFO - [2025-12-04T18:21:17.246+0500] {dag.py:3947} INFO - Setting next_dagrun for tutorial to 2025-12-03 00:00:00+00:00, run_after=2025-12-04 00:00:00+00:00
[2025-12-04T18:21:17.272+0500] {processor.py:183} INFO - Processing /Library/Frameworks/Python.framework/Versions/3.11/lib/python3.11/site-packages/airflow/example_dags/tutorial.py took 0.177 seconds
[2025-12-04T18:23:22.994+0500] {processor.py:161} INFO - Started process (PID=11863) to work on /Library/Frameworks/Python.framework/Versions/3.11/lib/python3.11/site-packages/airflow/example_dags/tutorial.py
[2025-12-04T18:23:22.996+0500] {processor.py:830} INFO - Processing file /Library/Frameworks/Python.framework/Versions/3.11/lib/python3.11/site-packages/airflow/example_dags/tutorial.py for tasks to queue
[2025-12-04T18:23:22.997+0500] {logging_mixin.py:188} INFO - [2025-12-04T18:23:22.997+0500] {dagbag.py:545} INFO - Filling up the DagBag from /Library/Frameworks/Python.framework/Versions/3.11/lib/python3.11/site-packages/airflow/example_dags/tutorial.py
[2025-12-04T18:23:23.008+0500] {processor.py:840} INFO - DAG(s) 'tutorial' retrieved from /Library/Frameworks/Python.framework/Versions/3.11/lib/python3.11/site-packages/airflow/example_dags/tutorial.py
[2025-12-04T18:23:23.118+0500] {logging_mixin.py:188} INFO - [2025-12-04T18:23:23.118+0500] {dag.py:3089} INFO - Sync 1 DAGs
[2025-12-04T18:23:23.136+0500] {logging_mixin.py:188} INFO - [2025-12-04T18:23:23.135+0500] {dag.py:3947} INFO - Setting next_dagrun for tutorial to 2025-12-03 00:00:00+00:00, run_after=2025-12-04 00:00:00+00:00
[2025-12-04T18:23:23.157+0500] {processor.py:183} INFO - Processing /Library/Frameworks/Python.framework/Versions/3.11/lib/python3.11/site-packages/airflow/example_dags/tutorial.py took 0.166 seconds
[2025-12-04T18:25:25.383+0500] {processor.py:161} INFO - Started process (PID=11962) to work on /Library/Frameworks/Python.framework/Versions/3.11/lib/python3.11/site-packages/airflow/example_dags/tutorial.py
[2025-12-04T18:25:25.385+0500] {processor.py:830} INFO - Processing file /Library/Frameworks/Python.framework/Versions/3.11/lib/python3.11/site-packages/airflow/example_dags/tutorial.py for tasks to queue
[2025-12-04T18:25:25.386+0500] {logging_mixin.py:188} INFO - [2025-12-04T18:25:25.385+0500] {dagbag.py:545} INFO - Filling up the DagBag from /Library/Frameworks/Python.framework/Versions/3.11/lib/python3.11/site-packages/airflow/example_dags/tutorial.py
[2025-12-04T18:25:25.396+0500] {processor.py:840} INFO - DAG(s) 'tutorial' retrieved from /Library/Frameworks/Python.framework/Versions/3.11/lib/python3.11/site-packages/airflow/example_dags/tutorial.py
[2025-12-04T18:25:25.533+0500] {logging_mixin.py:188} INFO - [2025-12-04T18:25:25.532+0500] {dag.py:3089} INFO - Sync 1 DAGs
[2025-12-04T18:25:25.615+0500] {logging_mixin.py:188} INFO - [2025-12-04T18:25:25.614+0500] {dag.py:3947} INFO - Setting next_dagrun for tutorial to 2025-12-03 00:00:00+00:00, run_after=2025-12-04 00:00:00+00:00
[2025-12-04T18:25:25.645+0500] {processor.py:183} INFO - Processing /Library/Frameworks/Python.framework/Versions/3.11/lib/python3.11/site-packages/airflow/example_dags/tutorial.py took 0.265 seconds
[2025-12-04T18:27:35.688+0500] {processor.py:161} INFO - Started process (PID=12062) to work on /Library/Frameworks/Python.framework/Versions/3.11/lib/python3.11/site-packages/airflow/example_dags/tutorial.py
[2025-12-04T18:27:35.690+0500] {processor.py:830} INFO - Processing file /Library/Frameworks/Python.framework/Versions/3.11/lib/python3.11/site-packages/airflow/example_dags/tutorial.py for tasks to queue
[2025-12-04T18:27:35.691+0500] {logging_mixin.py:188} INFO - [2025-12-04T18:27:35.691+0500] {dagbag.py:545} INFO - Filling up the DagBag from /Library/Frameworks/Python.framework/Versions/3.11/lib/python3.11/site-packages/airflow/example_dags/tutorial.py
[2025-12-04T18:27:35.706+0500] {processor.py:840} INFO - DAG(s) 'tutorial' retrieved from /Library/Frameworks/Python.framework/Versions/3.11/lib/python3.11/site-packages/airflow/example_dags/tutorial.py
[2025-12-04T18:27:35.823+0500] {logging_mixin.py:188} INFO - [2025-12-04T18:27:35.823+0500] {dag.py:3089} INFO - Sync 1 DAGs
[2025-12-04T18:27:35.843+0500] {logging_mixin.py:188} INFO - [2025-12-04T18:27:35.843+0500] {dag.py:3947} INFO - Setting next_dagrun for tutorial to 2025-12-03 00:00:00+00:00, run_after=2025-12-04 00:00:00+00:00
[2025-12-04T18:27:35.867+0500] {processor.py:183} INFO - Processing /Library/Frameworks/Python.framework/Versions/3.11/lib/python3.11/site-packages/airflow/example_dags/tutorial.py took 0.183 seconds
[2025-12-04T18:30:04.821+0500] {processor.py:161} INFO - Started process (PID=12178) to work on /Library/Frameworks/Python.framework/Versions/3.11/lib/python3.11/site-packages/airflow/example_dags/tutorial.py
[2025-12-04T18:30:04.823+0500] {processor.py:830} INFO - Processing file /Library/Frameworks/Python.framework/Versions/3.11/lib/python3.11/site-packages/airflow/example_dags/tutorial.py for tasks to queue
[2025-12-04T18:30:04.824+0500] {logging_mixin.py:188} INFO - [2025-12-04T18:30:04.824+0500] {dagbag.py:545} INFO - Filling up the DagBag from /Library/Frameworks/Python.framework/Versions/3.11/lib/python3.11/site-packages/airflow/example_dags/tutorial.py
[2025-12-04T18:30:04.835+0500] {processor.py:840} INFO - DAG(s) 'tutorial' retrieved from /Library/Frameworks/Python.framework/Versions/3.11/lib/python3.11/site-packages/airflow/example_dags/tutorial.py
[2025-12-04T18:30:04.951+0500] {logging_mixin.py:188} INFO - [2025-12-04T18:30:04.951+0500] {dag.py:3089} INFO - Sync 1 DAGs
[2025-12-04T18:30:04.969+0500] {logging_mixin.py:188} INFO - [2025-12-04T18:30:04.968+0500] {dag.py:3947} INFO - Setting next_dagrun for tutorial to 2025-12-03 00:00:00+00:00, run_after=2025-12-04 00:00:00+00:00
[2025-12-04T18:30:04.991+0500] {processor.py:183} INFO - Processing /Library/Frameworks/Python.framework/Versions/3.11/lib/python3.11/site-packages/airflow/example_dags/tutorial.py took 0.173 seconds
[2025-12-04T18:32:35.501+0500] {processor.py:161} INFO - Started process (PID=12281) to work on /Library/Frameworks/Python.framework/Versions/3.11/lib/python3.11/site-packages/airflow/example_dags/tutorial.py
[2025-12-04T18:32:35.503+0500] {processor.py:830} INFO - Processing file /Library/Frameworks/Python.framework/Versions/3.11/lib/python3.11/site-packages/airflow/example_dags/tutorial.py for tasks to queue
[2025-12-04T18:32:35.504+0500] {logging_mixin.py:188} INFO - [2025-12-04T18:32:35.504+0500] {dagbag.py:545} INFO - Filling up the DagBag from /Library/Frameworks/Python.framework/Versions/3.11/lib/python3.11/site-packages/airflow/example_dags/tutorial.py
[2025-12-04T18:32:35.515+0500] {processor.py:840} INFO - DAG(s) 'tutorial' retrieved from /Library/Frameworks/Python.framework/Versions/3.11/lib/python3.11/site-packages/airflow/example_dags/tutorial.py
[2025-12-04T18:32:35.632+0500] {logging_mixin.py:188} INFO - [2025-12-04T18:32:35.631+0500] {dag.py:3089} INFO - Sync 1 DAGs
[2025-12-04T18:32:35.650+0500] {logging_mixin.py:188} INFO - [2025-12-04T18:32:35.649+0500] {dag.py:3947} INFO - Setting next_dagrun for tutorial to 2025-12-03 00:00:00+00:00, run_after=2025-12-04 00:00:00+00:00
[2025-12-04T18:32:35.676+0500] {processor.py:183} INFO - Processing /Library/Frameworks/Python.framework/Versions/3.11/lib/python3.11/site-packages/airflow/example_dags/tutorial.py took 0.179 seconds
[2025-12-04T18:34:52.742+0500] {processor.py:161} INFO - Started process (PID=12399) to work on /Library/Frameworks/Python.framework/Versions/3.11/lib/python3.11/site-packages/airflow/example_dags/tutorial.py
[2025-12-04T18:34:52.744+0500] {processor.py:830} INFO - Processing file /Library/Frameworks/Python.framework/Versions/3.11/lib/python3.11/site-packages/airflow/example_dags/tutorial.py for tasks to queue
[2025-12-04T18:34:52.745+0500] {logging_mixin.py:188} INFO - [2025-12-04T18:34:52.745+0500] {dagbag.py:545} INFO - Filling up the DagBag from /Library/Frameworks/Python.framework/Versions/3.11/lib/python3.11/site-packages/airflow/example_dags/tutorial.py
[2025-12-04T18:34:52.758+0500] {processor.py:840} INFO - DAG(s) 'tutorial' retrieved from /Library/Frameworks/Python.framework/Versions/3.11/lib/python3.11/site-packages/airflow/example_dags/tutorial.py
[2025-12-04T18:34:52.873+0500] {logging_mixin.py:188} INFO - [2025-12-04T18:34:52.872+0500] {dag.py:3089} INFO - Sync 1 DAGs
[2025-12-04T18:34:52.892+0500] {logging_mixin.py:188} INFO - [2025-12-04T18:34:52.891+0500] {dag.py:3947} INFO - Setting next_dagrun for tutorial to 2025-12-03 00:00:00+00:00, run_after=2025-12-04 00:00:00+00:00
[2025-12-04T18:34:52.919+0500] {processor.py:183} INFO - Processing /Library/Frameworks/Python.framework/Versions/3.11/lib/python3.11/site-packages/airflow/example_dags/tutorial.py took 0.180 seconds
[2025-12-04T18:36:52.332+0500] {processor.py:161} INFO - Started process (PID=12465) to work on /Library/Frameworks/Python.framework/Versions/3.11/lib/python3.11/site-packages/airflow/example_dags/tutorial.py
[2025-12-04T18:36:52.334+0500] {processor.py:830} INFO - Processing file /Library/Frameworks/Python.framework/Versions/3.11/lib/python3.11/site-packages/airflow/example_dags/tutorial.py for tasks to queue
[2025-12-04T18:36:52.335+0500] {logging_mixin.py:188} INFO - [2025-12-04T18:36:52.335+0500] {dagbag.py:545} INFO - Filling up the DagBag from /Library/Frameworks/Python.framework/Versions/3.11/lib/python3.11/site-packages/airflow/example_dags/tutorial.py
[2025-12-04T18:36:52.346+0500] {processor.py:840} INFO - DAG(s) 'tutorial' retrieved from /Library/Frameworks/Python.framework/Versions/3.11/lib/python3.11/site-packages/airflow/example_dags/tutorial.py
[2025-12-04T18:36:52.458+0500] {logging_mixin.py:188} INFO - [2025-12-04T18:36:52.457+0500] {dag.py:3089} INFO - Sync 1 DAGs
[2025-12-04T18:36:52.479+0500] {logging_mixin.py:188} INFO - [2025-12-04T18:36:52.479+0500] {dag.py:3947} INFO - Setting next_dagrun for tutorial to 2025-12-03 00:00:00+00:00, run_after=2025-12-04 00:00:00+00:00
[2025-12-04T18:36:52.501+0500] {processor.py:183} INFO - Processing /Library/Frameworks/Python.framework/Versions/3.11/lib/python3.11/site-packages/airflow/example_dags/tutorial.py took 0.171 seconds
[2025-12-04T18:38:43.821+0500] {processor.py:161} INFO - Started process (PID=12531) to work on /Library/Frameworks/Python.framework/Versions/3.11/lib/python3.11/site-packages/airflow/example_dags/tutorial.py
[2025-12-04T18:38:43.823+0500] {processor.py:830} INFO - Processing file /Library/Frameworks/Python.framework/Versions/3.11/lib/python3.11/site-packages/airflow/example_dags/tutorial.py for tasks to queue
[2025-12-04T18:38:43.824+0500] {logging_mixin.py:188} INFO - [2025-12-04T18:38:43.824+0500] {dagbag.py:545} INFO - Filling up the DagBag from /Library/Frameworks/Python.framework/Versions/3.11/lib/python3.11/site-packages/airflow/example_dags/tutorial.py
[2025-12-04T18:38:43.835+0500] {processor.py:840} INFO - DAG(s) 'tutorial' retrieved from /Library/Frameworks/Python.framework/Versions/3.11/lib/python3.11/site-packages/airflow/example_dags/tutorial.py
[2025-12-04T18:38:43.943+0500] {logging_mixin.py:188} INFO - [2025-12-04T18:38:43.943+0500] {dag.py:3089} INFO - Sync 1 DAGs
[2025-12-04T18:38:43.962+0500] {logging_mixin.py:188} INFO - [2025-12-04T18:38:43.961+0500] {dag.py:3947} INFO - Setting next_dagrun for tutorial to 2025-12-03 00:00:00+00:00, run_after=2025-12-04 00:00:00+00:00
[2025-12-04T18:38:43.984+0500] {processor.py:183} INFO - Processing /Library/Frameworks/Python.framework/Versions/3.11/lib/python3.11/site-packages/airflow/example_dags/tutorial.py took 0.166 seconds
[2025-12-04T18:40:44.479+0500] {processor.py:161} INFO - Started process (PID=12617) to work on /Library/Frameworks/Python.framework/Versions/3.11/lib/python3.11/site-packages/airflow/example_dags/tutorial.py
[2025-12-04T18:40:44.481+0500] {processor.py:830} INFO - Processing file /Library/Frameworks/Python.framework/Versions/3.11/lib/python3.11/site-packages/airflow/example_dags/tutorial.py for tasks to queue
[2025-12-04T18:40:44.482+0500] {logging_mixin.py:188} INFO - [2025-12-04T18:40:44.481+0500] {dagbag.py:545} INFO - Filling up the DagBag from /Library/Frameworks/Python.framework/Versions/3.11/lib/python3.11/site-packages/airflow/example_dags/tutorial.py
[2025-12-04T18:40:44.492+0500] {processor.py:840} INFO - DAG(s) 'tutorial' retrieved from /Library/Frameworks/Python.framework/Versions/3.11/lib/python3.11/site-packages/airflow/example_dags/tutorial.py
[2025-12-04T18:40:44.680+0500] {logging_mixin.py:188} INFO - [2025-12-04T18:40:44.679+0500] {dag.py:3089} INFO - Sync 1 DAGs
[2025-12-04T18:40:44.701+0500] {logging_mixin.py:188} INFO - [2025-12-04T18:40:44.700+0500] {dag.py:3947} INFO - Setting next_dagrun for tutorial to 2025-12-03 00:00:00+00:00, run_after=2025-12-04 00:00:00+00:00
[2025-12-04T18:40:44.728+0500] {processor.py:183} INFO - Processing /Library/Frameworks/Python.framework/Versions/3.11/lib/python3.11/site-packages/airflow/example_dags/tutorial.py took 0.252 seconds
[2025-12-04T18:42:54.309+0500] {processor.py:161} INFO - Started process (PID=12705) to work on /Library/Frameworks/Python.framework/Versions/3.11/lib/python3.11/site-packages/airflow/example_dags/tutorial.py
[2025-12-04T18:42:54.311+0500] {processor.py:830} INFO - Processing file /Library/Frameworks/Python.framework/Versions/3.11/lib/python3.11/site-packages/airflow/example_dags/tutorial.py for tasks to queue
[2025-12-04T18:42:54.312+0500] {logging_mixin.py:188} INFO - [2025-12-04T18:42:54.312+0500] {dagbag.py:545} INFO - Filling up the DagBag from /Library/Frameworks/Python.framework/Versions/3.11/lib/python3.11/site-packages/airflow/example_dags/tutorial.py
[2025-12-04T18:42:54.329+0500] {processor.py:840} INFO - DAG(s) 'tutorial' retrieved from /Library/Frameworks/Python.framework/Versions/3.11/lib/python3.11/site-packages/airflow/example_dags/tutorial.py
[2025-12-04T18:42:54.508+0500] {logging_mixin.py:188} INFO - [2025-12-04T18:42:54.508+0500] {dag.py:3089} INFO - Sync 1 DAGs
[2025-12-04T18:42:54.535+0500] {logging_mixin.py:188} INFO - [2025-12-04T18:42:54.534+0500] {dag.py:3947} INFO - Setting next_dagrun for tutorial to 2025-12-03 00:00:00+00:00, run_after=2025-12-04 00:00:00+00:00
[2025-12-04T18:42:54.566+0500] {processor.py:183} INFO - Processing /Library/Frameworks/Python.framework/Versions/3.11/lib/python3.11/site-packages/airflow/example_dags/tutorial.py took 0.263 seconds
[2025-12-04T18:45:05.216+0500] {processor.py:161} INFO - Started process (PID=12795) to work on /Library/Frameworks/Python.framework/Versions/3.11/lib/python3.11/site-packages/airflow/example_dags/tutorial.py
[2025-12-04T18:45:05.218+0500] {processor.py:830} INFO - Processing file /Library/Frameworks/Python.framework/Versions/3.11/lib/python3.11/site-packages/airflow/example_dags/tutorial.py for tasks to queue
[2025-12-04T18:45:05.219+0500] {logging_mixin.py:188} INFO - [2025-12-04T18:45:05.218+0500] {dagbag.py:545} INFO - Filling up the DagBag from /Library/Frameworks/Python.framework/Versions/3.11/lib/python3.11/site-packages/airflow/example_dags/tutorial.py
[2025-12-04T18:45:05.229+0500] {processor.py:840} INFO - DAG(s) 'tutorial' retrieved from /Library/Frameworks/Python.framework/Versions/3.11/lib/python3.11/site-packages/airflow/example_dags/tutorial.py
[2025-12-04T18:45:05.340+0500] {logging_mixin.py:188} INFO - [2025-12-04T18:45:05.340+0500] {dag.py:3089} INFO - Sync 1 DAGs
[2025-12-04T18:45:05.356+0500] {logging_mixin.py:188} INFO - [2025-12-04T18:45:05.356+0500] {dag.py:3947} INFO - Setting next_dagrun for tutorial to 2025-12-03 00:00:00+00:00, run_after=2025-12-04 00:00:00+00:00
[2025-12-04T18:45:05.388+0500] {processor.py:183} INFO - Processing /Library/Frameworks/Python.framework/Versions/3.11/lib/python3.11/site-packages/airflow/example_dags/tutorial.py took 0.176 seconds
[2025-12-04T18:47:04.077+0500] {processor.py:161} INFO - Started process (PID=12879) to work on /Library/Frameworks/Python.framework/Versions/3.11/lib/python3.11/site-packages/airflow/example_dags/tutorial.py
[2025-12-04T18:47:04.081+0500] {processor.py:830} INFO - Processing file /Library/Frameworks/Python.framework/Versions/3.11/lib/python3.11/site-packages/airflow/example_dags/tutorial.py for tasks to queue
[2025-12-04T18:47:04.082+0500] {logging_mixin.py:188} INFO - [2025-12-04T18:47:04.082+0500] {dagbag.py:545} INFO - Filling up the DagBag from /Library/Frameworks/Python.framework/Versions/3.11/lib/python3.11/site-packages/airflow/example_dags/tutorial.py
[2025-12-04T18:47:04.095+0500] {processor.py:840} INFO - DAG(s) 'tutorial' retrieved from /Library/Frameworks/Python.framework/Versions/3.11/lib/python3.11/site-packages/airflow/example_dags/tutorial.py
[2025-12-04T18:47:04.210+0500] {logging_mixin.py:188} INFO - [2025-12-04T18:47:04.210+0500] {dag.py:3089} INFO - Sync 1 DAGs
[2025-12-04T18:47:04.228+0500] {logging_mixin.py:188} INFO - [2025-12-04T18:47:04.228+0500] {dag.py:3947} INFO - Setting next_dagrun for tutorial to 2025-12-03 00:00:00+00:00, run_after=2025-12-04 00:00:00+00:00
[2025-12-04T18:47:04.251+0500] {processor.py:183} INFO - Processing /Library/Frameworks/Python.framework/Versions/3.11/lib/python3.11/site-packages/airflow/example_dags/tutorial.py took 0.180 seconds
[2025-12-04T18:49:12.125+0500] {processor.py:161} INFO - Started process (PID=12948) to work on /Library/Frameworks/Python.framework/Versions/3.11/lib/python3.11/site-packages/airflow/example_dags/tutorial.py
[2025-12-04T18:49:12.128+0500] {processor.py:830} INFO - Processing file /Library/Frameworks/Python.framework/Versions/3.11/lib/python3.11/site-packages/airflow/example_dags/tutorial.py for tasks to queue
[2025-12-04T18:49:12.129+0500] {logging_mixin.py:188} INFO - [2025-12-04T18:49:12.128+0500] {dagbag.py:545} INFO - Filling up the DagBag from /Library/Frameworks/Python.framework/Versions/3.11/lib/python3.11/site-packages/airflow/example_dags/tutorial.py
[2025-12-04T18:49:12.141+0500] {processor.py:840} INFO - DAG(s) 'tutorial' retrieved from /Library/Frameworks/Python.framework/Versions/3.11/lib/python3.11/site-packages/airflow/example_dags/tutorial.py
[2025-12-04T18:49:12.276+0500] {logging_mixin.py:188} INFO - [2025-12-04T18:49:12.276+0500] {dag.py:3089} INFO - Sync 1 DAGs
[2025-12-04T18:49:12.295+0500] {logging_mixin.py:188} INFO - [2025-12-04T18:49:12.294+0500] {dag.py:3947} INFO - Setting next_dagrun for tutorial to 2025-12-03 00:00:00+00:00, run_after=2025-12-04 00:00:00+00:00
[2025-12-04T18:49:12.317+0500] {processor.py:183} INFO - Processing /Library/Frameworks/Python.framework/Versions/3.11/lib/python3.11/site-packages/airflow/example_dags/tutorial.py took 0.196 seconds
[2025-12-04T18:51:29.038+0500] {processor.py:161} INFO - Started process (PID=13026) to work on /Library/Frameworks/Python.framework/Versions/3.11/lib/python3.11/site-packages/airflow/example_dags/tutorial.py
[2025-12-04T18:51:29.040+0500] {processor.py:830} INFO - Processing file /Library/Frameworks/Python.framework/Versions/3.11/lib/python3.11/site-packages/airflow/example_dags/tutorial.py for tasks to queue
[2025-12-04T18:51:29.041+0500] {logging_mixin.py:188} INFO - [2025-12-04T18:51:29.040+0500] {dagbag.py:545} INFO - Filling up the DagBag from /Library/Frameworks/Python.framework/Versions/3.11/lib/python3.11/site-packages/airflow/example_dags/tutorial.py
[2025-12-04T18:51:29.055+0500] {processor.py:840} INFO - DAG(s) 'tutorial' retrieved from /Library/Frameworks/Python.framework/Versions/3.11/lib/python3.11/site-packages/airflow/example_dags/tutorial.py
[2025-12-04T18:51:29.172+0500] {logging_mixin.py:188} INFO - [2025-12-04T18:51:29.172+0500] {dag.py:3089} INFO - Sync 1 DAGs
[2025-12-04T18:51:29.193+0500] {logging_mixin.py:188} INFO - [2025-12-04T18:51:29.192+0500] {dag.py:3947} INFO - Setting next_dagrun for tutorial to 2025-12-03 00:00:00+00:00, run_after=2025-12-04 00:00:00+00:00
[2025-12-04T18:51:29.220+0500] {processor.py:183} INFO - Processing /Library/Frameworks/Python.framework/Versions/3.11/lib/python3.11/site-packages/airflow/example_dags/tutorial.py took 0.185 seconds
[2025-12-04T18:53:44.617+0500] {processor.py:161} INFO - Started process (PID=13120) to work on /Library/Frameworks/Python.framework/Versions/3.11/lib/python3.11/site-packages/airflow/example_dags/tutorial.py
[2025-12-04T18:53:44.619+0500] {processor.py:830} INFO - Processing file /Library/Frameworks/Python.framework/Versions/3.11/lib/python3.11/site-packages/airflow/example_dags/tutorial.py for tasks to queue
[2025-12-04T18:53:44.620+0500] {logging_mixin.py:188} INFO - [2025-12-04T18:53:44.620+0500] {dagbag.py:545} INFO - Filling up the DagBag from /Library/Frameworks/Python.framework/Versions/3.11/lib/python3.11/site-packages/airflow/example_dags/tutorial.py
[2025-12-04T18:53:44.630+0500] {processor.py:840} INFO - DAG(s) 'tutorial' retrieved from /Library/Frameworks/Python.framework/Versions/3.11/lib/python3.11/site-packages/airflow/example_dags/tutorial.py
[2025-12-04T18:53:44.740+0500] {logging_mixin.py:188} INFO - [2025-12-04T18:53:44.740+0500] {dag.py:3089} INFO - Sync 1 DAGs
[2025-12-04T18:53:44.756+0500] {logging_mixin.py:188} INFO - [2025-12-04T18:53:44.755+0500] {dag.py:3947} INFO - Setting next_dagrun for tutorial to 2025-12-03 00:00:00+00:00, run_after=2025-12-04 00:00:00+00:00
[2025-12-04T18:53:44.777+0500] {processor.py:183} INFO - Processing /Library/Frameworks/Python.framework/Versions/3.11/lib/python3.11/site-packages/airflow/example_dags/tutorial.py took 0.162 seconds
[2025-12-04T18:55:58.076+0500] {processor.py:161} INFO - Started process (PID=13209) to work on /Library/Frameworks/Python.framework/Versions/3.11/lib/python3.11/site-packages/airflow/example_dags/tutorial.py
[2025-12-04T18:55:58.078+0500] {processor.py:830} INFO - Processing file /Library/Frameworks/Python.framework/Versions/3.11/lib/python3.11/site-packages/airflow/example_dags/tutorial.py for tasks to queue
[2025-12-04T18:55:58.079+0500] {logging_mixin.py:188} INFO - [2025-12-04T18:55:58.079+0500] {dagbag.py:545} INFO - Filling up the DagBag from /Library/Frameworks/Python.framework/Versions/3.11/lib/python3.11/site-packages/airflow/example_dags/tutorial.py
[2025-12-04T18:55:58.092+0500] {processor.py:840} INFO - DAG(s) 'tutorial' retrieved from /Library/Frameworks/Python.framework/Versions/3.11/lib/python3.11/site-packages/airflow/example_dags/tutorial.py
[2025-12-04T18:55:58.208+0500] {logging_mixin.py:188} INFO - [2025-12-04T18:55:58.208+0500] {dag.py:3089} INFO - Sync 1 DAGs
[2025-12-04T18:55:58.226+0500] {logging_mixin.py:188} INFO - [2025-12-04T18:55:58.226+0500] {dag.py:3947} INFO - Setting next_dagrun for tutorial to 2025-12-03 00:00:00+00:00, run_after=2025-12-04 00:00:00+00:00
[2025-12-04T18:55:58.250+0500] {processor.py:183} INFO - Processing /Library/Frameworks/Python.framework/Versions/3.11/lib/python3.11/site-packages/airflow/example_dags/tutorial.py took 0.177 seconds
[2025-12-04T19:33:09.633+0500] {processor.py:161} INFO - Started process (PID=14551) to work on /Library/Frameworks/Python.framework/Versions/3.11/lib/python3.11/site-packages/airflow/example_dags/tutorial.py
[2025-12-04T19:33:09.635+0500] {processor.py:830} INFO - Processing file /Library/Frameworks/Python.framework/Versions/3.11/lib/python3.11/site-packages/airflow/example_dags/tutorial.py for tasks to queue
[2025-12-04T19:33:09.636+0500] {logging_mixin.py:188} INFO - [2025-12-04T19:33:09.636+0500] {dagbag.py:545} INFO - Filling up the DagBag from /Library/Frameworks/Python.framework/Versions/3.11/lib/python3.11/site-packages/airflow/example_dags/tutorial.py
[2025-12-04T19:33:09.647+0500] {processor.py:840} INFO - DAG(s) 'tutorial' retrieved from /Library/Frameworks/Python.framework/Versions/3.11/lib/python3.11/site-packages/airflow/example_dags/tutorial.py
[2025-12-04T19:33:09.844+0500] {logging_mixin.py:188} INFO - [2025-12-04T19:33:09.843+0500] {dag.py:3089} INFO - Sync 1 DAGs
[2025-12-04T19:33:09.865+0500] {logging_mixin.py:188} INFO - [2025-12-04T19:33:09.865+0500] {dag.py:3947} INFO - Setting next_dagrun for tutorial to 2025-12-03 00:00:00+00:00, run_after=2025-12-04 00:00:00+00:00
[2025-12-04T19:33:09.889+0500] {processor.py:183} INFO - Processing /Library/Frameworks/Python.framework/Versions/3.11/lib/python3.11/site-packages/airflow/example_dags/tutorial.py took 0.259 seconds
[2025-12-04T19:36:13.035+0500] {processor.py:161} INFO - Started process (PID=14691) to work on /Library/Frameworks/Python.framework/Versions/3.11/lib/python3.11/site-packages/airflow/example_dags/tutorial.py
[2025-12-04T19:36:13.037+0500] {processor.py:830} INFO - Processing file /Library/Frameworks/Python.framework/Versions/3.11/lib/python3.11/site-packages/airflow/example_dags/tutorial.py for tasks to queue
[2025-12-04T19:36:13.039+0500] {logging_mixin.py:188} INFO - [2025-12-04T19:36:13.038+0500] {dagbag.py:545} INFO - Filling up the DagBag from /Library/Frameworks/Python.framework/Versions/3.11/lib/python3.11/site-packages/airflow/example_dags/tutorial.py
[2025-12-04T19:36:13.048+0500] {processor.py:840} INFO - DAG(s) 'tutorial' retrieved from /Library/Frameworks/Python.framework/Versions/3.11/lib/python3.11/site-packages/airflow/example_dags/tutorial.py
[2025-12-04T19:36:13.177+0500] {logging_mixin.py:188} INFO - [2025-12-04T19:36:13.177+0500] {dag.py:3089} INFO - Sync 1 DAGs
[2025-12-04T19:36:13.197+0500] {logging_mixin.py:188} INFO - [2025-12-04T19:36:13.197+0500] {dag.py:3947} INFO - Setting next_dagrun for tutorial to 2025-12-03 00:00:00+00:00, run_after=2025-12-04 00:00:00+00:00
[2025-12-04T19:36:13.223+0500] {processor.py:183} INFO - Processing /Library/Frameworks/Python.framework/Versions/3.11/lib/python3.11/site-packages/airflow/example_dags/tutorial.py took 0.191 seconds
[2025-12-04T19:38:21.313+0500] {processor.py:161} INFO - Started process (PID=14769) to work on /Library/Frameworks/Python.framework/Versions/3.11/lib/python3.11/site-packages/airflow/example_dags/tutorial.py
[2025-12-04T19:38:21.315+0500] {processor.py:830} INFO - Processing file /Library/Frameworks/Python.framework/Versions/3.11/lib/python3.11/site-packages/airflow/example_dags/tutorial.py for tasks to queue
[2025-12-04T19:38:21.316+0500] {logging_mixin.py:188} INFO - [2025-12-04T19:38:21.316+0500] {dagbag.py:545} INFO - Filling up the DagBag from /Library/Frameworks/Python.framework/Versions/3.11/lib/python3.11/site-packages/airflow/example_dags/tutorial.py
[2025-12-04T19:38:21.325+0500] {processor.py:840} INFO - DAG(s) 'tutorial' retrieved from /Library/Frameworks/Python.framework/Versions/3.11/lib/python3.11/site-packages/airflow/example_dags/tutorial.py
[2025-12-04T19:38:21.435+0500] {logging_mixin.py:188} INFO - [2025-12-04T19:38:21.435+0500] {dag.py:3089} INFO - Sync 1 DAGs
[2025-12-04T19:38:21.452+0500] {logging_mixin.py:188} INFO - [2025-12-04T19:38:21.451+0500] {dag.py:3947} INFO - Setting next_dagrun for tutorial to 2025-12-03 00:00:00+00:00, run_after=2025-12-04 00:00:00+00:00
[2025-12-04T19:38:21.474+0500] {processor.py:183} INFO - Processing /Library/Frameworks/Python.framework/Versions/3.11/lib/python3.11/site-packages/airflow/example_dags/tutorial.py took 0.164 seconds
[2025-12-04T19:40:26.702+0500] {processor.py:161} INFO - Started process (PID=14852) to work on /Library/Frameworks/Python.framework/Versions/3.11/lib/python3.11/site-packages/airflow/example_dags/tutorial.py
[2025-12-04T19:40:26.704+0500] {processor.py:830} INFO - Processing file /Library/Frameworks/Python.framework/Versions/3.11/lib/python3.11/site-packages/airflow/example_dags/tutorial.py for tasks to queue
[2025-12-04T19:40:26.705+0500] {logging_mixin.py:188} INFO - [2025-12-04T19:40:26.704+0500] {dagbag.py:545} INFO - Filling up the DagBag from /Library/Frameworks/Python.framework/Versions/3.11/lib/python3.11/site-packages/airflow/example_dags/tutorial.py
[2025-12-04T19:40:26.718+0500] {processor.py:840} INFO - DAG(s) 'tutorial' retrieved from /Library/Frameworks/Python.framework/Versions/3.11/lib/python3.11/site-packages/airflow/example_dags/tutorial.py
[2025-12-04T19:40:26.969+0500] {logging_mixin.py:188} INFO - [2025-12-04T19:40:26.968+0500] {dag.py:3089} INFO - Sync 1 DAGs
[2025-12-04T19:40:26.998+0500] {logging_mixin.py:188} INFO - [2025-12-04T19:40:26.998+0500] {dag.py:3947} INFO - Setting next_dagrun for tutorial to 2025-12-03 00:00:00+00:00, run_after=2025-12-04 00:00:00+00:00
[2025-12-04T19:40:27.027+0500] {processor.py:183} INFO - Processing /Library/Frameworks/Python.framework/Versions/3.11/lib/python3.11/site-packages/airflow/example_dags/tutorial.py took 0.328 seconds
[2025-12-04T19:42:41.912+0500] {processor.py:161} INFO - Started process (PID=14932) to work on /Library/Frameworks/Python.framework/Versions/3.11/lib/python3.11/site-packages/airflow/example_dags/tutorial.py
[2025-12-04T19:42:41.914+0500] {processor.py:830} INFO - Processing file /Library/Frameworks/Python.framework/Versions/3.11/lib/python3.11/site-packages/airflow/example_dags/tutorial.py for tasks to queue
[2025-12-04T19:42:41.915+0500] {logging_mixin.py:188} INFO - [2025-12-04T19:42:41.915+0500] {dagbag.py:545} INFO - Filling up the DagBag from /Library/Frameworks/Python.framework/Versions/3.11/lib/python3.11/site-packages/airflow/example_dags/tutorial.py
[2025-12-04T19:42:41.925+0500] {processor.py:840} INFO - DAG(s) 'tutorial' retrieved from /Library/Frameworks/Python.framework/Versions/3.11/lib/python3.11/site-packages/airflow/example_dags/tutorial.py
[2025-12-04T19:42:42.059+0500] {logging_mixin.py:188} INFO - [2025-12-04T19:42:42.059+0500] {dag.py:3089} INFO - Sync 1 DAGs
[2025-12-04T19:42:42.083+0500] {logging_mixin.py:188} INFO - [2025-12-04T19:42:42.083+0500] {dag.py:3947} INFO - Setting next_dagrun for tutorial to 2025-12-03 00:00:00+00:00, run_after=2025-12-04 00:00:00+00:00
[2025-12-04T19:42:42.108+0500] {processor.py:183} INFO - Processing /Library/Frameworks/Python.framework/Versions/3.11/lib/python3.11/site-packages/airflow/example_dags/tutorial.py took 0.200 seconds
[2025-12-04T19:45:04.155+0500] {processor.py:161} INFO - Started process (PID=15008) to work on /Library/Frameworks/Python.framework/Versions/3.11/lib/python3.11/site-packages/airflow/example_dags/tutorial.py
[2025-12-04T19:45:04.158+0500] {processor.py:830} INFO - Processing file /Library/Frameworks/Python.framework/Versions/3.11/lib/python3.11/site-packages/airflow/example_dags/tutorial.py for tasks to queue
[2025-12-04T19:45:04.159+0500] {logging_mixin.py:188} INFO - [2025-12-04T19:45:04.158+0500] {dagbag.py:545} INFO - Filling up the DagBag from /Library/Frameworks/Python.framework/Versions/3.11/lib/python3.11/site-packages/airflow/example_dags/tutorial.py
[2025-12-04T19:45:04.169+0500] {processor.py:840} INFO - DAG(s) 'tutorial' retrieved from /Library/Frameworks/Python.framework/Versions/3.11/lib/python3.11/site-packages/airflow/example_dags/tutorial.py
[2025-12-04T19:45:04.332+0500] {logging_mixin.py:188} INFO - [2025-12-04T19:45:04.332+0500] {dag.py:3089} INFO - Sync 1 DAGs
[2025-12-04T19:45:04.355+0500] {logging_mixin.py:188} INFO - [2025-12-04T19:45:04.354+0500] {dag.py:3947} INFO - Setting next_dagrun for tutorial to 2025-12-03 00:00:00+00:00, run_after=2025-12-04 00:00:00+00:00
[2025-12-04T19:45:04.381+0500] {processor.py:183} INFO - Processing /Library/Frameworks/Python.framework/Versions/3.11/lib/python3.11/site-packages/airflow/example_dags/tutorial.py took 0.229 seconds
[2025-12-04T19:47:28.781+0500] {processor.py:161} INFO - Started process (PID=15105) to work on /Library/Frameworks/Python.framework/Versions/3.11/lib/python3.11/site-packages/airflow/example_dags/tutorial.py
[2025-12-04T19:47:28.783+0500] {processor.py:830} INFO - Processing file /Library/Frameworks/Python.framework/Versions/3.11/lib/python3.11/site-packages/airflow/example_dags/tutorial.py for tasks to queue
[2025-12-04T19:47:28.784+0500] {logging_mixin.py:188} INFO - [2025-12-04T19:47:28.784+0500] {dagbag.py:545} INFO - Filling up the DagBag from /Library/Frameworks/Python.framework/Versions/3.11/lib/python3.11/site-packages/airflow/example_dags/tutorial.py
[2025-12-04T19:47:28.796+0500] {processor.py:840} INFO - DAG(s) 'tutorial' retrieved from /Library/Frameworks/Python.framework/Versions/3.11/lib/python3.11/site-packages/airflow/example_dags/tutorial.py
[2025-12-04T19:47:28.926+0500] {logging_mixin.py:188} INFO - [2025-12-04T19:47:28.926+0500] {dag.py:3089} INFO - Sync 1 DAGs
[2025-12-04T19:47:28.948+0500] {logging_mixin.py:188} INFO - [2025-12-04T19:47:28.947+0500] {dag.py:3947} INFO - Setting next_dagrun for tutorial to 2025-12-03 00:00:00+00:00, run_after=2025-12-04 00:00:00+00:00
[2025-12-04T19:47:28.971+0500] {processor.py:183} INFO - Processing /Library/Frameworks/Python.framework/Versions/3.11/lib/python3.11/site-packages/airflow/example_dags/tutorial.py took 0.194 seconds
[2025-12-04T19:49:39.379+0500] {processor.py:161} INFO - Started process (PID=15176) to work on /Library/Frameworks/Python.framework/Versions/3.11/lib/python3.11/site-packages/airflow/example_dags/tutorial.py
[2025-12-04T19:49:39.381+0500] {processor.py:830} INFO - Processing file /Library/Frameworks/Python.framework/Versions/3.11/lib/python3.11/site-packages/airflow/example_dags/tutorial.py for tasks to queue
[2025-12-04T19:49:39.382+0500] {logging_mixin.py:188} INFO - [2025-12-04T19:49:39.382+0500] {dagbag.py:545} INFO - Filling up the DagBag from /Library/Frameworks/Python.framework/Versions/3.11/lib/python3.11/site-packages/airflow/example_dags/tutorial.py
[2025-12-04T19:49:39.393+0500] {processor.py:840} INFO - DAG(s) 'tutorial' retrieved from /Library/Frameworks/Python.framework/Versions/3.11/lib/python3.11/site-packages/airflow/example_dags/tutorial.py
[2025-12-04T19:49:39.506+0500] {logging_mixin.py:188} INFO - [2025-12-04T19:49:39.506+0500] {dag.py:3089} INFO - Sync 1 DAGs
[2025-12-04T19:49:39.522+0500] {logging_mixin.py:188} INFO - [2025-12-04T19:49:39.522+0500] {dag.py:3947} INFO - Setting next_dagrun for tutorial to 2025-12-03 00:00:00+00:00, run_after=2025-12-04 00:00:00+00:00
[2025-12-04T19:49:39.554+0500] {processor.py:183} INFO - Processing /Library/Frameworks/Python.framework/Versions/3.11/lib/python3.11/site-packages/airflow/example_dags/tutorial.py took 0.178 seconds
[2025-12-04T19:51:36.050+0500] {processor.py:161} INFO - Started process (PID=15239) to work on /Library/Frameworks/Python.framework/Versions/3.11/lib/python3.11/site-packages/airflow/example_dags/tutorial.py
[2025-12-04T19:51:36.052+0500] {processor.py:830} INFO - Processing file /Library/Frameworks/Python.framework/Versions/3.11/lib/python3.11/site-packages/airflow/example_dags/tutorial.py for tasks to queue
[2025-12-04T19:51:36.053+0500] {logging_mixin.py:188} INFO - [2025-12-04T19:51:36.053+0500] {dagbag.py:545} INFO - Filling up the DagBag from /Library/Frameworks/Python.framework/Versions/3.11/lib/python3.11/site-packages/airflow/example_dags/tutorial.py
[2025-12-04T19:51:36.064+0500] {processor.py:840} INFO - DAG(s) 'tutorial' retrieved from /Library/Frameworks/Python.framework/Versions/3.11/lib/python3.11/site-packages/airflow/example_dags/tutorial.py
[2025-12-04T19:51:36.177+0500] {logging_mixin.py:188} INFO - [2025-12-04T19:51:36.177+0500] {dag.py:3089} INFO - Sync 1 DAGs
[2025-12-04T19:51:36.193+0500] {logging_mixin.py:188} INFO - [2025-12-04T19:51:36.193+0500] {dag.py:3947} INFO - Setting next_dagrun for tutorial to 2025-12-03 00:00:00+00:00, run_after=2025-12-04 00:00:00+00:00
[2025-12-04T19:51:36.217+0500] {processor.py:183} INFO - Processing /Library/Frameworks/Python.framework/Versions/3.11/lib/python3.11/site-packages/airflow/example_dags/tutorial.py took 0.170 seconds
[2025-12-04T19:53:34.805+0500] {processor.py:161} INFO - Started process (PID=15355) to work on /Library/Frameworks/Python.framework/Versions/3.11/lib/python3.11/site-packages/airflow/example_dags/tutorial.py
[2025-12-04T19:53:34.807+0500] {processor.py:830} INFO - Processing file /Library/Frameworks/Python.framework/Versions/3.11/lib/python3.11/site-packages/airflow/example_dags/tutorial.py for tasks to queue
[2025-12-04T19:53:34.808+0500] {logging_mixin.py:188} INFO - [2025-12-04T19:53:34.808+0500] {dagbag.py:545} INFO - Filling up the DagBag from /Library/Frameworks/Python.framework/Versions/3.11/lib/python3.11/site-packages/airflow/example_dags/tutorial.py
[2025-12-04T19:53:34.818+0500] {processor.py:840} INFO - DAG(s) 'tutorial' retrieved from /Library/Frameworks/Python.framework/Versions/3.11/lib/python3.11/site-packages/airflow/example_dags/tutorial.py
[2025-12-04T19:53:34.928+0500] {logging_mixin.py:188} INFO - [2025-12-04T19:53:34.928+0500] {dag.py:3089} INFO - Sync 1 DAGs
[2025-12-04T19:53:34.944+0500] {logging_mixin.py:188} INFO - [2025-12-04T19:53:34.944+0500] {dag.py:3947} INFO - Setting next_dagrun for tutorial to 2025-12-03 00:00:00+00:00, run_after=2025-12-04 00:00:00+00:00
[2025-12-04T19:53:34.966+0500] {processor.py:183} INFO - Processing /Library/Frameworks/Python.framework/Versions/3.11/lib/python3.11/site-packages/airflow/example_dags/tutorial.py took 0.164 seconds
[2025-12-04T19:55:29.537+0500] {processor.py:161} INFO - Started process (PID=15418) to work on /Library/Frameworks/Python.framework/Versions/3.11/lib/python3.11/site-packages/airflow/example_dags/tutorial.py
[2025-12-04T19:55:29.539+0500] {processor.py:830} INFO - Processing file /Library/Frameworks/Python.framework/Versions/3.11/lib/python3.11/site-packages/airflow/example_dags/tutorial.py for tasks to queue
[2025-12-04T19:55:29.540+0500] {logging_mixin.py:188} INFO - [2025-12-04T19:55:29.540+0500] {dagbag.py:545} INFO - Filling up the DagBag from /Library/Frameworks/Python.framework/Versions/3.11/lib/python3.11/site-packages/airflow/example_dags/tutorial.py
[2025-12-04T19:55:29.551+0500] {processor.py:840} INFO - DAG(s) 'tutorial' retrieved from /Library/Frameworks/Python.framework/Versions/3.11/lib/python3.11/site-packages/airflow/example_dags/tutorial.py
[2025-12-04T19:55:29.670+0500] {logging_mixin.py:188} INFO - [2025-12-04T19:55:29.670+0500] {dag.py:3089} INFO - Sync 1 DAGs
[2025-12-04T19:55:29.686+0500] {logging_mixin.py:188} INFO - [2025-12-04T19:55:29.685+0500] {dag.py:3947} INFO - Setting next_dagrun for tutorial to 2025-12-03 00:00:00+00:00, run_after=2025-12-04 00:00:00+00:00
[2025-12-04T19:55:29.707+0500] {processor.py:183} INFO - Processing /Library/Frameworks/Python.framework/Versions/3.11/lib/python3.11/site-packages/airflow/example_dags/tutorial.py took 0.174 seconds
[2025-12-04T19:57:23.634+0500] {processor.py:161} INFO - Started process (PID=15481) to work on /Library/Frameworks/Python.framework/Versions/3.11/lib/python3.11/site-packages/airflow/example_dags/tutorial.py
[2025-12-04T19:57:23.636+0500] {processor.py:830} INFO - Processing file /Library/Frameworks/Python.framework/Versions/3.11/lib/python3.11/site-packages/airflow/example_dags/tutorial.py for tasks to queue
[2025-12-04T19:57:23.637+0500] {logging_mixin.py:188} INFO - [2025-12-04T19:57:23.637+0500] {dagbag.py:545} INFO - Filling up the DagBag from /Library/Frameworks/Python.framework/Versions/3.11/lib/python3.11/site-packages/airflow/example_dags/tutorial.py
[2025-12-04T19:57:23.648+0500] {processor.py:840} INFO - DAG(s) 'tutorial' retrieved from /Library/Frameworks/Python.framework/Versions/3.11/lib/python3.11/site-packages/airflow/example_dags/tutorial.py
[2025-12-04T19:57:23.766+0500] {logging_mixin.py:188} INFO - [2025-12-04T19:57:23.765+0500] {dag.py:3089} INFO - Sync 1 DAGs
[2025-12-04T19:57:23.784+0500] {logging_mixin.py:188} INFO - [2025-12-04T19:57:23.784+0500] {dag.py:3947} INFO - Setting next_dagrun for tutorial to 2025-12-03 00:00:00+00:00, run_after=2025-12-04 00:00:00+00:00
[2025-12-04T19:57:23.807+0500] {processor.py:183} INFO - Processing /Library/Frameworks/Python.framework/Versions/3.11/lib/python3.11/site-packages/airflow/example_dags/tutorial.py took 0.176 seconds
[2025-12-04T20:41:07.184+0500] {processor.py:161} INFO - Started process (PID=15579) to work on /Library/Frameworks/Python.framework/Versions/3.11/lib/python3.11/site-packages/airflow/example_dags/tutorial.py
[2025-12-04T20:41:07.188+0500] {processor.py:830} INFO - Processing file /Library/Frameworks/Python.framework/Versions/3.11/lib/python3.11/site-packages/airflow/example_dags/tutorial.py for tasks to queue
[2025-12-04T20:41:07.189+0500] {logging_mixin.py:188} INFO - [2025-12-04T20:41:07.189+0500] {dagbag.py:545} INFO - Filling up the DagBag from /Library/Frameworks/Python.framework/Versions/3.11/lib/python3.11/site-packages/airflow/example_dags/tutorial.py
[2025-12-04T20:41:07.198+0500] {processor.py:840} INFO - DAG(s) 'tutorial' retrieved from /Library/Frameworks/Python.framework/Versions/3.11/lib/python3.11/site-packages/airflow/example_dags/tutorial.py
[2025-12-04T20:41:07.394+0500] {logging_mixin.py:188} INFO - [2025-12-04T20:41:07.393+0500] {dag.py:3089} INFO - Sync 1 DAGs
[2025-12-04T20:41:07.415+0500] {logging_mixin.py:188} INFO - [2025-12-04T20:41:07.414+0500] {dag.py:3947} INFO - Setting next_dagrun for tutorial to 2025-12-03 00:00:00+00:00, run_after=2025-12-04 00:00:00+00:00
[2025-12-04T20:41:07.444+0500] {processor.py:183} INFO - Processing /Library/Frameworks/Python.framework/Versions/3.11/lib/python3.11/site-packages/airflow/example_dags/tutorial.py took 0.263 seconds
[2025-12-04T20:44:15.425+0500] {processor.py:161} INFO - Started process (PID=15758) to work on /Library/Frameworks/Python.framework/Versions/3.11/lib/python3.11/site-packages/airflow/example_dags/tutorial.py
[2025-12-04T20:44:15.427+0500] {processor.py:830} INFO - Processing file /Library/Frameworks/Python.framework/Versions/3.11/lib/python3.11/site-packages/airflow/example_dags/tutorial.py for tasks to queue
[2025-12-04T20:44:15.429+0500] {logging_mixin.py:188} INFO - [2025-12-04T20:44:15.428+0500] {dagbag.py:545} INFO - Filling up the DagBag from /Library/Frameworks/Python.framework/Versions/3.11/lib/python3.11/site-packages/airflow/example_dags/tutorial.py
[2025-12-04T20:44:15.443+0500] {processor.py:840} INFO - DAG(s) 'tutorial' retrieved from /Library/Frameworks/Python.framework/Versions/3.11/lib/python3.11/site-packages/airflow/example_dags/tutorial.py
[2025-12-04T20:44:15.562+0500] {logging_mixin.py:188} INFO - [2025-12-04T20:44:15.562+0500] {dag.py:3089} INFO - Sync 1 DAGs
[2025-12-04T20:44:15.581+0500] {logging_mixin.py:188} INFO - [2025-12-04T20:44:15.581+0500] {dag.py:3947} INFO - Setting next_dagrun for tutorial to 2025-12-03 00:00:00+00:00, run_after=2025-12-04 00:00:00+00:00
[2025-12-04T20:44:15.604+0500] {processor.py:183} INFO - Processing /Library/Frameworks/Python.framework/Versions/3.11/lib/python3.11/site-packages/airflow/example_dags/tutorial.py took 0.181 seconds
[2025-12-04T20:46:50.006+0500] {processor.py:161} INFO - Started process (PID=15839) to work on /Library/Frameworks/Python.framework/Versions/3.11/lib/python3.11/site-packages/airflow/example_dags/tutorial.py
[2025-12-04T20:46:50.008+0500] {processor.py:830} INFO - Processing file /Library/Frameworks/Python.framework/Versions/3.11/lib/python3.11/site-packages/airflow/example_dags/tutorial.py for tasks to queue
[2025-12-04T20:46:50.009+0500] {logging_mixin.py:188} INFO - [2025-12-04T20:46:50.009+0500] {dagbag.py:545} INFO - Filling up the DagBag from /Library/Frameworks/Python.framework/Versions/3.11/lib/python3.11/site-packages/airflow/example_dags/tutorial.py
[2025-12-04T20:46:50.018+0500] {processor.py:840} INFO - DAG(s) 'tutorial' retrieved from /Library/Frameworks/Python.framework/Versions/3.11/lib/python3.11/site-packages/airflow/example_dags/tutorial.py
[2025-12-04T20:46:50.130+0500] {logging_mixin.py:188} INFO - [2025-12-04T20:46:50.130+0500] {dag.py:3089} INFO - Sync 1 DAGs
[2025-12-04T20:46:50.146+0500] {logging_mixin.py:188} INFO - [2025-12-04T20:46:50.146+0500] {dag.py:3947} INFO - Setting next_dagrun for tutorial to 2025-12-03 00:00:00+00:00, run_after=2025-12-04 00:00:00+00:00
[2025-12-04T20:46:50.169+0500] {processor.py:183} INFO - Processing /Library/Frameworks/Python.framework/Versions/3.11/lib/python3.11/site-packages/airflow/example_dags/tutorial.py took 0.166 seconds
[2025-12-04T20:49:01.853+0500] {processor.py:161} INFO - Started process (PID=15907) to work on /Library/Frameworks/Python.framework/Versions/3.11/lib/python3.11/site-packages/airflow/example_dags/tutorial.py
[2025-12-04T20:49:01.856+0500] {processor.py:830} INFO - Processing file /Library/Frameworks/Python.framework/Versions/3.11/lib/python3.11/site-packages/airflow/example_dags/tutorial.py for tasks to queue
[2025-12-04T20:49:01.858+0500] {logging_mixin.py:188} INFO - [2025-12-04T20:49:01.857+0500] {dagbag.py:545} INFO - Filling up the DagBag from /Library/Frameworks/Python.framework/Versions/3.11/lib/python3.11/site-packages/airflow/example_dags/tutorial.py
[2025-12-04T20:49:01.873+0500] {processor.py:840} INFO - DAG(s) 'tutorial' retrieved from /Library/Frameworks/Python.framework/Versions/3.11/lib/python3.11/site-packages/airflow/example_dags/tutorial.py
[2025-12-04T20:49:02.281+0500] {logging_mixin.py:188} INFO - [2025-12-04T20:49:02.280+0500] {dag.py:3089} INFO - Sync 1 DAGs
[2025-12-04T20:49:02.301+0500] {logging_mixin.py:188} INFO - [2025-12-04T20:49:02.301+0500] {dag.py:3947} INFO - Setting next_dagrun for tutorial to 2025-12-03 00:00:00+00:00, run_after=2025-12-04 00:00:00+00:00
[2025-12-04T20:49:02.327+0500] {processor.py:183} INFO - Processing /Library/Frameworks/Python.framework/Versions/3.11/lib/python3.11/site-packages/airflow/example_dags/tutorial.py took 0.478 seconds
