[2025-12-04T18:18:14.294+0500] {processor.py:161} INFO - Started process (PID=11679) to work on /Library/Frameworks/Python.framework/Versions/3.11/lib/python3.11/site-packages/airflow/example_dags/tutorial_taskflow_api.py
[2025-12-04T18:18:14.295+0500] {processor.py:830} INFO - Processing file /Library/Frameworks/Python.framework/Versions/3.11/lib/python3.11/site-packages/airflow/example_dags/tutorial_taskflow_api.py for tasks to queue
[2025-12-04T18:18:14.296+0500] {logging_mixin.py:188} INFO - [2025-12-04T18:18:14.296+0500] {dagbag.py:545} INFO - Filling up the DagBag from /Library/Frameworks/Python.framework/Versions/3.11/lib/python3.11/site-packages/airflow/example_dags/tutorial_taskflow_api.py
[2025-12-04T18:18:14.334+0500] {processor.py:840} INFO - DAG(s) 'tutorial_taskflow_api' retrieved from /Library/Frameworks/Python.framework/Versions/3.11/lib/python3.11/site-packages/airflow/example_dags/tutorial_taskflow_api.py
[2025-12-04T18:18:14.598+0500] {logging_mixin.py:188} INFO - [2025-12-04T18:18:14.597+0500] {override.py:1858} INFO - Created Permission View: can read on DAG:tutorial_taskflow_api
[2025-12-04T18:18:14.608+0500] {logging_mixin.py:188} INFO - [2025-12-04T18:18:14.608+0500] {override.py:1858} INFO - Created Permission View: can edit on DAG:tutorial_taskflow_api
[2025-12-04T18:18:14.616+0500] {logging_mixin.py:188} INFO - [2025-12-04T18:18:14.615+0500] {override.py:1858} INFO - Created Permission View: can delete on DAG:tutorial_taskflow_api
[2025-12-04T18:18:14.616+0500] {logging_mixin.py:188} INFO - [2025-12-04T18:18:14.616+0500] {dag.py:3089} INFO - Sync 1 DAGs
[2025-12-04T18:18:14.628+0500] {logging_mixin.py:188} INFO - [2025-12-04T18:18:14.627+0500] {dag.py:3111} INFO - Creating ORM DAG for tutorial_taskflow_api
[2025-12-04T18:18:14.628+0500] {logging_mixin.py:188} INFO - [2025-12-04T18:18:14.628+0500] {dag.py:3947} INFO - Setting next_dagrun for tutorial_taskflow_api to None, run_after=None
[2025-12-04T18:18:14.659+0500] {processor.py:183} INFO - Processing /Library/Frameworks/Python.framework/Versions/3.11/lib/python3.11/site-packages/airflow/example_dags/tutorial_taskflow_api.py took 0.368 seconds
[2025-12-04T18:21:08.907+0500] {processor.py:161} INFO - Started process (PID=11769) to work on /Library/Frameworks/Python.framework/Versions/3.11/lib/python3.11/site-packages/airflow/example_dags/tutorial_taskflow_api.py
[2025-12-04T18:21:08.908+0500] {processor.py:830} INFO - Processing file /Library/Frameworks/Python.framework/Versions/3.11/lib/python3.11/site-packages/airflow/example_dags/tutorial_taskflow_api.py for tasks to queue
[2025-12-04T18:21:08.909+0500] {logging_mixin.py:188} INFO - [2025-12-04T18:21:08.909+0500] {dagbag.py:545} INFO - Filling up the DagBag from /Library/Frameworks/Python.framework/Versions/3.11/lib/python3.11/site-packages/airflow/example_dags/tutorial_taskflow_api.py
[2025-12-04T18:21:08.948+0500] {processor.py:840} INFO - DAG(s) 'tutorial_taskflow_api' retrieved from /Library/Frameworks/Python.framework/Versions/3.11/lib/python3.11/site-packages/airflow/example_dags/tutorial_taskflow_api.py
[2025-12-04T18:21:09.065+0500] {logging_mixin.py:188} INFO - [2025-12-04T18:21:09.064+0500] {dag.py:3089} INFO - Sync 1 DAGs
[2025-12-04T18:21:09.076+0500] {logging_mixin.py:188} INFO - [2025-12-04T18:21:09.076+0500] {dag.py:3947} INFO - Setting next_dagrun for tutorial_taskflow_api to None, run_after=None
[2025-12-04T18:21:09.097+0500] {processor.py:183} INFO - Processing /Library/Frameworks/Python.framework/Versions/3.11/lib/python3.11/site-packages/airflow/example_dags/tutorial_taskflow_api.py took 0.193 seconds
[2025-12-04T18:23:14.088+0500] {processor.py:161} INFO - Started process (PID=11858) to work on /Library/Frameworks/Python.framework/Versions/3.11/lib/python3.11/site-packages/airflow/example_dags/tutorial_taskflow_api.py
[2025-12-04T18:23:14.090+0500] {processor.py:830} INFO - Processing file /Library/Frameworks/Python.framework/Versions/3.11/lib/python3.11/site-packages/airflow/example_dags/tutorial_taskflow_api.py for tasks to queue
[2025-12-04T18:23:14.091+0500] {logging_mixin.py:188} INFO - [2025-12-04T18:23:14.091+0500] {dagbag.py:545} INFO - Filling up the DagBag from /Library/Frameworks/Python.framework/Versions/3.11/lib/python3.11/site-packages/airflow/example_dags/tutorial_taskflow_api.py
[2025-12-04T18:23:14.137+0500] {processor.py:840} INFO - DAG(s) 'tutorial_taskflow_api' retrieved from /Library/Frameworks/Python.framework/Versions/3.11/lib/python3.11/site-packages/airflow/example_dags/tutorial_taskflow_api.py
[2025-12-04T18:23:14.247+0500] {logging_mixin.py:188} INFO - [2025-12-04T18:23:14.247+0500] {dag.py:3089} INFO - Sync 1 DAGs
[2025-12-04T18:23:14.258+0500] {logging_mixin.py:188} INFO - [2025-12-04T18:23:14.258+0500] {dag.py:3947} INFO - Setting next_dagrun for tutorial_taskflow_api to None, run_after=None
[2025-12-04T18:23:14.278+0500] {processor.py:183} INFO - Processing /Library/Frameworks/Python.framework/Versions/3.11/lib/python3.11/site-packages/airflow/example_dags/tutorial_taskflow_api.py took 0.193 seconds
[2025-12-04T18:25:15.583+0500] {processor.py:161} INFO - Started process (PID=11946) to work on /Library/Frameworks/Python.framework/Versions/3.11/lib/python3.11/site-packages/airflow/example_dags/tutorial_taskflow_api.py
[2025-12-04T18:25:15.585+0500] {processor.py:830} INFO - Processing file /Library/Frameworks/Python.framework/Versions/3.11/lib/python3.11/site-packages/airflow/example_dags/tutorial_taskflow_api.py for tasks to queue
[2025-12-04T18:25:15.586+0500] {logging_mixin.py:188} INFO - [2025-12-04T18:25:15.586+0500] {dagbag.py:545} INFO - Filling up the DagBag from /Library/Frameworks/Python.framework/Versions/3.11/lib/python3.11/site-packages/airflow/example_dags/tutorial_taskflow_api.py
[2025-12-04T18:25:15.627+0500] {processor.py:840} INFO - DAG(s) 'tutorial_taskflow_api' retrieved from /Library/Frameworks/Python.framework/Versions/3.11/lib/python3.11/site-packages/airflow/example_dags/tutorial_taskflow_api.py
[2025-12-04T18:25:15.785+0500] {logging_mixin.py:188} INFO - [2025-12-04T18:25:15.784+0500] {dag.py:3089} INFO - Sync 1 DAGs
[2025-12-04T18:25:15.802+0500] {logging_mixin.py:188} INFO - [2025-12-04T18:25:15.802+0500] {dag.py:3947} INFO - Setting next_dagrun for tutorial_taskflow_api to None, run_after=None
[2025-12-04T18:25:15.851+0500] {processor.py:183} INFO - Processing /Library/Frameworks/Python.framework/Versions/3.11/lib/python3.11/site-packages/airflow/example_dags/tutorial_taskflow_api.py took 0.271 seconds
[2025-12-04T18:27:26.510+0500] {processor.py:161} INFO - Started process (PID=12057) to work on /Library/Frameworks/Python.framework/Versions/3.11/lib/python3.11/site-packages/airflow/example_dags/tutorial_taskflow_api.py
[2025-12-04T18:27:26.513+0500] {processor.py:830} INFO - Processing file /Library/Frameworks/Python.framework/Versions/3.11/lib/python3.11/site-packages/airflow/example_dags/tutorial_taskflow_api.py for tasks to queue
[2025-12-04T18:27:26.517+0500] {logging_mixin.py:188} INFO - [2025-12-04T18:27:26.517+0500] {dagbag.py:545} INFO - Filling up the DagBag from /Library/Frameworks/Python.framework/Versions/3.11/lib/python3.11/site-packages/airflow/example_dags/tutorial_taskflow_api.py
[2025-12-04T18:27:26.564+0500] {processor.py:840} INFO - DAG(s) 'tutorial_taskflow_api' retrieved from /Library/Frameworks/Python.framework/Versions/3.11/lib/python3.11/site-packages/airflow/example_dags/tutorial_taskflow_api.py
[2025-12-04T18:27:26.684+0500] {logging_mixin.py:188} INFO - [2025-12-04T18:27:26.683+0500] {dag.py:3089} INFO - Sync 1 DAGs
[2025-12-04T18:27:26.695+0500] {logging_mixin.py:188} INFO - [2025-12-04T18:27:26.695+0500] {dag.py:3947} INFO - Setting next_dagrun for tutorial_taskflow_api to None, run_after=None
[2025-12-04T18:27:26.717+0500] {processor.py:183} INFO - Processing /Library/Frameworks/Python.framework/Versions/3.11/lib/python3.11/site-packages/airflow/example_dags/tutorial_taskflow_api.py took 0.210 seconds
[2025-12-04T18:29:54.970+0500] {processor.py:161} INFO - Started process (PID=12172) to work on /Library/Frameworks/Python.framework/Versions/3.11/lib/python3.11/site-packages/airflow/example_dags/tutorial_taskflow_api.py
[2025-12-04T18:29:54.972+0500] {processor.py:830} INFO - Processing file /Library/Frameworks/Python.framework/Versions/3.11/lib/python3.11/site-packages/airflow/example_dags/tutorial_taskflow_api.py for tasks to queue
[2025-12-04T18:29:54.973+0500] {logging_mixin.py:188} INFO - [2025-12-04T18:29:54.973+0500] {dagbag.py:545} INFO - Filling up the DagBag from /Library/Frameworks/Python.framework/Versions/3.11/lib/python3.11/site-packages/airflow/example_dags/tutorial_taskflow_api.py
[2025-12-04T18:29:55.089+0500] {processor.py:840} INFO - DAG(s) 'tutorial_taskflow_api' retrieved from /Library/Frameworks/Python.framework/Versions/3.11/lib/python3.11/site-packages/airflow/example_dags/tutorial_taskflow_api.py
[2025-12-04T18:29:55.245+0500] {logging_mixin.py:188} INFO - [2025-12-04T18:29:55.244+0500] {dag.py:3089} INFO - Sync 1 DAGs
[2025-12-04T18:29:55.260+0500] {logging_mixin.py:188} INFO - [2025-12-04T18:29:55.260+0500] {dag.py:3947} INFO - Setting next_dagrun for tutorial_taskflow_api to None, run_after=None
[2025-12-04T18:29:55.283+0500] {processor.py:183} INFO - Processing /Library/Frameworks/Python.framework/Versions/3.11/lib/python3.11/site-packages/airflow/example_dags/tutorial_taskflow_api.py took 0.318 seconds
[2025-12-04T18:32:21.025+0500] {processor.py:161} INFO - Started process (PID=12269) to work on /Library/Frameworks/Python.framework/Versions/3.11/lib/python3.11/site-packages/airflow/example_dags/tutorial_taskflow_api.py
[2025-12-04T18:32:21.027+0500] {processor.py:830} INFO - Processing file /Library/Frameworks/Python.framework/Versions/3.11/lib/python3.11/site-packages/airflow/example_dags/tutorial_taskflow_api.py for tasks to queue
[2025-12-04T18:32:21.029+0500] {logging_mixin.py:188} INFO - [2025-12-04T18:32:21.029+0500] {dagbag.py:545} INFO - Filling up the DagBag from /Library/Frameworks/Python.framework/Versions/3.11/lib/python3.11/site-packages/airflow/example_dags/tutorial_taskflow_api.py
[2025-12-04T18:32:21.084+0500] {processor.py:840} INFO - DAG(s) 'tutorial_taskflow_api' retrieved from /Library/Frameworks/Python.framework/Versions/3.11/lib/python3.11/site-packages/airflow/example_dags/tutorial_taskflow_api.py
[2025-12-04T18:32:21.279+0500] {logging_mixin.py:188} INFO - [2025-12-04T18:32:21.279+0500] {dag.py:3089} INFO - Sync 1 DAGs
[2025-12-04T18:32:21.291+0500] {logging_mixin.py:188} INFO - [2025-12-04T18:32:21.290+0500] {dag.py:3947} INFO - Setting next_dagrun for tutorial_taskflow_api to None, run_after=None
[2025-12-04T18:32:21.318+0500] {processor.py:183} INFO - Processing /Library/Frameworks/Python.framework/Versions/3.11/lib/python3.11/site-packages/airflow/example_dags/tutorial_taskflow_api.py took 0.297 seconds
[2025-12-04T18:34:43.563+0500] {processor.py:161} INFO - Started process (PID=12395) to work on /Library/Frameworks/Python.framework/Versions/3.11/lib/python3.11/site-packages/airflow/example_dags/tutorial_taskflow_api.py
[2025-12-04T18:34:43.568+0500] {processor.py:830} INFO - Processing file /Library/Frameworks/Python.framework/Versions/3.11/lib/python3.11/site-packages/airflow/example_dags/tutorial_taskflow_api.py for tasks to queue
[2025-12-04T18:34:43.572+0500] {logging_mixin.py:188} INFO - [2025-12-04T18:34:43.572+0500] {dagbag.py:545} INFO - Filling up the DagBag from /Library/Frameworks/Python.framework/Versions/3.11/lib/python3.11/site-packages/airflow/example_dags/tutorial_taskflow_api.py
[2025-12-04T18:34:43.616+0500] {processor.py:840} INFO - DAG(s) 'tutorial_taskflow_api' retrieved from /Library/Frameworks/Python.framework/Versions/3.11/lib/python3.11/site-packages/airflow/example_dags/tutorial_taskflow_api.py
[2025-12-04T18:34:43.748+0500] {logging_mixin.py:188} INFO - [2025-12-04T18:34:43.748+0500] {dag.py:3089} INFO - Sync 1 DAGs
[2025-12-04T18:34:43.761+0500] {logging_mixin.py:188} INFO - [2025-12-04T18:34:43.760+0500] {dag.py:3947} INFO - Setting next_dagrun for tutorial_taskflow_api to None, run_after=None
[2025-12-04T18:34:43.786+0500] {processor.py:183} INFO - Processing /Library/Frameworks/Python.framework/Versions/3.11/lib/python3.11/site-packages/airflow/example_dags/tutorial_taskflow_api.py took 0.227 seconds
[2025-12-04T18:36:44.246+0500] {processor.py:161} INFO - Started process (PID=12461) to work on /Library/Frameworks/Python.framework/Versions/3.11/lib/python3.11/site-packages/airflow/example_dags/tutorial_taskflow_api.py
[2025-12-04T18:36:44.248+0500] {processor.py:830} INFO - Processing file /Library/Frameworks/Python.framework/Versions/3.11/lib/python3.11/site-packages/airflow/example_dags/tutorial_taskflow_api.py for tasks to queue
[2025-12-04T18:36:44.248+0500] {logging_mixin.py:188} INFO - [2025-12-04T18:36:44.248+0500] {dagbag.py:545} INFO - Filling up the DagBag from /Library/Frameworks/Python.framework/Versions/3.11/lib/python3.11/site-packages/airflow/example_dags/tutorial_taskflow_api.py
[2025-12-04T18:36:44.286+0500] {processor.py:840} INFO - DAG(s) 'tutorial_taskflow_api' retrieved from /Library/Frameworks/Python.framework/Versions/3.11/lib/python3.11/site-packages/airflow/example_dags/tutorial_taskflow_api.py
[2025-12-04T18:36:44.395+0500] {logging_mixin.py:188} INFO - [2025-12-04T18:36:44.394+0500] {dag.py:3089} INFO - Sync 1 DAGs
[2025-12-04T18:36:44.405+0500] {logging_mixin.py:188} INFO - [2025-12-04T18:36:44.405+0500] {dag.py:3947} INFO - Setting next_dagrun for tutorial_taskflow_api to None, run_after=None
[2025-12-04T18:36:44.426+0500] {processor.py:183} INFO - Processing /Library/Frameworks/Python.framework/Versions/3.11/lib/python3.11/site-packages/airflow/example_dags/tutorial_taskflow_api.py took 0.183 seconds
[2025-12-04T18:38:35.667+0500] {processor.py:161} INFO - Started process (PID=12528) to work on /Library/Frameworks/Python.framework/Versions/3.11/lib/python3.11/site-packages/airflow/example_dags/tutorial_taskflow_api.py
[2025-12-04T18:38:35.669+0500] {processor.py:830} INFO - Processing file /Library/Frameworks/Python.framework/Versions/3.11/lib/python3.11/site-packages/airflow/example_dags/tutorial_taskflow_api.py for tasks to queue
[2025-12-04T18:38:35.670+0500] {logging_mixin.py:188} INFO - [2025-12-04T18:38:35.670+0500] {dagbag.py:545} INFO - Filling up the DagBag from /Library/Frameworks/Python.framework/Versions/3.11/lib/python3.11/site-packages/airflow/example_dags/tutorial_taskflow_api.py
[2025-12-04T18:38:35.710+0500] {processor.py:840} INFO - DAG(s) 'tutorial_taskflow_api' retrieved from /Library/Frameworks/Python.framework/Versions/3.11/lib/python3.11/site-packages/airflow/example_dags/tutorial_taskflow_api.py
[2025-12-04T18:38:35.820+0500] {logging_mixin.py:188} INFO - [2025-12-04T18:38:35.819+0500] {dag.py:3089} INFO - Sync 1 DAGs
[2025-12-04T18:38:35.830+0500] {logging_mixin.py:188} INFO - [2025-12-04T18:38:35.830+0500] {dag.py:3947} INFO - Setting next_dagrun for tutorial_taskflow_api to None, run_after=None
[2025-12-04T18:38:35.856+0500] {processor.py:183} INFO - Processing /Library/Frameworks/Python.framework/Versions/3.11/lib/python3.11/site-packages/airflow/example_dags/tutorial_taskflow_api.py took 0.192 seconds
[2025-12-04T18:40:34.593+0500] {processor.py:161} INFO - Started process (PID=12603) to work on /Library/Frameworks/Python.framework/Versions/3.11/lib/python3.11/site-packages/airflow/example_dags/tutorial_taskflow_api.py
[2025-12-04T18:40:34.597+0500] {processor.py:830} INFO - Processing file /Library/Frameworks/Python.framework/Versions/3.11/lib/python3.11/site-packages/airflow/example_dags/tutorial_taskflow_api.py for tasks to queue
[2025-12-04T18:40:34.598+0500] {logging_mixin.py:188} INFO - [2025-12-04T18:40:34.597+0500] {dagbag.py:545} INFO - Filling up the DagBag from /Library/Frameworks/Python.framework/Versions/3.11/lib/python3.11/site-packages/airflow/example_dags/tutorial_taskflow_api.py
[2025-12-04T18:40:34.655+0500] {processor.py:840} INFO - DAG(s) 'tutorial_taskflow_api' retrieved from /Library/Frameworks/Python.framework/Versions/3.11/lib/python3.11/site-packages/airflow/example_dags/tutorial_taskflow_api.py
[2025-12-04T18:40:34.836+0500] {logging_mixin.py:188} INFO - [2025-12-04T18:40:34.836+0500] {dag.py:3089} INFO - Sync 1 DAGs
[2025-12-04T18:40:34.853+0500] {logging_mixin.py:188} INFO - [2025-12-04T18:40:34.852+0500] {dag.py:3947} INFO - Setting next_dagrun for tutorial_taskflow_api to None, run_after=None
[2025-12-04T18:40:34.886+0500] {processor.py:183} INFO - Processing /Library/Frameworks/Python.framework/Versions/3.11/lib/python3.11/site-packages/airflow/example_dags/tutorial_taskflow_api.py took 0.297 seconds
[2025-12-04T18:42:43.590+0500] {processor.py:161} INFO - Started process (PID=12700) to work on /Library/Frameworks/Python.framework/Versions/3.11/lib/python3.11/site-packages/airflow/example_dags/tutorial_taskflow_api.py
[2025-12-04T18:42:43.592+0500] {processor.py:830} INFO - Processing file /Library/Frameworks/Python.framework/Versions/3.11/lib/python3.11/site-packages/airflow/example_dags/tutorial_taskflow_api.py for tasks to queue
[2025-12-04T18:42:43.593+0500] {logging_mixin.py:188} INFO - [2025-12-04T18:42:43.593+0500] {dagbag.py:545} INFO - Filling up the DagBag from /Library/Frameworks/Python.framework/Versions/3.11/lib/python3.11/site-packages/airflow/example_dags/tutorial_taskflow_api.py
[2025-12-04T18:42:43.648+0500] {processor.py:840} INFO - DAG(s) 'tutorial_taskflow_api' retrieved from /Library/Frameworks/Python.framework/Versions/3.11/lib/python3.11/site-packages/airflow/example_dags/tutorial_taskflow_api.py
[2025-12-04T18:42:43.803+0500] {logging_mixin.py:188} INFO - [2025-12-04T18:42:43.803+0500] {dag.py:3089} INFO - Sync 1 DAGs
[2025-12-04T18:42:43.818+0500] {logging_mixin.py:188} INFO - [2025-12-04T18:42:43.815+0500] {dag.py:3947} INFO - Setting next_dagrun for tutorial_taskflow_api to None, run_after=None
[2025-12-04T18:42:43.847+0500] {processor.py:183} INFO - Processing /Library/Frameworks/Python.framework/Versions/3.11/lib/python3.11/site-packages/airflow/example_dags/tutorial_taskflow_api.py took 0.259 seconds
[2025-12-04T18:44:56.386+0500] {processor.py:161} INFO - Started process (PID=12790) to work on /Library/Frameworks/Python.framework/Versions/3.11/lib/python3.11/site-packages/airflow/example_dags/tutorial_taskflow_api.py
[2025-12-04T18:44:56.388+0500] {processor.py:830} INFO - Processing file /Library/Frameworks/Python.framework/Versions/3.11/lib/python3.11/site-packages/airflow/example_dags/tutorial_taskflow_api.py for tasks to queue
[2025-12-04T18:44:56.389+0500] {logging_mixin.py:188} INFO - [2025-12-04T18:44:56.389+0500] {dagbag.py:545} INFO - Filling up the DagBag from /Library/Frameworks/Python.framework/Versions/3.11/lib/python3.11/site-packages/airflow/example_dags/tutorial_taskflow_api.py
[2025-12-04T18:44:56.429+0500] {processor.py:840} INFO - DAG(s) 'tutorial_taskflow_api' retrieved from /Library/Frameworks/Python.framework/Versions/3.11/lib/python3.11/site-packages/airflow/example_dags/tutorial_taskflow_api.py
[2025-12-04T18:44:56.543+0500] {logging_mixin.py:188} INFO - [2025-12-04T18:44:56.543+0500] {dag.py:3089} INFO - Sync 1 DAGs
[2025-12-04T18:44:56.554+0500] {logging_mixin.py:188} INFO - [2025-12-04T18:44:56.554+0500] {dag.py:3947} INFO - Setting next_dagrun for tutorial_taskflow_api to None, run_after=None
[2025-12-04T18:44:56.575+0500] {processor.py:183} INFO - Processing /Library/Frameworks/Python.framework/Versions/3.11/lib/python3.11/site-packages/airflow/example_dags/tutorial_taskflow_api.py took 0.191 seconds
[2025-12-04T18:46:54.780+0500] {processor.py:161} INFO - Started process (PID=12874) to work on /Library/Frameworks/Python.framework/Versions/3.11/lib/python3.11/site-packages/airflow/example_dags/tutorial_taskflow_api.py
[2025-12-04T18:46:54.782+0500] {processor.py:830} INFO - Processing file /Library/Frameworks/Python.framework/Versions/3.11/lib/python3.11/site-packages/airflow/example_dags/tutorial_taskflow_api.py for tasks to queue
[2025-12-04T18:46:54.783+0500] {logging_mixin.py:188} INFO - [2025-12-04T18:46:54.783+0500] {dagbag.py:545} INFO - Filling up the DagBag from /Library/Frameworks/Python.framework/Versions/3.11/lib/python3.11/site-packages/airflow/example_dags/tutorial_taskflow_api.py
[2025-12-04T18:46:54.821+0500] {processor.py:840} INFO - DAG(s) 'tutorial_taskflow_api' retrieved from /Library/Frameworks/Python.framework/Versions/3.11/lib/python3.11/site-packages/airflow/example_dags/tutorial_taskflow_api.py
[2025-12-04T18:46:54.936+0500] {logging_mixin.py:188} INFO - [2025-12-04T18:46:54.936+0500] {dag.py:3089} INFO - Sync 1 DAGs
[2025-12-04T18:46:54.948+0500] {logging_mixin.py:188} INFO - [2025-12-04T18:46:54.947+0500] {dag.py:3947} INFO - Setting next_dagrun for tutorial_taskflow_api to None, run_after=None
[2025-12-04T18:46:54.969+0500] {processor.py:183} INFO - Processing /Library/Frameworks/Python.framework/Versions/3.11/lib/python3.11/site-packages/airflow/example_dags/tutorial_taskflow_api.py took 0.192 seconds
[2025-12-04T18:49:02.345+0500] {processor.py:161} INFO - Started process (PID=12943) to work on /Library/Frameworks/Python.framework/Versions/3.11/lib/python3.11/site-packages/airflow/example_dags/tutorial_taskflow_api.py
[2025-12-04T18:49:02.348+0500] {processor.py:830} INFO - Processing file /Library/Frameworks/Python.framework/Versions/3.11/lib/python3.11/site-packages/airflow/example_dags/tutorial_taskflow_api.py for tasks to queue
[2025-12-04T18:49:02.349+0500] {logging_mixin.py:188} INFO - [2025-12-04T18:49:02.348+0500] {dagbag.py:545} INFO - Filling up the DagBag from /Library/Frameworks/Python.framework/Versions/3.11/lib/python3.11/site-packages/airflow/example_dags/tutorial_taskflow_api.py
[2025-12-04T18:49:02.459+0500] {processor.py:840} INFO - DAG(s) 'tutorial_taskflow_api' retrieved from /Library/Frameworks/Python.framework/Versions/3.11/lib/python3.11/site-packages/airflow/example_dags/tutorial_taskflow_api.py
[2025-12-04T18:49:02.631+0500] {logging_mixin.py:188} INFO - [2025-12-04T18:49:02.630+0500] {dag.py:3089} INFO - Sync 1 DAGs
[2025-12-04T18:49:02.650+0500] {logging_mixin.py:188} INFO - [2025-12-04T18:49:02.648+0500] {dag.py:3947} INFO - Setting next_dagrun for tutorial_taskflow_api to None, run_after=None
[2025-12-04T18:49:02.683+0500] {processor.py:183} INFO - Processing /Library/Frameworks/Python.framework/Versions/3.11/lib/python3.11/site-packages/airflow/example_dags/tutorial_taskflow_api.py took 0.350 seconds
[2025-12-04T18:51:18.024+0500] {processor.py:161} INFO - Started process (PID=13012) to work on /Library/Frameworks/Python.framework/Versions/3.11/lib/python3.11/site-packages/airflow/example_dags/tutorial_taskflow_api.py
[2025-12-04T18:51:18.026+0500] {processor.py:830} INFO - Processing file /Library/Frameworks/Python.framework/Versions/3.11/lib/python3.11/site-packages/airflow/example_dags/tutorial_taskflow_api.py for tasks to queue
[2025-12-04T18:51:18.027+0500] {logging_mixin.py:188} INFO - [2025-12-04T18:51:18.027+0500] {dagbag.py:545} INFO - Filling up the DagBag from /Library/Frameworks/Python.framework/Versions/3.11/lib/python3.11/site-packages/airflow/example_dags/tutorial_taskflow_api.py
[2025-12-04T18:51:18.092+0500] {processor.py:840} INFO - DAG(s) 'tutorial_taskflow_api' retrieved from /Library/Frameworks/Python.framework/Versions/3.11/lib/python3.11/site-packages/airflow/example_dags/tutorial_taskflow_api.py
[2025-12-04T18:51:18.273+0500] {logging_mixin.py:188} INFO - [2025-12-04T18:51:18.273+0500] {dag.py:3089} INFO - Sync 1 DAGs
[2025-12-04T18:51:18.292+0500] {logging_mixin.py:188} INFO - [2025-12-04T18:51:18.291+0500] {dag.py:3947} INFO - Setting next_dagrun for tutorial_taskflow_api to None, run_after=None
[2025-12-04T18:51:18.326+0500] {processor.py:183} INFO - Processing /Library/Frameworks/Python.framework/Versions/3.11/lib/python3.11/site-packages/airflow/example_dags/tutorial_taskflow_api.py took 0.307 seconds
[2025-12-04T18:53:35.824+0500] {processor.py:161} INFO - Started process (PID=13115) to work on /Library/Frameworks/Python.framework/Versions/3.11/lib/python3.11/site-packages/airflow/example_dags/tutorial_taskflow_api.py
[2025-12-04T18:53:35.826+0500] {processor.py:830} INFO - Processing file /Library/Frameworks/Python.framework/Versions/3.11/lib/python3.11/site-packages/airflow/example_dags/tutorial_taskflow_api.py for tasks to queue
[2025-12-04T18:53:35.827+0500] {logging_mixin.py:188} INFO - [2025-12-04T18:53:35.827+0500] {dagbag.py:545} INFO - Filling up the DagBag from /Library/Frameworks/Python.framework/Versions/3.11/lib/python3.11/site-packages/airflow/example_dags/tutorial_taskflow_api.py
[2025-12-04T18:53:35.870+0500] {processor.py:840} INFO - DAG(s) 'tutorial_taskflow_api' retrieved from /Library/Frameworks/Python.framework/Versions/3.11/lib/python3.11/site-packages/airflow/example_dags/tutorial_taskflow_api.py
[2025-12-04T18:53:35.988+0500] {logging_mixin.py:188} INFO - [2025-12-04T18:53:35.988+0500] {dag.py:3089} INFO - Sync 1 DAGs
[2025-12-04T18:53:36.001+0500] {logging_mixin.py:188} INFO - [2025-12-04T18:53:36.000+0500] {dag.py:3947} INFO - Setting next_dagrun for tutorial_taskflow_api to None, run_after=None
[2025-12-04T18:53:36.023+0500] {processor.py:183} INFO - Processing /Library/Frameworks/Python.framework/Versions/3.11/lib/python3.11/site-packages/airflow/example_dags/tutorial_taskflow_api.py took 0.202 seconds
[2025-12-04T18:55:49.388+0500] {processor.py:161} INFO - Started process (PID=13204) to work on /Library/Frameworks/Python.framework/Versions/3.11/lib/python3.11/site-packages/airflow/example_dags/tutorial_taskflow_api.py
[2025-12-04T18:55:49.391+0500] {processor.py:830} INFO - Processing file /Library/Frameworks/Python.framework/Versions/3.11/lib/python3.11/site-packages/airflow/example_dags/tutorial_taskflow_api.py for tasks to queue
[2025-12-04T18:55:49.392+0500] {logging_mixin.py:188} INFO - [2025-12-04T18:55:49.391+0500] {dagbag.py:545} INFO - Filling up the DagBag from /Library/Frameworks/Python.framework/Versions/3.11/lib/python3.11/site-packages/airflow/example_dags/tutorial_taskflow_api.py
[2025-12-04T18:55:49.431+0500] {processor.py:840} INFO - DAG(s) 'tutorial_taskflow_api' retrieved from /Library/Frameworks/Python.framework/Versions/3.11/lib/python3.11/site-packages/airflow/example_dags/tutorial_taskflow_api.py
[2025-12-04T18:55:49.553+0500] {logging_mixin.py:188} INFO - [2025-12-04T18:55:49.553+0500] {dag.py:3089} INFO - Sync 1 DAGs
[2025-12-04T18:55:49.565+0500] {logging_mixin.py:188} INFO - [2025-12-04T18:55:49.564+0500] {dag.py:3947} INFO - Setting next_dagrun for tutorial_taskflow_api to None, run_after=None
[2025-12-04T18:55:49.587+0500] {processor.py:183} INFO - Processing /Library/Frameworks/Python.framework/Versions/3.11/lib/python3.11/site-packages/airflow/example_dags/tutorial_taskflow_api.py took 0.201 seconds
[2025-12-04T19:32:58.938+0500] {processor.py:161} INFO - Started process (PID=14546) to work on /Library/Frameworks/Python.framework/Versions/3.11/lib/python3.11/site-packages/airflow/example_dags/tutorial_taskflow_api.py
[2025-12-04T19:32:58.941+0500] {processor.py:830} INFO - Processing file /Library/Frameworks/Python.framework/Versions/3.11/lib/python3.11/site-packages/airflow/example_dags/tutorial_taskflow_api.py for tasks to queue
[2025-12-04T19:32:58.942+0500] {logging_mixin.py:188} INFO - [2025-12-04T19:32:58.942+0500] {dagbag.py:545} INFO - Filling up the DagBag from /Library/Frameworks/Python.framework/Versions/3.11/lib/python3.11/site-packages/airflow/example_dags/tutorial_taskflow_api.py
[2025-12-04T19:32:59.039+0500] {processor.py:840} INFO - DAG(s) 'tutorial_taskflow_api' retrieved from /Library/Frameworks/Python.framework/Versions/3.11/lib/python3.11/site-packages/airflow/example_dags/tutorial_taskflow_api.py
[2025-12-04T19:32:59.224+0500] {logging_mixin.py:188} INFO - [2025-12-04T19:32:59.223+0500] {dag.py:3089} INFO - Sync 1 DAGs
[2025-12-04T19:32:59.241+0500] {logging_mixin.py:188} INFO - [2025-12-04T19:32:59.240+0500] {dag.py:3947} INFO - Setting next_dagrun for tutorial_taskflow_api to None, run_after=None
[2025-12-04T19:32:59.274+0500] {processor.py:183} INFO - Processing /Library/Frameworks/Python.framework/Versions/3.11/lib/python3.11/site-packages/airflow/example_dags/tutorial_taskflow_api.py took 0.339 seconds
[2025-12-04T19:35:47.348+0500] {processor.py:161} INFO - Started process (PID=14663) to work on /Library/Frameworks/Python.framework/Versions/3.11/lib/python3.11/site-packages/airflow/example_dags/tutorial_taskflow_api.py
[2025-12-04T19:35:47.350+0500] {processor.py:830} INFO - Processing file /Library/Frameworks/Python.framework/Versions/3.11/lib/python3.11/site-packages/airflow/example_dags/tutorial_taskflow_api.py for tasks to queue
[2025-12-04T19:35:47.352+0500] {logging_mixin.py:188} INFO - [2025-12-04T19:35:47.351+0500] {dagbag.py:545} INFO - Filling up the DagBag from /Library/Frameworks/Python.framework/Versions/3.11/lib/python3.11/site-packages/airflow/example_dags/tutorial_taskflow_api.py
[2025-12-04T19:35:47.391+0500] {processor.py:840} INFO - DAG(s) 'tutorial_taskflow_api' retrieved from /Library/Frameworks/Python.framework/Versions/3.11/lib/python3.11/site-packages/airflow/example_dags/tutorial_taskflow_api.py
[2025-12-04T19:35:47.510+0500] {logging_mixin.py:188} INFO - [2025-12-04T19:35:47.510+0500] {dag.py:3089} INFO - Sync 1 DAGs
[2025-12-04T19:35:47.522+0500] {logging_mixin.py:188} INFO - [2025-12-04T19:35:47.521+0500] {dag.py:3947} INFO - Setting next_dagrun for tutorial_taskflow_api to None, run_after=None
[2025-12-04T19:35:47.542+0500] {processor.py:183} INFO - Processing /Library/Frameworks/Python.framework/Versions/3.11/lib/python3.11/site-packages/airflow/example_dags/tutorial_taskflow_api.py took 0.197 seconds
[2025-12-04T19:38:12.658+0500] {processor.py:161} INFO - Started process (PID=14765) to work on /Library/Frameworks/Python.framework/Versions/3.11/lib/python3.11/site-packages/airflow/example_dags/tutorial_taskflow_api.py
[2025-12-04T19:38:12.660+0500] {processor.py:830} INFO - Processing file /Library/Frameworks/Python.framework/Versions/3.11/lib/python3.11/site-packages/airflow/example_dags/tutorial_taskflow_api.py for tasks to queue
[2025-12-04T19:38:12.661+0500] {logging_mixin.py:188} INFO - [2025-12-04T19:38:12.660+0500] {dagbag.py:545} INFO - Filling up the DagBag from /Library/Frameworks/Python.framework/Versions/3.11/lib/python3.11/site-packages/airflow/example_dags/tutorial_taskflow_api.py
[2025-12-04T19:38:12.696+0500] {processor.py:840} INFO - DAG(s) 'tutorial_taskflow_api' retrieved from /Library/Frameworks/Python.framework/Versions/3.11/lib/python3.11/site-packages/airflow/example_dags/tutorial_taskflow_api.py
[2025-12-04T19:38:12.807+0500] {logging_mixin.py:188} INFO - [2025-12-04T19:38:12.807+0500] {dag.py:3089} INFO - Sync 1 DAGs
[2025-12-04T19:38:12.818+0500] {logging_mixin.py:188} INFO - [2025-12-04T19:38:12.818+0500] {dag.py:3947} INFO - Setting next_dagrun for tutorial_taskflow_api to None, run_after=None
[2025-12-04T19:38:12.840+0500] {processor.py:183} INFO - Processing /Library/Frameworks/Python.framework/Versions/3.11/lib/python3.11/site-packages/airflow/example_dags/tutorial_taskflow_api.py took 0.185 seconds
[2025-12-04T19:40:15.409+0500] {processor.py:161} INFO - Started process (PID=14846) to work on /Library/Frameworks/Python.framework/Versions/3.11/lib/python3.11/site-packages/airflow/example_dags/tutorial_taskflow_api.py
[2025-12-04T19:40:15.410+0500] {processor.py:830} INFO - Processing file /Library/Frameworks/Python.framework/Versions/3.11/lib/python3.11/site-packages/airflow/example_dags/tutorial_taskflow_api.py for tasks to queue
[2025-12-04T19:40:15.412+0500] {logging_mixin.py:188} INFO - [2025-12-04T19:40:15.411+0500] {dagbag.py:545} INFO - Filling up the DagBag from /Library/Frameworks/Python.framework/Versions/3.11/lib/python3.11/site-packages/airflow/example_dags/tutorial_taskflow_api.py
[2025-12-04T19:40:15.463+0500] {processor.py:840} INFO - DAG(s) 'tutorial_taskflow_api' retrieved from /Library/Frameworks/Python.framework/Versions/3.11/lib/python3.11/site-packages/airflow/example_dags/tutorial_taskflow_api.py
[2025-12-04T19:40:15.598+0500] {logging_mixin.py:188} INFO - [2025-12-04T19:40:15.597+0500] {dag.py:3089} INFO - Sync 1 DAGs
[2025-12-04T19:40:15.610+0500] {logging_mixin.py:188} INFO - [2025-12-04T19:40:15.610+0500] {dag.py:3947} INFO - Setting next_dagrun for tutorial_taskflow_api to None, run_after=None
[2025-12-04T19:40:15.633+0500] {processor.py:183} INFO - Processing /Library/Frameworks/Python.framework/Versions/3.11/lib/python3.11/site-packages/airflow/example_dags/tutorial_taskflow_api.py took 0.231 seconds
[2025-12-04T19:42:32.322+0500] {processor.py:161} INFO - Started process (PID=14927) to work on /Library/Frameworks/Python.framework/Versions/3.11/lib/python3.11/site-packages/airflow/example_dags/tutorial_taskflow_api.py
[2025-12-04T19:42:32.325+0500] {processor.py:830} INFO - Processing file /Library/Frameworks/Python.framework/Versions/3.11/lib/python3.11/site-packages/airflow/example_dags/tutorial_taskflow_api.py for tasks to queue
[2025-12-04T19:42:32.326+0500] {logging_mixin.py:188} INFO - [2025-12-04T19:42:32.325+0500] {dagbag.py:545} INFO - Filling up the DagBag from /Library/Frameworks/Python.framework/Versions/3.11/lib/python3.11/site-packages/airflow/example_dags/tutorial_taskflow_api.py
[2025-12-04T19:42:32.363+0500] {processor.py:840} INFO - DAG(s) 'tutorial_taskflow_api' retrieved from /Library/Frameworks/Python.framework/Versions/3.11/lib/python3.11/site-packages/airflow/example_dags/tutorial_taskflow_api.py
[2025-12-04T19:42:32.507+0500] {logging_mixin.py:188} INFO - [2025-12-04T19:42:32.507+0500] {dag.py:3089} INFO - Sync 1 DAGs
[2025-12-04T19:42:32.521+0500] {logging_mixin.py:188} INFO - [2025-12-04T19:42:32.520+0500] {dag.py:3947} INFO - Setting next_dagrun for tutorial_taskflow_api to None, run_after=None
[2025-12-04T19:42:32.551+0500] {processor.py:183} INFO - Processing /Library/Frameworks/Python.framework/Versions/3.11/lib/python3.11/site-packages/airflow/example_dags/tutorial_taskflow_api.py took 0.231 seconds
[2025-12-04T19:44:50.869+0500] {processor.py:161} INFO - Started process (PID=14999) to work on /Library/Frameworks/Python.framework/Versions/3.11/lib/python3.11/site-packages/airflow/example_dags/tutorial_taskflow_api.py
[2025-12-04T19:44:50.871+0500] {processor.py:830} INFO - Processing file /Library/Frameworks/Python.framework/Versions/3.11/lib/python3.11/site-packages/airflow/example_dags/tutorial_taskflow_api.py for tasks to queue
[2025-12-04T19:44:50.873+0500] {logging_mixin.py:188} INFO - [2025-12-04T19:44:50.872+0500] {dagbag.py:545} INFO - Filling up the DagBag from /Library/Frameworks/Python.framework/Versions/3.11/lib/python3.11/site-packages/airflow/example_dags/tutorial_taskflow_api.py
[2025-12-04T19:44:50.916+0500] {processor.py:840} INFO - DAG(s) 'tutorial_taskflow_api' retrieved from /Library/Frameworks/Python.framework/Versions/3.11/lib/python3.11/site-packages/airflow/example_dags/tutorial_taskflow_api.py
[2025-12-04T19:44:51.060+0500] {logging_mixin.py:188} INFO - [2025-12-04T19:44:51.059+0500] {dag.py:3089} INFO - Sync 1 DAGs
[2025-12-04T19:44:51.071+0500] {logging_mixin.py:188} INFO - [2025-12-04T19:44:51.071+0500] {dag.py:3947} INFO - Setting next_dagrun for tutorial_taskflow_api to None, run_after=None
[2025-12-04T19:44:51.093+0500] {processor.py:183} INFO - Processing /Library/Frameworks/Python.framework/Versions/3.11/lib/python3.11/site-packages/airflow/example_dags/tutorial_taskflow_api.py took 0.227 seconds
[2025-12-04T19:47:19.683+0500] {processor.py:161} INFO - Started process (PID=15100) to work on /Library/Frameworks/Python.framework/Versions/3.11/lib/python3.11/site-packages/airflow/example_dags/tutorial_taskflow_api.py
[2025-12-04T19:47:19.685+0500] {processor.py:830} INFO - Processing file /Library/Frameworks/Python.framework/Versions/3.11/lib/python3.11/site-packages/airflow/example_dags/tutorial_taskflow_api.py for tasks to queue
[2025-12-04T19:47:19.686+0500] {logging_mixin.py:188} INFO - [2025-12-04T19:47:19.686+0500] {dagbag.py:545} INFO - Filling up the DagBag from /Library/Frameworks/Python.framework/Versions/3.11/lib/python3.11/site-packages/airflow/example_dags/tutorial_taskflow_api.py
[2025-12-04T19:47:19.724+0500] {processor.py:840} INFO - DAG(s) 'tutorial_taskflow_api' retrieved from /Library/Frameworks/Python.framework/Versions/3.11/lib/python3.11/site-packages/airflow/example_dags/tutorial_taskflow_api.py
[2025-12-04T19:47:19.835+0500] {logging_mixin.py:188} INFO - [2025-12-04T19:47:19.834+0500] {dag.py:3089} INFO - Sync 1 DAGs
[2025-12-04T19:47:19.846+0500] {logging_mixin.py:188} INFO - [2025-12-04T19:47:19.846+0500] {dag.py:3947} INFO - Setting next_dagrun for tutorial_taskflow_api to None, run_after=None
[2025-12-04T19:47:19.867+0500] {processor.py:183} INFO - Processing /Library/Frameworks/Python.framework/Versions/3.11/lib/python3.11/site-packages/airflow/example_dags/tutorial_taskflow_api.py took 0.187 seconds
[2025-12-04T19:49:30.442+0500] {processor.py:161} INFO - Started process (PID=15171) to work on /Library/Frameworks/Python.framework/Versions/3.11/lib/python3.11/site-packages/airflow/example_dags/tutorial_taskflow_api.py
[2025-12-04T19:49:30.444+0500] {processor.py:830} INFO - Processing file /Library/Frameworks/Python.framework/Versions/3.11/lib/python3.11/site-packages/airflow/example_dags/tutorial_taskflow_api.py for tasks to queue
[2025-12-04T19:49:30.445+0500] {logging_mixin.py:188} INFO - [2025-12-04T19:49:30.445+0500] {dagbag.py:545} INFO - Filling up the DagBag from /Library/Frameworks/Python.framework/Versions/3.11/lib/python3.11/site-packages/airflow/example_dags/tutorial_taskflow_api.py
[2025-12-04T19:49:30.483+0500] {processor.py:840} INFO - DAG(s) 'tutorial_taskflow_api' retrieved from /Library/Frameworks/Python.framework/Versions/3.11/lib/python3.11/site-packages/airflow/example_dags/tutorial_taskflow_api.py
[2025-12-04T19:49:30.596+0500] {logging_mixin.py:188} INFO - [2025-12-04T19:49:30.596+0500] {dag.py:3089} INFO - Sync 1 DAGs
[2025-12-04T19:49:30.607+0500] {logging_mixin.py:188} INFO - [2025-12-04T19:49:30.607+0500] {dag.py:3947} INFO - Setting next_dagrun for tutorial_taskflow_api to None, run_after=None
[2025-12-04T19:49:30.628+0500] {processor.py:183} INFO - Processing /Library/Frameworks/Python.framework/Versions/3.11/lib/python3.11/site-packages/airflow/example_dags/tutorial_taskflow_api.py took 0.188 seconds
[2025-12-04T19:51:27.215+0500] {processor.py:161} INFO - Started process (PID=15234) to work on /Library/Frameworks/Python.framework/Versions/3.11/lib/python3.11/site-packages/airflow/example_dags/tutorial_taskflow_api.py
[2025-12-04T19:51:27.217+0500] {processor.py:830} INFO - Processing file /Library/Frameworks/Python.framework/Versions/3.11/lib/python3.11/site-packages/airflow/example_dags/tutorial_taskflow_api.py for tasks to queue
[2025-12-04T19:51:27.218+0500] {logging_mixin.py:188} INFO - [2025-12-04T19:51:27.218+0500] {dagbag.py:545} INFO - Filling up the DagBag from /Library/Frameworks/Python.framework/Versions/3.11/lib/python3.11/site-packages/airflow/example_dags/tutorial_taskflow_api.py
[2025-12-04T19:51:27.259+0500] {processor.py:840} INFO - DAG(s) 'tutorial_taskflow_api' retrieved from /Library/Frameworks/Python.framework/Versions/3.11/lib/python3.11/site-packages/airflow/example_dags/tutorial_taskflow_api.py
[2025-12-04T19:51:27.369+0500] {logging_mixin.py:188} INFO - [2025-12-04T19:51:27.369+0500] {dag.py:3089} INFO - Sync 1 DAGs
[2025-12-04T19:51:27.380+0500] {logging_mixin.py:188} INFO - [2025-12-04T19:51:27.380+0500] {dag.py:3947} INFO - Setting next_dagrun for tutorial_taskflow_api to None, run_after=None
[2025-12-04T19:51:27.400+0500] {processor.py:183} INFO - Processing /Library/Frameworks/Python.framework/Versions/3.11/lib/python3.11/site-packages/airflow/example_dags/tutorial_taskflow_api.py took 0.188 seconds
[2025-12-04T19:53:25.888+0500] {processor.py:161} INFO - Started process (PID=15350) to work on /Library/Frameworks/Python.framework/Versions/3.11/lib/python3.11/site-packages/airflow/example_dags/tutorial_taskflow_api.py
[2025-12-04T19:53:25.890+0500] {processor.py:830} INFO - Processing file /Library/Frameworks/Python.framework/Versions/3.11/lib/python3.11/site-packages/airflow/example_dags/tutorial_taskflow_api.py for tasks to queue
[2025-12-04T19:53:25.891+0500] {logging_mixin.py:188} INFO - [2025-12-04T19:53:25.891+0500] {dagbag.py:545} INFO - Filling up the DagBag from /Library/Frameworks/Python.framework/Versions/3.11/lib/python3.11/site-packages/airflow/example_dags/tutorial_taskflow_api.py
[2025-12-04T19:53:25.928+0500] {processor.py:840} INFO - DAG(s) 'tutorial_taskflow_api' retrieved from /Library/Frameworks/Python.framework/Versions/3.11/lib/python3.11/site-packages/airflow/example_dags/tutorial_taskflow_api.py
[2025-12-04T19:53:26.038+0500] {logging_mixin.py:188} INFO - [2025-12-04T19:53:26.037+0500] {dag.py:3089} INFO - Sync 1 DAGs
[2025-12-04T19:53:26.048+0500] {logging_mixin.py:188} INFO - [2025-12-04T19:53:26.048+0500] {dag.py:3947} INFO - Setting next_dagrun for tutorial_taskflow_api to None, run_after=None
[2025-12-04T19:53:26.069+0500] {processor.py:183} INFO - Processing /Library/Frameworks/Python.framework/Versions/3.11/lib/python3.11/site-packages/airflow/example_dags/tutorial_taskflow_api.py took 0.184 seconds
[2025-12-04T19:55:20.599+0500] {processor.py:161} INFO - Started process (PID=15413) to work on /Library/Frameworks/Python.framework/Versions/3.11/lib/python3.11/site-packages/airflow/example_dags/tutorial_taskflow_api.py
[2025-12-04T19:55:20.601+0500] {processor.py:830} INFO - Processing file /Library/Frameworks/Python.framework/Versions/3.11/lib/python3.11/site-packages/airflow/example_dags/tutorial_taskflow_api.py for tasks to queue
[2025-12-04T19:55:20.602+0500] {logging_mixin.py:188} INFO - [2025-12-04T19:55:20.602+0500] {dagbag.py:545} INFO - Filling up the DagBag from /Library/Frameworks/Python.framework/Versions/3.11/lib/python3.11/site-packages/airflow/example_dags/tutorial_taskflow_api.py
[2025-12-04T19:55:20.640+0500] {processor.py:840} INFO - DAG(s) 'tutorial_taskflow_api' retrieved from /Library/Frameworks/Python.framework/Versions/3.11/lib/python3.11/site-packages/airflow/example_dags/tutorial_taskflow_api.py
[2025-12-04T19:55:20.755+0500] {logging_mixin.py:188} INFO - [2025-12-04T19:55:20.755+0500] {dag.py:3089} INFO - Sync 1 DAGs
[2025-12-04T19:55:20.767+0500] {logging_mixin.py:188} INFO - [2025-12-04T19:55:20.767+0500] {dag.py:3947} INFO - Setting next_dagrun for tutorial_taskflow_api to None, run_after=None
[2025-12-04T19:55:20.788+0500] {processor.py:183} INFO - Processing /Library/Frameworks/Python.framework/Versions/3.11/lib/python3.11/site-packages/airflow/example_dags/tutorial_taskflow_api.py took 0.192 seconds
[2025-12-04T19:57:14.683+0500] {processor.py:161} INFO - Started process (PID=15477) to work on /Library/Frameworks/Python.framework/Versions/3.11/lib/python3.11/site-packages/airflow/example_dags/tutorial_taskflow_api.py
[2025-12-04T19:57:14.685+0500] {processor.py:830} INFO - Processing file /Library/Frameworks/Python.framework/Versions/3.11/lib/python3.11/site-packages/airflow/example_dags/tutorial_taskflow_api.py for tasks to queue
[2025-12-04T19:57:14.686+0500] {logging_mixin.py:188} INFO - [2025-12-04T19:57:14.686+0500] {dagbag.py:545} INFO - Filling up the DagBag from /Library/Frameworks/Python.framework/Versions/3.11/lib/python3.11/site-packages/airflow/example_dags/tutorial_taskflow_api.py
[2025-12-04T19:57:14.727+0500] {processor.py:840} INFO - DAG(s) 'tutorial_taskflow_api' retrieved from /Library/Frameworks/Python.framework/Versions/3.11/lib/python3.11/site-packages/airflow/example_dags/tutorial_taskflow_api.py
[2025-12-04T19:57:14.840+0500] {logging_mixin.py:188} INFO - [2025-12-04T19:57:14.840+0500] {dag.py:3089} INFO - Sync 1 DAGs
[2025-12-04T19:57:14.851+0500] {logging_mixin.py:188} INFO - [2025-12-04T19:57:14.851+0500] {dag.py:3947} INFO - Setting next_dagrun for tutorial_taskflow_api to None, run_after=None
[2025-12-04T19:57:14.872+0500] {processor.py:183} INFO - Processing /Library/Frameworks/Python.framework/Versions/3.11/lib/python3.11/site-packages/airflow/example_dags/tutorial_taskflow_api.py took 0.192 seconds
[2025-12-04T20:40:56.440+0500] {processor.py:161} INFO - Started process (PID=15573) to work on /Library/Frameworks/Python.framework/Versions/3.11/lib/python3.11/site-packages/airflow/example_dags/tutorial_taskflow_api.py
[2025-12-04T20:40:56.442+0500] {processor.py:830} INFO - Processing file /Library/Frameworks/Python.framework/Versions/3.11/lib/python3.11/site-packages/airflow/example_dags/tutorial_taskflow_api.py for tasks to queue
[2025-12-04T20:40:56.443+0500] {logging_mixin.py:188} INFO - [2025-12-04T20:40:56.443+0500] {dagbag.py:545} INFO - Filling up the DagBag from /Library/Frameworks/Python.framework/Versions/3.11/lib/python3.11/site-packages/airflow/example_dags/tutorial_taskflow_api.py
[2025-12-04T20:40:56.515+0500] {processor.py:840} INFO - DAG(s) 'tutorial_taskflow_api' retrieved from /Library/Frameworks/Python.framework/Versions/3.11/lib/python3.11/site-packages/airflow/example_dags/tutorial_taskflow_api.py
[2025-12-04T20:40:56.710+0500] {logging_mixin.py:188} INFO - [2025-12-04T20:40:56.710+0500] {dag.py:3089} INFO - Sync 1 DAGs
[2025-12-04T20:40:56.725+0500] {logging_mixin.py:188} INFO - [2025-12-04T20:40:56.725+0500] {dag.py:3947} INFO - Setting next_dagrun for tutorial_taskflow_api to None, run_after=None
[2025-12-04T20:40:56.749+0500] {processor.py:183} INFO - Processing /Library/Frameworks/Python.framework/Versions/3.11/lib/python3.11/site-packages/airflow/example_dags/tutorial_taskflow_api.py took 0.315 seconds
[2025-12-04T20:44:06.579+0500] {processor.py:161} INFO - Started process (PID=15747) to work on /Library/Frameworks/Python.framework/Versions/3.11/lib/python3.11/site-packages/airflow/example_dags/tutorial_taskflow_api.py
[2025-12-04T20:44:06.582+0500] {processor.py:830} INFO - Processing file /Library/Frameworks/Python.framework/Versions/3.11/lib/python3.11/site-packages/airflow/example_dags/tutorial_taskflow_api.py for tasks to queue
[2025-12-04T20:44:06.583+0500] {logging_mixin.py:188} INFO - [2025-12-04T20:44:06.583+0500] {dagbag.py:545} INFO - Filling up the DagBag from /Library/Frameworks/Python.framework/Versions/3.11/lib/python3.11/site-packages/airflow/example_dags/tutorial_taskflow_api.py
[2025-12-04T20:44:06.639+0500] {processor.py:840} INFO - DAG(s) 'tutorial_taskflow_api' retrieved from /Library/Frameworks/Python.framework/Versions/3.11/lib/python3.11/site-packages/airflow/example_dags/tutorial_taskflow_api.py
[2025-12-04T20:44:06.803+0500] {logging_mixin.py:188} INFO - [2025-12-04T20:44:06.803+0500] {dag.py:3089} INFO - Sync 1 DAGs
[2025-12-04T20:44:06.817+0500] {logging_mixin.py:188} INFO - [2025-12-04T20:44:06.816+0500] {dag.py:3947} INFO - Setting next_dagrun for tutorial_taskflow_api to None, run_after=None
[2025-12-04T20:44:06.840+0500] {processor.py:183} INFO - Processing /Library/Frameworks/Python.framework/Versions/3.11/lib/python3.11/site-packages/airflow/example_dags/tutorial_taskflow_api.py took 0.264 seconds
[2025-12-04T20:46:40.627+0500] {processor.py:161} INFO - Started process (PID=15834) to work on /Library/Frameworks/Python.framework/Versions/3.11/lib/python3.11/site-packages/airflow/example_dags/tutorial_taskflow_api.py
[2025-12-04T20:46:40.629+0500] {processor.py:830} INFO - Processing file /Library/Frameworks/Python.framework/Versions/3.11/lib/python3.11/site-packages/airflow/example_dags/tutorial_taskflow_api.py for tasks to queue
[2025-12-04T20:46:40.630+0500] {logging_mixin.py:188} INFO - [2025-12-04T20:46:40.630+0500] {dagbag.py:545} INFO - Filling up the DagBag from /Library/Frameworks/Python.framework/Versions/3.11/lib/python3.11/site-packages/airflow/example_dags/tutorial_taskflow_api.py
[2025-12-04T20:46:40.668+0500] {processor.py:840} INFO - DAG(s) 'tutorial_taskflow_api' retrieved from /Library/Frameworks/Python.framework/Versions/3.11/lib/python3.11/site-packages/airflow/example_dags/tutorial_taskflow_api.py
[2025-12-04T20:46:40.783+0500] {logging_mixin.py:188} INFO - [2025-12-04T20:46:40.783+0500] {dag.py:3089} INFO - Sync 1 DAGs
[2025-12-04T20:46:40.794+0500] {logging_mixin.py:188} INFO - [2025-12-04T20:46:40.794+0500] {dag.py:3947} INFO - Setting next_dagrun for tutorial_taskflow_api to None, run_after=None
[2025-12-04T20:46:40.815+0500] {processor.py:183} INFO - Processing /Library/Frameworks/Python.framework/Versions/3.11/lib/python3.11/site-packages/airflow/example_dags/tutorial_taskflow_api.py took 0.191 seconds
[2025-12-04T20:48:50.864+0500] {processor.py:161} INFO - Started process (PID=15902) to work on /Library/Frameworks/Python.framework/Versions/3.11/lib/python3.11/site-packages/airflow/example_dags/tutorial_taskflow_api.py
[2025-12-04T20:48:50.865+0500] {processor.py:830} INFO - Processing file /Library/Frameworks/Python.framework/Versions/3.11/lib/python3.11/site-packages/airflow/example_dags/tutorial_taskflow_api.py for tasks to queue
[2025-12-04T20:48:50.866+0500] {logging_mixin.py:188} INFO - [2025-12-04T20:48:50.866+0500] {dagbag.py:545} INFO - Filling up the DagBag from /Library/Frameworks/Python.framework/Versions/3.11/lib/python3.11/site-packages/airflow/example_dags/tutorial_taskflow_api.py
[2025-12-04T20:48:50.920+0500] {processor.py:840} INFO - DAG(s) 'tutorial_taskflow_api' retrieved from /Library/Frameworks/Python.framework/Versions/3.11/lib/python3.11/site-packages/airflow/example_dags/tutorial_taskflow_api.py
[2025-12-04T20:48:51.045+0500] {logging_mixin.py:188} INFO - [2025-12-04T20:48:51.045+0500] {dag.py:3089} INFO - Sync 1 DAGs
[2025-12-04T20:48:51.056+0500] {logging_mixin.py:188} INFO - [2025-12-04T20:48:51.056+0500] {dag.py:3947} INFO - Setting next_dagrun for tutorial_taskflow_api to None, run_after=None
[2025-12-04T20:48:51.076+0500] {processor.py:183} INFO - Processing /Library/Frameworks/Python.framework/Versions/3.11/lib/python3.11/site-packages/airflow/example_dags/tutorial_taskflow_api.py took 0.216 seconds
