[2025-12-04T18:18:17.614+0500] {processor.py:161} INFO - Started process (PID=11681) to work on /Library/Frameworks/Python.framework/Versions/3.11/lib/python3.11/site-packages/airflow/example_dags/tutorial_objectstorage.py
[2025-12-04T18:18:17.616+0500] {processor.py:830} INFO - Processing file /Library/Frameworks/Python.framework/Versions/3.11/lib/python3.11/site-packages/airflow/example_dags/tutorial_objectstorage.py for tasks to queue
[2025-12-04T18:18:17.617+0500] {logging_mixin.py:188} INFO - [2025-12-04T18:18:17.617+0500] {dagbag.py:545} INFO - Filling up the DagBag from /Library/Frameworks/Python.framework/Versions/3.11/lib/python3.11/site-packages/airflow/example_dags/tutorial_objectstorage.py
[2025-12-04T18:18:17.704+0500] {processor.py:840} INFO - DAG(s) 'tutorial_objectstorage' retrieved from /Library/Frameworks/Python.framework/Versions/3.11/lib/python3.11/site-packages/airflow/example_dags/tutorial_objectstorage.py
[2025-12-04T18:18:17.970+0500] {logging_mixin.py:188} INFO - [2025-12-04T18:18:17.969+0500] {override.py:1858} INFO - Created Permission View: can read on DAG:tutorial_objectstorage
[2025-12-04T18:18:17.981+0500] {logging_mixin.py:188} INFO - [2025-12-04T18:18:17.981+0500] {override.py:1858} INFO - Created Permission View: can delete on DAG:tutorial_objectstorage
[2025-12-04T18:18:17.990+0500] {logging_mixin.py:188} INFO - [2025-12-04T18:18:17.989+0500] {override.py:1858} INFO - Created Permission View: can edit on DAG:tutorial_objectstorage
[2025-12-04T18:18:17.990+0500] {logging_mixin.py:188} INFO - [2025-12-04T18:18:17.990+0500] {dag.py:3089} INFO - Sync 1 DAGs
[2025-12-04T18:18:18.000+0500] {logging_mixin.py:188} INFO - [2025-12-04T18:18:18.000+0500] {dag.py:3111} INFO - Creating ORM DAG for tutorial_objectstorage
[2025-12-04T18:18:18.001+0500] {logging_mixin.py:188} INFO - [2025-12-04T18:18:18.001+0500] {dag.py:3947} INFO - Setting next_dagrun for tutorial_objectstorage to None, run_after=None
[2025-12-04T18:18:18.031+0500] {processor.py:183} INFO - Processing /Library/Frameworks/Python.framework/Versions/3.11/lib/python3.11/site-packages/airflow/example_dags/tutorial_objectstorage.py took 0.420 seconds
[2025-12-04T18:21:11.113+0500] {processor.py:161} INFO - Started process (PID=11771) to work on /Library/Frameworks/Python.framework/Versions/3.11/lib/python3.11/site-packages/airflow/example_dags/tutorial_objectstorage.py
[2025-12-04T18:21:11.115+0500] {processor.py:830} INFO - Processing file /Library/Frameworks/Python.framework/Versions/3.11/lib/python3.11/site-packages/airflow/example_dags/tutorial_objectstorage.py for tasks to queue
[2025-12-04T18:21:11.116+0500] {logging_mixin.py:188} INFO - [2025-12-04T18:21:11.116+0500] {dagbag.py:545} INFO - Filling up the DagBag from /Library/Frameworks/Python.framework/Versions/3.11/lib/python3.11/site-packages/airflow/example_dags/tutorial_objectstorage.py
[2025-12-04T18:21:11.279+0500] {processor.py:840} INFO - DAG(s) 'tutorial_objectstorage' retrieved from /Library/Frameworks/Python.framework/Versions/3.11/lib/python3.11/site-packages/airflow/example_dags/tutorial_objectstorage.py
[2025-12-04T18:21:11.385+0500] {logging_mixin.py:188} INFO - [2025-12-04T18:21:11.385+0500] {dag.py:3089} INFO - Sync 1 DAGs
[2025-12-04T18:21:11.394+0500] {logging_mixin.py:188} INFO - [2025-12-04T18:21:11.394+0500] {dag.py:3947} INFO - Setting next_dagrun for tutorial_objectstorage to None, run_after=None
[2025-12-04T18:21:11.421+0500] {processor.py:183} INFO - Processing /Library/Frameworks/Python.framework/Versions/3.11/lib/python3.11/site-packages/airflow/example_dags/tutorial_objectstorage.py took 0.311 seconds
[2025-12-04T18:23:17.056+0500] {processor.py:161} INFO - Started process (PID=11860) to work on /Library/Frameworks/Python.framework/Versions/3.11/lib/python3.11/site-packages/airflow/example_dags/tutorial_objectstorage.py
[2025-12-04T18:23:17.058+0500] {processor.py:830} INFO - Processing file /Library/Frameworks/Python.framework/Versions/3.11/lib/python3.11/site-packages/airflow/example_dags/tutorial_objectstorage.py for tasks to queue
[2025-12-04T18:23:17.059+0500] {logging_mixin.py:188} INFO - [2025-12-04T18:23:17.058+0500] {dagbag.py:545} INFO - Filling up the DagBag from /Library/Frameworks/Python.framework/Versions/3.11/lib/python3.11/site-packages/airflow/example_dags/tutorial_objectstorage.py
[2025-12-04T18:23:17.223+0500] {processor.py:840} INFO - DAG(s) 'tutorial_objectstorage' retrieved from /Library/Frameworks/Python.framework/Versions/3.11/lib/python3.11/site-packages/airflow/example_dags/tutorial_objectstorage.py
[2025-12-04T18:23:17.331+0500] {logging_mixin.py:188} INFO - [2025-12-04T18:23:17.331+0500] {dag.py:3089} INFO - Sync 1 DAGs
[2025-12-04T18:23:17.341+0500] {logging_mixin.py:188} INFO - [2025-12-04T18:23:17.340+0500] {dag.py:3947} INFO - Setting next_dagrun for tutorial_objectstorage to None, run_after=None
[2025-12-04T18:23:17.363+0500] {processor.py:183} INFO - Processing /Library/Frameworks/Python.framework/Versions/3.11/lib/python3.11/site-packages/airflow/example_dags/tutorial_objectstorage.py took 0.310 seconds
[2025-12-04T18:25:18.770+0500] {processor.py:161} INFO - Started process (PID=11948) to work on /Library/Frameworks/Python.framework/Versions/3.11/lib/python3.11/site-packages/airflow/example_dags/tutorial_objectstorage.py
[2025-12-04T18:25:18.772+0500] {processor.py:830} INFO - Processing file /Library/Frameworks/Python.framework/Versions/3.11/lib/python3.11/site-packages/airflow/example_dags/tutorial_objectstorage.py for tasks to queue
[2025-12-04T18:25:18.773+0500] {logging_mixin.py:188} INFO - [2025-12-04T18:25:18.773+0500] {dagbag.py:545} INFO - Filling up the DagBag from /Library/Frameworks/Python.framework/Versions/3.11/lib/python3.11/site-packages/airflow/example_dags/tutorial_objectstorage.py
[2025-12-04T18:25:18.928+0500] {processor.py:840} INFO - DAG(s) 'tutorial_objectstorage' retrieved from /Library/Frameworks/Python.framework/Versions/3.11/lib/python3.11/site-packages/airflow/example_dags/tutorial_objectstorage.py
[2025-12-04T18:25:19.041+0500] {logging_mixin.py:188} INFO - [2025-12-04T18:25:19.041+0500] {dag.py:3089} INFO - Sync 1 DAGs
[2025-12-04T18:25:19.051+0500] {logging_mixin.py:188} INFO - [2025-12-04T18:25:19.051+0500] {dag.py:3947} INFO - Setting next_dagrun for tutorial_objectstorage to None, run_after=None
[2025-12-04T18:25:19.073+0500] {processor.py:183} INFO - Processing /Library/Frameworks/Python.framework/Versions/3.11/lib/python3.11/site-packages/airflow/example_dags/tutorial_objectstorage.py took 0.306 seconds
[2025-12-04T18:27:29.645+0500] {processor.py:161} INFO - Started process (PID=12059) to work on /Library/Frameworks/Python.framework/Versions/3.11/lib/python3.11/site-packages/airflow/example_dags/tutorial_objectstorage.py
[2025-12-04T18:27:29.646+0500] {processor.py:830} INFO - Processing file /Library/Frameworks/Python.framework/Versions/3.11/lib/python3.11/site-packages/airflow/example_dags/tutorial_objectstorage.py for tasks to queue
[2025-12-04T18:27:29.647+0500] {logging_mixin.py:188} INFO - [2025-12-04T18:27:29.647+0500] {dagbag.py:545} INFO - Filling up the DagBag from /Library/Frameworks/Python.framework/Versions/3.11/lib/python3.11/site-packages/airflow/example_dags/tutorial_objectstorage.py
[2025-12-04T18:27:29.811+0500] {processor.py:840} INFO - DAG(s) 'tutorial_objectstorage' retrieved from /Library/Frameworks/Python.framework/Versions/3.11/lib/python3.11/site-packages/airflow/example_dags/tutorial_objectstorage.py
[2025-12-04T18:27:29.922+0500] {logging_mixin.py:188} INFO - [2025-12-04T18:27:29.921+0500] {dag.py:3089} INFO - Sync 1 DAGs
[2025-12-04T18:27:29.932+0500] {logging_mixin.py:188} INFO - [2025-12-04T18:27:29.932+0500] {dag.py:3947} INFO - Setting next_dagrun for tutorial_objectstorage to None, run_after=None
[2025-12-04T18:27:29.965+0500] {processor.py:183} INFO - Processing /Library/Frameworks/Python.framework/Versions/3.11/lib/python3.11/site-packages/airflow/example_dags/tutorial_objectstorage.py took 0.323 seconds
[2025-12-04T18:29:58.489+0500] {processor.py:161} INFO - Started process (PID=12174) to work on /Library/Frameworks/Python.framework/Versions/3.11/lib/python3.11/site-packages/airflow/example_dags/tutorial_objectstorage.py
[2025-12-04T18:29:58.492+0500] {processor.py:830} INFO - Processing file /Library/Frameworks/Python.framework/Versions/3.11/lib/python3.11/site-packages/airflow/example_dags/tutorial_objectstorage.py for tasks to queue
[2025-12-04T18:29:58.493+0500] {logging_mixin.py:188} INFO - [2025-12-04T18:29:58.492+0500] {dagbag.py:545} INFO - Filling up the DagBag from /Library/Frameworks/Python.framework/Versions/3.11/lib/python3.11/site-packages/airflow/example_dags/tutorial_objectstorage.py
[2025-12-04T18:29:58.641+0500] {processor.py:840} INFO - DAG(s) 'tutorial_objectstorage' retrieved from /Library/Frameworks/Python.framework/Versions/3.11/lib/python3.11/site-packages/airflow/example_dags/tutorial_objectstorage.py
[2025-12-04T18:29:58.785+0500] {logging_mixin.py:188} INFO - [2025-12-04T18:29:58.785+0500] {dag.py:3089} INFO - Sync 1 DAGs
[2025-12-04T18:29:58.796+0500] {logging_mixin.py:188} INFO - [2025-12-04T18:29:58.795+0500] {dag.py:3947} INFO - Setting next_dagrun for tutorial_objectstorage to None, run_after=None
[2025-12-04T18:29:58.822+0500] {processor.py:183} INFO - Processing /Library/Frameworks/Python.framework/Versions/3.11/lib/python3.11/site-packages/airflow/example_dags/tutorial_objectstorage.py took 0.336 seconds
[2025-12-04T18:32:26.528+0500] {processor.py:161} INFO - Started process (PID=12272) to work on /Library/Frameworks/Python.framework/Versions/3.11/lib/python3.11/site-packages/airflow/example_dags/tutorial_objectstorage.py
[2025-12-04T18:32:26.531+0500] {processor.py:830} INFO - Processing file /Library/Frameworks/Python.framework/Versions/3.11/lib/python3.11/site-packages/airflow/example_dags/tutorial_objectstorage.py for tasks to queue
[2025-12-04T18:32:26.536+0500] {logging_mixin.py:188} INFO - [2025-12-04T18:32:26.536+0500] {dagbag.py:545} INFO - Filling up the DagBag from /Library/Frameworks/Python.framework/Versions/3.11/lib/python3.11/site-packages/airflow/example_dags/tutorial_objectstorage.py
[2025-12-04T18:32:27.008+0500] {processor.py:840} INFO - DAG(s) 'tutorial_objectstorage' retrieved from /Library/Frameworks/Python.framework/Versions/3.11/lib/python3.11/site-packages/airflow/example_dags/tutorial_objectstorage.py
[2025-12-04T18:32:27.272+0500] {logging_mixin.py:188} INFO - [2025-12-04T18:32:27.271+0500] {dag.py:3089} INFO - Sync 1 DAGs
[2025-12-04T18:32:27.285+0500] {logging_mixin.py:188} INFO - [2025-12-04T18:32:27.285+0500] {dag.py:3947} INFO - Setting next_dagrun for tutorial_objectstorage to None, run_after=None
[2025-12-04T18:32:27.315+0500] {processor.py:183} INFO - Processing /Library/Frameworks/Python.framework/Versions/3.11/lib/python3.11/site-packages/airflow/example_dags/tutorial_objectstorage.py took 0.790 seconds
[2025-12-04T18:34:46.706+0500] {processor.py:161} INFO - Started process (PID=12396) to work on /Library/Frameworks/Python.framework/Versions/3.11/lib/python3.11/site-packages/airflow/example_dags/tutorial_objectstorage.py
[2025-12-04T18:34:46.708+0500] {processor.py:830} INFO - Processing file /Library/Frameworks/Python.framework/Versions/3.11/lib/python3.11/site-packages/airflow/example_dags/tutorial_objectstorage.py for tasks to queue
[2025-12-04T18:34:46.709+0500] {logging_mixin.py:188} INFO - [2025-12-04T18:34:46.709+0500] {dagbag.py:545} INFO - Filling up the DagBag from /Library/Frameworks/Python.framework/Versions/3.11/lib/python3.11/site-packages/airflow/example_dags/tutorial_objectstorage.py
[2025-12-04T18:34:46.836+0500] {processor.py:840} INFO - DAG(s) 'tutorial_objectstorage' retrieved from /Library/Frameworks/Python.framework/Versions/3.11/lib/python3.11/site-packages/airflow/example_dags/tutorial_objectstorage.py
[2025-12-04T18:34:46.953+0500] {logging_mixin.py:188} INFO - [2025-12-04T18:34:46.953+0500] {dag.py:3089} INFO - Sync 1 DAGs
[2025-12-04T18:34:46.963+0500] {logging_mixin.py:188} INFO - [2025-12-04T18:34:46.963+0500] {dag.py:3947} INFO - Setting next_dagrun for tutorial_objectstorage to None, run_after=None
[2025-12-04T18:34:46.986+0500] {processor.py:183} INFO - Processing /Library/Frameworks/Python.framework/Versions/3.11/lib/python3.11/site-packages/airflow/example_dags/tutorial_objectstorage.py took 0.283 seconds
[2025-12-04T18:36:46.392+0500] {processor.py:161} INFO - Started process (PID=12463) to work on /Library/Frameworks/Python.framework/Versions/3.11/lib/python3.11/site-packages/airflow/example_dags/tutorial_objectstorage.py
[2025-12-04T18:36:46.394+0500] {processor.py:830} INFO - Processing file /Library/Frameworks/Python.framework/Versions/3.11/lib/python3.11/site-packages/airflow/example_dags/tutorial_objectstorage.py for tasks to queue
[2025-12-04T18:36:46.395+0500] {logging_mixin.py:188} INFO - [2025-12-04T18:36:46.395+0500] {dagbag.py:545} INFO - Filling up the DagBag from /Library/Frameworks/Python.framework/Versions/3.11/lib/python3.11/site-packages/airflow/example_dags/tutorial_objectstorage.py
[2025-12-04T18:36:46.540+0500] {processor.py:840} INFO - DAG(s) 'tutorial_objectstorage' retrieved from /Library/Frameworks/Python.framework/Versions/3.11/lib/python3.11/site-packages/airflow/example_dags/tutorial_objectstorage.py
[2025-12-04T18:36:46.648+0500] {logging_mixin.py:188} INFO - [2025-12-04T18:36:46.647+0500] {dag.py:3089} INFO - Sync 1 DAGs
[2025-12-04T18:36:46.657+0500] {logging_mixin.py:188} INFO - [2025-12-04T18:36:46.656+0500] {dag.py:3947} INFO - Setting next_dagrun for tutorial_objectstorage to None, run_after=None
[2025-12-04T18:36:46.680+0500] {processor.py:183} INFO - Processing /Library/Frameworks/Python.framework/Versions/3.11/lib/python3.11/site-packages/airflow/example_dags/tutorial_objectstorage.py took 0.291 seconds
[2025-12-04T18:38:38.598+0500] {processor.py:161} INFO - Started process (PID=12529) to work on /Library/Frameworks/Python.framework/Versions/3.11/lib/python3.11/site-packages/airflow/example_dags/tutorial_objectstorage.py
[2025-12-04T18:38:38.600+0500] {processor.py:830} INFO - Processing file /Library/Frameworks/Python.framework/Versions/3.11/lib/python3.11/site-packages/airflow/example_dags/tutorial_objectstorage.py for tasks to queue
[2025-12-04T18:38:38.601+0500] {logging_mixin.py:188} INFO - [2025-12-04T18:38:38.600+0500] {dagbag.py:545} INFO - Filling up the DagBag from /Library/Frameworks/Python.framework/Versions/3.11/lib/python3.11/site-packages/airflow/example_dags/tutorial_objectstorage.py
[2025-12-04T18:38:38.762+0500] {processor.py:840} INFO - DAG(s) 'tutorial_objectstorage' retrieved from /Library/Frameworks/Python.framework/Versions/3.11/lib/python3.11/site-packages/airflow/example_dags/tutorial_objectstorage.py
[2025-12-04T18:38:38.870+0500] {logging_mixin.py:188} INFO - [2025-12-04T18:38:38.869+0500] {dag.py:3089} INFO - Sync 1 DAGs
[2025-12-04T18:38:38.879+0500] {logging_mixin.py:188} INFO - [2025-12-04T18:38:38.879+0500] {dag.py:3947} INFO - Setting next_dagrun for tutorial_objectstorage to None, run_after=None
[2025-12-04T18:38:38.910+0500] {processor.py:183} INFO - Processing /Library/Frameworks/Python.framework/Versions/3.11/lib/python3.11/site-packages/airflow/example_dags/tutorial_objectstorage.py took 0.315 seconds
[2025-12-04T18:40:38.012+0500] {processor.py:161} INFO - Started process (PID=12606) to work on /Library/Frameworks/Python.framework/Versions/3.11/lib/python3.11/site-packages/airflow/example_dags/tutorial_objectstorage.py
[2025-12-04T18:40:38.014+0500] {processor.py:830} INFO - Processing file /Library/Frameworks/Python.framework/Versions/3.11/lib/python3.11/site-packages/airflow/example_dags/tutorial_objectstorage.py for tasks to queue
[2025-12-04T18:40:38.015+0500] {logging_mixin.py:188} INFO - [2025-12-04T18:40:38.015+0500] {dagbag.py:545} INFO - Filling up the DagBag from /Library/Frameworks/Python.framework/Versions/3.11/lib/python3.11/site-packages/airflow/example_dags/tutorial_objectstorage.py
[2025-12-04T18:40:38.173+0500] {processor.py:840} INFO - DAG(s) 'tutorial_objectstorage' retrieved from /Library/Frameworks/Python.framework/Versions/3.11/lib/python3.11/site-packages/airflow/example_dags/tutorial_objectstorage.py
[2025-12-04T18:40:38.294+0500] {logging_mixin.py:188} INFO - [2025-12-04T18:40:38.293+0500] {dag.py:3089} INFO - Sync 1 DAGs
[2025-12-04T18:40:38.309+0500] {logging_mixin.py:188} INFO - [2025-12-04T18:40:38.308+0500] {dag.py:3947} INFO - Setting next_dagrun for tutorial_objectstorage to None, run_after=None
[2025-12-04T18:40:38.335+0500] {processor.py:183} INFO - Processing /Library/Frameworks/Python.framework/Versions/3.11/lib/python3.11/site-packages/airflow/example_dags/tutorial_objectstorage.py took 0.327 seconds
[2025-12-04T18:42:47.309+0500] {processor.py:161} INFO - Started process (PID=12702) to work on /Library/Frameworks/Python.framework/Versions/3.11/lib/python3.11/site-packages/airflow/example_dags/tutorial_objectstorage.py
[2025-12-04T18:42:47.312+0500] {processor.py:830} INFO - Processing file /Library/Frameworks/Python.framework/Versions/3.11/lib/python3.11/site-packages/airflow/example_dags/tutorial_objectstorage.py for tasks to queue
[2025-12-04T18:42:47.313+0500] {logging_mixin.py:188} INFO - [2025-12-04T18:42:47.312+0500] {dagbag.py:545} INFO - Filling up the DagBag from /Library/Frameworks/Python.framework/Versions/3.11/lib/python3.11/site-packages/airflow/example_dags/tutorial_objectstorage.py
[2025-12-04T18:42:47.495+0500] {processor.py:840} INFO - DAG(s) 'tutorial_objectstorage' retrieved from /Library/Frameworks/Python.framework/Versions/3.11/lib/python3.11/site-packages/airflow/example_dags/tutorial_objectstorage.py
[2025-12-04T18:42:47.628+0500] {logging_mixin.py:188} INFO - [2025-12-04T18:42:47.627+0500] {dag.py:3089} INFO - Sync 1 DAGs
[2025-12-04T18:42:47.638+0500] {logging_mixin.py:188} INFO - [2025-12-04T18:42:47.638+0500] {dag.py:3947} INFO - Setting next_dagrun for tutorial_objectstorage to None, run_after=None
[2025-12-04T18:42:47.661+0500] {processor.py:183} INFO - Processing /Library/Frameworks/Python.framework/Versions/3.11/lib/python3.11/site-packages/airflow/example_dags/tutorial_objectstorage.py took 0.354 seconds
[2025-12-04T18:44:59.282+0500] {processor.py:161} INFO - Started process (PID=12792) to work on /Library/Frameworks/Python.framework/Versions/3.11/lib/python3.11/site-packages/airflow/example_dags/tutorial_objectstorage.py
[2025-12-04T18:44:59.284+0500] {processor.py:830} INFO - Processing file /Library/Frameworks/Python.framework/Versions/3.11/lib/python3.11/site-packages/airflow/example_dags/tutorial_objectstorage.py for tasks to queue
[2025-12-04T18:44:59.285+0500] {logging_mixin.py:188} INFO - [2025-12-04T18:44:59.285+0500] {dagbag.py:545} INFO - Filling up the DagBag from /Library/Frameworks/Python.framework/Versions/3.11/lib/python3.11/site-packages/airflow/example_dags/tutorial_objectstorage.py
[2025-12-04T18:44:59.440+0500] {processor.py:840} INFO - DAG(s) 'tutorial_objectstorage' retrieved from /Library/Frameworks/Python.framework/Versions/3.11/lib/python3.11/site-packages/airflow/example_dags/tutorial_objectstorage.py
[2025-12-04T18:44:59.545+0500] {logging_mixin.py:188} INFO - [2025-12-04T18:44:59.544+0500] {dag.py:3089} INFO - Sync 1 DAGs
[2025-12-04T18:44:59.554+0500] {logging_mixin.py:188} INFO - [2025-12-04T18:44:59.554+0500] {dag.py:3947} INFO - Setting next_dagrun for tutorial_objectstorage to None, run_after=None
[2025-12-04T18:44:59.577+0500] {processor.py:183} INFO - Processing /Library/Frameworks/Python.framework/Versions/3.11/lib/python3.11/site-packages/airflow/example_dags/tutorial_objectstorage.py took 0.297 seconds
[2025-12-04T18:46:57.872+0500] {processor.py:161} INFO - Started process (PID=12875) to work on /Library/Frameworks/Python.framework/Versions/3.11/lib/python3.11/site-packages/airflow/example_dags/tutorial_objectstorage.py
[2025-12-04T18:46:57.874+0500] {processor.py:830} INFO - Processing file /Library/Frameworks/Python.framework/Versions/3.11/lib/python3.11/site-packages/airflow/example_dags/tutorial_objectstorage.py for tasks to queue
[2025-12-04T18:46:57.875+0500] {logging_mixin.py:188} INFO - [2025-12-04T18:46:57.875+0500] {dagbag.py:545} INFO - Filling up the DagBag from /Library/Frameworks/Python.framework/Versions/3.11/lib/python3.11/site-packages/airflow/example_dags/tutorial_objectstorage.py
[2025-12-04T18:46:58.031+0500] {processor.py:840} INFO - DAG(s) 'tutorial_objectstorage' retrieved from /Library/Frameworks/Python.framework/Versions/3.11/lib/python3.11/site-packages/airflow/example_dags/tutorial_objectstorage.py
[2025-12-04T18:46:58.146+0500] {logging_mixin.py:188} INFO - [2025-12-04T18:46:58.146+0500] {dag.py:3089} INFO - Sync 1 DAGs
[2025-12-04T18:46:58.155+0500] {logging_mixin.py:188} INFO - [2025-12-04T18:46:58.155+0500] {dag.py:3947} INFO - Setting next_dagrun for tutorial_objectstorage to None, run_after=None
[2025-12-04T18:46:58.180+0500] {processor.py:183} INFO - Processing /Library/Frameworks/Python.framework/Versions/3.11/lib/python3.11/site-packages/airflow/example_dags/tutorial_objectstorage.py took 0.311 seconds
[2025-12-04T18:49:05.772+0500] {processor.py:161} INFO - Started process (PID=12945) to work on /Library/Frameworks/Python.framework/Versions/3.11/lib/python3.11/site-packages/airflow/example_dags/tutorial_objectstorage.py
[2025-12-04T18:49:05.775+0500] {processor.py:830} INFO - Processing file /Library/Frameworks/Python.framework/Versions/3.11/lib/python3.11/site-packages/airflow/example_dags/tutorial_objectstorage.py for tasks to queue
[2025-12-04T18:49:05.776+0500] {logging_mixin.py:188} INFO - [2025-12-04T18:49:05.775+0500] {dagbag.py:545} INFO - Filling up the DagBag from /Library/Frameworks/Python.framework/Versions/3.11/lib/python3.11/site-packages/airflow/example_dags/tutorial_objectstorage.py
[2025-12-04T18:49:05.943+0500] {processor.py:840} INFO - DAG(s) 'tutorial_objectstorage' retrieved from /Library/Frameworks/Python.framework/Versions/3.11/lib/python3.11/site-packages/airflow/example_dags/tutorial_objectstorage.py
[2025-12-04T18:49:06.051+0500] {logging_mixin.py:188} INFO - [2025-12-04T18:49:06.050+0500] {dag.py:3089} INFO - Sync 1 DAGs
[2025-12-04T18:49:06.060+0500] {logging_mixin.py:188} INFO - [2025-12-04T18:49:06.060+0500] {dag.py:3947} INFO - Setting next_dagrun for tutorial_objectstorage to None, run_after=None
[2025-12-04T18:49:06.082+0500] {processor.py:183} INFO - Processing /Library/Frameworks/Python.framework/Versions/3.11/lib/python3.11/site-packages/airflow/example_dags/tutorial_objectstorage.py took 0.314 seconds
[2025-12-04T18:51:21.748+0500] {processor.py:161} INFO - Started process (PID=13014) to work on /Library/Frameworks/Python.framework/Versions/3.11/lib/python3.11/site-packages/airflow/example_dags/tutorial_objectstorage.py
[2025-12-04T18:51:21.752+0500] {processor.py:830} INFO - Processing file /Library/Frameworks/Python.framework/Versions/3.11/lib/python3.11/site-packages/airflow/example_dags/tutorial_objectstorage.py for tasks to queue
[2025-12-04T18:51:21.753+0500] {logging_mixin.py:188} INFO - [2025-12-04T18:51:21.753+0500] {dagbag.py:545} INFO - Filling up the DagBag from /Library/Frameworks/Python.framework/Versions/3.11/lib/python3.11/site-packages/airflow/example_dags/tutorial_objectstorage.py
[2025-12-04T18:51:21.925+0500] {processor.py:840} INFO - DAG(s) 'tutorial_objectstorage' retrieved from /Library/Frameworks/Python.framework/Versions/3.11/lib/python3.11/site-packages/airflow/example_dags/tutorial_objectstorage.py
[2025-12-04T18:51:22.072+0500] {logging_mixin.py:188} INFO - [2025-12-04T18:51:22.071+0500] {dag.py:3089} INFO - Sync 1 DAGs
[2025-12-04T18:51:22.089+0500] {logging_mixin.py:188} INFO - [2025-12-04T18:51:22.089+0500] {dag.py:3947} INFO - Setting next_dagrun for tutorial_objectstorage to None, run_after=None
[2025-12-04T18:51:22.129+0500] {processor.py:183} INFO - Processing /Library/Frameworks/Python.framework/Versions/3.11/lib/python3.11/site-packages/airflow/example_dags/tutorial_objectstorage.py took 0.385 seconds
[2025-12-04T18:53:38.813+0500] {processor.py:161} INFO - Started process (PID=13116) to work on /Library/Frameworks/Python.framework/Versions/3.11/lib/python3.11/site-packages/airflow/example_dags/tutorial_objectstorage.py
[2025-12-04T18:53:38.815+0500] {processor.py:830} INFO - Processing file /Library/Frameworks/Python.framework/Versions/3.11/lib/python3.11/site-packages/airflow/example_dags/tutorial_objectstorage.py for tasks to queue
[2025-12-04T18:53:38.816+0500] {logging_mixin.py:188} INFO - [2025-12-04T18:53:38.816+0500] {dagbag.py:545} INFO - Filling up the DagBag from /Library/Frameworks/Python.framework/Versions/3.11/lib/python3.11/site-packages/airflow/example_dags/tutorial_objectstorage.py
[2025-12-04T18:53:38.971+0500] {processor.py:840} INFO - DAG(s) 'tutorial_objectstorage' retrieved from /Library/Frameworks/Python.framework/Versions/3.11/lib/python3.11/site-packages/airflow/example_dags/tutorial_objectstorage.py
[2025-12-04T18:53:39.076+0500] {logging_mixin.py:188} INFO - [2025-12-04T18:53:39.075+0500] {dag.py:3089} INFO - Sync 1 DAGs
[2025-12-04T18:53:39.085+0500] {logging_mixin.py:188} INFO - [2025-12-04T18:53:39.085+0500] {dag.py:3947} INFO - Setting next_dagrun for tutorial_objectstorage to None, run_after=None
[2025-12-04T18:53:39.105+0500] {processor.py:183} INFO - Processing /Library/Frameworks/Python.framework/Versions/3.11/lib/python3.11/site-packages/airflow/example_dags/tutorial_objectstorage.py took 0.295 seconds
[2025-12-04T18:55:52.499+0500] {processor.py:161} INFO - Started process (PID=13206) to work on /Library/Frameworks/Python.framework/Versions/3.11/lib/python3.11/site-packages/airflow/example_dags/tutorial_objectstorage.py
[2025-12-04T18:55:52.501+0500] {processor.py:830} INFO - Processing file /Library/Frameworks/Python.framework/Versions/3.11/lib/python3.11/site-packages/airflow/example_dags/tutorial_objectstorage.py for tasks to queue
[2025-12-04T18:55:52.502+0500] {logging_mixin.py:188} INFO - [2025-12-04T18:55:52.502+0500] {dagbag.py:545} INFO - Filling up the DagBag from /Library/Frameworks/Python.framework/Versions/3.11/lib/python3.11/site-packages/airflow/example_dags/tutorial_objectstorage.py
[2025-12-04T18:55:52.700+0500] {processor.py:840} INFO - DAG(s) 'tutorial_objectstorage' retrieved from /Library/Frameworks/Python.framework/Versions/3.11/lib/python3.11/site-packages/airflow/example_dags/tutorial_objectstorage.py
[2025-12-04T18:55:52.839+0500] {logging_mixin.py:188} INFO - [2025-12-04T18:55:52.838+0500] {dag.py:3089} INFO - Sync 1 DAGs
[2025-12-04T18:55:52.850+0500] {logging_mixin.py:188} INFO - [2025-12-04T18:55:52.848+0500] {dag.py:3947} INFO - Setting next_dagrun for tutorial_objectstorage to None, run_after=None
[2025-12-04T18:55:52.875+0500] {processor.py:183} INFO - Processing /Library/Frameworks/Python.framework/Versions/3.11/lib/python3.11/site-packages/airflow/example_dags/tutorial_objectstorage.py took 0.379 seconds
[2025-12-04T19:33:02.772+0500] {processor.py:161} INFO - Started process (PID=14548) to work on /Library/Frameworks/Python.framework/Versions/3.11/lib/python3.11/site-packages/airflow/example_dags/tutorial_objectstorage.py
[2025-12-04T19:33:02.775+0500] {processor.py:830} INFO - Processing file /Library/Frameworks/Python.framework/Versions/3.11/lib/python3.11/site-packages/airflow/example_dags/tutorial_objectstorage.py for tasks to queue
[2025-12-04T19:33:02.777+0500] {logging_mixin.py:188} INFO - [2025-12-04T19:33:02.776+0500] {dagbag.py:545} INFO - Filling up the DagBag from /Library/Frameworks/Python.framework/Versions/3.11/lib/python3.11/site-packages/airflow/example_dags/tutorial_objectstorage.py
[2025-12-04T19:33:02.908+0500] {processor.py:840} INFO - DAG(s) 'tutorial_objectstorage' retrieved from /Library/Frameworks/Python.framework/Versions/3.11/lib/python3.11/site-packages/airflow/example_dags/tutorial_objectstorage.py
[2025-12-04T19:33:03.091+0500] {logging_mixin.py:188} INFO - [2025-12-04T19:33:03.089+0500] {dag.py:3089} INFO - Sync 1 DAGs
[2025-12-04T19:33:03.105+0500] {logging_mixin.py:188} INFO - [2025-12-04T19:33:03.104+0500] {dag.py:3947} INFO - Setting next_dagrun for tutorial_objectstorage to None, run_after=None
[2025-12-04T19:33:03.137+0500] {processor.py:183} INFO - Processing /Library/Frameworks/Python.framework/Versions/3.11/lib/python3.11/site-packages/airflow/example_dags/tutorial_objectstorage.py took 0.369 seconds
[2025-12-04T19:35:51.104+0500] {processor.py:161} INFO - Started process (PID=14664) to work on /Library/Frameworks/Python.framework/Versions/3.11/lib/python3.11/site-packages/airflow/example_dags/tutorial_objectstorage.py
[2025-12-04T19:35:51.106+0500] {processor.py:830} INFO - Processing file /Library/Frameworks/Python.framework/Versions/3.11/lib/python3.11/site-packages/airflow/example_dags/tutorial_objectstorage.py for tasks to queue
[2025-12-04T19:35:51.107+0500] {logging_mixin.py:188} INFO - [2025-12-04T19:35:51.107+0500] {dagbag.py:545} INFO - Filling up the DagBag from /Library/Frameworks/Python.framework/Versions/3.11/lib/python3.11/site-packages/airflow/example_dags/tutorial_objectstorage.py
[2025-12-04T19:35:51.258+0500] {processor.py:840} INFO - DAG(s) 'tutorial_objectstorage' retrieved from /Library/Frameworks/Python.framework/Versions/3.11/lib/python3.11/site-packages/airflow/example_dags/tutorial_objectstorage.py
[2025-12-04T19:35:51.383+0500] {logging_mixin.py:188} INFO - [2025-12-04T19:35:51.382+0500] {dag.py:3089} INFO - Sync 1 DAGs
[2025-12-04T19:35:51.394+0500] {logging_mixin.py:188} INFO - [2025-12-04T19:35:51.393+0500] {dag.py:3947} INFO - Setting next_dagrun for tutorial_objectstorage to None, run_after=None
[2025-12-04T19:35:51.420+0500] {processor.py:183} INFO - Processing /Library/Frameworks/Python.framework/Versions/3.11/lib/python3.11/site-packages/airflow/example_dags/tutorial_objectstorage.py took 0.320 seconds
[2025-12-04T19:38:15.246+0500] {processor.py:161} INFO - Started process (PID=14766) to work on /Library/Frameworks/Python.framework/Versions/3.11/lib/python3.11/site-packages/airflow/example_dags/tutorial_objectstorage.py
[2025-12-04T19:38:15.249+0500] {processor.py:830} INFO - Processing file /Library/Frameworks/Python.framework/Versions/3.11/lib/python3.11/site-packages/airflow/example_dags/tutorial_objectstorage.py for tasks to queue
[2025-12-04T19:38:15.250+0500] {logging_mixin.py:188} INFO - [2025-12-04T19:38:15.249+0500] {dagbag.py:545} INFO - Filling up the DagBag from /Library/Frameworks/Python.framework/Versions/3.11/lib/python3.11/site-packages/airflow/example_dags/tutorial_objectstorage.py
[2025-12-04T19:38:15.404+0500] {processor.py:840} INFO - DAG(s) 'tutorial_objectstorage' retrieved from /Library/Frameworks/Python.framework/Versions/3.11/lib/python3.11/site-packages/airflow/example_dags/tutorial_objectstorage.py
[2025-12-04T19:38:15.510+0500] {logging_mixin.py:188} INFO - [2025-12-04T19:38:15.510+0500] {dag.py:3089} INFO - Sync 1 DAGs
[2025-12-04T19:38:15.520+0500] {logging_mixin.py:188} INFO - [2025-12-04T19:38:15.520+0500] {dag.py:3947} INFO - Setting next_dagrun for tutorial_objectstorage to None, run_after=None
[2025-12-04T19:38:15.541+0500] {processor.py:183} INFO - Processing /Library/Frameworks/Python.framework/Versions/3.11/lib/python3.11/site-packages/airflow/example_dags/tutorial_objectstorage.py took 0.297 seconds
[2025-12-04T19:40:18.645+0500] {processor.py:161} INFO - Started process (PID=14848) to work on /Library/Frameworks/Python.framework/Versions/3.11/lib/python3.11/site-packages/airflow/example_dags/tutorial_objectstorage.py
[2025-12-04T19:40:18.647+0500] {processor.py:830} INFO - Processing file /Library/Frameworks/Python.framework/Versions/3.11/lib/python3.11/site-packages/airflow/example_dags/tutorial_objectstorage.py for tasks to queue
[2025-12-04T19:40:18.648+0500] {logging_mixin.py:188} INFO - [2025-12-04T19:40:18.648+0500] {dagbag.py:545} INFO - Filling up the DagBag from /Library/Frameworks/Python.framework/Versions/3.11/lib/python3.11/site-packages/airflow/example_dags/tutorial_objectstorage.py
[2025-12-04T19:40:18.786+0500] {processor.py:840} INFO - DAG(s) 'tutorial_objectstorage' retrieved from /Library/Frameworks/Python.framework/Versions/3.11/lib/python3.11/site-packages/airflow/example_dags/tutorial_objectstorage.py
[2025-12-04T19:40:18.913+0500] {logging_mixin.py:188} INFO - [2025-12-04T19:40:18.913+0500] {dag.py:3089} INFO - Sync 1 DAGs
[2025-12-04T19:40:18.923+0500] {logging_mixin.py:188} INFO - [2025-12-04T19:40:18.923+0500] {dag.py:3947} INFO - Setting next_dagrun for tutorial_objectstorage to None, run_after=None
[2025-12-04T19:40:18.945+0500] {processor.py:183} INFO - Processing /Library/Frameworks/Python.framework/Versions/3.11/lib/python3.11/site-packages/airflow/example_dags/tutorial_objectstorage.py took 0.303 seconds
[2025-12-04T19:42:35.502+0500] {processor.py:161} INFO - Started process (PID=14929) to work on /Library/Frameworks/Python.framework/Versions/3.11/lib/python3.11/site-packages/airflow/example_dags/tutorial_objectstorage.py
[2025-12-04T19:42:35.504+0500] {processor.py:830} INFO - Processing file /Library/Frameworks/Python.framework/Versions/3.11/lib/python3.11/site-packages/airflow/example_dags/tutorial_objectstorage.py for tasks to queue
[2025-12-04T19:42:35.505+0500] {logging_mixin.py:188} INFO - [2025-12-04T19:42:35.505+0500] {dagbag.py:545} INFO - Filling up the DagBag from /Library/Frameworks/Python.framework/Versions/3.11/lib/python3.11/site-packages/airflow/example_dags/tutorial_objectstorage.py
[2025-12-04T19:42:35.654+0500] {processor.py:840} INFO - DAG(s) 'tutorial_objectstorage' retrieved from /Library/Frameworks/Python.framework/Versions/3.11/lib/python3.11/site-packages/airflow/example_dags/tutorial_objectstorage.py
[2025-12-04T19:42:35.766+0500] {logging_mixin.py:188} INFO - [2025-12-04T19:42:35.765+0500] {dag.py:3089} INFO - Sync 1 DAGs
[2025-12-04T19:42:35.776+0500] {logging_mixin.py:188} INFO - [2025-12-04T19:42:35.775+0500] {dag.py:3947} INFO - Setting next_dagrun for tutorial_objectstorage to None, run_after=None
[2025-12-04T19:42:35.798+0500] {processor.py:183} INFO - Processing /Library/Frameworks/Python.framework/Versions/3.11/lib/python3.11/site-packages/airflow/example_dags/tutorial_objectstorage.py took 0.299 seconds
[2025-12-04T19:44:55.288+0500] {processor.py:161} INFO - Started process (PID=15001) to work on /Library/Frameworks/Python.framework/Versions/3.11/lib/python3.11/site-packages/airflow/example_dags/tutorial_objectstorage.py
[2025-12-04T19:44:55.290+0500] {processor.py:830} INFO - Processing file /Library/Frameworks/Python.framework/Versions/3.11/lib/python3.11/site-packages/airflow/example_dags/tutorial_objectstorage.py for tasks to queue
[2025-12-04T19:44:55.291+0500] {logging_mixin.py:188} INFO - [2025-12-04T19:44:55.291+0500] {dagbag.py:545} INFO - Filling up the DagBag from /Library/Frameworks/Python.framework/Versions/3.11/lib/python3.11/site-packages/airflow/example_dags/tutorial_objectstorage.py
[2025-12-04T19:44:55.501+0500] {processor.py:840} INFO - DAG(s) 'tutorial_objectstorage' retrieved from /Library/Frameworks/Python.framework/Versions/3.11/lib/python3.11/site-packages/airflow/example_dags/tutorial_objectstorage.py
[2025-12-04T19:44:55.685+0500] {logging_mixin.py:188} INFO - [2025-12-04T19:44:55.685+0500] {dag.py:3089} INFO - Sync 1 DAGs
[2025-12-04T19:44:55.700+0500] {logging_mixin.py:188} INFO - [2025-12-04T19:44:55.700+0500] {dag.py:3947} INFO - Setting next_dagrun for tutorial_objectstorage to None, run_after=None
[2025-12-04T19:44:55.726+0500] {processor.py:183} INFO - Processing /Library/Frameworks/Python.framework/Versions/3.11/lib/python3.11/site-packages/airflow/example_dags/tutorial_objectstorage.py took 0.441 seconds
[2025-12-04T19:47:22.848+0500] {processor.py:161} INFO - Started process (PID=15101) to work on /Library/Frameworks/Python.framework/Versions/3.11/lib/python3.11/site-packages/airflow/example_dags/tutorial_objectstorage.py
[2025-12-04T19:47:22.850+0500] {processor.py:830} INFO - Processing file /Library/Frameworks/Python.framework/Versions/3.11/lib/python3.11/site-packages/airflow/example_dags/tutorial_objectstorage.py for tasks to queue
[2025-12-04T19:47:22.851+0500] {logging_mixin.py:188} INFO - [2025-12-04T19:47:22.851+0500] {dagbag.py:545} INFO - Filling up the DagBag from /Library/Frameworks/Python.framework/Versions/3.11/lib/python3.11/site-packages/airflow/example_dags/tutorial_objectstorage.py
[2025-12-04T19:47:23.008+0500] {processor.py:840} INFO - DAG(s) 'tutorial_objectstorage' retrieved from /Library/Frameworks/Python.framework/Versions/3.11/lib/python3.11/site-packages/airflow/example_dags/tutorial_objectstorage.py
[2025-12-04T19:47:23.121+0500] {logging_mixin.py:188} INFO - [2025-12-04T19:47:23.120+0500] {dag.py:3089} INFO - Sync 1 DAGs
[2025-12-04T19:47:23.131+0500] {logging_mixin.py:188} INFO - [2025-12-04T19:47:23.130+0500] {dag.py:3947} INFO - Setting next_dagrun for tutorial_objectstorage to None, run_after=None
[2025-12-04T19:47:23.152+0500] {processor.py:183} INFO - Processing /Library/Frameworks/Python.framework/Versions/3.11/lib/python3.11/site-packages/airflow/example_dags/tutorial_objectstorage.py took 0.307 seconds
[2025-12-04T19:49:33.378+0500] {processor.py:161} INFO - Started process (PID=15172) to work on /Library/Frameworks/Python.framework/Versions/3.11/lib/python3.11/site-packages/airflow/example_dags/tutorial_objectstorage.py
[2025-12-04T19:49:33.381+0500] {processor.py:830} INFO - Processing file /Library/Frameworks/Python.framework/Versions/3.11/lib/python3.11/site-packages/airflow/example_dags/tutorial_objectstorage.py for tasks to queue
[2025-12-04T19:49:33.382+0500] {logging_mixin.py:188} INFO - [2025-12-04T19:49:33.381+0500] {dagbag.py:545} INFO - Filling up the DagBag from /Library/Frameworks/Python.framework/Versions/3.11/lib/python3.11/site-packages/airflow/example_dags/tutorial_objectstorage.py
[2025-12-04T19:49:33.532+0500] {processor.py:840} INFO - DAG(s) 'tutorial_objectstorage' retrieved from /Library/Frameworks/Python.framework/Versions/3.11/lib/python3.11/site-packages/airflow/example_dags/tutorial_objectstorage.py
[2025-12-04T19:49:33.639+0500] {logging_mixin.py:188} INFO - [2025-12-04T19:49:33.638+0500] {dag.py:3089} INFO - Sync 1 DAGs
[2025-12-04T19:49:33.648+0500] {logging_mixin.py:188} INFO - [2025-12-04T19:49:33.648+0500] {dag.py:3947} INFO - Setting next_dagrun for tutorial_objectstorage to None, run_after=None
[2025-12-04T19:49:33.669+0500] {processor.py:183} INFO - Processing /Library/Frameworks/Python.framework/Versions/3.11/lib/python3.11/site-packages/airflow/example_dags/tutorial_objectstorage.py took 0.294 seconds
[2025-12-04T19:51:30.107+0500] {processor.py:161} INFO - Started process (PID=15237) to work on /Library/Frameworks/Python.framework/Versions/3.11/lib/python3.11/site-packages/airflow/example_dags/tutorial_objectstorage.py
[2025-12-04T19:51:30.109+0500] {processor.py:830} INFO - Processing file /Library/Frameworks/Python.framework/Versions/3.11/lib/python3.11/site-packages/airflow/example_dags/tutorial_objectstorage.py for tasks to queue
[2025-12-04T19:51:30.111+0500] {logging_mixin.py:188} INFO - [2025-12-04T19:51:30.110+0500] {dagbag.py:545} INFO - Filling up the DagBag from /Library/Frameworks/Python.framework/Versions/3.11/lib/python3.11/site-packages/airflow/example_dags/tutorial_objectstorage.py
[2025-12-04T19:51:30.268+0500] {processor.py:840} INFO - DAG(s) 'tutorial_objectstorage' retrieved from /Library/Frameworks/Python.framework/Versions/3.11/lib/python3.11/site-packages/airflow/example_dags/tutorial_objectstorage.py
[2025-12-04T19:51:30.375+0500] {logging_mixin.py:188} INFO - [2025-12-04T19:51:30.375+0500] {dag.py:3089} INFO - Sync 1 DAGs
[2025-12-04T19:51:30.385+0500] {logging_mixin.py:188} INFO - [2025-12-04T19:51:30.384+0500] {dag.py:3947} INFO - Setting next_dagrun for tutorial_objectstorage to None, run_after=None
[2025-12-04T19:51:30.405+0500] {processor.py:183} INFO - Processing /Library/Frameworks/Python.framework/Versions/3.11/lib/python3.11/site-packages/airflow/example_dags/tutorial_objectstorage.py took 0.301 seconds
[2025-12-04T19:53:28.811+0500] {processor.py:161} INFO - Started process (PID=15351) to work on /Library/Frameworks/Python.framework/Versions/3.11/lib/python3.11/site-packages/airflow/example_dags/tutorial_objectstorage.py
[2025-12-04T19:53:28.814+0500] {processor.py:830} INFO - Processing file /Library/Frameworks/Python.framework/Versions/3.11/lib/python3.11/site-packages/airflow/example_dags/tutorial_objectstorage.py for tasks to queue
[2025-12-04T19:53:28.815+0500] {logging_mixin.py:188} INFO - [2025-12-04T19:53:28.814+0500] {dagbag.py:545} INFO - Filling up the DagBag from /Library/Frameworks/Python.framework/Versions/3.11/lib/python3.11/site-packages/airflow/example_dags/tutorial_objectstorage.py
[2025-12-04T19:53:28.963+0500] {processor.py:840} INFO - DAG(s) 'tutorial_objectstorage' retrieved from /Library/Frameworks/Python.framework/Versions/3.11/lib/python3.11/site-packages/airflow/example_dags/tutorial_objectstorage.py
[2025-12-04T19:53:29.074+0500] {logging_mixin.py:188} INFO - [2025-12-04T19:53:29.073+0500] {dag.py:3089} INFO - Sync 1 DAGs
[2025-12-04T19:53:29.083+0500] {logging_mixin.py:188} INFO - [2025-12-04T19:53:29.083+0500] {dag.py:3947} INFO - Setting next_dagrun for tutorial_objectstorage to None, run_after=None
[2025-12-04T19:53:29.104+0500] {processor.py:183} INFO - Processing /Library/Frameworks/Python.framework/Versions/3.11/lib/python3.11/site-packages/airflow/example_dags/tutorial_objectstorage.py took 0.296 seconds
[2025-12-04T19:55:23.585+0500] {processor.py:161} INFO - Started process (PID=15416) to work on /Library/Frameworks/Python.framework/Versions/3.11/lib/python3.11/site-packages/airflow/example_dags/tutorial_objectstorage.py
[2025-12-04T19:55:23.587+0500] {processor.py:830} INFO - Processing file /Library/Frameworks/Python.framework/Versions/3.11/lib/python3.11/site-packages/airflow/example_dags/tutorial_objectstorage.py for tasks to queue
[2025-12-04T19:55:23.588+0500] {logging_mixin.py:188} INFO - [2025-12-04T19:55:23.588+0500] {dagbag.py:545} INFO - Filling up the DagBag from /Library/Frameworks/Python.framework/Versions/3.11/lib/python3.11/site-packages/airflow/example_dags/tutorial_objectstorage.py
[2025-12-04T19:55:23.744+0500] {processor.py:840} INFO - DAG(s) 'tutorial_objectstorage' retrieved from /Library/Frameworks/Python.framework/Versions/3.11/lib/python3.11/site-packages/airflow/example_dags/tutorial_objectstorage.py
[2025-12-04T19:55:23.854+0500] {logging_mixin.py:188} INFO - [2025-12-04T19:55:23.854+0500] {dag.py:3089} INFO - Sync 1 DAGs
[2025-12-04T19:55:23.864+0500] {logging_mixin.py:188} INFO - [2025-12-04T19:55:23.863+0500] {dag.py:3947} INFO - Setting next_dagrun for tutorial_objectstorage to None, run_after=None
[2025-12-04T19:55:23.884+0500] {processor.py:183} INFO - Processing /Library/Frameworks/Python.framework/Versions/3.11/lib/python3.11/site-packages/airflow/example_dags/tutorial_objectstorage.py took 0.302 seconds
[2025-12-04T19:57:17.599+0500] {processor.py:161} INFO - Started process (PID=15478) to work on /Library/Frameworks/Python.framework/Versions/3.11/lib/python3.11/site-packages/airflow/example_dags/tutorial_objectstorage.py
[2025-12-04T19:57:17.601+0500] {processor.py:830} INFO - Processing file /Library/Frameworks/Python.framework/Versions/3.11/lib/python3.11/site-packages/airflow/example_dags/tutorial_objectstorage.py for tasks to queue
[2025-12-04T19:57:17.602+0500] {logging_mixin.py:188} INFO - [2025-12-04T19:57:17.602+0500] {dagbag.py:545} INFO - Filling up the DagBag from /Library/Frameworks/Python.framework/Versions/3.11/lib/python3.11/site-packages/airflow/example_dags/tutorial_objectstorage.py
[2025-12-04T19:57:17.756+0500] {processor.py:840} INFO - DAG(s) 'tutorial_objectstorage' retrieved from /Library/Frameworks/Python.framework/Versions/3.11/lib/python3.11/site-packages/airflow/example_dags/tutorial_objectstorage.py
[2025-12-04T19:57:17.865+0500] {logging_mixin.py:188} INFO - [2025-12-04T19:57:17.864+0500] {dag.py:3089} INFO - Sync 1 DAGs
[2025-12-04T19:57:17.874+0500] {logging_mixin.py:188} INFO - [2025-12-04T19:57:17.874+0500] {dag.py:3947} INFO - Setting next_dagrun for tutorial_objectstorage to None, run_after=None
[2025-12-04T19:57:17.895+0500] {processor.py:183} INFO - Processing /Library/Frameworks/Python.framework/Versions/3.11/lib/python3.11/site-packages/airflow/example_dags/tutorial_objectstorage.py took 0.298 seconds
[2025-12-04T20:40:59.949+0500] {processor.py:161} INFO - Started process (PID=15575) to work on /Library/Frameworks/Python.framework/Versions/3.11/lib/python3.11/site-packages/airflow/example_dags/tutorial_objectstorage.py
[2025-12-04T20:40:59.951+0500] {processor.py:830} INFO - Processing file /Library/Frameworks/Python.framework/Versions/3.11/lib/python3.11/site-packages/airflow/example_dags/tutorial_objectstorage.py for tasks to queue
[2025-12-04T20:40:59.952+0500] {logging_mixin.py:188} INFO - [2025-12-04T20:40:59.952+0500] {dagbag.py:545} INFO - Filling up the DagBag from /Library/Frameworks/Python.framework/Versions/3.11/lib/python3.11/site-packages/airflow/example_dags/tutorial_objectstorage.py
[2025-12-04T20:41:00.095+0500] {processor.py:840} INFO - DAG(s) 'tutorial_objectstorage' retrieved from /Library/Frameworks/Python.framework/Versions/3.11/lib/python3.11/site-packages/airflow/example_dags/tutorial_objectstorage.py
[2025-12-04T20:41:00.245+0500] {logging_mixin.py:188} INFO - [2025-12-04T20:41:00.245+0500] {dag.py:3089} INFO - Sync 1 DAGs
[2025-12-04T20:41:00.263+0500] {logging_mixin.py:188} INFO - [2025-12-04T20:41:00.262+0500] {dag.py:3947} INFO - Setting next_dagrun for tutorial_objectstorage to None, run_after=None
[2025-12-04T20:41:00.302+0500] {processor.py:183} INFO - Processing /Library/Frameworks/Python.framework/Versions/3.11/lib/python3.11/site-packages/airflow/example_dags/tutorial_objectstorage.py took 0.356 seconds
[2025-12-04T20:44:10.064+0500] {processor.py:161} INFO - Started process (PID=15756) to work on /Library/Frameworks/Python.framework/Versions/3.11/lib/python3.11/site-packages/airflow/example_dags/tutorial_objectstorage.py
[2025-12-04T20:44:10.066+0500] {processor.py:830} INFO - Processing file /Library/Frameworks/Python.framework/Versions/3.11/lib/python3.11/site-packages/airflow/example_dags/tutorial_objectstorage.py for tasks to queue
[2025-12-04T20:44:10.067+0500] {logging_mixin.py:188} INFO - [2025-12-04T20:44:10.067+0500] {dagbag.py:545} INFO - Filling up the DagBag from /Library/Frameworks/Python.framework/Versions/3.11/lib/python3.11/site-packages/airflow/example_dags/tutorial_objectstorage.py
[2025-12-04T20:44:10.250+0500] {processor.py:840} INFO - DAG(s) 'tutorial_objectstorage' retrieved from /Library/Frameworks/Python.framework/Versions/3.11/lib/python3.11/site-packages/airflow/example_dags/tutorial_objectstorage.py
[2025-12-04T20:44:10.367+0500] {logging_mixin.py:188} INFO - [2025-12-04T20:44:10.367+0500] {dag.py:3089} INFO - Sync 1 DAGs
[2025-12-04T20:44:10.377+0500] {logging_mixin.py:188} INFO - [2025-12-04T20:44:10.376+0500] {dag.py:3947} INFO - Setting next_dagrun for tutorial_objectstorage to None, run_after=None
[2025-12-04T20:44:10.398+0500] {processor.py:183} INFO - Processing /Library/Frameworks/Python.framework/Versions/3.11/lib/python3.11/site-packages/airflow/example_dags/tutorial_objectstorage.py took 0.337 seconds
[2025-12-04T20:46:43.855+0500] {processor.py:161} INFO - Started process (PID=15835) to work on /Library/Frameworks/Python.framework/Versions/3.11/lib/python3.11/site-packages/airflow/example_dags/tutorial_objectstorage.py
[2025-12-04T20:46:43.858+0500] {processor.py:830} INFO - Processing file /Library/Frameworks/Python.framework/Versions/3.11/lib/python3.11/site-packages/airflow/example_dags/tutorial_objectstorage.py for tasks to queue
[2025-12-04T20:46:43.859+0500] {logging_mixin.py:188} INFO - [2025-12-04T20:46:43.859+0500] {dagbag.py:545} INFO - Filling up the DagBag from /Library/Frameworks/Python.framework/Versions/3.11/lib/python3.11/site-packages/airflow/example_dags/tutorial_objectstorage.py
[2025-12-04T20:46:44.006+0500] {processor.py:840} INFO - DAG(s) 'tutorial_objectstorage' retrieved from /Library/Frameworks/Python.framework/Versions/3.11/lib/python3.11/site-packages/airflow/example_dags/tutorial_objectstorage.py
[2025-12-04T20:46:44.118+0500] {logging_mixin.py:188} INFO - [2025-12-04T20:46:44.118+0500] {dag.py:3089} INFO - Sync 1 DAGs
[2025-12-04T20:46:44.128+0500] {logging_mixin.py:188} INFO - [2025-12-04T20:46:44.128+0500] {dag.py:3947} INFO - Setting next_dagrun for tutorial_objectstorage to None, run_after=None
[2025-12-04T20:46:44.151+0500] {processor.py:183} INFO - Processing /Library/Frameworks/Python.framework/Versions/3.11/lib/python3.11/site-packages/airflow/example_dags/tutorial_objectstorage.py took 0.299 seconds
[2025-12-04T20:48:53.976+0500] {processor.py:161} INFO - Started process (PID=15904) to work on /Library/Frameworks/Python.framework/Versions/3.11/lib/python3.11/site-packages/airflow/example_dags/tutorial_objectstorage.py
[2025-12-04T20:48:53.978+0500] {processor.py:830} INFO - Processing file /Library/Frameworks/Python.framework/Versions/3.11/lib/python3.11/site-packages/airflow/example_dags/tutorial_objectstorage.py for tasks to queue
[2025-12-04T20:48:53.979+0500] {logging_mixin.py:188} INFO - [2025-12-04T20:48:53.978+0500] {dagbag.py:545} INFO - Filling up the DagBag from /Library/Frameworks/Python.framework/Versions/3.11/lib/python3.11/site-packages/airflow/example_dags/tutorial_objectstorage.py
[2025-12-04T20:48:54.145+0500] {processor.py:840} INFO - DAG(s) 'tutorial_objectstorage' retrieved from /Library/Frameworks/Python.framework/Versions/3.11/lib/python3.11/site-packages/airflow/example_dags/tutorial_objectstorage.py
[2025-12-04T20:48:54.276+0500] {logging_mixin.py:188} INFO - [2025-12-04T20:48:54.276+0500] {dag.py:3089} INFO - Sync 1 DAGs
[2025-12-04T20:48:54.287+0500] {logging_mixin.py:188} INFO - [2025-12-04T20:48:54.287+0500] {dag.py:3947} INFO - Setting next_dagrun for tutorial_objectstorage to None, run_after=None
[2025-12-04T20:48:54.314+0500] {processor.py:183} INFO - Processing /Library/Frameworks/Python.framework/Versions/3.11/lib/python3.11/site-packages/airflow/example_dags/tutorial_objectstorage.py took 0.341 seconds
