[2025-12-04T18:18:05.501+0500] {processor.py:161} INFO - Started process (PID=11674) to work on /Library/Frameworks/Python.framework/Versions/3.11/lib/python3.11/site-packages/airflow/example_dags/plugins/event_listener.py
[2025-12-04T18:18:05.502+0500] {processor.py:830} INFO - Processing file /Library/Frameworks/Python.framework/Versions/3.11/lib/python3.11/site-packages/airflow/example_dags/plugins/event_listener.py for tasks to queue
[2025-12-04T18:18:05.503+0500] {logging_mixin.py:188} INFO - [2025-12-04T18:18:05.503+0500] {dagbag.py:545} INFO - Filling up the DagBag from /Library/Frameworks/Python.framework/Versions/3.11/lib/python3.11/site-packages/airflow/example_dags/plugins/event_listener.py
[2025-12-04T18:18:05.504+0500] {processor.py:842} WARNING - No viable dags retrieved from /Library/Frameworks/Python.framework/Versions/3.11/lib/python3.11/site-packages/airflow/example_dags/plugins/event_listener.py
[2025-12-04T18:18:05.588+0500] {processor.py:183} INFO - Processing /Library/Frameworks/Python.framework/Versions/3.11/lib/python3.11/site-packages/airflow/example_dags/plugins/event_listener.py took 0.090 seconds
[2025-12-04T18:20:59.905+0500] {processor.py:161} INFO - Started process (PID=11764) to work on /Library/Frameworks/Python.framework/Versions/3.11/lib/python3.11/site-packages/airflow/example_dags/plugins/event_listener.py
[2025-12-04T18:20:59.907+0500] {processor.py:830} INFO - Processing file /Library/Frameworks/Python.framework/Versions/3.11/lib/python3.11/site-packages/airflow/example_dags/plugins/event_listener.py for tasks to queue
[2025-12-04T18:20:59.908+0500] {logging_mixin.py:188} INFO - [2025-12-04T18:20:59.908+0500] {dagbag.py:545} INFO - Filling up the DagBag from /Library/Frameworks/Python.framework/Versions/3.11/lib/python3.11/site-packages/airflow/example_dags/plugins/event_listener.py
[2025-12-04T18:20:59.909+0500] {processor.py:842} WARNING - No viable dags retrieved from /Library/Frameworks/Python.framework/Versions/3.11/lib/python3.11/site-packages/airflow/example_dags/plugins/event_listener.py
[2025-12-04T18:20:59.992+0500] {processor.py:183} INFO - Processing /Library/Frameworks/Python.framework/Versions/3.11/lib/python3.11/site-packages/airflow/example_dags/plugins/event_listener.py took 0.090 seconds
[2025-12-04T18:23:04.561+0500] {processor.py:161} INFO - Started process (PID=11853) to work on /Library/Frameworks/Python.framework/Versions/3.11/lib/python3.11/site-packages/airflow/example_dags/plugins/event_listener.py
[2025-12-04T18:23:04.563+0500] {processor.py:830} INFO - Processing file /Library/Frameworks/Python.framework/Versions/3.11/lib/python3.11/site-packages/airflow/example_dags/plugins/event_listener.py for tasks to queue
[2025-12-04T18:23:04.564+0500] {logging_mixin.py:188} INFO - [2025-12-04T18:23:04.564+0500] {dagbag.py:545} INFO - Filling up the DagBag from /Library/Frameworks/Python.framework/Versions/3.11/lib/python3.11/site-packages/airflow/example_dags/plugins/event_listener.py
[2025-12-04T18:23:04.566+0500] {processor.py:842} WARNING - No viable dags retrieved from /Library/Frameworks/Python.framework/Versions/3.11/lib/python3.11/site-packages/airflow/example_dags/plugins/event_listener.py
[2025-12-04T18:23:04.649+0500] {processor.py:183} INFO - Processing /Library/Frameworks/Python.framework/Versions/3.11/lib/python3.11/site-packages/airflow/example_dags/plugins/event_listener.py took 0.091 seconds
[2025-12-04T18:25:04.160+0500] {processor.py:161} INFO - Started process (PID=11918) to work on /Library/Frameworks/Python.framework/Versions/3.11/lib/python3.11/site-packages/airflow/example_dags/plugins/event_listener.py
[2025-12-04T18:25:04.162+0500] {processor.py:830} INFO - Processing file /Library/Frameworks/Python.framework/Versions/3.11/lib/python3.11/site-packages/airflow/example_dags/plugins/event_listener.py for tasks to queue
[2025-12-04T18:25:04.163+0500] {logging_mixin.py:188} INFO - [2025-12-04T18:25:04.162+0500] {dagbag.py:545} INFO - Filling up the DagBag from /Library/Frameworks/Python.framework/Versions/3.11/lib/python3.11/site-packages/airflow/example_dags/plugins/event_listener.py
[2025-12-04T18:25:04.172+0500] {processor.py:842} WARNING - No viable dags retrieved from /Library/Frameworks/Python.framework/Versions/3.11/lib/python3.11/site-packages/airflow/example_dags/plugins/event_listener.py
[2025-12-04T18:25:04.331+0500] {processor.py:183} INFO - Processing /Library/Frameworks/Python.framework/Versions/3.11/lib/python3.11/site-packages/airflow/example_dags/plugins/event_listener.py took 0.174 seconds
[2025-12-04T18:27:16.174+0500] {processor.py:161} INFO - Started process (PID=12051) to work on /Library/Frameworks/Python.framework/Versions/3.11/lib/python3.11/site-packages/airflow/example_dags/plugins/event_listener.py
[2025-12-04T18:27:16.176+0500] {processor.py:830} INFO - Processing file /Library/Frameworks/Python.framework/Versions/3.11/lib/python3.11/site-packages/airflow/example_dags/plugins/event_listener.py for tasks to queue
[2025-12-04T18:27:16.177+0500] {logging_mixin.py:188} INFO - [2025-12-04T18:27:16.177+0500] {dagbag.py:545} INFO - Filling up the DagBag from /Library/Frameworks/Python.framework/Versions/3.11/lib/python3.11/site-packages/airflow/example_dags/plugins/event_listener.py
[2025-12-04T18:27:16.179+0500] {processor.py:842} WARNING - No viable dags retrieved from /Library/Frameworks/Python.framework/Versions/3.11/lib/python3.11/site-packages/airflow/example_dags/plugins/event_listener.py
[2025-12-04T18:27:16.273+0500] {processor.py:183} INFO - Processing /Library/Frameworks/Python.framework/Versions/3.11/lib/python3.11/site-packages/airflow/example_dags/plugins/event_listener.py took 0.103 seconds
[2025-12-04T18:29:43.843+0500] {processor.py:161} INFO - Started process (PID=12167) to work on /Library/Frameworks/Python.framework/Versions/3.11/lib/python3.11/site-packages/airflow/example_dags/plugins/event_listener.py
[2025-12-04T18:29:43.845+0500] {processor.py:830} INFO - Processing file /Library/Frameworks/Python.framework/Versions/3.11/lib/python3.11/site-packages/airflow/example_dags/plugins/event_listener.py for tasks to queue
[2025-12-04T18:29:43.848+0500] {logging_mixin.py:188} INFO - [2025-12-04T18:29:43.848+0500] {dagbag.py:545} INFO - Filling up the DagBag from /Library/Frameworks/Python.framework/Versions/3.11/lib/python3.11/site-packages/airflow/example_dags/plugins/event_listener.py
[2025-12-04T18:29:43.850+0500] {processor.py:842} WARNING - No viable dags retrieved from /Library/Frameworks/Python.framework/Versions/3.11/lib/python3.11/site-packages/airflow/example_dags/plugins/event_listener.py
[2025-12-04T18:29:43.946+0500] {processor.py:183} INFO - Processing /Library/Frameworks/Python.framework/Versions/3.11/lib/python3.11/site-packages/airflow/example_dags/plugins/event_listener.py took 0.107 seconds
[2025-12-04T18:32:08.497+0500] {processor.py:161} INFO - Started process (PID=12249) to work on /Library/Frameworks/Python.framework/Versions/3.11/lib/python3.11/site-packages/airflow/example_dags/plugins/event_listener.py
[2025-12-04T18:32:08.499+0500] {processor.py:830} INFO - Processing file /Library/Frameworks/Python.framework/Versions/3.11/lib/python3.11/site-packages/airflow/example_dags/plugins/event_listener.py for tasks to queue
[2025-12-04T18:32:08.500+0500] {logging_mixin.py:188} INFO - [2025-12-04T18:32:08.500+0500] {dagbag.py:545} INFO - Filling up the DagBag from /Library/Frameworks/Python.framework/Versions/3.11/lib/python3.11/site-packages/airflow/example_dags/plugins/event_listener.py
[2025-12-04T18:32:08.502+0500] {processor.py:842} WARNING - No viable dags retrieved from /Library/Frameworks/Python.framework/Versions/3.11/lib/python3.11/site-packages/airflow/example_dags/plugins/event_listener.py
[2025-12-04T18:32:08.586+0500] {processor.py:183} INFO - Processing /Library/Frameworks/Python.framework/Versions/3.11/lib/python3.11/site-packages/airflow/example_dags/plugins/event_listener.py took 0.092 seconds
[2025-12-04T18:34:34.615+0500] {processor.py:161} INFO - Started process (PID=12388) to work on /Library/Frameworks/Python.framework/Versions/3.11/lib/python3.11/site-packages/airflow/example_dags/plugins/event_listener.py
[2025-12-04T18:34:34.617+0500] {processor.py:830} INFO - Processing file /Library/Frameworks/Python.framework/Versions/3.11/lib/python3.11/site-packages/airflow/example_dags/plugins/event_listener.py for tasks to queue
[2025-12-04T18:34:34.618+0500] {logging_mixin.py:188} INFO - [2025-12-04T18:34:34.617+0500] {dagbag.py:545} INFO - Filling up the DagBag from /Library/Frameworks/Python.framework/Versions/3.11/lib/python3.11/site-packages/airflow/example_dags/plugins/event_listener.py
[2025-12-04T18:34:34.619+0500] {processor.py:842} WARNING - No viable dags retrieved from /Library/Frameworks/Python.framework/Versions/3.11/lib/python3.11/site-packages/airflow/example_dags/plugins/event_listener.py
[2025-12-04T18:34:34.713+0500] {processor.py:183} INFO - Processing /Library/Frameworks/Python.framework/Versions/3.11/lib/python3.11/site-packages/airflow/example_dags/plugins/event_listener.py took 0.101 seconds
[2025-12-04T18:36:35.223+0500] {processor.py:161} INFO - Started process (PID=12457) to work on /Library/Frameworks/Python.framework/Versions/3.11/lib/python3.11/site-packages/airflow/example_dags/plugins/event_listener.py
[2025-12-04T18:36:35.226+0500] {processor.py:830} INFO - Processing file /Library/Frameworks/Python.framework/Versions/3.11/lib/python3.11/site-packages/airflow/example_dags/plugins/event_listener.py for tasks to queue
[2025-12-04T18:36:35.227+0500] {logging_mixin.py:188} INFO - [2025-12-04T18:36:35.226+0500] {dagbag.py:545} INFO - Filling up the DagBag from /Library/Frameworks/Python.framework/Versions/3.11/lib/python3.11/site-packages/airflow/example_dags/plugins/event_listener.py
[2025-12-04T18:36:35.228+0500] {processor.py:842} WARNING - No viable dags retrieved from /Library/Frameworks/Python.framework/Versions/3.11/lib/python3.11/site-packages/airflow/example_dags/plugins/event_listener.py
[2025-12-04T18:36:35.311+0500] {processor.py:183} INFO - Processing /Library/Frameworks/Python.framework/Versions/3.11/lib/python3.11/site-packages/airflow/example_dags/plugins/event_listener.py took 0.090 seconds
[2025-12-04T18:38:27.011+0500] {processor.py:161} INFO - Started process (PID=12523) to work on /Library/Frameworks/Python.framework/Versions/3.11/lib/python3.11/site-packages/airflow/example_dags/plugins/event_listener.py
[2025-12-04T18:38:27.013+0500] {processor.py:830} INFO - Processing file /Library/Frameworks/Python.framework/Versions/3.11/lib/python3.11/site-packages/airflow/example_dags/plugins/event_listener.py for tasks to queue
[2025-12-04T18:38:27.014+0500] {logging_mixin.py:188} INFO - [2025-12-04T18:38:27.014+0500] {dagbag.py:545} INFO - Filling up the DagBag from /Library/Frameworks/Python.framework/Versions/3.11/lib/python3.11/site-packages/airflow/example_dags/plugins/event_listener.py
[2025-12-04T18:38:27.016+0500] {processor.py:842} WARNING - No viable dags retrieved from /Library/Frameworks/Python.framework/Versions/3.11/lib/python3.11/site-packages/airflow/example_dags/plugins/event_listener.py
[2025-12-04T18:38:27.113+0500] {processor.py:183} INFO - Processing /Library/Frameworks/Python.framework/Versions/3.11/lib/python3.11/site-packages/airflow/example_dags/plugins/event_listener.py took 0.104 seconds
[2025-12-04T18:40:23.911+0500] {processor.py:161} INFO - Started process (PID=12596) to work on /Library/Frameworks/Python.framework/Versions/3.11/lib/python3.11/site-packages/airflow/example_dags/plugins/event_listener.py
[2025-12-04T18:40:23.913+0500] {processor.py:830} INFO - Processing file /Library/Frameworks/Python.framework/Versions/3.11/lib/python3.11/site-packages/airflow/example_dags/plugins/event_listener.py for tasks to queue
[2025-12-04T18:40:23.914+0500] {logging_mixin.py:188} INFO - [2025-12-04T18:40:23.914+0500] {dagbag.py:545} INFO - Filling up the DagBag from /Library/Frameworks/Python.framework/Versions/3.11/lib/python3.11/site-packages/airflow/example_dags/plugins/event_listener.py
[2025-12-04T18:40:23.916+0500] {processor.py:842} WARNING - No viable dags retrieved from /Library/Frameworks/Python.framework/Versions/3.11/lib/python3.11/site-packages/airflow/example_dags/plugins/event_listener.py
[2025-12-04T18:40:24.027+0500] {processor.py:183} INFO - Processing /Library/Frameworks/Python.framework/Versions/3.11/lib/python3.11/site-packages/airflow/example_dags/plugins/event_listener.py took 0.120 seconds
[2025-12-04T18:42:33.513+0500] {processor.py:161} INFO - Started process (PID=12695) to work on /Library/Frameworks/Python.framework/Versions/3.11/lib/python3.11/site-packages/airflow/example_dags/plugins/event_listener.py
[2025-12-04T18:42:33.516+0500] {processor.py:830} INFO - Processing file /Library/Frameworks/Python.framework/Versions/3.11/lib/python3.11/site-packages/airflow/example_dags/plugins/event_listener.py for tasks to queue
[2025-12-04T18:42:33.517+0500] {logging_mixin.py:188} INFO - [2025-12-04T18:42:33.517+0500] {dagbag.py:545} INFO - Filling up the DagBag from /Library/Frameworks/Python.framework/Versions/3.11/lib/python3.11/site-packages/airflow/example_dags/plugins/event_listener.py
[2025-12-04T18:42:33.518+0500] {processor.py:842} WARNING - No viable dags retrieved from /Library/Frameworks/Python.framework/Versions/3.11/lib/python3.11/site-packages/airflow/example_dags/plugins/event_listener.py
[2025-12-04T18:42:33.635+0500] {processor.py:183} INFO - Processing /Library/Frameworks/Python.framework/Versions/3.11/lib/python3.11/site-packages/airflow/example_dags/plugins/event_listener.py took 0.124 seconds
[2025-12-04T18:44:47.637+0500] {processor.py:161} INFO - Started process (PID=12786) to work on /Library/Frameworks/Python.framework/Versions/3.11/lib/python3.11/site-packages/airflow/example_dags/plugins/event_listener.py
[2025-12-04T18:44:47.639+0500] {processor.py:830} INFO - Processing file /Library/Frameworks/Python.framework/Versions/3.11/lib/python3.11/site-packages/airflow/example_dags/plugins/event_listener.py for tasks to queue
[2025-12-04T18:44:47.640+0500] {logging_mixin.py:188} INFO - [2025-12-04T18:44:47.640+0500] {dagbag.py:545} INFO - Filling up the DagBag from /Library/Frameworks/Python.framework/Versions/3.11/lib/python3.11/site-packages/airflow/example_dags/plugins/event_listener.py
[2025-12-04T18:44:47.641+0500] {processor.py:842} WARNING - No viable dags retrieved from /Library/Frameworks/Python.framework/Versions/3.11/lib/python3.11/site-packages/airflow/example_dags/plugins/event_listener.py
[2025-12-04T18:44:47.724+0500] {processor.py:183} INFO - Processing /Library/Frameworks/Python.framework/Versions/3.11/lib/python3.11/site-packages/airflow/example_dags/plugins/event_listener.py took 0.090 seconds
[2025-12-04T18:46:45.996+0500] {processor.py:161} INFO - Started process (PID=12869) to work on /Library/Frameworks/Python.framework/Versions/3.11/lib/python3.11/site-packages/airflow/example_dags/plugins/event_listener.py
[2025-12-04T18:46:45.998+0500] {processor.py:830} INFO - Processing file /Library/Frameworks/Python.framework/Versions/3.11/lib/python3.11/site-packages/airflow/example_dags/plugins/event_listener.py for tasks to queue
[2025-12-04T18:46:45.999+0500] {logging_mixin.py:188} INFO - [2025-12-04T18:46:45.999+0500] {dagbag.py:545} INFO - Filling up the DagBag from /Library/Frameworks/Python.framework/Versions/3.11/lib/python3.11/site-packages/airflow/example_dags/plugins/event_listener.py
[2025-12-04T18:46:46.001+0500] {processor.py:842} WARNING - No viable dags retrieved from /Library/Frameworks/Python.framework/Versions/3.11/lib/python3.11/site-packages/airflow/example_dags/plugins/event_listener.py
[2025-12-04T18:46:46.101+0500] {processor.py:183} INFO - Processing /Library/Frameworks/Python.framework/Versions/3.11/lib/python3.11/site-packages/airflow/example_dags/plugins/event_listener.py took 0.107 seconds
[2025-12-04T18:48:51.564+0500] {processor.py:161} INFO - Started process (PID=12937) to work on /Library/Frameworks/Python.framework/Versions/3.11/lib/python3.11/site-packages/airflow/example_dags/plugins/event_listener.py
[2025-12-04T18:48:51.566+0500] {processor.py:830} INFO - Processing file /Library/Frameworks/Python.framework/Versions/3.11/lib/python3.11/site-packages/airflow/example_dags/plugins/event_listener.py for tasks to queue
[2025-12-04T18:48:51.567+0500] {logging_mixin.py:188} INFO - [2025-12-04T18:48:51.567+0500] {dagbag.py:545} INFO - Filling up the DagBag from /Library/Frameworks/Python.framework/Versions/3.11/lib/python3.11/site-packages/airflow/example_dags/plugins/event_listener.py
[2025-12-04T18:48:51.570+0500] {processor.py:842} WARNING - No viable dags retrieved from /Library/Frameworks/Python.framework/Versions/3.11/lib/python3.11/site-packages/airflow/example_dags/plugins/event_listener.py
[2025-12-04T18:48:51.667+0500] {processor.py:183} INFO - Processing /Library/Frameworks/Python.framework/Versions/3.11/lib/python3.11/site-packages/airflow/example_dags/plugins/event_listener.py took 0.106 seconds
[2025-12-04T18:51:07.697+0500] {processor.py:161} INFO - Started process (PID=13007) to work on /Library/Frameworks/Python.framework/Versions/3.11/lib/python3.11/site-packages/airflow/example_dags/plugins/event_listener.py
[2025-12-04T18:51:07.699+0500] {processor.py:830} INFO - Processing file /Library/Frameworks/Python.framework/Versions/3.11/lib/python3.11/site-packages/airflow/example_dags/plugins/event_listener.py for tasks to queue
[2025-12-04T18:51:07.701+0500] {logging_mixin.py:188} INFO - [2025-12-04T18:51:07.700+0500] {dagbag.py:545} INFO - Filling up the DagBag from /Library/Frameworks/Python.framework/Versions/3.11/lib/python3.11/site-packages/airflow/example_dags/plugins/event_listener.py
[2025-12-04T18:51:07.702+0500] {processor.py:842} WARNING - No viable dags retrieved from /Library/Frameworks/Python.framework/Versions/3.11/lib/python3.11/site-packages/airflow/example_dags/plugins/event_listener.py
[2025-12-04T18:51:07.793+0500] {processor.py:183} INFO - Processing /Library/Frameworks/Python.framework/Versions/3.11/lib/python3.11/site-packages/airflow/example_dags/plugins/event_listener.py took 0.099 seconds
[2025-12-04T18:53:27.500+0500] {processor.py:161} INFO - Started process (PID=13110) to work on /Library/Frameworks/Python.framework/Versions/3.11/lib/python3.11/site-packages/airflow/example_dags/plugins/event_listener.py
[2025-12-04T18:53:27.503+0500] {processor.py:830} INFO - Processing file /Library/Frameworks/Python.framework/Versions/3.11/lib/python3.11/site-packages/airflow/example_dags/plugins/event_listener.py for tasks to queue
[2025-12-04T18:53:27.503+0500] {logging_mixin.py:188} INFO - [2025-12-04T18:53:27.503+0500] {dagbag.py:545} INFO - Filling up the DagBag from /Library/Frameworks/Python.framework/Versions/3.11/lib/python3.11/site-packages/airflow/example_dags/plugins/event_listener.py
[2025-12-04T18:53:27.505+0500] {processor.py:842} WARNING - No viable dags retrieved from /Library/Frameworks/Python.framework/Versions/3.11/lib/python3.11/site-packages/airflow/example_dags/plugins/event_listener.py
[2025-12-04T18:53:27.589+0500] {processor.py:183} INFO - Processing /Library/Frameworks/Python.framework/Versions/3.11/lib/python3.11/site-packages/airflow/example_dags/plugins/event_listener.py took 0.092 seconds
[2025-12-04T18:55:39.870+0500] {processor.py:161} INFO - Started process (PID=13199) to work on /Library/Frameworks/Python.framework/Versions/3.11/lib/python3.11/site-packages/airflow/example_dags/plugins/event_listener.py
[2025-12-04T18:55:39.872+0500] {processor.py:830} INFO - Processing file /Library/Frameworks/Python.framework/Versions/3.11/lib/python3.11/site-packages/airflow/example_dags/plugins/event_listener.py for tasks to queue
[2025-12-04T18:55:39.873+0500] {logging_mixin.py:188} INFO - [2025-12-04T18:55:39.872+0500] {dagbag.py:545} INFO - Filling up the DagBag from /Library/Frameworks/Python.framework/Versions/3.11/lib/python3.11/site-packages/airflow/example_dags/plugins/event_listener.py
[2025-12-04T18:55:39.874+0500] {processor.py:842} WARNING - No viable dags retrieved from /Library/Frameworks/Python.framework/Versions/3.11/lib/python3.11/site-packages/airflow/example_dags/plugins/event_listener.py
[2025-12-04T18:55:39.974+0500] {processor.py:183} INFO - Processing /Library/Frameworks/Python.framework/Versions/3.11/lib/python3.11/site-packages/airflow/example_dags/plugins/event_listener.py took 0.107 seconds
[2025-12-04T19:32:43.462+0500] {processor.py:161} INFO - Started process (PID=14540) to work on /Library/Frameworks/Python.framework/Versions/3.11/lib/python3.11/site-packages/airflow/example_dags/plugins/event_listener.py
[2025-12-04T19:32:43.465+0500] {processor.py:830} INFO - Processing file /Library/Frameworks/Python.framework/Versions/3.11/lib/python3.11/site-packages/airflow/example_dags/plugins/event_listener.py for tasks to queue
[2025-12-04T19:32:43.472+0500] {logging_mixin.py:188} INFO - [2025-12-04T19:32:43.472+0500] {dagbag.py:545} INFO - Filling up the DagBag from /Library/Frameworks/Python.framework/Versions/3.11/lib/python3.11/site-packages/airflow/example_dags/plugins/event_listener.py
[2025-12-04T19:32:43.474+0500] {processor.py:842} WARNING - No viable dags retrieved from /Library/Frameworks/Python.framework/Versions/3.11/lib/python3.11/site-packages/airflow/example_dags/plugins/event_listener.py
[2025-12-04T19:32:43.694+0500] {processor.py:183} INFO - Processing /Library/Frameworks/Python.framework/Versions/3.11/lib/python3.11/site-packages/airflow/example_dags/plugins/event_listener.py took 0.236 seconds
[2025-12-04T19:35:38.000+0500] {processor.py:161} INFO - Started process (PID=14658) to work on /Library/Frameworks/Python.framework/Versions/3.11/lib/python3.11/site-packages/airflow/example_dags/plugins/event_listener.py
[2025-12-04T19:35:38.003+0500] {processor.py:830} INFO - Processing file /Library/Frameworks/Python.framework/Versions/3.11/lib/python3.11/site-packages/airflow/example_dags/plugins/event_listener.py for tasks to queue
[2025-12-04T19:35:38.004+0500] {logging_mixin.py:188} INFO - [2025-12-04T19:35:38.003+0500] {dagbag.py:545} INFO - Filling up the DagBag from /Library/Frameworks/Python.framework/Versions/3.11/lib/python3.11/site-packages/airflow/example_dags/plugins/event_listener.py
[2025-12-04T19:35:38.005+0500] {processor.py:842} WARNING - No viable dags retrieved from /Library/Frameworks/Python.framework/Versions/3.11/lib/python3.11/site-packages/airflow/example_dags/plugins/event_listener.py
[2025-12-04T19:35:38.127+0500] {processor.py:183} INFO - Processing /Library/Frameworks/Python.framework/Versions/3.11/lib/python3.11/site-packages/airflow/example_dags/plugins/event_listener.py took 0.133 seconds
[2025-12-04T19:38:03.800+0500] {processor.py:161} INFO - Started process (PID=14760) to work on /Library/Frameworks/Python.framework/Versions/3.11/lib/python3.11/site-packages/airflow/example_dags/plugins/event_listener.py
[2025-12-04T19:38:03.802+0500] {processor.py:830} INFO - Processing file /Library/Frameworks/Python.framework/Versions/3.11/lib/python3.11/site-packages/airflow/example_dags/plugins/event_listener.py for tasks to queue
[2025-12-04T19:38:03.803+0500] {logging_mixin.py:188} INFO - [2025-12-04T19:38:03.802+0500] {dagbag.py:545} INFO - Filling up the DagBag from /Library/Frameworks/Python.framework/Versions/3.11/lib/python3.11/site-packages/airflow/example_dags/plugins/event_listener.py
[2025-12-04T19:38:03.804+0500] {processor.py:842} WARNING - No viable dags retrieved from /Library/Frameworks/Python.framework/Versions/3.11/lib/python3.11/site-packages/airflow/example_dags/plugins/event_listener.py
[2025-12-04T19:38:03.888+0500] {processor.py:183} INFO - Processing /Library/Frameworks/Python.framework/Versions/3.11/lib/python3.11/site-packages/airflow/example_dags/plugins/event_listener.py took 0.091 seconds
[2025-12-04T19:40:06.472+0500] {processor.py:161} INFO - Started process (PID=14840) to work on /Library/Frameworks/Python.framework/Versions/3.11/lib/python3.11/site-packages/airflow/example_dags/plugins/event_listener.py
[2025-12-04T19:40:06.474+0500] {processor.py:830} INFO - Processing file /Library/Frameworks/Python.framework/Versions/3.11/lib/python3.11/site-packages/airflow/example_dags/plugins/event_listener.py for tasks to queue
[2025-12-04T19:40:06.475+0500] {logging_mixin.py:188} INFO - [2025-12-04T19:40:06.474+0500] {dagbag.py:545} INFO - Filling up the DagBag from /Library/Frameworks/Python.framework/Versions/3.11/lib/python3.11/site-packages/airflow/example_dags/plugins/event_listener.py
[2025-12-04T19:40:06.476+0500] {processor.py:842} WARNING - No viable dags retrieved from /Library/Frameworks/Python.framework/Versions/3.11/lib/python3.11/site-packages/airflow/example_dags/plugins/event_listener.py
[2025-12-04T19:40:06.583+0500] {processor.py:183} INFO - Processing /Library/Frameworks/Python.framework/Versions/3.11/lib/python3.11/site-packages/airflow/example_dags/plugins/event_listener.py took 0.114 seconds
[2025-12-04T19:42:23.569+0500] {processor.py:161} INFO - Started process (PID=14920) to work on /Library/Frameworks/Python.framework/Versions/3.11/lib/python3.11/site-packages/airflow/example_dags/plugins/event_listener.py
[2025-12-04T19:42:23.571+0500] {processor.py:830} INFO - Processing file /Library/Frameworks/Python.framework/Versions/3.11/lib/python3.11/site-packages/airflow/example_dags/plugins/event_listener.py for tasks to queue
[2025-12-04T19:42:23.572+0500] {logging_mixin.py:188} INFO - [2025-12-04T19:42:23.571+0500] {dagbag.py:545} INFO - Filling up the DagBag from /Library/Frameworks/Python.framework/Versions/3.11/lib/python3.11/site-packages/airflow/example_dags/plugins/event_listener.py
[2025-12-04T19:42:23.573+0500] {processor.py:842} WARNING - No viable dags retrieved from /Library/Frameworks/Python.framework/Versions/3.11/lib/python3.11/site-packages/airflow/example_dags/plugins/event_listener.py
[2025-12-04T19:42:23.662+0500] {processor.py:183} INFO - Processing /Library/Frameworks/Python.framework/Versions/3.11/lib/python3.11/site-packages/airflow/example_dags/plugins/event_listener.py took 0.096 seconds
[2025-12-04T19:44:40.573+0500] {processor.py:161} INFO - Started process (PID=14992) to work on /Library/Frameworks/Python.framework/Versions/3.11/lib/python3.11/site-packages/airflow/example_dags/plugins/event_listener.py
[2025-12-04T19:44:40.575+0500] {processor.py:830} INFO - Processing file /Library/Frameworks/Python.framework/Versions/3.11/lib/python3.11/site-packages/airflow/example_dags/plugins/event_listener.py for tasks to queue
[2025-12-04T19:44:40.576+0500] {logging_mixin.py:188} INFO - [2025-12-04T19:44:40.576+0500] {dagbag.py:545} INFO - Filling up the DagBag from /Library/Frameworks/Python.framework/Versions/3.11/lib/python3.11/site-packages/airflow/example_dags/plugins/event_listener.py
[2025-12-04T19:44:40.578+0500] {processor.py:842} WARNING - No viable dags retrieved from /Library/Frameworks/Python.framework/Versions/3.11/lib/python3.11/site-packages/airflow/example_dags/plugins/event_listener.py
[2025-12-04T19:44:40.673+0500] {processor.py:183} INFO - Processing /Library/Frameworks/Python.framework/Versions/3.11/lib/python3.11/site-packages/airflow/example_dags/plugins/event_listener.py took 0.105 seconds
[2025-12-04T19:47:07.153+0500] {processor.py:161} INFO - Started process (PID=15090) to work on /Library/Frameworks/Python.framework/Versions/3.11/lib/python3.11/site-packages/airflow/example_dags/plugins/event_listener.py
[2025-12-04T19:47:07.156+0500] {processor.py:830} INFO - Processing file /Library/Frameworks/Python.framework/Versions/3.11/lib/python3.11/site-packages/airflow/example_dags/plugins/event_listener.py for tasks to queue
[2025-12-04T19:47:07.157+0500] {logging_mixin.py:188} INFO - [2025-12-04T19:47:07.156+0500] {dagbag.py:545} INFO - Filling up the DagBag from /Library/Frameworks/Python.framework/Versions/3.11/lib/python3.11/site-packages/airflow/example_dags/plugins/event_listener.py
[2025-12-04T19:47:07.158+0500] {processor.py:842} WARNING - No viable dags retrieved from /Library/Frameworks/Python.framework/Versions/3.11/lib/python3.11/site-packages/airflow/example_dags/plugins/event_listener.py
[2025-12-04T19:47:07.306+0500] {processor.py:183} INFO - Processing /Library/Frameworks/Python.framework/Versions/3.11/lib/python3.11/site-packages/airflow/example_dags/plugins/event_listener.py took 0.157 seconds
[2025-12-04T19:49:21.700+0500] {processor.py:161} INFO - Started process (PID=15166) to work on /Library/Frameworks/Python.framework/Versions/3.11/lib/python3.11/site-packages/airflow/example_dags/plugins/event_listener.py
[2025-12-04T19:49:21.702+0500] {processor.py:830} INFO - Processing file /Library/Frameworks/Python.framework/Versions/3.11/lib/python3.11/site-packages/airflow/example_dags/plugins/event_listener.py for tasks to queue
[2025-12-04T19:49:21.703+0500] {logging_mixin.py:188} INFO - [2025-12-04T19:49:21.703+0500] {dagbag.py:545} INFO - Filling up the DagBag from /Library/Frameworks/Python.framework/Versions/3.11/lib/python3.11/site-packages/airflow/example_dags/plugins/event_listener.py
[2025-12-04T19:49:21.705+0500] {processor.py:842} WARNING - No viable dags retrieved from /Library/Frameworks/Python.framework/Versions/3.11/lib/python3.11/site-packages/airflow/example_dags/plugins/event_listener.py
[2025-12-04T19:49:21.792+0500] {processor.py:183} INFO - Processing /Library/Frameworks/Python.framework/Versions/3.11/lib/python3.11/site-packages/airflow/example_dags/plugins/event_listener.py took 0.094 seconds
[2025-12-04T19:51:18.529+0500] {processor.py:161} INFO - Started process (PID=15229) to work on /Library/Frameworks/Python.framework/Versions/3.11/lib/python3.11/site-packages/airflow/example_dags/plugins/event_listener.py
[2025-12-04T19:51:18.532+0500] {processor.py:830} INFO - Processing file /Library/Frameworks/Python.framework/Versions/3.11/lib/python3.11/site-packages/airflow/example_dags/plugins/event_listener.py for tasks to queue
[2025-12-04T19:51:18.533+0500] {logging_mixin.py:188} INFO - [2025-12-04T19:51:18.532+0500] {dagbag.py:545} INFO - Filling up the DagBag from /Library/Frameworks/Python.framework/Versions/3.11/lib/python3.11/site-packages/airflow/example_dags/plugins/event_listener.py
[2025-12-04T19:51:18.534+0500] {processor.py:842} WARNING - No viable dags retrieved from /Library/Frameworks/Python.framework/Versions/3.11/lib/python3.11/site-packages/airflow/example_dags/plugins/event_listener.py
[2025-12-04T19:51:18.619+0500] {processor.py:183} INFO - Processing /Library/Frameworks/Python.framework/Versions/3.11/lib/python3.11/site-packages/airflow/example_dags/plugins/event_listener.py took 0.092 seconds
[2025-12-04T19:53:19.083+0500] {processor.py:161} INFO - Started process (PID=15345) to work on /Library/Frameworks/Python.framework/Versions/3.11/lib/python3.11/site-packages/airflow/example_dags/plugins/event_listener.py
[2025-12-04T19:53:19.086+0500] {processor.py:830} INFO - Processing file /Library/Frameworks/Python.framework/Versions/3.11/lib/python3.11/site-packages/airflow/example_dags/plugins/event_listener.py for tasks to queue
[2025-12-04T19:53:19.087+0500] {logging_mixin.py:188} INFO - [2025-12-04T19:53:19.087+0500] {dagbag.py:545} INFO - Filling up the DagBag from /Library/Frameworks/Python.framework/Versions/3.11/lib/python3.11/site-packages/airflow/example_dags/plugins/event_listener.py
[2025-12-04T19:53:19.089+0500] {processor.py:842} WARNING - No viable dags retrieved from /Library/Frameworks/Python.framework/Versions/3.11/lib/python3.11/site-packages/airflow/example_dags/plugins/event_listener.py
[2025-12-04T19:53:19.178+0500] {processor.py:183} INFO - Processing /Library/Frameworks/Python.framework/Versions/3.11/lib/python3.11/site-packages/airflow/example_dags/plugins/event_listener.py took 0.098 seconds
[2025-12-04T19:55:12.412+0500] {processor.py:161} INFO - Started process (PID=15409) to work on /Library/Frameworks/Python.framework/Versions/3.11/lib/python3.11/site-packages/airflow/example_dags/plugins/event_listener.py
[2025-12-04T19:55:12.415+0500] {processor.py:830} INFO - Processing file /Library/Frameworks/Python.framework/Versions/3.11/lib/python3.11/site-packages/airflow/example_dags/plugins/event_listener.py for tasks to queue
[2025-12-04T19:55:12.416+0500] {logging_mixin.py:188} INFO - [2025-12-04T19:55:12.415+0500] {dagbag.py:545} INFO - Filling up the DagBag from /Library/Frameworks/Python.framework/Versions/3.11/lib/python3.11/site-packages/airflow/example_dags/plugins/event_listener.py
[2025-12-04T19:55:12.417+0500] {processor.py:842} WARNING - No viable dags retrieved from /Library/Frameworks/Python.framework/Versions/3.11/lib/python3.11/site-packages/airflow/example_dags/plugins/event_listener.py
[2025-12-04T19:55:12.502+0500] {processor.py:183} INFO - Processing /Library/Frameworks/Python.framework/Versions/3.11/lib/python3.11/site-packages/airflow/example_dags/plugins/event_listener.py took 0.093 seconds
[2025-12-04T19:57:06.092+0500] {processor.py:161} INFO - Started process (PID=15472) to work on /Library/Frameworks/Python.framework/Versions/3.11/lib/python3.11/site-packages/airflow/example_dags/plugins/event_listener.py
[2025-12-04T19:57:06.094+0500] {processor.py:830} INFO - Processing file /Library/Frameworks/Python.framework/Versions/3.11/lib/python3.11/site-packages/airflow/example_dags/plugins/event_listener.py for tasks to queue
[2025-12-04T19:57:06.095+0500] {logging_mixin.py:188} INFO - [2025-12-04T19:57:06.095+0500] {dagbag.py:545} INFO - Filling up the DagBag from /Library/Frameworks/Python.framework/Versions/3.11/lib/python3.11/site-packages/airflow/example_dags/plugins/event_listener.py
[2025-12-04T19:57:06.096+0500] {processor.py:842} WARNING - No viable dags retrieved from /Library/Frameworks/Python.framework/Versions/3.11/lib/python3.11/site-packages/airflow/example_dags/plugins/event_listener.py
[2025-12-04T19:57:06.188+0500] {processor.py:183} INFO - Processing /Library/Frameworks/Python.framework/Versions/3.11/lib/python3.11/site-packages/airflow/example_dags/plugins/event_listener.py took 0.100 seconds
[2025-12-04T20:40:45.294+0500] {processor.py:161} INFO - Started process (PID=15567) to work on /Library/Frameworks/Python.framework/Versions/3.11/lib/python3.11/site-packages/airflow/example_dags/plugins/event_listener.py
[2025-12-04T20:40:45.296+0500] {processor.py:830} INFO - Processing file /Library/Frameworks/Python.framework/Versions/3.11/lib/python3.11/site-packages/airflow/example_dags/plugins/event_listener.py for tasks to queue
[2025-12-04T20:40:45.297+0500] {logging_mixin.py:188} INFO - [2025-12-04T20:40:45.297+0500] {dagbag.py:545} INFO - Filling up the DagBag from /Library/Frameworks/Python.framework/Versions/3.11/lib/python3.11/site-packages/airflow/example_dags/plugins/event_listener.py
[2025-12-04T20:40:45.298+0500] {processor.py:842} WARNING - No viable dags retrieved from /Library/Frameworks/Python.framework/Versions/3.11/lib/python3.11/site-packages/airflow/example_dags/plugins/event_listener.py
[2025-12-04T20:40:45.435+0500] {processor.py:183} INFO - Processing /Library/Frameworks/Python.framework/Versions/3.11/lib/python3.11/site-packages/airflow/example_dags/plugins/event_listener.py took 0.145 seconds
[2025-12-04T20:43:55.215+0500] {processor.py:161} INFO - Started process (PID=15740) to work on /Library/Frameworks/Python.framework/Versions/3.11/lib/python3.11/site-packages/airflow/example_dags/plugins/event_listener.py
[2025-12-04T20:43:55.218+0500] {processor.py:830} INFO - Processing file /Library/Frameworks/Python.framework/Versions/3.11/lib/python3.11/site-packages/airflow/example_dags/plugins/event_listener.py for tasks to queue
[2025-12-04T20:43:55.220+0500] {logging_mixin.py:188} INFO - [2025-12-04T20:43:55.219+0500] {dagbag.py:545} INFO - Filling up the DagBag from /Library/Frameworks/Python.framework/Versions/3.11/lib/python3.11/site-packages/airflow/example_dags/plugins/event_listener.py
[2025-12-04T20:43:55.221+0500] {processor.py:842} WARNING - No viable dags retrieved from /Library/Frameworks/Python.framework/Versions/3.11/lib/python3.11/site-packages/airflow/example_dags/plugins/event_listener.py
[2025-12-04T20:43:55.372+0500] {processor.py:183} INFO - Processing /Library/Frameworks/Python.framework/Versions/3.11/lib/python3.11/site-packages/airflow/example_dags/plugins/event_listener.py took 0.162 seconds
[2025-12-04T20:46:32.016+0500] {processor.py:161} INFO - Started process (PID=15829) to work on /Library/Frameworks/Python.framework/Versions/3.11/lib/python3.11/site-packages/airflow/example_dags/plugins/event_listener.py
[2025-12-04T20:46:32.018+0500] {processor.py:830} INFO - Processing file /Library/Frameworks/Python.framework/Versions/3.11/lib/python3.11/site-packages/airflow/example_dags/plugins/event_listener.py for tasks to queue
[2025-12-04T20:46:32.020+0500] {logging_mixin.py:188} INFO - [2025-12-04T20:46:32.019+0500] {dagbag.py:545} INFO - Filling up the DagBag from /Library/Frameworks/Python.framework/Versions/3.11/lib/python3.11/site-packages/airflow/example_dags/plugins/event_listener.py
[2025-12-04T20:46:32.021+0500] {processor.py:842} WARNING - No viable dags retrieved from /Library/Frameworks/Python.framework/Versions/3.11/lib/python3.11/site-packages/airflow/example_dags/plugins/event_listener.py
[2025-12-04T20:46:32.117+0500] {processor.py:183} INFO - Processing /Library/Frameworks/Python.framework/Versions/3.11/lib/python3.11/site-packages/airflow/example_dags/plugins/event_listener.py took 0.105 seconds
[2025-12-04T20:48:41.619+0500] {processor.py:161} INFO - Started process (PID=15897) to work on /Library/Frameworks/Python.framework/Versions/3.11/lib/python3.11/site-packages/airflow/example_dags/plugins/event_listener.py
[2025-12-04T20:48:41.620+0500] {processor.py:830} INFO - Processing file /Library/Frameworks/Python.framework/Versions/3.11/lib/python3.11/site-packages/airflow/example_dags/plugins/event_listener.py for tasks to queue
[2025-12-04T20:48:41.621+0500] {logging_mixin.py:188} INFO - [2025-12-04T20:48:41.620+0500] {dagbag.py:545} INFO - Filling up the DagBag from /Library/Frameworks/Python.framework/Versions/3.11/lib/python3.11/site-packages/airflow/example_dags/plugins/event_listener.py
[2025-12-04T20:48:41.623+0500] {processor.py:842} WARNING - No viable dags retrieved from /Library/Frameworks/Python.framework/Versions/3.11/lib/python3.11/site-packages/airflow/example_dags/plugins/event_listener.py
[2025-12-04T20:48:41.722+0500] {processor.py:183} INFO - Processing /Library/Frameworks/Python.framework/Versions/3.11/lib/python3.11/site-packages/airflow/example_dags/plugins/event_listener.py took 0.106 seconds
