[2025-12-04T18:17:59.823+0500] {processor.py:161} INFO - Started process (PID=11669) to work on /Library/Frameworks/Python.framework/Versions/3.11/lib/python3.11/site-packages/airflow/example_dags/plugins/workday.py
[2025-12-04T18:17:59.824+0500] {processor.py:830} INFO - Processing file /Library/Frameworks/Python.framework/Versions/3.11/lib/python3.11/site-packages/airflow/example_dags/plugins/workday.py for tasks to queue
[2025-12-04T18:17:59.825+0500] {logging_mixin.py:188} INFO - [2025-12-04T18:17:59.824+0500] {dagbag.py:545} INFO - Filling up the DagBag from /Library/Frameworks/Python.framework/Versions/3.11/lib/python3.11/site-packages/airflow/example_dags/plugins/workday.py
[2025-12-04T18:17:59.826+0500] {logging_mixin.py:188} INFO - [2025-12-04T18:17:59.826+0500] {workday.py:41} WARNING - Could not import pandas. Holidays will not be considered.
[2025-12-04T18:17:59.826+0500] {processor.py:842} WARNING - No viable dags retrieved from /Library/Frameworks/Python.framework/Versions/3.11/lib/python3.11/site-packages/airflow/example_dags/plugins/workday.py
[2025-12-04T18:17:59.922+0500] {processor.py:183} INFO - Processing /Library/Frameworks/Python.framework/Versions/3.11/lib/python3.11/site-packages/airflow/example_dags/plugins/workday.py took 0.103 seconds
[2025-12-04T18:20:54.250+0500] {processor.py:161} INFO - Started process (PID=11761) to work on /Library/Frameworks/Python.framework/Versions/3.11/lib/python3.11/site-packages/airflow/example_dags/plugins/workday.py
[2025-12-04T18:20:54.252+0500] {processor.py:830} INFO - Processing file /Library/Frameworks/Python.framework/Versions/3.11/lib/python3.11/site-packages/airflow/example_dags/plugins/workday.py for tasks to queue
[2025-12-04T18:20:54.254+0500] {logging_mixin.py:188} INFO - [2025-12-04T18:20:54.254+0500] {dagbag.py:545} INFO - Filling up the DagBag from /Library/Frameworks/Python.framework/Versions/3.11/lib/python3.11/site-packages/airflow/example_dags/plugins/workday.py
[2025-12-04T18:20:54.257+0500] {logging_mixin.py:188} INFO - [2025-12-04T18:20:54.257+0500] {workday.py:41} WARNING - Could not import pandas. Holidays will not be considered.
[2025-12-04T18:20:54.257+0500] {processor.py:842} WARNING - No viable dags retrieved from /Library/Frameworks/Python.framework/Versions/3.11/lib/python3.11/site-packages/airflow/example_dags/plugins/workday.py
[2025-12-04T18:20:54.380+0500] {processor.py:183} INFO - Processing /Library/Frameworks/Python.framework/Versions/3.11/lib/python3.11/site-packages/airflow/example_dags/plugins/workday.py took 0.134 seconds
[2025-12-04T18:22:59.540+0500] {processor.py:161} INFO - Started process (PID=11850) to work on /Library/Frameworks/Python.framework/Versions/3.11/lib/python3.11/site-packages/airflow/example_dags/plugins/workday.py
[2025-12-04T18:22:59.542+0500] {processor.py:830} INFO - Processing file /Library/Frameworks/Python.framework/Versions/3.11/lib/python3.11/site-packages/airflow/example_dags/plugins/workday.py for tasks to queue
[2025-12-04T18:22:59.543+0500] {logging_mixin.py:188} INFO - [2025-12-04T18:22:59.543+0500] {dagbag.py:545} INFO - Filling up the DagBag from /Library/Frameworks/Python.framework/Versions/3.11/lib/python3.11/site-packages/airflow/example_dags/plugins/workday.py
[2025-12-04T18:22:59.544+0500] {logging_mixin.py:188} INFO - [2025-12-04T18:22:59.544+0500] {workday.py:41} WARNING - Could not import pandas. Holidays will not be considered.
[2025-12-04T18:22:59.545+0500] {processor.py:842} WARNING - No viable dags retrieved from /Library/Frameworks/Python.framework/Versions/3.11/lib/python3.11/site-packages/airflow/example_dags/plugins/workday.py
[2025-12-04T18:22:59.626+0500] {processor.py:183} INFO - Processing /Library/Frameworks/Python.framework/Versions/3.11/lib/python3.11/site-packages/airflow/example_dags/plugins/workday.py took 0.089 seconds
[2025-12-04T18:24:57.184+0500] {processor.py:161} INFO - Started process (PID=11915) to work on /Library/Frameworks/Python.framework/Versions/3.11/lib/python3.11/site-packages/airflow/example_dags/plugins/workday.py
[2025-12-04T18:24:57.186+0500] {processor.py:830} INFO - Processing file /Library/Frameworks/Python.framework/Versions/3.11/lib/python3.11/site-packages/airflow/example_dags/plugins/workday.py for tasks to queue
[2025-12-04T18:24:57.188+0500] {logging_mixin.py:188} INFO - [2025-12-04T18:24:57.187+0500] {dagbag.py:545} INFO - Filling up the DagBag from /Library/Frameworks/Python.framework/Versions/3.11/lib/python3.11/site-packages/airflow/example_dags/plugins/workday.py
[2025-12-04T18:24:57.191+0500] {logging_mixin.py:188} INFO - [2025-12-04T18:24:57.190+0500] {workday.py:41} WARNING - Could not import pandas. Holidays will not be considered.
[2025-12-04T18:24:57.191+0500] {processor.py:842} WARNING - No viable dags retrieved from /Library/Frameworks/Python.framework/Versions/3.11/lib/python3.11/site-packages/airflow/example_dags/plugins/workday.py
[2025-12-04T18:24:57.277+0500] {processor.py:183} INFO - Processing /Library/Frameworks/Python.framework/Versions/3.11/lib/python3.11/site-packages/airflow/example_dags/plugins/workday.py took 0.095 seconds
[2025-12-04T18:27:09.903+0500] {processor.py:161} INFO - Started process (PID=12045) to work on /Library/Frameworks/Python.framework/Versions/3.11/lib/python3.11/site-packages/airflow/example_dags/plugins/workday.py
[2025-12-04T18:27:09.906+0500] {processor.py:830} INFO - Processing file /Library/Frameworks/Python.framework/Versions/3.11/lib/python3.11/site-packages/airflow/example_dags/plugins/workday.py for tasks to queue
[2025-12-04T18:27:09.907+0500] {logging_mixin.py:188} INFO - [2025-12-04T18:27:09.906+0500] {dagbag.py:545} INFO - Filling up the DagBag from /Library/Frameworks/Python.framework/Versions/3.11/lib/python3.11/site-packages/airflow/example_dags/plugins/workday.py
[2025-12-04T18:27:09.909+0500] {logging_mixin.py:188} INFO - [2025-12-04T18:27:09.909+0500] {workday.py:41} WARNING - Could not import pandas. Holidays will not be considered.
[2025-12-04T18:27:09.910+0500] {processor.py:842} WARNING - No viable dags retrieved from /Library/Frameworks/Python.framework/Versions/3.11/lib/python3.11/site-packages/airflow/example_dags/plugins/workday.py
[2025-12-04T18:27:10.017+0500] {processor.py:183} INFO - Processing /Library/Frameworks/Python.framework/Versions/3.11/lib/python3.11/site-packages/airflow/example_dags/plugins/workday.py took 0.120 seconds
[2025-12-04T18:29:37.501+0500] {processor.py:161} INFO - Started process (PID=12163) to work on /Library/Frameworks/Python.framework/Versions/3.11/lib/python3.11/site-packages/airflow/example_dags/plugins/workday.py
[2025-12-04T18:29:37.503+0500] {processor.py:830} INFO - Processing file /Library/Frameworks/Python.framework/Versions/3.11/lib/python3.11/site-packages/airflow/example_dags/plugins/workday.py for tasks to queue
[2025-12-04T18:29:37.504+0500] {logging_mixin.py:188} INFO - [2025-12-04T18:29:37.503+0500] {dagbag.py:545} INFO - Filling up the DagBag from /Library/Frameworks/Python.framework/Versions/3.11/lib/python3.11/site-packages/airflow/example_dags/plugins/workday.py
[2025-12-04T18:29:37.507+0500] {logging_mixin.py:188} INFO - [2025-12-04T18:29:37.506+0500] {workday.py:41} WARNING - Could not import pandas. Holidays will not be considered.
[2025-12-04T18:29:37.507+0500] {processor.py:842} WARNING - No viable dags retrieved from /Library/Frameworks/Python.framework/Versions/3.11/lib/python3.11/site-packages/airflow/example_dags/plugins/workday.py
[2025-12-04T18:29:37.612+0500] {processor.py:183} INFO - Processing /Library/Frameworks/Python.framework/Versions/3.11/lib/python3.11/site-packages/airflow/example_dags/plugins/workday.py took 0.114 seconds
[2025-12-04T18:32:03.183+0500] {processor.py:161} INFO - Started process (PID=12247) to work on /Library/Frameworks/Python.framework/Versions/3.11/lib/python3.11/site-packages/airflow/example_dags/plugins/workday.py
[2025-12-04T18:32:03.187+0500] {processor.py:830} INFO - Processing file /Library/Frameworks/Python.framework/Versions/3.11/lib/python3.11/site-packages/airflow/example_dags/plugins/workday.py for tasks to queue
[2025-12-04T18:32:03.188+0500] {logging_mixin.py:188} INFO - [2025-12-04T18:32:03.188+0500] {dagbag.py:545} INFO - Filling up the DagBag from /Library/Frameworks/Python.framework/Versions/3.11/lib/python3.11/site-packages/airflow/example_dags/plugins/workday.py
[2025-12-04T18:32:03.191+0500] {logging_mixin.py:188} INFO - [2025-12-04T18:32:03.191+0500] {workday.py:41} WARNING - Could not import pandas. Holidays will not be considered.
[2025-12-04T18:32:03.197+0500] {processor.py:842} WARNING - No viable dags retrieved from /Library/Frameworks/Python.framework/Versions/3.11/lib/python3.11/site-packages/airflow/example_dags/plugins/workday.py
[2025-12-04T18:32:03.356+0500] {processor.py:183} INFO - Processing /Library/Frameworks/Python.framework/Versions/3.11/lib/python3.11/site-packages/airflow/example_dags/plugins/workday.py took 0.182 seconds
[2025-12-04T18:34:28.783+0500] {processor.py:161} INFO - Started process (PID=12382) to work on /Library/Frameworks/Python.framework/Versions/3.11/lib/python3.11/site-packages/airflow/example_dags/plugins/workday.py
[2025-12-04T18:34:28.785+0500] {processor.py:830} INFO - Processing file /Library/Frameworks/Python.framework/Versions/3.11/lib/python3.11/site-packages/airflow/example_dags/plugins/workday.py for tasks to queue
[2025-12-04T18:34:28.789+0500] {logging_mixin.py:188} INFO - [2025-12-04T18:34:28.789+0500] {dagbag.py:545} INFO - Filling up the DagBag from /Library/Frameworks/Python.framework/Versions/3.11/lib/python3.11/site-packages/airflow/example_dags/plugins/workday.py
[2025-12-04T18:34:28.793+0500] {logging_mixin.py:188} INFO - [2025-12-04T18:34:28.792+0500] {workday.py:41} WARNING - Could not import pandas. Holidays will not be considered.
[2025-12-04T18:34:28.793+0500] {processor.py:842} WARNING - No viable dags retrieved from /Library/Frameworks/Python.framework/Versions/3.11/lib/python3.11/site-packages/airflow/example_dags/plugins/workday.py
[2025-12-04T18:34:28.890+0500] {processor.py:183} INFO - Processing /Library/Frameworks/Python.framework/Versions/3.11/lib/python3.11/site-packages/airflow/example_dags/plugins/workday.py took 0.114 seconds
[2025-12-04T18:36:29.585+0500] {processor.py:161} INFO - Started process (PID=12453) to work on /Library/Frameworks/Python.framework/Versions/3.11/lib/python3.11/site-packages/airflow/example_dags/plugins/workday.py
[2025-12-04T18:36:29.587+0500] {processor.py:830} INFO - Processing file /Library/Frameworks/Python.framework/Versions/3.11/lib/python3.11/site-packages/airflow/example_dags/plugins/workday.py for tasks to queue
[2025-12-04T18:36:29.588+0500] {logging_mixin.py:188} INFO - [2025-12-04T18:36:29.588+0500] {dagbag.py:545} INFO - Filling up the DagBag from /Library/Frameworks/Python.framework/Versions/3.11/lib/python3.11/site-packages/airflow/example_dags/plugins/workday.py
[2025-12-04T18:36:29.591+0500] {logging_mixin.py:188} INFO - [2025-12-04T18:36:29.591+0500] {workday.py:41} WARNING - Could not import pandas. Holidays will not be considered.
[2025-12-04T18:36:29.592+0500] {processor.py:842} WARNING - No viable dags retrieved from /Library/Frameworks/Python.framework/Versions/3.11/lib/python3.11/site-packages/airflow/example_dags/plugins/workday.py
[2025-12-04T18:36:29.674+0500] {processor.py:183} INFO - Processing /Library/Frameworks/Python.framework/Versions/3.11/lib/python3.11/site-packages/airflow/example_dags/plugins/workday.py took 0.092 seconds
[2025-12-04T18:38:21.786+0500] {processor.py:161} INFO - Started process (PID=12519) to work on /Library/Frameworks/Python.framework/Versions/3.11/lib/python3.11/site-packages/airflow/example_dags/plugins/workday.py
[2025-12-04T18:38:21.788+0500] {processor.py:830} INFO - Processing file /Library/Frameworks/Python.framework/Versions/3.11/lib/python3.11/site-packages/airflow/example_dags/plugins/workday.py for tasks to queue
[2025-12-04T18:38:21.789+0500] {logging_mixin.py:188} INFO - [2025-12-04T18:38:21.789+0500] {dagbag.py:545} INFO - Filling up the DagBag from /Library/Frameworks/Python.framework/Versions/3.11/lib/python3.11/site-packages/airflow/example_dags/plugins/workday.py
[2025-12-04T18:38:21.792+0500] {logging_mixin.py:188} INFO - [2025-12-04T18:38:21.792+0500] {workday.py:41} WARNING - Could not import pandas. Holidays will not be considered.
[2025-12-04T18:38:21.793+0500] {processor.py:842} WARNING - No viable dags retrieved from /Library/Frameworks/Python.framework/Versions/3.11/lib/python3.11/site-packages/airflow/example_dags/plugins/workday.py
[2025-12-04T18:38:21.876+0500] {processor.py:183} INFO - Processing /Library/Frameworks/Python.framework/Versions/3.11/lib/python3.11/site-packages/airflow/example_dags/plugins/workday.py took 0.094 seconds
[2025-12-04T18:40:17.399+0500] {processor.py:161} INFO - Started process (PID=12593) to work on /Library/Frameworks/Python.framework/Versions/3.11/lib/python3.11/site-packages/airflow/example_dags/plugins/workday.py
[2025-12-04T18:40:17.402+0500] {processor.py:830} INFO - Processing file /Library/Frameworks/Python.framework/Versions/3.11/lib/python3.11/site-packages/airflow/example_dags/plugins/workday.py for tasks to queue
[2025-12-04T18:40:17.403+0500] {logging_mixin.py:188} INFO - [2025-12-04T18:40:17.403+0500] {dagbag.py:545} INFO - Filling up the DagBag from /Library/Frameworks/Python.framework/Versions/3.11/lib/python3.11/site-packages/airflow/example_dags/plugins/workday.py
[2025-12-04T18:40:17.406+0500] {logging_mixin.py:188} INFO - [2025-12-04T18:40:17.405+0500] {workday.py:41} WARNING - Could not import pandas. Holidays will not be considered.
[2025-12-04T18:40:17.406+0500] {processor.py:842} WARNING - No viable dags retrieved from /Library/Frameworks/Python.framework/Versions/3.11/lib/python3.11/site-packages/airflow/example_dags/plugins/workday.py
[2025-12-04T18:40:17.515+0500] {processor.py:183} INFO - Processing /Library/Frameworks/Python.framework/Versions/3.11/lib/python3.11/site-packages/airflow/example_dags/plugins/workday.py took 0.119 seconds
[2025-12-04T18:42:27.754+0500] {processor.py:161} INFO - Started process (PID=12692) to work on /Library/Frameworks/Python.framework/Versions/3.11/lib/python3.11/site-packages/airflow/example_dags/plugins/workday.py
[2025-12-04T18:42:27.756+0500] {processor.py:830} INFO - Processing file /Library/Frameworks/Python.framework/Versions/3.11/lib/python3.11/site-packages/airflow/example_dags/plugins/workday.py for tasks to queue
[2025-12-04T18:42:27.757+0500] {logging_mixin.py:188} INFO - [2025-12-04T18:42:27.757+0500] {dagbag.py:545} INFO - Filling up the DagBag from /Library/Frameworks/Python.framework/Versions/3.11/lib/python3.11/site-packages/airflow/example_dags/plugins/workday.py
[2025-12-04T18:42:27.760+0500] {logging_mixin.py:188} INFO - [2025-12-04T18:42:27.759+0500] {workday.py:41} WARNING - Could not import pandas. Holidays will not be considered.
[2025-12-04T18:42:27.760+0500] {processor.py:842} WARNING - No viable dags retrieved from /Library/Frameworks/Python.framework/Versions/3.11/lib/python3.11/site-packages/airflow/example_dags/plugins/workday.py
[2025-12-04T18:42:27.894+0500] {processor.py:183} INFO - Processing /Library/Frameworks/Python.framework/Versions/3.11/lib/python3.11/site-packages/airflow/example_dags/plugins/workday.py took 0.144 seconds
[2025-12-04T18:44:42.894+0500] {processor.py:161} INFO - Started process (PID=12783) to work on /Library/Frameworks/Python.framework/Versions/3.11/lib/python3.11/site-packages/airflow/example_dags/plugins/workday.py
[2025-12-04T18:44:42.897+0500] {processor.py:830} INFO - Processing file /Library/Frameworks/Python.framework/Versions/3.11/lib/python3.11/site-packages/airflow/example_dags/plugins/workday.py for tasks to queue
[2025-12-04T18:44:42.898+0500] {logging_mixin.py:188} INFO - [2025-12-04T18:44:42.898+0500] {dagbag.py:545} INFO - Filling up the DagBag from /Library/Frameworks/Python.framework/Versions/3.11/lib/python3.11/site-packages/airflow/example_dags/plugins/workday.py
[2025-12-04T18:44:42.903+0500] {logging_mixin.py:188} INFO - [2025-12-04T18:44:42.902+0500] {workday.py:41} WARNING - Could not import pandas. Holidays will not be considered.
[2025-12-04T18:44:42.903+0500] {processor.py:842} WARNING - No viable dags retrieved from /Library/Frameworks/Python.framework/Versions/3.11/lib/python3.11/site-packages/airflow/example_dags/plugins/workday.py
[2025-12-04T18:44:42.989+0500] {processor.py:183} INFO - Processing /Library/Frameworks/Python.framework/Versions/3.11/lib/python3.11/site-packages/airflow/example_dags/plugins/workday.py took 0.097 seconds
[2025-12-04T18:46:40.149+0500] {processor.py:161} INFO - Started process (PID=12866) to work on /Library/Frameworks/Python.framework/Versions/3.11/lib/python3.11/site-packages/airflow/example_dags/plugins/workday.py
[2025-12-04T18:46:40.152+0500] {processor.py:830} INFO - Processing file /Library/Frameworks/Python.framework/Versions/3.11/lib/python3.11/site-packages/airflow/example_dags/plugins/workday.py for tasks to queue
[2025-12-04T18:46:40.153+0500] {logging_mixin.py:188} INFO - [2025-12-04T18:46:40.152+0500] {dagbag.py:545} INFO - Filling up the DagBag from /Library/Frameworks/Python.framework/Versions/3.11/lib/python3.11/site-packages/airflow/example_dags/plugins/workday.py
[2025-12-04T18:46:40.156+0500] {logging_mixin.py:188} INFO - [2025-12-04T18:46:40.156+0500] {workday.py:41} WARNING - Could not import pandas. Holidays will not be considered.
[2025-12-04T18:46:40.156+0500] {processor.py:842} WARNING - No viable dags retrieved from /Library/Frameworks/Python.framework/Versions/3.11/lib/python3.11/site-packages/airflow/example_dags/plugins/workday.py
[2025-12-04T18:46:40.240+0500] {processor.py:183} INFO - Processing /Library/Frameworks/Python.framework/Versions/3.11/lib/python3.11/site-packages/airflow/example_dags/plugins/workday.py took 0.093 seconds
[2025-12-04T18:48:45.704+0500] {processor.py:161} INFO - Started process (PID=12934) to work on /Library/Frameworks/Python.framework/Versions/3.11/lib/python3.11/site-packages/airflow/example_dags/plugins/workday.py
[2025-12-04T18:48:45.706+0500] {processor.py:830} INFO - Processing file /Library/Frameworks/Python.framework/Versions/3.11/lib/python3.11/site-packages/airflow/example_dags/plugins/workday.py for tasks to queue
[2025-12-04T18:48:45.707+0500] {logging_mixin.py:188} INFO - [2025-12-04T18:48:45.707+0500] {dagbag.py:545} INFO - Filling up the DagBag from /Library/Frameworks/Python.framework/Versions/3.11/lib/python3.11/site-packages/airflow/example_dags/plugins/workday.py
[2025-12-04T18:48:45.710+0500] {logging_mixin.py:188} INFO - [2025-12-04T18:48:45.710+0500] {workday.py:41} WARNING - Could not import pandas. Holidays will not be considered.
[2025-12-04T18:48:45.711+0500] {processor.py:842} WARNING - No viable dags retrieved from /Library/Frameworks/Python.framework/Versions/3.11/lib/python3.11/site-packages/airflow/example_dags/plugins/workday.py
[2025-12-04T18:48:45.810+0500] {processor.py:183} INFO - Processing /Library/Frameworks/Python.framework/Versions/3.11/lib/python3.11/site-packages/airflow/example_dags/plugins/workday.py took 0.111 seconds
[2025-12-04T18:51:01.574+0500] {processor.py:161} INFO - Started process (PID=13004) to work on /Library/Frameworks/Python.framework/Versions/3.11/lib/python3.11/site-packages/airflow/example_dags/plugins/workday.py
[2025-12-04T18:51:01.576+0500] {processor.py:830} INFO - Processing file /Library/Frameworks/Python.framework/Versions/3.11/lib/python3.11/site-packages/airflow/example_dags/plugins/workday.py for tasks to queue
[2025-12-04T18:51:01.577+0500] {logging_mixin.py:188} INFO - [2025-12-04T18:51:01.576+0500] {dagbag.py:545} INFO - Filling up the DagBag from /Library/Frameworks/Python.framework/Versions/3.11/lib/python3.11/site-packages/airflow/example_dags/plugins/workday.py
[2025-12-04T18:51:01.580+0500] {logging_mixin.py:188} INFO - [2025-12-04T18:51:01.580+0500] {workday.py:41} WARNING - Could not import pandas. Holidays will not be considered.
[2025-12-04T18:51:01.581+0500] {processor.py:842} WARNING - No viable dags retrieved from /Library/Frameworks/Python.framework/Versions/3.11/lib/python3.11/site-packages/airflow/example_dags/plugins/workday.py
[2025-12-04T18:51:01.667+0500] {processor.py:183} INFO - Processing /Library/Frameworks/Python.framework/Versions/3.11/lib/python3.11/site-packages/airflow/example_dags/plugins/workday.py took 0.096 seconds
[2025-12-04T18:53:21.732+0500] {processor.py:161} INFO - Started process (PID=13107) to work on /Library/Frameworks/Python.framework/Versions/3.11/lib/python3.11/site-packages/airflow/example_dags/plugins/workday.py
[2025-12-04T18:53:21.734+0500] {processor.py:830} INFO - Processing file /Library/Frameworks/Python.framework/Versions/3.11/lib/python3.11/site-packages/airflow/example_dags/plugins/workday.py for tasks to queue
[2025-12-04T18:53:21.735+0500] {logging_mixin.py:188} INFO - [2025-12-04T18:53:21.735+0500] {dagbag.py:545} INFO - Filling up the DagBag from /Library/Frameworks/Python.framework/Versions/3.11/lib/python3.11/site-packages/airflow/example_dags/plugins/workday.py
[2025-12-04T18:53:21.737+0500] {logging_mixin.py:188} INFO - [2025-12-04T18:53:21.737+0500] {workday.py:41} WARNING - Could not import pandas. Holidays will not be considered.
[2025-12-04T18:53:21.737+0500] {processor.py:842} WARNING - No viable dags retrieved from /Library/Frameworks/Python.framework/Versions/3.11/lib/python3.11/site-packages/airflow/example_dags/plugins/workday.py
[2025-12-04T18:53:21.820+0500] {processor.py:183} INFO - Processing /Library/Frameworks/Python.framework/Versions/3.11/lib/python3.11/site-packages/airflow/example_dags/plugins/workday.py took 0.090 seconds
[2025-12-04T18:55:33.275+0500] {processor.py:161} INFO - Started process (PID=13187) to work on /Library/Frameworks/Python.framework/Versions/3.11/lib/python3.11/site-packages/airflow/example_dags/plugins/workday.py
[2025-12-04T18:55:33.277+0500] {processor.py:830} INFO - Processing file /Library/Frameworks/Python.framework/Versions/3.11/lib/python3.11/site-packages/airflow/example_dags/plugins/workday.py for tasks to queue
[2025-12-04T18:55:33.278+0500] {logging_mixin.py:188} INFO - [2025-12-04T18:55:33.278+0500] {dagbag.py:545} INFO - Filling up the DagBag from /Library/Frameworks/Python.framework/Versions/3.11/lib/python3.11/site-packages/airflow/example_dags/plugins/workday.py
[2025-12-04T18:55:33.282+0500] {logging_mixin.py:188} INFO - [2025-12-04T18:55:33.281+0500] {workday.py:41} WARNING - Could not import pandas. Holidays will not be considered.
[2025-12-04T18:55:33.282+0500] {processor.py:842} WARNING - No viable dags retrieved from /Library/Frameworks/Python.framework/Versions/3.11/lib/python3.11/site-packages/airflow/example_dags/plugins/workday.py
[2025-12-04T18:55:33.463+0500] {processor.py:183} INFO - Processing /Library/Frameworks/Python.framework/Versions/3.11/lib/python3.11/site-packages/airflow/example_dags/plugins/workday.py took 0.195 seconds
[2025-12-04T19:32:34.885+0500] {processor.py:161} INFO - Started process (PID=14535) to work on /Library/Frameworks/Python.framework/Versions/3.11/lib/python3.11/site-packages/airflow/example_dags/plugins/workday.py
[2025-12-04T19:32:34.887+0500] {processor.py:830} INFO - Processing file /Library/Frameworks/Python.framework/Versions/3.11/lib/python3.11/site-packages/airflow/example_dags/plugins/workday.py for tasks to queue
[2025-12-04T19:32:34.888+0500] {logging_mixin.py:188} INFO - [2025-12-04T19:32:34.888+0500] {dagbag.py:545} INFO - Filling up the DagBag from /Library/Frameworks/Python.framework/Versions/3.11/lib/python3.11/site-packages/airflow/example_dags/plugins/workday.py
[2025-12-04T19:32:34.889+0500] {logging_mixin.py:188} INFO - [2025-12-04T19:32:34.889+0500] {workday.py:41} WARNING - Could not import pandas. Holidays will not be considered.
[2025-12-04T19:32:34.890+0500] {processor.py:842} WARNING - No viable dags retrieved from /Library/Frameworks/Python.framework/Versions/3.11/lib/python3.11/site-packages/airflow/example_dags/plugins/workday.py
[2025-12-04T19:32:34.978+0500] {processor.py:183} INFO - Processing /Library/Frameworks/Python.framework/Versions/3.11/lib/python3.11/site-packages/airflow/example_dags/plugins/workday.py took 0.096 seconds
[2025-12-04T19:35:31.918+0500] {processor.py:161} INFO - Started process (PID=14655) to work on /Library/Frameworks/Python.framework/Versions/3.11/lib/python3.11/site-packages/airflow/example_dags/plugins/workday.py
[2025-12-04T19:35:31.921+0500] {processor.py:830} INFO - Processing file /Library/Frameworks/Python.framework/Versions/3.11/lib/python3.11/site-packages/airflow/example_dags/plugins/workday.py for tasks to queue
[2025-12-04T19:35:31.922+0500] {logging_mixin.py:188} INFO - [2025-12-04T19:35:31.921+0500] {dagbag.py:545} INFO - Filling up the DagBag from /Library/Frameworks/Python.framework/Versions/3.11/lib/python3.11/site-packages/airflow/example_dags/plugins/workday.py
[2025-12-04T19:35:31.925+0500] {logging_mixin.py:188} INFO - [2025-12-04T19:35:31.924+0500] {workday.py:41} WARNING - Could not import pandas. Holidays will not be considered.
[2025-12-04T19:35:31.925+0500] {processor.py:842} WARNING - No viable dags retrieved from /Library/Frameworks/Python.framework/Versions/3.11/lib/python3.11/site-packages/airflow/example_dags/plugins/workday.py
[2025-12-04T19:35:32.013+0500] {processor.py:183} INFO - Processing /Library/Frameworks/Python.framework/Versions/3.11/lib/python3.11/site-packages/airflow/example_dags/plugins/workday.py took 0.097 seconds
[2025-12-04T19:37:58.458+0500] {processor.py:161} INFO - Started process (PID=14757) to work on /Library/Frameworks/Python.framework/Versions/3.11/lib/python3.11/site-packages/airflow/example_dags/plugins/workday.py
[2025-12-04T19:37:58.460+0500] {processor.py:830} INFO - Processing file /Library/Frameworks/Python.framework/Versions/3.11/lib/python3.11/site-packages/airflow/example_dags/plugins/workday.py for tasks to queue
[2025-12-04T19:37:58.461+0500] {logging_mixin.py:188} INFO - [2025-12-04T19:37:58.461+0500] {dagbag.py:545} INFO - Filling up the DagBag from /Library/Frameworks/Python.framework/Versions/3.11/lib/python3.11/site-packages/airflow/example_dags/plugins/workday.py
[2025-12-04T19:37:58.463+0500] {logging_mixin.py:188} INFO - [2025-12-04T19:37:58.462+0500] {workday.py:41} WARNING - Could not import pandas. Holidays will not be considered.
[2025-12-04T19:37:58.463+0500] {processor.py:842} WARNING - No viable dags retrieved from /Library/Frameworks/Python.framework/Versions/3.11/lib/python3.11/site-packages/airflow/example_dags/plugins/workday.py
[2025-12-04T19:37:58.549+0500] {processor.py:183} INFO - Processing /Library/Frameworks/Python.framework/Versions/3.11/lib/python3.11/site-packages/airflow/example_dags/plugins/workday.py took 0.094 seconds
[2025-12-04T19:40:00.441+0500] {processor.py:161} INFO - Started process (PID=14837) to work on /Library/Frameworks/Python.framework/Versions/3.11/lib/python3.11/site-packages/airflow/example_dags/plugins/workday.py
[2025-12-04T19:40:00.443+0500] {processor.py:830} INFO - Processing file /Library/Frameworks/Python.framework/Versions/3.11/lib/python3.11/site-packages/airflow/example_dags/plugins/workday.py for tasks to queue
[2025-12-04T19:40:00.444+0500] {logging_mixin.py:188} INFO - [2025-12-04T19:40:00.444+0500] {dagbag.py:545} INFO - Filling up the DagBag from /Library/Frameworks/Python.framework/Versions/3.11/lib/python3.11/site-packages/airflow/example_dags/plugins/workday.py
[2025-12-04T19:40:00.447+0500] {logging_mixin.py:188} INFO - [2025-12-04T19:40:00.447+0500] {workday.py:41} WARNING - Could not import pandas. Holidays will not be considered.
[2025-12-04T19:40:00.447+0500] {processor.py:842} WARNING - No viable dags retrieved from /Library/Frameworks/Python.framework/Versions/3.11/lib/python3.11/site-packages/airflow/example_dags/plugins/workday.py
[2025-12-04T19:40:00.533+0500] {processor.py:183} INFO - Processing /Library/Frameworks/Python.framework/Versions/3.11/lib/python3.11/site-packages/airflow/example_dags/plugins/workday.py took 0.095 seconds
[2025-12-04T19:42:17.393+0500] {processor.py:161} INFO - Started process (PID=14917) to work on /Library/Frameworks/Python.framework/Versions/3.11/lib/python3.11/site-packages/airflow/example_dags/plugins/workday.py
[2025-12-04T19:42:17.397+0500] {processor.py:830} INFO - Processing file /Library/Frameworks/Python.framework/Versions/3.11/lib/python3.11/site-packages/airflow/example_dags/plugins/workday.py for tasks to queue
[2025-12-04T19:42:17.398+0500] {logging_mixin.py:188} INFO - [2025-12-04T19:42:17.398+0500] {dagbag.py:545} INFO - Filling up the DagBag from /Library/Frameworks/Python.framework/Versions/3.11/lib/python3.11/site-packages/airflow/example_dags/plugins/workday.py
[2025-12-04T19:42:17.402+0500] {logging_mixin.py:188} INFO - [2025-12-04T19:42:17.401+0500] {workday.py:41} WARNING - Could not import pandas. Holidays will not be considered.
[2025-12-04T19:42:17.402+0500] {processor.py:842} WARNING - No viable dags retrieved from /Library/Frameworks/Python.framework/Versions/3.11/lib/python3.11/site-packages/airflow/example_dags/plugins/workday.py
[2025-12-04T19:42:17.501+0500] {processor.py:183} INFO - Processing /Library/Frameworks/Python.framework/Versions/3.11/lib/python3.11/site-packages/airflow/example_dags/plugins/workday.py took 0.113 seconds
[2025-12-04T19:44:34.939+0500] {processor.py:161} INFO - Started process (PID=14988) to work on /Library/Frameworks/Python.framework/Versions/3.11/lib/python3.11/site-packages/airflow/example_dags/plugins/workday.py
[2025-12-04T19:44:34.941+0500] {processor.py:830} INFO - Processing file /Library/Frameworks/Python.framework/Versions/3.11/lib/python3.11/site-packages/airflow/example_dags/plugins/workday.py for tasks to queue
[2025-12-04T19:44:34.942+0500] {logging_mixin.py:188} INFO - [2025-12-04T19:44:34.942+0500] {dagbag.py:545} INFO - Filling up the DagBag from /Library/Frameworks/Python.framework/Versions/3.11/lib/python3.11/site-packages/airflow/example_dags/plugins/workday.py
[2025-12-04T19:44:34.944+0500] {logging_mixin.py:188} INFO - [2025-12-04T19:44:34.943+0500] {workday.py:41} WARNING - Could not import pandas. Holidays will not be considered.
[2025-12-04T19:44:34.944+0500] {processor.py:842} WARNING - No viable dags retrieved from /Library/Frameworks/Python.framework/Versions/3.11/lib/python3.11/site-packages/airflow/example_dags/plugins/workday.py
[2025-12-04T19:44:35.042+0500] {processor.py:183} INFO - Processing /Library/Frameworks/Python.framework/Versions/3.11/lib/python3.11/site-packages/airflow/example_dags/plugins/workday.py took 0.107 seconds
[2025-12-04T19:47:00.975+0500] {processor.py:161} INFO - Started process (PID=15086) to work on /Library/Frameworks/Python.framework/Versions/3.11/lib/python3.11/site-packages/airflow/example_dags/plugins/workday.py
[2025-12-04T19:47:00.977+0500] {processor.py:830} INFO - Processing file /Library/Frameworks/Python.framework/Versions/3.11/lib/python3.11/site-packages/airflow/example_dags/plugins/workday.py for tasks to queue
[2025-12-04T19:47:00.978+0500] {logging_mixin.py:188} INFO - [2025-12-04T19:47:00.978+0500] {dagbag.py:545} INFO - Filling up the DagBag from /Library/Frameworks/Python.framework/Versions/3.11/lib/python3.11/site-packages/airflow/example_dags/plugins/workday.py
[2025-12-04T19:47:00.981+0500] {logging_mixin.py:188} INFO - [2025-12-04T19:47:00.981+0500] {workday.py:41} WARNING - Could not import pandas. Holidays will not be considered.
[2025-12-04T19:47:00.982+0500] {processor.py:842} WARNING - No viable dags retrieved from /Library/Frameworks/Python.framework/Versions/3.11/lib/python3.11/site-packages/airflow/example_dags/plugins/workday.py
[2025-12-04T19:47:01.064+0500] {processor.py:183} INFO - Processing /Library/Frameworks/Python.framework/Versions/3.11/lib/python3.11/site-packages/airflow/example_dags/plugins/workday.py took 0.092 seconds
[2025-12-04T19:49:16.069+0500] {processor.py:161} INFO - Started process (PID=15162) to work on /Library/Frameworks/Python.framework/Versions/3.11/lib/python3.11/site-packages/airflow/example_dags/plugins/workday.py
[2025-12-04T19:49:16.071+0500] {processor.py:830} INFO - Processing file /Library/Frameworks/Python.framework/Versions/3.11/lib/python3.11/site-packages/airflow/example_dags/plugins/workday.py for tasks to queue
[2025-12-04T19:49:16.072+0500] {logging_mixin.py:188} INFO - [2025-12-04T19:49:16.072+0500] {dagbag.py:545} INFO - Filling up the DagBag from /Library/Frameworks/Python.framework/Versions/3.11/lib/python3.11/site-packages/airflow/example_dags/plugins/workday.py
[2025-12-04T19:49:16.075+0500] {logging_mixin.py:188} INFO - [2025-12-04T19:49:16.074+0500] {workday.py:41} WARNING - Could not import pandas. Holidays will not be considered.
[2025-12-04T19:49:16.075+0500] {processor.py:842} WARNING - No viable dags retrieved from /Library/Frameworks/Python.framework/Versions/3.11/lib/python3.11/site-packages/airflow/example_dags/plugins/workday.py
[2025-12-04T19:49:16.160+0500] {processor.py:183} INFO - Processing /Library/Frameworks/Python.framework/Versions/3.11/lib/python3.11/site-packages/airflow/example_dags/plugins/workday.py took 0.094 seconds
[2025-12-04T19:51:12.849+0500] {processor.py:161} INFO - Started process (PID=15227) to work on /Library/Frameworks/Python.framework/Versions/3.11/lib/python3.11/site-packages/airflow/example_dags/plugins/workday.py
[2025-12-04T19:51:12.851+0500] {processor.py:830} INFO - Processing file /Library/Frameworks/Python.framework/Versions/3.11/lib/python3.11/site-packages/airflow/example_dags/plugins/workday.py for tasks to queue
[2025-12-04T19:51:12.852+0500] {logging_mixin.py:188} INFO - [2025-12-04T19:51:12.852+0500] {dagbag.py:545} INFO - Filling up the DagBag from /Library/Frameworks/Python.framework/Versions/3.11/lib/python3.11/site-packages/airflow/example_dags/plugins/workday.py
[2025-12-04T19:51:12.856+0500] {logging_mixin.py:188} INFO - [2025-12-04T19:51:12.855+0500] {workday.py:41} WARNING - Could not import pandas. Holidays will not be considered.
[2025-12-04T19:51:12.857+0500] {processor.py:842} WARNING - No viable dags retrieved from /Library/Frameworks/Python.framework/Versions/3.11/lib/python3.11/site-packages/airflow/example_dags/plugins/workday.py
[2025-12-04T19:51:12.967+0500] {processor.py:183} INFO - Processing /Library/Frameworks/Python.framework/Versions/3.11/lib/python3.11/site-packages/airflow/example_dags/plugins/workday.py took 0.121 seconds
[2025-12-04T19:53:14.088+0500] {processor.py:161} INFO - Started process (PID=15343) to work on /Library/Frameworks/Python.framework/Versions/3.11/lib/python3.11/site-packages/airflow/example_dags/plugins/workday.py
[2025-12-04T19:53:14.090+0500] {processor.py:830} INFO - Processing file /Library/Frameworks/Python.framework/Versions/3.11/lib/python3.11/site-packages/airflow/example_dags/plugins/workday.py for tasks to queue
[2025-12-04T19:53:14.091+0500] {logging_mixin.py:188} INFO - [2025-12-04T19:53:14.090+0500] {dagbag.py:545} INFO - Filling up the DagBag from /Library/Frameworks/Python.framework/Versions/3.11/lib/python3.11/site-packages/airflow/example_dags/plugins/workday.py
[2025-12-04T19:53:14.092+0500] {logging_mixin.py:188} INFO - [2025-12-04T19:53:14.092+0500] {workday.py:41} WARNING - Could not import pandas. Holidays will not be considered.
[2025-12-04T19:53:14.092+0500] {processor.py:842} WARNING - No viable dags retrieved from /Library/Frameworks/Python.framework/Versions/3.11/lib/python3.11/site-packages/airflow/example_dags/plugins/workday.py
[2025-12-04T19:53:14.175+0500] {processor.py:183} INFO - Processing /Library/Frameworks/Python.framework/Versions/3.11/lib/python3.11/site-packages/airflow/example_dags/plugins/workday.py took 0.090 seconds
[2025-12-04T19:55:06.601+0500] {processor.py:161} INFO - Started process (PID=15406) to work on /Library/Frameworks/Python.framework/Versions/3.11/lib/python3.11/site-packages/airflow/example_dags/plugins/workday.py
[2025-12-04T19:55:06.604+0500] {processor.py:830} INFO - Processing file /Library/Frameworks/Python.framework/Versions/3.11/lib/python3.11/site-packages/airflow/example_dags/plugins/workday.py for tasks to queue
[2025-12-04T19:55:06.605+0500] {logging_mixin.py:188} INFO - [2025-12-04T19:55:06.605+0500] {dagbag.py:545} INFO - Filling up the DagBag from /Library/Frameworks/Python.framework/Versions/3.11/lib/python3.11/site-packages/airflow/example_dags/plugins/workday.py
[2025-12-04T19:55:06.607+0500] {logging_mixin.py:188} INFO - [2025-12-04T19:55:06.606+0500] {workday.py:41} WARNING - Could not import pandas. Holidays will not be considered.
[2025-12-04T19:55:06.607+0500] {processor.py:842} WARNING - No viable dags retrieved from /Library/Frameworks/Python.framework/Versions/3.11/lib/python3.11/site-packages/airflow/example_dags/plugins/workday.py
[2025-12-04T19:55:06.692+0500] {processor.py:183} INFO - Processing /Library/Frameworks/Python.framework/Versions/3.11/lib/python3.11/site-packages/airflow/example_dags/plugins/workday.py took 0.094 seconds
[2025-12-04T19:57:00.418+0500] {processor.py:161} INFO - Started process (PID=15468) to work on /Library/Frameworks/Python.framework/Versions/3.11/lib/python3.11/site-packages/airflow/example_dags/plugins/workday.py
[2025-12-04T19:57:00.420+0500] {processor.py:830} INFO - Processing file /Library/Frameworks/Python.framework/Versions/3.11/lib/python3.11/site-packages/airflow/example_dags/plugins/workday.py for tasks to queue
[2025-12-04T19:57:00.421+0500] {logging_mixin.py:188} INFO - [2025-12-04T19:57:00.421+0500] {dagbag.py:545} INFO - Filling up the DagBag from /Library/Frameworks/Python.framework/Versions/3.11/lib/python3.11/site-packages/airflow/example_dags/plugins/workday.py
[2025-12-04T19:57:00.424+0500] {logging_mixin.py:188} INFO - [2025-12-04T19:57:00.424+0500] {workday.py:41} WARNING - Could not import pandas. Holidays will not be considered.
[2025-12-04T19:57:00.424+0500] {processor.py:842} WARNING - No viable dags retrieved from /Library/Frameworks/Python.framework/Versions/3.11/lib/python3.11/site-packages/airflow/example_dags/plugins/workday.py
[2025-12-04T19:57:00.508+0500] {processor.py:183} INFO - Processing /Library/Frameworks/Python.framework/Versions/3.11/lib/python3.11/site-packages/airflow/example_dags/plugins/workday.py took 0.093 seconds
[2025-12-04T20:40:37.919+0500] {processor.py:161} INFO - Started process (PID=15562) to work on /Library/Frameworks/Python.framework/Versions/3.11/lib/python3.11/site-packages/airflow/example_dags/plugins/workday.py
[2025-12-04T20:40:37.921+0500] {processor.py:830} INFO - Processing file /Library/Frameworks/Python.framework/Versions/3.11/lib/python3.11/site-packages/airflow/example_dags/plugins/workday.py for tasks to queue
[2025-12-04T20:40:37.922+0500] {logging_mixin.py:188} INFO - [2025-12-04T20:40:37.922+0500] {dagbag.py:545} INFO - Filling up the DagBag from /Library/Frameworks/Python.framework/Versions/3.11/lib/python3.11/site-packages/airflow/example_dags/plugins/workday.py
[2025-12-04T20:40:37.924+0500] {logging_mixin.py:188} INFO - [2025-12-04T20:40:37.924+0500] {workday.py:41} WARNING - Could not import pandas. Holidays will not be considered.
[2025-12-04T20:40:37.924+0500] {processor.py:842} WARNING - No viable dags retrieved from /Library/Frameworks/Python.framework/Versions/3.11/lib/python3.11/site-packages/airflow/example_dags/plugins/workday.py
[2025-12-04T20:40:38.030+0500] {processor.py:183} INFO - Processing /Library/Frameworks/Python.framework/Versions/3.11/lib/python3.11/site-packages/airflow/example_dags/plugins/workday.py took 0.115 seconds
[2025-12-04T20:43:44.915+0500] {processor.py:161} INFO - Started process (PID=15730) to work on /Library/Frameworks/Python.framework/Versions/3.11/lib/python3.11/site-packages/airflow/example_dags/plugins/workday.py
[2025-12-04T20:43:44.918+0500] {processor.py:830} INFO - Processing file /Library/Frameworks/Python.framework/Versions/3.11/lib/python3.11/site-packages/airflow/example_dags/plugins/workday.py for tasks to queue
[2025-12-04T20:43:44.919+0500] {logging_mixin.py:188} INFO - [2025-12-04T20:43:44.919+0500] {dagbag.py:545} INFO - Filling up the DagBag from /Library/Frameworks/Python.framework/Versions/3.11/lib/python3.11/site-packages/airflow/example_dags/plugins/workday.py
[2025-12-04T20:43:44.922+0500] {logging_mixin.py:188} INFO - [2025-12-04T20:43:44.922+0500] {workday.py:41} WARNING - Could not import pandas. Holidays will not be considered.
[2025-12-04T20:43:44.922+0500] {processor.py:842} WARNING - No viable dags retrieved from /Library/Frameworks/Python.framework/Versions/3.11/lib/python3.11/site-packages/airflow/example_dags/plugins/workday.py
[2025-12-04T20:43:45.475+0500] {processor.py:183} INFO - Processing /Library/Frameworks/Python.framework/Versions/3.11/lib/python3.11/site-packages/airflow/example_dags/plugins/workday.py took 0.565 seconds
[2025-12-04T20:46:25.455+0500] {processor.py:161} INFO - Started process (PID=15825) to work on /Library/Frameworks/Python.framework/Versions/3.11/lib/python3.11/site-packages/airflow/example_dags/plugins/workday.py
[2025-12-04T20:46:25.458+0500] {processor.py:830} INFO - Processing file /Library/Frameworks/Python.framework/Versions/3.11/lib/python3.11/site-packages/airflow/example_dags/plugins/workday.py for tasks to queue
[2025-12-04T20:46:25.459+0500] {logging_mixin.py:188} INFO - [2025-12-04T20:46:25.458+0500] {dagbag.py:545} INFO - Filling up the DagBag from /Library/Frameworks/Python.framework/Versions/3.11/lib/python3.11/site-packages/airflow/example_dags/plugins/workday.py
[2025-12-04T20:46:25.460+0500] {logging_mixin.py:188} INFO - [2025-12-04T20:46:25.460+0500] {workday.py:41} WARNING - Could not import pandas. Holidays will not be considered.
[2025-12-04T20:46:25.460+0500] {processor.py:842} WARNING - No viable dags retrieved from /Library/Frameworks/Python.framework/Versions/3.11/lib/python3.11/site-packages/airflow/example_dags/plugins/workday.py
[2025-12-04T20:46:25.546+0500] {processor.py:183} INFO - Processing /Library/Frameworks/Python.framework/Versions/3.11/lib/python3.11/site-packages/airflow/example_dags/plugins/workday.py took 0.093 seconds
[2025-12-04T20:48:36.644+0500] {processor.py:161} INFO - Started process (PID=15894) to work on /Library/Frameworks/Python.framework/Versions/3.11/lib/python3.11/site-packages/airflow/example_dags/plugins/workday.py
[2025-12-04T20:48:36.645+0500] {processor.py:830} INFO - Processing file /Library/Frameworks/Python.framework/Versions/3.11/lib/python3.11/site-packages/airflow/example_dags/plugins/workday.py for tasks to queue
[2025-12-04T20:48:36.646+0500] {logging_mixin.py:188} INFO - [2025-12-04T20:48:36.646+0500] {dagbag.py:545} INFO - Filling up the DagBag from /Library/Frameworks/Python.framework/Versions/3.11/lib/python3.11/site-packages/airflow/example_dags/plugins/workday.py
[2025-12-04T20:48:36.649+0500] {logging_mixin.py:188} INFO - [2025-12-04T20:48:36.648+0500] {workday.py:41} WARNING - Could not import pandas. Holidays will not be considered.
[2025-12-04T20:48:36.649+0500] {processor.py:842} WARNING - No viable dags retrieved from /Library/Frameworks/Python.framework/Versions/3.11/lib/python3.11/site-packages/airflow/example_dags/plugins/workday.py
[2025-12-04T20:48:36.734+0500] {processor.py:183} INFO - Processing /Library/Frameworks/Python.framework/Versions/3.11/lib/python3.11/site-packages/airflow/example_dags/plugins/workday.py took 0.092 seconds
